ID; Time; CPU %; MEM %; MEM KiB
1;21:31:11.898;20.0;23.767816;4788172
2;21:31:12.073;0.0;23.769206;4787980
3;21:31:12.244;2.9;23.771668;4788948
4;21:31:12.417;2.9;23.774488;4789264
5;21:31:12.588;0.0;23.774170;4789200
6;21:31:12.760;8.8;23.773614;4789088
7;21:31:12.934;3.0;23.773117;4789208
8;21:31:13.107;1.6;23.774388;4789472
9;21:31:13.278;1.5;23.778916;4790156
10;21:31:13.452;1.4;23.777109;4789792
11;21:31:13.629;1.5;23.776235;4789868
12;21:31:13.806;3.0;23.779789;4790332
13;21:31:13.984;2.9;23.782569;4791176
14;21:31:14.160;4.3;23.786521;4791468
15;21:31:14.339;1.4;23.779372;4790248
16;21:31:14.510;1.5;23.786481;4791680
17;21:31:14.685;2.8;23.789360;4792260
18;21:31:14.863;6.5;23.775321;4789432
19;21:31:15.035;1.6;23.777724;4789956
20;21:31:15.209;1.5;23.785984;4791580
21;21:31:15.385;14.3;23.791405;4792980
22;21:31:15.561;9.7;23.791346;4792652
23;21:31:15.739;17.8;23.800102;4794268
24;21:31:15.917;4.7;23.784694;4791320
25;21:31:16.090;3.2;23.786600;4791720
26;21:31:16.262;3.1;23.787414;4791868
27;21:31:16.439;2.9;23.789479;4792284
28;21:31:16.616;0.0;23.791544;4792700
29;21:31:16.795;1.5;23.788486;4792100
30;21:31:16.970;1.6;23.797005;4793356
31;21:31:17.144;6.1;23.780047;4790384
32;21:31:17.315;0.0;23.779869;4790348
33;21:31:17.487;1.5;23.782212;4790820
34;21:31:17.657;2.9;23.781318;4790640
35;21:31:17.828;1.6;23.794423;4793280
36;21:31:17.998;1.5;23.840391;4802100
37;21:31:18.169;0.0;23.871268;4808520
38;21:31:18.340;1.6;23.900953;4814740
39;21:31:18.510;0.0;23.934193;4821436
40;21:31:18.681;3.1;23.966261;4827896
41;21:31:18.852;4.7;24.005935;4835888
42;21:31:19.022;1.6;24.034488;4842136
43;21:31:19.192;0.0;24.086870;4852192
44;21:31:19.361;1.5;24.126821;4860240
45;21:31:19.531;0.0;24.159346;4866572
46;21:31:19.701;1.5;24.198284;4874636
47;21:31:19.871;1.5;24.199396;4874860
48;21:31:20.040;1.5;24.196895;4874892
49;21:31:20.210;0.0;24.198423;4874704
50;21:31:20.379;1.6;24.197510;4874480
51;21:31:20.550;1.3;24.198364;4874652
52;21:31:20.720;0.0;24.192903;4873872
53;21:31:20.890;1.6;24.198304;4874640
54;21:31:21.061;0.0;24.211072;4877212
55;21:31:21.231;0.0;24.271714;4889428
56;21:31:21.400;2.9;24.324691;4899880
57;21:31:21.570;1.5;24.567218;4949028
58;21:31:21.753;1.6;24.780814;4992236
59;21:31:21.929;0.0;24.783674;4992560
60;21:31:22.099;1.5;24.782542;4992332
61;21:31:22.269;0.0;24.823506;5000364
62;21:31:22.439;0.0;24.862643;5008760
63;21:31:22.609;1.5;24.862603;5008720
64;21:31:22.779;1.5;24.864489;5008620
65;21:31:22.950;1.5;24.865125;5009204
66;21:31:23.120;1.5;24.867686;5009484
67;21:31:23.290;0.0;24.868858;5009720
68;21:31:23.460;0.0;24.868818;5009712
69;21:31:23.631;1.5;24.867726;5009492
70;21:31:23.801;1.5;24.867309;5009408
71;21:31:23.970;0.0;24.867627;5009472
72;21:31:24.140;1.5;24.867547;5009236
73;21:31:24.309;0.0;24.864807;5008904
74;21:31:24.480;5.9;24.861987;5008336
75;21:31:24.651;1.5;24.864192;5009040
76;21:31:24.821;0.0;24.865443;5009300
77;21:31:24.992;4.5;24.865562;5009056
78;21:31:25.163;1.6;24.865601;5009064
79;21:31:25.334;1.4;24.865601;5009112
80;21:31:25.504;1.5;24.865443;5008812
81;21:31:25.675;1.3;24.864192;5009048
82;21:31:25.844;1.5;24.865582;5009060
83;21:31:26.015;1.6;24.865740;5009336
84;21:31:26.185;0.0;24.867269;5009400
85;21:31:26.355;0.0;24.865979;5009400
86;21:31:26.524;1.4;24.867230;5009392
87;21:31:26.696;1.5;24.868421;5010104
88;21:31:26.867;1.5;24.866674;5009352
89;21:31:27.038;0.0;24.865423;5009296
90;21:31:27.208;1.4;24.867647;5009476
91;21:31:27.382;1.5;24.867190;5009628
92;21:31:27.552;0.0;24.868858;5009720
93;21:31:27.722;1.6;24.867607;5009468
94;21:31:27.892;0.0;24.870228;5009996
95;21:31:28.062;0.0;25.001281;5038412
96;21:31:28.234;6.2;25.287532;5094304
97;21:31:28.406;1.5;25.289061;5094368
98;21:31:28.576;3.0;25.289319;5094420
99;21:31:28.747;0.0;25.289637;5094484
100;21:31:28.918;0.0;25.289875;5094532
101;21:31:29.087;1.6;25.288445;5094244
102;21:31:29.257;0.0;25.286579;5093868
103;21:31:29.428;1.6;25.286023;5093756
104;21:31:29.598;0.0;25.288128;5094180
105;21:31:29.770;0.0;25.290629;5094464
106;21:31:29.941;1.4;25.288445;5094244
107;21:31:30.111;0.0;25.289617;5094480
108;21:31:30.281;1.5;25.289339;5094204
109;21:31:30.451;0.0;25.289021;5094360
110;21:31:30.621;0.0;25.287929;5094408
111;21:31:30.790;0.0;25.289021;5094140
112;21:31:30.960;3.1;25.290232;5094604
113;21:31:31.132;3.0;25.289895;5094316
114;21:31:31.302;0.0;25.287552;5094064
115;21:31:31.472;4.3;25.286420;5093836
116;21:31:31.647;1.4;25.285487;5093680
117;21:31:31.824;3.4;25.287532;5094060
118;21:31:31.996;3.5;25.291722;5094904
119;21:31:32.174;3.3;25.287194;5093992
120;21:31:32.345;1.9;25.289100;5094376
121;21:31:32.516;1.6;25.292536;5095068
122;21:31:32.688;1.8;25.289875;5094532
123;21:31:32.860;0.0;25.289100;5094376
124;21:31:33.032;1.7;25.287711;5094096
125;21:31:33.203;3.6;25.291305;5094820
126;21:31:33.377;1.9;25.291602;5094880
127;21:31:33.549;0.0;25.291920;5094404
128;21:31:33.722;3.2;25.291285;5094816
129;21:31:33.893;1.8;25.293886;5095340
130;21:31:34.068;3.4;25.292774;5094896
131;21:31:34.241;1.7;25.292556;5095072
132;21:31:34.416;3.6;25.290629;5094684
133;21:31:34.587;0.0;25.288584;5094272
134;21:31:34.761;1.8;25.289458;5094508
135;21:31:34.934;3.6;25.288545;5094044
136;21:31:35.107;0.0;25.286440;5093840
137;21:31:35.278;1.8;25.289617;5094700
138;21:31:35.450;0.0;25.289895;5094304
139;21:31:35.623;0.0;25.287850;5093904
140;21:31:35.797;0.0;25.288624;5094280
141;21:31:35.971;1.8;25.290232;5094384
142;21:31:36.146;3.5;25.289875;5094532
143;21:31:36.318;3.4;25.290868;5094512
144;21:31:36.491;3.6;25.285626;5094096
145;21:31:36.664;1.6;25.288306;5094524
146;21:31:36.836;3.3;25.289498;5094456
147;21:31:37.006;1.6;25.287949;5094144
148;21:31:37.178;1.8;25.291146;5094788
149;21:31:37.352;3.5;25.289716;5094500
150;21:31:37.524;3.4;25.289041;5094364
151;21:31:37.697;1.7;25.284613;5093472
152;21:31:37.869;0.0;25.286023;5093756
153;21:31:38.043;1.8;25.285387;5093876
154;21:31:38.216;1.8;25.287274;5094120
155;21:31:38.388;1.8;25.285864;5093724
156;21:31:38.562;1.7;25.285506;5093652
157;21:31:38.734;3.2;25.286142;5094036
158;21:31:38.906;1.6;25.283322;5093552
159;21:31:39.078;0.0;25.285824;5093716
160;21:31:39.250;0.0;25.285804;5093712
161;21:31:39.421;1.6;25.286896;5093932
162;21:31:39.594;1.6;25.283898;5093592
163;21:31:39.765;0.0;25.283600;5093528
164;21:31:39.938;0.0;25.288545;5094264
165;21:31:40.111;3.4;25.289120;5094380
166;21:31:40.284;0.0;25.289458;5094448
167;21:31:40.455;1.6;25.289140;5094164
168;21:31:40.626;4.3;25.289081;5094372
169;21:31:40.800;1.6;25.289915;5094540
170;21:31:40.972;3.0;25.287830;5093900
171;21:31:41.146;3.2;25.288604;5094276
172;21:31:41.319;3.1;25.289041;5094364
173;21:31:41.490;1.5;25.289061;5094448
174;21:31:41.662;1.5;25.286698;5093892
175;21:31:41.835;0.0;25.290133;5094364
176;21:31:42.007;1.5;25.288862;5094108
177;21:31:42.180;1.5;25.290113;5094580
178;21:31:42.352;1.6;25.289140;5094160
179;21:31:42.524;4.1;25.288227;5094200
180;21:31:42.697;2.9;25.288108;5094176
181;21:31:42.869;0.0;25.287194;5093992
182;21:31:43.043;1.5;25.289319;5094420
183;21:31:43.215;1.5;25.286340;5093820
184;21:31:43.386;2.9;25.286023;5093756
185;21:31:43.559;4.3;25.289537;5094464
186;21:31:43.731;1.4;25.288922;5094340
187;21:31:43.903;10.6;25.281118;5093252
188;21:31:44.077;4.4;25.287790;5094332
189;21:31:44.251;2.9;25.288862;5094328
190;21:31:44.427;3.0;25.288386;5094232
191;21:31:44.597;3.0;25.287949;5093924
192;21:31:44.769;3.0;25.288267;5094208
193;21:31:44.940;2.9;25.288406;5094236
194;21:31:45.111;1.6;25.340688;5104544
195;21:31:45.280;1.4;25.443107;5127416
196;21:31:45.449;0.0;25.547890;5148304
197;21:31:45.619;0.0;25.670007;5171108
198;21:31:45.788;5.7;25.710892;5179344
199;21:31:45.958;3.0;25.786605;5194840
200;21:31:46.128;0.0;25.864124;5210212
201;21:31:46.298;0.0;25.953618;5228264
202;21:31:46.469;5.9;26.026987;5243020
203;21:31:46.640;2.9;26.117632;5263328
204;21:31:46.811;7.8;26.156849;5269180
205;21:31:46.981;3.0;26.176050;5272720
206;21:31:47.152;7.0;26.209429;5279772
207;21:31:47.323;6.9;26.238578;5287920
208;21:31:47.495;7.2;26.277596;5295688
209;21:31:47.667;5.9;26.321399;5302580
210;21:31:47.838;0.0;26.350608;5308128
211;21:31:48.008;3.0;26.422648;5322504
212;21:31:48.178;1.5;26.527311;5343856
213;21:31:48.348;1.6;26.619664;5362660
214;21:31:48.518;0.0;26.621530;5363300
215;21:31:48.689;2.8;26.624727;5363432
216;21:31:48.859;3.1;26.625958;5363460
217;21:31:49.030;3.1;26.624231;5363332
218;21:31:49.200;4.5;26.621113;5362704
219;21:31:49.371;1.5;26.897635;5418408
220;21:31:49.542;1.4;26.896543;5418188
221;21:31:49.713;0.0;26.897476;5418376
222;21:31:49.883;1.6;26.896225;5418384
223;21:31:50.053;1.4;26.897476;5418376
224;21:31:50.223;0.0;26.898727;5418408
225;21:31:50.393;1.5;26.898707;5418404
226;21:31:50.563;0.0;26.920132;5422720
227;21:31:50.733;0.0;26.920172;5422728
228;21:31:50.903;0.0;26.919000;5422492
229;21:31:51.073;1.6;26.917868;5422484
230;21:31:51.244;0.0;26.919298;5422772
231;21:31:51.414;1.5;26.917928;5422496
232;21:31:51.585;1.5;26.917769;5422244
233;21:31:51.756;1.3;26.916439;5421976
234;21:31:51.926;1.6;26.919894;5422660
235;21:31:52.098;0.0;26.919477;5422808
236;21:31:52.267;6.1;26.921065;5423380
237;21:31:52.438;1.5;26.920688;5423092
238;21:31:52.610;3.1;26.920211;5422872
239;21:31:52.781;1.5;26.922078;5423112
240;21:31:52.952;1.5;26.919953;5423228
241;21:31:53.124;1.6;26.920748;5423064
242;21:31:53.295;1.5;26.917412;5422636
243;21:31:53.466;1.5;26.918980;5422488
244;21:31:53.638;1.5;26.922892;5423496
245;21:31:53.808;1.5;26.924004;5423500
246;21:31:53.979;0.0;26.922634;5423224
247;21:31:54.150;1.6;26.922833;5423484
248;21:31:54.320;0.0;26.920827;5423080
249;21:31:54.490;0.0;26.918722;5422948
250;21:31:54.659;0.0;26.922912;5423280
251;21:31:54.831;0.0;26.920231;5423228
252;21:31:55.008;2.9;26.925394;5424000
253;21:31:55.179;0.0;26.924302;5423780
254;21:31:55.350;0.0;26.924580;5423836
255;21:31:55.521;0.0;26.925791;5424080
256;21:31:55.692;0.0;26.927578;5424440
257;21:31:55.862;0.0;26.926327;5424188
258;21:31:56.032;0.0;26.925235;5423968
259;21:31:56.202;0.0;26.925553;5424032
260;21:31:56.372;4.5;26.925672;5423836
261;21:31:56.545;1.4;26.923944;5423708
262;21:31:56.716;0.0;26.925037;5423928
263;21:31:56.888;3.0;26.926288;5424180
264;21:31:57.058;1.5;26.923944;5423708
265;21:31:57.232;6.2;26.925553;5424032
266;21:31:57.402;4.5;26.923607;5423640
267;21:31:57.572;0.0;26.923766;5423892
268;21:31:57.743;0.0;26.923488;5423396
269;21:31:57.913;0.0;26.922435;5423184
270;21:31:58.083;1.5;26.921542;5423224
271;21:31:58.253;1.5;26.922316;5423664
272;21:31:58.423;0.0;26.923686;5423656
273;21:31:58.592;1.5;26.922515;5423420
274;21:31:58.767;3.0;26.924898;5423900
275;21:31:58.937;1.5;26.923766;5423452
276;21:31:59.108;1.5;26.924858;5423964
277;21:31:59.280;5.8;26.920609;5423548
278;21:31:59.451;2.9;26.922515;5423644
279;21:31:59.626;1.5;26.925096;5423720
280;21:31:59.801;1.4;26.931569;5425244
281;21:31:59.979;3.0;26.926486;5424220
282;21:32:00.150;3.1;26.925672;5423616
283;21:32:00.325;4.4;26.927042;5424572
284;21:32:00.499;4.5;26.927340;5424392
285;21:32:00.674;4.5;26.924898;5423900
286;21:32:00.849;1.5;26.926526;5424228
287;21:32:01.024;2.9;26.929604;5424628
288;21:32:01.200;3.0;26.926049;5424136
289;21:32:01.373;2.8;26.926228;5423948
290;21:32:01.547;1.5;26.925811;5424084
291;21:32:01.720;0.0;26.926724;5424048
292;21:32:01.894;2.8;26.927400;5424640
293;21:32:02.068;2.9;26.928353;5424596
294;21:32:02.240;3.1;26.927697;5424464
295;21:32:02.414;2.9;26.926149;5424152
296;21:32:02.587;1.5;26.926268;5424176
297;21:32:02.762;4.5;26.925970;5424116
298;21:32:02.933;2.9;26.925652;5423984
299;21:32:03.106;6.9;26.925672;5424056
300;21:32:03.280;8.2;26.925871;5424096
301;21:32:03.453;6.8;26.925176;5423956
302;21:32:03.626;6.3;26.922793;5423712
303;21:32:03.799;6.8;26.924083;5423516
304;21:32:03.972;7.2;26.921224;5423160
305;21:32:04.147;7.4;26.925612;5424428
306;21:32:04.325;7.0;26.924381;5423796
307;21:32:04.501;6.8;26.926625;5424248
308;21:32:04.675;5.9;26.924500;5423820
309;21:32:04.848;8.3;26.924461;5423812
310;21:32:05.022;6.1;26.924580;5423616
311;21:32:05.195;14.1;26.925136;5423728
312;21:32:05.368;8.5;26.922177;5423352
313;21:32:05.543;8.8;26.921224;5423580
314;21:32:05.717;5.9;26.925890;5423660
315;21:32:05.890;9.1;26.932860;5425828
316;21:32:06.063;8.8;26.932483;5425428
317;21:32:06.236;6.0;26.944436;5427892
318;21:32:06.408;7.5;26.944714;5428144
319;21:32:06.582;7.6;26.955894;5430144
320;21:32:06.754;7.2;26.964849;5432176
321;21:32:06.930;4.5;26.967450;5432472
322;21:32:07.103;5.7;26.976306;5434256
323;21:32:07.278;1.5;26.977120;5434420
324;21:32:07.450;3.1;26.986929;5436396
325;21:32:07.623;3.1;26.987863;5436584
326;21:32:07.795;3.1;26.998506;5438508
327;21:32:07.968;3.1;26.997076;5438440
328;21:32:08.140;3.0;27.008593;5440760
329;21:32:08.311;3.4;27.008315;5440964
330;21:32:08.484;1.7;27.018521;5443092
331;21:32:08.656;1.8;27.017627;5442300
332;21:32:08.829;3.1;27.072888;5453712
333;21:32:08.999;4.5;27.087006;5458572
334;21:32:09.170;1.5;27.208508;5481032
335;21:32:09.428;1.5;27.299510;5501380
336;21:32:09.603;0.0;27.423732;5524632
337;21:32:09.773;4.7;27.496685;5539328
338;21:32:09.942;0.0;27.601229;5559924
339;21:32:10.112;0.0;27.712386;5582536
340;21:32:10.281;0.0;27.806128;5601392
341;21:32:10.454;0.0;27.877473;5617840
342;21:32:10.626;3.0;27.908310;5621784
343;21:32:10.796;0.0;27.907377;5621816
344;21:32:10.966;0.0;27.907357;5621592
345;21:32:11.136;0.0;27.904775;5621804
346;21:32:11.306;1.5;27.909898;5622324
347;21:32:11.476;0.0;27.918536;5624064
348;21:32:11.646;3.0;27.917444;5623844
349;21:32:11.816;0.0;27.920383;5624744
350;21:32:11.986;0.0;27.921078;5624576
351;21:32:12.156;2.9;27.932773;5626932
352;21:32:12.327;0.0;27.932038;5626848
353;21:32:12.498;0.0;27.950743;5631080
354;21:32:12.669;1.5;27.961366;5632960
355;21:32:12.840;2.9;27.970540;5634320
356;21:32:13.010;3.0;28.349263;5710832
357;21:32:13.180;0.0;28.350037;5710988
358;21:32:13.351;1.6;28.350931;5711168
359;21:32:13.520;1.6;28.350931;5711168
360;21:32:13.690;1.5;28.348290;5710912
361;21:32:13.860;1.6;28.349422;5710864
362;21:32:14.030;1.5;28.349501;5710880
363;21:32:14.200;1.5;28.348171;5710392
364;21:32:14.370;0.0;28.349620;5710684
365;21:32:14.540;6.3;28.350176;5711016
366;21:32:14.710;0.0;28.351546;5711292
367;21:32:14.880;1.5;28.352182;5711420
368;21:32:15.050;0.0;28.351884;5711360
369;21:32:15.220;1.5;28.353294;5711424
370;21:32:15.391;0.0;28.352678;5711748
371;21:32:15.561;1.5;28.350792;5711084
372;21:32:15.737;0.0;28.351129;5711208
373;21:32:15.907;1.5;28.351050;5711420
374;21:32:16.083;0.0;28.351209;5711484
375;21:32:16.259;3.0;28.350891;5711160
376;21:32:16.435;4.3;28.354684;5711924
377;21:32:16.612;1.5;28.354624;5711912
378;21:32:16.783;3.0;28.355716;5712132
379;21:32:16.953;1.5;28.355875;5711944
380;21:32:17.123;0.0;28.351725;5711328
381;21:32:17.293;2.9;28.352420;5711276
382;21:32:17.474;6.0;28.352420;5711248
383;21:32:17.648;0.0;28.351943;5711152
384;21:32:17.826;0.0;28.351725;5711108
385;21:32:17.998;0.0;28.349779;5710936
386;21:32:18.174;1.5;28.350871;5711660
387;21:32:18.351;4.8;28.353512;5711728
388;21:32:18.526;1.5;28.355518;5712092
389;21:32:18.697;3.3;28.356193;5712228
390;21:32:18.869;4.7;28.354247;5711836
391;21:32:19.040;2.9;28.360680;5713384
392;21:32:19.218;4.7;28.360521;5713100
393;21:32:19.389;3.0;28.362884;5713356
394;21:32:19.645;3.0;28.359985;5712772
395;21:32:19.823;4.8;28.361316;5713040
396;21:32:19.994;0.0;28.360382;5713072
397;21:32:20.164;3.0;28.368663;5714992
398;21:32:20.342;1.5;28.372654;5715812
399;21:32:20.514;3.2;28.359946;5712984
400;21:32:20.686;0.0;28.357702;5712532
401;21:32:20.859;2.9;28.363560;5713712
402;21:32:21.039;1.5;28.373845;5715784
403;21:32:21.217;1.5;28.359429;5712660
404;21:32:21.388;1.4;28.360680;5713132
405;21:32:21.561;4.5;28.359112;5712816
406;21:32:21.734;2.7;28.356610;5712092
407;21:32:21.907;2.7;28.366617;5714328
408;21:32:22.082;7.2;28.371879;5715168
409;21:32:22.255;0.0;28.369973;5715004
410;21:32:22.427;1.6;28.370708;5715084
411;21:32:22.598;1.6;28.368206;5714648
412;21:32:22.769;0.0;28.367114;5714428
413;21:32:22.939;0.0;28.375672;5715932
414;21:32:23.109;1.5;28.389155;5719136
415;21:32:23.279;3.2;28.402955;5721428
416;21:32:23.449;4.6;28.431111;5727564
417;21:32:23.619;3.0;28.463676;5733660
418;21:32:23.790;0.0;28.502892;5742040
419;21:32:23.959;0.0;28.544492;5750404
420;21:32:24.128;0.0;28.576083;5756524
421;21:32:24.298;0.0;28.624255;5766228
422;21:32:24.468;0.0;28.669488;5775120
423;21:32:24.638;1.5;28.708586;5783216
424;21:32:24.808;3.0;28.742401;5790028
425;21:32:24.978;1.4;28.742739;5789876
426;21:32:25.148;3.1;28.741329;5789812
427;21:32:25.317;0.0;28.741329;5789592
428;21:32:25.487;0.0;28.742262;5790000
429;21:32:25.657;0.0;28.743791;5790308
430;21:32:25.826;1.5;28.743633;5790056
431;21:32:25.996;1.5;28.740555;5789916
432;21:32:26.166;0.0;28.753998;5792144
433;21:32:26.336;0.0;28.814560;5804564
434;21:32:26.505;1.5;28.863824;5814536
435;21:32:26.675;1.6;29.098845;5862012
436;21:32:26.847;6.2;29.317604;5906152
437;21:32:27.019;0.0;29.321357;5906216
438;21:32:27.190;1.5;29.330273;5908452
439;21:32:27.362;0.0;29.361745;5914572
440;21:32:27.534;1.5;29.382356;5918944
441;21:32:27.703;3.3;29.417065;5925936
442;21:32:27.878;0.0;29.415973;5925716
443;21:32:28.050;1.5;29.416291;5925560
444;21:32:28.220;1.6;29.414722;5925464
445;21:32:28.390;0.0;29.415973;5925716
446;21:32:28.560;0.0;29.415973;5925496
447;21:32:28.730;0.0;29.415973;5925716
448;21:32:28.900;0.0;29.416986;5925968
449;21:32:29.070;1.6;29.416648;5925852
450;21:32:29.239;1.6;29.416648;5925852
451;21:32:29.409;0.0;29.416648;5925632
452;21:32:29.578;4.5;29.415616;5926148
453;21:32:29.749;1.5;29.418475;5926000
454;21:32:29.920;1.6;29.417720;5926336
455;21:32:30.090;1.5;29.416271;5925776
456;21:32:30.271;2.9;29.417284;5925980
457;21:32:30.453;4.3;29.417562;5926036
458;21:32:30.630;1.5;29.416053;5925732
459;21:32:30.801;1.5;29.416132;5925748
460;21:32:30.972;1.5;29.416013;5925724
461;21:32:31.142;0.0;29.416132;5925528
462;21:32:31.312;1.5;29.415973;5925496
463;21:32:31.482;3.1;29.413451;5925208
464;21:32:31.652;1.6;29.414980;5925808
465;21:32:31.827;0.0;29.420421;5926612
466;21:32:31.999;0.0;29.421712;5927100
467;21:32:32.169;1.5;29.421672;5926896
468;21:32:32.339;1.5;29.420898;5926708
469;21:32:32.517;1.5;29.423399;5927212
470;21:32:32.688;0.0;29.421632;5926856
471;21:32:32.857;1.5;29.421473;5926824
472;21:32:33.027;0.0;29.421473;5926604
473;21:32:33.196;0.0;29.421473;5926604
474;21:32:33.366;7.1;29.826288;6008620
475;21:32:33.540;0.0;29.826149;6008368
476;21:32:33.712;0.0;29.831410;6009404
477;21:32:33.882;1.5;29.830080;6009136
478;21:32:34.053;0.0;29.829882;6009096
479;21:32:34.223;1.5;29.828114;6008520
480;21:32:34.393;1.5;29.827955;6008488
481;21:32:34.563;1.5;29.826546;6008424
482;21:32:34.733;1.5;29.827876;6008692
483;21:32:34.903;1.5;29.830259;6008952
484;21:32:35.073;0.0;29.828194;6008756
485;21:32:35.243;1.6;29.829882;6009024
486;21:32:35.414;1.5;29.830318;6009208
487;21:32:35.584;1.5;29.830318;6009184
488;21:32:35.754;1.6;29.830477;6008996
489;21:32:35.925;1.5;29.829703;6009060
490;21:32:36.094;4.4;29.831133;6009128
491;21:32:36.266;0.0;29.830080;6009136
492;21:32:36.436;1.5;29.828829;6008884
493;21:32:36.606;3.0;29.831510;6009424
494;21:32:36.781;1.5;29.832999;6009724
495;21:32:36.961;4.5;29.833793;6009884
496;21:32:37.133;1.6;29.831748;6009252
497;21:32:37.306;0.0;29.830338;6009188
498;21:32:37.481;3.2;29.833714;6009868
499;21:32:37.655;6.2;29.831788;6009788
500;21:32:37.828;3.1;29.831569;6009436
501;21:32:38.002;2.9;29.832999;6009280
502;21:32:38.176;3.0;29.830021;6009124
503;21:32:38.349;1.5;29.833158;6009524
504;21:32:38.521;1.6;29.829544;6009312
505;21:32:38.694;2.9;29.835521;6010232
506;21:32:38.871;4.4;29.832403;6009604
507;21:32:39.047;1.5;29.830438;6009208
508;21:32:39.220;1.5;29.832006;6009524
509;21:32:39.394;3.1;29.830596;6009240
510;21:32:39.568;3.2;29.828571;6008820
511;21:32:39.745;5.8;29.832959;6009716
512;21:32:39.922;4.5;29.834627;6010052
513;21:32:40.096;0.0;29.833019;6009508
514;21:32:40.269;1.6;29.831867;6009496
515;21:32:40.443;1.5;29.831232;6009368
516;21:32:40.616;0.0;29.828233;6008764
517;21:32:40.790;3.2;29.832244;6009840
518;21:32:40.966;3.3;29.834290;6009764
519;21:32:41.139;3.0;29.833237;6009772
520;21:32:41.316;1.5;29.832066;6009536
521;21:32:41.492;7.5;29.830775;6009276
522;21:32:41.667;6.1;29.828194;6008536
523;21:32:41.840;1.5;29.829743;6009068
524;21:32:42.016;2.9;29.832800;6009912
525;21:32:42.192;1.6;29.834429;6010012
526;21:32:42.369;4.5;29.831927;6009744
527;21:32:42.545;3.0;29.834786;6010132
528;21:32:42.722;3.2;29.830954;6009556
529;21:32:42.895;1.5;29.828750;6008868
530;21:32:43.070;1.4;29.830477;6009280
531;21:32:43.244;4.3;29.830755;6009272
532;21:32:43.418;2.9;29.829345;6009132
533;21:32:43.591;2.9;29.829008;6008920
534;21:32:43.764;4.5;29.836732;6010476
535;21:32:43.941;4.4;29.835918;6010080
536;21:32:44.114;4.4;29.834329;6009992
537;21:32:44.287;2.9;29.832860;6009696
538;21:32:44.458;5.7;29.835739;6010332
539;21:32:44.631;8.1;29.833078;6009520
540;21:32:44.805;8.5;29.828670;6008632
541;21:32:44.978;5.6;29.831847;6009752
542;21:32:45.150;6.9;29.831252;6009404
543;21:32:45.324;6.9;29.831410;6009184
544;21:32:45.497;4.3;29.830815;6009284
545;21:32:45.671;5.8;29.832066;6009768
546;21:32:45.845;3.0;29.832225;6009348
547;21:32:46.020;4.3;29.831768;6009476
548;21:32:46.196;1.5;29.832542;6009632
549;21:32:46.369;7.5;29.832026;6009900
550;21:32:46.542;6.7;29.831152;6009316
551;21:32:46.716;8.5;29.833396;6009916
552;21:32:46.889;8.8;29.831748;6009472
553;21:32:47.061;10.3;29.833178;6009300
554;21:32:47.234;8.5;29.832622;6009436
555;21:32:47.408;6.1;29.831728;6009248
556;21:32:47.580;11.1;29.833436;6009828
557;21:32:47.754;5.9;29.832920;6009708
558;21:32:47.931;7.2;29.830795;6009280
559;21:32:48.103;4.9;29.833217;6009612
560;21:32:48.279;4.2;29.829862;6009092
561;21:32:48.452;9.1;29.830299;6009180
562;21:32:48.623;1.5;29.832681;6009660
563;21:32:48.795;1.6;29.833714;6009868
564;21:32:48.969;0.0;29.835223;6009952
565;21:32:49.142;3.0;29.832522;6009628
566;21:32:49.315;0.0;29.832046;6009580
567;21:32:49.487;1.6;29.832661;6009656
568;21:32:49.660;0.0;29.834389;6010392
569;21:32:49.834;1.8;29.831569;6009436
570;21:32:50.007;0.0;29.833714;6010028
571;21:32:50.180;1.9;29.834647;6009836
572;21:32:50.354;3.2;29.832284;6009580
573;21:32:50.529;3.3;29.834071;6009940
574;21:32:50.703;1.6;29.832105;6009544
575;21:32:50.877;3.2;29.833515;6009828
576;21:32:51.052;4.7;29.832225;6009568
577;21:32:51.231;3.2;29.830855;6009292
578;21:32:51.408;4.7;29.832423;6009140
579;21:32:51.584;3.1;29.831470;6009196
580;21:32:51.761;0.0;29.831609;6009444
581;21:32:51.936;1.8;29.833495;6009604
582;21:32:52.111;1.9;29.835620;6009812
583;21:32:52.283;1.9;29.833754;6009956
584;21:32:52.456;0.0;29.833595;6009844
585;21:32:52.629;1.8;29.829842;6009420
586;21:32:52.800;0.0;29.832721;6009448
587;21:32:52.972;5.0;29.829187;6008736
588;21:32:53.143;0.0;29.828710;6009104
589;21:32:53.313;3.2;29.826248;6008664
590;21:32:53.486;1.5;29.829901;6009100
591;21:32:53.656;1.6;29.837407;6010392
592;21:32:53.825;1.5;29.930971;6029460
593;21:32:53.995;1.6;30.042902;6051788
594;21:32:54.165;0.0;30.143475;6072268
595;21:32:54.335;9.1;30.216924;6087396
596;21:32:54.506;3.1;30.287454;6101524
597;21:32:54.678;1.6;30.357091;6115300
598;21:32:54.848;3.1;30.395513;6123416
599;21:32:55.019;1.5;30.486615;6141644
600;21:32:55.189;1.5;30.561116;6156400
601;21:32:55.359;0.0;30.664152;6177156
602;21:32:55.530;3.0;30.697630;6183900
603;21:32:55.702;1.5;30.718062;6188016
604;21:32:55.873;1.5;30.751401;6194984
605;21:32:56.044;3.0;30.792306;6203224
606;21:32:56.215;0.0;30.844270;6213292
607;21:32:56.385;1.6;30.861883;6216988
608;21:32:56.557;3.1;30.904356;6225068
609;21:32:56.728;1.5;30.974628;6239952
610;21:32:56.899;1.6;31.078001;6260524
611;21:32:57.069;3.0;31.149603;6275460
612;21:32:57.239;0.0;31.149206;6275112
613;21:32:57.409;0.0;31.153118;6275656
614;21:32:57.580;1.5;31.153237;6275680
615;21:32:57.751;1.6;31.163503;6277748
616;21:32:57.922;1.6;31.159988;6276888
617;21:32:58.092;1.5;31.437185;6332880
618;21:32:58.262;0.0;31.436907;6332604
619;21:32:58.432;1.6;31.438753;6332976
620;21:32:58.602;0.0;31.435278;6332756
621;21:32:58.773;0.0;31.439031;6333252
622;21:32:58.943;1.6;31.440203;6333488
623;21:32:59.115;0.0;31.441533;6333756
624;21:32:59.285;1.5;31.462760;6338032
625;21:32:59.456;1.5;31.462799;6337892
626;21:32:59.626;0.0;31.460873;6337652
627;21:32:59.796;1.5;31.460754;6337480
628;21:32:59.967;0.0;31.461032;6337684
629;21:33:00.137;1.5;31.458848;6337244
630;21:33:00.307;0.0;31.457637;6337000
631;21:33:00.477;1.5;31.456584;6336788
632;21:33:00.651;0.0;31.458093;6337092
633;21:33:00.821;1.6;31.456664;6336960
634;21:33:00.995;4.5;31.455274;6336776
635;21:33:01.168;0.0;31.456088;6336688
636;21:33:01.341;1.6;31.457756;6336696
637;21:33:01.513;3.1;31.457180;6337160
638;21:33:01.685;3.0;31.455790;6336300
639;21:33:01.856;3.0;31.454380;6336596
640;21:33:02.028;3.0;31.452752;6336268
641;21:33:02.199;1.5;31.452454;6335956
642;21:33:02.370;1.5;31.453705;6336460
643;21:33:02.540;0.0;31.454956;6336460
644;21:33:02.710;1.5;31.460675;6337172
645;21:33:02.880;3.0;31.459960;6337468
646;21:33:03.050;1.5;31.459205;6337316
647;21:33:03.219;0.0;31.460377;6337552
648;21:33:03.389;3.0;31.460873;6337652
649;21:33:03.559;0.0;31.461668;6337812
650;21:33:03.731;4.3;31.460516;6337580
651;21:33:03.902;1.5;31.458570;6337188
652;21:33:04.072;0.0;31.457716;6337016
653;21:33:04.242;0.0;31.457716;6337016
654;21:33:04.412;1.4;31.459007;6337276
655;21:33:04.581;1.6;31.461410;6337760
656;21:33:04.751;0.0;31.461449;6337768
657;21:33:04.921;1.5;31.462164;6337912
658;21:33:05.091;1.5;31.461072;6337692
659;21:33:05.262;0.0;31.459464;6337368
660;21:33:05.437;1.5;31.456287;6336576
661;21:33:05.608;1.6;31.456604;6336792
662;21:33:05.778;5.8;31.455929;6336656
663;21:33:05.949;3.1;31.455850;6336892
664;21:33:06.119;1.5;31.457200;6336912
665;21:33:06.290;1.5;31.459265;6337328
666;21:33:06.460;0.0;31.459940;6337464
667;21:33:06.630;4.5;31.458848;6337244
668;21:33:06.799;1.5;31.459066;6337068
669;21:33:06.969;0.0;31.456922;6336856
670;21:33:07.138;0.0;31.454797;6336728
671;21:33:07.307;1.6;31.455929;6336860
672;21:33:07.483;4.5;31.457776;6337028
673;21:33:07.653;1.5;31.458074;6336868
674;21:33:07.824;1.5;31.459702;6337416
675;21:33:07.994;3.1;31.458689;6337700
676;21:33:08.165;1.6;31.463395;6337720
677;21:33:08.339;3.2;31.462859;6338052
678;21:33:08.517;3.0;31.457160;6336904
679;21:33:08.692;3.0;31.456644;6337072
680;21:33:08.867;1.6;31.460337;6337804
681;21:33:09.041;3.1;31.459245;6337324
682;21:33:09.220;1.6;31.458610;6337196
683;21:33:09.396;0.0;31.459285;6337332
684;21:33:09.570;3.1;31.458649;6337204
685;21:33:09.747;0.0;31.464011;6337768
686;21:33:09.920;3.2;31.462303;6337940
687;21:33:10.094;4.9;31.458649;6337204
688;21:33:10.271;0.0;31.462382;6338196
689;21:33:10.448;4.8;31.461469;6337772
690;21:33:10.621;4.9;31.460913;6337660
691;21:33:10.794;1.6;31.464467;6337936
692;21:33:10.966;0.0;31.460715;6337620
693;21:33:11.140;0.0;31.460873;6337652
694;21:33:11.318;1.5;31.461688;6337816
695;21:33:11.494;4.7;31.462144;6337908
696;21:33:11.670;1.6;31.460357;6337548
697;21:33:11.845;0.0;31.456902;6336852
698;21:33:12.019;1.6;31.458054;6336864
699;21:33:12.193;1.5;31.455611;6336696
700;21:33:12.366;2.8;31.459920;6337728
701;21:33:12.547;4.6;31.458014;6337076
702;21:33:12.721;3.2;31.454777;6336424
703;21:33:12.893;0.0;31.454221;6336548
704;21:33:13.067;0.0;31.456465;6336544
705;21:33:13.240;1.5;31.460873;6337652
706;21:33:13.413;1.5;31.460913;6337660
707;21:33:13.586;2.9;31.458213;6336896
708;21:33:13.759;3.0;31.456406;6336700
709;21:33:13.934;1.5;31.457160;6336904
710;21:33:14.109;3.1;31.463157;6338112
711;21:33:14.284;0.0;31.473006;6340096
712;21:33:14.457;4.3;31.475249;6340548
713;21:33:14.631;0.0;31.483252;6342160
714;21:33:14.803;1.5;31.485217;6342556
715;21:33:14.976;3.0;31.495722;6344884
716;21:33:15.152;1.5;31.498760;6345284
717;21:33:15.324;2.9;31.509006;6347348
718;21:33:15.497;4.4;31.509363;6347204
719;21:33:15.669;4.3;31.519946;6349332
720;21:33:15.842;5.8;31.518120;6348964
721;21:33:16.016;4.3;31.528246;6351224
722;21:33:16.191;5.2;31.526420;6350704
723;21:33:16.364;2.9;31.531046;6351788
724;21:33:16.538;1.4;31.539128;6353416
725;21:33:16.713;2.7;31.539128;6353416
726;21:33:16.888;4.2;31.551955;6356000
727;21:33:17.061;4.3;31.552134;6356360
728;21:33:17.235;2.9;31.608586;6367512
729;21:33:17.407;3.1;31.620003;6369708
730;21:33:17.579;1.5;31.744364;6394540
731;21:33:17.750;0.0;31.837551;6413384
732;21:33:17.921;0.0;31.961654;6438532
733;21:33:18.091;1.6;32.030099;6452320
734;21:33:18.260;1.5;32.135974;6473648
735;21:33:18.430;0.0;32.249474;6496512
736;21:33:18.599;3.1;32.338987;6514668
737;21:33:18.770;0.0;32.411304;6529532
738;21:33:18.942;1.5;32.445894;6536080
739;21:33:19.112;0.0;32.447423;6536388
740;21:33:19.282;1.5;32.446847;6536272
741;21:33:19.452;1.4;32.447006;6536304
742;21:33:19.622;3.0;32.456140;6538144
743;21:33:19.792;3.0;32.456259;6538420
744;21:33:19.963;1.5;32.460330;6538988
745;21:33:20.133;3.0;32.461581;6539240
746;21:33:20.303;0.0;32.461462;6539216
747;21:33:20.473;1.4;32.461382;6539200
748;21:33:20.644;1.5;32.478419;6542412
749;21:33:20.814;1.5;32.485925;6544144
750;21:33:20.984;1.5;32.498851;6546748
751;21:33:21.155;1.5;32.511023;6548980
752;21:33:21.327;1.5;32.890322;6625608
753;21:33:21.497;0.0;32.890640;6625452
754;21:33:21.666;1.5;32.891176;6625780
755;21:33:21.836;0.0;32.891116;6625548
756;21:33:22.008;1.5;32.889409;6625424
757;21:33:22.179;0.0;32.890699;6625684
758;21:33:22.349;0.0;32.890898;6625724
759;21:33:22.519;0.0;32.893479;6626244
760;21:33:22.689;1.5;32.893479;6626244
761;21:33:22.858;0.0;32.892506;6626048
762;21:33:23.028;2.7;32.892327;6626012
763;21:33:23.199;1.5;32.894353;6626420
764;21:33:23.371;1.6;32.893519;6626252
765;21:33:23.541;0.0;32.893519;6626252
766;21:33:23.711;1.5;32.893519;6626252
767;21:33:23.881;1.5;32.893380;6626224
768;21:33:24.059;1.5;32.893757;6626300
769;21:33:24.235;1.5;32.895008;6626552
770;21:33:24.411;1.4;32.895008;6626552
771;21:33:24.592;4.4;32.891593;6625864
772;21:33:24.767;4.6;32.895087;6627072
773;21:33:24.937;1.6;32.902276;6628016
774;21:33:25.107;0.0;32.903685;6628300
775;21:33:25.278;1.5;32.902851;6627912
776;21:33:25.452;3.0;32.899635;6627484
777;21:33:25.631;4.7;32.897252;6627004
778;21:33:25.802;1.6;32.897629;6626860
779;21:33:25.974;1.5;32.896418;6626836
780;21:33:26.150;3.1;32.895663;6626684
781;21:33:26.321;1.5;32.896795;6627164
782;21:33:26.501;1.5;32.897748;6626956
783;21:33:26.674;1.6;32.898205;6627196
784;21:33:26.845;3.1;32.899674;6627272
785;21:33:27.015;4.5;32.901461;6627852
786;21:33:27.185;1.5;32.897093;6627224
787;21:33:27.361;0.0;32.897788;6627112
788;21:33:27.535;3.0;32.902613;6627908
789;21:33:27.711;1.7;32.900290;6627616
790;21:33:27.887;1.8;32.896934;6626720
791;21:33:28.058;1.6;32.900528;6627664
792;21:33:28.231;0.0;32.918320;6631248
793;21:33:28.407;3.0;32.925527;6632700
794;21:33:28.585;5.6;32.907418;6629052
795;21:33:28.761;0.0;32.905512;6628448
796;21:33:28.935;3.1;32.911032;6629780
797;21:33:29.115;3.6;32.906843;6628936
798;21:33:29.289;0.0;32.907617;6629092
799;21:33:29.462;0.0;32.907398;6628896
800;21:33:29.634;0.0;32.906128;6628792
801;21:33:29.806;0.0;32.907021;6628972
802;21:33:29.977;3.7;32.908232;6629216
803;21:33:30.150;0.0;32.908451;6629260
804;21:33:30.324;1.7;32.908014;6629332
805;21:33:30.495;1.6;32.909940;6629560
806;21:33:30.666;1.7;32.906167;6628800
807;21:33:30.838;0.0;32.905850;6628736
808;21:33:31.008;1.6;32.908332;6629388
809;21:33:31.179;1.6;32.915202;6630620
810;21:33:31.350;3.1;32.946019;6636828
811;21:33:31.521;4.5;32.974791;6642876
812;21:33:31.690;3.1;33.016867;6651100
813;21:33:31.860;0.0;33.047208;6657212
814;21:33:32.030;0.0;33.088807;6665592
815;21:33:32.199;3.1;33.120439;6671964
816;21:33:32.370;0.0;33.164798;6680900
817;21:33:32.540;0.0;33.205226;6689044
818;21:33:32.709;1.5;33.244641;6696984
819;21:33:32.879;0.0;33.284175;6704948
820;21:33:33.049;1.5;33.328574;6713892
821;21:33:33.219;1.5;33.340210;6716236
822;21:33:33.388;0.0;33.339555;6716104
823;21:33:33.558;0.0;33.339138;6716076
824;21:33:33.727;0.0;33.339416;6715856
825;21:33:33.898;1.5;33.342275;6716652
826;21:33:34.067;0.0;33.341263;6716448
827;21:33:34.237;1.5;33.348987;6718028
828;21:33:34.408;0.0;33.349543;6718116
829;21:33:34.577;1.5;33.411316;6730560
830;21:33:34.748;0.0;33.463857;6741144
831;21:33:34.918;0.0;33.700109;6787752
832;21:33:35.090;4.5;33.921747;6833636
833;21:33:35.261;1.6;33.928002;6834644
834;21:33:35.431;1.5;33.938168;6836692
835;21:33:35.601;1.5;33.981217;6845364
836;21:33:35.772;1.5;33.990292;6847192
837;21:33:35.942;4.3;34.020930;6853364
838;21:33:36.112;3.1;34.020891;6853484
839;21:33:36.283;3.0;34.020295;6853236
840;21:33:36.453;0.0;34.020414;6853040
841;21:33:36.623;1.5;34.019401;6853056
842;21:33:36.793;0.0;34.019322;6853040
843;21:33:36.964;0.0;34.019779;6853132
844;21:33:37.135;1.5;34.017336;6852932
845;21:33:37.305;0.0;34.021129;6853404
846;21:33:37.475;1.6;34.020970;6853372
847;21:33:37.645;1.5;34.021010;6853380
848;21:33:37.815;6.0;34.012749;6851968
849;21:33:37.988;3.0;34.015410;6852504
850;21:33:38.161;4.1;34.020374;6853252
851;21:33:38.331;1.5;34.022559;6853692
852;21:33:38.505;1.5;34.021566;6853492
853;21:33:38.681;3.0;34.020771;6853332
854;21:33:38.856;1.4;34.020771;6853112
855;21:33:39.029;1.5;34.019699;6853116
856;21:33:39.199;0.0;34.019699;6853116
857;21:33:39.369;1.5;34.019699;6853116
858;21:33:39.541;0.0;34.019699;6853132
859;21:33:39.711;0.0;34.017753;6852724
860;21:33:39.881;1.6;34.012630;6852260
861;21:33:40.056;4.5;34.016105;6852392
862;21:33:40.227;1.6;34.015728;6852240
863;21:33:40.407;3.1;34.018111;6853048
864;21:33:40.583;0.0;34.019521;6853080
865;21:33:40.754;0.0;34.020891;6853356
866;21:33:40.925;3.1;34.022022;6853364
867;21:33:41.095;1.5;34.021129;6853404
868;21:33:41.264;0.0;34.021288;6853436
869;21:33:41.434;3.0;34.248386;6904040
870;21:33:41.607;1.5;34.423997;6934412
871;21:33:41.777;0.0;34.425725;6934612
872;21:33:41.947;0.0;34.424295;6934620
873;21:33:42.117;0.0;34.428663;6935280
874;21:33:42.286;1.6;34.428663;6935500
875;21:33:42.456;3.0;34.427909;6935348
876;21:33:42.626;3.0;34.423401;6934292
877;21:33:42.796;0.0;34.423362;6934432
878;21:33:42.966;0.0;34.423362;6934432
879;21:33:43.136;1.5;34.423163;6934392
880;21:33:43.306;1.5;34.421853;6934128
881;21:33:43.476;3.0;34.420860;6933928
882;21:33:43.646;0.0;34.419609;6933920
883;21:33:43.816;1.5;34.420860;6933928
884;21:33:43.986;0.0;34.420979;6933952
885;21:33:44.156;0.0;34.421376;6934012
886;21:33:44.327;4.5;34.419768;6933708
887;21:33:44.498;1.6;34.419688;6933544
888;21:33:44.670;1.6;34.423382;6934436
889;21:33:44.840;2.9;34.422508;6934260
890;21:33:45.020;1.5;34.425685;6934900
891;21:33:45.199;4.5;34.427532;6935272
892;21:33:45.369;1.7;34.426142;6934992
893;21:33:45.544;3.2;34.425983;6935292
894;21:33:45.716;1.7;34.428961;6935560
895;21:33:45.891;1.7;34.427273;6935220
896;21:33:46.063;1.6;34.427988;6935364
897;21:33:46.236;0.0;34.427115;6935188
898;21:33:46.410;0.0;34.426459;6935056
899;21:33:46.583;1.6;34.426300;6935236
900;21:33:46.756;4.8;34.433429;6936460
901;21:33:46.930;3.4;34.431443;6935760
902;21:33:47.105;1.8;34.434183;6936612
903;21:33:47.278;1.8;34.432039;6936344
904;21:33:47.451;1.7;34.433846;6936248
905;21:33:47.624;3.1;34.432655;6936304
906;21:33:47.796;1.7;34.432337;6936240
907;21:33:47.969;1.8;34.429517;6935672
908;21:33:48.144;1.8;34.431245;6936020
909;21:33:48.317;3.3;34.432813;6936336
910;21:33:48.490;0.0;34.431284;6936028
911;21:33:48.664;1.6;34.430768;6936248
912;21:33:48.837;3.6;34.432198;6936212
913;21:33:49.010;1.7;34.432198;6936632
914;21:33:49.184;3.4;34.436467;6937072
915;21:33:49.357;1.6;34.433866;6936548
916;21:33:49.530;1.6;34.433091;6936024
917;21:33:49.703;3.2;34.429875;6935744
918;21:33:49.878;1.7;34.429656;6935552
919;21:33:50.052;1.6;34.431543;6935784
920;21:33:50.225;0.0;34.426638;6934872
921;21:33:50.399;3.2;34.426082;6934776
922;21:33:50.572;3.3;34.428683;6935284
923;21:33:50.746;3.2;34.430629;6935896
924;21:33:50.920;3.1;34.430153;6935800
925;21:33:51.092;4.5;34.429041;6935860
926;21:33:51.266;3.2;34.425943;6934952
927;21:33:51.438;1.6;34.425347;6934684
928;21:33:51.610;1.8;34.424911;6934912
929;21:33:51.783;1.6;34.424216;6934604
930;21:33:51.958;0.0;34.424216;6934604
931;21:33:52.129;5.0;34.423799;6934520
932;21:33:52.301;1.7;34.425466;6934856
933;21:33:52.477;1.7;34.429080;6935584
934;21:33:52.648;1.7;34.427194;6934904
935;21:33:52.821;1.5;34.426638;6935092
936;21:33:52.996;0.0;34.425149;6934792
937;21:33:53.171;1.5;34.425208;6934804
938;21:33:53.344;1.5;34.424911;6934744
939;21:33:53.518;1.6;34.425466;6934960
940;21:33:53.690;1.5;34.425308;6934824
941;21:33:53.864;0.0;34.426459;6935056
942;21:33:54.035;1.6;34.427651;6935296
943;21:33:54.207;1.5;34.426737;6935112
944;21:33:54.379;1.6;34.426281;6934872
945;21:33:54.554;4.7;34.424096;6934580
946;21:33:54.729;3.1;34.425883;6934940
947;21:33:54.902;0.0;34.425764;6935048
948;21:33:55.074;1.6;34.424573;6934960
949;21:33:55.245;3.0;34.425903;6934792
950;21:33:55.418;1.6;34.428366;6935616
951;21:33:55.591;1.5;34.427988;6935364
952;21:33:55.765;0.0;34.425069;6934776
953;21:33:55.938;2.9;34.427710;6935308
954;21:33:56.112;1.5;34.426360;6935196
955;21:33:56.286;1.5;34.425407;6934692
956;21:33:56.460;2.9;34.424116;6934972
957;21:33:56.633;0.0;34.424851;6934744
958;21:33:56.804;7.6;34.422786;6934288
959;21:33:56.977;4.5;34.418457;6933964
960;21:33:57.149;4.3;34.423024;6934364
961;21:33:57.323;4.1;34.424513;6934488
962;21:33:57.497;4.2;34.423997;6934720
963;21:33:57.671;5.5;34.423997;6934560
964;21:33:57.846;4.8;34.483428;6946744
965;21:33:58.021;2.9;34.484679;6946784
966;21:33:58.194;1.4;34.487836;6947420
967;21:33:58.367;5.6;34.488848;6947892
968;21:33:58.541;0.0;34.492065;6948272
969;21:33:58.712;2.8;34.492681;6948736
970;21:33:58.887;2.9;34.493753;6948612
971;21:33:59.058;1.4;34.493753;6948612
972;21:33:59.229;3.0;34.497307;6949732
973;21:33:59.399;2.7;34.497863;6949440
974;21:33:59.570;1.5;34.538231;6957572
975;21:33:59.740;0.0;34.640929;6978112
976;21:33:59.910;0.0;34.733063;6996820
977;21:34:00.080;0.0;34.855359;7021456
978;21:34:00.250;4.5;34.893643;7029168
979;21:34:00.422;1.5;34.987445;7048064
980;21:34:00.594;1.5;35.059067;7063124
981;21:34:00.766;1.5;35.143000;7079072
982;21:34:00.936;1.5;35.220679;7095308
983;21:34:01.106;3.1;35.303560;7114028
984;21:34:01.277;0.0;35.367061;7124060
985;21:34:01.447;3.0;35.400102;7131436
986;21:34:01.618;0.0;35.419740;7135148
987;21:34:01.789;1.5;35.401889;7131672
988;21:34:02.083;0.0;35.423712;7136052
989;21:34:02.259;0.0;35.456534;7142812
990;21:34:02.429;1.5;35.479846;7147256
991;21:34:02.599;1.5;35.544796;7160584
992;21:34:02.769;0.0;35.639452;7179408
993;21:34:02.938;1.5;35.749279;7201612
994;21:34:03.109;4.6;35.749537;7201828
995;21:34:03.281;0.0;35.751939;7202068
996;21:34:03.451;0.0;35.755613;7202660
997;21:34:03.621;1.5;35.761212;7204180
998;21:34:03.792;3.1;35.759723;7204156
999;21:34:03.962;1.5;36.041586;7260416
1000;21:34:04.133;0.0;36.041070;7260312
1001;21:34:04.304;1.5;36.040116;7260120
1002;21:34:04.476;1.5;36.040950;7260288
1003;21:34:04.647;0.0;36.041586;7260388
1004;21:34:04.817;3.0;36.041109;7260172
1005;21:34:04.987;1.5;36.039819;7260060
1006;21:34:05.157;0.0;36.061204;7264620
1007;21:34:05.328;1.6;36.062117;7264552
1008;21:34:05.500;3.2;36.061383;7264108
1009;21:34:05.672;6.3;36.061085;7264524
1010;21:34:05.843;1.5;36.061323;7264392
1011;21:34:06.014;1.5;36.062415;7264464
1012;21:34:06.184;1.5;36.063746;7264732
1013;21:34:06.355;0.0;36.062495;7264896
1014;21:34:06.525;0.0;36.064302;7264992
1015;21:34:06.695;3.0;36.063785;7264740
1016;21:34:06.866;3.1;36.062594;7264892
1017;21:34:07.039;3.1;36.059933;7263748
1018;21:34:07.211;3.1;36.060549;7264476
1019;21:34:07.382;1.5;36.062793;7264940
1020;21:34:07.553;1.5;36.063785;7264836
1021;21:34:07.724;1.5;36.063249;7264484
1022;21:34:07.895;1.5;36.063646;7264860
1023;21:34:08.072;8.1;36.063527;7265096
1024;21:34:08.245;1.6;36.066764;7265340
1025;21:34:08.418;7.5;36.065632;7265260
1026;21:34:08.590;4.7;36.064758;7265084
1027;21:34:08.761;9.4;36.066367;7265816
1028;21:34:08.930;4.6;36.067935;7265724
1029;21:34:09.102;10.0;36.068670;7265872
1030;21:34:09.275;4.6;36.067876;7265712
1031;21:34:09.446;9.2;36.067121;7265732
1032;21:34:09.618;6.5;36.067777;7265848
1033;21:34:09.793;12.3;36.070159;7266024
1034;21:34:09.965;0.0;36.068551;7265848
1035;21:34:10.135;4.8;36.071569;7266732
1036;21:34:10.319;7.8;36.072304;7266604
1037;21:34:10.493;0.0;36.069504;7266040
1038;21:34:10.663;3.1;36.066585;7265736
1039;21:34:10.835;1.6;36.070219;7266184
1040;21:34:11.008;3.2;36.070040;7266000
1041;21:34:11.179;4.7;36.072741;7266692
1042;21:34:11.351;4.7;36.073416;7266828
1043;21:34:11.524;3.1;36.067975;7266064
1044;21:34:11.694;1.6;36.068074;7265684
1045;21:34:11.864;1.5;36.067638;7265516
1046;21:34:12.037;4.5;36.065731;7265612
1047;21:34:12.207;3.1;36.066823;7265424
1048;21:34:12.379;0.0;36.065711;7265528
1049;21:34:12.549;1.5;36.071966;7266388
1050;21:34:12.719;3.1;36.070715;7266284
1051;21:34:12.890;1.5;36.072423;7266628
1052;21:34:13.061;1.5;36.071668;7266476
1053;21:34:13.230;1.5;36.070417;7266224
1054;21:34:13.400;0.0;36.071410;7266276
1055;21:34:13.570;4.6;36.071966;7266240
1056;21:34:13.740;1.5;36.069524;7266044
1057;21:34:13.910;1.5;36.073297;7266804
1058;21:34:14.081;3.1;36.071907;7266228
1059;21:34:14.252;3.0;36.073316;7266808
1060;21:34:14.427;4.5;36.073098;7266764
1061;21:34:14.599;4.2;36.074051;7266956
1062;21:34:14.776;4.5;36.072403;7266624
1063;21:34:14.950;0.0;36.072622;7266668
1064;21:34:15.122;4.3;36.075918;7267244
1065;21:34:15.295;2.9;36.071649;7266796
1066;21:34:15.468;2.8;36.071748;7266544
1067;21:34:15.641;5.3;36.074230;7266992
1068;21:34:15.813;3.9;36.068452;7265828
1069;21:34:15.987;2.9;36.068730;7265884
1070;21:34:16.160;5.5;36.069981;7266076
1071;21:34:16.333;6.9;36.069623;7266064
1072;21:34:16.507;4.1;36.074309;7266860
1073;21:34:16.680;5.4;36.073614;7266724
1074;21:34:16.853;7.3;36.073237;7266792
1075;21:34:17.024;9.6;36.074428;7267032
1076;21:34:17.197;9.0;36.073316;7266712
1077;21:34:17.371;10.3;36.073634;7267056
1078;21:34:17.543;15.1;36.075878;7267240
1079;21:34:17.715;10.0;36.075302;7267208
1080;21:34:17.889;13.2;36.076355;7267272
1081;21:34:18.062;11.1;36.074945;7267460
1082;21:34:18.235;12.7;36.075143;7267016
1083;21:34:18.407;5.4;36.077308;7267464
1084;21:34:18.585;4.2;36.075282;7267204
1085;21:34:18.763;2.9;36.073892;7266108
1086;21:34:18.936;4.5;36.076235;7267396
1087;21:34:19.111;4.4;36.072880;7266720
1088;21:34:19.284;11.1;36.073515;7266848
1089;21:34:19.458;7.0;36.071668;7266476
1090;21:34:19.631;10.4;36.081815;7268060
1091;21:34:19.805;10.3;36.079949;7267992
1092;21:34:19.979;10.3;36.091584;7270696
1093;21:34:20.154;6.0;36.094305;7271036
1094;21:34:20.326;3.0;36.109217;7274040
1095;21:34:20.502;4.5;36.105861;7273616
1096;21:34:20.674;1.4;36.117239;7275508
1097;21:34:20.844;1.6;36.115412;7275832
1098;21:34:21.015;0.0;36.126730;7277568
1099;21:34:21.189;1.7;36.124507;7279096
1100;21:34:21.363;1.7;36.134395;7278964
1101;21:34:21.537;0.0;36.146646;7281580
1102;21:34:21.709;0.0;36.145713;7281240
1103;21:34:21.883;0.0;36.154351;7283132
1104;21:34:22.057;1.8;36.156654;7283596
1105;21:34:22.229;0.0;36.167277;7285588
1106;21:34:22.401;1.9;36.165987;7285476
1107;21:34:22.574;3.6;36.174783;7287248
1108;21:34:22.746;1.6;36.226767;7297980
1109;21:34:22.917;1.5;36.227343;7297836
1110;21:34:23.086;4.5;36.331451;7319052
1111;21:34:23.256;0.0;36.421262;7336900
1112;21:34:23.426;4.5;36.553764;7363296
1113;21:34:23.595;1.6;36.627015;7378312
1114;21:34:23.766;0.0;36.731400;7399376
1115;21:34:23.937;0.0;36.856019;7424480
1116;21:34:24.107;0.0;36.970472;7446792
1117;21:34:24.277;1.6;37.015348;7456576
1118;21:34:24.447;3.1;37.066200;7466820
1119;21:34:24.618;1.6;37.066161;7467072
1120;21:34:24.788;1.5;37.064572;7466492
1121;21:34:24.958;1.5;37.065466;7466792
1122;21:34:25.128;3.0;37.064731;7466524
1123;21:34:25.300;1.5;37.075473;7468688
1124;21:34:25.470;3.1;37.075473;7468688
1125;21:34:25.641;1.5;37.077241;7469044
1126;21:34:25.811;1.6;37.075990;7468948
1127;21:34:25.982;0.0;37.076804;7468956
1128;21:34:26.151;0.0;37.076724;7468792
1129;21:34:26.322;0.0;37.095806;7472568
1130;21:34:26.493;0.0;37.117549;7477164
1131;21:34:26.663;1.6;37.127378;7479092
1132;21:34:26.833;0.0;37.507650;7555992
1133;21:34:27.002;0.0;37.508384;7555748
1134;21:34:27.172;1.5;37.508742;7556220
1135;21:34:27.342;1.5;37.506756;7555812
1136;21:34:27.513;0.0;37.509000;7556020
1137;21:34:27.683;1.5;37.510211;7556272
1138;21:34:27.854;1.5;37.509695;7556272
1139;21:34:28.024;1.5;37.508921;7556004
1140;21:34:28.194;1.5;37.508921;7555708
1141;21:34:28.364;1.5;37.506419;7555500
1142;21:34:28.534;1.6;37.506419;7555204
1143;21:34:28.704;0.0;37.505922;7555400
1144;21:34:28.874;0.0;37.508404;7555752
1145;21:34:29.044;1.6;37.507670;7555752
1146;21:34:29.215;1.5;37.507153;7555648
1147;21:34:29.388;1.5;37.506994;7556068
1148;21:34:29.561;3.1;37.509079;7556036
1149;21:34:29.731;1.5;37.508523;7555776
1150;21:34:29.912;1.5;37.507650;7555748
1151;21:34:30.090;15.9;37.518690;7557972
1152;21:34:30.263;5.8;37.518591;7557952
1153;21:34:30.443;6.2;37.515751;7557684
1154;21:34:30.614;3.1;37.517340;7557968
1155;21:34:30.785;0.0;37.518630;7557960
1156;21:34:30.955;1.4;37.519881;7558212
1157;21:34:31.129;7.4;37.518630;7557960
1158;21:34:31.305;4.5;37.437080;7541312
Build Completed
