ID; Time; Network interface; TBPS; RBPS
1;08:54:34.028;enp0s25;0;0
2;08:54:35.039;enp0s25;0;64
3;08:54:36.048;enp0s25;3570;6226
4;08:54:37.062;enp0s25;37754;955947
5;08:54:38.070;enp0s25;5349;5540
6;08:54:39.077;enp0s25;1042;930
7;08:54:40.091;enp0s25;27837;735232
8;08:54:41.100;enp0s25;140316;6094928
9;08:54:42.109;enp0s25;139704;6661100
10;08:54:43.118;enp0s25;151474;7130174
11;08:54:44.125;enp0s25;151830;7131564
12;08:54:45.133;enp0s25;139764;7124038
13;08:54:46.141;enp0s25;134849;6268860
14;08:54:47.148;enp0s25;151970;7143772
15;08:54:48.156;enp0s25;152390;7160406
16;08:54:49.163;enp0s25;133387;6474286
17;08:54:50.179;enp0s25;147012;6837639
18;08:54:51.186;enp0s25;145715;6728341
19;08:54:52.198;enp0s25;96110;4508460
20;08:54:53.206;enp0s25;32775;1051426
21;08:54:54.213;enp0s25;60798;1952684
22;08:54:55.221;enp0s25;15587;270422
23;08:54:56.231;enp0s25;90420;3681820
24;08:54:57.247;enp0s25;65349;2137757
25;08:54:58.256;enp0s25;0;64
26;08:54:59.263;enp0s25;0;0
27;08:55:00.270;enp0s25;0;64
28;08:55:01.280;enp0s25;0;0
29;08:55:02.288;enp0s25;0;64
30;08:55:03.296;enp0s25;0;0
31;08:55:04.303;enp0s25;0;64
32;08:55:05.311;enp0s25;64;1616
33;08:55:06.318;enp0s25;0;2936
34;08:55:07.325;enp0s25;0;992
35;08:55:08.332;enp0s25;0;1086
36;08:55:09.340;enp0s25;0;692
37;08:55:10.347;enp0s25;0;64
38;08:55:11.354;enp0s25;0;1022
39;08:55:12.362;enp0s25;0;64
40;08:55:13.370;enp0s25;0;360
41;08:55:14.377;enp0s25;0;64
42;08:55:15.384;enp0s25;0;394
43;08:55:16.390;enp0s25;64;128
44;08:55:17.397;enp0s25;0;0
45;08:55:18.404;enp0s25;43321;843549
46;08:55:19.411;enp0s25;72556;1371806
47;08:55:20.422;enp0s25;27655;320773
48;08:55:21.431;enp0s25;74127;877055
49;08:55:22.438;enp0s25;13702;398236
50;08:55:23.445;enp0s25;1920;960
51;08:55:24.452;enp0s25;7113;176575
52;08:55:25.467;enp0s25;90026;1998136
53;08:55:26.483;enp0s25;16690;253930
54;08:55:27.491;enp0s25;63538;1941814
55;08:55:28.499;enp0s25;10522;220847
56;08:55:29.507;enp0s25;9914;226648
57;08:55:30.522;enp0s25;14690;295395
58;08:55:31.531;enp0s25;55998;1178368
59;08:55:32.540;enp0s25;13250;196343
60;08:55:33.553;enp0s25;44169;886711
61;08:55:34.561;enp0s25;6086;171494
62;08:55:35.568;enp0s25;89873;1257274
63;08:55:36.578;enp0s25;109559;2068115
64;08:55:37.585;enp0s25;30560;752511
65;08:55:38.591;enp0s25;64;128
66;08:55:39.598;enp0s25;0;0
67;08:55:40.605;enp0s25;1920;1024
68;08:55:41.611;enp0s25;0;0
69;08:55:42.618;enp0s25;0;64
70;08:55:43.625;enp0s25;75909;2066859
71;08:55:44.632;enp0s25;190493;7153172
72;08:55:45.640;enp0s25;135799;7154404
73;08:55:46.647;enp0s25;150443;7146808
74;08:55:47.654;enp0s25;153103;7134740
75;08:55:48.661;enp0s25;151708;7151362
76;08:55:49.669;enp0s25;151846;7149844
77;08:55:50.676;enp0s25;151576;7127074
78;08:55:51.684;enp0s25;152432;7145435
79;08:55:52.692;enp0s25;151336;7154080
80;08:55:53.701;enp0s25;130694;6320952
81;08:55:54.710;enp0s25;149520;7098232
82;08:55:55.719;enp0s25;147732;6851292
83;08:55:56.727;enp0s25;152040;7154398
84;08:55:57.735;enp0s25;151620;7151298
85;08:55:58.742;enp0s25;151410;7152880
86;08:55:59.755;enp0s25;152180;7155852
87;08:56:00.763;enp0s25;143144;7152944
88;08:56:01.770;enp0s25;124320;7148262
89;08:56:02.777;enp0s25;151970;7154398
90;08:56:03.785;enp0s25;151760;7152816
91;08:56:04.793;enp0s25;151550;7154398
92;08:56:05.802;enp0s25;114100;5376756
93;08:56:06.809;enp0s25;151060;7140736
94;08:56:07.817;enp0s25;151690;7151298
95;08:56:08.825;enp0s25;151900;7154398
96;08:56:09.832;enp0s25;151900;7149780
97;08:56:10.841;enp0s25;151480;7152880
98;08:56:11.849;enp0s25;151474;7155916
99;08:56:12.857;enp0s25;152390;7152880
100;08:56:13.868;enp0s25;151620;7142190
101;08:56:14.882;enp0s25;151340;7146808
102;08:56:15.891;enp0s25;114730;5410152
103;08:56:16.906;enp0s25;152040;7160470
104;08:56:17.915;enp0s25;151760;7154334
105;08:56:18.923;enp0s25;151620;7157434
106;08:56:19.931;enp0s25;152174;7151362
107;08:56:20.940;enp0s25;156486;7165024
108;08:56:21.948;enp0s25;126720;7164064
109;08:56:22.958;enp0s25;116650;7166124
110;08:56:23.969;enp0s25;134218;7158888
111;08:56:24.978;enp0s25;140658;7163506
112;08:56:25.989;enp0s25;146205;7084576
113;08:56:27.001;enp0s25;109756;5132422
114;08:56:28.011;enp0s25;151690;7157370
115;08:56:29.019;enp0s25;126763;7162058
116;08:56:30.032;enp0s25;140776;7155852
117;08:56:31.042;enp0s25;132993;7159092
118;08:56:32.051;enp0s25;151340;7151298
119;08:56:33.059;enp0s25;151620;7152880
120;08:56:34.066;enp0s25;129550;7168060
121;08:56:35.079;enp0s25;135854;7143772
122;08:56:36.087;enp0s25;152320;7163442
123;08:56:37.095;enp0s25;113260;5341906
124;08:56:38.102;enp0s25;151690;7151298
125;08:56:39.110;enp0s25;152180;7158952
126;08:56:40.118;enp0s25;140910;7157370
127;08:56:41.126;enp0s25;151830;7146808
128;08:56:42.134;enp0s25;74958;3604542
129;08:56:43.142;enp0s25;0;64
130;08:56:44.149;enp0s25;0;0
131;08:56:45.155;enp0s25;64;128
132;08:56:46.162;enp0s25;0;0
133;08:56:47.169;enp0s25;0;64
134;08:56:48.176;enp0s25;0;0
135;08:56:49.183;enp0s25;0;64
136;08:56:50.189;enp0s25;0;0
137;08:56:51.196;enp0s25;0;64
138;08:56:52.203;enp0s25;0;64
139;08:56:53.211;enp0s25;0;0
140;08:56:54.217;enp0s25;0;64
141;08:56:55.225;enp0s25;64;64
142;08:56:56.232;enp0s25;0;64
143;08:56:57.239;enp0s25;0;0
144;08:56:58.246;enp0s25;0;64
145;08:56:59.252;enp0s25;0;0
146;08:57:00.259;enp0s25;0;64
147;08:57:01.267;enp0s25;0;0
148;08:57:02.274;enp0s25;0;64
149;08:57:03.282;enp0s25;0;0
150;08:57:04.289;enp0s25;0;64
151;08:57:05.296;enp0s25;0;1552
152;08:57:06.304;enp0s25;64;3436
153;08:57:07.311;enp0s25;0;760
154;08:57:08.319;enp0s25;0;1214
155;08:57:09.326;enp0s25;0;332
156;08:57:10.333;enp0s25;0;64
157;08:57:11.340;enp0s25;0;1150
158;08:57:12.347;enp0s25;0;64
159;08:57:13.354;enp0s25;0;0
160;08:57:14.361;enp0s25;0;64
161;08:57:15.368;enp0s25;0;0
162;08:57:16.375;enp0s25;0;64
163;08:57:17.381;enp0s25;64;64
164;08:57:18.388;enp0s25;0;458
165;08:57:19.395;enp0s25;0;0
166;08:57:20.402;enp0s25;0;64
167;08:57:21.409;enp0s25;0;0
168;08:57:22.419;enp0s25;0;64
169;08:57:23.426;enp0s25;0;0
170;08:57:24.434;enp0s25;0;64
171;08:57:25.441;enp0s25;0;0
172;08:57:26.448;enp0s25;0;64
173;08:57:27.456;enp0s25;0;0
174;08:57:28.463;enp0s25;64;128
175;08:57:29.470;enp0s25;0;0
176;08:57:30.477;enp0s25;0;64
177;08:57:31.484;enp0s25;0;0
178;08:57:32.491;enp0s25;0;64
179;08:57:33.498;enp0s25;0;0
180;08:57:34.505;enp0s25;0;64
181;08:57:35.512;enp0s25;0;0
182;08:57:36.525;enp0s25;0;64
183;08:57:37.535;enp0s25;0;0
184;08:57:38.542;enp0s25;0;64
185;08:57:39.549;enp0s25;64;64
186;08:57:40.556;enp0s25;0;64
187;08:57:41.563;enp0s25;0;0
188;08:57:42.569;enp0s25;0;64
189;08:57:43.624;enp0s25;0;0
190;08:57:44.631;enp0s25;0;64
191;08:57:45.637;enp0s25;0;0
192;08:57:46.645;enp0s25;0;64
193;08:57:47.652;enp0s25;0;0
194;08:57:48.659;enp0s25;0;64
195;08:57:49.666;enp0s25;0;0
196;08:57:50.673;enp0s25;64;128
197;08:57:51.680;enp0s25;0;0
198;08:57:52.688;enp0s25;0;64
199;08:57:53.700;enp0s25;0;0
200;08:57:54.708;enp0s25;0;64
201;08:57:55.715;enp0s25;0;0
202;08:57:56.722;enp0s25;0;64
203;08:57:57.728;enp0s25;0;0
204;08:57:58.735;enp0s25;0;64
205;08:57:59.742;enp0s25;0;0
206;08:58:00.749;enp0s25;0;64
207;08:58:01.756;enp0s25;64;64
208;08:58:02.762;enp0s25;0;64
209;08:58:03.769;enp0s25;0;0
210;08:58:04.776;enp0s25;0;64
211;08:58:05.783;enp0s25;0;0
212;08:58:06.790;enp0s25;0;64
213;08:58:07.797;enp0s25;0;0
214;08:58:08.807;enp0s25;0;64
215;08:58:09.814;enp0s25;0;0
216;08:58:10.821;enp0s25;0;64
217;08:58:11.829;enp0s25;0;0
218;08:58:12.836;enp0s25;64;128
219;08:58:13.843;enp0s25;0;0
220;08:58:14.850;enp0s25;0;64
221;08:58:15.858;enp0s25;0;0
222;08:58:16.865;enp0s25;0;64
223;08:58:17.872;enp0s25;0;0
224;08:58:18.879;enp0s25;0;64
225;08:58:19.886;enp0s25;0;0
226;08:58:20.898;enp0s25;0;64
227;08:58:21.907;enp0s25;0;0
228;08:58:22.915;enp0s25;0;64
229;08:58:23.922;enp0s25;64;64
230;08:58:24.930;enp0s25;0;64
231;08:58:25.937;enp0s25;0;0
232;08:58:26.944;enp0s25;0;64
233;08:58:27.950;enp0s25;0;0
234;08:58:28.957;enp0s25;0;64
235;08:58:29.963;enp0s25;0;0
236;08:58:30.970;enp0s25;0;64
237;08:58:31.977;enp0s25;0;0
238;08:58:32.984;enp0s25;0;64
239;08:58:33.991;enp0s25;0;0
240;08:58:34.998;enp0s25;64;128
241;08:58:36.007;enp0s25;0;1918
242;08:58:37.014;enp0s25;0;2462
243;08:58:38.020;enp0s25;0;898
244;08:58:39.028;enp0s25;0;1278
245;08:58:40.035;enp0s25;0;386
246;08:58:41.042;enp0s25;0;64
247;08:58:42.048;enp0s25;0;0
248;08:58:43.055;enp0s25;0;1278
249;08:58:44.063;enp0s25;0;0
250;08:58:45.070;enp0s25;0;502
251;08:58:46.077;enp0s25;64;64
252;08:58:47.084;enp0s25;0;64
253;08:58:48.090;enp0s25;0;0
254;08:58:49.102;enp0s25;0;64
255;08:58:50.109;enp0s25;0;0
256;08:58:51.125;enp0s25;0;64
257;08:58:52.133;enp0s25;0;0
258;08:58:53.140;enp0s25;0;64
259;08:58:54.147;enp0s25;0;0
260;08:58:55.154;enp0s25;0;64
261;08:58:56.160;enp0s25;0;0
262;08:58:57.167;enp0s25;64;128
263;08:58:58.174;enp0s25;0;0
264;08:58:59.181;enp0s25;0;64
265;08:59:00.188;enp0s25;0;0
266;08:59:01.194;enp0s25;0;64
267;08:59:02.201;enp0s25;0;64
268;08:59:03.208;enp0s25;0;0
269;08:59:04.214;enp0s25;0;64
270;08:59:05.221;enp0s25;0;2224
271;08:59:06.229;enp0s25;0;2700
272;08:59:07.237;enp0s25;0;760
273;08:59:08.244;enp0s25;64;1278
274;08:59:09.251;enp0s25;0;332
275;08:59:10.258;enp0s25;0;64
276;08:59:11.264;enp0s25;0;1150
277;08:59:12.271;enp0s25;0;64
278;08:59:13.278;enp0s25;0;0
279;08:59:14.284;enp0s25;0;64
280;08:59:15.291;enp0s25;0;0
281;08:59:16.298;enp0s25;0;64
282;08:59:17.304;enp0s25;0;0
283;08:59:18.311;enp0s25;0;396
284;08:59:19.318;enp0s25;64;64
285;08:59:20.325;enp0s25;0;64
286;08:59:21.331;enp0s25;0;0
287;08:59:22.338;enp0s25;0;64
288;08:59:23.345;enp0s25;0;0
289;08:59:24.351;enp0s25;0;64
290;08:59:25.358;enp0s25;0;0
291;08:59:26.366;enp0s25;0;64
292;08:59:27.372;enp0s25;0;0
293;08:59:28.379;enp0s25;0;458
294;08:59:29.386;enp0s25;64;64
295;08:59:30.392;enp0s25;0;64
296;08:59:31.399;enp0s25;0;0
297;08:59:32.406;enp0s25;0;64
298;08:59:33.413;enp0s25;0;0
299;08:59:34.419;enp0s25;0;64
300;08:59:35.426;enp0s25;0;3188
301;08:59:36.433;enp0s25;0;2496
302;08:59:37.439;enp0s25;0;0
303;08:59:38.446;enp0s25;0;1214
304;08:59:39.453;enp0s25;0;332
305;08:59:40.461;enp0s25;64;1278
306;08:59:41.468;enp0s25;0;0
307;08:59:42.478;enp0s25;0;64
308;08:59:43.485;enp0s25;0;0
309;08:59:44.492;enp0s25;0;64
310;08:59:45.499;enp0s25;0;0
311;08:59:46.506;enp0s25;0;64
312;08:59:47.512;enp0s25;0;0
313;08:59:48.519;enp0s25;0;396
314;08:59:49.526;enp0s25;0;0
315;08:59:50.536;enp0s25;0;64
316;08:59:51.543;enp0s25;370;826
317;08:59:52.550;enp0s25;709;3154
318;08:59:53.557;enp0s25;0;0
319;08:59:54.565;enp0s25;0;64
320;08:59:55.572;enp0s25;0;0
321;08:59:56.579;enp0s25;0;64
322;08:59:57.586;enp0s25;0;0
323;08:59:58.596;enp0s25;0;458
324;08:59:59.606;enp0s25;0;0
325;09:00:00.613;enp0s25;0;64
326;09:00:01.622;enp0s25;0;1552
327;09:00:02.629;enp0s25;64;3104
328;09:00:03.636;enp0s25;11393;1336
329;09:00:04.642;enp0s25;192;3809
330;09:00:05.649;enp0s25;0;332
331;09:00:06.655;enp0s25;0;64
332;09:00:07.662;enp0s25;0;1150
333;09:00:08.669;enp0s25;0;64
334;09:00:09.676;enp0s25;2945;9864
335;09:00:10.683;enp0s25;42804;534382
336;09:00:11.690;enp0s25;121644;2319713
337;09:00:12.697;enp0s25;79845;1337930
338;09:00:13.704;enp0s25;122982;3089824
339;09:00:14.711;enp0s25;97109;2840481
340;09:00:15.721;enp0s25;42274;419428
341;09:00:16.729;enp0s25;45226;675317
342;09:00:17.736;enp0s25;64584;1656924
343;09:00:18.743;enp0s25;33975;384631
344;09:00:19.749;enp0s25;56997;859977
345;09:00:20.756;enp0s25;44078;447337
346;09:00:21.763;enp0s25;40004;308479
347;09:00:22.770;enp0s25;52077;729566
348;09:00:23.777;enp0s25;47773;687360
349;09:00:24.784;enp0s25;70423;1289918
350;09:00:25.791;enp0s25;64177;1363838
351;09:00:26.798;enp0s25;46774;1208346
352;09:00:27.805;enp0s25;29595;701083
353;09:00:28.817;enp0s25;47753;863007
354;09:00:29.825;enp0s25;53213;689024
355;09:00:30.834;enp0s25;39690;791621
356;09:00:31.845;enp0s25;26115;811807
357;09:00:32.852;enp0s25;58103;1305003
358;09:00:33.859;enp0s25;41867;190176
359;09:00:34.866;enp0s25;61453;1168815
360;09:00:35.873;enp0s25;55509;842633
361;09:00:36.880;enp0s25;38822;315127
362;09:00:37.887;enp0s25;72239;2981085
363;09:00:38.894;enp0s25;71330;3249253
364;09:00:40.048;enp0s25;105730;3857333
365;09:00:41.055;enp0s25;59953;1385607
366;09:00:42.066;enp0s25;68828;1956480
367;09:00:43.072;enp0s25;42539;675771
368;09:00:44.079;enp0s25;34248;867950
369;09:00:45.086;enp0s25;43160;620292
370;09:00:46.093;enp0s25;58580;2384196
371;09:00:47.100;enp0s25;20196;997613
372;09:00:48.107;enp0s25;0;0
373;09:00:49.114;enp0s25;0;64
374;09:00:50.120;enp0s25;1407;26527
375;09:00:51.127;enp0s25;2639;396232
376;09:00:52.134;enp0s25;12797;402359
377;09:00:53.143;enp0s25;6530;160820
378;09:00:54.154;enp0s25;19391;760439
379;09:00:55.161;enp0s25;27121;1154499
380;09:00:56.169;enp0s25;24156;855282
381;09:00:57.177;enp0s25;54444;2548338
382;09:00:58.184;enp0s25;26114;1494919
383;09:00:59.191;enp0s25;47292;1789463
384;09:01:00.198;enp0s25;41901;1881313
385;09:01:01.205;enp0s25;7225;226229
386;09:01:02.212;enp0s25;0;64
387;09:01:03.219;enp0s25;0;0
388;09:01:04.226;enp0s25;0;64
389;09:01:05.233;enp0s25;0;0
390;09:01:06.240;enp0s25;0;64
391;09:01:07.252;enp0s25;0;0
392;09:01:08.262;enp0s25;0;396
393;09:01:09.270;enp0s25;64;64
394;09:01:10.277;enp0s25;0;64
395;09:01:11.283;enp0s25;0;0
396;09:01:12.290;enp0s25;0;64
397;09:01:13.297;enp0s25;0;0
398;09:01:14.304;enp0s25;0;64
399;09:01:15.312;enp0s25;0;0
400;09:01:16.320;enp0s25;0;64
401;09:01:17.326;enp0s25;0;0
402;09:01:18.334;enp0s25;0;64
403;09:01:19.341;enp0s25;0;0
404;09:01:20.357;enp0s25;1656;3510
405;09:01:21.364;enp0s25;0;568
