ID; Time; CPU %; MEM %; MEM KiB
1;08:54:34.027;21.9;11.703273;2358328
2;08:54:34.217;24.2;11.789669;2374976
3;08:54:34.386;20.3;11.824497;2381772
4;08:54:34.554;8.3;11.866732;2390060
5;08:54:34.728;22.7;11.944411;2406392
6;08:54:34.899;15.7;11.963016;2409896
7;08:54:35.071;1.6;11.964783;2410032
8;08:54:35.242;1.5;11.965677;2410432
9;08:54:35.413;4.7;11.965478;2410392
10;08:54:35.583;1.6;11.965478;2410392
11;08:54:35.753;1.6;11.964664;2410228
12;08:54:35.923;20.3;11.914765;2400176
13;08:54:36.093;4.6;11.912501;2399500
14;08:54:36.262;1.6;11.914229;2400068
15;08:54:36.432;1.6;11.913951;2400012
16;08:54:36.601;3.1;11.913971;2400016
17;08:54:36.776;4.3;11.915301;2400284
18;08:54:36.956;3.1;11.913037;2399828
19;08:54:37.132;1.6;11.914368;2400096
20;08:54:37.304;4.4;11.914249;2400072
21;08:54:37.475;3.1;11.870147;2392748
22;08:54:37.649;19.7;11.968596;2411264
23;08:54:37.819;4.5;11.973778;2411844
24;08:54:37.989;1.6;11.973044;2411696
25;08:54:38.158;1.5;11.972150;2411736
26;08:54:38.327;3.0;11.973977;2412104
27;08:54:38.502;1.6;11.987241;2414776
28;08:54:38.673;1.5;11.988532;2415036
29;08:54:38.843;1.6;11.987281;2414784
30;08:54:39.013;1.6;11.987757;2414880
31;08:54:39.182;3.1;11.987380;2415072
32;08:54:39.351;1.6;11.989624;2415256
33;08:54:39.521;3.0;11.989584;2415028
34;08:54:39.690;4.5;11.988571;2415044
35;08:54:39.860;2.9;11.988611;2415320
36;08:54:40.036;3.2;11.988949;2415120
37;08:54:40.209;4.3;11.989703;2415272
38;08:54:40.387;1.6;11.989703;2415272
39;08:54:40.563;7.1;11.990636;2415460
40;08:54:40.739;6.1;11.991709;2415676
41;08:54:40.915;4.4;11.990736;2415480
42;08:54:41.089;7.7;11.989147;2415160
43;08:54:41.261;11.8;11.990994;2415532
44;08:54:41.432;8.8;11.991331;2415868
45;08:54:41.606;1.4;11.998877;2417120
46;08:54:41.783;1.4;12.006581;2419028
47;08:54:41.960;4.8;11.990001;2415600
48;08:54:42.133;4.5;11.991490;2415632
49;08:54:42.304;7.4;11.991768;2416200
50;08:54:42.480;5.6;11.990676;2415464
51;08:54:42.650;4.4;12.001617;2417672
52;08:54:42.822;3.1;12.011406;2419644
53;08:54:42.993;4.6;12.012419;2419848
54;08:54:43.165;3.2;12.023102;2422000
55;08:54:43.336;1.5;12.022705;2421920
56;08:54:43.508;1.7;12.033566;2423888
57;08:54:43.680;6.7;12.032951;2423764
58;08:54:43.852;1.7;12.052648;2428220
59;08:54:44.023;3.2;12.050325;2427488
60;08:54:44.195;1.6;12.060988;2429876
61;08:54:44.366;0.0;12.073319;2432116
62;08:54:44.537;3.0;12.074471;2432348
63;08:54:44.708;1.8;12.084498;2434148
64;08:54:44.878;3.2;12.080547;2433352
65;08:54:45.051;1.7;12.093850;2436436
66;08:54:45.223;3.1;12.089859;2435724
67;08:54:45.395;3.1;12.100125;2437768
68;08:54:45.567;1.8;12.101595;2437812
69;08:54:45.740;0.0;12.114561;2440204
70;08:54:45.911;1.9;12.120121;2441468
71;08:54:46.082;3.6;12.120399;2441924
72;08:54:46.254;0.0;12.131479;2443832
73;08:54:46.427;3.3;12.130784;2443692
74;08:54:46.598;3.8;12.130744;2443684
75;08:54:46.771;3.8;12.145855;2446728
76;08:54:46.941;1.9;12.151970;2447960
77;08:54:47.114;1.9;12.152586;2448084
78;08:54:47.287;1.9;12.161740;2449928
79;08:54:47.458;1.9;12.167141;2451016
80;08:54:47.629;1.9;12.179154;2453216
81;08:54:47.801;2.0;12.176076;2452816
82;08:54:47.972;1.9;12.185826;2454780
83;08:54:48.143;3.8;12.184575;2454824
84;08:54:48.316;1.9;12.197223;2456856
85;08:54:48.489;2.0;12.204471;2458316
86;08:54:48.660;2.0;12.207231;2459092
87;08:54:48.833;1.9;12.217159;2461092
88;08:54:49.005;1.9;12.220098;2461464
89;08:54:49.178;2.0;12.226710;2463016
90;08:54:49.349;1.8;12.224685;2462988
91;08:54:49.521;3.4;12.237175;2465424
92;08:54:49.695;4.7;12.239260;2465812
93;08:54:49.871;1.7;12.243787;2466708
94;08:54:50.047;1.8;12.245077;2466716
95;08:54:50.219;1.8;12.255879;2468892
96;08:54:50.391;0.0;12.257111;2468920
97;08:54:50.563;1.9;12.266959;2471124
98;08:54:50.735;3.8;12.267893;2471312
99;08:54:50.905;3.7;12.277523;2472812
100;08:54:51.076;5.7;12.280223;2474032
101;08:54:51.247;3.9;12.287114;2475436
102;08:54:51.419;2.0;12.296704;2477116
103;08:54:51.590;2.0;12.296704;2477344
104;08:54:51.762;3.9;12.307467;2479536
105;08:54:51.934;1.9;12.309174;2479628
106;08:54:52.109;1.8;12.316303;2481316
107;08:54:52.282;1.9;12.318745;2481556
108;08:54:52.454;2.0;12.328356;2483492
109;08:54:52.625;3.2;12.329229;2483668
110;08:54:52.803;5.9;12.329468;2483496
111;08:54:52.980;1.7;12.330798;2483984
112;08:54:53.154;1.9;12.340269;2485892
113;08:54:53.326;3.1;12.340508;2485940
114;08:54:53.499;3.1;12.340428;2485924
115;08:54:53.673;3.0;12.340528;2485944
116;08:54:53.849;4.4;12.339435;2485504
117;08:54:54.025;5.7;12.338145;2485464
118;08:54:54.203;6.0;12.338820;2485820
119;08:54:54.380;2.9;12.341103;2486328
120;08:54:54.554;3.1;12.340071;2486096
121;08:54:54.728;3.0;12.338085;2485720
122;08:54:54.905;3.4;12.346087;2487064
123;08:54:55.077;1.8;12.349701;2487792
124;08:54:55.252;1.6;12.349801;2487812
125;08:54:55.427;0.0;12.350436;2487940
126;08:54:55.603;4.5;12.350436;2487940
127;08:54:55.777;4.5;12.350635;2487980
128;08:54:55.954;4.5;12.350476;2487728
129;08:54:56.130;6.1;12.350674;2487988
130;08:54:56.306;1.5;12.350297;2487692
131;08:54:56.483;6.2;12.347795;2487408
132;08:54:56.658;3.2;12.359689;2489584
133;08:54:56.831;3.2;12.358418;2489548
134;08:54:57.003;4.7;12.369995;2491660
135;08:54:57.175;4.8;12.376508;2492972
136;08:54:57.350;4.3;12.369717;2491604
137;08:54:57.528;4.6;12.377183;2493612
138;08:54:57.701;6.0;12.437646;2505508
139;08:54:57.872;1.5;12.461414;2510296
140;08:54:58.041;0.0;12.460401;2510340
141;08:54:58.211;1.6;12.461473;2510308
142;08:54:58.380;1.6;12.480198;2514144
143;08:54:58.549;1.5;12.540463;2526488
144;08:54:58.720;1.6;12.590799;2536360
145;08:54:58.890;3.1;12.593698;2537236
146;08:54:59.061;1.6;12.606446;2539512
147;08:54:59.232;1.6;12.646099;2547500
148;08:54:59.402;3.1;12.796333;2577764
149;08:54:59.571;0.0;12.942517;2606992
150;08:54:59.741;0.0;13.116618;2642528
151;08:54:59.911;6.1;13.220805;2663596
152;08:55:00.083;1.6;13.222255;2663564
153;08:55:00.253;6.0;13.360198;2690636
154;08:55:00.425;3.1;13.354062;2690140
155;08:55:00.597;3.1;13.352970;2689896
156;08:55:00.767;3.1;13.517838;2722888
157;08:55:00.938;0.0;13.643808;2747828
158;08:55:01.108;1.6;13.771386;2774424
159;08:55:01.279;4.7;13.828056;2787860
160;08:55:01.449;1.6;13.881431;2796384
161;08:55:01.619;1.5;13.881848;2796680
162;08:55:01.790;1.5;13.879723;2796008
163;08:55:01.960;4.5;13.876665;2795652
164;08:55:02.130;4.5;13.877022;2795692
165;08:55:02.301;4.5;13.896998;2799268
166;08:55:02.471;0.0;13.999319;2820140
167;08:55:02.641;3.1;14.138096;2848616
168;08:55:02.811;3.0;14.145164;2849480
169;08:55:02.983;3.1;14.175525;2855840
170;08:55:03.153;1.6;14.176935;2856124
171;08:55:03.324;3.1;14.177550;2856004
172;08:55:03.495;3.1;14.176180;2856256
173;08:55:03.666;1.5;14.331776;2886852
174;08:55:03.836;3.1;14.332629;2887244
175;08:55:04.006;0.0;14.330882;2886892
176;08:55:04.177;3.0;14.332451;2887208
177;08:55:04.347;1.6;14.330545;2886604
178;08:55:04.517;3.0;14.331478;2887012
179;08:55:04.687;1.6;14.331339;2886764
180;08:55:04.858;4.5;14.331577;2887276
181;08:55:05.029;3.0;14.332629;2887244
182;08:55:05.199;3.0;14.344504;2889636
183;08:55:05.371;1.6;14.353320;2891412
184;08:55:05.540;1.5;14.351414;2891256
185;08:55:05.711;2.9;14.362136;2893188
186;08:55:05.882;2.9;14.359972;2892800
187;08:55:06.053;3.1;14.370496;2894872
188;08:55:06.224;1.6;14.391504;2899348
189;08:55:06.395;1.6;14.405463;2901696
190;08:55:06.565;1.5;14.444620;2910020
191;08:55:06.735;1.5;14.518705;2924728
192;08:55:06.905;1.5;14.521564;2925548
193;08:55:07.076;1.6;14.521564;2925084
194;08:55:07.246;0.0;14.518585;2925224
195;08:55:07.417;1.6;14.547377;2930504
196;08:55:07.587;1.6;14.551587;2931352
197;08:55:07.758;3.0;14.553930;2932068
198;08:55:07.928;1.6;14.560046;2933080
199;08:55:08.098;1.6;14.558020;2932892
200;08:55:08.269;1.6;14.570729;2935208
201;08:55:08.439;0.0;14.568386;2934980
202;08:55:08.609;4.7;14.567393;2936364
203;08:55:08.780;3.1;14.578731;2937064
204;08:55:08.950;3.1;14.588798;2938848
205;08:55:09.121;2.9;14.590923;2939276
206;08:55:09.292;3.1;14.601764;2941460
207;08:55:09.462;1.6;14.601308;2941148
208;08:55:09.633;3.1;14.682123;2957648
209;08:55:09.803;4.5;14.703350;2962168
210;08:55:09.974;3.0;14.702298;2961628
211;08:55:10.145;3.0;14.703747;2962248
212;08:55:10.315;1.5;14.705971;2962452
213;08:55:10.486;1.5;14.713179;2963684
214;08:55:10.656;1.5;14.740998;2969508
215;08:55:10.826;3.0;14.751939;2971712
216;08:55:10.997;3.1;14.752753;2972136
217;08:55:11.167;3.2;14.752118;2971992
218;08:55:11.339;4.4;14.755990;2972772
219;08:55:11.511;0.0;14.757161;2972764
220;08:55:11.681;0.0;14.754679;2972264
221;08:55:11.852;1.6;14.763416;2973948
222;08:55:12.022;1.6;14.761808;2974220
223;08:55:12.193;1.6;14.762840;2974160
224;08:55:12.364;3.0;14.762602;2974428
225;08:55:12.534;5.8;14.767308;2974808
226;08:55:12.704;3.1;14.768718;2974872
227;08:55:12.874;1.5;14.773602;2976076
228;08:55:13.044;2.9;14.773563;2976068
229;08:55:13.214;2.9;14.795464;2980480
230;08:55:13.384;2.9;14.808014;2982788
231;08:55:13.555;0.0;14.818220;2984844
232;08:55:13.726;1.5;14.848362;2991136
233;08:55:13.896;3.0;14.856265;2992972
234;08:55:14.066;2.9;14.868060;2994884
235;08:55:14.236;4.3;14.887658;2999052
236;08:55:14.407;3.1;14.883905;2998328
237;08:55:14.578;1.6;15.276488;3077380
238;08:55:14.748;3.2;15.279188;3077924
239;08:55:14.919;0.0;15.279109;3077468
240;08:55:15.088;1.6;15.278334;3077752
241;08:55:15.258;3.1;15.279704;3078028
242;08:55:15.427;3.1;15.280201;3078128
243;08:55:15.596;0.0;15.280241;3078136
244;08:55:15.767;1.5;15.279109;3077908
245;08:55:15.938;0.0;15.309926;3084116
246;08:55:16.107;1.4;15.307305;3083588
247;08:55:16.277;4.7;15.309847;3084376
248;08:55:16.448;3.0;15.309906;3084112
249;08:55:16.617;1.6;15.308397;3083808
250;08:55:16.787;0.0;15.308318;3083792
251;08:55:16.956;1.5;15.308437;3083816
252;08:55:17.125;4.5;15.309648;3084060
253;08:55:17.295;1.6;15.308874;3083968
254;08:55:17.465;12.7;15.306948;3083516
255;08:55:17.635;13.4;15.318246;3085608
256;08:55:17.805;1.5;15.316280;3085396
257;08:55:17.974;3.0;15.317471;3085416
258;08:55:18.144;0.0;15.316101;3085140
259;08:55:18.313;1.6;15.317313;3085384
260;08:55:18.483;0.0;15.317630;3085228
261;08:55:18.653;3.0;15.314414;3085020
262;08:55:18.823;1.6;15.315426;3085224
263;08:55:18.997;4.8;15.318524;3085848
264;08:55:19.166;1.6;15.321463;3086440
265;08:55:19.335;1.6;15.325613;3087276
266;08:55:19.505;4.5;15.326645;3087728
267;08:55:19.677;4.6;15.328333;3087824
268;08:55:19.847;3.2;15.326764;3087288
269;08:55:20.017;1.5;15.327082;3087572
270;08:55:20.186;1.5;15.326466;3087448
271;08:55:20.358;3.0;15.325493;3087252
272;08:55:20.529;4.4;15.323448;3086840
273;08:55:20.699;1.6;15.323131;3086776
274;08:55:20.873;1.5;15.321661;3086528
275;08:55:21.046;1.5;15.323369;3086824
276;08:55:21.220;1.6;15.325871;3087612
277;08:55:21.390;3.1;15.325096;3087172
278;08:55:21.560;3.1;15.324620;3087076
279;08:55:21.730;3.0;15.323289;3086808
280;08:55:21.900;1.5;15.323289;3086808
281;08:55:22.071;3.1;15.323627;3086656
282;08:55:22.241;1.6;15.324223;3086996
283;08:55:22.413;3.1;15.324024;3086956
284;08:55:22.584;1.6;15.324262;3087004
285;08:55:22.753;1.6;15.324262;3086784
286;08:55:22.923;3.1;15.324461;3087044
287;08:55:23.093;1.6;15.324163;3086764
288;08:55:23.263;1.5;15.324322;3087016
289;08:55:23.432;3.1;15.326943;3087544
290;08:55:23.601;1.5;15.325136;3087180
291;08:55:23.771;9.2;15.237569;3070020
292;08:55:23.943;3.2;15.235226;3069068
293;08:55:24.113;0.0;15.235424;3069188
294;08:55:24.282;1.5;15.238284;3069464
295;08:55:24.452;1.5;15.236080;3069240
296;08:55:24.621;1.5;15.237053;3069216
297;08:55:24.790;4.4;15.235762;3068956
298;08:55:24.959;1.5;15.234432;3068688
299;08:55:25.129;1.6;15.236000;3069224
300;08:55:25.299;7.2;15.237450;3069824
301;08:55:25.475;1.5;15.239138;3069816
302;08:55:25.649;1.5;15.239396;3069908
303;08:55:25.818;3.1;15.237370;3069500
304;08:55:25.989;3.1;15.237370;3069500
305;08:55:26.163;2.9;15.238661;3069760
306;08:55:26.339;4.8;15.238542;3069736
307;08:55:26.510;3.1;15.241084;3070248
308;08:55:26.684;1.5;15.242215;3070476
309;08:55:26.862;4.2;15.242255;3070484
310;08:55:27.040;1.5;15.241044;3070240
311;08:55:27.215;1.6;15.242255;3070484
312;08:55:27.385;4.7;15.242136;3070684
313;08:55:27.555;4.8;15.241123;3070256
314;08:55:27.726;1.5;15.242176;3070468
315;08:55:27.902;1.5;15.243427;3070996
316;08:55:28.080;5.9;15.244956;3070808
317;08:55:28.257;2.9;15.246087;3071256
318;08:55:28.435;4.3;15.243923;3070600
319;08:55:28.612;4.4;15.243724;3070560
320;08:55:28.789;4.5;15.242672;3070568
321;08:55:28.966;3.0;15.242672;3070568
322;08:55:29.140;4.5;15.241401;3070588
323;08:55:29.315;2.9;15.244141;3070644
324;08:55:29.496;6.0;15.240547;3070408
325;08:55:29.674;1.5;15.243685;3070772
326;08:55:29.851;3.2;15.241282;3070068
327;08:55:30.021;4.4;15.242295;3070492
328;08:55:30.195;5.9;15.242493;3070532
329;08:55:30.372;4.5;15.242771;3070588
330;08:55:30.545;1.5;15.242612;3070556
331;08:55:30.722;4.6;15.242295;3070272
332;08:55:30.895;3.0;15.238165;3070372
333;08:55:31.070;6.2;15.237748;3069576
334;08:55:31.250;3.0;15.238721;3069772
335;08:55:31.420;1.5;15.241540;3070876
336;08:55:31.595;1.6;15.243883;3070576
337;08:55:31.768;3.1;15.242791;3070592
338;08:55:31.938;1.5;15.241342;3070080
339;08:55:32.107;1.6;15.238482;3069724
340;08:55:32.279;3.1;15.237787;3069584
341;08:55:32.454;6.2;15.251270;3072300
342;08:55:32.625;3.1;15.248411;3071992
343;08:55:32.794;3.0;15.253613;3072772
344;08:55:32.972;4.5;15.253375;3072724
345;08:55:33.147;5.9;15.251151;3072276
346;08:55:33.325;4.4;15.253375;3072724
347;08:55:33.500;3.1;15.251190;3072536
348;08:55:33.677;4.5;15.253295;3072708
349;08:55:33.851;1.6;15.255261;3073364
350;08:55:34.026;1.6;15.254129;3072876
351;08:55:34.196;0.0;15.252640;3072844
352;08:55:34.366;3.0;15.251647;3072376
353;08:55:34.536;3.2;15.255976;3073028
354;08:55:34.706;0.0;15.253573;3072764
355;08:55:34.876;4.5;15.254169;3072884
356;08:55:35.046;3.1;15.255499;3073152
357;08:55:35.215;3.1;15.254606;3072972
358;08:55:35.384;3.2;15.254646;3072980
359;08:55:35.553;3.1;15.255499;3073152
360;08:55:35.723;1.6;15.253156;3072680
361;08:55:35.892;1.6;15.253315;3072972
362;08:55:36.062;5.9;15.251627;3072372
363;08:55:36.232;1.6;15.254248;3073200
364;08:55:36.402;2.9;15.252064;3072460
365;08:55:36.572;3.2;15.252024;3072452
366;08:55:36.742;3.1;15.264872;3075040
367;08:55:36.911;1.6;15.284688;3079072
368;08:55:37.081;1.6;15.336832;3089536
369;08:55:37.251;1.6;15.336633;3089496
370;08:55:37.420;3.0;15.378351;3097900
371;08:55:37.591;4.5;15.377517;3097512
372;08:55:37.762;3.0;15.378490;3097708
373;08:55:37.931;3.1;15.398128;3101884
374;08:55:38.100;3.2;15.415265;3105372
375;08:55:38.270;3.0;15.415562;3105176
376;08:55:38.439;3.1;15.414967;3105276
377;08:55:38.609;0.0;15.416615;3105608
378;08:55:38.779;1.6;15.415245;3105332
379;08:55:38.949;4.5;15.426623;3107624
380;08:55:39.118;0.0;15.425054;3107380
381;08:55:39.288;1.6;15.447035;3111736
382;08:55:39.457;3.2;15.468420;3116044
383;08:55:39.626;1.5;15.467209;3115800
384;08:55:39.795;1.5;15.477356;3118136
385;08:55:39.964;3.1;15.500509;3122288
386;08:55:40.134;1.5;15.512005;3124824
387;08:55:40.303;1.5;15.512045;3124832
388;08:55:40.473;0.0;15.542545;3130976
389;08:55:40.642;1.5;15.538971;3130516
390;08:55:40.811;7.2;15.538375;3130136
391;08:55:40.982;3.1;15.539844;3130432
392;08:55:41.151;3.0;15.539407;3130344
393;08:55:41.320;1.6;15.539824;3130208
394;08:55:41.489;1.5;15.541353;3130736
395;08:55:41.659;1.6;15.542128;3130892
396;08:55:41.828;3.1;15.539606;3130164
397;08:55:41.997;3.0;15.539765;3130416
398;08:55:42.168;3.1;15.540738;3130392
399;08:55:42.337;0.0;15.539249;3130092
400;08:55:42.506;1.6;15.541055;3130676
401;08:55:42.675;1.6;15.538355;3130132
402;08:55:42.844;0.0;15.541055;3130456
403;08:55:43.014;1.6;15.538236;3130384
404;08:55:43.183;1.5;15.538236;3130108
405;08:55:43.352;0.0;15.539924;3130448
406;08:55:43.522;3.1;15.541373;3130520
407;08:55:43.691;1.6;15.559562;3134184
408;08:55:43.860;1.5;15.695023;3161692
409;08:55:44.030;3.0;15.696115;3161912
410;08:55:44.206;3.3;15.694407;3161568
411;08:55:44.380;3.7;15.697108;3162112
412;08:55:44.552;1.5;15.696234;3162168
413;08:55:44.729;6.3;15.699510;3162596
414;08:55:44.903;4.4;15.701615;3163020
415;08:55:45.084;5.6;15.695440;3162008
416;08:55:45.256;8.9;15.698835;3162460
417;08:55:45.430;5.6;15.695062;3161700
418;08:55:45.600;4.1;15.695837;3161856
419;08:55:45.777;4.4;15.697405;3162172
420;08:55:45.950;9.3;15.697326;3162156
421;08:55:46.121;4.1;15.693613;3161408
422;08:55:46.293;6.9;15.691508;3161228
423;08:55:46.464;8.1;15.694328;3161776
424;08:55:46.635;8.7;15.694268;3161540
425;08:55:46.807;8.0;15.691429;3160968
426;08:55:46.978;7.9;15.692838;3161252
427;08:55:47.149;9.1;15.690416;3161040
428;08:55:47.322;4.5;15.699550;3162604
429;08:55:47.500;12.8;15.694010;3161900
430;08:55:47.673;10.1;15.695777;3161844
431;08:55:47.844;8.1;15.694407;3161788
432;08:55:48.017;9.2;15.693494;3161384
433;08:55:48.190;10.5;15.695261;3161528
434;08:55:48.361;12.7;15.694864;3161660
435;08:55:48.533;14.9;15.702806;3163260
436;08:55:48.705;15.4;15.705050;3163384
437;08:55:48.878;11.7;15.712437;3165696
438;08:55:49.052;6.2;15.713727;3165240
439;08:55:49.223;12.9;15.724251;3167580
440;08:55:49.395;14.3;15.728262;3168356
441;08:55:49.571;10.5;15.745776;3172304
442;08:55:49.744;18.1;15.749608;3172468
443;08:55:49.916;11.0;15.747424;3172028
444;08:55:50.087;16.7;15.747900;3172344
445;08:55:50.258;16.7;15.745776;3171916
446;08:55:50.429;12.3;15.749211;3172388
447;08:55:50.600;16.9;15.751356;3173040
448;08:55:50.772;15.5;15.748218;3172188
449;08:55:50.943;11.6;15.749628;3172692
450;08:55:51.114;18.6;15.749410;3172428
451;08:55:51.285;14.3;15.747444;3172252
452;08:55:51.456;12.9;15.748854;3172536
453;08:55:51.628;11.6;15.743790;3171800
454;08:55:51.801;18.1;15.747186;3172476
455;08:55:51.974;10.0;15.746332;3172028
456;08:55:52.146;15.3;15.742658;3171288
457;08:55:52.318;4.6;15.748099;3172384
458;08:55:52.489;9.0;15.750124;3172792
459;08:55:52.661;10.1;15.749072;3172360
460;08:55:52.833;7.6;15.748675;3172280
461;08:55:53.004;8.8;15.750283;3172824
462;08:55:53.178;6.1;15.749787;3172724
463;08:55:53.348;1.6;15.750800;3172928
464;08:55:53.519;3.0;15.747940;3172352
465;08:55:53.693;11.4;15.746233;3172232
466;08:55:53.866;4.4;15.744465;3171652
467;08:55:54.038;4.5;15.745220;3171836
468;08:55:54.210;7.4;15.749608;3172468
469;08:55:54.382;3.0;15.746987;3172452
470;08:55:54.553;3.3;15.744525;3171664
471;08:55:54.726;1.5;15.746530;3172652
472;08:55:54.899;5.9;15.748397;3172444
473;08:55:55.070;0.0;15.748397;3172444
474;08:55:55.241;3.3;15.749807;3172728
475;08:55:55.412;1.5;15.751812;3172688
476;08:55:55.584;3.2;15.749509;3172448
477;08:55:55.801;5.1;15.747404;3172244
478;08:55:55.973;1.6;15.748198;3172404
479;08:55:56.146;1.9;15.748695;3172504
480;08:55:56.317;1.9;15.747742;3172312
481;08:55:56.488;0.0;15.747424;3172248
482;08:55:56.662;1.8;15.750065;3172780
483;08:55:56.834;3.8;15.750621;3173144
484;08:55:57.006;0.0;15.748536;3172472
485;08:55:57.178;0.0;15.746312;3172064
486;08:55:57.350;1.9;15.747464;3172584
487;08:55:57.523;1.9;15.747702;3172320
488;08:55:57.695;8.8;15.748476;3172604
489;08:55:57.869;1.9;15.750045;3172776
490;08:55:58.040;1.9;15.750522;3172652
491;08:55:58.212;0.0;15.748476;3172684
492;08:55:58.384;2.0;15.747325;3172228
493;08:55:58.557;5.6;15.745677;3171896
494;08:55:58.729;3.9;15.748496;3172464
495;08:55:58.900;0.0;15.746451;3172052
496;08:55:59.072;2.0;15.748556;3172840
497;08:55:59.244;2.0;15.750998;3172968
498;08:55:59.415;3.8;15.750819;3172712
499;08:55:59.587;0.0;15.751991;3172728
500;08:55:59.762;3.8;15.749191;3172604
501;08:55:59.933;2.0;15.748595;3172264
502;08:56:00.103;3.8;15.747384;3172240
503;08:56:00.275;2.0;15.750502;3172428
504;08:56:00.446;1.9;15.747067;3172176
505;08:56:00.618;1.9;15.749588;3172724
506;08:56:00.791;2.0;15.749290;3172404
507;08:56:00.963;1.9;15.750005;3172768
508;08:56:01.134;1.9;15.748059;3172376
509;08:56:01.306;3.8;15.749767;3172728
510;08:56:01.478;3.6;15.746451;3171724
511;08:56:01.649;1.7;15.744386;3171888
512;08:56:01.820;3.2;15.747245;3172800
513;08:56:01.991;4.6;15.746570;3171420
514;08:56:02.161;1.9;15.746967;3172156
515;08:56:02.332;1.9;15.748357;3172216
516;08:56:02.504;3.9;15.749092;3172364
517;08:56:02.675;1.9;15.749926;3172752
518;08:56:02.848;3.8;15.748854;3172536
519;08:56:03.020;1.9;15.751276;3173024
520;08:56:03.191;3.9;15.750581;3172884
521;08:56:03.363;3.8;15.747285;3172220
522;08:56:03.535;1.9;15.749012;3172568
523;08:56:03.708;3.8;15.748993;3172564
524;08:56:03.879;1.9;15.749807;3172728
525;08:56:04.051;1.9;15.749787;3172504
526;08:56:04.224;1.9;15.748238;3172412
527;08:56:04.396;1.9;15.750780;3172924
528;08:56:04.569;3.7;15.747225;3172208
529;08:56:04.742;3.6;15.747265;3172216
530;08:56:04.914;0.0;15.748218;3172188
531;08:56:05.086;1.9;15.749191;3172152
532;08:56:05.258;3.7;15.751097;3172988
533;08:56:05.430;3.7;15.752011;3172952
534;08:56:05.601;1.9;15.750402;3172848
535;08:56:05.772;1.9;15.746233;3172008
536;08:56:05.945;5.4;15.750303;3172608
537;08:56:06.117;0.0;15.746233;3172008
538;08:56:06.289;4.6;15.747702;3172084
539;08:56:06.468;1.7;15.746173;3172240
540;08:56:06.639;1.9;15.747742;3172312
541;08:56:06.811;3.6;15.749866;3172740
542;08:56:06.983;1.9;15.751892;3173276
543;08:56:07.155;1.8;15.750124;3172792
544;08:56:07.326;1.8;15.749846;3172736
545;08:56:07.496;1.9;15.750978;3173204
546;08:56:07.668;1.8;15.751534;3173076
547;08:56:07.840;3.7;15.749926;3173180
548;08:56:08.012;1.8;15.747285;3172220
549;08:56:08.183;0.0;15.750363;3172400
550;08:56:08.355;1.8;15.748178;3172400
551;08:56:08.526;1.8;15.745180;3172256
552;08:56:08.699;3.6;15.751395;3173048
553;08:56:08.871;1.9;15.750383;3172844
554;08:56:09.043;1.9;15.748258;3172416
555;08:56:09.215;1.8;15.747761;3172316
556;08:56:09.387;1.8;15.749171;3172852
557;08:56:09.558;3.4;15.748476;3172460
558;08:56:09.730;1.8;15.747742;3172092
559;08:56:09.901;1.8;15.747583;3172248
560;08:56:10.072;1.7;15.744187;3171596
561;08:56:10.243;1.8;15.748258;3172652
562;08:56:10.415;0.0;15.749966;3172760
563;08:56:10.586;3.4;15.750502;3172868
564;08:56:10.758;3.4;15.746689;3172100
565;08:56:10.930;3.5;15.747940;3172352
566;08:56:11.102;1.8;15.749032;3172352
567;08:56:11.273;0.0;15.749151;3172816
568;08:56:11.445;1.7;15.746967;3172156
569;08:56:11.618;1.7;15.747523;3172268
570;08:56:11.791;1.8;15.748337;3172500
571;08:56:11.962;1.8;15.749509;3172668
572;08:56:12.135;3.4;15.749370;3172640
573;08:56:12.309;3.5;15.749112;3172588
574;08:56:12.481;1.7;15.748178;3172652
575;08:56:12.655;0.0;15.748754;3172516
576;08:56:12.825;3.4;15.746610;3172084
577;08:56:12.996;0.0;15.744743;3171708
578;08:56:13.168;1.9;15.742936;3171344
579;08:56:13.340;0.0;15.747821;3172328
580;08:56:13.514;0.0;15.749092;3172844
581;08:56:13.686;1.7;15.748734;3172740
582;08:56:13.857;1.7;15.749251;3172616
583;08:56:14.029;1.7;15.752765;3173324
584;08:56:14.200;1.7;15.750800;3172708
585;08:56:14.372;0.0;15.747205;3172204
586;08:56:14.544;0.0;15.748496;3172464
587;08:56:14.715;1.7;15.747364;3172016
588;08:56:14.887;1.7;15.748039;3172372
589;08:56:15.059;1.8;15.748278;3172420
590;08:56:15.230;3.3;15.749191;3172604
591;08:56:15.402;1.6;15.748854;3172316
592;08:56:15.575;3.3;15.747563;3172276
593;08:56:15.747;3.3;15.748933;3172564
594;08:56:15.918;0.0;15.747881;3172340
595;08:56:16.092;0.0;15.747563;3172276
596;08:56:16.265;0.0;15.750800;3172928
597;08:56:16.436;0.0;15.747742;3172312
598;08:56:16.608;3.1;15.748774;3172520
599;08:56:16.784;3.2;15.750363;3172840
600;08:56:16.956;3.3;15.750442;3172632
601;08:56:17.128;6.7;15.746471;3172156
602;08:56:17.299;6.6;15.750899;3172964
603;08:56:17.471;1.7;15.752726;3173096
604;08:56:17.643;1.7;15.749211;3172868
605;08:56:17.816;1.6;15.750621;3172892
606;08:56:17.987;1.6;15.749926;3172752
607;08:56:18.159;1.6;15.750680;3172904
608;08:56:18.332;0.0;15.750323;3172612
609;08:56:18.504;1.6;15.747742;3172312
610;08:56:18.675;1.6;15.749509;3172668
611;08:56:18.847;3.1;15.749946;3172756
612;08:56:19.019;0.0;15.748576;3172260
613;08:56:19.189;1.7;15.758544;3174488
614;08:56:19.361;1.6;15.760628;3174468
615;08:56:19.533;1.7;15.768591;3176340
616;08:56:19.703;0.0;15.768591;3177096
617;08:56:19.874;1.6;15.769842;3176764
618;08:56:20.045;1.6;15.769683;3176732
619;08:56:20.217;4.8;15.772344;3177048
620;08:56:20.390;0.0;15.772503;3176856
621;08:56:20.562;4.8;15.769484;3176692
622;08:56:20.732;3.1;15.770775;3176952
623;08:56:20.903;1.6;15.773198;3176780
624;08:56:21.075;3.1;15.768333;3176460
625;08:56:21.247;4.7;15.770358;3176868
626;08:56:21.418;3.0;15.769465;3177060
627;08:56:21.591;1.6;15.770934;3176984
628;08:56:21.763;3.1;15.774905;3177564
629;08:56:21.937;7.6;15.775660;3177936
630;08:56:22.112;1.6;15.769961;3177080
631;08:56:22.283;1.6;15.773952;3177592
632;08:56:22.458;4.8;15.777090;3178004
633;08:56:22.631;7.7;15.776613;3178128
634;08:56:22.801;4.7;15.773257;3177452
635;08:56:22.975;3.0;15.775382;3177660
636;08:56:23.154;1.6;15.773257;3177856
637;08:56:23.327;4.6;15.772165;3177476
638;08:56:23.496;4.7;15.774051;3177612
639;08:56:23.666;3.1;15.778857;3178580
640;08:56:23.843;4.7;15.778559;3178300
641;08:56:24.018;3.0;15.770497;3176456
642;08:56:24.189;1.5;15.771093;3177016
643;08:56:24.360;4.7;15.771967;3176972
644;08:56:24.532;1.5;15.775739;3178220
645;08:56:24.706;3.2;15.774012;3177372
646;08:56:24.876;4.4;15.773059;3177192
647;08:56:25.049;1.4;15.773337;3177468
648;08:56:25.223;6.2;15.769782;3176752
649;08:56:25.394;1.5;15.769663;3176728
650;08:56:25.565;4.4;15.769147;3176672
651;08:56:25.737;4.5;15.772304;3177592
652;08:56:25.915;6.3;15.775005;3178132
653;08:56:26.085;2.9;15.767439;3176516
654;08:56:26.257;4.3;15.770477;3176892
655;08:56:26.428;4.7;15.775997;3178004
656;08:56:26.598;1.5;15.772701;3177340
657;08:56:26.772;4.7;15.779949;3178800
658;08:56:26.947;4.5;15.778936;3178596
659;08:56:27.125;4.5;15.771927;3177184
660;08:56:27.302;2.9;15.770477;3176672
661;08:56:27.475;2.9;15.767122;3176216
662;08:56:27.645;3.0;15.764004;3175812
663;08:56:27.817;2.9;15.765434;3176012
664;08:56:27.988;5.8;15.771569;3177112
665;08:56:28.159;3.0;15.771311;3176620
666;08:56:28.331;4.3;15.769643;3176984
667;08:56:28.503;4.3;15.770835;3177248
668;08:56:28.675;1.5;15.768293;3176452
669;08:56:28.847;1.5;15.769445;3176684
670;08:56:29.019;1.5;15.773495;3177500
671;08:56:29.191;3.2;15.771133;3176804
672;08:56:29.364;4.6;15.776057;3178016
673;08:56:29.541;4.4;15.771470;3177344
674;08:56:29.717;3.2;15.780664;3178944
675;08:56:29.889;7.5;15.775680;3178288
676;08:56:30.064;2.9;15.771073;3177248
677;08:56:30.237;4.3;15.777884;3178384
678;08:56:30.415;3.2;15.772344;3177268
679;08:56:30.586;2.9;15.772185;3177244
680;08:56:30.762;4.5;15.777506;3178308
681;08:56:30.938;5.8;15.776673;3178140
682;08:56:31.114;4.7;15.780406;3179152
683;08:56:31.289;4.5;15.781160;3179312
684;08:56:31.467;3.3;15.782888;3179172
685;08:56:31.639;4.8;15.770835;3176964
686;08:56:31.812;7.1;15.772165;3177192
687;08:56:31.984;4.3;15.770994;3176776
688;08:56:32.155;1.5;15.772503;3177080
689;08:56:32.327;2.9;15.770835;3176964
690;08:56:32.499;1.5;15.770418;3176880
691;08:56:32.670;4.1;15.772463;3177292
692;08:56:32.842;2.8;15.772403;3177280
693;08:56:33.015;3.0;15.772264;3177252
694;08:56:33.187;2.9;15.769882;3176772
695;08:56:33.359;4.2;15.769524;3176932
696;08:56:33.530;2.9;15.770418;3176880
697;08:56:33.702;2.9;15.769465;3176688
698;08:56:33.876;2.8;15.767995;3176392
699;08:56:34.048;4.2;15.768968;3177008
700;08:56:34.220;4.2;15.772562;3177088
701;08:56:34.396;6.0;15.771788;3177156
702;08:56:34.575;2.8;15.770299;3176856
703;08:56:34.748;4.3;15.773059;3177412
704;08:56:34.921;3.1;15.776097;3178024
705;08:56:35.092;5.7;15.770398;3177136
706;08:56:35.264;2.9;15.775302;3177864
707;08:56:35.441;2.9;15.770557;3177228
708;08:56:35.613;2.8;15.773118;3177424
709;08:56:35.788;3.1;15.770596;3176916
710;08:56:35.960;4.4;15.772245;3177028
711;08:56:36.132;5.7;15.771510;3177100
712;08:56:36.304;4.1;15.773436;3177712
713;08:56:36.476;4.2;15.772781;3176916
714;08:56:36.647;1.5;15.770934;3176544
715;08:56:36.822;2.8;15.771272;3176616
716;08:56:36.995;4.3;15.775302;3177864
717;08:56:37.260;0.0;15.772999;3177180
718;08:56:37.438;3.0;15.771828;3176944
719;08:56:37.616;2.8;15.772701;3177340
720;08:56:37.789;2.9;15.772523;3177544
721;08:56:37.964;3.0;15.771073;3176788
722;08:56:38.136;2.9;15.769941;3176784
723;08:56:38.308;2.9;15.767002;3176444
724;08:56:38.481;4.6;15.770279;3176632
725;08:56:38.651;1.5;15.770438;3176932
726;08:56:38.823;1.5;15.772940;3177388
727;08:56:38.995;5.8;15.774310;3177664
728;08:56:39.166;1.5;15.771212;3176820
729;08:56:39.337;4.3;15.770040;3176804
730;08:56:39.510;4.3;15.771490;3177096
731;08:56:39.683;3.0;15.771371;3177072
732;08:56:39.856;2.9;15.772542;3177308
733;08:56:40.029;2.9;15.768492;3176760
734;08:56:40.202;0.0;15.772165;3177492
735;08:56:40.372;6.1;15.775739;3178120
736;08:56:40.545;1.5;15.774766;3177536
737;08:56:40.718;1.5;15.772820;3177364
738;08:56:40.890;2.9;15.771013;3176780
739;08:56:41.063;3.0;15.771510;3177100
740;08:56:41.235;3.0;15.774051;3177660
741;08:56:41.408;1.5;15.772920;3177384
742;08:56:41.580;4.4;15.772801;3177360
743;08:56:41.751;4.3;15.775243;3177852
744;08:56:41.923;1.5;15.771887;3177176
745;08:56:42.093;5.8;15.772959;3177616
746;08:56:42.265;5.6;15.844741;3191852
747;08:56:42.436;1.5;15.845515;3192008
748;08:56:42.607;0.0;15.845872;3191860
749;08:56:42.776;1.5;15.845475;3191780
750;08:56:42.946;0.0;15.841186;3191364
751;08:56:43.116;4.6;15.842656;3191676
752;08:56:43.286;2.9;15.844244;3191752
753;08:56:43.456;3.0;15.845098;3191924
754;08:56:43.625;4.5;15.843231;3191792
755;08:56:43.794;3.1;15.843370;3191248
756;08:56:43.964;3.0;15.842080;3191372
757;08:56:44.134;1.5;15.846686;3192244
758;08:56:44.303;3.1;15.845674;3192284
759;08:56:44.472;1.5;15.846587;3192280
760;08:56:44.641;1.6;15.844006;3191376
761;08:56:44.811;1.5;15.843986;3191700
762;08:56:44.980;3.1;15.845396;3191764
763;08:56:45.149;1.5;15.846408;3192188
764;08:56:45.318;3.0;15.845614;3191808
765;08:56:45.487;1.6;15.845594;3192308
766;08:56:45.657;0.0;15.845872;3192080
767;08:56:45.826;1.6;15.845714;3192048
768;08:56:45.995;1.6;15.846071;3192412
769;08:56:46.165;1.5;15.846547;3192216
770;08:56:46.333;1.5;15.844502;3192080
771;08:56:46.502;3.1;15.844443;3191792
772;08:56:46.671;1.5;15.847123;3192112
773;08:56:46.841;3.1;15.843946;3191692
774;08:56:47.012;1.6;15.843748;3191652
775;08:56:47.183;1.6;15.844919;3191888
776;08:56:47.352;1.6;15.846289;3192164
777;08:56:47.522;0.0;15.845495;3191784
778;08:56:47.691;3.1;15.843569;3191616
779;08:56:47.860;3.0;15.842139;3191016
780;08:56:48.030;1.6;15.845177;3191940
781;08:56:48.200;3.1;15.842616;3191424
782;08:56:48.370;1.5;15.842338;3191368
783;08:56:48.540;1.6;15.845356;3191976
784;08:56:48.710;0.0;15.846964;3192300
785;08:56:48.879;3.1;15.845575;3191800
786;08:56:49.049;3.1;15.845793;3191844
787;08:56:49.219;0.0;15.845336;3191972
788;08:56:49.390;2.9;15.845455;3192232
789;08:56:49.560;1.4;15.843748;3191652
790;08:56:49.730;2.8;15.847381;3192384
791;08:56:49.899;1.5;15.845932;3191872
792;08:56:50.069;3.0;15.846250;3191936
793;08:56:50.239;1.6;15.847024;3192092
794;08:56:50.408;1.5;15.847064;3192320
795;08:56:50.578;1.5;15.845773;3191840
796;08:56:50.747;1.4;15.845773;3191840
797;08:56:50.917;0.0;15.843152;3191532
798;08:56:51.087;1.6;15.843509;3191644
799;08:56:51.256;1.5;15.843430;3191588
800;08:56:51.426;2.6;15.843271;3191336
801;08:56:51.595;1.5;15.843629;3191628
802;08:56:51.764;1.6;15.846210;3192148
803;08:56:51.934;1.5;15.846329;3192172
804;08:56:52.103;1.5;15.846051;3192116
805;08:56:52.272;1.6;15.844800;3191864
806;08:56:52.442;0.0;15.844760;3191636
807;08:56:52.611;1.6;15.842139;3191328
808;08:56:52.780;1.5;15.844760;3191856
809;08:56:52.949;3.1;15.846011;3192108
810;08:56:53.118;3.1;15.846170;3192140
811;08:56:53.288;1.6;15.845356;3192016
812;08:56:53.459;3.1;15.844999;3191904
813;08:56:53.628;3.1;15.844542;3191812
814;08:56:53.799;1.6;15.843589;3191864
815;08:56:53.969;1.6;15.845694;3192044
816;08:56:54.139;1.6;15.847143;3192116
817;08:56:54.309;1.6;15.844522;3191808
818;08:56:54.479;1.6;15.843787;3191700
819;08:56:54.649;1.6;15.843807;3191916
820;08:56:54.820;0.0;15.845316;3191968
821;08:56:54.991;3.2;15.845634;3191704
822;08:56:55.161;3.1;15.843192;3191540
823;08:56:55.330;4.5;15.844482;3191800
824;08:56:55.500;1.5;15.848394;3192840
825;08:56:55.671;1.5;15.846508;3192208
826;08:56:55.841;4.7;15.842993;3191424
827;08:56:56.012;3.1;15.842934;3191732
828;08:56:56.182;4.5;15.845237;3192228
829;08:56:56.352;3.2;15.845098;3191924
830;08:56:56.522;0.0;15.846547;3192240
831;08:56:56.692;3.2;15.845932;3191764
832;08:56:56.862;1.5;15.845038;3191912
833;08:56:57.032;0.0;15.842298;3191604
834;08:56:57.202;3.0;15.841484;3191136
835;08:56:57.372;4.6;15.843231;3191548
836;08:56:57.543;1.6;15.843390;3191580
837;08:56:57.713;1.6;15.843629;3191628
838;08:56:57.883;3.0;15.843867;3191676
839;08:56:58.053;4.7;15.844105;3191724
840;08:56:58.222;0.0;15.844065;3191496
841;08:56:58.392;3.1;15.843708;3191644
842;08:56:58.562;1.5;15.841127;3191628
843;08:56:58.731;0.0;15.845177;3191988
844;08:56:58.901;1.5;15.844125;3191556
845;08:56:59.070;0.0;15.844065;3191716
846;08:56:59.239;3.0;15.842000;3191552
847;08:56:59.408;3.0;15.843946;3191692
848;08:56:59.578;4.5;15.842338;3191612
849;08:56:59.747;3.1;15.840511;3191292
850;08:56:59.917;1.5;15.845594;3192024
851;08:57:00.087;1.6;15.845912;3191760
852;08:57:00.257;1.6;15.842814;3191052
853;08:57:00.428;1.5;15.842894;3191480
854;08:57:00.599;1.5;15.842437;3191632
855;08:57:00.769;3.0;15.845078;3191372
856;08:57:00.941;1.4;15.845475;3192244
857;08:57:01.111;3.1;15.840154;3191624
858;08:57:01.284;3.0;15.840054;3190940
859;08:57:01.454;3.1;15.841107;3191372
860;08:57:01.625;0.0;15.840968;3191336
861;08:57:01.795;3.0;15.841941;3191288
862;08:57:01.965;6.2;15.839816;3190916
863;08:57:02.136;4.5;15.840670;3191032
864;08:57:02.306;6.0;15.841365;3191172
865;08:57:02.478;3.0;15.840074;3190660
866;08:57:02.648;1.5;15.840610;3191020
867;08:57:02.818;3.0;15.841564;3191456
868;08:57:02.988;4.7;15.843787;3191264
869;08:57:03.158;3.1;15.841444;3191236
870;08:57:03.329;3.0;15.843847;3191536
871;08:57:03.500;4.8;15.844840;3192368
872;08:57:03.674;3.2;15.843847;3190856
873;08:57:03.845;6.0;15.845356;3191976
874;08:57:04.017;3.0;15.843688;3191884
875;08:57:04.191;1.6;15.843847;3191672
876;08:57:04.361;3.2;15.843331;3190952
877;08:57:04.532;3.1;15.844482;3192044
878;08:57:04.702;4.3;15.844701;3191844
879;08:57:04.872;3.0;15.845376;3191980
880;08:57:05.042;4.5;15.845575;3191692
881;08:57:05.213;4.5;15.844919;3191232
882;08:57:05.383;4.5;15.841901;3191280
883;08:57:05.553;3.1;15.841842;3191512
884;08:57:05.723;1.6;15.844204;3191744
885;08:57:05.893;4.5;15.843867;3191348
886;08:57:06.063;3.2;15.841186;3191320
887;08:57:06.234;6.2;15.844125;3191652
888;08:57:06.404;6.2;15.842080;3191568
889;08:57:06.576;4.5;15.843231;3191792
890;08:57:06.746;1.6;15.845177;3192248
891;08:57:06.916;3.2;15.846170;3191920
892;08:57:07.087;3.1;15.844899;3191588
893;08:57:07.258;1.5;15.844026;3191488
894;08:57:07.428;4.5;15.843410;3191280
895;08:57:07.599;4.5;15.842715;3191444
896;08:57:07.770;2.9;15.842417;3190728
897;08:57:07.943;6.2;15.843708;3191844
898;08:57:08.113;3.1;15.844383;3191780
899;08:57:08.284;3.1;15.846270;3191504
900;08:57:08.458;3.1;15.844105;3191968
901;08:57:08.629;6.2;15.843092;3191764
902;08:57:08.799;1.5;15.841842;3191092
903;08:57:08.970;4.5;15.843966;3191368
904;08:57:09.140;1.5;15.841166;3191652
905;08:57:09.311;3.1;15.842139;3191000
906;08:57:09.481;3.2;15.841583;3190960
907;08:57:09.651;3.1;15.837314;3190624
908;08:57:09.821;3.1;15.840054;3191108
909;08:57:09.992;6.0;15.842556;3190608
910;08:57:10.162;3.2;15.837533;3190512
911;08:57:10.336;0.0;15.842755;3191440
912;08:57:10.506;1.6;15.840531;3191004
913;08:57:10.676;3.0;15.838883;3190916
914;08:57:10.846;4.6;15.838506;3190864
915;08:57:11.016;4.8;15.838923;3190932
916;08:57:11.187;3.1;15.841842;3190792
917;08:57:11.359;3.0;15.840610;3191272
918;08:57:11.529;1.6;15.843013;3191504
919;08:57:11.699;1.5;15.838645;3190876
920;08:57:11.869;1.5;15.842953;3191492
921;08:57:12.039;3.1;15.841246;3191148
922;08:57:12.210;4.3;15.843410;3191836
923;08:57:12.380;1.6;15.842874;3191476
924;08:57:12.550;3.1;15.838982;3191212
925;08:57:12.718;1.4;15.841524;3191456
926;08:57:12.925;0.0;15.837850;3190732
927;08:57:13.101;4.5;15.837910;3190476
928;08:57:13.271;0.0;15.843351;3191488
929;08:57:13.441;3.1;15.843172;3191516
930;08:57:13.612;4.6;15.840491;3190996
931;08:57:13.782;1.5;15.841305;3191076
932;08:57:13.953;3.1;15.840749;3191568
933;08:57:14.123;3.0;15.842894;3191480
934;08:57:14.293;4.6;15.841147;3191128
935;08:57:14.468;0.0;15.841147;3191336
936;08:57:14.638;4.6;15.842417;3191628
937;08:57:14.808;1.6;15.843728;3191104
938;08:57:14.980;3.1;15.840769;3191052
939;08:57:15.150;6.0;15.841822;3191264
940;08:57:15.319;1.6;15.843112;3191524
941;08:57:15.489;0.0;15.845793;3192064
942;08:57:15.658;0.0;15.840829;3191064
943;08:57:15.829;1.6;15.841266;3191152
944;08:57:15.998;4.5;15.840313;3190960
945;08:57:16.168;1.6;15.841603;3191220
946;08:57:16.337;3.2;15.840928;3191336
947;08:57:16.509;1.6;15.842397;3191380
948;08:57:16.678;1.6;15.840829;3191064
949;08:57:16.847;1.5;15.841822;3191264
950;08:57:17.016;0.0;15.839657;3190320
951;08:57:17.186;3.1;15.836103;3190112
952;08:57:17.355;1.6;15.838267;3190252
953;08:57:17.526;0.0;15.837136;3190320
954;08:57:17.696;1.3;15.836838;3190260
955;08:57:17.866;4.4;15.837136;3190320
956;08:57:18.163;1.5;15.837711;3190436
957;08:57:18.333;1.6;15.837036;3190300
958;08:57:18.503;3.1;15.838466;3190840
959;08:57:18.673;3.0;15.837811;3190456
960;08:57:18.842;1.5;15.836877;3190268
961;08:57:19.013;1.6;15.836421;3190176
962;08:57:19.182;3.0;15.836182;3190372
963;08:57:19.353;1.5;15.834018;3189692
964;08:57:19.523;3.1;15.835527;3190516
965;08:57:19.694;1.5;15.840829;3191200
966;08:57:19.864;1.5;15.840928;3191084
967;08:57:20.034;4.5;15.840094;3190768
968;08:57:20.204;0.0;15.838347;3190564
969;08:57:20.374;3.1;15.839677;3190684
970;08:57:20.544;0.0;15.838744;3190644
971;08:57:20.714;1.6;15.838982;3190692
972;08:57:20.883;1.5;15.840193;3190936
973;08:57:21.053;0.0;15.838982;3190692
974;08:57:21.222;1.5;15.838466;3190588
975;08:57:21.392;0.0;15.840948;3190940
976;08:57:21.561;0.0;15.840174;3190636
977;08:57:21.731;0.0;15.837672;3190672
978;08:57:21.901;0.0;15.840829;3190916
979;08:57:22.070;3.2;15.839359;3190756
980;08:57:22.240;3.1;15.838704;3190488
981;08:57:22.410;4.6;15.839459;3190884
982;08:57:22.579;1.6;15.837175;3190328
983;08:57:22.749;1.6;15.839042;3190704
984;08:57:22.919;0.0;15.840213;3190956
985;08:57:23.089;0.0;15.840829;3191064
986;08:57:23.260;1.4;15.840253;3190948
987;08:57:23.430;4.4;15.842556;3191412
988;08:57:23.601;0.0;15.840491;3190996
989;08:57:23.771;1.6;15.840531;3191004
990;08:57:23.941;0.0;15.840432;3190832
991;08:57:24.111;1.5;15.839062;3190708
992;08:57:24.281;3.0;15.839062;3190580
993;08:57:24.451;4.5;15.838506;3190840
994;08:57:24.620;5.7;15.843073;3191368
995;08:57:24.790;3.0;15.843708;3191348
996;08:57:24.960;3.0;15.841643;3191228
997;08:57:25.130;2.9;15.840908;3191080
998;08:57:25.300;1.5;15.839657;3190828
999;08:57:25.469;1.6;15.839657;3190828
1000;08:57:25.639;3.0;15.834951;3190044
1001;08:57:25.810;1.6;15.836381;3190352
1002;08:57:25.981;4.6;15.838605;3189968
1003;08:57:26.153;6.1;15.837791;3190452
1004;08:57:26.323;2.9;15.842100;3191024
1005;08:57:26.493;3.0;15.840213;3190940
1006;08:57:26.663;3.0;15.839300;3190756
1007;08:57:26.835;1.6;15.841027;3190956
1008;08:57:27.004;3.1;15.839578;3190812
1009;08:57:27.173;1.6;15.839538;3190804
1010;08:57:27.342;3.2;15.838049;3190504
1011;08:57:27.512;3.0;15.839340;3190988
1012;08:57:27.682;2.9;15.838903;3190676
1013;08:57:27.851;1.6;15.838863;3190520
1014;08:57:28.021;1.6;15.838843;3190792
1015;08:57:28.190;1.5;15.840670;3191032
1016;08:57:28.360;4.5;15.841901;3191392
1017;08:57:28.529;1.5;15.842338;3191368
1018;08:57:28.699;4.5;15.842397;3191204
1019;08:57:28.869;0.0;15.843509;3191604
1020;08:57:29.039;1.6;15.839141;3191016
1021;08:57:29.209;2.9;15.838724;3190492
1022;08:57:29.379;1.4;15.840491;3190848
1023;08:57:29.548;4.3;15.838982;3190692
1024;08:57:29.718;0.0;15.838724;3190760
1025;08:57:29.887;1.5;15.838803;3190656
1026;08:57:30.058;1.5;15.841226;3191144
1027;08:57:30.228;6.2;15.840253;3191052
1028;08:57:30.397;2.8;15.842834;3191468
1029;08:57:30.568;0.0;15.839439;3190784
1030;08:57:30.737;0.0;15.840690;3190740
1031;08:57:30.907;1.5;15.840690;3191036
1032;08:57:31.077;0.0;15.841325;3191164
1033;08:57:31.248;1.6;15.842616;3191276
1034;08:57:31.417;3.1;15.840829;3191292
1035;08:57:31.587;1.5;15.841881;3191536
1036;08:57:31.758;1.5;15.843053;3191364
1037;08:57:31.927;0.0;15.841762;3191252
1038;08:57:32.097;3.1;15.839816;3190572
1039;08:57:32.270;6.1;15.837513;3190656
1040;08:57:32.442;3.1;15.842497;3191104
1041;08:57:32.613;6.2;15.841663;3191232
1042;08:57:32.783;1.6;15.840948;3191088
1043;08:57:32.952;1.6;15.839002;3190696
1044;08:57:33.121;1.5;15.839657;3190828
1045;08:57:33.291;1.5;15.842239;3191348
1046;08:57:33.460;1.6;15.840849;3191068
1047;08:57:33.629;4.5;15.835785;3189996
1048;08:57:33.800;3.2;15.834792;3189848
1049;08:57:33.971;3.2;15.835507;3190196
1050;08:57:34.141;7.6;15.835229;3189884
1051;08:57:34.312;3.1;15.836401;3190432
1052;08:57:34.483;3.1;15.842775;3191456
1053;08:57:34.652;3.1;15.840233;3190944
1054;08:57:34.822;0.0;15.841385;3191028
1055;08:57:34.992;1.6;15.840015;3190900
1056;08:57:35.162;1.5;15.840054;3190760
1057;08:57:35.330;3.1;15.838684;3190484
1058;08:57:35.499;0.0;15.841444;3191188
1059;08:57:35.669;0.0;15.839876;3190872
1060;08:57:35.838;1.6;15.839022;3190984
1061;08:57:36.007;1.6;15.838625;3190472
1062;08:57:36.176;3.0;15.839181;3190732
1063;08:57:36.348;6.2;15.838625;3190276
1064;08:57:36.518;1.6;15.835527;3189932
1065;08:57:36.690;0.0;15.835904;3190072
1066;08:57:36.861;3.0;15.834773;3189844
1067;08:57:37.031;1.5;15.835587;3189860
1068;08:57:37.200;3.1;15.835646;3190020
1069;08:57:37.371;1.5;15.834137;3189420
1070;08:57:37.542;1.6;15.835051;3189900
1071;08:57:37.711;3.1;15.834812;3190104
1072;08:57:37.881;1.5;15.834296;3189844
1073;08:57:38.050;1.5;15.834177;3189576
1074;08:57:38.220;0.0;15.836639;3190216
1075;08:57:38.389;0.0;15.837652;3190424
1076;08:57:38.599;1.5;15.837334;3190212
1077;08:57:38.769;3.1;15.835229;3189936
1078;08:57:38.938;2.9;15.835229;3189936
1079;08:57:39.108;1.5;15.834038;3189696
1080;08:57:39.277;0.0;15.833522;3189592
1081;08:57:39.446;0.0;15.834038;3189956
1082;08:57:39.616;3.1;15.834773;3189844
1083;08:57:39.787;1.5;15.836580;3190208
1084;08:57:39.956;0.0;15.835209;3189932
1085;08:57:40.126;1.5;15.834733;3189836
1086;08:57:40.295;3.0;15.836024;3189948
1087;08:57:40.465;3.0;15.839022;3190552
1088;08:57:40.635;3.1;15.837215;3190336
1089;08:57:40.805;1.6;15.835924;3190084
1090;08:57:40.976;1.6;15.835964;3190228
1091;08:57:41.145;1.5;15.834375;3190048
1092;08:57:41.314;1.5;15.836520;3190196
1093;08:57:41.483;3.1;15.836381;3190168
1094;08:57:41.653;1.6;15.837215;3190336
1095;08:57:41.822;1.6;15.836480;3190188
1096;08:57:41.992;1.6;15.837195;3190184
1097;08:57:42.162;3.1;15.833919;3190072
1098;08:57:42.331;1.5;15.835805;3190052
1099;08:57:42.502;1.5;15.835070;3189904
1100;08:57:42.672;3.0;15.835110;3189912
1101;08:57:42.841;1.5;15.836361;3190164
1102;08:57:43.010;3.0;15.836361;3190164
1103;08:57:43.181;3.1;15.834475;3189784
1104;08:57:43.350;2.5;15.833085;3189504
1105;08:57:43.520;3.1;15.836262;3190144
1106;08:57:43.690;3.1;15.836997;3190292
1107;08:57:43.860;1.5;15.836997;3190144
1108;08:57:44.030;1.6;15.836957;3190284
1109;08:57:44.199;1.5;15.836222;3190136
1110;08:57:44.369;0.0;15.836222;3190136
1111;08:57:44.538;3.1;15.836897;3190436
1112;08:57:44.707;0.0;15.835686;3190028
1113;08:57:44.877;1.6;15.834475;3190068
1114;08:57:45.046;0.0;15.836282;3190148
1115;08:57:45.216;1.5;15.835646;3190020
1116;08:57:45.386;1.4;15.837016;3190148
1117;08:57:45.555;1.5;15.836282;3190148
1118;08:57:45.725;1.6;15.836897;3190272
1119;08:57:45.894;1.5;15.837414;3190376
1120;08:57:46.064;0.0;15.837414;3190512
1121;08:57:46.233;3.0;15.837493;3190392
1122;08:57:46.403;1.5;15.836202;3190416
1123;08:57:46.573;1.6;15.837136;3190172
1124;08:57:46.742;0.0;15.836679;3190228
1125;08:57:46.912;1.5;15.836163;3190124
1126;08:57:47.082;1.5;15.837016;3190148
1127;08:57:47.253;3.1;15.834892;3189572
1128;08:57:47.423;3.0;15.833621;3189612
1129;08:57:47.593;1.6;15.833819;3189896
1130;08:57:47.762;3.1;15.835726;3190036
1131;08:57:47.932;1.6;15.836897;3190272
1132;08:57:48.102;3.0;15.835567;3190148
1133;08:57:48.272;1.6;15.836242;3190140
1134;08:57:48.442;3.0;15.834276;3190044
1135;08:57:48.612;1.6;15.836242;3190140
1136;08:57:48.782;1.5;15.836977;3190140
1137;08:57:48.952;1.6;15.837334;3190360
1138;08:57:49.121;3.0;15.838188;3190384
1139;08:57:49.290;1.6;15.836818;3190108
1140;08:57:49.460;1.6;15.836282;3189852
1141;08:57:49.630;3.2;15.836143;3190120
1142;08:57:49.799;1.5;15.835110;3189912
1143;08:57:49.969;0.0;15.834991;3189888
1144;08:57:50.139;1.5;15.837056;3190304
1145;08:57:50.310;1.6;15.838426;3190432
1146;08:57:50.480;1.6;15.837136;3190172
1147;08:57:50.649;3.1;15.837096;3190164
1148;08:57:50.819;0.0;15.838942;3190684
1149;08:57:50.988;0.0;15.838347;3190416
1150;08:57:51.157;3.0;15.836242;3190424
1151;08:57:51.328;3.1;15.836977;3190140
1152;08:57:51.498;3.1;15.835130;3190224
1153;08:57:51.668;2.9;15.837870;3190320
1154;08:57:51.838;1.6;15.837155;3190324
1155;08:57:52.008;1.6;15.836639;3190072
1156;08:57:52.177;1.5;15.835348;3189960
1157;08:57:52.347;3.0;15.834495;3189492
1158;08:57:52.517;3.1;15.836937;3190432
1159;08:57:52.686;1.6;15.835348;3189812
1160;08:57:52.855;1.5;15.835865;3189768
1161;08:57:53.025;1.6;15.835686;3190028
1162;08:57:53.194;0.0;15.838367;3190568
1163;08:57:53.364;0.0;15.838327;3190560
1164;08:57:53.534;3.0;15.837155;3190156
1165;08:57:53.703;0.0;15.834534;3190056
1166;08:57:53.875;0.0;15.834574;3189804
1167;08:57:54.044;3.0;15.837473;3190240
1168;08:57:54.214;1.6;15.837553;3190404
1169;08:57:54.383;0.0;15.837433;3190380
1170;08:57:54.553;1.6;15.837989;3190492
1171;08:57:54.722;1.6;15.836738;3190240
1172;08:57:54.894;3.0;15.836222;3190136
1173;08:57:55.064;1.5;15.836262;3190144
1174;08:57:55.234;0.0;15.836222;3190136
1175;08:57:55.404;0.0;15.836262;3190144
1176;08:57:55.574;1.5;15.836858;3190120
1177;08:57:55.744;1.6;15.836262;3190144
1178;08:57:55.913;1.6;15.834931;3189876
1179;08:57:56.084;1.6;15.835011;3190168
1180;08:57:56.253;3.0;15.837989;3190784
1181;08:57:56.424;1.5;15.838029;3190792
1182;08:57:56.594;1.5;15.836778;3190248
1183;08:57:56.763;0.0;15.836699;3190248
1184;08:57:56.933;1.5;15.836659;3190224
1185;08:57:57.103;1.6;15.836619;3190396
1186;08:57:57.272;0.0;15.835368;3189964
1187;08:57:57.442;1.5;15.836699;3190084
1188;08:57:57.611;0.0;15.838962;3190688
1189;08:57:57.781;1.6;15.837473;3190240
1190;08:57:57.952;2.8;15.836858;3190264
1191;08:57:58.122;3.0;15.836222;3189988
1192;08:57:58.292;1.6;15.836103;3190112
1193;08:57:58.462;1.6;15.837989;3190492
1194;08:57:58.632;1.6;15.839876;3190872
1195;08:57:58.801;1.6;15.838545;3190604
1196;08:57:58.970;1.6;15.838645;3190624
1197;08:57:59.139;1.6;15.837294;3190352
1198;08:57:59.309;1.6;15.837354;3190364
1199;08:57:59.478;1.6;15.838029;3190500
1200;08:57:59.648;3.1;15.838803;3190508
1201;08:57:59.818;1.6;15.837989;3190492
1202;08:57:59.988;3.0;15.836778;3190248
1203;08:58:00.157;1.6;15.835011;3189672
1204;08:58:00.327;1.6;15.834892;3189648
1205;08:58:00.496;1.5;15.834971;3189884
1206;08:58:00.665;1.6;15.836937;3190280
1207;08:58:00.834;1.6;15.836699;3190232
1208;08:58:01.003;1.6;15.836659;3190224
1209;08:58:01.172;3.2;15.836262;3190144
1210;08:58:01.342;3.0;15.838108;3190516
1211;08:58:01.512;0.0;15.835904;3190236
1212;08:58:01.682;1.6;15.835686;3190028
1213;08:58:01.851;0.0;15.835527;3189996
1214;08:58:02.021;2.9;15.838069;3190508
1215;08:58:02.191;1.5;15.835726;3190036
1216;08:58:02.360;1.6;15.835964;3190084
1217;08:58:02.530;1.5;15.839042;3190704
1218;08:58:02.700;3.1;15.838029;3190500
1219;08:58:02.870;1.5;15.836778;3190248
1220;08:58:03.039;3.0;15.838664;3190628
1221;08:58:03.208;3.1;15.838029;3190352
1222;08:58:03.379;3.1;15.838108;3190516
1223;08:58:03.549;1.6;15.835249;3190240
1224;08:58:03.719;1.6;15.837354;3190216
1225;08:58:03.889;0.0;15.836460;3190184
1226;08:58:04.058;1.5;15.835487;3189988
1227;08:58:04.228;1.5;15.836222;3190136
1228;08:58:04.398;3.1;15.836659;3190224
1229;08:58:04.568;3.1;15.836103;3190364
1230;08:58:04.738;3.1;15.837870;3190464
1231;08:58:04.908;1.6;15.840452;3190988
1232;08:58:05.077;0.0;15.839081;3190708
1233;08:58:05.247;1.6;15.838645;3190476
1234;08:58:05.416;1.5;15.837275;3190348
1235;08:58:05.586;1.5;15.837354;3190364
1236;08:58:05.755;0.0;15.836520;3190168
1237;08:58:05.925;1.6;15.838605;3190616
1238;08:58:06.094;1.5;15.837910;3190476
1239;08:58:06.264;1.5;15.837791;3190744
1240;08:58:06.435;1.6;15.839121;3190972
1241;08:58:06.605;1.5;15.837255;3190344
1242;08:58:06.774;1.6;15.843033;3191508
1243;08:58:06.945;4.6;15.841822;3191264
1244;08:58:07.115;1.6;15.841425;3191036
1245;08:58:07.285;3.1;15.841861;3191272
1246;08:58:07.455;1.5;15.841385;3191176
1247;08:58:07.625;3.1;15.840452;3190988
1248;08:58:07.794;1.6;15.841782;3191516
1249;08:58:07.964;0.0;15.839300;3190756
1250;08:58:08.134;1.6;15.841842;3191120
1251;08:58:08.304;1.6;15.840869;3191072
1252;08:58:08.473;1.5;15.840054;3190760
1253;08:58:08.643;6.0;15.842239;3191348
1254;08:58:08.813;3.1;15.841504;3191052
1255;08:58:08.982;2.9;15.840769;3190460
1256;08:58:09.152;1.5;15.837612;3190628
1257;08:58:09.321;3.0;15.838664;3190920
1258;08:58:09.491;0.0;15.840114;3190920
1259;08:58:09.660;1.5;15.842656;3191284
1260;08:58:09.831;3.0;15.842397;3191380
1261;08:58:10.002;1.5;15.841365;3191172
1262;08:58:10.172;1.6;15.841365;3191172
1263;08:58:10.342;2.9;15.839955;3190784
1264;08:58:10.512;1.5;15.839558;3190808
1265;08:58:10.682;3.1;15.841305;3191160
1266;08:58:10.852;3.1;15.841981;3191296
1267;08:58:11.024;0.0;15.841405;3191032
1268;08:58:11.194;1.5;15.840769;3190904
1269;08:58:11.364;1.6;15.840114;3191056
1270;08:58:11.534;3.0;15.839459;3190788
1271;08:58:11.704;3.0;15.837950;3190752
1272;08:58:11.874;1.5;15.840809;3191060
1273;08:58:12.044;1.6;15.841365;3191172
1274;08:58:12.215;2.7;15.841325;3191016
1275;08:58:12.385;2.9;15.839915;3190880
1276;08:58:12.555;1.5;15.839340;3190764
1277;08:58:12.725;3.0;15.839876;3190872
1278;08:58:12.895;1.5;15.840074;3190912
1279;08:58:13.066;6.0;15.841802;3191112
1280;08:58:13.236;1.6;15.841802;3191112
1281;08:58:13.406;3.1;15.841107;3190972
1282;08:58:13.576;1.6;15.840571;3190864
1283;08:58:13.747;2.9;15.839717;3190544
1284;08:58:13.917;2.9;15.836738;3190484
1285;08:58:14.088;1.6;15.838545;3190308
1286;08:58:14.258;0.0;15.838069;3190508
1287;08:58:14.428;0.0;15.841047;3191108
1288;08:58:14.598;4.4;15.841008;3191100
1289;08:58:14.769;1.6;15.840134;3190924
1290;08:58:14.939;1.5;15.839915;3190880
1291;08:58:15.109;1.5;15.840789;3191056
1292;08:58:15.279;0.0;15.839161;3190728
1293;08:58:15.449;4.5;15.838466;3190588
1294;08:58:15.619;2.9;15.841008;3191100
1295;08:58:15.790;2.7;15.840710;3191040
1296;08:58:15.959;3.1;15.842000;3191004
1297;08:58:16.129;0.0;15.841782;3191256
1298;08:58:16.299;0.0;15.841742;3191248
1299;08:58:16.470;1.5;15.839677;3191092
1300;08:58:16.640;1.5;15.841742;3191516
1301;08:58:16.810;3.1;15.843629;3191628
1302;08:58:16.980;1.6;15.843549;3191600
1303;08:58:17.151;0.0;15.844244;3191752
1304;08:58:17.321;4.6;15.844284;3191612
1305;08:58:17.492;3.0;15.843549;3191612
1306;08:58:17.662;1.6;15.842258;3191352
1307;08:58:17.832;0.0;15.840511;3190852
1308;08:58:18.001;1.6;15.842953;3191492
1309;08:58:18.170;3.0;15.839141;3190724
1310;08:58:18.340;1.5;15.838545;3190880
1311;08:58:18.510;0.0;15.840432;3190984
1312;08:58:18.681;3.0;15.841166;3191132
1313;08:58:18.851;3.1;15.842874;3191180
1314;08:58:19.021;4.3;15.840412;3190980
1315;08:58:19.192;4.8;15.841147;3190980
1316;08:58:19.362;1.4;15.839856;3190720
1317;08:58:19.532;1.6;15.842437;3191240
1318;08:58:19.703;1.5;15.842437;3191240
1319;08:58:19.873;1.6;15.841941;3190992
1320;08:58:20.043;1.6;15.840174;3190932
1321;08:58:20.214;1.5;15.838704;3190792
1322;08:58:20.384;2.9;15.838843;3190516
1323;08:58:20.554;1.4;15.839439;3190784
1324;08:58:20.724;1.5;15.837969;3190460
1325;08:58:20.896;3.0;15.837473;3190500
1326;08:58:21.066;0.0;15.836778;3190492
1327;08:58:21.236;1.5;15.840531;3191004
1328;08:58:21.406;3.0;15.839121;3190708
1329;08:58:21.576;1.6;15.838228;3190520
1330;08:58:21.746;1.6;15.837255;3190572
1331;08:58:21.920;1.5;15.836282;3190408
1332;08:58:22.090;1.5;15.839081;3190564
1333;08:58:22.260;1.5;15.838228;3190244
1334;08:58:22.430;1.4;15.839439;3190784
1335;08:58:22.600;1.5;15.839637;3190824
1336;08:58:22.770;1.6;15.840670;3190884
1337;08:58:22.940;1.5;15.841802;3191112
1338;08:58:23.110;1.5;15.840332;3190964
1339;08:58:23.280;3.0;15.840849;3191068
1340;08:58:23.450;2.8;15.839121;3190720
1341;08:58:23.620;1.4;15.839081;3190712
1342;08:58:23.790;0.0;15.839558;3190808
1343;08:58:23.961;4.5;15.840154;3190928
1344;08:58:24.131;2.9;15.839637;3190824
1345;08:58:24.301;3.2;15.840968;3191092
1346;08:58:24.471;3.2;15.841008;3190952
1347;08:58:24.641;1.6;15.838287;3190552
1348;08:58:24.811;3.1;15.838267;3190548
1349;08:58:24.982;1.4;15.839320;3191036
1350;08:58:25.153;3.0;15.841425;3191184
1351;08:58:25.323;3.1;15.839042;3190704
1352;08:58:25.494;3.1;15.840293;3190808
1353;08:58:25.664;2.9;15.841544;3191060
1354;08:58:25.835;3.2;15.841405;3191032
1355;08:58:26.005;4.5;15.840293;3190956
1356;08:58:26.175;1.6;15.841425;3191184
1357;08:58:26.345;0.0;15.843966;3191696
1358;08:58:26.515;3.2;15.842596;3191420
1359;08:58:26.685;3.2;15.842258;3191352
1360;08:58:26.855;0.0;15.841564;3191212
1361;08:58:27.025;1.6;15.841643;3191228
1362;08:58:27.195;3.0;15.841603;3190924
1363;08:58:27.365;1.6;15.842497;3191400
1364;08:58:27.535;3.1;15.841246;3191148
1365;08:58:27.706;6.0;15.840233;3191188
1366;08:58:27.876;1.6;15.841226;3191144
1367;08:58:28.045;0.0;15.841742;3191248
1368;08:58:28.214;1.6;15.839975;3191192
1369;08:58:28.383;3.2;15.841961;3190996
1370;08:58:28.551;3.0;15.841107;3190972
1371;08:58:28.720;1.6;15.841663;3191232
1372;08:58:28.889;1.6;15.841683;3191528
1373;08:58:29.058;1.6;15.842914;3191188
1374;08:58:29.227;1.5;15.841544;3190552
1375;08:58:29.397;1.6;15.843311;3191564
1376;08:58:29.566;0.0;15.842993;3191352
1377;08:58:29.734;1.5;15.841623;3191224
1378;08:58:29.903;3.1;15.841623;3191224
1379;08:58:30.071;1.6;15.840888;3191220
1380;08:58:30.240;1.6;15.841643;3191228
1381;08:58:30.409;1.6;15.843370;3191576
1382;08:58:30.578;1.5;15.842894;3191480
1383;08:58:30.748;1.6;15.840035;3190904
1384;08:58:30.917;1.6;15.841305;3191160
1385;08:58:31.086;3.1;15.840571;3191012
1386;08:58:31.255;1.6;15.842497;3191400
1387;08:58:31.423;1.6;15.840809;3191060
1388;08:58:31.592;1.6;15.842060;3191312
1389;08:58:31.762;1.5;15.840869;3191072
1390;08:58:31.931;3.1;15.843430;3191588
1391;08:58:32.101;1.6;15.842298;3191360
1392;08:58:32.272;3.0;15.841981;3191296
1393;08:58:32.442;1.6;15.841961;3190996
1394;08:58:32.611;1.6;15.842278;3191356
1395;08:58:32.781;0.0;15.840134;3190924
1396;08:58:32.952;0.0;15.841365;3190876
1397;08:58:33.121;3.1;15.840233;3190944
1398;08:58:33.291;1.6;15.840332;3191240
1399;08:58:33.461;3.1;15.840293;3191100
1400;08:58:33.631;1.6;15.838684;3190744
1401;08:58:33.801;3.1;15.838684;3190632
1402;08:58:33.971;1.6;15.842397;3191380
1403;08:58:34.141;3.1;15.842080;3191316
1404;08:58:34.310;1.5;15.842159;3191332
1405;08:58:34.480;4.7;15.839578;3190812
1406;08:58:34.650;3.1;15.839697;3190836
1407;08:58:34.820;1.6;15.841464;3191192
1408;08:58:34.989;1.6;15.840035;3190904
1409;08:58:35.159;1.6;15.842239;3191344
1410;08:58:35.329;1.6;15.837414;3190376
1411;08:58:35.498;3.1;15.839320;3190464
1412;08:58:35.668;1.6;15.836500;3190712
1413;08:58:35.838;0.0;15.839479;3190644
1414;08:58:36.008;1.5;15.843073;3191516
1415;08:58:36.179;3.1;15.841305;3190860
1416;08:58:36.351;1.5;15.839697;3190836
1417;08:58:36.522;3.1;15.841802;3191112
1418;08:58:36.691;3.1;15.840074;3190912
1419;08:58:36.861;1.6;15.838406;3190836
1420;08:58:37.031;2.9;15.839935;3190884
1421;08:58:37.202;1.5;15.840174;3190932
1422;08:58:37.371;3.0;15.843450;3191592
1423;08:58:37.541;0.0;15.840888;3191076
1424;08:58:37.710;0.0;15.838962;3190688
1425;08:58:37.880;1.6;15.839598;3190816
1426;08:58:38.050;1.6;15.838684;3190876
1427;08:58:38.219;4.8;15.840114;3191164
1428;08:58:38.389;3.0;15.842656;3191432
1429;08:58:38.558;0.0;15.842656;3191284
1430;08:58:38.728;0.0;15.839975;3190744
1431;08:58:38.897;1.6;15.840571;3190716
1432;08:58:39.067;1.5;15.839856;3190868
1433;08:58:39.237;0.0;15.840054;3190908
1434;08:58:39.407;3.1;15.841325;3191164
1435;08:58:39.577;1.6;15.840035;3190904
1436;08:58:39.747;1.5;15.839340;3190764
1437;08:58:39.918;3.0;15.839955;3190876
1438;08:58:40.088;4.6;15.837453;3190140
1439;08:58:40.260;4.5;15.840531;3191264
1440;08:58:40.431;4.5;15.841742;3191248
1441;08:58:40.601;1.5;15.840730;3191044
1442;08:58:40.771;1.5;15.839300;3190756
1443;08:58:40.941;3.0;15.840352;3191252
1444;08:58:41.110;3.0;15.841683;3191236
1445;08:58:41.279;3.1;15.841683;3191236
1446;08:58:41.449;1.6;15.843192;3191392
1447;08:58:41.618;0.0;15.840829;3191064
1448;08:58:41.788;1.6;15.840174;3190784
1449;08:58:41.959;1.6;15.842060;3191312
1450;08:58:42.129;1.6;15.842576;3191416
1451;08:58:42.298;1.5;15.843867;3191676
1452;08:58:42.468;1.5;15.841524;3191356
1453;08:58:42.638;1.6;15.840372;3190972
1454;08:58:42.808;4.5;15.842735;3191692
1455;08:58:42.979;3.1;15.847798;3192468
1456;08:58:43.149;1.6;15.847143;3192336
1457;08:58:43.319;4.5;15.846945;3192296
1458;08:58:43.488;3.1;15.844482;3191800
1459;08:58:43.657;1.6;15.843529;3191608
1460;08:58:43.826;1.6;15.843629;3191628
1461;08:58:43.996;3.1;15.844661;3191836
1462;08:58:44.165;1.6;15.844760;3191856
1463;08:58:44.335;1.4;15.841643;3191228
1464;08:58:44.505;3.0;15.843589;3191472
1465;08:58:44.674;3.1;15.842517;3191404
1466;08:58:44.843;3.1;15.842020;3191304
1467;08:58:45.012;1.6;15.843152;3191532
1468;08:58:45.181;4.6;15.839776;3190852
1469;08:58:45.351;8.8;15.842755;3191264
1470;08:58:45.521;3.2;15.841027;3191348
1471;08:58:45.693;0.0;15.841107;3191364
1472;08:58:45.863;0.0;15.843569;3191616
1473;08:58:46.033;1.5;15.844621;3191680
1474;08:58:46.203;0.0;15.843251;3191404
1475;08:58:46.372;3.1;15.841623;3191224
1476;08:58:46.542;4.6;15.841067;3191112
1477;08:58:46.711;1.5;15.841107;3191120
1478;08:58:46.880;0.0;15.841027;3191104
1479;08:58:47.051;3.1;15.841703;3191500
1480;08:58:47.221;1.6;15.842358;3191372
1481;08:58:47.391;1.5;15.841623;3191224
1482;08:58:47.562;3.2;15.837016;3190544
1483;08:58:47.732;7.8;15.840710;3191040
1484;08:58:47.903;1.5;15.842695;3191440
1485;08:58:48.072;1.6;15.843847;3191672
1486;08:58:48.242;0.0;15.842616;3191424
1487;08:58:48.411;3.1;15.842000;3191300
1488;08:58:48.580;2.9;15.842457;3191392
1489;08:58:48.750;1.6;15.844919;3191740
1490;08:58:48.921;0.0;15.844224;3191748
1491;08:58:49.091;4.7;15.840710;3191040
1492;08:58:49.261;0.0;15.840154;3191076
1493;08:58:49.432;1.5;15.839379;3190772
1494;08:58:49.601;1.6;15.839717;3190692
1495;08:58:49.770;0.0;15.838347;3190960
1496;08:58:49.939;1.5;15.838962;3190688
1497;08:58:50.109;1.5;15.839796;3190856
1498;08:58:50.279;3.0;15.839717;3190840
1499;08:58:50.448;1.5;15.839717;3191132
1500;08:58:50.618;1.6;15.839717;3190692
1501;08:58:50.789;4.7;15.839598;3190816
1502;08:58:50.958;3.1;15.838684;3190824
1503;08:58:51.129;1.5;15.841444;3191188
1504;08:58:51.300;1.6;15.842219;3191048
1505;08:58:51.470;1.6;15.840233;3190944
1506;08:58:51.639;0.0;15.840968;3191092
1507;08:58:51.809;3.0;15.840193;3190936
1508;08:58:51.979;4.6;15.841484;3191196
1509;08:58:52.149;1.6;15.840273;3190940
1510;08:58:52.319;1.6;15.840134;3190924
1511;08:58:52.489;1.5;15.837572;3190408
1512;08:58:52.658;3.1;15.837215;3190564
1513;08:58:52.828;3.0;15.838823;3190660
1514;08:58:52.997;2.9;15.836043;3190100
1515;08:58:53.168;1.4;15.840233;3190648
1516;08:58:53.337;1.6;15.838982;3190952
1517;08:58:53.506;0.0;15.840849;3191068
1518;08:58:53.675;1.6;15.840968;3191092
1519;08:58:53.845;3.1;15.841524;3190908
1520;08:58:54.015;1.6;15.839995;3190600
1521;08:58:54.184;1.6;15.838228;3190540
1522;08:58:54.354;1.5;15.840134;3190924
1523;08:58:54.523;3.1;15.840213;3190940
1524;08:58:54.692;0.0;15.839518;3190800
1525;08:58:54.863;3.0;15.838883;3190524
1526;08:58:55.033;3.1;15.839479;3190792
1527;08:58:55.204;1.6;15.837751;3190688
1528;08:58:55.374;1.6;15.839637;3190824
1529;08:58:55.543;1.5;15.841444;3191040
1530;08:58:55.714;3.0;15.840849;3190920
1531;08:58:55.883;1.5;15.840114;3190920
1532;08:58:56.053;4.5;15.841405;3191180
1533;08:58:56.222;1.5;15.840035;3191180
1534;08:58:56.391;1.6;15.841325;3191188
1535;08:58:56.560;1.6;15.840114;3191040
1536;08:58:56.730;3.1;15.838863;3190960
1537;08:58:56.899;3.0;15.839498;3190920
1538;08:58:57.068;1.6;15.840392;3190976
1539;08:58:57.238;1.5;15.841365;3191172
1540;08:58:57.407;1.6;15.838009;3190496
1541;08:58:57.576;1.5;15.841345;3191020
1542;08:58:57.746;1.6;15.840610;3191020
1543;08:58:57.916;1.5;15.841107;3191120
1544;08:58:58.085;1.6;15.840352;3191220
1545;08:58:58.255;1.5;15.842199;3191340
1546;08:58:58.425;1.6;15.840908;3191080
1547;08:58:58.595;1.6;15.840749;3191048
1548;08:58:58.764;1.5;15.841305;3190860
1549;08:58:58.937;1.6;15.840491;3190848
1550;08:58:59.106;4.7;15.841425;3191184
1551;08:58:59.276;1.6;15.840154;3190928
1552;08:58:59.445;1.5;15.838784;3190504
1553;08:58:59.615;1.5;15.839181;3190732
1554;08:58:59.784;0.0;15.839915;3190880
1555;08:58:59.953;1.5;15.840392;3190680
1556;08:59:00.123;0.0;15.841286;3191156
1557;08:59:00.292;1.5;15.841504;3191200
1558;08:59:00.461;1.5;15.841107;3191120
1559;08:59:00.631;0.0;15.839717;3190840
1560;08:59:00.800;1.5;15.842874;3191328
1561;08:59:00.969;1.6;15.840730;3191044
1562;08:59:01.138;3.0;15.840968;3191092
1563;08:59:01.307;1.5;15.841603;3191480
1564;08:59:01.476;1.5;15.841802;3191108
1565;08:59:01.646;2.9;15.842378;3191228
1566;08:59:01.815;0.0;15.841008;3190952
1567;08:59:01.985;0.0;15.842934;3191488
1568;08:59:02.154;3.1;15.843370;3191576
1569;08:59:02.323;3.1;15.842159;3191624
1570;08:59:02.493;3.1;15.842318;3191216
1571;08:59:02.662;1.4;15.842358;3191224
1572;08:59:02.831;1.5;15.842358;3191372
1573;08:59:03.001;1.5;15.842914;3191336
1574;08:59:03.170;1.5;15.842239;3191200
1575;08:59:03.339;1.6;15.842318;3191364
1576;08:59:03.509;1.6;15.841425;3191184
1577;08:59:03.678;1.5;15.840948;3190940
1578;08:59:03.847;1.6;15.842695;3191700
1579;08:59:04.017;1.6;15.843966;3191548
1580;08:59:04.188;3.1;15.840372;3190972
1581;08:59:04.357;1.5;15.840154;3190928
1582;08:59:04.526;0.0;15.838684;3190632
1583;08:59:04.696;1.5;15.838863;3190668
1584;08:59:04.865;3.0;15.839340;3190616
1585;08:59:05.034;1.5;15.838605;3190616
1586;08:59:05.204;1.6;15.840531;3191004
1587;08:59:05.373;1.5;15.840630;3191024
1588;08:59:05.542;1.5;15.841881;3191276
1589;08:59:05.711;1.6;15.841325;3191164
1590;08:59:05.880;0.0;15.841325;3191164
1591;08:59:06.049;1.5;15.839836;3191032
1592;08:59:06.219;1.6;15.842556;3191412
1593;08:59:06.388;1.6;15.841107;3190972
1594;08:59:06.558;1.6;15.840015;3190752
1595;08:59:06.727;1.6;15.840015;3190752
1596;08:59:06.897;1.6;15.839935;3190884
1597;08:59:07.066;3.0;15.839935;3190884
1598;08:59:07.236;3.1;15.841226;3191272
1599;08:59:07.405;1.5;15.840988;3191096
1600;08:59:07.575;0.0;15.842477;3191248
1601;08:59:07.746;1.5;15.844324;3191768
1602;08:59:07.916;0.0;15.843629;3191628
1603;08:59:08.085;3.1;15.842338;3191068
1604;08:59:08.256;1.6;15.842874;3191476
1605;08:59:08.425;3.0;15.841544;3191060
1606;08:59:08.595;1.5;15.841583;3191216
1607;08:59:08.764;1.6;15.840769;3191052
1608;08:59:08.933;0.0;15.837811;3190772
1609;08:59:09.103;0.0;15.839757;3190552
1610;08:59:09.273;1.6;15.839240;3190980
1611;08:59:09.443;3.1;15.840134;3190776
1612;08:59:09.613;1.6;15.844006;3191556
1613;08:59:09.782;1.6;15.842437;3191388
1614;08:59:09.951;0.0;15.842358;3191372
1615;08:59:10.120;1.6;15.841623;3191224
1616;08:59:10.290;1.6;15.842219;3191604
1617;08:59:10.459;1.6;15.841623;3191076
1618;08:59:10.629;0.0;15.839737;3190844
1619;08:59:10.798;1.5;15.839657;3190680
1620;08:59:10.967;1.6;15.840332;3190668
1621;08:59:11.136;3.1;15.840531;3191004
1622;08:59:11.305;0.0;15.838863;3190928
1623;08:59:11.474;1.5;15.841683;3191236
1624;08:59:11.644;3.0;15.839479;3191076
1625;08:59:11.813;1.6;15.840511;3191000
1626;08:59:11.982;1.6;15.840233;3190796
1627;08:59:12.151;1.5;15.840849;3190920
1628;08:59:12.321;3.1;15.840769;3191052
1629;08:59:12.491;3.1;15.840829;3191348
1630;08:59:12.660;2.9;15.840392;3190976
1631;08:59:12.829;0.0;15.840392;3190976
1632;08:59:12.998;1.6;15.840432;3190984
1633;08:59:13.168;1.6;15.842358;3191372
1634;08:59:13.337;0.0;15.842318;3191364
1635;08:59:13.506;3.1;15.841564;3191064
1636;08:59:13.675;1.5;15.840392;3190976
1637;08:59:13.845;3.1;15.839657;3190828
1638;08:59:14.014;0.0;15.841643;3191080
1639;08:59:14.184;1.6;15.841683;3191236
1640;08:59:14.353;3.0;15.842159;3191184
1641;08:59:14.522;1.6;15.840352;3190976
1642;08:59:14.691;1.5;15.842894;3191480
1643;08:59:14.861;0.0;15.842675;3191288
1644;08:59:15.031;1.6;15.840829;3191064
1645;08:59:15.201;1.6;15.843053;3191512
1646;08:59:15.370;0.0;15.842675;3191140
1647;08:59:15.539;0.0;15.839220;3190740
1648;08:59:15.710;3.0;15.841564;3191064
1649;08:59:15.879;1.6;15.841722;3191096
1650;08:59:16.048;3.1;15.839181;3190732
1651;08:59:16.217;1.6;15.840869;3191072
1652;08:59:16.387;4.6;15.841564;3191064
1653;08:59:16.556;0.0;15.840471;3191104
1654;08:59:16.725;7.5;15.839181;3190732
1655;08:59:16.894;0.0;15.842278;3191356
1656;08:59:17.063;1.6;15.841762;3191544
1657;08:59:17.233;3.1;15.843112;3191524
1658;08:59:17.402;0.0;15.842914;3191336
1659;08:59:17.571;1.6;15.839776;3190852
1660;08:59:17.740;0.0;15.840710;3191040
1661;08:59:17.909;3.0;15.840114;3190920
1662;08:59:18.078;1.6;15.842735;3191448
1663;08:59:18.247;1.6;15.842775;3191308
1664;08:59:18.416;4.5;15.841444;3191188
1665;08:59:18.585;0.0;15.841564;3191472
1666;08:59:18.754;4.6;15.839697;3191080
1667;08:59:18.925;4.7;15.840571;3191012
1668;08:59:19.094;4.5;15.840452;3190988
1669;08:59:19.264;1.5;15.841663;3191376
1670;08:59:19.433;1.6;15.841822;3191264
1671;08:59:19.602;4.4;15.840491;3190996
1672;08:59:19.772;0.0;15.839757;3190848
1673;08:59:19.941;1.5;15.840988;3191096
1674;08:59:20.110;1.5;15.840670;3191032
1675;08:59:20.279;1.6;15.844105;3191724
1676;08:59:20.448;0.0;15.842636;3191132
1677;08:59:20.617;6.1;15.838784;3190504
1678;08:59:20.787;3.2;15.840213;3191184
1679;08:59:20.957;4.5;15.841266;3191152
1680;08:59:21.126;1.5;15.841861;3191272
1681;08:59:21.296;0.0;15.841861;3191272
1682;08:59:21.465;1.5;15.841822;3191264
1683;08:59:21.634;3.1;15.841305;3191160
1684;08:59:21.803;1.5;15.839379;3190772
1685;08:59:21.972;3.0;15.839379;3190772
1686;08:59:22.143;1.5;15.841961;3191292
1687;08:59:22.312;1.6;15.842040;3191160
1688;08:59:22.481;0.0;15.842636;3191428
1689;08:59:22.650;1.5;15.842318;3191364
1690;08:59:22.819;1.5;15.843569;3191616
1691;08:59:22.988;1.6;15.841663;3191232
1692;08:59:23.156;4.5;15.841484;3190900
1693;08:59:23.325;1.6;15.840968;3190944
1694;08:59:23.494;3.1;15.839935;3190884
1695;08:59:23.663;3.2;15.839379;3190624
1696;08:59:23.831;3.1;15.836500;3190156
1697;08:59:24.001;1.5;15.837314;3190208
1698;08:59:24.170;3.0;15.841127;3191124
1699;08:59:24.339;7.6;15.841643;3190992
1700;08:59:24.509;6.2;15.838903;3190864
1701;08:59:24.679;3.1;15.840452;3190952
1702;08:59:24.848;1.6;15.839081;3190712
1703;08:59:25.019;1.6;15.841544;3191208
1704;08:59:25.188;3.1;15.842914;3191188
1705;08:59:25.357;3.0;15.841186;3191136
1706;08:59:25.527;0.0;15.840412;3190980
1707;08:59:25.696;1.6;15.842437;3191240
1708;08:59:25.866;1.6;15.841583;3191216
1709;08:59:26.035;1.5;15.841703;3191240
1710;08:59:26.204;1.6;15.843768;3191508
1711;08:59:26.374;1.5;15.843629;3191628
1712;08:59:26.545;3.1;15.839340;3191104
1713;08:59:26.715;6.3;15.839459;3190788
1714;08:59:26.886;3.0;15.840491;3190996
1715;08:59:27.055;4.5;15.841683;3191236
1716;08:59:27.225;3.1;15.841861;3191392
1717;08:59:27.396;1.5;15.841444;3191432
1718;08:59:27.566;2.9;15.841722;3191096
1719;08:59:27.736;2.9;15.840154;3190928
1720;08:59:27.905;1.6;15.840193;3190936
1721;08:59:28.075;3.1;15.841742;3191248
1722;08:59:28.244;1.5;15.845078;3191920
1723;08:59:28.414;1.5;15.842080;3191316
1724;08:59:28.583;3.1;15.842596;3191272
1725;08:59:28.752;0.0;15.841742;3191248
1726;08:59:28.921;3.1;15.841861;3191124
1727;08:59:29.090;3.1;15.843152;3191384
1728;08:59:29.259;3.1;15.842298;3191360
1729;08:59:29.429;1.5;15.843192;3191392
1730;08:59:29.598;1.6;15.840253;3191060
1731;08:59:29.768;0.0;15.840710;3191040
1732;08:59:29.937;1.6;15.842080;3191316
1733;08:59:30.107;1.5;15.840571;3191012
1734;08:59:30.277;3.1;15.841325;3191164
1735;08:59:30.446;1.6;15.839915;3190880
1736;08:59:30.615;1.6;15.842596;3191420
1737;08:59:30.784;1.6;15.840968;3191376
1738;08:59:30.953;3.1;15.842556;3191412
1739;08:59:31.122;0.0;15.842556;3191264
1740;08:59:31.291;0.0;15.841842;3191280
1741;08:59:31.461;1.5;15.840730;3191000
1742;08:59:31.630;3.1;15.840769;3191216
1743;08:59:31.799;1.6;15.841464;3191192
1744;08:59:31.969;1.6;15.842100;3191320
1745;08:59:32.138;1.5;15.841504;3191200
1746;08:59:32.308;1.6;15.842914;3191484
1747;08:59:32.477;4.5;15.843073;3191816
1748;08:59:32.646;1.5;15.842755;3191304
1749;08:59:32.815;1.5;15.842636;3191280
1750;08:59:32.984;0.0;15.842795;3191460
1751;08:59:33.153;3.0;15.839498;3190796
1752;08:59:33.323;1.5;15.842517;3191404
1753;08:59:33.493;1.6;15.842675;3191680
1754;08:59:33.662;1.5;15.844820;3191868
1755;08:59:33.832;3.1;15.844522;3191512
1756;08:59:34.000;1.6;15.842636;3191460
1757;08:59:34.169;0.0;15.840908;3191080
1758;08:59:34.338;3.1;15.842000;3191088
1759;08:59:34.507;3.0;15.840988;3190800
1760;08:59:34.676;1.6;15.840988;3191096
1761;08:59:34.846;1.6;15.842973;3191476
1762;08:59:35.015;1.5;15.841325;3191164
1763;08:59:35.184;4.6;15.841524;3191204
1764;08:59:35.353;1.6;15.841246;3191148
1765;08:59:35.523;1.5;15.841524;3191448
1766;08:59:35.693;1.6;15.842040;3191332
1767;08:59:35.862;1.6;15.840789;3191056
1768;08:59:36.031;1.5;15.842735;3191300
1769;08:59:36.200;1.5;15.844582;3191800
1770;08:59:36.370;3.0;15.843569;3191320
1771;08:59:36.539;1.6;15.841444;3191040
1772;08:59:36.708;1.6;15.843370;3191576
1773;08:59:36.877;1.5;15.844105;3191724
1774;08:59:37.046;9.1;15.842358;3191372
1775;08:59:37.216;0.0;15.842457;3191392
1776;08:59:37.386;1.6;15.845376;3191752
1777;08:59:37.556;1.5;15.843092;3191520
1778;08:59:37.726;1.5;15.841365;3191172
1779;08:59:37.895;1.6;15.842060;3191312
1780;08:59:38.065;4.4;15.841325;3191164
1781;08:59:38.235;1.6;15.841246;3191148
1782;08:59:38.404;0.0;15.841246;3191000
1783;08:59:38.573;3.1;15.840809;3191304
1784;08:59:38.742;1.5;15.842119;3191324
1785;08:59:38.911;3.1;15.843331;3191568
1786;08:59:39.079;1.5;15.841147;3191128
1787;08:59:39.248;1.6;15.841226;3191388
1788;08:59:39.417;6.2;15.842874;3191476
1789;08:59:39.588;1.6;15.840908;3191080
1790;08:59:39.757;1.6;15.841345;3191264
1791;08:59:39.926;3.0;15.844860;3191568
1792;08:59:40.097;3.2;15.840571;3191524
1793;08:59:40.266;3.1;15.841663;3191476
1794;08:59:40.435;4.7;15.844482;3191416
1795;08:59:40.605;3.1;15.840213;3190792
1796;08:59:40.774;3.1;15.842457;3191392
1797;08:59:40.944;3.1;15.840610;3191020
1798;08:59:41.113;1.6;15.840352;3190968
1799;08:59:41.282;3.1;15.840869;3191072
1800;08:59:41.451;1.6;15.840253;3190800
1801;08:59:41.621;0.0;15.839022;3190700
1802;08:59:41.790;1.6;15.839796;3190856
1803;08:59:41.959;3.1;15.840352;3191228
1804;08:59:42.128;0.0;15.843271;3191260
1805;08:59:42.296;1.6;15.841226;3191144
1806;08:59:42.465;3.2;15.840213;3190940
1807;08:59:42.634;7.5;15.839856;3190964
1808;08:59:42.806;3.0;15.840789;3191056
1809;08:59:42.976;1.5;15.842397;3191380
1810;08:59:43.146;3.0;15.842397;3191084
1811;08:59:43.316;1.5;15.841961;3191516
1812;08:59:43.485;0.0;15.844482;3191800
1813;08:59:43.655;1.5;15.841802;3191260
1814;08:59:43.824;0.0;15.841782;3191256
1815;08:59:43.993;3.1;15.841762;3191252
1816;08:59:44.163;3.0;15.841226;3191144
1817;08:59:44.333;6.1;15.843152;3191236
1818;08:59:44.503;3.1;15.842358;3191372
1819;08:59:44.673;1.5;15.844244;3191752
1820;08:59:44.843;3.0;15.843728;3191648
1821;08:59:45.013;3.2;15.843549;3191612
1822;08:59:45.182;1.6;15.842477;3191656
1823;08:59:45.354;1.6;15.843450;3191592
1824;08:59:45.523;1.5;15.844343;3191772
1825;08:59:45.692;1.5;15.842417;3191384
1826;08:59:45.861;2.9;15.843668;3191636
1827;08:59:46.030;3.1;15.844820;3191868
1828;08:59:46.202;6.2;15.839558;3191320
1829;08:59:46.371;1.6;15.841305;3191160
1830;08:59:46.541;0.0;15.841325;3191164
1831;08:59:46.710;1.6;15.839220;3190740
1832;08:59:46.880;0.0;15.841722;3191096
1833;08:59:47.049;1.6;15.842239;3191348
1834;08:59:47.219;4.5;15.840650;3191028
1835;08:59:47.390;20.0;15.855125;3193944
1836;08:59:47.561;8.6;15.855125;3194724
1837;08:59:47.730;3.0;15.857905;3194816
1838;08:59:47.899;1.6;15.859375;3195044
1839;08:59:48.070;1.5;15.861817;3195292
1840;08:59:48.240;1.5;15.861301;3195316
1841;08:59:48.410;1.4;15.861460;3195220
1842;08:59:48.670;1.5;15.862274;3195236
1843;08:59:48.845;0.0;15.859692;3194864
1844;08:59:49.015;1.5;15.858938;3194712
1845;08:59:49.185;1.5;15.858322;3194588
1846;08:59:49.354;1.6;15.857588;3194440
1847;08:59:49.524;0.0;15.862353;3195252
1848;08:59:49.694;0.0;15.859534;3195124
1849;08:59:49.863;1.6;15.862075;3195196
1850;08:59:50.033;1.6;15.862194;3195220
1851;08:59:50.202;1.5;15.862075;3195344
1852;08:59:50.372;3.0;15.859812;3195164
1853;08:59:50.541;3.1;15.862631;3195456
1854;08:59:50.712;1.5;15.862095;3195476
1855;08:59:50.881;3.1;15.862552;3195440
1856;08:59:51.050;1.6;15.862512;3195284
1857;08:59:51.220;1.6;15.862592;3195448
1858;08:59:51.390;3.1;15.863187;3195568
1859;08:59:51.560;0.0;15.864954;3195924
1860;08:59:51.731;3.1;15.862592;3195448
1861;08:59:51.900;1.5;15.861221;3195172
1862;08:59:52.070;1.5;15.861380;3195204
1863;08:59:52.239;1.6;15.859851;3194896
1864;08:59:52.409;1.6;15.862552;3195708
1865;08:59:52.579;1.6;15.863962;3195724
1866;08:59:52.749;1.6;15.863962;3195576
1867;08:59:52.920;3.0;15.863227;3195280
1868;08:59:53.090;0.0;15.861758;3195268
1869;08:59:53.259;0.0;15.861638;3194960
1870;08:59:53.429;0.0;15.861579;3195244
1871;08:59:53.664;3.1;15.861082;3195144
1872;08:59:53.834;3.1;15.859017;3194728
1873;08:59:54.004;1.6;15.857846;3194492
1874;08:59:54.174;0.0;15.859057;3194736
1875;08:59:54.344;0.0;15.858620;3194648
1876;08:59:54.515;3.1;15.862572;3195296
1877;08:59:54.684;1.5;15.861082;3195396
1878;08:59:54.854;3.0;15.861599;3195248
1879;08:59:55.024;1.6;15.861043;3195136
1880;08:59:55.194;0.0;15.861082;3195144
1881;08:59:55.364;1.6;15.861122;3195152
1882;08:59:55.534;4.7;15.859732;3195140
1883;08:59:55.703;0.0;15.859831;3194892
1884;08:59:55.873;1.5;15.863624;3195508
1885;08:59:56.043;0.0;15.862333;3195248
1886;08:59:56.212;1.6;15.862333;3195248
1887;08:59:56.382;3.0;15.864180;3195768
1888;08:59:56.552;1.6;15.862631;3195456
1889;08:59:56.722;1.5;15.862075;3195344
1890;08:59:56.892;0.0;15.860169;3194960
1891;08:59:57.061;4.6;15.859792;3194884
1892;08:59:57.231;3.1;15.860963;3195120
1893;08:59:57.401;1.6;15.862373;3195256
1894;08:59:57.570;1.6;15.862333;3195248
1895;08:59:57.739;0.0;15.860268;3194684
1896;08:59:57.909;3.0;15.860963;3195120
1897;08:59:58.079;1.5;15.861102;3195148
1898;08:59:58.249;0.0;15.861063;3195320
1899;08:59:58.419;2.9;15.863128;3195408
1900;08:59:58.588;3.1;15.861837;3195564
1901;08:59:58.758;1.6;15.864339;3195504
1902;08:59:58.928;1.5;15.861599;3195532
1903;08:59:59.098;3.0;15.861678;3195116
1904;08:59:59.268;3.1;15.861102;3194852
1905;08:59:59.437;1.6;15.861063;3195432
1906;08:59:59.607;0.0;15.860626;3195052
1907;08:59:59.777;0.0;15.862472;3195424
1908;08:59:59.947;4.6;15.864299;3195492
1909;09:00:00.116;0.0;15.861519;3195484
1910;09:00:00.285;4.6;15.860884;3195240
1911;09:00:00.455;1.6;15.861480;3195388
1912;09:00:00.625;1.6;15.864736;3195732
1913;09:00:00.795;1.6;15.864557;3195548
1914;09:00:00.965;1.6;15.864518;3195836
1915;09:00:01.135;1.6;15.862750;3195480
1916;09:00:01.305;1.6;15.864736;3195732
1917;09:00:01.475;1.6;15.865371;3196008
1918;09:00:01.645;1.6;15.863644;3195660
1919;09:00:01.815;1.5;15.863525;3195488
1920;09:00:01.984;0.0;15.862234;3195228
1921;09:00:02.154;1.6;15.864081;3195748
1922;09:00:02.324;1.5;15.863267;3195584
1923;09:00:02.493;3.2;15.864855;3195904
1924;09:00:02.663;3.1;15.863803;3195692
1925;09:00:02.833;1.6;15.863723;3195528
1926;09:00:03.003;1.6;15.864240;3195780
1927;09:00:03.173;1.6;15.864240;3195780
1928;09:00:03.342;3.0;15.864240;3195780
1929;09:00:03.511;1.6;15.865213;3195976
1930;09:00:03.681;3.1;15.864736;3195896
1931;09:00:03.851;3.0;15.863962;3195724
1932;09:00:04.021;1.5;15.862512;3195592
1933;09:00:04.190;1.6;15.864736;3195880
1934;09:00:04.359;3.1;15.863366;3195740
1935;09:00:04.528;1.6;15.864081;3195748
1936;09:00:04.697;3.1;15.863485;3195480
1937;09:00:04.867;1.6;15.863485;3195628
1938;09:00:05.036;0.0;15.862592;3195448
1939;09:00:05.205;1.6;15.862075;3195196
1940;09:00:05.376;1.5;15.862631;3195456
1941;09:00:05.545;1.6;15.863763;3195684
1942;09:00:05.714;1.6;15.863485;3195628
1943;09:00:05.883;3.1;15.863445;3195472
1944;09:00:06.053;0.0;15.862155;3195360
1945;09:00:06.222;1.5;15.862155;3195212
1946;09:00:06.392;0.0;15.860824;3195376
1947;09:00:06.561;3.1;15.862750;3195480
1948;09:00:06.730;1.6;15.860943;3194968
1949;09:00:06.900;1.5;15.859613;3194984
1950;09:00:07.069;0.0;15.862790;3195488
1951;09:00:07.238;0.0;15.861420;3195064
1952;09:00:07.407;1.6;15.862671;3195488
1953;09:00:07.576;1.6;15.863565;3195496
1954;09:00:07.746;1.6;15.862194;3195220
1955;09:00:07.916;1.6;15.863445;3195748
1956;09:00:08.086;3.1;15.862671;3195464
1957;09:00:08.255;3.1;15.863445;3195620
1958;09:00:08.425;3.0;15.863485;3195628
1959;09:00:08.594;4.7;15.865947;3196124
1960;09:00:08.763;0.0;15.865173;3195820
1961;09:00:08.934;1.6;15.863366;3195456
1962;09:00:09.103;3.1;15.865689;3196072
1963;09:00:09.273;1.6;15.864438;3195820
1964;09:00:09.443;1.6;15.865074;3195948
1965;09:00:09.613;4.6;15.862711;3195732
1966;09:00:09.782;3.0;15.864696;3195724
1967;09:00:09.952;1.5;15.863445;3195620
1968;09:00:10.122;1.5;15.864577;3195700
1969;09:00:10.291;0.0;15.862671;3195464
1970;09:00:10.460;3.1;15.863604;3195504
1971;09:00:10.629;0.0;15.862909;3195512
1972;09:00:10.798;1.6;15.865232;3195684
1973;09:00:10.967;0.0;15.864001;3195732
1974;09:00:11.136;3.1;15.864061;3195744
1975;09:00:11.305;6.1;15.865312;3195996
1976;09:00:11.474;4.6;15.864061;3195744
1977;09:00:11.646;4.7;15.861857;3195300
1978;09:00:11.816;6.0;15.862333;3195396
1979;09:00:11.986;2.9;15.862989;3195528
1980;09:00:12.156;0.0;15.864101;3196012
1981;09:00:12.325;3.2;15.864259;3195784
1982;09:00:12.495;0.0;15.860467;3195020
1983;09:00:12.666;4.6;15.862810;3195492
1984;09:00:12.836;1.5;15.860844;3195332
1985;09:00:13.006;0.0;15.860467;3195020
1986;09:00:13.176;1.5;15.860328;3194992
1987;09:00:13.346;1.6;15.860804;3195356
1988;09:00:13.515;3.1;15.861718;3195272
1989;09:00:13.685;0.0;15.863505;3195484
1990;09:00:13.855;3.2;15.863028;3195536
1991;09:00:14.026;4.6;15.863584;3195648
1992;09:00:14.195;3.2;15.860606;3195048
1993;09:00:14.366;1.6;15.865332;3196000
1994;09:00:14.537;3.0;15.863624;3195656
1995;09:00:14.708;0.0;15.864398;3195812
1996;09:00:14.879;1.6;15.864001;3195732
1997;09:00:15.048;1.5;15.864081;3195728
1998;09:00:15.217;1.7;15.864180;3195768
1999;09:00:15.387;0.0;15.865729;3195860
2000;09:00:15.557;4.6;15.859494;3194824
2001;09:00:15.728;1.6;15.862949;3195520
2002;09:00:15.897;1.6;15.861241;3195176
2003;09:00:16.067;3.0;15.860884;3195104
2004;09:00:16.237;1.5;15.859871;3194948
2005;09:00:16.408;3.1;15.861162;3194940
2006;09:00:16.579;3.1;15.859057;3194736
2007;09:00:16.749;1.6;15.857965;3194516
2008;09:00:16.918;2.9;15.859236;3194772
2009;09:00:17.088;1.5;15.857945;3194292
2010;09:00:17.259;3.0;15.859553;3195080
2011;09:00:17.429;3.1;15.862016;3195112
2012;09:00:17.600;1.5;15.865113;3195956
2013;09:00:17.770;0.0;15.867576;3196452
2014;09:00:17.939;1.5;15.866523;3196240
2015;09:00:18.109;3.0;15.866166;3196168
2016;09:00:18.278;2.9;15.865848;3196104
2017;09:00:18.449;5.9;15.867317;3196400
2018;09:00:18.619;6.2;15.867059;3196348
2019;09:00:18.789;1.6;15.864339;3195580
2020;09:00:18.959;0.0;15.865630;3196060
2021;09:00:19.128;0.0;15.865769;3195868
2022;09:00:19.298;3.0;15.863406;3195612
2023;09:00:19.467;3.1;15.865570;3195900
2024;09:00:19.636;3.1;15.865729;3196224
2025;09:00:19.805;4.5;15.866245;3196184
2026;09:00:19.975;1.6;15.864676;3195868
2027;09:00:20.145;1.5;15.863406;3195612
2028;09:00:20.315;0.0;15.863088;3195548
2029;09:00:20.484;3.1;15.863862;3195704
2030;09:00:20.654;4.5;15.865570;3195900
2031;09:00:20.826;3.0;15.867139;3196144
2032;09:00:20.996;3.0;15.865570;3196316
2033;09:00:21.165;1.6;15.867298;3196396
2034;09:00:21.334;1.6;15.867496;3196436
2035;09:00:21.503;3.1;15.866622;3196260
2036;09:00:21.672;4.6;15.866603;3196324
2037;09:00:21.842;1.6;15.866285;3196044
2038;09:00:22.011;1.5;15.865272;3195988
2039;09:00:22.180;1.5;15.867218;3196380
2040;09:00:22.350;3.1;15.866781;3196292
2041;09:00:22.520;3.0;15.864895;3196084
2042;09:00:22.689;3.1;15.868131;3196416
2043;09:00:22.858;3.0;15.864617;3195856
2044;09:00:23.028;4.6;15.863882;3195616
2045;09:00:23.198;1.5;15.862095;3195348
2046;09:00:23.368;3.0;15.866047;3195848
2047;09:00:23.539;4.4;15.866245;3196184
2048;09:00:23.710;8.2;15.866781;3196412
2049;09:00:23.879;1.5;15.866146;3196164
2050;09:00:24.049;0.0;15.867099;3196208
2051;09:00:24.218;3.1;15.866106;3196156
2052;09:00:24.388;3.0;15.865471;3196192
2053;09:00:24.557;3.1;15.868747;3196540
2054;09:00:24.726;3.1;15.867238;3196384
2055;09:00:24.897;3.1;15.868628;3196664
2056;09:00:25.067;0.0;15.866742;3196284
2057;09:00:25.236;3.1;15.867337;3196256
2058;09:00:25.405;2.9;15.865649;3196064
2059;09:00:25.575;2.9;15.865808;3196096
2060;09:00:25.745;3.0;15.867079;3196352
2061;09:00:25.916;1.5;15.866325;3196596
2062;09:00:26.085;3.2;15.866027;3196140
2063;09:00:26.254;3.0;15.866225;3196180
2064;09:00:26.424;3.0;15.868131;3196564
2065;09:00:26.594;1.5;15.868151;3196428
2066;09:00:26.763;3.2;15.867774;3196492
2067;09:00:26.932;0.0;15.867020;3196340
2068;09:00:27.101;1.6;15.866166;3196168
2069;09:00:27.272;3.0;15.864120;3195756
2070;09:00:27.443;1.6;15.866166;3196264
2071;09:00:27.612;3.2;15.863346;3195600
2072;09:00:27.784;1.5;15.868906;3196720
2073;09:00:27.954;0.0;15.864756;3195980
2074;09:00:28.126;4.5;15.865610;3196056
2075;09:00:28.296;7.4;15.867079;3196736
2076;09:00:28.466;3.1;15.863624;3195928
2077;09:00:28.635;3.1;15.863485;3195628
2078;09:00:28.805;3.1;15.865371;3196528
2079;09:00:28.974;1.5;15.870177;3196976
2080;09:00:29.144;0.0;15.869224;3196784
2081;09:00:29.314;4.6;15.867437;3196684
2082;09:00:29.485;1.5;15.866066;3196000
2083;09:00:29.656;3.2;15.866066;3196148
2084;09:00:29.826;0.0;15.867834;3196352
2085;09:00:29.996;0.0;15.866960;3196328
2086;09:00:30.165;1.6;15.866325;3196200
2087;09:00:30.335;3.0;15.866186;3195876
2088;09:00:30.504;1.6;15.867039;3196344
2089;09:00:30.673;1.6;15.863326;3195624
2090;09:00:30.844;3.2;15.866444;3196132
2091;09:00:31.015;1.5;15.865649;3196340
2092;09:00:31.184;1.4;15.865689;3196072
2093;09:00:31.353;3.1;15.867238;3196544
2094;09:00:31.524;1.6;15.866583;3196252
2095;09:00:31.696;3.1;15.867397;3196416
2096;09:00:31.865;2.9;15.868449;3196480
2097;09:00:32.036;0.0;15.867933;3196376
2098;09:00:32.205;1.6;15.868409;3196620
2099;09:00:32.375;4.4;15.866186;3196252
2100;09:00:32.546;1.5;15.868489;3196896
2101;09:00:32.716;4.8;15.869085;3196312
2102;09:00:32.885;3.1;15.867834;3196356
2103;09:00:33.057;1.4;15.867476;3196432
2104;09:00:33.228;1.7;15.867734;3196484
2105;09:00:33.398;1.6;15.865808;3196096
2106;09:00:33.567;0.0;15.864339;3195800
2107;09:00:33.737;3.1;15.868290;3196448
2108;09:00:33.907;3.1;15.867278;3196244
2109;09:00:34.077;1.6;15.868032;3196544
2110;09:00:34.246;1.5;15.866861;3196308
2111;09:00:34.416;3.1;15.867992;3196536
2112;09:00:34.586;1.5;15.866662;3196268
2113;09:00:34.755;3.1;15.868668;3196672
2114;09:00:34.925;3.1;15.869978;3196936
2115;09:00:35.096;1.6;15.866642;3196116
2116;09:00:35.266;3.1;15.866483;3196084
2117;09:00:35.436;3.1;15.866225;3196180
2118;09:00:35.606;1.5;15.866801;3196148
2119;09:00:35.776;3.3;15.866066;3196448
2120;09:00:35.946;2.9;15.867754;3196336
2121;09:00:36.116;2.8;15.866305;3196196
2122;09:00:36.287;1.5;15.866622;3195964
2123;09:00:36.457;3.2;15.866285;3196192
2124;09:00:36.627;4.6;15.865908;3196480
2125;09:00:36.797;1.6;15.866543;3196244
2126;09:00:36.966;4.5;15.866583;3196348
2127;09:00:37.136;3.0;15.866384;3196212
2128;09:00:37.307;4.5;15.865709;3196076
2129;09:00:37.477;2.9;15.866384;3196212
2130;09:00:37.648;1.5;15.867576;3196452
2131;09:00:37.817;3.1;15.869799;3196752
2132;09:00:37.987;0.0;15.869601;3196564
2133;09:00:38.159;3.0;15.869323;3196804
2134;09:00:38.328;1.6;15.867734;3196484
2135;09:00:38.498;0.0;15.868648;3196668
2136;09:00:38.670;3.2;15.865769;3195940
2137;09:00:38.840;0.0;15.869541;3197148
2138;09:00:39.009;3.1;15.867476;3196284
2139;09:00:39.179;1.6;15.867953;3196228
2140;09:00:39.349;3.1;15.865391;3196012
2141;09:00:39.519;4.7;15.869224;3196784
2142;09:00:39.689;3.0;15.867258;3196656
2143;09:00:40.048;3.2;15.868628;3196664
2144;09:00:40.219;3.3;15.869879;3196916
2145;09:00:40.389;1.6;15.868608;3196660
2146;09:00:40.558;1.6;15.867794;3196348
2147;09:00:40.727;0.0;15.867854;3196456
2148;09:00:40.897;1.6;15.867198;3196376
2149;09:00:41.072;1.6;15.867476;3196432
2150;09:00:41.243;1.6;15.867536;3196148
2151;09:00:41.413;3.1;15.865808;3196096
2152;09:00:41.582;3.2;15.864875;3195908
2153;09:00:41.751;0.0;15.865769;3196088
2154;09:00:41.922;4.5;15.867814;3196500
2155;09:00:42.093;3.0;15.867119;3196360
2156;09:00:42.262;3.2;15.866325;3196200
2157;09:00:42.432;3.1;15.866364;3195908
2158;09:00:42.601;1.5;15.868429;3196476
2159;09:00:42.770;3.1;15.866603;3196336
2160;09:00:42.942;3.2;15.869402;3196820
2161;09:00:43.112;3.1;15.867020;3196192
2162;09:00:43.281;1.6;15.867377;3196264
2163;09:00:43.450;4.6;15.866245;3196444
2164;09:00:43.620;1.5;15.866404;3196216
2165;09:00:43.792;1.6;15.865967;3195980
2166;09:00:43.961;3.2;15.866285;3196452
2167;09:00:44.133;3.2;15.863723;3195676
2168;09:00:44.303;3.2;15.862909;3195512
2169;09:00:44.473;1.6;15.866841;3196304
2170;09:00:44.642;1.5;15.867278;3196684
2171;09:00:44.812;4.6;15.865709;3196076
2172;09:00:44.982;3.1;15.864994;3196208
2173;09:00:45.151;3.2;15.869998;3196940
2174;09:00:45.320;2.9;15.866861;3196160
2175;09:00:45.490;1.6;15.866940;3196324
2176;09:00:45.659;1.5;15.867159;3196220
2177;09:00:45.828;1.6;15.867000;3196336
2178;09:00:45.997;1.6;15.867139;3196364
2179;09:00:46.168;1.6;15.867377;3196264
2180;09:00:46.338;3.1;15.867437;3196424
2181;09:00:46.507;1.6;15.867615;3196460
2182;09:00:46.676;4.8;15.869363;3196812
2183;09:00:46.847;3.1;15.870455;3196736
2184;09:00:47.017;3.1;15.867079;3196336
2185;09:00:47.187;3.2;15.870733;3196940
2186;09:00:47.357;0.0;15.868052;3196548
2187;09:00:47.528;0.0;15.866682;3196272
2188;09:00:47.697;0.0;15.868052;3196548
2189;09:00:47.867;1.5;15.867238;3196384
2190;09:00:48.037;0.0;15.869164;3196772
2191;09:00:48.206;0.0;15.867238;3196236
2192;09:00:48.375;0.0;15.866027;3196424
2193;09:00:48.544;3.0;15.865550;3196304
2194;09:00:48.715;2.9;15.864815;3196164
2195;09:00:48.885;3.2;15.864815;3195896
2196;09:00:49.054;1.6;15.864895;3195912
2197;09:00:49.223;1.5;15.864855;3195904
2198;09:00:49.393;0.0;15.866364;3196208
2199;09:00:49.563;1.5;15.864637;3195800
2200;09:00:49.732;1.6;15.868052;3196548
2201;09:00:49.901;3.1;15.868052;3196400
2202;09:00:50.070;3.1;15.865987;3196244
2203;09:00:50.240;1.6;15.867556;3196300
2204;09:00:50.409;3.0;15.867218;3196232
2205;09:00:50.579;1.6;15.868727;3196536
2206;09:00:50.749;3.3;15.864676;3195648
2207;09:00:50.922;3.1;15.864577;3195628
2208;09:00:51.092;0.0;15.863962;3195724
2209;09:00:51.262;1.5;15.863565;3195644
2210;09:00:51.432;3.1;15.860546;3194708
2211;09:00:51.602;3.1;15.858461;3194440
2212;09:00:51.772;1.5;15.860824;3195316
2213;09:00:51.941;1.6;15.863148;3195560
2214;09:00:52.110;3.1;15.865232;3195324
2215;09:00:52.280;1.6;15.864915;3196184
2216;09:00:52.450;1.6;15.863426;3195468
2217;09:00:52.620;0.0;15.864319;3195648
2218;09:00:52.789;3.0;15.864240;3195780
2219;09:00:52.959;3.0;15.863386;3195524
2220;09:00:53.129;1.6;15.860844;3195096
2221;09:00:53.299;2.9;15.861480;3195224
2222;09:00:53.468;3.1;15.863247;3195580
2223;09:00:53.638;1.5;15.861976;3195324
2224;09:00:53.808;3.1;15.862929;3195368
2225;09:00:53.978;0.0;15.863644;3195660
2226;09:00:54.147;1.5;15.864240;3195780
2227;09:00:54.317;1.6;15.862870;3195100
2228;09:00:54.487;1.5;15.862731;3195720
2229;09:00:54.659;0.0;15.864756;3195588
2230;09:00:54.831;1.5;15.863366;3195748
2231;09:00:55.001;0.0;15.862234;3195676
2232;09:00:55.173;3.1;15.862433;3195416
2233;09:00:55.344;0.0;15.866225;3195884
2234;09:00:55.515;0.0;15.863842;3195700
2235;09:00:55.686;0.0;15.863009;3195816
2236;09:00:55.857;3.1;15.864418;3195816
2237;09:00:56.028;3.2;15.862453;3195456
2238;09:00:56.198;1.6;15.861837;3195496
2239;09:00:56.368;0.0;15.861559;3195092
2240;09:00:56.537;1.3;15.860824;3195100
2241;09:00:56.707;0.0;15.861122;3195152
2242;09:00:56.877;3.0;15.862631;3195308
2243;09:00:57.047;4.5;15.857866;3194876
2244;09:00:57.216;4.4;15.858303;3194584
2245;09:00:57.387;7.1;15.855185;3194184
2246;09:00:57.558;1.6;15.860308;3194964
2247;09:00:57.727;1.6;15.859355;3194796
2248;09:00:57.897;1.5;15.860229;3194972
2249;09:00:58.069;7.4;15.859375;3195084
2250;09:00:58.240;3.1;15.861182;3195172
2251;09:00:58.410;0.0;15.864021;3195736
2252;09:00:58.579;1.5;15.861817;3195292
2253;09:00:58.749;0.0;15.861023;3195132
2254;09:00:58.919;4.5;15.860546;3195036
2255;09:00:59.088;3.1;15.863565;3195644
2256;09:00:59.258;3.1;15.861559;3195240
2257;09:00:59.428;0.0;15.860824;3195360
2258;09:00:59.601;7.0;15.863167;3195564
2259;09:00:59.773;4.5;15.865014;3196116
2260;09:00:59.943;4.7;15.862075;3195344
2261;09:01:00.113;7.5;15.865193;3195972
2262;09:01:00.283;4.6;15.863723;3195676
2263;09:01:00.453;0.0;15.862889;3195508
2264;09:01:00.626;4.5;15.866642;3196264
2265;09:01:00.799;4.3;15.862592;3195604
2266;09:01:00.970;1.5;15.862611;3195452
2267;09:01:01.141;3.2;15.862055;3195340
2268;09:01:01.310;3.1;15.861341;3195048
2269;09:01:01.479;0.0;15.861698;3195120
2270;09:01:01.649;1.6;15.860586;3195044
2271;09:01:01.818;7.7;15.769762;3177724
2272;09:01:01.988;7.2;15.777090;3178004
2273;09:01:02.158;3.1;15.776970;3178200
2274;09:01:02.327;3.0;15.777090;3178224
2275;09:01:02.497;3.0;15.777050;3177772
2276;09:01:02.667;1.6;15.775342;3177872
2277;09:01:02.836;1.5;15.775104;3177824
2278;09:01:03.006;1.6;15.776077;3178020
2279;09:01:03.175;4.5;15.776156;3178036
2280;09:01:03.344;3.1;15.776077;3177800
2281;09:01:03.513;1.6;15.775283;3177860
2282;09:01:03.683;3.0;15.773754;3177552
2283;09:01:03.852;3.1;15.773555;3177292
2284;09:01:04.021;1.6;15.773754;3177552
2285;09:01:04.191;0.0;15.777546;3178316
2286;09:01:04.360;1.6;15.776573;3177900
2287;09:01:04.529;3.1;15.774965;3177796
2288;09:01:04.699;0.0;15.775005;3177804
2289;09:01:04.869;0.0;15.774032;3177868
2290;09:01:05.039;1.6;15.774310;3177664
2291;09:01:05.209;3.1;15.778837;3178356
2292;09:01:05.379;1.6;15.776295;3178064
2293;09:01:05.549;1.5;15.773873;3177576
2294;09:01:05.718;3.0;15.775203;3177844
2295;09:01:05.887;1.6;15.774965;3177796
2296;09:01:06.056;1.6;15.775064;3177816
2297;09:01:06.226;3.0;15.774786;3177760
2298;09:01:06.395;1.6;15.773654;3177532
2299;09:01:06.565;0.0;15.776355;3177856
2300;09:01:06.735;3.1;15.774746;3177752
2301;09:01:06.904;0.0;15.775918;3177768
2302;09:01:07.074;1.6;15.774826;3177768
2303;09:01:07.245;0.0;15.775302;3177864
2304;09:01:07.416;1.6;15.774846;3177552
2305;09:01:07.585;1.5;15.773634;3177528
2306;09:01:07.755;0.0;15.773634;3177528
2307;09:01:07.925;1.6;15.774885;3177780
2308;09:01:08.096;2.9;15.776256;3178056
2309;09:01:08.266;3.1;15.774965;3177796
2310;09:01:08.435;1.6;15.776017;3178008
2311;09:01:08.605;1.6;15.775978;3177780
2312;09:01:08.775;3.1;15.774607;3177724
2313;09:01:08.945;3.0;15.774647;3177732
2314;09:01:09.114;1.6;15.777506;3178088
2315;09:01:09.285;1.6;15.776335;3178072
2316;09:01:09.455;1.6;15.774925;3177788
2317;09:01:09.625;1.6;15.775044;3177592
2318;09:01:09.795;3.0;15.773912;3177584
2319;09:01:09.964;1.6;15.773754;3177552
2320;09:01:10.134;1.6;15.772463;3177568
2321;09:01:10.303;1.5;15.773674;3177316
2322;09:01:10.473;1.5;15.774925;3177788
2323;09:01:10.642;1.5;15.775005;3177804
2324;09:01:10.811;0.0;15.773952;3177876
2325;09:01:10.981;1.5;15.774468;3177696
2326;09:01:11.151;1.6;15.775302;3177644
2327;09:01:11.321;1.6;15.774091;3177620
2328;09:01:11.491;3.1;15.776236;3178052
2329;09:01:11.661;0.0;15.775938;3177992
2330;09:01:11.831;3.0;15.774687;3177740
2331;09:01:12.001;0.0;15.773674;3177536
2332;09:01:12.172;3.1;15.774468;3178012
2333;09:01:12.342;3.1;15.777367;3178280
2334;09:01:12.511;0.0;15.775640;3177712
2335;09:01:12.681;1.5;15.776653;3177916
2336;09:01:12.851;0.0;15.775243;3177852
2337;09:01:13.020;1.6;15.776653;3178136
2338;09:01:13.190;3.1;15.774468;3177696
2339;09:01:13.360;3.0;15.775243;3177852
2340;09:01:13.530;3.0;15.775203;3177860
2341;09:01:13.700;1.6;15.775243;3177852
2342;09:01:13.869;3.0;15.775283;3177860
2343;09:01:14.039;1.6;15.774190;3177420
2344;09:01:14.209;3.1;15.777248;3178256
2345;09:01:14.378;3.1;15.777169;3178240
2346;09:01:14.548;3.2;15.775342;3177652
2347;09:01:14.719;3.1;15.774687;3177748
2348;09:01:14.889;3.0;15.773555;3177512
2349;09:01:15.060;3.1;15.774727;3177748
2350;09:01:15.229;1.6;15.777784;3178144
2351;09:01:15.399;1.6;15.769266;3176900
2352;09:01:15.570;1.6;15.769286;3176652
2353;09:01:15.740;2.9;15.772205;3176912
2354;09:01:15.911;3.4;15.770120;3176820
2355;09:01:16.093;7.9;15.771093;3177284
2356;09:01:16.264;3.2;15.774449;3177692
2357;09:01:16.438;7.5;15.771450;3177340
2358;09:01:16.610;6.2;15.770954;3176988
2359;09:01:16.781;3.2;15.772602;3177320
2360;09:01:16.952;1.6;15.773773;3177408
2361;09:01:17.121;3.1;15.773257;3177452
2362;09:01:17.291;1.6;15.774051;3177316
2363;09:01:17.459;0.0;15.773217;3177444
2364;09:01:17.629;1.4;15.773039;3177408
2365;09:01:17.799;1.6;15.774290;3177660
2366;09:01:17.968;1.6;15.773555;3177512
2367;09:01:18.137;3.1;15.772066;3177212
2368;09:01:18.307;1.6;15.772999;3177700
2369;09:01:18.478;1.5;15.773495;3177500
2370;09:01:18.648;3.0;15.772304;3177520
2371;09:01:18.817;0.0;15.770656;3176928
2372;09:01:18.987;1.6;15.770775;3176952
2373;09:01:19.157;3.1;15.773039;3177260
2374;09:01:19.326;0.0;15.774468;3177964
2375;09:01:19.496;0.0;15.774588;3177928
2376;09:01:19.666;3.0;15.773893;3177432
2377;09:01:19.836;1.5;15.773932;3177440
2378;09:01:20.005;1.5;15.773813;3177564
2379;09:01:20.174;10.9;15.767936;3176452
2380;09:01:20.347;4.6;15.774588;3177500
2381;09:01:20.517;0.0;15.771808;3177404
2382;09:01:20.687;2.9;15.772920;3177384
2383;09:01:21.000;0.0;15.774131;3177408
2384;09:01:21.175;3.1;15.774131;3177628
2385;09:01:21.345;4.5;15.775779;3177960
2386;09:01:21.514;16.2;15.489012;3120428
