ID; Time; Network interface; TBPS; RBPS
1;22:08:15.772;enp0s25;64;64
2;22:08:16.780;enp0s25;0;64
3;22:08:17.791;enp0s25;4419;9386
4;22:08:18.805;enp0s25;59134;1807711
5;22:08:19.818;enp0s25;70;304
6;22:08:20.826;enp0s25;3997;38367
7;22:08:21.839;enp0s25;15001;540408
8;22:08:22.853;enp0s25;14000;596638
9;22:08:23.862;enp0s25;11270;467544
10;22:08:24.877;enp0s25;10080;432694
11;22:08:25.888;enp0s25;10010;431112
12;22:08:26.898;enp0s25;11824;501068
13;22:08:27.909;enp0s25;11130;473616
14;22:08:28.917;enp0s25;10850;464572
15;22:08:29.933;enp0s25;12600;531300
16;22:08:30.946;enp0s25;13230;554134
17;22:08:31.961;enp0s25;12110;514602
18;22:08:32.972;enp0s25;10990;467608
19;22:08:33.988;enp0s25;14700;625416
20;22:08:35.003;enp0s25;14490;619408
21;22:08:36.021;enp0s25;9240;390126
22;22:08:37.036;enp0s25;11830;501004
23;22:08:38.050;enp0s25;11754;499486
24;22:08:39.059;enp0s25;11270;476716
25;22:08:40.076;enp0s25;14378;531300
26;22:08:41.091;enp0s25;13650;575386
27;22:08:42.107;enp0s25;13300;564696
28;22:08:43.121;enp0s25;14350;613443
29;22:08:44.133;enp0s25;14490;619451
30;22:08:45.143;enp0s25;14560;622444
31;22:08:46.155;enp0s25;13440;566214
32;22:08:47.169;enp0s25;13790;586012
33;22:08:48.182;enp0s25;14630;625416
34;22:08:49.194;enp0s25;12944;551162
35;22:08:50.205;enp0s25;11690;494868
36;22:08:51.217;enp0s25;10570;455464
37;22:08:52.235;enp0s25;11060;470580
38;22:08:53.248;enp0s25;14560;622444
39;22:08:54.260;enp0s25;12810;544962
40;22:08:55.269;enp0s25;10990;467608
41;22:08:56.283;enp0s25;14560;622380
42;22:08:57.298;enp0s25;13720;581458
43;22:08:58.310;enp0s25;11550;490314
44;22:08:59.321;enp0s25;11894;501068
45;22:09:00.332;enp0s25;13370;570768
46;22:09:01.348;enp0s25;10360;444838
47;22:09:02.362;enp0s25;11130;473616
48;22:09:03.378;enp0s25;12950;551098
49;22:09:04.394;enp0s25;11060;470580
50;22:09:05.408;enp0s25;13294;563306
51;22:09:06.418;enp0s25;13930;593538
52;22:09:07.433;enp0s25;14490;619408
53;22:09:08.450;enp0s25;14770;628452
54;22:09:09.468;enp0s25;14930;631622
55;22:09:10.482;enp0s25;14624;622444
56;22:09:11.493;enp0s25;10850;460018
57;22:09:12.503;enp0s25;10500;449328
58;22:09:13.517;enp0s25;12670;541990
59;22:09:14.534;enp0s25;14560;619451
60;22:09:15.546;enp0s25;11060;467715
61;22:09:16.560;enp0s25;12284;537372
62;22:09:17.569;enp0s25;12880;548062
63;22:09:18.585;enp0s25;10990;467544
64;22:09:19.601;enp0s25;10990;470580
65;22:09:20.617;enp0s25;13020;551098
66;22:09:21.630;enp0s25;14764;625480
67;22:09:22.644;enp0s25;12180;522256
68;22:09:23.659;enp0s25;12950;547998
69;22:09:24.675;enp0s25;10850;464572
70;22:09:25.689;enp0s25;12810;541926
71;22:09:26.699;enp0s25;10920;464572
72;22:09:27.711;enp0s25;9940;414414
73;22:09:28.725;enp0s25;9800;423586
74;22:09:29.742;enp0s25;14700;625416
75;22:09:30.756;enp0s25;9870;420550
76;22:09:31.772;enp0s25;9660;409860
77;22:09:32.779;enp0s25;10214;431240
78;22:09:33.792;enp0s25;9170;387090
79;22:09:34.809;enp0s25;14560;622444
80;22:09:35.824;enp0s25;14490;619344
81;22:09:36.841;enp0s25;14560;619408
82;22:09:37.854;enp0s25;12810;544962
83;22:09:38.865;enp0s25;10710;450910
84;22:09:39.878;enp0s25;10920;464508
85;22:09:40.895;enp0s25;10920;464572
86;22:09:41.907;enp0s25;9310;393162
87;22:09:42.924;enp0s25;14210;616372
88;22:09:43.936;enp0s25;11054;464572
89;22:09:44.949;enp0s25;10990;467715
90;22:09:45.966;enp0s25;11060;473723
91;22:09:46.984;enp0s25;3990;159096
92;22:09:47.992;enp0s25;0;0
93;22:09:49.000;enp0s25;0;64
94;22:09:50.006;enp0s25;0;0
95;22:09:51.014;enp0s25;0;64
96;22:09:52.021;enp0s25;0;0
97;22:09:53.028;enp0s25;0;64
98;22:09:54.035;enp0s25;0;0
99;22:09:55.042;enp0s25;64;128
100;22:09:56.049;enp0s25;0;0
101;22:09:57.057;enp0s25;0;64
102;22:09:58.063;enp0s25;0;0
103;22:09:59.073;enp0s25;0;64
104;22:10:00.089;enp0s25;0;0
105;22:10:01.095;enp0s25;0;64
106;22:10:02.102;enp0s25;0;0
107;22:10:03.109;enp0s25;0;64
108;22:10:04.116;enp0s25;0;0
109;22:10:05.123;enp0s25;335;558
110;22:10:06.138;enp0s25;726;4063
111;22:10:07.146;enp0s25;0;64
112;22:10:08.153;enp0s25;0;0
113;22:10:09.160;enp0s25;0;64
114;22:10:10.175;enp0s25;0;0
115;22:10:11.191;enp0s25;0;64
116;22:10:12.199;enp0s25;34113;817474
117;22:10:13.210;enp0s25;36890;1621358
118;22:10:14.217;enp0s25;22960;1029204
119;22:10:15.224;enp0s25;18620;827374
120;22:10:16.235;enp0s25;21140;941267
121;22:10:17.247;enp0s25;25432;1116035
122;22:10:18.258;enp0s25;36610;1625778
123;22:10:19.273;enp0s25;26250;1185622
124;22:10:20.289;enp0s25;17360;769626
125;22:10:21.299;enp0s25;20370;924526
126;22:10:22.311;enp0s25;19040;851598
127;22:10:23.356;enp0s25;14280;637624
128;22:10:24.373;enp0s25;16940;765072
129;22:10:25.390;enp0s25;20580;938188
130;22:10:26.404;enp0s25;21280;942678
131;22:10:27.418;enp0s25;20364;924590
132;22:10:28.427;enp0s25;18970;856152
133;22:10:29.439;enp0s25;16800;760582
134;22:10:30.454;enp0s25;18130;821238
135;22:10:31.470;enp0s25;20160;916936
136;22:10:32.487;enp0s25;27930;1241724
137;22:10:33.498;enp0s25;32900;1434574
138;22:10:34.508;enp0s25;18270;842490
139;22:10:35.522;enp0s25;31990;1420912
140;22:10:36.531;enp0s25;37030;1621224
141;22:10:37.541;enp0s25;28490;1275184
142;22:10:38.556;enp0s25;22604;1008016
143;22:10:39.567;enp0s25;80892;3893804
144;22:10:40.580;enp0s25;150367;6799885
145;22:10:41.591;enp0s25;152250;7168060
146;22:10:42.598;enp0s25;143080;6738466
147;22:10:43.605;enp0s25;120264;5755581
148;22:10:44.620;enp0s25;40740;1572712
149;22:10:45.627;enp0s25;26139;1026528
150;22:10:46.642;enp0s25;25470;979478
151;22:10:47.653;enp0s25;27207;1148376
152;22:10:48.664;enp0s25;25130;1111347
153;22:10:49.672;enp0s25;36954;1616734
154;22:10:50.684;enp0s25;36820;1660756
155;22:10:51.692;enp0s25;35770;1612116
156;22:10:52.700;enp0s25;36750;1625842
157;22:10:53.711;enp0s25;35980;1616670
158;22:10:54.721;enp0s25;30136;1331186
159;22:10:55.735;enp0s25;14508;614994
160;22:10:56.744;enp0s25;25366;1000786
161;22:10:57.757;enp0s25;37730;1672836
162;22:10:58.767;enp0s25;27510;1211428
163;22:10:59.780;enp0s25;25410;1130910
164;22:11:00.791;enp0s25;26987;1134352
165;22:11:01.807;enp0s25;5293;128489
166;22:11:02.818;enp0s25;7505;146955
167;22:11:03.830;enp0s25;10958;273339
168;22:11:04.843;enp0s25;6720;130904
169;22:11:05.854;enp0s25;6525;205918
170;22:11:06.867;enp0s25;12386;360246
171;22:11:07.875;enp0s25;23557;914692
172;22:11:08.887;enp0s25;9588;217558
173;22:11:09.904;enp0s25;7020;190696
174;22:11:10.918;enp0s25;7092;180765
175;22:11:11.934;enp0s25;11443;293185
176;22:11:12.947;enp0s25;26374;1120957
177;22:11:13.955;enp0s25;35724;1562347
178;22:11:14.968;enp0s25;35377;1486304
179;22:11:15.978;enp0s25;14071;440777
180;22:11:16.988;enp0s25;18328;782557
181;22:11:17.997;enp0s25;0;905
182;22:11:19.004;enp0s25;0;171
183;22:11:20.011;enp0s25;0;0
184;22:11:21.019;enp0s25;0;64
185;22:11:22.025;enp0s25;0;798
186;22:11:23.032;enp0s25;64;128
187;22:11:24.041;enp0s25;0;0
188;22:11:25.049;enp0s25;0;64
189;22:11:26.057;enp0s25;0;0
190;22:11:27.066;enp0s25;0;64
191;22:11:28.074;enp0s25;0;0
192;22:11:29.081;enp0s25;0;64
193;22:11:30.089;enp0s25;0;0
194;22:11:31.096;enp0s25;0;64
195;22:11:32.104;enp0s25;0;0
196;22:11:33.111;enp0s25;0;64
197;22:11:34.117;enp0s25;64;64
198;22:11:35.124;enp0s25;658;636
199;22:11:36.137;enp0s25;16310;406439
200;22:11:37.150;enp0s25;14910;633070
201;22:11:38.160;enp0s25;14560;622380
202;22:11:39.170;enp0s25;25774;918332
203;22:11:40.177;enp0s25;16730;742302
204;22:11:41.187;enp0s25;21514;840200
205;22:11:42.201;enp0s25;350;9938
206;22:11:43.210;enp0s25;0;64
207;22:11:44.218;enp0s25;0;0
208;22:11:45.225;enp0s25;64;128
209;22:11:46.232;enp0s25;0;0
210;22:11:47.239;enp0s25;0;64
211;22:11:48.246;enp0s25;0;0
212;22:11:49.253;enp0s25;14139;553064
213;22:11:50.263;enp0s25;3968;121501
214;22:11:51.271;enp0s25;1802;60559
215;22:11:52.289;enp0s25;874;19762
216;22:11:53.305;enp0s25;1674;62892
217;22:11:54.320;enp0s25;16370;647195
218;22:11:55.328;enp0s25;25350;943030
219;22:11:56.335;enp0s25;33060;1286971
220;22:11:57.344;enp0s25;22548;702579
221;22:11:58.352;enp0s25;31220;1234724
222;22:11:59.362;enp0s25;14210;534816
223;22:12:00.377;enp0s25;1908;70135
224;22:12:01.391;enp0s25;2634;136641
225;22:12:02.400;enp0s25;1410;70207
226;22:12:03.416;enp0s25;0;64
227;22:12:04.432;enp0s25;30394;1241722
228;22:12:05.441;enp0s25;25452;970683
229;22:12:06.450;enp0s25;21798;724105
230;22:12:07.467;enp0s25;0;64
231;22:12:08.478;enp0s25;18842;822665
232;22:12:09.491;enp0s25;49134;2330281
233;22:12:10.507;enp0s25;24926;617100
234;22:12:11.667;enp0s25;3032;58775
235;22:12:12.686;enp0s25;1944;22029
236;22:12:13.701;enp0s25;38304;1868828
237;22:12:14.718;enp0s25;18528;869965
238;22:12:15.731;enp0s25;16298;656317
239;22:12:16.744;enp0s25;25384;1079199
240;22:12:17.753;enp0s25;31624;1199793
241;22:12:18.760;enp0s25;2904;52426
242;22:12:19.774;enp0s25;7140;129526
243;22:12:20.785;enp0s25;9094;207033
244;22:12:21.797;enp0s25;4574;117142
245;22:12:22.807;enp0s25;5820;158589
246;22:12:23.814;enp0s25;19888;810305
247;22:12:24.821;enp0s25;13922;476942
248;22:12:25.830;enp0s25;17762;560891
249;22:12:26.838;enp0s25;20252;612900
250;22:12:27.849;enp0s25;7348;174270
251;22:12:28.862;enp0s25;6616;259307
252;22:12:29.873;enp0s25;8158;277080
253;22:12:30.882;enp0s25;23396;975885
254;22:12:31.899;enp0s25;8090;250684
255;22:12:32.910;enp0s25;6940;239565
256;22:12:33.920;enp0s25;4470;85300
257;22:12:34.927;enp0s25;1750;60449
258;22:12:35.934;enp0s25;7870;200265
259;22:12:36.942;enp0s25;11312;314148
260;22:12:37.957;enp0s25;23896;915237
261;22:12:38.966;enp0s25;16638;544782
262;22:12:39.981;enp0s25;10412;376580
263;22:12:40.997;enp0s25;19336;673110
264;22:12:42.007;enp0s25;3040;56512
265;22:12:43.015;enp0s25;4854;143967
266;22:12:44.023;enp0s25;17192;422157
267;22:12:45.031;enp0s25;4776;161809
268;22:12:46.041;enp0s25;47720;2137986
269;22:12:47.051;enp0s25;19082;550772
270;22:12:48.058;enp0s25;5078;147298
271;22:12:49.066;enp0s25;24716;912745
272;22:12:50.078;enp0s25;16904;476739
273;22:12:51.090;enp0s25;3522;60539
274;22:12:52.105;enp0s25;8294;183098
275;22:12:53.122;enp0s25;9252;234673
276;22:12:54.134;enp0s25;15160;506525
277;22:12:55.146;enp0s25;14796;334534
278;22:12:56.157;enp0s25;3342;71325
279;22:12:57.169;enp0s25;4826;82647
280;22:12:58.184;enp0s25;4502;64814
281;22:12:59.199;enp0s25;7516;146292
282;22:13:00.214;enp0s25;11658;311438
283;22:13:01.228;enp0s25;12788;482730
284;22:13:02.243;enp0s25;3650;145794
285;22:13:03.253;enp0s25;14574;413254
286;22:13:04.262;enp0s25;3678;54533
287;22:13:05.275;enp0s25;5520;109046
288;22:13:06.291;enp0s25;2394;26296
289;22:13:07.301;enp0s25;7758;134219
290;22:13:08.311;enp0s25;9020;123968
291;22:13:09.325;enp0s25;3414;117289
292;22:13:10.334;enp0s25;27472;1105559
293;22:13:11.342;enp0s25;27590;1144800
294;22:13:12.358;enp0s25;22736;1130718
295;22:13:13.371;enp0s25;37870;1756884
296;22:13:14.388;enp0s25;8138;345936
297;22:13:15.397;enp0s25;27612;1278935
298;22:13:16.404;enp0s25;21278;1012878
299;22:13:17.419;enp0s25;23470;1054693
300;22:13:18.428;enp0s25;10608;207018
301;22:13:19.441;enp0s25;8718;222791
302;22:13:20.456;enp0s25;3480;79289
303;22:13:21.467;enp0s25;3862;55704
304;22:13:22.478;enp0s25;836;17868
305;22:13:23.493;enp0s25;15160;387094
306;22:13:24.510;enp0s25;8440;225318
307;22:13:25.524;enp0s25;11636;362154
308;22:13:26.537;enp0s25;14402;572172
309;22:13:27.547;enp0s25;6458;158771
310;22:13:28.561;enp0s25;9238;185739
311;22:13:29.568;enp0s25;5006;86564
312;22:13:30.580;enp0s25;5810;109380
313;22:13:31.597;enp0s25;8010;146898
314;22:13:32.609;enp0s25;17138;559365
315;22:13:33.617;enp0s25;12268;309676
316;22:13:34.625;enp0s25;5802;154518
317;22:13:35.634;enp0s25;4392;104301
318;22:13:36.652;enp0s25;31520;1485590
319;22:13:37.667;enp0s25;7480;332975
320;22:13:38.681;enp0s25;35038;1724355
321;22:13:39.693;enp0s25;1870;87855
322;22:13:40.701;enp0s25;67790;3333864
323;22:13:41.718;enp0s25;4810;170419
324;22:13:42.729;enp0s25;17966;482576
325;22:13:43.735;enp0s25;8196;160694
326;22:13:44.750;enp0s25;18614;804021
327;22:13:45.759;enp0s25;31588;1288140
328;22:13:46.771;enp0s25;4836;132410
329;22:13:47.779;enp0s25;5806;124138
330;22:13:48.789;enp0s25;6154;192584
331;22:13:49.806;enp0s25;14386;268191
332;22:13:50.817;enp0s25;15972;552604
333;22:13:51.832;enp0s25;11605;361561
334;22:13:52.841;enp0s25;27797;1017771
335;22:13:53.852;enp0s25;73152;3170084
336;22:13:54.863;enp0s25;61824;3366157
337;22:13:55.872;enp0s25;5194;102543
338;22:13:56.883;enp0s25;4210;65959
339;22:13:57.897;enp0s25;7976;144585
340;22:13:58.914;enp0s25;10092;216961
341;22:13:59.925;enp0s25;5320;125249
342;22:14:00.939;enp0s25;40036;2012410
343;22:14:01.949;enp0s25;9072;406822
344;22:14:02.963;enp0s25;19332;668078
345;22:14:03.971;enp0s25;1964;52830
346;22:14:04.978;enp0s25;0;64
347;22:14:05.985;enp0s25;0;0
348;22:14:06.992;enp0s25;0;64
349;22:14:07.999;enp0s25;64;64
350;22:14:09.005;enp0s25;0;64
351;22:14:10.012;enp0s25;0;0
352;22:14:11.019;enp0s25;0;64
353;22:14:12.026;enp0s25;0;0
354;22:14:13.033;enp0s25;0;64
355;22:14:14.040;enp0s25;0;0
356;22:14:15.047;enp0s25;0;64
357;22:14:16.054;enp0s25;0;0
358;22:14:17.061;enp0s25;0;64
359;22:14:18.067;enp0s25;0;0
360;22:14:19.074;enp0s25;64;128
361;22:14:20.081;enp0s25;0;0
362;22:14:21.087;enp0s25;0;64
363;22:14:22.094;enp0s25;0;0
364;22:14:23.101;enp0s25;0;64
365;22:14:24.107;enp0s25;0;107
366;22:14:25.114;enp0s25;128;235
367;22:14:26.120;enp0s25;0;0
368;22:14:27.127;enp0s25;0;64
369;22:14:28.134;enp0s25;0;0
370;22:14:29.141;enp0s25;0;64
371;22:14:30.147;enp0s25;64;64
372;22:14:31.154;enp0s25;0;64
373;22:14:32.160;enp0s25;0;0
374;22:14:33.167;enp0s25;0;64
375;22:14:34.174;enp0s25;0;0
376;22:14:35.181;enp0s25;0;64
377;22:14:36.187;enp0s25;0;0
378;22:14:37.194;enp0s25;0;64
379;22:14:38.201;enp0s25;0;0
380;22:14:39.207;enp0s25;0;1708
381;22:14:40.214;enp0s25;0;3120
382;22:14:41.221;enp0s25;64;1248
383;22:14:42.228;enp0s25;0;1150
384;22:14:43.234;enp0s25;0;568
385;22:14:44.241;enp0s25;0;0
386;22:14:45.248;enp0s25;0;1214
387;22:14:46.255;enp0s25;0;0
388;22:14:47.262;enp0s25;0;64
389;22:14:48.269;enp0s25;0;0
390;22:14:49.276;enp0s25;0;64
391;22:14:50.283;enp0s25;0;0
392;22:14:51.290;enp0s25;0;64
393;22:14:52.296;enp0s25;64;568
394;22:14:53.303;enp0s25;0;458
395;22:14:54.310;enp0s25;0;0
396;22:14:55.317;enp0s25;0;171
397;22:14:56.323;enp0s25;0;107
398;22:14:57.330;enp0s25;0;64
399;22:14:58.337;enp0s25;0;0
400;22:14:59.344;enp0s25;0;64
401;22:15:00.351;enp0s25;0;0
402;22:15:01.358;enp0s25;0;64
403;22:15:02.364;enp0s25;0;1976
404;22:15:03.371;enp0s25;64;3276
405;22:15:04.378;enp0s25;0;760
406;22:15:05.385;enp0s25;0;1214
407;22:15:06.392;enp0s25;0;504
408;22:15:07.399;enp0s25;0;64
409;22:15:08.405;enp0s25;0;1150
410;22:15:09.412;enp0s25;0;64
411;22:15:10.418;enp0s25;0;0
412;22:15:11.425;enp0s25;0;64
413;22:15:12.432;enp0s25;0;0
414;22:15:13.438;enp0s25;0;64
415;22:15:14.445;enp0s25;64;64
416;22:15:15.452;enp0s25;0;568
417;22:15:16.458;enp0s25;0;0
418;22:15:17.465;enp0s25;0;64
419;22:15:18.471;enp0s25;0;0
420;22:15:19.478;enp0s25;0;64
421;22:15:20.485;enp0s25;0;0
422;22:15:21.491;enp0s25;0;458
423;22:15:22.498;enp0s25;0;0
424;22:15:23.505;enp0s25;0;64
425;22:15:24.511;enp0s25;0;0
426;22:15:25.518;enp0s25;64;128
427;22:15:26.524;enp0s25;0;107
428;22:15:27.531;enp0s25;0;171
429;22:15:28.537;enp0s25;0;0
430;22:15:29.544;enp0s25;0;64
431;22:15:30.550;enp0s25;0;0
432;22:15:31.557;enp0s25;0;64
433;22:15:32.564;enp0s25;0;0
434;22:15:33.570;enp0s25;0;64
435;22:15:34.577;enp0s25;0;0
436;22:15:35.584;enp0s25;0;64
437;22:15:36.590;enp0s25;64;64
438;22:15:37.597;enp0s25;0;64
439;22:15:38.603;enp0s25;0;64
440;22:15:39.610;enp0s25;0;0
441;22:15:40.617;enp0s25;0;64
442;22:15:41.623;enp0s25;0;0
443;22:15:42.630;enp0s25;0;64
444;22:15:43.636;enp0s25;0;0
445;22:15:44.643;enp0s25;0;64
446;22:15:45.650;enp0s25;0;0
447;22:15:46.660;enp0s25;0;64
448;22:15:47.668;enp0s25;0;0
449;22:15:48.676;enp0s25;0;64
450;22:15:49.683;enp0s25;0;0
451;22:15:50.690;enp0s25;0;64
452;22:15:51.700;enp0s25;0;0
453;22:15:52.712;enp0s25;0;64
454;22:15:53.719;enp0s25;0;0
455;22:15:54.729;enp0s25;0;64
456;22:15:55.736;enp0s25;0;0
457;22:15:56.743;enp0s25;0;64
458;22:15:57.749;enp0s25;64;171
459;22:15:58.756;enp0s25;0;171
460;22:15:59.763;enp0s25;0;0
461;22:16:00.769;enp0s25;0;64
462;22:16:01.777;enp0s25;0;0
463;22:16:02.784;enp0s25;0;64
464;22:16:03.791;enp0s25;0;0
465;22:16:04.797;enp0s25;0;64
466;22:16:05.804;enp0s25;0;0
467;22:16:06.810;enp0s25;0;64
468;22:16:07.817;enp0s25;0;0
469;22:16:08.824;enp0s25;64;128
470;22:16:09.830;enp0s25;0;0
471;22:16:10.837;enp0s25;0;64
472;22:16:11.844;enp0s25;0;0
473;22:16:12.850;enp0s25;0;64
474;22:16:13.857;enp0s25;0;0
475;22:16:14.863;enp0s25;0;64
476;22:16:15.870;enp0s25;0;0
477;22:16:16.876;enp0s25;0;64
478;22:16:17.883;enp0s25;0;0
479;22:16:18.890;enp0s25;0;64
480;22:16:19.896;enp0s25;64;64
481;22:16:20.903;enp0s25;0;64
482;22:16:21.909;enp0s25;0;0
483;22:16:22.916;enp0s25;0;64
484;22:16:23.923;enp0s25;0;0
485;22:16:24.929;enp0s25;0;64
486;22:16:25.936;enp0s25;0;0
487;22:16:26.942;enp0s25;0;64
488;22:16:27.949;enp0s25;0;107
489;22:16:28.955;enp0s25;0;171
490;22:16:29.962;enp0s25;0;0
491;22:16:30.968;enp0s25;64;128
492;22:16:31.975;enp0s25;0;0
493;22:16:32.983;enp0s25;0;64
494;22:16:33.990;enp0s25;0;0
495;22:16:34.996;enp0s25;992;1095
496;22:16:36.003;enp0s25;10412;4776
497;22:16:37.009;enp0s25;0;64
498;22:16:38.016;enp0s25;0;0
499;22:16:39.022;enp0s25;0;64
500;22:16:40.029;enp0s25;0;0
501;22:16:41.036;enp0s25;0;64
502;22:16:42.042;enp0s25;64;64
503;22:16:43.049;enp0s25;0;64
504;22:16:44.056;enp0s25;0;0
505;22:16:45.063;enp0s25;0;64
506;22:16:46.070;enp0s25;809;5130
507;22:16:47.077;enp0s25;0;64
508;22:16:48.083;enp0s25;0;0
509;22:16:49.090;enp0s25;0;64
510;22:16:50.097;enp0s25;0;0
511;22:16:51.104;enp0s25;0;64
512;22:16:52.111;enp0s25;0;0
513;22:16:53.119;enp0s25;13002;25258
514;22:16:54.126;enp0s25;0;0
515;22:16:55.132;enp0s25;29253;262651
516;22:16:56.139;enp0s25;130925;3848173
517;22:16:57.146;enp0s25;134553;4601787
518;22:16:58.154;enp0s25;115668;4522763
519;22:16:59.162;enp0s25;114254;2590366
520;22:17:00.168;enp0s25;64503;689569
521;22:17:01.175;enp0s25;61591;1017146
522;22:17:02.183;enp0s25;63786;909073
523;22:17:03.190;enp0s25;24134;162547
524;22:17:04.197;enp0s25;67822;840961
525;22:17:05.204;enp0s25;34811;513846
526;22:17:06.211;enp0s25;61982;873579
527;22:17:07.218;enp0s25;55631;1113348
528;22:17:08.225;enp0s25;37391;673175
529;22:17:09.231;enp0s25;41700;710183
530;22:17:10.240;enp0s25;40586;777358
531;22:17:11.247;enp0s25;15914;149625
532;22:17:12.257;enp0s25;26577;444088
533;22:17:13.264;enp0s25;20336;153653
534;22:17:14.274;enp0s25;18309;78177
535;22:17:15.281;enp0s25;21281;70189
536;22:17:16.288;enp0s25;20464;455511
537;22:17:17.295;enp0s25;79971;1798894
538;22:17:18.305;enp0s25;71995;1438377
539;22:17:19.312;enp0s25;41234;722336
540;22:17:20.319;enp0s25;51923;488770
541;22:17:21.327;enp0s25;40524;321636
542;22:17:22.338;enp0s25;38631;366365
543;22:17:23.350;enp0s25;46345;375820
544;22:17:24.358;enp0s25;33896;492460
545;22:17:25.367;enp0s25;33046;379092
546;22:17:26.374;enp0s25;47793;1456939
547;22:17:27.383;enp0s25;36188;565908
548;22:17:28.391;enp0s25;37162;784451
549;22:17:29.400;enp0s25;59705;858303
550;22:17:30.407;enp0s25;50770;1547998
551;22:17:31.416;enp0s25;63929;1894821
552;22:17:32.423;enp0s25;47088;1366930
553;22:17:33.432;enp0s25;103942;2437174
554;22:17:34.443;enp0s25;52311;1350397
555;22:17:35.454;enp0s25;25150;1313320
556;22:17:36.461;enp0s25;0;0
557;22:17:37.468;enp0s25;64;128
558;22:17:38.474;enp0s25;0;0
559;22:17:39.481;enp0s25;0;64
560;22:17:40.488;enp0s25;0;0
561;22:17:41.495;enp0s25;0;64
562;22:17:42.503;enp0s25;0;0
563;22:17:43.510;enp0s25;0;64
564;22:17:44.517;enp0s25;32184;642935
565;22:17:45.525;enp0s25;92726;3046518
566;22:17:46.531;enp0s25;0;0
567;22:17:47.538;enp0s25;1998;1024
568;22:17:48.547;enp0s25;17880;195085
569;22:17:49.559;enp0s25;69478;1604523
570;22:17:50.571;enp0s25;28002;507415
571;22:17:51.583;enp0s25;24443;265845
572;22:17:52.590;enp0s25;68400;1154554
573;22:17:53.597;enp0s25;192;7421
574;22:17:54.605;enp0s25;3219;4248
575;22:17:55.613;enp0s25;60048;2065153
576;22:17:56.621;enp0s25;17774;581520
577;22:17:57.630;enp0s25;95324;2231706
578;22:17:58.636;enp0s25;206552;4871315
579;22:17:59.645;enp0s25;3784;129248
580;22:18:00.656;enp0s25;3788;95582
581;22:18:01.667;enp0s25;5386;72426
582;22:18:02.677;enp0s25;54334;2043331
583;22:18:03.685;enp0s25;24804;518518
584;22:18:04.692;enp0s25;113988;2687863
585;22:18:05.699;enp0s25;960;26116
586;22:18:06.707;enp0s25;1920;1024
587;22:18:07.715;enp0s25;17043;414914
588;22:18:08.722;enp0s25;67668;1409571
589;22:18:09.730;enp0s25;45750;1095801
590;22:18:10.738;enp0s25;39782;1095537
591;22:18:11.756;enp0s25;32010;579650
592;22:18:12.766;enp0s25;12282;275837
593;22:18:13.782;enp0s25;7478;151349
594;22:18:14.790;enp0s25;16160;289417
595;22:18:15.804;enp0s25;9742;179349
596;22:18:16.814;enp0s25;15148;310598
597;22:18:17.822;enp0s25;25172;574783
598;22:18:18.830;enp0s25;11394;143910
599;22:18:19.844;enp0s25;44503;938746
600;22:18:20.857;enp0s25;64;128
601;22:18:21.865;enp0s25;82473;1086694
602;22:18:22.872;enp0s25;86124;1785076
603;22:18:23.878;enp0s25;13376;366283
604;22:18:24.886;enp0s25;0;64
605;22:18:25.893;enp0s25;1920;960
606;22:18:26.900;enp0s25;0;64
607;22:18:27.907;enp0s25;0;0
608;22:18:28.914;enp0s25;0;64
609;22:18:29.921;enp0s25;0;0
610;22:18:30.928;enp0s25;0;64
611;22:18:31.935;enp0s25;64;171
612;22:18:32.942;enp0s25;0;171
613;22:18:33.948;enp0s25;0;0
614;22:18:34.955;enp0s25;0;64
615;22:18:35.966;enp0s25;0;0
616;22:18:36.978;enp0s25;0;64
617;22:18:37.987;enp0s25;0;0
618;22:18:38.997;enp0s25;0;64
619;22:18:40.005;enp0s25;0;0
620;22:18:41.012;enp0s25;0;64
621;22:18:42.020;enp0s25;0;0
622;22:18:43.027;enp0s25;64;128
623;22:18:44.034;enp0s25;0;0
624;22:18:45.041;enp0s25;0;64
625;22:18:46.048;enp0s25;0;0
626;22:18:47.055;enp0s25;0;64
627;22:18:48.062;enp0s25;0;0
628;22:18:49.069;enp0s25;0;64
629;22:18:50.076;enp0s25;0;0
630;22:18:51.082;enp0s25;0;64
631;22:18:52.089;enp0s25;0;0
632;22:18:53.096;enp0s25;0;64
633;22:18:54.103;enp0s25;1586;3376
634;22:18:55.110;enp0s25;0;64
635;22:18:56.117;enp0s25;0;0
636;22:18:57.124;enp0s25;1233;4027
637;22:18:58.131;enp0s25;10718;221042
638;22:18:59.137;enp0s25;5366;9753
639;22:19:00.144;enp0s25;18092;383555
640;22:19:01.151;enp0s25;8466;164796
641;22:19:02.158;enp0s25;6428;198362
642;22:19:03.165;enp0s25;0;171
643;22:19:04.172;enp0s25;0;611
644;22:19:05.179;enp0s25;64;1278
645;22:19:06.186;enp0s25;0;0
646;22:19:07.193;enp0s25;0;64
647;22:19:08.199;enp0s25;0;0
648;22:19:09.206;enp0s25;0;64
649;22:19:10.213;enp0s25;0;0
650;22:19:11.220;enp0s25;140;235
651;22:19:12.226;enp0s25;1997;4357
652;22:19:13.233;enp0s25;92020;2509308
653;22:19:14.240;enp0s25;71648;2379969
654;22:19:15.247;enp0s25;16882;443517
655;22:19:16.255;enp0s25;64;898
656;22:19:17.262;enp0s25;0;530
657;22:19:18.269;enp0s25;0;0
658;22:19:19.276;enp0s25;0;898
659;22:19:20.283;enp0s25;0;0
660;22:19:21.290;enp0s25;0;64
661;22:19:22.297;enp0s25;0;0
662;22:19:23.305;enp0s25;0;64
663;22:19:24.312;enp0s25;0;0
664;22:19:25.319;enp0s25;0;64
665;22:19:26.328;enp0s25;0;466
666;22:19:27.335;enp0s25;40594;1102628
667;22:19:28.342;enp0s25;5632;267515
668;22:19:29.349;enp0s25;0;64
669;22:19:30.362;enp0s25;0;0
670;22:19:31.373;enp0s25;0;64
671;22:19:32.383;enp0s25;0;0
672;22:19:33.392;enp0s25;3994;106756
673;22:19:34.402;enp0s25;161724;6072107
674;22:19:35.409;enp0s25;4480;218728
675;22:19:36.416;enp0s25;0;0
676;22:19:37.423;enp0s25;0;64
677;22:19:38.430;enp0s25;64;64
678;22:19:39.437;enp0s25;12313;325860
679;22:19:40.443;enp0s25;0;0
680;22:19:41.450;enp0s25;0;64
681;22:19:42.457;enp0s25;0;0
682;22:19:43.464;enp0s25;0;64
683;22:19:44.471;enp0s25;46113;763092
684;22:19:45.477;enp0s25;152874;3784347
685;22:19:46.484;enp0s25;23034;503293
686;22:19:47.496;enp0s25;9356;167756
687;22:19:48.505;enp0s25;62442;1253937
688;22:19:49.513;enp0s25;18245;207845
689;22:19:50.526;enp0s25;128;788
690;22:19:51.533;enp0s25;0;64
691;22:19:52.540;enp0s25;0;0
692;22:19:53.547;enp0s25;1920;1024
693;22:19:54.554;enp0s25;0;0
694;22:19:55.560;enp0s25;2308;6961
695;22:19:56.568;enp0s25;2599;15424
696;22:19:57.575;enp0s25;3354;27852
697;22:19:58.582;enp0s25;3024;26130
698;22:19:59.589;enp0s25;27411;463802
699;22:20:00.596;enp0s25;799;142
700;22:20:01.603;enp0s25;6142;128736
701;22:20:02.609;enp0s25;66488;1489640
702;22:20:03.616;enp0s25;88630;2515317
703;22:20:04.623;enp0s25;48096;1045426
704;22:20:05.629;enp0s25;420;582
705;22:20:06.636;enp0s25;0;171
706;22:20:07.643;enp0s25;2088;4847
707;22:20:08.649;enp0s25;53131;1320772
708;22:20:09.656;enp0s25;3219;12619
709;22:20:10.669;enp0s25;840;8983
710;22:20:11.677;enp0s25;6796;68096
711;22:20:12.684;enp0s25;420;539
712;22:20:13.691;enp0s25;8144;103688
713;22:20:14.697;enp0s25;9943;140999
714;22:20:15.704;enp0s25;24353;506319
715;22:20:16.710;enp0s25;0;64
716;22:20:17.717;enp0s25;420;475
717;22:20:18.725;enp0s25;9111;109421
718;22:20:19.733;enp0s25;3775;18288
719;22:20:20.745;enp0s25;2270;19060
720;22:20:21.755;enp0s25;9874;179343
721;22:20:22.764;enp0s25;12334;233024
722;22:20:23.778;enp0s25;16730;533606
723;22:20:24.791;enp0s25;29260;929140
724;22:20:25.801;enp0s25;36540;1161255
725;22:20:26.808;enp0s25;568;617
726;22:20:27.815;enp0s25;34974;626030
727;22:20:28.822;enp0s25;420;539
728;22:20:29.828;enp0s25;4844;24632
729;22:20:30.836;enp0s25;3632;17295
730;22:20:31.845;enp0s25;21057;391007
731;22:20:32.857;enp0s25;2599;11408
732;22:20:33.865;enp0s25;3226;20798
733;22:20:34.873;enp0s25;11886;117408
734;22:20:35.886;enp0s25;568;660
735;22:20:36.893;enp0s25;30611;481648
736;22:20:37.901;enp0s25;55462;1698683
737;22:20:38.908;enp0s25;420;539
738;22:20:39.914;enp0s25;29140;569794
739;22:20:40.921;enp0s25;0;64
740;22:20:41.927;enp0s25;2606;6668
741;22:20:42.934;enp0s25;2309;10235
742;22:20:43.941;enp0s25;4906;34787
743;22:20:44.954;enp0s25;1890;36635
744;22:20:45.962;enp0s25;4896;28026
745;22:20:46.969;enp0s25;4914;18704
746;22:20:47.981;enp0s25;7070;125931
747;22:20:48.988;enp0s25;78;64
748;22:20:49.997;enp0s25;5562;51044
749;22:20:51.009;enp0s25;420;539
750;22:20:52.020;enp0s25;6097;67996
751;22:20:53.028;enp0s25;0;64
752;22:20:54.038;enp0s25;3120;8046
753;22:20:55.045;enp0s25;2207;15005
754;22:20:56.051;enp0s25;6605;67475
755;22:20:57.058;enp0s25;1295;4584
756;22:20:58.071;enp0s25;3774;46969
757;22:20:59.078;enp0s25;2673;9514
758;22:21:00.090;enp0s25;3081;25164
759;22:21:01.099;enp0s25;4592;55749
760;22:21:02.105;enp0s25;19281;413232
761;22:21:03.112;enp0s25;0;64
762;22:21:04.120;enp0s25;2241;4520
763;22:21:05.130;enp0s25;6794;121675
764;22:21:06.138;enp0s25;4912;22238
765;22:21:07.147;enp0s25;6370;106832
766;22:21:08.155;enp0s25;5541;42509
767;22:21:09.164;enp0s25;4333;34831
768;22:21:10.172;enp0s25;23023;371527
769;22:21:11.179;enp0s25;2977;8578
770;22:21:12.195;enp0s25;3570;75059
771;22:21:13.201;enp0s25;5959;70144
772;22:21:14.216;enp0s25;11550;254183
773;22:21:15.225;enp0s25;5278;37915
774;22:21:16.231;enp0s25;1155;2197
775;22:21:17.242;enp0s25;17738;336205
776;22:21:18.251;enp0s25;0;992
777;22:21:19.257;enp0s25;2670;11839
778;22:21:20.266;enp0s25;2938;18011
779;22:21:21.274;enp0s25;16849;256507
780;22:21:22.285;enp0s25;179330;6250562
781;22:21:23.294;enp0s25;910;35853
782;22:21:24.302;enp0s25;0;0
783;22:21:25.310;enp0s25;420;539
784;22:21:26.317;enp0s25;2599;4847
785;22:21:27.329;enp0s25;2632;33750
786;22:21:28.338;enp0s25;12174;159355
787;22:21:29.345;enp0s25;3801;42062
788;22:21:30.351;enp0s25;119994;4133604
789;22:21:31.359;enp0s25;21054;816912
790;22:21:32.366;enp0s25;20288;330025
791;22:21:33.373;enp0s25;568;617
792;22:21:34.381;enp0s25;4791;39622
793;22:21:35.389;enp0s25;420;539
794;22:21:36.395;enp0s25;5898;63629
795;22:21:37.412;enp0s25;15217;294881
796;22:21:38.420;enp0s25;420;582
797;22:21:39.427;enp0s25;64;235
798;22:21:40.434;enp0s25;0;0
799;22:21:41.441;enp0s25;0;64
800;22:21:42.448;enp0s25;4699;23223
801;22:21:43.455;enp0s25;59399;1800007
802;22:21:44.462;enp0s25;0;0
803;22:21:45.474;enp0s25;3857;32295
804;22:21:46.485;enp0s25;12551;446362
805;22:21:47.494;enp0s25;10990;467608
806;22:21:48.501;enp0s25;14630;625416
807;22:21:49.511;enp0s25;14700;628516
808;22:21:50.519;enp0s25;12944;545026
809;22:21:51.528;enp0s25;14770;628516
810;22:21:52.543;enp0s25;14700;628452
811;22:21:53.558;enp0s25;14840;634588
812;22:21:54.568;enp0s25;14000;590502
813;22:21:55.579;enp0s25;13230;563242
814;22:21:56.587;enp0s25;11690;496890
815;22:21:57.600;enp0s25;11550;493414
816;22:21:58.614;enp0s25;14630;622444
817;22:21:59.629;enp0s25;14210;601128
818;22:22:00.642;enp0s25;13020;552616
819;22:22:01.649;enp0s25;14974;634588
820;22:22:02.665;enp0s25;14630;622444
821;22:22:03.681;enp0s25;14560;622380
822;22:22:04.696;enp0s25;14560;619408
823;22:22:05.711;enp0s25;13930;587466
824;22:22:06.725;enp0s25;9590;409924
825;22:22:07.733;enp0s25;10920;464508
826;22:22:08.747;enp0s25;11970;517702
827;22:22:09.763;enp0s25;14700;628559
828;22:22:10.775;enp0s25;14700;621033
829;22:22:11.787;enp0s25;13370;564696
830;22:22:12.796;enp0s25;13854;589112
831;22:22:13.812;enp0s25;14420;614790
832;22:22:14.830;enp0s25;14630;625480
833;22:22:15.846;enp0s25;14694;622444
834;22:22:16.861;enp0s25;10640;450910
835;22:22:17.872;enp0s25;15012;639078
836;22:22:18.885;enp0s25;14420;608782
837;22:22:19.894;enp0s25;13370;566214
838;22:22:20.906;enp0s25;13860;592084
839;22:22:21.919;enp0s25;14630;622380
840;22:22:22.931;enp0s25;14630;625480
841;22:22:23.939;enp0s25;14694;625480
842;22:22:24.952;enp0s25;14420;619408
843;22:22:25.966;enp0s25;12880;544962
844;22:22:26.982;enp0s25;11130;511630
845;22:22:27.991;enp0s25;10850;469062
846;22:22:29.005;enp0s25;14560;622444
847;22:22:30.019;enp0s25;15000;645824
848;22:22:31.031;enp0s25;13580;575386
849;22:22:32.042;enp0s25;13440;579876
850;22:22:33.053;enp0s25;14700;631552
851;22:22:34.061;enp0s25;14764;631552
852;22:22:35.073;enp0s25;14700;622444
853;22:22:36.084;enp0s25;12740;545172
854;22:22:37.098;enp0s25;10360;467818
855;22:22:38.116;enp0s25;13860;602646
856;22:22:39.127;enp0s25;12950;558688
857;22:22:40.136;enp0s25;14070;604481
858;22:22:41.152;enp0s25;14140;628623
859;22:22:42.169;enp0s25;12250;523710
860;22:22:43.180;enp0s25;13720;578422
861;22:22:44.191;enp0s25;13440;575322
862;22:22:45.199;enp0s25;14624;619472
863;22:22:46.216;enp0s25;12740;541926
864;22:22:47.233;enp0s25;10570;473680
865;22:22:48.251;enp0s25;14560;628452
866;22:22:49.265;enp0s25;14630;628516
867;22:22:50.279;enp0s25;14490;622380
868;22:22:51.289;enp0s25;14700;625480
869;22:22:52.298;enp0s25;11480;485760
870;22:22:53.315;enp0s25;12320;523774
871;22:22:54.329;enp0s25;14000;601128
872;22:22:55.343;enp0s25;14700;628516
873;22:22:56.354;enp0s25;12734;548062
874;22:22:57.369;enp0s25;12246;538954
875;22:22:58.378;enp0s25;14700;625416
876;22:22:59.390;enp0s25;13160;557170
877;22:23:00.406;enp0s25;14624;622444
878;22:23:01.417;enp0s25;14770;628516
879;22:23:02.427;enp0s25;13790;578358
880;22:23:03.440;enp0s25;2310;93288
881;22:23:04.447;enp0s25;0;0
882;22:23:05.454;enp0s25;0;64
883;22:23:06.461;enp0s25;0;0
884;22:23:07.467;enp0s25;64;128
885;22:23:08.474;enp0s25;0;0
886;22:23:09.481;enp0s25;0;64
887;22:23:10.487;enp0s25;0;0
888;22:23:11.494;enp0s25;0;171
889;22:23:12.501;enp0s25;0;107
890;22:23:13.508;enp0s25;0;64
891;22:23:14.514;enp0s25;0;0
892;22:23:15.521;enp0s25;0;64
893;22:23:16.538;enp0s25;0;0
894;22:23:17.555;enp0s25;0;456
895;22:23:18.563;enp0s25;64;64
896;22:23:19.570;enp0s25;0;64
897;22:23:20.577;enp0s25;0;0
898;22:23:21.584;enp0s25;927;4487
899;22:23:22.591;enp0s25;70;70
900;22:23:23.598;enp0s25;0;64
901;22:23:24.605;enp0s25;0;64
902;22:23:25.616;enp0s25;0;0
903;22:23:26.625;enp0s25;0;64
904;22:23:27.640;enp0s25;455;452
905;22:23:28.652;enp0s25;94916;3950220
906;22:23:29.666;enp0s25;139458;6993490
907;22:23:30.674;enp0s25;148680;6987418
908;22:23:31.683;enp0s25;152110;7163442
909;22:23:32.691;enp0s25;147900;7154398
910;22:23:33.699;enp0s25;144719;6731523
911;22:23:34.707;enp0s25;152110;7165024
912;22:23:35.716;enp0s25;136774;6434802
913;22:23:36.728;enp0s25;111364;4730152
914;22:23:37.739;enp0s25;90978;4571947
915;22:23:38.750;enp0s25;109243;5293404
916;22:23:39.767;enp0s25;99500;4664814
917;22:23:40.783;enp0s25;96919;4385187
918;22:23:41.795;enp0s25;90576;4547018
919;22:23:42.808;enp0s25;51458;1380589
920;22:23:43.821;enp0s25;41296;1202171
921;22:23:44.829;enp0s25;42070;1678036
922;22:23:45.837;enp0s25;31845;1416294
923;22:23:46.846;enp0s25;34425;1406560
924;22:23:47.858;enp0s25;24698;1118273
925;22:23:48.868;enp0s25;0;64
926;22:23:49.875;enp0s25;0;0
927;22:23:50.884;enp0s25;0;64
928;22:23:51.892;enp0s25;64;64
929;22:23:52.899;enp0s25;0;64
930;22:23:53.906;enp0s25;0;0
931;22:23:54.917;enp0s25;0;64
932;22:23:55.927;enp0s25;0;0
933;22:23:56.934;enp0s25;0;64
934;22:23:57.941;enp0s25;0;3280
935;22:23:58.948;enp0s25;0;2668
936;22:23:59.955;enp0s25;0;0
937;22:24:00.962;enp0s25;0;1214
938;22:24:01.970;enp0s25;0;504
939;22:24:02.976;enp0s25;64;1278
940;22:24:03.983;enp0s25;0;0
941;22:24:04.990;enp0s25;0;64
942;22:24:05.997;enp0s25;0;394
943;22:24:07.004;enp0s25;5604;143058
944;22:24:08.020;enp0s25;17200;462535
945;22:24:09.033;enp0s25;12180;517702
946;22:24:10.046;enp0s25;10920;464508
947;22:24:11.061;enp0s25;14140;599674
948;22:24:12.074;enp0s25;11270;481206
949;22:24:13.089;enp0s25;10990;467715
950;22:24:14.104;enp0s25;10774;455571
951;22:24:15.114;enp0s25;11290;479752
952;22:24:16.129;enp0s25;2170;87278
953;22:24:17.136;enp0s25;0;64
954;22:24:18.145;enp0s25;0;0
955;22:24:19.152;enp0s25;0;64
956;22:24:20.159;enp0s25;0;0
957;22:24:21.166;enp0s25;0;64
958;22:24:22.173;enp0s25;0;0
959;22:24:23.180;enp0s25;17745;678510
960;22:24:24.189;enp0s25;560;128
961;22:24:25.203;enp0s25;14050;531782
962;22:24:26.218;enp0s25;1928;69288
963;22:24:27.230;enp0s25;0;64
964;22:24:28.243;enp0s25;7382;251291
965;22:24:29.255;enp0s25;7660;294008
966;22:24:30.269;enp0s25;3496;122103
967;22:24:31.285;enp0s25;0;64
968;22:24:32.297;enp0s25;8072;261690
969;22:24:33.307;enp0s25;0;64
970;22:24:34.321;enp0s25;15034;683293
971;22:24:35.330;enp0s25;3202;103461
972;22:24:36.344;enp0s25;16460;624307
973;22:24:37.362;enp0s25;2108;80876
974;22:24:38.374;enp0s25;2468;76028
975;22:24:39.385;enp0s25;9708;311764
976;22:24:40.399;enp0s25;0;0
977;22:24:41.414;enp0s25;2942;95039
978;22:24:42.429;enp0s25;11024;368826
979;22:24:43.445;enp0s25;9454;394967
980;22:24:44.456;enp0s25;19764;800390
981;22:24:45.465;enp0s25;14354;505243
982;22:24:46.481;enp0s25;9298;312497
983;22:24:47.496;enp0s25;11632;408583
984;22:24:48.513;enp0s25;4560;144164
985;22:24:49.525;enp0s25;23936;1010498
986;22:24:50.535;enp0s25;6294;206947
987;22:24:51.550;enp0s25;4522;149330
988;22:24:52.566;enp0s25;3622;131705
989;22:24:53.580;enp0s25;3400;80977
990;22:24:54.595;enp0s25;9232;352075
991;22:24:55.604;enp0s25;3142;83895
992;22:24:56.611;enp0s25;7170;218633
993;22:24:57.627;enp0s25;2068;76761
994;22:24:58.643;enp0s25;15988;698827
995;22:24:59.661;enp0s25;29280;1361062
996;22:25:00.676;enp0s25;27498;1345617
997;22:25:01.686;enp0s25;10252;312317
998;22:25:02.694;enp0s25;780;17147
999;22:25:03.710;enp0s25;2252;41689
1000;22:25:04.725;enp0s25;41080;1945344
1001;22:25:05.742;enp0s25;0;0
1002;22:25:06.758;enp0s25;16728;705496
1003;22:25:07.770;enp0s25;0;0
1004;22:25:08.779;enp0s25;9024;327574
1005;22:25:09.794;enp0s25;9806;392989
1006;22:25:10.807;enp0s25;0;64
1007;22:25:11.823;enp0s25;2084;99936
1008;22:25:12.837;enp0s25;2298;92530
1009;22:25:13.846;enp0s25;7308;290021
1010;22:25:14.855;enp0s25;14076;560301
1011;22:25:15.872;enp0s25;2662;135519
1012;22:25:16.889;enp0s25;13812;484000
1013;22:25:17.901;enp0s25;12290;536831
1014;22:25:18.910;enp0s25;8038;242460
1015;22:25:19.919;enp0s25;1600;31256
1016;22:25:20.936;enp0s25;4170;94287
1017;22:25:21.946;enp0s25;4012;42359
1018;22:25:22.962;enp0s25;1152;12553
1019;22:25:23.977;enp0s25;1470;63918
1020;22:25:24.987;enp0s25;3962;108523
1021;22:25:26.004;enp0s25;3154;73503
1022;22:25:27.013;enp0s25;1944;24406
1023;22:25:28.027;enp0s25;1722;17610
1024;22:25:29.039;enp0s25;6120;192281
1025;22:25:30.050;enp0s25;11270;475600
1026;22:25:31.067;enp0s25;15226;503458
1027;22:25:32.077;enp0s25;7416;279393
1028;22:25:33.084;enp0s25;7288;251256
1029;22:25:34.093;enp0s25;10404;279643
1030;22:25:35.105;enp0s25;1282;17601
1031;22:25:36.120;enp0s25;582;3394
1032;22:25:37.133;enp0s25;5522;115116
1033;22:25:38.150;enp0s25;11126;443705
1034;22:25:39.163;enp0s25;2456;34615
1035;22:25:40.172;enp0s25;7220;178452
1036;22:25:41.180;enp0s25;7102;269519
1037;22:25:42.191;enp0s25;3670;112990
1038;22:25:43.205;enp0s25;5414;146322
1039;22:25:44.216;enp0s25;3284;71680
1040;22:25:45.225;enp0s25;18576;917361
1041;22:25:46.238;enp0s25;6362;219368
1042;22:25:47.254;enp0s25;1732;38714
1043;22:25:48.271;enp0s25;3612;94843
1044;22:25:49.283;enp0s25;6962;243233
1045;22:25:50.291;enp0s25;516;4308
1046;22:25:51.304;enp0s25;4984;107568
1047;22:25:52.315;enp0s25;3412;125566
1048;22:25:53.330;enp0s25;3548;85874
1049;22:25:54.339;enp0s25;6514;239064
1050;22:25:55.347;enp0s25;1706;18869
1051;22:25:56.360;enp0s25;2380;42592
1052;22:25:57.373;enp0s25;1184;13132
1053;22:25:58.389;enp0s25;23852;1080850
1054;22:25:59.398;enp0s25;1406;27899
1055;22:26:00.404;enp0s25;1292;18186
1056;22:26:01.415;enp0s25;1992;51818
1057;22:26:02.430;enp0s25;5126;190904
1058;22:26:03.439;enp0s25;9092;343933
1059;22:26:04.450;enp0s25;512;2877
1060;22:26:05.460;enp0s25;1862;64666
1061;22:26:06.476;enp0s25;4600;118367
1062;22:26:07.484;enp0s25;14732;539446
1063;22:26:08.497;enp0s25;3936;76196
1064;22:26:09.512;enp0s25;7956;217760
1065;22:26:10.528;enp0s25;6566;165652
1066;22:26:11.540;enp0s25;1862;27737
1067;22:26:12.557;enp0s25;4206;116385
1068;22:26:13.575;enp0s25;1036;30019
1069;22:26:14.590;enp0s25;5036;160851
1070;22:26:15.606;enp0s25;1286;42819
1071;22:26:16.623;enp0s25;41488;1936334
1072;22:26:17.631;enp0s25;4236;143516
1073;22:26:18.640;enp0s25;19212;554956
1074;22:26:19.650;enp0s25;5854;157358
1075;22:26:20.667;enp0s25;3124;84958
1076;22:26:21.685;enp0s25;1094;6090
1077;22:26:22.701;enp0s25;17694;776197
1078;22:26:23.716;enp0s25;9918;225901
1079;22:26:24.732;enp0s25;3610;142607
1080;22:26:25.742;enp0s25;10230;214128
1081;22:26:26.753;enp0s25;5224;118369
1082;22:26:27.761;enp0s25;14492;407735
1083;22:26:28.772;enp0s25;12784;424357
1084;22:26:29.788;enp0s25;10696;197213
1085;22:26:30.802;enp0s25;4684;107861
1086;22:26:31.809;enp0s25;7206;130195
1087;22:26:32.819;enp0s25;2448;29853
1088;22:26:33.838;enp0s25;8476;148670
1089;22:26:34.852;enp0s25;1472;29101
1090;22:26:35.865;enp0s25;5370;174501
1091;22:26:36.878;enp0s25;7788;197058
1092;22:26:37.887;enp0s25;9752;412952
1093;22:26:38.902;enp0s25;11208;403406
1094;22:26:39.911;enp0s25;8434;162516
1095;22:26:40.926;enp0s25;3340;75339
1096;22:26:41.936;enp0s25;3934;79416
1097;22:26:42.945;enp0s25;6254;109744
1098;22:26:43.955;enp0s25;1172;15373
1099;22:26:44.972;enp0s25;2606;41698
1100;22:26:45.990;enp0s25;7638;82813
1101;22:26:47.003;enp0s25;39110;1724648
1102;22:26:48.013;enp0s25;16836;673977
1103;22:26:49.027;enp0s25;41134;1942916
1104;22:26:50.035;enp0s25;45704;2054998
1105;22:26:51.042;enp0s25;40566;1891321
1106;22:26:52.058;enp0s25;17456;705594
1107;22:26:53.067;enp0s25;3114;40971
1108;22:26:54.076;enp0s25;896;19988
1109;22:26:55.090;enp0s25;3448;53920
1110;22:26:56.102;enp0s25;2384;47884
1111;22:26:57.114;enp0s25;9358;243557
1112;22:26:58.123;enp0s25;2644;60397
1113;22:26:59.136;enp0s25;2058;29919
1114;22:27:00.145;enp0s25;2640;38829
1115;22:27:01.154;enp0s25;2568;36443
1116;22:27:02.164;enp0s25;1980;53440
1117;22:27:03.179;enp0s25;5712;145133
1118;22:27:04.194;enp0s25;4998;154685
1119;22:27:05.203;enp0s25;2630;50438
1120;22:27:06.216;enp0s25;5182;135945
1121;22:27:07.226;enp0s25;12944;364442
1122;22:27:08.236;enp0s25;6838;197719
1123;22:27:09.254;enp0s25;17742;594340
1124;22:27:10.262;enp0s25;5520;105744
1125;22:27:11.275;enp0s25;6988;114709
1126;22:27:12.290;enp0s25;4288;76217
1127;22:27:13.303;enp0s25;8100;163818
1128;22:27:14.313;enp0s25;2850;30243
1129;22:27:15.320;enp0s25;15020;453248
1130;22:27:16.329;enp0s25;1456;21631
1131;22:27:17.346;enp0s25;1434;44328
1132;22:27:18.362;enp0s25;1116;28940
1133;22:27:19.371;enp0s25;2998;95593
1134;22:27:20.384;enp0s25;4832;93638
1135;22:27:21.397;enp0s25;3544;102865
1136;22:27:22.415;enp0s25;11338;275966
1137;22:27:23.429;enp0s25;6284;187079
1138;22:27:24.444;enp0s25;26196;1272789
1139;22:27:25.453;enp0s25;7884;333008
1140;22:27:26.469;enp0s25;35112;1724088
1141;22:27:27.483;enp0s25;33870;1700035
1142;22:27:28.494;enp0s25;14180;754937
1143;22:27:29.503;enp0s25;17002;930214
1144;22:27:30.517;enp0s25;976;24986
1145;22:27:31.527;enp0s25;5146;184446
1146;22:27:32.542;enp0s25;3982;98393
1147;22:27:33.561;enp0s25;10280;240187
1148;22:27:34.578;enp0s25;2682;85839
1149;22:27:35.591;enp0s25;3064;31809
1150;22:27:36.602;enp0s25;4086;59175
1151;22:27:37.610;enp0s25;4740;143676
1152;22:27:38.618;enp0s25;38040;1781977
1153;22:27:39.628;enp0s25;9688;232278
1154;22:27:40.638;enp0s25;2636;63221
1155;22:27:41.649;enp0s25;8820;211180
1156;22:27:42.661;enp0s25;3848;142154
1157;22:27:43.670;enp0s25;7430;180133
1158;22:27:44.678;enp0s25;3318;49699
1159;22:27:45.688;enp0s25;3764;69811
1160;22:27:46.697;enp0s25;19678;605461
1161;22:27:47.704;enp0s25;9884;315095
1162;22:27:48.711;enp0s25;1792;41368
1163;22:27:49.719;enp0s25;6740;68722
1164;22:27:50.733;enp0s25;21388;949717
1165;22:27:51.741;enp0s25;71004;2999295
1166;22:27:52.750;enp0s25;69434;3537221
1167;22:27:53.758;enp0s25;3350;86357
1168;22:27:54.765;enp0s25;4246;50078
1169;22:27:55.778;enp0s25;1104;32369
1170;22:27:56.793;enp0s25;7912;144761
1171;22:27:57.809;enp0s25;4142;68321
1172;22:27:58.817;enp0s25;3310;92073
1173;22:27:59.825;enp0s25;4306;75942
1174;22:28:00.840;enp0s25;38156;1837204
1175;22:28:01.848;enp0s25;10944;520184
1176;22:28:02.855;enp0s25;15390;652452
1177;22:28:03.868;enp0s25;6394;151273
1178;22:28:04.876;enp0s25;2028;53111
1179;22:28:05.882;enp0s25;0;0
1180;22:28:06.889;enp0s25;0;64
1181;22:28:07.895;enp0s25;0;0
1182;22:28:08.902;enp0s25;0;64
1183;22:28:09.909;enp0s25;0;0
1184;22:28:10.915;enp0s25;0;64
1185;22:28:11.922;enp0s25;0;0
1186;22:28:12.928;enp0s25;0;64
1187;22:28:13.935;enp0s25;0;954
1188;22:28:14.942;enp0s25;0;862
1189;22:28:15.948;enp0s25;64;64
1190;22:28:16.955;enp0s25;0;862
1191;22:28:17.961;enp0s25;0;0
1192;22:28:18.968;enp0s25;0;64
1193;22:28:19.975;enp0s25;0;0
1194;22:28:20.981;enp0s25;128;1033
1195;22:28:21.988;enp0s25;0;107
1196;22:28:22.995;enp0s25;0;64
1197;22:28:24.001;enp0s25;0;0
1198;22:28:25.008;enp0s25;0;64
1199;22:28:26.015;enp0s25;0;0
1200;22:28:27.021;enp0s25;64;128
1201;22:28:28.028;enp0s25;0;1304
1202;22:28:29.034;enp0s25;0;3524
1203;22:28:30.041;enp0s25;0;1120
1204;22:28:31.048;enp0s25;0;1214
1205;22:28:32.054;enp0s25;0;504
1206;22:28:33.061;enp0s25;0;64
1207;22:28:34.067;enp0s25;0;394
1208;22:28:35.074;enp0s25;0;64
1209;22:28:36.080;enp0s25;0;0
1210;22:28:37.087;enp0s25;0;64
1211;22:28:38.094;enp0s25;64;64
1212;22:28:39.100;enp0s25;0;64
1213;22:28:40.107;enp0s25;0;0
1214;22:28:41.113;enp0s25;0;64
1215;22:28:42.120;enp0s25;0;0
1216;22:28:43.127;enp0s25;0;64
1217;22:28:44.134;enp0s25;0;0
1218;22:28:45.140;enp0s25;0;64
1219;22:28:46.147;enp0s25;0;0
1220;22:28:47.153;enp0s25;0;64
1221;22:28:48.160;enp0s25;0;0
1222;22:28:49.166;enp0s25;64;128
1223;22:28:50.173;enp0s25;0;0
1224;22:28:51.179;enp0s25;0;64
1225;22:28:52.186;enp0s25;0;107
1226;22:28:53.193;enp0s25;0;171
1227;22:28:54.199;enp0s25;0;0
1228;22:28:55.206;enp0s25;0;64
1229;22:28:56.213;enp0s25;0;0
1230;22:28:57.219;enp0s25;0;64
1231;22:28:58.226;enp0s25;0;0
1232;22:28:59.232;enp0s25;0;64
1233;22:29:00.239;enp0s25;64;1708
1234;22:29:01.246;enp0s25;0;2748
1235;22:29:02.252;enp0s25;0;760
1236;22:29:03.259;enp0s25;0;1214
1237;22:29:04.265;enp0s25;0;504
1238;22:29:05.272;enp0s25;0;64
1239;22:29:06.279;enp0s25;0;1150
1240;22:29:07.285;enp0s25;0;458
1241;22:29:08.292;enp0s25;0;0
1242;22:29:09.298;enp0s25;0;64
1243;22:29:10.305;enp0s25;0;0
1244;22:29:11.312;enp0s25;64;128
1245;22:29:12.318;enp0s25;0;0
1246;22:29:13.325;enp0s25;0;64
1247;22:29:14.331;enp0s25;0;0
1248;22:29:15.338;enp0s25;0;64
1249;22:29:16.345;enp0s25;0;0
1250;22:29:17.351;enp0s25;0;64
1251;22:29:18.358;enp0s25;0;0
1252;22:29:19.365;enp0s25;0;64
1253;22:29:20.372;enp0s25;0;0
1254;22:29:21.378;enp0s25;0;64
1255;22:29:22.385;enp0s25;64;64
1256;22:29:23.392;enp0s25;0;171
1257;22:29:24.399;enp0s25;0;107
1258;22:29:25.406;enp0s25;0;64
1259;22:29:26.417;enp0s25;0;0
1260;22:29:27.424;enp0s25;0;64
1261;22:29:28.431;enp0s25;0;0
1262;22:29:29.438;enp0s25;0;64
1263;22:29:30.445;enp0s25;0;0
1264;22:29:31.451;enp0s25;0;64
1265;22:29:32.458;enp0s25;64;64
1266;22:29:33.464;enp0s25;0;64
1267;22:29:34.475;enp0s25;0;0
1268;22:29:35.482;enp0s25;0;64
1269;22:29:36.490;enp0s25;0;0
1270;22:29:37.497;enp0s25;0;64
1271;22:29:38.503;enp0s25;0;0
1272;22:29:39.511;enp0s25;0;64
1273;22:29:40.520;enp0s25;0;0
1274;22:29:41.527;enp0s25;0;64
1275;22:29:42.540;enp0s25;0;0
1276;22:29:43.547;enp0s25;64;128
1277;22:29:44.556;enp0s25;0;0
1278;22:29:45.563;enp0s25;0;64
1279;22:29:46.573;enp0s25;0;0
1280;22:29:47.580;enp0s25;0;64
1281;22:29:48.587;enp0s25;0;0
1282;22:29:49.594;enp0s25;0;64
1283;22:29:50.600;enp0s25;0;0
1284;22:29:51.607;enp0s25;0;0
1285;22:29:52.613;enp0s25;0;64
1286;22:29:53.620;enp0s25;0;0
1287;22:29:54.627;enp0s25;64;235
1288;22:29:55.633;enp0s25;0;107
1289;22:29:56.640;enp0s25;0;64
1290;22:29:57.647;enp0s25;0;0
1291;22:29:58.653;enp0s25;0;64
1292;22:29:59.660;enp0s25;0;0
1293;22:30:00.666;enp0s25;0;2712
1294;22:30:01.673;enp0s25;0;2476
1295;22:30:02.680;enp0s25;0;824
1296;22:30:03.686;enp0s25;0;1150
1297;22:30:04.693;enp0s25;0;568
1298;22:30:05.700;enp0s25;64;1214
1299;22:30:06.706;enp0s25;0;64
1300;22:30:07.713;enp0s25;0;0
1301;22:30:08.720;enp0s25;0;64
1302;22:30:09.726;enp0s25;0;0
1303;22:30:10.734;enp0s25;0;64
1304;22:30:11.740;enp0s25;0;0
1305;22:30:12.747;enp0s25;0;64
1306;22:30:13.754;enp0s25;0;504
1307;22:30:14.760;enp0s25;0;64
1308;22:30:15.767;enp0s25;0;394
1309;22:30:16.774;enp0s25;64;128
1310;22:30:17.781;enp0s25;0;0
1311;22:30:18.787;enp0s25;0;64
1312;22:30:19.794;enp0s25;0;0
1313;22:30:20.800;enp0s25;0;64
1314;22:30:21.807;enp0s25;0;0
1315;22:30:22.814;enp0s25;0;64
1316;22:30:23.820;enp0s25;0;0
1317;22:30:24.827;enp0s25;0;64
1318;22:30:25.834;enp0s25;0;107
1319;22:30:26.840;enp0s25;0;171
1320;22:30:27.847;enp0s25;64;64
1321;22:30:28.854;enp0s25;0;64
1322;22:30:29.860;enp0s25;0;0
1323;22:30:30.867;enp0s25;0;64
1324;22:30:31.874;enp0s25;0;0
1325;22:30:32.881;enp0s25;0;64
1326;22:30:33.888;enp0s25;0;0
1327;22:30:34.895;enp0s25;992;1095
1328;22:30:35.901;enp0s25;10412;8056
1329;22:30:36.909;enp0s25;0;2668
1330;22:30:37.916;enp0s25;0;0
1331;22:30:38.923;enp0s25;64;1278
1332;22:30:39.930;enp0s25;0;504
1333;22:30:40.938;enp0s25;0;1214
1334;22:30:41.945;enp0s25;0;0
1335;22:30:42.952;enp0s25;0;64
1336;22:30:43.958;enp0s25;0;0
1337;22:30:44.965;enp0s25;0;64
1338;22:30:45.972;enp0s25;809;5130
1339;22:30:46.979;enp0s25;0;458
1340;22:30:47.986;enp0s25;0;0
1341;22:30:48.992;enp0s25;0;64
1342;22:30:49.999;enp0s25;64;64
1343;22:30:51.006;enp0s25;0;64
1344;22:30:52.013;enp0s25;0;0
1345;22:30:53.019;enp0s25;12874;25194
1346;22:30:54.026;enp0s25;0;0
1347;22:30:55.034;enp0s25;27547;232942
1348;22:30:56.041;enp0s25;135177;3863864
1349;22:30:57.048;enp0s25;151185;7162602
1350;22:30:58.056;enp0s25;68641;3120668
1351;22:30:59.063;enp0s25;103041;1643588
1352;22:31:00.071;enp0s25;46045;524700
1353;22:31:01.078;enp0s25;74546;1147406
1354;22:31:02.085;enp0s25;44154;742447
1355;22:31:03.092;enp0s25;29375;165523
1356;22:31:04.099;enp0s25;54546;722487
1357;22:31:05.106;enp0s25;26029;195154
1358;22:31:06.113;enp0s25;58056;876215
1359;22:31:07.121;enp0s25;54128;1005818
1360;22:31:08.128;enp0s25;47256;827854
1361;22:31:09.136;enp0s25;50250;776989
1362;22:31:10.143;enp0s25;37044;384653
1363;22:31:11.150;enp0s25;52674;810825
1364;22:31:12.157;enp0s25;25018;350065
1365;22:31:13.168;enp0s25;25063;305266
1366;22:31:14.179;enp0s25;41872;152668
1367;22:31:15.193;enp0s25;24788;455839
1368;22:31:16.199;enp0s25;64803;1133182
1369;22:31:17.212;enp0s25;73675;1600931
1370;22:31:18.218;enp0s25;55210;744256
1371;22:31:19.229;enp0s25;36335;555614
1372;22:31:20.238;enp0s25;45459;458271
1373;22:31:21.245;enp0s25;46868;334312
1374;22:31:22.255;enp0s25;31318;321814
1375;22:31:23.263;enp0s25;36529;287617
1376;22:31:24.271;enp0s25;51278;605184
1377;22:31:25.278;enp0s25;34070;345842
1378;22:31:26.285;enp0s25;37651;818536
1379;22:31:27.292;enp0s25;56451;1488778
1380;22:31:28.299;enp0s25;40366;557277
1381;22:31:29.306;enp0s25;35380;615061
1382;22:31:30.313;enp0s25;61283;821742
1383;22:31:31.320;enp0s25;79498;2222493
1384;22:31:32.327;enp0s25;34999;3162348
1385;22:31:33.334;enp0s25;50645;1069822
1386;22:31:34.342;enp0s25;40339;403032
1387;22:31:35.349;enp0s25;30320;2376571
1388;22:31:36.356;enp0s25;64;38707
1389;22:31:37.363;enp0s25;0;64
1390;22:31:38.370;enp0s25;0;0
1391;22:31:39.378;enp0s25;0;64
1392;22:31:40.384;enp0s25;0;0
1393;22:31:41.391;enp0s25;0;64
1394;22:31:42.398;enp0s25;0;0
1395;22:31:43.405;enp0s25;0;64
1396;22:31:44.412;enp0s25;0;0
1397;22:31:45.418;enp0s25;2403;7246
1398;22:31:46.433;enp0s25;124940;3719055
1399;22:31:47.440;enp0s25;0;64
1400;22:31:48.447;enp0s25;1920;960
1401;22:31:49.454;enp0s25;15217;193631
1402;22:31:50.465;enp0s25;72859;1539981
1403;22:31:51.473;enp0s25;32616;560864
1404;22:31:52.479;enp0s25;23979;271075
1405;22:31:53.487;enp0s25;70610;1143208
1406;22:31:54.494;enp0s25;1920;960
1407;22:31:55.501;enp0s25;1881;5656
1408;22:31:56.516;enp0s25;79038;2530178
1409;22:31:57.526;enp0s25;3014;89442
1410;22:31:58.541;enp0s25;91898;1999491
1411;22:31:59.619;enp0s25;9806;211578
1412;22:32:00.635;enp0s25;13054;78147
1413;22:32:01.646;enp0s25;216868;4933277
1414;22:32:02.654;enp0s25;53112;1975686
1415;22:32:03.661;enp0s25;25295;298830
1416;22:32:04.669;enp0s25;58756;1266512
1417;22:32:05.677;enp0s25;62832;1816157
1418;22:32:06.684;enp0s25;1088;31716
1419;22:32:07.692;enp0s25;2492;1030
1420;22:32:08.702;enp0s25;90907;2063919
1421;22:32:09.719;enp0s25;104510;2407202
1422;22:32:10.734;enp0s25;35030;719898
1423;22:32:11.744;enp0s25;18982;347541
1424;22:32:12.755;enp0s25;10522;234789
1425;22:32:13.768;enp0s25;14410;301201
1426;22:32:14.778;enp0s25;22564;403246
1427;22:32:15.785;enp0s25;44739;780590
1428;22:32:16.792;enp0s25;8384;231892
1429;22:32:17.799;enp0s25;86668;1109832
1430;22:32:18.807;enp0s25;84737;1736308
1431;22:32:19.814;enp0s25;13248;366196
1432;22:32:20.821;enp0s25;0;64
1433;22:32:21.827;enp0s25;1920;960
1434;22:32:22.834;enp0s25;0;64
1435;22:32:23.841;enp0s25;0;0
1436;22:32:24.848;enp0s25;0;64
1437;22:32:25.855;enp0s25;0;0
1438;22:32:26.862;enp0s25;0;64
1439;22:32:27.868;enp0s25;0;0
1440;22:32:28.875;enp0s25;64;128
1441;22:32:29.882;enp0s25;0;107
1442;22:32:30.889;enp0s25;0;171
1443;22:32:31.895;enp0s25;0;0
1444;22:32:32.902;enp0s25;0;64
1445;22:32:33.909;enp0s25;0;0
1446;22:32:34.916;enp0s25;0;64
1447;22:32:35.922;enp0s25;0;0
1448;22:32:36.929;enp0s25;0;64
1449;22:32:37.936;enp0s25;0;0
1450;22:32:38.942;enp0s25;0;64
1451;22:32:39.949;enp0s25;64;64
1452;22:32:40.956;enp0s25;0;64
1453;22:32:41.962;enp0s25;0;0
1454;22:32:42.969;enp0s25;0;64
1455;22:32:43.976;enp0s25;0;0
1456;22:32:44.983;enp0s25;0;64
1457;22:32:45.989;enp0s25;0;0
1458;22:32:46.996;enp0s25;0;64
1459;22:32:48.002;enp0s25;1522;3312
1460;22:32:49.009;enp0s25;0;64
1461;22:32:50.016;enp0s25;0;0
1462;22:32:51.023;enp0s25;304;378
1463;22:32:52.029;enp0s25;11198;224685
1464;22:32:53.036;enp0s25;4451;5935
1465;22:32:54.043;enp0s25;22452;462937
1466;22:32:55.049;enp0s25;4602;56224
1467;22:32:56.056;enp0s25;8254;224120
1468;22:32:57.063;enp0s25;344;478
1469;22:32:58.070;enp0s25;0;0
1470;22:32:59.077;enp0s25;0;64
1471;22:33:00.084;enp0s25;0;107
1472;22:33:01.091;enp0s25;0;171
1473;22:33:02.098;enp0s25;64;64
1474;22:33:03.104;enp0s25;0;64
1475;22:33:04.111;enp0s25;0;0
1476;22:33:05.118;enp0s25;140;235
1477;22:33:06.124;enp0s25;0;0
1478;22:33:07.132;enp0s25;17135;407473
1479;22:33:08.139;enp0s25;24102;677016
1480;22:33:09.146;enp0s25;68624;2383885
1481;22:33:10.153;enp0s25;50134;1852087
1482;22:33:11.160;enp0s25;0;64
1483;22:33:12.167;enp0s25;0;0
1484;22:33:13.174;enp0s25;64;128
1485;22:33:14.182;enp0s25;0;0
1486;22:33:15.189;enp0s25;0;64
1487;22:33:16.196;enp0s25;0;0
1488;22:33:17.204;enp0s25;0;64
1489;22:33:18.211;enp0s25;0;0
1490;22:33:19.218;enp0s25;0;64
1491;22:33:20.225;enp0s25;0;0
1492;22:33:21.232;enp0s25;0;64
1493;22:33:22.239;enp0s25;33810;993204
1494;22:33:23.251;enp0s25;8128;376939
1495;22:33:24.259;enp0s25;64;64
1496;22:33:25.265;enp0s25;0;64
1497;22:33:26.272;enp0s25;0;0
1498;22:33:27.279;enp0s25;0;64
1499;22:33:28.285;enp0s25;74394;3092598
1500;22:33:29.293;enp0s25;64704;3298643
1501;22:33:30.301;enp0s25;0;0
1502;22:33:31.308;enp0s25;0;171
1503;22:33:32.315;enp0s25;0;107
1504;22:33:33.322;enp0s25;1282;15680
1505;22:33:34.335;enp0s25;10471;309676
1506;22:33:35.344;enp0s25;64;128
1507;22:33:36.351;enp0s25;0;0
1508;22:33:37.358;enp0s25;74;64
1509;22:33:38.364;enp0s25;0;0
1510;22:33:39.371;enp0s25;100109;2312187
1511;22:33:40.378;enp0s25;97796;2222974
1512;22:33:41.387;enp0s25;9238;175072
1513;22:33:42.395;enp0s25;19252;415935
1514;22:33:43.402;enp0s25;16736;292924
1515;22:33:44.419;enp0s25;25466;463309
1516;22:33:45.440;enp0s25;8120;182568
1517;22:33:46.458;enp0s25;19540;405994
1518;22:33:47.474;enp0s25;3300;41199
1519;22:33:48.485;enp0s25;16248;219349
1520;22:33:49.493;enp0s25;2277;2153
1521;22:33:50.501;enp0s25;0;504
1522;22:33:51.508;enp0s25;0;64
1523;22:33:52.517;enp0s25;1920;2504
1524;22:33:53.528;enp0s25;0;64
1525;22:33:54.536;enp0s25;148;78
1526;22:33:55.544;enp0s25;4681;22307
1527;22:33:56.551;enp0s25;3502;27865
1528;22:33:57.562;enp0s25;1820;4173
1529;22:33:58.569;enp0s25;24602;410217
1530;22:33:59.576;enp0s25;4217;75530
1531;22:34:00.583;enp0s25;9047;128814
1532;22:34:01.590;enp0s25;63479;1468578
1533;22:34:02.596;enp0s25;63867;1526265
1534;22:34:03.604;enp0s25;87377;2009197
1535;22:34:04.611;enp0s25;420;539
1536;22:34:05.618;enp0s25;0;0
1537;22:34:06.624;enp0s25;1800;4109
1538;22:34:07.631;enp0s25;45859;1081329
1539;22:34:08.639;enp0s25;9959;227000
1540;22:34:09.645;enp0s25;2742;10943
1541;22:34:10.652;enp0s25;4830;58103
1542;22:34:11.658;enp0s25;8144;103688
1543;22:34:12.665;enp0s25;7633;104984
1544;22:34:13.676;enp0s25;28973;530080
1545;22:34:14.683;enp0s25;0;64
1546;22:34:15.690;enp0s25;420;475
1547;22:34:16.697;enp0s25;7781;109421
1548;22:34:17.703;enp0s25;2885;14543
1549;22:34:18.710;enp0s25;3216;22982
1550;22:34:19.717;enp0s25;35179;666309
1551;22:34:20.724;enp0s25;63770;2352185
1552;22:34:21.731;enp0s25;498;475
1553;22:34:22.739;enp0s25;30930;625904
1554;22:34:23.746;enp0s25;0;0
1555;22:34:24.752;enp0s25;2247;4654
1556;22:34:25.762;enp0s25;3071;13973
1557;22:34:26.771;enp0s25;9147;120314
1558;22:34:27.782;enp0s25;12214;287513
1559;22:34:28.792;enp0s25;2957;14325
1560;22:34:29.799;enp0s25;2938;20863
1561;22:34:30.805;enp0s25;11746;117001
1562;22:34:31.812;enp0s25;1155;623
1563;22:34:32.823;enp0s25;22674;329898
1564;22:34:33.835;enp0s25;62532;1853665
1565;22:34:34.844;enp0s25;420;646
1566;22:34:35.851;enp0s25;28510;569794
1567;22:34:36.857;enp0s25;0;64
1568;22:34:37.864;enp0s25;3053;6668
1569;22:34:38.874;enp0s25;1862;10165
1570;22:34:39.881;enp0s25;7004;82029
1571;22:34:40.889;enp0s25;4050;9308
1572;22:34:41.902;enp0s25;1408;19796
1573;22:34:42.912;enp0s25;11906;154825
1574;22:34:43.920;enp0s25;420;475
1575;22:34:44.926;enp0s25;5710;51108
1576;22:34:45.933;enp0s25;0;0
1577;22:34:46.940;enp0s25;2179;4584
1578;22:34:47.954;enp0s25;3930;57127
1579;22:34:48.962;enp0s25;420;539
1580;22:34:49.969;enp0s25;4353;21973
1581;22:34:50.975;enp0s25;3618;14026
1582;22:34:51.982;enp0s25;3891;54527
1583;22:34:52.989;enp0s25;5519;50840
1584;22:34:53.996;enp0s25;4354;13386
1585;22:34:55.005;enp0s25;1128;20186
1586;22:34:56.013;enp0s25;25809;469077
1587;22:34:57.020;enp0s25;0;64
1588;22:34:58.027;enp0s25;638;687
1589;22:34:59.034;enp0s25;10427;126117
1590;22:35:00.041;enp0s25;5688;51777
1591;22:35:01.048;enp0s25;5180;75533
1592;22:35:02.055;enp0s25;5261;42402
1593;22:35:03.063;enp0s25;4187;34420
1594;22:35:04.076;enp0s25;20417;371443
1595;22:35:05.085;enp0s25;7690;83461
1596;22:35:06.091;enp0s25;568;553
1597;22:35:07.098;enp0s25;8681;136906
1598;22:35:08.111;enp0s25;7438;191799
1599;22:35:09.120;enp0s25;3430;17059
1600;22:35:10.130;enp0s25;2128;21331
1601;22:35:11.138;enp0s25;19809;333506
1602;22:35:12.148;enp0s25;0;0
1603;22:35:13.155;enp0s25;4348;14393
1604;22:35:14.170;enp0s25;1192;13635
1605;22:35:15.179;enp0s25;57791;1431392
1606;22:35:16.188;enp0s25;154898;5160330
1607;22:35:17.195;enp0s25;0;64
1608;22:35:18.202;enp0s25;0;0
1609;22:35:19.209;enp0s25;420;539
1610;22:35:20.216;enp0s25;5231;38058
1611;22:35:21.223;enp0s25;4636;21883
1612;22:35:22.237;enp0s25;7980;138184
1613;22:35:23.246;enp0s25;66033;1728343
1614;22:35:24.254;enp0s25;100072;3259375
1615;22:35:25.262;enp0s25;4182;9308
1616;22:35:26.277;enp0s25;16660;321795
1617;22:35:27.284;enp0s25;5273;40002
1618;22:35:28.291;enp0s25;420;475
1619;22:35:29.297;enp0s25;6038;59237
1620;22:35:30.310;enp0s25;21307;294816
1621;22:35:31.318;enp0s25;280;539
1622;22:35:32.325;enp0s25;0;0
1623;22:35:33.332;enp0s25;0;64
1624;22:35:34.345;enp0s25;1661;3281
1625;22:35:35.359;enp0s25;59451;1766970
1626;22:35:36.377;enp0s25;3229;12607
1627;22:35:37.384;enp0s25;0;64
1628;22:35:38.393;enp0s25;4417;56589
1629;22:35:39.401;enp0s25;13181;443460
1630;22:35:40.407;enp0s25;12880;544962
1631;22:35:41.414;enp0s25;12810;545026
1632;22:35:42.421;enp0s25;12740;541926
1633;22:35:43.428;enp0s25;13230;560206
1634;22:35:44.441;enp0s25;13300;566214
1635;22:35:45.452;enp0s25;12950;554134
1636;22:35:46.465;enp0s25;12810;544962
1637;22:35:47.475;enp0s25;11334;476780
1638;22:35:48.489;enp0s25;8260;350658
1639;22:35:49.506;enp0s25;12390;526810
1640;22:35:50.521;enp0s25;12740;543570
1641;22:35:51.532;enp0s25;13510;575830
1642;22:35:52.541;enp0s25;13440;576082
1643;22:35:53.559;enp0s25;12740;543140
1644;22:35:54.574;enp0s25;12880;545466
1645;22:35:55.589;enp0s25;12950;551492
1646;22:35:56.602;enp0s25;13160;560142
1647;22:35:57.651;enp0s25;11130;470580
1648;22:35:58.667;enp0s25;9374;396326
1649;22:35:59.683;enp0s25;12810;551034
1650;22:36:00.699;enp0s25;12880;545026
1651;22:36:01.709;enp0s25;12810;544962
1652;22:36:02.726;enp0s25;13020;551098
1653;22:36:03.740;enp0s25;13510;573804
1654;22:36:04.753;enp0s25;12880;549580
1655;22:36:05.768;enp0s25;12950;547998
1656;22:36:06.780;enp0s25;12880;548169
1657;22:36:07.793;enp0s25;11970;510155
1658;22:36:08.805;enp0s25;9654;409988
1659;22:36:09.819;enp0s25;9310;393162
1660;22:36:10.833;enp0s25;10774;457046
1661;22:36:11.845;enp0s25;9132;361284
1662;22:36:12.861;enp0s25;10314;415996
1663;22:36:13.879;enp0s25;12460;470580
1664;22:36:14.896;enp0s25;10640;461536
1665;22:36:15.911;enp0s25;12740;543444
1666;22:36:16.922;enp0s25;8680;368938
1667;22:36:17.938;enp0s25;12530;537372
1668;22:36:18.953;enp0s25;11270;467608
1669;22:36:19.967;enp0s25;11894;504040
1670;22:36:20.982;enp0s25;9380;402334
1671;22:36:21.994;enp0s25;9240;390126
1672;22:36:23.006;enp0s25;9118;373492
1673;22:36:24.022;enp0s25;10402;461472
1674;22:36:25.040;enp0s25;10290;467608
1675;22:36:26.057;enp0s25;10710;470580
1676;22:36:27.069;enp0s25;10640;473680
1677;22:36:28.085;enp0s25;10500;464508
1678;22:36:29.101;enp0s25;12600;545026
1679;22:36:30.120;enp0s25;14090;587536
1680;22:36:31.133;enp0s25;13644;580004
1681;22:36:32.143;enp0s25;12670;544962
1682;22:36:33.156;enp0s25;10458;397780
1683;22:36:34.172;enp0s25;4130;183678
1684;22:36:35.189;enp0s25;5180;227764
1685;22:36:36.205;enp0s25;6720;306636
1686;22:36:37.214;enp0s25;9800;428247
1687;22:36:38.231;enp0s25;9940;440327
1688;22:36:39.248;enp0s25;12040;525292
1689;22:36:40.265;enp0s25;11620;503976
1690;22:36:41.281;enp0s25;11480;505558
1691;22:36:42.289;enp0s25;12104;519220
1692;22:36:43.301;enp0s25;11480;499486
1693;22:36:44.319;enp0s25;10850;476652
1694;22:36:45.334;enp0s25;9660;440284
1695;22:36:46.344;enp0s25;10850;473616
1696;22:36:47.359;enp0s25;12250;528328
1697;22:36:48.374;enp0s25;11410;491832
1698;22:36:49.390;enp0s25;11970;517702
1699;22:36:50.403;enp0s25;10850;464508
1700;22:36:51.412;enp0s25;8610;371974
1701;22:36:52.428;enp0s25;12390;532818
1702;22:36:53.443;enp0s25;12594;528392
1703;22:36:54.457;enp0s25;10570;455400
1704;22:36:55.467;enp0s25;9240;419032
1705;22:36:56.483;enp0s25;12320;529782
1706;22:36:57.498;enp0s25;12600;534400
1707;22:36:58.512;enp0s25;12110;511566
1708;22:36:59.528;enp0s25;12040;510112
1709;22:37:00.537;enp0s25;12390;529782
1710;22:37:01.552;enp0s25;8184;344714
1711;22:37:02.568;enp0s25;12460;532818
1712;22:37:03.583;enp0s25;11970;510112
1713;22:37:04.596;enp0s25;10144;440284
1714;22:37:05.607;enp0s25;9870;435730
1715;22:37:06.620;enp0s25;11970;511630
1716;22:37:07.637;enp0s25;11970;511566
1717;22:37:08.652;enp0s25;12530;537543
1718;22:37:09.659;enp0s25;12250;519263
1719;22:37:10.674;enp0s25;6440;265356
1720;22:37:11.682;enp0s25;0;0
1721;22:37:12.691;enp0s25;0;64
1722;22:37:13.699;enp0s25;0;0
1723;22:37:14.707;enp0s25;0;64
1724;22:37:15.714;enp0s25;64;64
1725;22:37:16.721;enp0s25;0;64
1726;22:37:17.728;enp0s25;0;0
1727;22:37:18.735;enp0s25;0;1368
1728;22:37:19.741;enp0s25;0;3460
1729;22:37:20.749;enp0s25;0;1184
1730;22:37:21.756;enp0s25;0;1150
1731;22:37:22.763;enp0s25;0;568
1732;22:37:23.770;enp0s25;0;0
1733;22:37:24.784;enp0s25;0;1214
1734;22:37:25.794;enp0s25;0;0
1735;22:37:26.802;enp0s25;64;128
1736;22:37:27.809;enp0s25;0;394
1737;22:37:28.818;enp0s25;0;64
1738;22:37:29.826;enp0s25;997;4493
1739;22:37:30.833;enp0s25;0;64
1740;22:37:31.841;enp0s25;0;0
1741;22:37:32.848;enp0s25;0;64
1742;22:37:33.863;enp0s25;0;0
1743;22:37:34.881;enp0s25;0;64
1744;22:37:35.889;enp0s25;6114;153975
1745;22:37:36.902;enp0s25;21998;521551
1746;22:37:37.915;enp0s25;13687;547998
1747;22:37:38.925;enp0s25;13510;575386
1748;22:37:39.933;enp0s25;10010;425147
1749;22:37:40.946;enp0s25;10850;464679
1750;22:37:41.963;enp0s25;12740;541926
1751;22:37:42.974;enp0s25;13440;569314
1752;22:37:43.986;enp0s25;13580;582912
1753;22:37:44.999;enp0s25;11060;467608
1754;22:37:46.016;enp0s25;11060;470580
1755;22:37:47.032;enp0s25;10668;449462
1756;22:37:48.044;enp0s25;12804;541990
1757;22:37:49.054;enp0s25;13230;558688
1758;22:37:50.069;enp0s25;13650;582912
1759;22:37:51.083;enp0s25;12810;541990
1760;22:37:52.098;enp0s25;12880;547998
1761;22:37:53.109;enp0s25;14420;619408
1762;22:37:54.119;enp0s25;12740;544574
1763;22:37:55.134;enp0s25;11830;506312
1764;22:37:56.147;enp0s25;9870;425800
1765;22:37:57.163;enp0s25;12810;543140
1766;22:37:58.174;enp0s25;12740;542430
1767;22:37:59.183;enp0s25;13084;551162
1768;22:38:00.198;enp0s25;12810;546112
1769;22:38:01.214;enp0s25;13930;590566
1770;22:38:02.226;enp0s25;13090;562054
1771;22:38:03.237;enp0s25;9800;417514
1772;22:38:04.247;enp0s25;12670;541926
1773;22:38:05.262;enp0s25;10920;464572
1774;22:38:06.279;enp0s25;10024;455400
1775;22:38:07.295;enp0s25;12670;545026
1776;22:38:08.312;enp0s25;13860;595056
1777;22:38:09.323;enp0s25;12740;541990
1778;22:38:10.332;enp0s25;12874;545133
1779;22:38:11.347;enp0s25;12670;545133
1780;22:38:12.364;enp0s25;14070;601128
1781;22:38:13.377;enp0s25;12810;545026
1782;22:38:14.392;enp0s25;12600;541926
1783;22:38:15.402;enp0s25;10570;464572
1784;22:38:16.414;enp0s25;10570;464508
1785;22:38:17.430;enp0s25;12810;545026
1786;22:38:18.446;enp0s25;13860;587466
1787;22:38:19.457;enp0s25;12950;555652
1788;22:38:20.468;enp0s25;12874;545026
1789;22:38:21.477;enp0s25;12804;545090
1790;22:38:22.494;enp0s25;13580;578358
1791;22:38:23.506;enp0s25;13230;569314
1792;22:38:24.520;enp0s25;12810;541926
1793;22:38:25.534;enp0s25;10570;470644
1794;22:38:26.543;enp0s25;8680;393162
1795;22:38:27.560;enp0s25;14000;598156
1796;22:38:28.571;enp0s25;12880;547998
1797;22:38:29.588;enp0s25;12670;541990
1798;22:38:30.602;enp0s25;13430;551496
1799;22:38:31.612;enp0s25;13090;554134
1800;22:38:32.626;enp0s25;13854;589112
1801;22:38:33.637;enp0s25;12810;544962
1802;22:38:34.652;enp0s25;12670;541990
1803;22:38:35.667;enp0s25;9170;411378
1804;22:38:36.678;enp0s25;11550;511630
1805;22:38:37.687;enp0s25;10430;446292
1806;22:38:38.701;enp0s25;12880;548062
1807;22:38:39.719;enp0s25;13300;561660
1808;22:38:40.731;enp0s25;13720;589048
1809;22:38:41.740;enp0s25;12804;545133
1810;22:38:42.751;enp0s25;12810;545133
1811;22:38:43.768;enp0s25;13574;572350
1812;22:38:44.778;enp0s25;13860;592084
1813;22:38:45.787;enp0s25;11554;418374
1814;22:38:46.796;enp0s25;10080;437248
1815;22:38:47.811;enp0s25;12250;523710
1816;22:38:48.827;enp0s25;12180;522256
1817;22:38:49.842;enp0s25;12740;541926
1818;22:38:50.858;enp0s25;12740;541990
1819;22:38:51.870;enp0s25;13860;590502
1820;22:38:52.879;enp0s25;12880;567796
1821;22:38:53.897;enp0s25;12950;547998
1822;22:38:54.911;enp0s25;12804;543572
1823;22:38:55.924;enp0s25;8680;390126
1824;22:38:56.937;enp0s25;12460;541990
1825;22:38:57.948;enp0s25;13300;563178
1826;22:38:58.960;enp0s25;13580;582976
1827;22:38:59.973;enp0s25;12950;547998
1828;22:39:00.993;enp0s25;10360;446356
1829;22:39:02.010;enp0s25;12670;541926
1830;22:39:03.024;enp0s25;14280;610300
1831;22:39:04.033;enp0s25;12670;541926
1832;22:39:05.043;enp0s25;10914;467672
1833;22:39:06.062;enp0s25;8400;384054
1834;22:39:07.077;enp0s25;12250;538954
1835;22:39:08.089;enp0s25;12740;544962
1836;22:39:09.098;enp0s25;12670;541990
1837;22:39:10.113;enp0s25;12810;547998
1838;22:39:11.129;enp0s25;14280;610300
1839;22:39:12.140;enp0s25;12810;548105
1840;22:39:13.156;enp0s25;12740;542097
1841;22:39:14.168;enp0s25;12880;541926
1842;22:39:15.180;enp0s25;10920;470644
1843;22:39:16.192;enp0s25;7962;356794
1844;22:39:17.208;enp0s25;14140;619408
1845;22:39:18.222;enp0s25;12740;541926
1846;22:39:19.234;enp0s25;12804;548126
1847;22:39:20.243;enp0s25;12950;549516
1848;22:39:21.261;enp0s25;13720;586012
1849;22:39:22.273;enp0s25;10430;446292
1850;22:39:23.287;enp0s25;12950;551098
1851;22:39:24.299;enp0s25;12740;541926
1852;22:39:25.309;enp0s25;11379;473680
1853;22:39:26.324;enp0s25;10010;455400
1854;22:39:27.339;enp0s25;12804;545090
1855;22:39:28.358;enp0s25;14529;613272
1856;22:39:29.370;enp0s25;12740;545026
1857;22:39:30.380;enp0s25;12670;544962
1858;22:39:31.395;enp0s25;13389;548062
1859;22:39:32.411;enp0s25;17488;620862
1860;22:39:33.421;enp0s25;14838;554134
1861;22:39:34.434;enp0s25;14048;551034
1862;22:39:35.442;enp0s25;10865;470644
1863;22:39:36.458;enp0s25;10236;458436
1864;22:39:37.476;enp0s25;10290;467608
1865;22:39:38.493;enp0s25;8044;368938
1866;22:39:39.509;enp0s25;12250;545026
1867;22:39:40.521;enp0s25;12740;541926
1868;22:39:41.533;enp0s25;12670;541990
1869;22:39:42.549;enp0s25;14070;600154
1870;22:39:43.562;enp0s25;12670;550645
1871;22:39:44.575;enp0s25;12950;548865
1872;22:39:45.588;enp0s25;12810;549212
1873;22:39:46.598;enp0s25;14210;609222
1874;22:39:47.607;enp0s25;10710;470644
1875;22:39:48.622;enp0s25;10850;474830
1876;22:39:49.637;enp0s25;12944;545026
1877;22:39:50.649;enp0s25;12670;541990
1878;22:39:51.664;enp0s25;14350;616308
1879;22:39:52.674;enp0s25;12810;548062
1880;22:39:53.689;enp0s25;10500;449722
1881;22:39:54.707;enp0s25;12810;545026
1882;22:39:55.719;enp0s25;13440;572286
1883;22:39:56.730;enp0s25;11664;452441
1884;22:39:57.744;enp0s25;22768;668334
1885;22:39:58.759;enp0s25;15758;667002
1886;22:39:59.771;enp0s25;31868;1344772
1887;22:40:00.783;enp0s25;37094;1612244
1888;22:40:01.793;enp0s25;36750;1603008
1889;22:40:02.803;enp0s25;26268;1077690
1890;22:40:03.816;enp0s25;7891;151403
1891;22:40:04.831;enp0s25;10422;271226
1892;22:40:05.845;enp0s25;8723;175986
1893;22:40:06.858;enp0s25;12317;346313
1894;22:40:07.872;enp0s25;12515;385478
1895;22:40:08.884;enp0s25;16265;620267
1896;22:40:09.892;enp0s25;11350;307918
1897;22:40:10.905;enp0s25;10564;265621
1898;22:40:11.918;enp0s25;11318;309687
1899;22:40:12.928;enp0s25;22389;875364
1900;22:40:13.938;enp0s25;38220;1710786
1901;22:40:14.946;enp0s25;35157;1493099
1902;22:40:15.958;enp0s25;14665;463927
1903;22:40:16.976;enp0s25;20218;911542
1904;22:40:17.985;enp0s25;128;0
1905;22:40:18.992;enp0s25;64;64
1906;22:40:19.999;enp0s25;0;0
1907;22:40:21.007;enp0s25;0;64
1908;22:40:22.014;enp0s25;64;0
1909;22:40:23.021;enp0s25;64;128
1910;22:40:24.031;enp0s25;0;0
1911;22:40:25.043;enp0s25;0;64
1912;22:40:26.052;enp0s25;0;0
1913;22:40:27.060;enp0s25;64;64
1914;22:40:28.067;enp0s25;0;0
1915;22:40:29.074;enp0s25;0;64
1916;22:40:30.082;enp0s25;0;0
1917;22:40:31.089;enp0s25;0;64
1918;22:40:32.096;enp0s25;0;0
1919;22:40:33.103;enp0s25;64;128
1920;22:40:34.110;enp0s25;0;0
1921;22:40:35.116;enp0s25;0;64
1922;22:40:36.123;enp0s25;9758;223788
1923;22:40:37.132;enp0s25;15884;533945
1924;22:40:38.147;enp0s25;10570;452364
1925;22:40:39.162;enp0s25;13020;554134
1926;22:40:40.181;enp0s25;13090;554070
1927;22:40:41.193;enp0s25;12810;545026
1928;22:40:42.209;enp0s25;13230;557106
1929;22:40:43.221;enp0s25;11200;476716
1930;22:40:44.234;enp0s25;6574;274056
1931;22:40:45.242;enp0s25;0;171
1932;22:40:46.249;enp0s25;0;107
1933;22:40:47.256;enp0s25;0;64
1934;22:40:48.263;enp0s25;0;0
1935;22:40:49.269;enp0s25;0;64
1936;22:40:50.276;enp0s25;0;0
1937;22:40:51.282;enp0s25;3489;60483
1938;22:40:52.293;enp0s25;14746;618146
1939;22:40:53.303;enp0s25;1802;60588
1940;22:40:54.318;enp0s25;12440;471310
1941;22:40:55.335;enp0s25;64;128
1942;22:40:56.351;enp0s25;16388;614174
1943;22:40:57.366;enp0s25;0;64
1944;22:40:58.376;enp0s25;22388;869022
1945;22:40:59.385;enp0s25;15410;585869
1946;22:41:00.402;enp0s25;9388;333056
1947;22:41:01.421;enp0s25;0;64
1948;22:41:02.438;enp0s25;2532;76028
1949;22:41:03.451;enp0s25;5796;182885
1950;22:41:04.463;enp0s25;5638;175411
1951;22:41:05.472;enp0s25;27578;1018932
1952;22:41:06.479;enp0s25;31746;1196461
1953;22:41:07.490;enp0s25;33978;1341385
1954;22:41:08.505;enp0s25;13856;640214
1955;22:41:09.524;enp0s25;658;9863
1956;22:41:10.540;enp0s25;7866;286791
1957;22:41:11.549;enp0s25;12446;456011
1958;22:41:12.559;enp0s25;21964;805743
1959;22:41:13.567;enp0s25;19238;919531
1960;22:41:14.581;enp0s25;2164;68644
1961;22:41:15.595;enp0s25;0;128
1962;22:41:16.606;enp0s25;13386;647430
1963;22:41:17.622;enp0s25;28402;1359765
1964;22:41:18.633;enp0s25;3988;177872
1965;22:41:19.645;enp0s25;4678;117921
1966;22:41:20.661;enp0s25;1304;20425
1967;22:41:21.673;enp0s25;0;0
1968;22:41:22.685;enp0s25;654;4126
1969;22:41:23.698;enp0s25;8430;254557
1970;22:41:24.716;enp0s25;21640;1081621
1971;22:41:25.726;enp0s25;11756;607423
1972;22:41:26.743;enp0s25;538;3522
1973;22:41:27.754;enp0s25;0;0
1974;22:41:28.772;enp0s25;19680;837350
1975;22:41:29.787;enp0s25;0;0
1976;22:41:30.804;enp0s25;15174;589312
1977;22:41:31.820;enp0s25;0;0
1978;22:41:32.835;enp0s25;2468;100203
1979;22:41:33.844;enp0s25;2234;92582
1980;22:41:34.860;enp0s25;0;64
1981;22:41:35.878;enp0s25;22152;986675
1982;22:41:36.887;enp0s25;0;128
1983;22:41:37.897;enp0s25;12592;438494
1984;22:41:38.909;enp0s25;12102;524160
1985;22:41:39.918;enp0s25;9766;299279
1986;22:41:40.932;enp0s25;1092;31192
1987;22:41:41.943;enp0s25;6568;118142
1988;22:41:42.954;enp0s25;1748;20017
1989;22:41:43.963;enp0s25;1854;25252
1990;22:41:44.978;enp0s25;4462;142668
1991;22:41:45.986;enp0s25;14836;384271
1992;22:41:46.994;enp0s25;964;28860
1993;22:41:48.008;enp0s25;7380;412192
1994;22:41:49.018;enp0s25;7684;283488
1995;22:41:50.033;enp0s25;824;17121
1996;22:41:51.048;enp0s25;2042;43733
1997;22:41:52.068;enp0s25;1416;39947
1998;22:41:53.080;enp0s25;10222;377688
1999;22:41:54.091;enp0s25;7678;281732
2000;22:41:55.109;enp0s25;8020;245483
2001;22:41:56.119;enp0s25;3346;51986
2002;22:41:57.129;enp0s25;1270;19925
2003;22:41:58.143;enp0s25;4374;107487
2004;22:41:59.155;enp0s25;10934;439765
2005;22:42:00.165;enp0s25;2456;35875
2006;22:42:01.179;enp0s25;2694;35457
2007;22:42:02.195;enp0s25;1382;12970
2008;22:42:03.213;enp0s25;4642;139937
2009;22:42:04.227;enp0s25;9616;377211
2010;22:42:05.238;enp0s25;580;5389
2011;22:42:06.255;enp0s25;600;4697
2012;22:42:07.271;enp0s25;25184;1128686
2013;22:42:08.282;enp0s25;1226;17793
2014;22:42:09.295;enp0s25;6222;217928
2015;22:42:10.306;enp0s25;12120;373998
2016;22:42:11.316;enp0s25;7092;229942
2017;22:42:12.328;enp0s25;1306;8833
2018;22:42:13.345;enp0s25;8762;297268
2019;22:42:14.353;enp0s25;3176;37943
2020;22:42:15.361;enp0s25;17256;662092
2021;22:42:16.372;enp0s25;12362;508520
2022;22:42:17.383;enp0s25;9976;296577
2023;22:42:18.395;enp0s25;7398;308437
2024;22:42:19.410;enp0s25;2240;67404
2025;22:42:20.426;enp0s25;1220;37129
2026;22:42:21.439;enp0s25;1140;13003
2027;22:42:22.449;enp0s25;3418;122793
2028;22:42:23.464;enp0s25;1024;23786
2029;22:42:24.483;enp0s25;5586;190724
2030;22:42:25.498;enp0s25;6720;271817
2031;22:42:26.516;enp0s25;772;16428
2032;22:42:27.530;enp0s25;1564;33626
2033;22:42:28.540;enp0s25;1408;26239
2034;22:42:29.555;enp0s25;8020;217684
2035;22:42:30.570;enp0s25;8492;193376
2036;22:42:31.582;enp0s25;1476;45913
2037;22:42:32.596;enp0s25;3120;70962
2038;22:42:33.614;enp0s25;4448;168636
2039;22:42:34.627;enp0s25;4056;114200
2040;22:42:35.637;enp0s25;4152;113241
2041;22:42:36.645;enp0s25;33758;1774675
2042;22:42:37.663;enp0s25;9194;294060
2043;22:42:38.679;enp0s25;1722;42857
2044;22:42:39.693;enp0s25;16260;466131
2045;22:42:40.706;enp0s25;1938;49517
2046;22:42:41.715;enp0s25;1796;24624
2047;22:42:42.728;enp0s25;3328;71553
2048;22:42:43.745;enp0s25;17556;766255
2049;22:42:44.762;enp0s25;650;10197
2050;22:42:45.777;enp0s25;1282;16210
2051;22:42:46.786;enp0s25;3732;71691
2052;22:42:47.792;enp0s25;1488;28113
2053;22:42:48.807;enp0s25;2968;105665
2054;22:42:49.824;enp0s25;7282;202591
2055;22:42:50.838;enp0s25;3286;98084
2056;22:42:51.850;enp0s25;2314;45818
2057;22:42:52.863;enp0s25;2964;30426
2058;22:42:53.877;enp0s25;3276;89023
2059;22:42:54.891;enp0s25;6088;165765
2060;22:42:55.906;enp0s25;1350;43450
2061;22:42:56.920;enp0s25;10060;272682
2062;22:42:57.932;enp0s25;5574;245842
2063;22:42:58.943;enp0s25;738;12858
2064;22:42:59.958;enp0s25;520;3974
2065;22:43:00.976;enp0s25;4168;118126
2066;22:43:01.988;enp0s25;8916;142355
2067;22:43:02.995;enp0s25;3526;167150
2068;22:43:04.002;enp0s25;6238;108546
2069;22:43:05.015;enp0s25;2310;48632
2070;22:43:06.025;enp0s25;2132;38124
2071;22:43:07.038;enp0s25;2226;28306
2072;22:43:08.052;enp0s25;3684;86825
2073;22:43:09.062;enp0s25;4674;77321
2074;22:43:10.076;enp0s25;638;9148
2075;22:43:11.092;enp0s25;5458;175727
2076;22:43:12.106;enp0s25;1994;54424
2077;22:43:13.121;enp0s25;2984;72018
2078;22:43:14.133;enp0s25;3042;62884
2079;22:43:15.147;enp0s25;10520;413062
2080;22:43:16.162;enp0s25;11272;403548
2081;22:43:17.179;enp0s25;2018;31449
2082;22:43:18.194;enp0s25;1336;18058
2083;22:43:19.208;enp0s25;5534;117212
2084;22:43:20.224;enp0s25;4796;105665
2085;22:43:21.236;enp0s25;3434;61066
2086;22:43:22.253;enp0s25;3416;81586
2087;22:43:23.264;enp0s25;6266;83048
2088;22:43:24.276;enp0s25;3800;37328
2089;22:43:25.288;enp0s25;9768;243033
2090;22:43:26.299;enp0s25;26602;1070594
2091;22:43:27.315;enp0s25;6984;329901
2092;22:43:28.332;enp0s25;19524;791900
2093;22:43:29.343;enp0s25;29520;1466765
2094;22:43:30.351;enp0s25;29542;1336878
2095;22:43:31.363;enp0s25;2504;109974
2096;22:43:32.373;enp0s25;35450;1616293
2097;22:43:33.383;enp0s25;4766;154808
2098;22:43:34.394;enp0s25;13352;595467
2099;22:43:35.411;enp0s25;24128;1093293
2100;22:43:36.422;enp0s25;6912;233805
2101;22:43:37.430;enp0s25;4010;61150
2102;22:43:38.439;enp0s25;506;2773
2103;22:43:39.448;enp0s25;6726;177889
2104;22:43:40.457;enp0s25;4444;125329
2105;22:43:41.467;enp0s25;2222;39664
2106;22:43:42.480;enp0s25;4122;90998
2107;22:43:43.492;enp0s25;2908;40639
2108;22:43:44.501;enp0s25;2308;27179
2109;22:43:45.511;enp0s25;572;5491
2110;22:43:46.529;enp0s25;1212;17879
2111;22:43:47.546;enp0s25;6046;172733
2112;22:43:48.562;enp0s25;11254;361860
2113;22:43:49.574;enp0s25;4488;84561
2114;22:43:50.583;enp0s25;3334;98208
2115;22:43:51.592;enp0s25;3014;95119
2116;22:43:52.601;enp0s25;8728;304127
2117;22:43:53.609;enp0s25;3370;97154
2118;22:43:54.618;enp0s25;12336;464126
2119;22:43:55.630;enp0s25;3420;79293
2120;22:43:56.641;enp0s25;2432;53158
2121;22:43:57.658;enp0s25;586;5692
2122;22:43:58.672;enp0s25;7106;126780
2123;22:43:59.685;enp0s25;1876;23544
2124;22:44:00.692;enp0s25;8012;170525
2125;22:44:01.707;enp0s25;2368;50213
2126;22:44:02.722;enp0s25;654;5293
2127;22:44:03.734;enp0s25;1560;9732
2128;22:44:04.746;enp0s25;1734;20701
2129;22:44:05.756;enp0s25;6008;138456
2130;22:44:06.769;enp0s25;17386;594434
2131;22:44:07.778;enp0s25;3862;104601
2132;22:44:08.795;enp0s25;1774;19885
2133;22:44:09.804;enp0s25;4532;152107
2134;22:44:10.812;enp0s25;4392;104519
2135;22:44:11.819;enp0s25;31648;1485518
2136;22:44:12.835;enp0s25;1302;42034
2137;22:44:13.849;enp0s25;31896;1530916
2138;22:44:14.866;enp0s25;40866;2003398
2139;22:44:15.876;enp0s25;36354;1679384
2140;22:44:16.884;enp0s25;6934;264532
2141;22:44:17.891;enp0s25;5268;164948
2142;22:44:18.905;enp0s25;2396;71705
2143;22:44:19.917;enp0s25;1380;23642
2144;22:44:20.931;enp0s25;2246;69192
2145;22:44:21.946;enp0s25;2930;82770
2146;22:44:22.958;enp0s25;650;6926
2147;22:44:23.976;enp0s25;6934;180127
2148;22:44:24.989;enp0s25;1366;20559
2149;22:44:25.996;enp0s25;5480;123662
2150;22:44:27.010;enp0s25;37566;1877213
2151;22:44:28.020;enp0s25;12530;276129
2152;22:44:29.026;enp0s25;718;13839
2153;22:44:30.033;enp0s25;14652;418247
2154;22:44:31.045;enp0s25;2870;77236
2155;22:44:32.064;enp0s25;2700;65305
2156;22:44:33.082;enp0s25;2208;24520
2157;22:44:34.095;enp0s25;1312;15673
2158;22:44:35.107;enp0s25;2918;59742
2159;22:44:36.119;enp0s25;2736;39632
2160;22:44:37.134;enp0s25;5458;127469
2161;22:44:38.149;enp0s25;19346;686431
2162;22:44:39.161;enp0s25;4740;57908
2163;22:44:40.176;enp0s25;25692;1001808
2164;22:44:41.189;enp0s25;97258;4800728
2165;22:44:42.198;enp0s25;28482;1428759
2166;22:44:43.213;enp0s25;8724;390157
2167;22:44:44.224;enp0s25;2562;33922
2168;22:44:45.236;enp0s25;2924;41896
2169;22:44:46.251;enp0s25;4786;72512
2170;22:44:47.260;enp0s25;12688;285277
2171;22:44:48.268;enp0s25;54958;2547895
2172;22:44:49.279;enp0s25;11364;512629
2173;22:44:50.290;enp0s25;10112;210207
2174;22:44:51.297;enp0s25;0;64
2175;22:44:52.303;enp0s25;0;0
2176;22:44:53.310;enp0s25;0;171
2177;22:44:54.316;enp0s25;0;107
2178;22:44:55.323;enp0s25;0;64
2179;22:44:56.330;enp0s25;0;0
2180;22:44:57.336;enp0s25;64;128
2181;22:44:58.343;enp0s25;0;0
2182;22:44:59.349;enp0s25;0;64
2183;22:45:00.356;enp0s25;0;0
2184;22:45:01.362;enp0s25;0;64
2185;22:45:02.369;enp0s25;0;0
2186;22:45:03.375;enp0s25;0;64
2187;22:45:04.382;enp0s25;0;0
2188;22:45:05.388;enp0s25;0;64
2189;22:45:06.395;enp0s25;0;0
2190;22:45:07.402;enp0s25;0;64
2191;22:45:08.408;enp0s25;64;64
2192;22:45:09.415;enp0s25;0;568
2193;22:45:10.421;enp0s25;0;0
2194;22:45:11.428;enp0s25;0;64
2195;22:45:12.435;enp0s25;0;0
2196;22:45:13.441;enp0s25;0;64
2197;22:45:14.448;enp0s25;128;458
2198;22:45:15.454;enp0s25;0;1018
2199;22:45:16.461;enp0s25;0;798
2200;22:45:17.467;enp0s25;0;64
2201;22:45:18.474;enp0s25;0;798
2202;22:45:19.480;enp0s25;64;128
2203;22:45:20.487;enp0s25;0;0
2204;22:45:21.494;enp0s25;0;64
2205;22:45:22.500;enp0s25;0;798
2206;22:45:23.507;enp0s25;0;64
2207;22:45:24.513;enp0s25;0;107
2208;22:45:25.520;enp0s25;0;171
2209;22:45:26.527;enp0s25;0;0
2210;22:45:27.533;enp0s25;0;64
2211;22:45:28.540;enp0s25;0;0
2212;22:45:29.546;enp0s25;0;64
2213;22:45:30.554;enp0s25;64;64
2214;22:45:31.560;enp0s25;0;64
2215;22:45:32.567;enp0s25;0;0
2216;22:45:33.573;enp0s25;0;64
2217;22:45:34.580;enp0s25;0;0
2218;22:45:35.586;enp0s25;0;64
2219;22:45:36.593;enp0s25;0;0
2220;22:45:37.600;enp0s25;0;64
2221;22:45:38.606;enp0s25;0;0
2222;22:45:39.614;enp0s25;0;64
2223;22:45:40.620;enp0s25;0;64
2224;22:45:41.627;enp0s25;64;64
2225;22:45:42.634;enp0s25;0;64
2226;22:45:43.640;enp0s25;0;0
2227;22:45:44.647;enp0s25;0;64
2228;22:45:45.654;enp0s25;0;0
2229;22:45:46.661;enp0s25;0;64
2230;22:45:47.668;enp0s25;0;0
2231;22:45:48.674;enp0s25;0;64
2232;22:45:49.681;enp0s25;0;0
2233;22:45:50.688;enp0s25;0;64
2234;22:45:51.694;enp0s25;0;0
2235;22:45:52.703;enp0s25;64;128
2236;22:45:53.711;enp0s25;0;0
2237;22:45:54.719;enp0s25;0;64
2238;22:45:55.732;enp0s25;0;107
2239;22:45:56.739;enp0s25;0;171
2240;22:45:57.745;enp0s25;0;0
2241;22:45:58.752;enp0s25;0;64
2242;22:45:59.759;enp0s25;0;0
2243;22:46:00.766;enp0s25;0;64
2244;22:46:01.773;enp0s25;0;0
2245;22:46:02.779;enp0s25;0;64
2246;22:46:03.790;enp0s25;64;64
2247;22:46:04.796;enp0s25;0;64
2248;22:46:05.803;enp0s25;0;0
2249;22:46:06.810;enp0s25;0;64
2250;22:46:07.817;enp0s25;0;0
2251;22:46:08.823;enp0s25;0;64
2252;22:46:09.830;enp0s25;0;0
2253;22:46:10.837;enp0s25;0;64
2254;22:46:11.843;enp0s25;0;0
2255;22:46:12.850;enp0s25;0;64
2256;22:46:13.856;enp0s25;0;0
2257;22:46:14.863;enp0s25;64;128
2258;22:46:15.870;enp0s25;0;0
2259;22:46:16.876;enp0s25;0;64
2260;22:46:17.883;enp0s25;0;0
2261;22:46:18.889;enp0s25;0;64
2262;22:46:19.896;enp0s25;0;0
2263;22:46:20.903;enp0s25;0;64
2264;22:46:21.909;enp0s25;0;0
2265;22:46:22.916;enp0s25;0;64
2266;22:46:23.923;enp0s25;0;0
2267;22:46:24.929;enp0s25;0;64
2268;22:46:25.936;enp0s25;64;64
2269;22:46:26.943;enp0s25;0;171
2270;22:46:27.950;enp0s25;0;107
2271;22:46:28.957;enp0s25;0;64
2272;22:46:29.964;enp0s25;0;0
2273;22:46:30.970;enp0s25;0;64
2274;22:46:31.977;enp0s25;0;0
2275;22:46:32.984;enp0s25;0;64
2276;22:46:33.990;enp0s25;0;0
2277;22:46:34.997;enp0s25;0;64
2278;22:46:36.003;enp0s25;0;0
2279;22:46:37.010;enp0s25;64;128
2280;22:46:38.016;enp0s25;0;0
2281;22:46:39.023;enp0s25;0;64
2282;22:46:40.029;enp0s25;0;0
2283;22:46:41.036;enp0s25;0;64
2284;22:46:42.043;enp0s25;0;0
2285;22:46:43.049;enp0s25;0;64
2286;22:46:44.056;enp0s25;0;0
2287;22:46:45.062;enp0s25;0;64
2288;22:46:46.069;enp0s25;0;0
2289;22:46:47.076;enp0s25;0;64
2290;22:46:48.082;enp0s25;64;64
2291;22:46:49.089;enp0s25;0;64
2292;22:46:50.095;enp0s25;0;0
2293;22:46:51.102;enp0s25;94;158
2294;22:46:52.109;enp0s25;0;0
2295;22:46:53.115;enp0s25;0;64
2296;22:46:54.122;enp0s25;0;0
2297;22:46:55.128;enp0s25;0;64
2298;22:46:56.135;enp0s25;64;64
2299;22:46:57.141;enp0s25;0;171
2300;22:46:58.148;enp0s25;0;107
2301;22:46:59.154;enp0s25;64;128
2302;22:47:00.161;enp0s25;0;0
2303;22:47:01.168;enp0s25;0;64
2304;22:47:02.175;enp0s25;0;0
2305;22:47:03.181;enp0s25;0;64
2306;22:47:04.188;enp0s25;0;0
2307;22:47:05.195;enp0s25;0;64
2308;22:47:06.201;enp0s25;0;0
2309;22:47:07.208;enp0s25;0;64
2310;22:47:08.214;enp0s25;0;0
2311;22:47:09.221;enp0s25;0;64
2312;22:47:10.228;enp0s25;64;64
2313;22:47:11.234;enp0s25;0;64
2314;22:47:12.244;enp0s25;0;0
2315;22:47:13.252;enp0s25;0;64
2316;22:47:14.259;enp0s25;0;0
2317;22:47:15.267;enp0s25;0;64
2318;22:47:16.275;enp0s25;0;0
2319;22:47:17.283;enp0s25;0;64
2320;22:47:18.290;enp0s25;0;0
2321;22:47:19.296;enp0s25;0;64
2322;22:47:20.307;enp0s25;0;0
2323;22:47:21.314;enp0s25;64;128
2324;22:47:22.323;enp0s25;0;0
2325;22:47:23.330;enp0s25;0;64
2326;22:47:24.338;enp0s25;0;0
2327;22:47:25.345;enp0s25;0;64
2328;22:47:26.352;enp0s25;164;692
2329;22:47:27.358;enp0s25;828;403
2330;22:47:28.365;enp0s25;10412;4796
2331;22:47:29.371;enp0s25;0;171
2332;22:47:30.378;enp0s25;0;0
2333;22:47:31.385;enp0s25;0;64
2334;22:47:32.392;enp0s25;64;64
2335;22:47:33.400;enp0s25;0;64
2336;22:47:34.407;enp0s25;0;0
2337;22:47:35.414;enp0s25;0;64
2338;22:47:36.421;enp0s25;0;0
2339;22:47:37.428;enp0s25;0;64
2340;22:47:38.434;enp0s25;809;5130
2341;22:47:39.441;enp0s25;0;64
2342;22:47:40.449;enp0s25;0;0
2343;22:47:41.456;enp0s25;0;64
2344;22:47:42.463;enp0s25;64;64
2345;22:47:43.470;enp0s25;0;64
2346;22:47:44.477;enp0s25;0;0
2347;22:47:45.483;enp0s25;3404;21990
2348;22:47:46.492;enp0s25;5598;0
2349;22:47:47.501;enp0s25;39073;311610
2350;22:47:48.508;enp0s25;147967;3716324
2351;22:47:49.517;enp0s25;137950;5414752
2352;22:47:50.524;enp0s25;108921;3868800
2353;22:47:51.532;enp0s25;142248;2821632
2354;22:47:52.539;enp0s25;39215;407867
2355;22:47:53.546;enp0s25;92952;1485293
2356;22:47:54.552;enp0s25;38280;478830
2357;22:47:55.559;enp0s25;45110;511508
2358;22:47:56.565;enp0s25;44757;416434
2359;22:47:57.572;enp0s25;37608;561275
2360;22:47:58.579;enp0s25;69431;1028086
2361;22:47:59.586;enp0s25;51955;926087
2362;22:48:00.593;enp0s25;59305;1004215
2363;22:48:01.599;enp0s25;42419;514200
2364;22:48:02.607;enp0s25;45551;771010
2365;22:48:03.614;enp0s25;27494;279249
2366;22:48:04.620;enp0s25;27688;315737
2367;22:48:05.627;enp0s25;18414;116098
2368;22:48:06.634;enp0s25;23489;108434
2369;22:48:07.640;enp0s25;18160;60093
2370;22:48:08.648;enp0s25;18656;510699
2371;22:48:09.655;enp0s25;122478;2696967
2372;22:48:10.661;enp0s25;42149;557645
2373;22:48:11.668;enp0s25;56406;807269
2374;22:48:12.675;enp0s25;36392;295220
2375;22:48:13.682;enp0s25;31092;266989
2376;22:48:14.690;enp0s25;62391;542411
2377;22:48:15.697;enp0s25;35643;288507
2378;22:48:16.705;enp0s25;30232;279968
2379;22:48:17.711;enp0s25;55058;717527
2380;22:48:18.718;enp0s25;48769;1588935
2381;22:48:19.725;enp0s25;34417;313281
2382;22:48:20.733;enp0s25;48549;1118254
2383;22:48:21.741;enp0s25;46880;537830
2384;22:48:22.748;enp0s25;41043;1411828
2385;22:48:23.755;enp0s25;79061;3088924
2386;22:48:24.763;enp0s25;56807;2237410
2387;22:48:25.770;enp0s25;36978;463847
2388;22:48:26.777;enp0s25;34795;858771
2389;22:48:27.784;enp0s25;12032;1837570
2390;22:48:28.791;enp0s25;0;64
2391;22:48:29.798;enp0s25;0;0
2392;22:48:30.808;enp0s25;0;171
2393;22:48:31.819;enp0s25;0;107
2394;22:48:32.826;enp0s25;0;64
2395;22:48:33.833;enp0s25;0;0
2396;22:48:34.840;enp0s25;0;64
2397;22:48:35.847;enp0s25;0;0
2398;22:48:36.854;enp0s25;1886;7024
2399;22:48:37.869;enp0s25;38214;925345
2400;22:48:38.878;enp0s25;112320;2773728
2401;22:48:39.885;enp0s25;0;0
2402;22:48:40.892;enp0s25;1920;1024
2403;22:48:41.899;enp0s25;787;2779
2404;22:48:42.913;enp0s25;6906;190209
2405;22:48:43.921;enp0s25;81052;1539865
2406;22:48:44.928;enp0s25;10400;202884
2407;22:48:45.935;enp0s25;31414;519968
2408;22:48:46.945;enp0s25;36918;253221
2409;22:48:47.958;enp0s25;49289;1020886
2410;22:48:48.965;enp0s25;2062;1088
2411;22:48:49.972;enp0s25;1803;5526
2412;22:48:50.979;enp0s25;73050;2571184
2413;22:48:51.994;enp0s25;91024;2138682
2414;22:48:53.009;enp0s25;43414;765716
2415;22:48:54.019;enp0s25;145956;4422901
2416;22:48:55.026;enp0s25;21562;367290
2417;22:48:56.037;enp0s25;59426;1861778
2418;22:48:57.045;enp0s25;48808;1066504
2419;22:48:58.052;enp0s25;70970;2114992
2420;22:48:59.059;enp0s25;256;8994
2421;22:49:00.066;enp0s25;1984;1024
2422;22:49:01.073;enp0s25;90193;1954884
2423;22:49:02.086;enp0s25;62790;1347143
2424;22:49:03.096;enp0s25;36634;1383371
2425;22:49:04.108;enp0s25;12118;286723
2426;22:49:05.120;enp0s25;38886;795586
2427;22:49:06.133;enp0s25;19022;373282
2428;22:49:07.157;enp0s25;11738;181130
2429;22:49:08.172;enp0s25;45403;786714
2430;22:49:09.181;enp0s25;8448;232095
2431;22:49:10.189;enp0s25;71004;907976
2432;22:49:11.196;enp0s25;109218;2325069
2433;22:49:12.204;enp0s25;0;0
2434;22:49:13.211;enp0s25;0;64
2435;22:49:14.218;enp0s25;1920;960
2436;22:49:15.225;enp0s25;0;64
2437;22:49:16.232;enp0s25;0;0
2438;22:49:17.239;enp0s25;0;64
2439;22:49:18.246;enp0s25;0;0
2440;22:49:19.253;enp0s25;0;64
2441;22:49:20.260;enp0s25;0;0
2442;22:49:21.267;enp0s25;0;64
2443;22:49:22.274;enp0s25;64;64
2444;22:49:23.280;enp0s25;0;64
2445;22:49:24.287;enp0s25;0;0
2446;22:49:25.294;enp0s25;0;64
2447;22:49:26.301;enp0s25;0;0
2448;22:49:27.308;enp0s25;0;64
2449;22:49:28.315;enp0s25;0;0
2450;22:49:29.322;enp0s25;0;64
2451;22:49:30.329;enp0s25;0;0
2452;22:49:31.335;enp0s25;0;64
2453;22:49:32.342;enp0s25;0;107
2454;22:49:33.349;enp0s25;64;235
2455;22:49:34.356;enp0s25;0;0
2456;22:49:35.363;enp0s25;0;64
2457;22:49:36.370;enp0s25;0;0
2458;22:49:37.377;enp0s25;0;64
2459;22:49:38.384;enp0s25;0;0
2460;22:49:39.390;enp0s25;0;64
2461;22:49:40.397;enp0s25;1281;2735
2462;22:49:41.404;enp0s25;381;711
2463;22:49:42.411;enp0s25;0;0
2464;22:49:43.419;enp0s25;0;64
2465;22:49:44.426;enp0s25;9935;221377
2466;22:49:45.433;enp0s25;2008;3756
2467;22:49:46.440;enp0s25;16484;259624
2468;22:49:47.447;enp0s25;19814;477345
2469;22:49:48.455;enp0s25;2458;8814
2470;22:49:49.462;enp0s25;0;1368
2471;22:49:50.469;enp0s25;0;2956
2472;22:49:51.476;enp0s25;0;1688
2473;22:49:52.483;enp0s25;0;1150
2474;22:49:53.490;enp0s25;0;64
2475;22:49:54.497;enp0s25;0;898
2476;22:49:55.504;enp0s25;64;128
2477;22:49:56.511;enp0s25;70;0
2478;22:49:57.517;enp0s25;70;235
2479;22:49:58.524;enp0s25;35776;866668
2480;22:49:59.531;enp0s25;63305;2182674
2481;22:50:00.538;enp0s25;69664;2317973
2482;22:50:01.544;enp0s25;70;204
2483;22:50:02.552;enp0s25;0;0
2484;22:50:03.563;enp0s25;0;171
2485;22:50:04.570;enp0s25;0;107
2486;22:50:05.580;enp0s25;64;128
2487;22:50:06.588;enp0s25;0;0
2488;22:50:07.597;enp0s25;0;64
2489;22:50:08.604;enp0s25;0;0
2490;22:50:09.611;enp0s25;0;64
2491;22:50:10.618;enp0s25;0;64
2492;22:50:11.626;enp0s25;0;0
2493;22:50:12.639;enp0s25;594;432
2494;22:50:13.648;enp0s25;40256;1369647
2495;22:50:14.655;enp0s25;0;64
2496;22:50:15.661;enp0s25;0;0
2497;22:50:16.668;enp0s25;64;128
2498;22:50:17.675;enp0s25;0;0
2499;22:50:18.682;enp0s25;0;64
2500;22:50:19.689;enp0s25;8538;228132
2501;22:50:20.696;enp0s25;132672;6204095
2502;22:50:21.704;enp0s25;0;0
2503;22:50:22.710;enp0s25;0;64
2504;22:50:23.718;enp0s25;0;0
2505;22:50:24.725;enp0s25;93;64
2506;22:50:25.734;enp0s25;11590;325292
2507;22:50:26.743;enp0s25;0;64
2508;22:50:27.749;enp0s25;64;64
2509;22:50:28.756;enp0s25;0;64
2510;22:50:29.763;enp0s25;0;0
2511;22:50:30.770;enp0s25;64293;1312034
2512;22:50:31.777;enp0s25;122862;2830366
2513;22:50:32.786;enp0s25;28600;803146
2514;22:50:33.799;enp0s25;42598;864611
2515;22:50:34.809;enp0s25;34846;669980
2516;22:50:35.816;enp0s25;13356;176759
2517;22:50:37.288;enp0s25;2213;980
2518;22:50:38.300;enp0s25;0;0
2519;22:50:39.308;enp0s25;64;128
2520;22:50:40.315;enp0s25;1920;960
2521;22:50:41.323;enp0s25;0;64
2522;22:50:42.333;enp0s25;292;398
2523;22:50:43.341;enp0s25;4659;22379
2524;22:50:44.350;enp0s25;3572;27865
2525;22:50:45.357;enp0s25;1756;4109
2526;22:50:46.366;enp0s25;19453;332846
2527;22:50:47.375;enp0s25;735;142
2528;22:50:48.383;enp0s25;7231;128736
2529;22:50:49.390;enp0s25;55729;1347625
2530;22:50:50.398;enp0s25;52850;960103
2531;22:50:51.413;enp0s25;120011;2376172
2532;22:50:52.424;enp0s25;12969;365021
2533;22:50:53.431;enp0s25;0;64
2534;22:50:54.438;enp0s25;420;475
2535;22:50:55.444;enp0s25;10194;157910
2536;22:50:56.451;enp0s25;54111;1320204
2537;22:50:57.458;enp0s25;1155;617
2538;22:50:58.465;enp0s25;4120;21651
2539;22:50:59.472;enp0s25;2182;10532
2540;22:51:00.478;enp0s25;4340;58039
2541;22:51:01.485;enp0s25;3884;37653
2542;22:51:02.496;enp0s25;4114;66568
2543;22:51:03.507;enp0s25;7291;140602
2544;22:51:04.514;enp0s25;23645;506241
2545;22:51:05.524;enp0s25;0;171
2546;22:51:06.531;enp0s25;420;582
2547;22:51:07.538;enp0s25;8901;99101
2548;22:51:08.549;enp0s25;420;475
2549;22:51:09.560;enp0s25;5687;36986
2550;22:51:10.567;enp0s25;78;0
2551;22:51:11.577;enp0s25;9488;175627
2552;22:51:12.589;enp0s25;99085;2874094
2553;22:51:13.597;enp0s25;2456;9002
2554;22:51:14.604;enp0s25;33366;617644
2555;22:51:15.611;enp0s25;490;673
2556;22:51:16.617;enp0s25;4634;24632
2557;22:51:17.624;enp0s25;2812;13486
2558;22:51:18.633;enp0s25;23309;394816
2559;22:51:19.641;enp0s25;568;553
2560;22:51:20.648;enp0s25;5403;34428
2561;22:51:21.655;enp0s25;9307;100474
2562;22:51:22.663;enp0s25;2993;17136
2563;22:51:23.671;enp0s25;5457;33091
2564;22:51:24.684;enp0s25;20332;451731
2565;22:51:25.699;enp0s25;32550;909024
2566;22:51:26.713;enp0s25;24802;726254
2567;22:51:27.720;enp0s25;420;475
2568;22:51:28.727;enp0s25;29210;569858
2569;22:51:29.734;enp0s25;0;0
2570;22:51:30.741;enp0s25;3496;10399
2571;22:51:31.753;enp0s25;1707;6504
2572;22:51:32.765;enp0s25;7424;82490
2573;22:51:33.773;enp0s25;3044;8578
2574;22:51:34.784;enp0s25;2196;20051
2575;22:51:35.794;enp0s25;11564;154761
2576;22:51:36.803;enp0s25;420;646
2577;22:51:37.810;enp0s25;2014;4876
2578;22:51:38.816;enp0s25;3486;46339
2579;22:51:39.823;enp0s25;568;553
2580;22:51:40.832;enp0s25;6229;67982
2581;22:51:41.839;enp0s25;420;475
2582;22:51:42.846;enp0s25;4493;22037
2583;22:51:43.853;enp0s25;2253;4520
2584;22:51:44.862;enp0s25;4540;63796
2585;22:51:45.871;enp0s25;2507;5322
2586;22:51:46.877;enp0s25;3992;46468
2587;22:51:47.884;enp0s25;5054;33664
2588;22:51:48.891;enp0s25;4985;56224
2589;22:51:49.898;enp0s25;21898;413232
2590;22:51:50.905;enp0s25;0;64
2591;22:51:51.912;enp0s25;3909;18003
2592;22:51:52.924;enp0s25;7016;108668
2593;22:51:53.934;enp0s25;9538;133455
2594;22:51:54.940;enp0s25;1155;617
2595;22:51:55.950;enp0s25;5010;42864
2596;22:51:56.959;enp0s25;13659;189463
2597;22:51:57.967;enp0s25;11877;199710
2598;22:51:58.975;enp0s25;7760;83353
2599;22:51:59.982;enp0s25;2245;4520
2600;22:52:00.989;enp0s25;19534;324263
2601;22:52:01.996;enp0s25;3477;13803
2602;22:52:03.005;enp0s25;2571;25062
2603;22:52:04.014;enp0s25;14759;278525
2604;22:52:05.027;enp0s25;1750;49411
2605;22:52:06.037;enp0s25;568;553
2606;22:52:07.043;enp0s25;5034;27475
2607;22:52:08.051;enp0s25;3829;8919
2608;22:52:09.067;enp0s25;165502;6388899
2609;22:52:10.079;enp0s25;3928;171867
2610;22:52:11.087;enp0s25;0;64
2611;22:52:12.094;enp0s25;420;475
2612;22:52:13.101;enp0s25;5091;38122
2613;22:52:14.108;enp0s25;568;553
2614;22:52:15.114;enp0s25;12102;159277
2615;22:52:16.121;enp0s25;2179;4520
2616;22:52:17.134;enp0s25;70002;1963808
2617;22:52:18.146;enp0s25;88590;3007036
2618;22:52:19.155;enp0s25;4748;33347
2619;22:52:20.163;enp0s25;14980;292761
2620;22:52:21.171;enp0s25;5149;39768
2621;22:52:22.179;enp0s25;420;475
2622;22:52:23.186;enp0s25;8799;97973
2623;22:52:24.194;enp0s25;17986;265467
2624;22:52:25.203;enp0s25;0;64
2625;22:52:26.209;enp0s25;0;0
