ID; Time; Network interface; TBPS; RBPS
1;10:22:10.880;enp0s25;0;64
2;10:22:11.894;enp0s25;0;0
3;10:22:12.906;enp0s25;0;64
4;10:22:13.920;enp0s25;0;0
5;10:22:14.929;enp0s25;64;128
6;10:22:15.943;enp0s25;0;0
7;10:22:16.957;enp0s25;0;64
8;10:22:17.968;enp0s25;0;0
9;10:22:18.977;enp0s25;0;64
10;10:22:19.985;enp0s25;0;0
11;10:22:20.993;enp0s25;0;64
12;10:22:22.006;enp0s25;0;0
13;10:22:23.019;enp0s25;3722;6080
14;10:22:24.037;enp0s25;93396;2289582
15;10:22:25.045;enp0s25;23754;588001
16;10:22:26.053;enp0s25;35425;631850
17;10:22:27.061;enp0s25;19046;397692
18;10:22:28.069;enp0s25;0;0
19;10:22:29.079;enp0s25;0;64
20;10:22:30.108;enp0s25;0;0
21;10:22:31.116;enp0s25;10465;218443
22;10:22:32.131;enp0s25;116706;3878341
23;10:22:33.141;enp0s25;150666;6493391
24;10:22:34.157;enp0s25;197737;7107490
25;10:22:35.164;enp0s25;184594;6879986
26;10:22:36.176;enp0s25;208446;7019232
27;10:22:37.185;enp0s25;168476;6618064
28;10:22:38.195;enp0s25;211244;7043520
29;10:22:39.206;enp0s25;208130;7166542
30;10:22:40.219;enp0s25;205550;7067808
31;10:22:41.226;enp0s25;219168;7195384
32;10:22:42.244;enp0s25;208248;7171032
33;10:22:43.255;enp0s25;173920;6193504
34;10:22:44.265;enp0s25;175972;6812848
35;10:22:45.277;enp0s25;194258;7154404
36;10:22:46.287;enp0s25;153743;6789598
37;10:22:47.296;enp0s25;194574;7116384
38;10:22:48.309;enp0s25;182901;6988520
39;10:22:49.319;enp0s25;185073;7171253
40;10:22:50.345;enp0s25;206584;7171096
41;10:22:51.427;enp0s25;206554;7175586
42;10:22:52.441;enp0s25;205322;7168060
43;10:22:53.453;enp0s25;216872;7172550
44;10:22:54.467;enp0s25;159644;6826510
45;10:22:55.475;enp0s25;178878;7166478
46;10:22:56.484;enp0s25;151778;6755164
47;10:22:57.494;enp0s25;213193;7068986
48;10:22:58.502;enp0s25;194240;6835058
49;10:22:59.510;enp0s25;188298;7031865
50;10:23:00.520;enp0s25;204073;7158836
51;10:23:01.533;enp0s25;199456;7154404
52;10:23:02.544;enp0s25;206486;7140736
53;10:23:03.556;enp0s25;186959;7136462
54;10:23:04.566;enp0s25;182535;7163850
55;10:23:05.582;enp0s25;185500;6543396
56;10:23:06.593;enp0s25;119051;4467659
57;10:23:07.602;enp0s25;144705;5030295
58;10:23:08.616;enp0s25;80959;2217599
59;10:23:09.626;enp0s25;137041;5013136
60;10:23:10.641;enp0s25;176261;5871894
61;10:23:11.651;enp0s25;73021;3088900
62;10:23:12.660;enp0s25;66409;2463964
63;10:23:13.671;enp0s25;92882;3453799
64;10:23:14.680;enp0s25;0;64
65;10:23:15.699;enp0s25;0;0
66;10:23:16.737;enp0s25;0;64
67;10:23:17.745;enp0s25;0;0
68;10:23:18.761;enp0s25;0;64
69;10:23:19.780;enp0s25;0;0
70;10:23:20.803;enp0s25;0;64
71;10:23:21.824;enp0s25;64;64
72;10:23:22.848;enp0s25;0;64
73;10:23:23.858;enp0s25;0;0
74;10:23:24.874;enp0s25;0;64
75;10:23:25.898;enp0s25;0;0
76;10:23:26.906;enp0s25;0;64
77;10:23:27.918;enp0s25;0;336
78;10:23:28.925;enp0s25;0;64
79;10:23:29.932;enp0s25;0;0
80;10:23:30.939;enp0s25;0;64
81;10:23:31.949;enp0s25;0;0
82;10:23:32.959;enp0s25;64;128
83;10:23:33.969;enp0s25;0;0
84;10:23:34.981;enp0s25;0;64
85;10:23:35.990;enp0s25;0;0
86;10:23:36.997;enp0s25;0;64
87;10:23:38.006;enp0s25;0;0
88;10:23:39.014;enp0s25;0;64
89;10:23:40.021;enp0s25;0;0
90;10:23:41.036;enp0s25;0;64
91;10:23:42.050;enp0s25;0;0
92;10:23:43.060;enp0s25;64;128
93;10:23:44.071;enp0s25;0;0
94;10:23:45.086;enp0s25;0;64
95;10:23:46.101;enp0s25;0;0
96;10:23:47.116;enp0s25;0;64
97;10:23:48.129;enp0s25;0;0
98;10:23:49.145;enp0s25;0;64
99;10:23:50.157;enp0s25;0;0
100;10:23:51.171;enp0s25;0;64
101;10:23:52.182;enp0s25;0;0
102;10:23:53.191;enp0s25;0;64
103;10:23:54.197;enp0s25;64;64
104;10:23:55.212;enp0s25;0;64
105;10:23:56.220;enp0s25;0;0
106;10:23:57.229;enp0s25;0;64
107;10:23:58.240;enp0s25;0;934
108;10:23:59.250;enp0s25;0;384
109;10:24:00.261;enp0s25;0;0
110;10:24:01.268;enp0s25;0;0
111;10:24:02.275;enp0s25;0;384
112;10:24:03.287;enp0s25;0;0
113;10:24:04.301;enp0s25;0;64
114;10:24:05.317;enp0s25;64;64
115;10:24:06.326;enp0s25;0;64
116;10:24:07.336;enp0s25;0;0
117;10:24:08.348;enp0s25;0;64
118;10:24:09.355;enp0s25;0;0
119;10:24:10.370;enp0s25;0;64
120;10:24:11.379;enp0s25;0;320
121;10:24:12.387;enp0s25;0;64
122;10:24:13.398;enp0s25;0;0
123;10:24:14.406;enp0s25;0;64
124;10:24:15.415;enp0s25;0;0
125;10:24:16.423;enp0s25;64;128
126;10:24:17.431;enp0s25;0;0
127;10:24:18.439;enp0s25;0;2674
128;10:24:19.449;enp0s25;0;2358
129;10:24:20.463;enp0s25;0;1218
130;10:24:21.472;enp0s25;0;0
131;10:24:22.484;enp0s25;0;64
132;10:24:23.495;enp0s25;0;0
133;10:24:24.504;enp0s25;0;64
134;10:24:25.513;enp0s25;0;0
135;10:24:26.520;enp0s25;0;2342
136;10:24:27.527;enp0s25;64;2754
137;10:24:28.534;enp0s25;0;824
138;10:24:29.543;enp0s25;0;1150
139;10:24:30.551;enp0s25;222985;3991454
140;10:24:31.570;enp0s25;121294;2483275
141;10:24:32.580;enp0s25;78212;1049217
142;10:24:33.611;enp0s25;162182;1826599
143;10:24:34.657;enp0s25;101372;1887173
144;10:24:35.680;enp0s25;4160;9277
145;10:24:36.687;enp0s25;1920;1024
146;10:24:37.817;enp0s25;3867;9669
147;10:24:38.843;enp0s25;106348;1714801
148;10:24:39.861;enp0s25;221663;4934662
149;10:24:40.878;enp0s25;143910;3325154
150;10:24:41.886;enp0s25;140644;3984032
151;10:24:42.894;enp0s25;31496;798110
152;10:24:43.903;enp0s25;71442;1374061
153;10:24:44.912;enp0s25;112514;2374901
154;10:24:45.920;enp0s25;73086;1155471
155;10:24:46.932;enp0s25;45607;644239
156;10:24:47.957;enp0s25;98534;2558383
157;10:24:48.977;enp0s25;42009;433091
158;10:24:49.992;enp0s25;342187;4996953
159;10:24:51.030;enp0s25;251239;5435007
160;10:24:52.063;enp0s25;32927;1019894
161;10:24:53.071;enp0s25;0;64
162;10:24:54.081;enp0s25;0;0
163;10:24:55.090;enp0s25;3840;1984
164;10:24:56.104;enp0s25;1920;960
165;10:24:57.116;enp0s25;0;64
166;10:24:58.124;enp0s25;0;0
167;10:24:59.132;enp0s25;711;976
168;10:25:00.139;enp0s25;164696;5240841
169;10:25:01.152;enp0s25;189227;7165426
170;10:25:02.162;enp0s25;236571;6898002
171;10:25:03.176;enp0s25;183198;6753786
172;10:25:04.192;enp0s25;194507;6664230
173;10:25:05.202;enp0s25;188800;6790218
174;10:25:06.211;enp0s25;189720;6946824
175;10:25:07.224;enp0s25;186823;6743020
176;10:25:08.237;enp0s25;186454;6624552
177;10:25:09.252;enp0s25;163004;6914554
178;10:25:10.262;enp0s25;141668;6153972
179;10:25:11.271;enp0s25;200990;7162082
180;10:25:12.285;enp0s25;187240;7089124
181;10:25:13.296;enp0s25;159262;7116384
182;10:25:14.306;enp0s25;160571;7165024
183;10:25:15.314;enp0s25;162485;7164960
184;10:25:16.323;enp0s25;166196;7169578
185;10:25:17.334;enp0s25;172120;7161924
186;10:25:18.344;enp0s25;181406;7140736
187;10:25:19.360;enp0s25;200584;6657948
188;10:25:20.372;enp0s25;133262;5082328
189;10:25:21.384;enp0s25;182340;7032894
190;10:25:22.394;enp0s25;200682;6665666
191;10:25:23.409;enp0s25;203848;6691344
192;10:25:24.419;enp0s25;177602;7136182
193;10:25:25.428;enp0s25;173514;7166478
194;10:25:26.438;enp0s25;186682;7178686
195;10:25:27.454;enp0s25;190778;7134600
196;10:25:28.467;enp0s25;198578;7157434
197;10:25:29.483;enp0s25;188872;7102722
198;10:25:30.496;enp0s25;193346;7128592
199;10:25:31.508;enp0s25;117760;5112624
200;10:25:32.521;enp0s25;202432;7161988
201;10:25:33.532;enp0s25;186590;7161988
202;10:25:34.541;enp0s25;188008;7163506
203;10:25:35.556;enp0s25;196140;7134600
204;10:25:36.570;enp0s25;190278;7146808
205;10:25:37.584;enp0s25;199840;7133082
206;10:25:38.594;enp0s25;193078;7025368
207;10:25:39.609;enp0s25;197620;7052628
208;10:25:40.622;enp0s25;176444;7128592
209;10:25:41.639;enp0s25;110220;4881958
210;10:25:42.651;enp0s25;176040;6911518
211;10:25:43.664;enp0s25;183410;6920632
212;10:25:44.677;enp0s25;183458;7139282
213;10:25:45.686;enp0s25;176354;7158888
214;10:25:46.694;enp0s25;186336;7177168
215;10:25:47.707;enp0s25;194408;7175586
216;10:25:48.723;enp0s25;198400;7169578
217;10:25:49.739;enp0s25;172600;7167996
218;10:25:50.749;enp0s25;173356;7161988
219;10:25:51.758;enp0s25;140440;5791170
220;10:25:52.773;enp0s25;182946;6494068
221;10:25:53.784;enp0s25;190642;7166478
222;10:25:54.792;enp0s25;177372;6987418
223;10:25:55.804;enp0s25;184542;7146872
224;10:25:56.819;enp0s25;176942;7166542
225;10:25:57.833;enp0s25;172634;7039036
226;10:25:58.841;enp0s25;182852;7145290
227;10:25:59.852;enp0s25;137980;5648548
228;10:26:00.862;enp0s25;185926;6791596
229;10:26:01.874;enp0s25;180606;7007088
230;10:26:02.883;enp0s25;117532;4799980
231;10:26:03.899;enp0s25;190142;7161924
232;10:26:04.911;enp0s25;177594;7165094
233;10:26:05.920;enp0s25;200964;7158888
234;10:26:06.929;enp0s25;193096;7049720
235;10:26:07.942;enp0s25;170136;6167634
236;10:26:08.954;enp0s25;184660;6436384
237;10:26:09.966;enp0s25;165708;6509254
238;10:26:10.981;enp0s25;176990;6627652
239;10:26:11.993;enp0s25;180220;6900828
240;10:26:13.004;enp0s25;124766;5106616
241;10:26:14.012;enp0s25;180760;7163442
242;10:26:15.024;enp0s25;178282;7146808
243;10:26:16.037;enp0s25;176316;7142190
244;10:26:17.051;enp0s25;186258;7142254
245;10:26:18.067;enp0s25;195286;7169578
246;10:26:19.079;enp0s25;174074;7154398
247;10:26:20.090;enp0s25;179820;7160406
248;10:26:21.100;enp0s25;190160;7165024
249;10:26:22.114;enp0s25;175160;7057182
250;10:26:23.121;enp0s25;137952;5181068
251;10:26:24.134;enp0s25;171784;6714114
252;10:26:25.144;enp0s25;189240;6993490
253;10:26:26.159;enp0s25;189266;7139224
254;10:26:27.168;enp0s25;182240;6857198
255;10:26:28.183;enp0s25;182334;7078498
256;10:26:29.198;enp0s25;185194;7149844
257;10:26:30.212;enp0s25;182690;7107346
258;10:26:31.228;enp0s25;181142;6970720
259;10:26:32.236;enp0s25;164694;6626140
260;10:26:33.245;enp0s25;186180;7124038
261;10:26:34.253;enp0s25;116512;4971514
262;10:26:35.267;enp0s25;190816;7184758
263;10:26:36.282;enp0s25;192718;7158952
264;10:26:37.295;enp0s25;186743;7148904
265;10:26:38.302;enp0s25;201484;7059472
266;10:26:39.317;enp0s25;183104;6909380
267;10:26:40.332;enp0s25;180688;7098800
268;10:26:41.342;enp0s25;196386;7157136
269;10:26:42.354;enp0s25;188118;7116448
270;10:26:43.364;enp0s25;186160;7174068
271;10:26:44.380;enp0s25;121058;4734402
272;10:26:45.390;enp0s25;179199;7079952
273;10:26:46.403;enp0s25;188923;7158952
274;10:26:47.421;enp0s25;175200;7092096
275;10:26:48.433;enp0s25;168391;7145290
276;10:26:49.444;enp0s25;192806;7145226
277;10:26:50.462;enp0s25;175134;6784456
278;10:26:51.475;enp0s25;185190;6790014
279;10:26:52.489;enp0s25;192318;6849280
280;10:26:53.497;enp0s25;189962;6720186
281;10:26:54.514;enp0s25;136193;5261452
282;10:26:55.529;enp0s25;157166;5407116
283;10:26:56.542;enp0s25;176746;6835618
284;10:26:57.550;enp0s25;193870;6832518
285;10:26:58.564;enp0s25;180367;6946852
286;10:26:59.580;enp0s25;188680;7161644
287;10:27:00.594;enp0s25;181290;7155916
288;10:27:01.602;enp0s25;178578;7149844
289;10:27:02.615;enp0s25;179984;7145290
290;10:27:03.629;enp0s25;182236;7172550
291;10:27:04.642;enp0s25;194158;7158952
292;10:27:05.652;enp0s25;108968;4853046
293;10:27:06.661;enp0s25;194488;7168060
294;10:27:07.671;enp0s25;182524;7172988
295;10:27:08.680;enp0s25;182196;7169578
296;10:27:09.692;enp0s25;180484;7178622
297;10:27:10.707;enp0s25;178990;7171096
298;10:27:11.720;enp0s25;178228;7171032
299;10:27:12.730;enp0s25;198588;7172678
300;10:27:13.742;enp0s25;191038;7178622
301;10:27:14.756;enp0s25;176898;7161988
302;10:27:15.763;enp0s25;119526;4865866
303;10:27:16.771;enp0s25;144358;6583630
304;10:27:17.781;enp0s25;157696;7166478
305;10:27:18.790;enp0s25;160822;7163506
306;10:27:19.799;enp0s25;158238;7167996
307;10:27:20.808;enp0s25;161916;7203044
308;10:27:21.821;enp0s25;162308;7107276
309;10:27:22.831;enp0s25;134192;6336054
310;10:27:23.841;enp0s25;152340;7155916
311;10:27:24.849;enp0s25;151346;7163506
312;10:27:25.858;enp0s25;152350;7167996
313;10:27:26.867;enp0s25;152466;7162058
314;10:27:27.876;enp0s25;151720;7154334
315;10:27:28.886;enp0s25;150056;7078498
316;10:27:29.895;enp0s25;150924;7161924
317;10:27:30.909;enp0s25;153950;7166429
318;10:27:31.918;enp0s25;155408;7117853
319;10:27:32.929;enp0s25;149982;7030651
320;10:27:33.937;enp0s25;153948;7166478
321;10:27:34.947;enp0s25;154740;7190576
322;10:27:35.961;enp0s25;154262;7215054
323;10:27:36.976;enp0s25;152036;7163506
324;10:27:37.985;enp0s25;153024;7164134
325;10:27:38.997;enp0s25;152524;7164064
326;10:27:40.006;enp0s25;143388;6737576
327;10:27:41.018;enp0s25;151480;7175650
328;10:27:42.036;enp0s25;151167;7187730
329;10:27:43.049;enp0s25;151830;7163506
330;10:27:44.064;enp0s25;150360;7087542
331;10:27:45.077;enp0s25;146133;7116448
332;10:27:46.088;enp0s25;141649;6732394
333;10:27:47.095;enp0s25;144900;6910000
334;10:27:48.102;enp0s25;143010;6735366
335;10:27:49.122;enp0s25;113586;5997682
336;10:27:50.128;enp0s25;78004;3846612
337;10:27:51.138;enp0s25;100606;5387446
338;10:27:52.146;enp0s25;145110;6838590
339;10:27:53.165;enp0s25;150290;7134664
340;10:27:54.173;enp0s25;150500;7166478
341;10:27:55.185;enp0s25;148960;7160470
342;10:27:56.222;enp0s25;138244;7213600
343;10:27:57.241;enp0s25;139296;7011706
344;10:27:58.248;enp0s25;131638;7157370
345;10:27:59.277;enp0s25;15878;740076
346;10:28:00.284;enp0s25;0;64
347;10:28:01.297;enp0s25;0;0
348;10:28:02.321;enp0s25;0;64
349;10:28:03.334;enp0s25;0;0
350;10:28:04.385;enp0s25;0;64
351;10:28:05.437;enp0s25;0;0
352;10:28:06.454;enp0s25;0;64
353;10:28:07.461;enp0s25;64;64
354;10:28:08.467;enp0s25;0;64
355;10:28:09.474;enp0s25;0;0
356;10:28:10.490;enp0s25;0;64
357;10:28:11.505;enp0s25;0;0
358;10:28:12.515;enp0s25;0;64
359;10:28:13.525;enp0s25;0;0
360;10:28:14.540;enp0s25;0;64
361;10:28:15.556;enp0s25;0;0
362;10:28:16.571;enp0s25;0;64
363;10:28:17.580;enp0s25;0;0
364;10:28:18.591;enp0s25;64;128
365;10:28:19.601;enp0s25;0;0
366;10:28:20.608;enp0s25;0;64
367;10:28:21.616;enp0s25;0;0
368;10:28:22.628;enp0s25;0;64
369;10:28:23.635;enp0s25;0;0
370;10:28:24.647;enp0s25;0;64
371;10:28:25.654;enp0s25;0;0
372;10:28:26.662;enp0s25;0;64
373;10:28:27.669;enp0s25;0;0
374;10:28:28.683;enp0s25;0;64
375;10:28:29.691;enp0s25;64;64
376;10:28:30.699;enp0s25;0;64
377;10:28:31.706;enp0s25;0;0
378;10:28:32.720;enp0s25;0;64
379;10:28:33.728;enp0s25;0;0
380;10:28:34.736;enp0s25;0;64
381;10:28:35.745;enp0s25;0;0
382;10:28:36.890;enp0s25;0;64
383;10:28:37.901;enp0s25;0;0
384;10:28:38.909;enp0s25;0;64
385;10:28:39.922;enp0s25;0;0
386;10:28:40.934;enp0s25;64;128
387;10:28:41.945;enp0s25;0;0
388;10:28:42.953;enp0s25;0;64
389;10:28:43.964;enp0s25;0;0
390;10:28:44.979;enp0s25;0;64
391;10:28:45.993;enp0s25;0;0
392;10:28:47.001;enp0s25;0;64
393;10:28:48.018;enp0s25;0;0
394;10:28:49.030;enp0s25;0;64
395;10:28:50.039;enp0s25;0;0
396;10:28:51.056;enp0s25;0;64
397;10:28:52.067;enp0s25;64;64
398;10:28:53.076;enp0s25;0;64
399;10:28:54.086;enp0s25;0;0
400;10:28:55.097;enp0s25;0;64
401;10:28:56.107;enp0s25;0;0
402;10:28:57.122;enp0s25;0;64
403;10:28:58.139;enp0s25;0;0
404;10:28:59.147;enp0s25;0;64
405;10:29:00.156;enp0s25;0;0
406;10:29:01.165;enp0s25;0;64
407;10:29:02.181;enp0s25;0;0
408;10:29:03.192;enp0s25;64;128
409;10:29:04.202;enp0s25;0;0
410;10:29:05.211;enp0s25;0;64
411;10:29:06.226;enp0s25;0;0
412;10:29:07.240;enp0s25;0;64
413;10:29:08.249;enp0s25;0;0
414;10:29:09.265;enp0s25;0;1982
415;10:29:10.281;enp0s25;0;2462
416;10:29:11.291;enp0s25;0;898
417;10:29:12.302;enp0s25;0;632
418;10:29:13.316;enp0s25;64;1348
419;10:29:14.331;enp0s25;0;64
420;10:29:15.339;enp0s25;0;0
421;10:29:16.350;enp0s25;0;1278
422;10:29:17.359;enp0s25;0;0
423;10:29:18.373;enp0s25;0;64
424;10:29:19.390;enp0s25;0;438
425;10:29:20.397;enp0s25;0;64
426;10:29:21.408;enp0s25;0;0
427;10:29:22.421;enp0s25;0;64
428;10:29:23.428;enp0s25;0;0
429;10:29:24.446;enp0s25;64;128
430;10:29:25.458;enp0s25;0;0
431;10:29:26.471;enp0s25;0;64
432;10:29:27.479;enp0s25;0;0
433;10:29:28.486;enp0s25;0;64
434;10:29:29.494;enp0s25;0;0
435;10:29:30.510;enp0s25;0;64
436;10:29:31.524;enp0s25;0;0
437;10:29:32.538;enp0s25;0;64
438;10:29:33.549;enp0s25;0;0
439;10:29:34.558;enp0s25;0;64
440;10:29:35.565;enp0s25;64;64
441;10:29:36.574;enp0s25;0;64
442;10:29:37.587;enp0s25;0;0
443;10:29:38.601;enp0s25;0;64
444;10:29:39.617;enp0s25;0;0
445;10:29:40.631;enp0s25;0;64
446;10:29:41.658;enp0s25;0;0
447;10:29:42.676;enp0s25;0;64
448;10:29:43.713;enp0s25;0;0
449;10:29:44.731;enp0s25;0;64
450;10:29:45.738;enp0s25;0;0
451;10:29:46.745;enp0s25;64;128
452;10:29:47.753;enp0s25;0;0
453;10:29:48.768;enp0s25;0;64
454;10:29:49.783;enp0s25;0;0
455;10:29:50.791;enp0s25;0;64
456;10:29:51.798;enp0s25;0;0
457;10:29:52.809;enp0s25;0;64
458;10:29:53.827;enp0s25;0;0
459;10:29:54.834;enp0s25;0;64
460;10:29:55.841;enp0s25;0;0
461;10:29:56.849;enp0s25;0;64
462;10:29:57.866;enp0s25;64;64
463;10:29:58.884;enp0s25;0;64
464;10:29:59.898;enp0s25;0;0
465;10:30:00.911;enp0s25;0;64
466;10:30:01.925;enp0s25;0;0
467;10:30:02.933;enp0s25;0;64
468;10:30:03.947;enp0s25;0;0
469;10:30:04.956;enp0s25;0;64
470;10:30:05.971;enp0s25;0;0
471;10:30:06.979;enp0s25;0;64
472;10:30:07.990;enp0s25;0;0
473;10:30:08.999;enp0s25;64;128
474;10:30:10.008;enp0s25;0;0
475;10:30:11.014;enp0s25;0;64
476;10:30:12.024;enp0s25;0;0
477;10:30:13.038;enp0s25;0;64
478;10:30:14.051;enp0s25;0;0
479;10:30:15.067;enp0s25;0;64
480;10:30:16.080;enp0s25;0;0
481;10:30:17.170;enp0s25;0;64
482;10:30:18.184;enp0s25;0;0
483;10:30:19.201;enp0s25;0;64
484;10:30:20.218;enp0s25;64;64
485;10:30:21.231;enp0s25;0;64
486;10:30:22.243;enp0s25;0;0
487;10:30:23.260;enp0s25;0;64
488;10:30:24.277;enp0s25;0;64
489;10:30:25.292;enp0s25;0;0
490;10:30:26.303;enp0s25;0;64
491;10:30:27.317;enp0s25;0;0
492;10:30:28.330;enp0s25;0;64
493;10:30:29.344;enp0s25;0;0
494;10:30:30.355;enp0s25;0;64
495;10:30:31.365;enp0s25;64;64
496;10:30:32.433;enp0s25;0;64
497;10:30:33.444;enp0s25;0;0
498;10:30:34.452;enp0s25;0;64
499;10:30:35.463;enp0s25;0;0
500;10:30:36.476;enp0s25;0;64
501;10:30:37.594;enp0s25;0;0
502;10:30:38.614;enp0s25;0;64
503;10:30:39.631;enp0s25;0;0
504;10:30:40.644;enp0s25;0;64
505;10:30:41.653;enp0s25;64;64
506;10:30:42.660;enp0s25;0;64
507;10:30:43.670;enp0s25;0;0
508;10:30:44.679;enp0s25;0;64
509;10:30:45.686;enp0s25;0;0
510;10:30:46.694;enp0s25;0;64
511;10:30:47.711;enp0s25;0;0
512;10:30:48.732;enp0s25;0;64
513;10:30:49.743;enp0s25;0;0
514;10:30:50.753;enp0s25;0;64
515;10:30:51.767;enp0s25;0;0
516;10:30:52.775;enp0s25;64;128
517;10:30:53.783;enp0s25;0;0
518;10:30:54.790;enp0s25;0;64
519;10:30:55.803;enp0s25;0;0
520;10:30:56.810;enp0s25;0;64
521;10:30:57.817;enp0s25;0;0
522;10:30:58.833;enp0s25;0;64
523;10:30:59.846;enp0s25;0;0
524;10:31:00.855;enp0s25;0;64
525;10:31:01.864;enp0s25;0;0
526;10:31:02.873;enp0s25;0;64
527;10:31:03.882;enp0s25;64;64
528;10:31:04.891;enp0s25;0;64
529;10:31:05.904;enp0s25;0;0
530;10:31:06.912;enp0s25;0;64
531;10:31:07.919;enp0s25;0;0
532;10:31:08.928;enp0s25;0;64
533;10:31:09.938;enp0s25;0;0
534;10:31:10.949;enp0s25;0;64
535;10:31:11.960;enp0s25;0;0
536;10:31:12.976;enp0s25;0;64
537;10:31:13.982;enp0s25;0;0
538;10:31:14.989;enp0s25;64;128
539;10:31:16.005;enp0s25;0;0
540;10:31:17.021;enp0s25;0;64
541;10:31:18.144;enp0s25;0;0
542;10:31:19.157;enp0s25;0;64
543;10:31:20.171;enp0s25;0;0
544;10:31:21.186;enp0s25;0;64
545;10:31:22.194;enp0s25;0;0
546;10:31:23.205;enp0s25;0;64
547;10:31:24.221;enp0s25;0;0
548;10:31:25.235;enp0s25;0;64
549;10:31:26.245;enp0s25;64;64
550;10:31:27.260;enp0s25;0;64
551;10:31:28.388;enp0s25;0;64
552;10:31:29.403;enp0s25;0;0
553;10:31:30.412;enp0s25;0;64
554;10:31:31.418;enp0s25;0;0
555;10:31:32.431;enp0s25;0;64
556;10:31:33.449;enp0s25;0;0
557;10:31:34.462;enp0s25;0;64
558;10:31:35.471;enp0s25;0;0
559;10:31:36.485;enp0s25;64;128
560;10:31:37.495;enp0s25;0;0
561;10:31:38.511;enp0s25;0;64
562;10:31:39.519;enp0s25;0;0
563;10:31:40.530;enp0s25;0;64
564;10:31:41.540;enp0s25;0;0
565;10:31:42.553;enp0s25;0;64
566;10:31:43.562;enp0s25;0;0
567;10:31:44.582;enp0s25;0;64
568;10:31:45.590;enp0s25;0;0
569;10:31:46.603;enp0s25;0;64
570;10:31:47.616;enp0s25;64;64
571;10:31:48.628;enp0s25;0;64
572;10:31:49.636;enp0s25;0;0
573;10:31:50.646;enp0s25;0;64
574;10:31:51.655;enp0s25;0;0
575;10:31:52.665;enp0s25;0;64
576;10:31:53.680;enp0s25;0;0
577;10:31:54.690;enp0s25;0;64
578;10:31:55.698;enp0s25;0;0
579;10:31:56.706;enp0s25;0;64
580;10:31:57.716;enp0s25;0;0
581;10:31:58.725;enp0s25;64;128
582;10:31:59.735;enp0s25;0;0
583;10:32:00.750;enp0s25;0;64
584;10:32:01.764;enp0s25;0;0
585;10:32:02.772;enp0s25;0;64
586;10:32:03.779;enp0s25;0;0
587;10:32:04.786;enp0s25;0;64
588;10:32:05.795;enp0s25;0;0
589;10:32:06.807;enp0s25;0;64
590;10:32:07.821;enp0s25;0;0
591;10:32:08.829;enp0s25;0;64
592;10:32:09.835;enp0s25;64;64
593;10:32:10.842;enp0s25;0;64
594;10:32:11.849;enp0s25;0;0
595;10:32:12.857;enp0s25;0;64
596;10:32:13.869;enp0s25;0;0
597;10:32:14.879;enp0s25;0;64
598;10:32:15.888;enp0s25;0;0
599;10:32:16.895;enp0s25;0;64
600;10:32:17.903;enp0s25;0;0
601;10:32:18.911;enp0s25;0;64
602;10:32:19.921;enp0s25;0;0
603;10:32:20.928;enp0s25;64;128
604;10:32:21.940;enp0s25;0;0
605;10:32:22.954;enp0s25;0;288
606;10:32:23.962;enp0s25;0;224
607;10:32:24.969;enp0s25;0;436
608;10:32:25.979;enp0s25;0;372
609;10:32:26.993;enp0s25;0;288
610;10:32:28.000;enp0s25;0;372
611;10:32:29.008;enp0s25;0;64
612;10:32:30.016;enp0s25;0;0
613;10:32:31.028;enp0s25;0;64
614;10:32:32.035;enp0s25;64;436
615;10:32:33.042;enp0s25;0;64
616;10:32:34.049;enp0s25;0;0
617;10:32:35.056;enp0s25;0;64
618;10:32:36.064;enp0s25;0;224
619;10:32:37.071;enp0s25;0;64
620;10:32:38.080;enp0s25;0;0
621;10:32:39.089;enp0s25;0;64
622;10:32:40.099;enp0s25;0;0
623;10:32:41.129;enp0s25;0;64
624;10:32:42.148;enp0s25;0;0
625;10:32:43.156;enp0s25;64;128
626;10:32:44.163;enp0s25;0;0
627;10:32:45.176;enp0s25;0;64
628;10:32:46.184;enp0s25;0;0
629;10:32:47.193;enp0s25;0;64
630;10:32:48.202;enp0s25;0;0
631;10:32:49.210;enp0s25;0;64
632;10:32:50.233;enp0s25;0;0
633;10:32:51.269;enp0s25;0;64
634;10:32:52.279;enp0s25;0;64
635;10:32:53.288;enp0s25;0;0
636;10:32:54.322;enp0s25;64;128
637;10:32:55.338;enp0s25;0;0
638;10:32:56.369;enp0s25;0;64
639;10:32:57.401;enp0s25;0;0
640;10:32:58.445;enp0s25;0;64
641;10:32:59.464;enp0s25;0;0
642;10:33:00.503;enp0s25;0;64
643;10:33:01.555;enp0s25;0;0
644;10:33:02.572;enp0s25;0;64
645;10:33:03.580;enp0s25;0;0
646;10:33:04.589;enp0s25;64;128
647;10:33:05.597;enp0s25;0;0
648;10:33:06.605;enp0s25;0;64
649;10:33:07.614;enp0s25;0;0
650;10:33:08.622;enp0s25;0;64
651;10:33:09.629;enp0s25;0;0
652;10:33:10.644;enp0s25;0;64
653;10:33:11.652;enp0s25;0;0
654;10:33:12.659;enp0s25;0;64
655;10:33:13.667;enp0s25;0;0
656;10:33:14.675;enp0s25;0;64
657;10:33:15.684;enp0s25;64;64
658;10:33:16.690;enp0s25;0;64
659;10:33:17.698;enp0s25;0;0
660;10:33:18.707;enp0s25;0;64
661;10:33:19.732;enp0s25;0;0
662;10:33:20.752;enp0s25;0;64
663;10:33:21.761;enp0s25;0;0
664;10:33:22.775;enp0s25;0;64
665;10:33:23.785;enp0s25;0;0
666;10:33:24.793;enp0s25;0;64
667;10:33:25.800;enp0s25;0;0
668;10:33:26.832;enp0s25;64;128
669;10:33:27.855;enp0s25;0;0
670;10:33:28.864;enp0s25;0;64
671;10:33:29.872;enp0s25;0;0
672;10:33:30.880;enp0s25;0;64
673;10:33:31.901;enp0s25;0;0
674;10:33:32.909;enp0s25;0;64
675;10:33:33.928;enp0s25;0;0
676;10:33:34.935;enp0s25;0;64
677;10:33:36.752;enp0s25;0;64
678;10:33:37.761;enp0s25;64;64
679;10:33:38.768;enp0s25;0;64
680;10:33:39.775;enp0s25;0;0
681;10:33:40.782;enp0s25;0;64
682;10:33:41.789;enp0s25;0;0
683;10:33:43.198;enp0s25;0;64
684;10:33:44.224;enp0s25;0;0
685;10:33:45.232;enp0s25;0;64
686;10:33:46.245;enp0s25;0;0
687;10:33:47.254;enp0s25;0;64
688;10:33:48.265;enp0s25;0;0
689;10:33:49.282;enp0s25;64;64
690;10:33:50.297;enp0s25;0;64
691;10:33:51.307;enp0s25;0;0
692;10:33:52.319;enp0s25;0;64
693;10:33:53.335;enp0s25;0;0
694;10:33:54.347;enp0s25;0;64
695;10:33:55.358;enp0s25;0;0
696;10:33:56.373;enp0s25;0;64
697;10:33:57.389;enp0s25;0;0
698;10:33:58.399;enp0s25;0;64
699;10:33:59.414;enp0s25;0;0
700;10:34:00.430;enp0s25;64;128
701;10:34:01.441;enp0s25;0;0
702;10:34:02.448;enp0s25;0;64
703;10:34:03.533;enp0s25;0;0
704;10:34:04.543;enp0s25;0;64
705;10:34:05.552;enp0s25;0;1436
706;10:34:06.559;enp0s25;0;2944
707;10:34:07.570;enp0s25;0;898
708;10:34:08.585;enp0s25;0;632
709;10:34:09.601;enp0s25;0;1284
710;10:34:10.613;enp0s25;64;128
711;10:34:11.625;enp0s25;0;0
712;10:34:12.638;enp0s25;0;1278
713;10:34:13.651;enp0s25;0;0
714;10:34:14.672;enp0s25;0;64
715;10:34:15.681;enp0s25;0;0
716;10:34:16.689;enp0s25;0;64
717;10:34:17.695;enp0s25;0;0
718;10:34:18.708;enp0s25;0;450
719;10:34:19.721;enp0s25;0;0
720;10:34:20.739;enp0s25;0;502
721;10:34:21.755;enp0s25;64;64
722;10:34:22.762;enp0s25;0;1982
723;10:34:23.787;enp0s25;0;2398
724;10:34:24.795;enp0s25;0;1400
725;10:34:25.803;enp0s25;0;0
726;10:34:26.810;enp0s25;0;64
727;10:34:27.816;enp0s25;0;0
728;10:34:28.823;enp0s25;0;64
729;10:34:29.830;enp0s25;0;0
730;10:34:30.844;enp0s25;0;64
731;10:34:31.852;enp0s25;0;0
732;10:34:32.859;enp0s25;64;128
733;10:34:33.866;enp0s25;0;0
734;10:34:34.873;enp0s25;0;64
735;10:34:35.879;enp0s25;0;0
736;10:34:36.890;enp0s25;0;64
737;10:34:37.902;enp0s25;0;2464
738;10:34:38.909;enp0s25;0;1348
739;10:34:39.917;enp0s25;0;1336
740;10:34:40.930;enp0s25;0;64
741;10:34:41.941;enp0s25;0;0
742;10:34:42.953;enp0s25;0;64
743;10:34:43.960;enp0s25;64;64
744;10:34:44.967;enp0s25;0;64
745;10:34:45.980;enp0s25;0;0
746;10:34:46.993;enp0s25;0;64
747;10:34:48.018;enp0s25;0;0
748;10:34:49.028;enp0s25;0;64
749;10:34:50.046;enp0s25;0;0
750;10:34:51.063;enp0s25;0;64
751;10:34:52.085;enp0s25;0;0
752;10:34:53.103;enp0s25;0;64
753;10:34:54.116;enp0s25;0;0
754;10:34:55.137;enp0s25;64;128
755;10:34:56.165;enp0s25;0;0
756;10:34:57.190;enp0s25;0;64
757;10:34:58.212;enp0s25;0;0
758;10:35:00.354;enp0s25;0;64
759;10:35:01.363;enp0s25;0;0
760;10:35:02.370;enp0s25;0;64
761;10:35:03.445;enp0s25;0;0
762;10:35:04.453;enp0s25;0;64
763;10:35:05.460;enp0s25;0;0
764;10:35:06.475;enp0s25;64;128
765;10:35:07.488;enp0s25;0;0
766;10:35:08.496;enp0s25;0;64
767;10:35:09.503;enp0s25;0;0
768;10:35:10.513;enp0s25;0;64
769;10:35:11.521;enp0s25;0;954
770;10:35:12.528;enp0s25;0;2528
771;10:35:13.534;enp0s25;0;459
772;10:35:14.541;enp0s25;0;1400
773;10:35:15.548;enp0s25;0;0
774;10:35:16.555;enp0s25;0;64
775;10:35:17.562;enp0s25;64;64
776;10:35:18.571;enp0s25;0;64
777;10:35:19.587;enp0s25;0;0
778;10:35:20.595;enp0s25;0;64
779;10:35:21.602;enp0s25;0;0
780;10:35:22.614;enp0s25;0;64
781;10:35:23.626;enp0s25;0;0
782;10:35:24.637;enp0s25;0;64
783;10:35:25.645;enp0s25;0;0
784;10:35:26.662;enp0s25;0;64
785;10:35:27.676;enp0s25;64;64
786;10:35:28.686;enp0s25;0;64
787;10:35:29.695;enp0s25;0;0
788;10:35:30.702;enp0s25;0;64
789;10:35:31.710;enp0s25;0;0
790;10:35:32.717;enp0s25;0;64
791;10:35:33.729;enp0s25;0;0
792;10:35:34.737;enp0s25;0;64
793;10:35:35.744;enp0s25;0;0
794;10:35:36.753;enp0s25;0;64
795;10:35:37.765;enp0s25;0;0
796;10:35:38.774;enp0s25;64;128
797;10:35:39.781;enp0s25;0;0
798;10:35:40.789;enp0s25;0;64
799;10:35:41.796;enp0s25;0;0
800;10:35:42.804;enp0s25;0;64
801;10:35:43.813;enp0s25;0;0
802;10:35:44.822;enp0s25;0;64
803;10:35:45.829;enp0s25;0;0
804;10:35:46.836;enp0s25;0;64
805;10:35:47.847;enp0s25;0;0
806;10:35:48.859;enp0s25;0;64
807;10:35:49.885;enp0s25;64;64
808;10:35:50.893;enp0s25;0;64
809;10:35:51.902;enp0s25;0;0
810;10:35:52.912;enp0s25;0;64
811;10:35:53.921;enp0s25;0;0
812;10:35:54.929;enp0s25;0;64
813;10:35:55.936;enp0s25;0;0
814;10:35:56.944;enp0s25;0;64
815;10:35:57.953;enp0s25;0;0
816;10:35:58.961;enp0s25;0;64
817;10:35:59.976;enp0s25;0;0
818;10:36:00.990;enp0s25;64;128
819;10:36:01.998;enp0s25;0;0
820;10:36:03.012;enp0s25;0;64
821;10:36:04.019;enp0s25;0;0
822;10:36:05.026;enp0s25;0;64
823;10:36:06.039;enp0s25;0;0
824;10:36:07.049;enp0s25;0;64
825;10:36:08.057;enp0s25;0;0
826;10:36:09.065;enp0s25;0;64
827;10:36:10.072;enp0s25;0;0
828;10:36:11.078;enp0s25;0;64
829;10:36:12.086;enp0s25;64;64
830;10:36:13.093;enp0s25;0;64
831;10:36:14.100;enp0s25;0;0
832;10:36:15.113;enp0s25;0;64
833;10:36:16.123;enp0s25;0;0
834;10:36:17.141;enp0s25;0;64
835;10:36:18.153;enp0s25;0;0
836;10:36:19.190;enp0s25;0;64
837;10:36:20.197;enp0s25;0;0
838;10:36:21.203;enp0s25;0;64
839;10:36:22.216;enp0s25;0;0
840;10:36:23.227;enp0s25;64;128
841;10:36:24.243;enp0s25;0;0
842;10:36:25.260;enp0s25;0;64
843;10:36:26.267;enp0s25;0;0
844;10:36:27.274;enp0s25;0;64
845;10:36:28.288;enp0s25;0;64
846;10:36:29.302;enp0s25;0;0
847;10:36:30.311;enp0s25;0;64
848;10:36:31.325;enp0s25;0;0
849;10:36:32.338;enp0s25;0;64
850;10:36:33.350;enp0s25;0;0
851;10:36:34.366;enp0s25;64;128
852;10:36:35.384;enp0s25;0;0
853;10:36:36.392;enp0s25;0;64
854;10:36:37.402;enp0s25;0;0
855;10:36:38.410;enp0s25;0;64
856;10:36:39.418;enp0s25;0;0
857;10:36:40.429;enp0s25;0;64
858;10:36:41.443;enp0s25;0;0
859;10:36:42.459;enp0s25;0;64
860;10:36:43.474;enp0s25;0;0
861;10:36:44.491;enp0s25;0;64
862;10:36:45.500;enp0s25;64;64
863;10:36:46.507;enp0s25;0;64
864;10:36:47.516;enp0s25;0;0
865;10:36:48.529;enp0s25;0;64
866;10:36:49.588;enp0s25;0;0
867;10:36:50.605;enp0s25;0;64
868;10:36:51.621;enp0s25;0;0
869;10:36:52.630;enp0s25;0;64
870;10:36:53.638;enp0s25;0;0
871;10:36:54.651;enp0s25;0;64
872;10:36:55.661;enp0s25;0;0
873;10:36:56.679;enp0s25;64;128
874;10:36:57.689;enp0s25;0;0
875;10:36:58.700;enp0s25;0;64
876;10:36:59.708;enp0s25;0;0
877;10:37:00.716;enp0s25;0;64
878;10:37:01.728;enp0s25;0;0
879;10:37:02.735;enp0s25;0;64
880;10:37:03.749;enp0s25;0;0
881;10:37:04.760;enp0s25;0;64
882;10:37:05.768;enp0s25;0;0
883;10:37:06.775;enp0s25;64;128
884;10:37:07.783;enp0s25;0;0
885;10:37:08.790;enp0s25;0;64
886;10:37:09.831;enp0s25;0;0
887;10:37:10.840;enp0s25;0;64
888;10:37:11.847;enp0s25;0;0
889;10:37:12.862;enp0s25;0;64
890;10:37:13.871;enp0s25;0;0
891;10:37:14.882;enp0s25;0;64
892;10:37:15.889;enp0s25;0;0
893;10:37:16.905;enp0s25;0;64
894;10:37:17.919;enp0s25;64;64
895;10:37:18.934;enp0s25;0;64
896;10:37:19.967;enp0s25;0;0
897;10:37:20.984;enp0s25;0;64
898;10:37:21.998;enp0s25;0;0
899;10:37:23.007;enp0s25;0;64
900;10:37:24.013;enp0s25;0;0
901;10:37:25.025;enp0s25;0;64
902;10:37:26.034;enp0s25;0;0
903;10:37:27.042;enp0s25;0;64
904;10:37:28.058;enp0s25;0;0
905;10:37:29.074;enp0s25;64;128
906;10:37:30.085;enp0s25;0;0
907;10:37:31.099;enp0s25;0;64
908;10:37:32.107;enp0s25;0;0
909;10:37:33.120;enp0s25;0;64
910;10:37:34.130;enp0s25;0;0
911;10:37:35.309;enp0s25;0;0
912;10:37:36.325;enp0s25;0;64
913;10:37:37.339;enp0s25;0;0
914;10:37:38.350;enp0s25;0;64
915;10:37:39.366;enp0s25;0;0
916;10:37:40.381;enp0s25;64;128
917;10:37:41.395;enp0s25;0;0
918;10:37:42.403;enp0s25;0;64
919;10:37:43.419;enp0s25;0;0
920;10:37:44.435;enp0s25;0;64
921;10:37:45.449;enp0s25;0;0
922;10:37:46.460;enp0s25;0;64
923;10:37:47.476;enp0s25;0;0
924;10:37:48.492;enp0s25;0;64
925;10:37:49.506;enp0s25;0;0
926;10:37:50.515;enp0s25;0;64
927;10:37:51.529;enp0s25;64;64
928;10:37:52.544;enp0s25;0;64
929;10:37:53.553;enp0s25;0;0
930;10:37:54.563;enp0s25;0;64
931;10:37:55.576;enp0s25;0;0
932;10:37:56.587;enp0s25;0;64
933;10:37:57.598;enp0s25;0;0
934;10:37:58.610;enp0s25;0;64
935;10:37:59.620;enp0s25;0;0
936;10:38:00.630;enp0s25;0;64
937;10:38:01.638;enp0s25;0;0
938;10:38:02.649;enp0s25;64;128
939;10:38:03.657;enp0s25;0;0
940;10:38:04.672;enp0s25;0;64
941;10:38:05.689;enp0s25;0;0
942;10:38:06.697;enp0s25;800;3536
943;10:38:07.710;enp0s25;1487;5938
944;10:38:08.721;enp0s25;430;824
945;10:38:09.730;enp0s25;23228;6406
946;10:38:10.747;enp0s25;0;64
947;10:38:11.755;enp0s25;11585;3171
948;10:38:12.765;enp0s25;0;64
949;10:38:13.775;enp0s25;64;64
950;10:38:14.789;enp0s25;0;64
951;10:38:15.799;enp0s25;0;0
952;10:38:16.808;enp0s25;0;64
953;10:38:17.837;enp0s25;0;0
954;10:38:18.847;enp0s25;0;64
955;10:38:19.856;enp0s25;0;0
956;10:38:20.875;enp0s25;0;64
957;10:38:21.883;enp0s25;0;0
958;10:38:22.891;enp0s25;0;64
959;10:38:23.914;enp0s25;64;64
960;10:38:24.922;enp0s25;0;64
961;10:38:25.930;enp0s25;0;0
962;10:38:26.945;enp0s25;3673;34634
963;10:38:27.953;enp0s25;12102;39946
964;10:38:28.969;enp0s25;341419;5382975
965;10:38:30.006;enp0s25;201482;4183795
966;10:38:31.048;enp0s25;194012;3480968
967;10:38:32.093;enp0s25;248650;5180255
968;10:38:33.104;enp0s25;240735;6337675
969;10:38:34.120;enp0s25;160572;5448715
970;10:38:35.142;enp0s25;113032;1264989
971;10:38:36.152;enp0s25;99868;1400602
972;10:38:37.161;enp0s25;129801;2238637
973;10:38:38.186;enp0s25;124947;1997004
974;10:38:39.227;enp0s25;163011;2584039
975;10:38:40.257;enp0s25;92670;1041310
976;10:38:41.273;enp0s25;177515;2162548
977;10:38:42.298;enp0s25;99187;1030781
978;10:38:43.315;enp0s25;112273;1634151
979;10:38:44.338;enp0s25;121568;1665476
980;10:38:45.353;enp0s25;126444;2264972
981;10:38:46.361;enp0s25;128887;2213520
982;10:38:47.370;enp0s25;178011;3452113
983;10:38:48.397;enp0s25;147385;2933052
984;10:38:49.450;enp0s25;129578;2947775
985;10:38:50.480;enp0s25;119099;2121515
986;10:38:51.512;enp0s25;98280;1594300
987;10:38:52.543;enp0s25;113579;2066792
988;10:38:53.597;enp0s25;105687;2068946
989;10:38:54.612;enp0s25;117642;2464796
990;10:38:55.624;enp0s25;127083;4020116
991;10:38:56.663;enp0s25;117928;987538
992;10:38:57.695;enp0s25;116921;1337789
993;10:38:58.734;enp0s25;122112;2012285
994;10:38:59.763;enp0s25;105453;1769902
995;10:39:00.800;enp0s25;108025;2300593
996;10:39:01.849;enp0s25;136227;3543086
997;10:39:02.868;enp0s25;178354;5689384
998;10:39:03.877;enp0s25;233510;6289008
999;10:39:04.886;enp0s25;208987;5592804
1000;10:39:05.911;enp0s25;215755;5540754
1001;10:39:06.933;enp0s25;211875;6157981
1002;10:39:07.968;enp0s25;155190;3658608
1003;10:39:09.004;enp0s25;169636;3764927
1004;10:39:10.020;enp0s25;129477;2963265
1005;10:39:11.061;enp0s25;127951;2949646
1006;10:39:12.101;enp0s25;124507;3542360
1007;10:39:13.118;enp0s25;126098;4962527
1008;10:39:14.162;enp0s25;40140;1568487
1009;10:39:15.183;enp0s25;0;64
1010;10:39:16.221;enp0s25;0;0
1011;10:39:17.256;enp0s25;1535;26534
1012;10:39:18.264;enp0s25;6413;168969
1013;10:39:19.278;enp0s25;18829;1019372
1014;10:39:20.287;enp0s25;24655;962756
1015;10:39:21.325;enp0s25;31044;1059286
1016;10:39:22.389;enp0s25;33117;1117181
1017;10:39:23.427;enp0s25;45247;1849844
1018;10:39:24.438;enp0s25;35430;1388279
1019;10:39:25.466;enp0s25;68208;2537458
1020;10:39:26.497;enp0s25;34281;1607846
1021;10:39:27.525;enp0s25;112007;4842407
1022;10:39:28.535;enp0s25;79501;3781458
1023;10:39:29.551;enp0s25;93504;3994069
1024;10:39:30.560;enp0s25;49701;2301482
1025;10:39:31.568;enp0s25;107548;4264724
1026;10:39:32.578;enp0s25;51961;2309304
1027;10:39:33.596;enp0s25;21667;1185460
1028;10:39:34.606;enp0s25;5952;113732
1029;10:39:35.615;enp0s25;0;0
1030;10:39:36.625;enp0s25;0;64
1031;10:39:37.636;enp0s25;0;0
1032;10:39:38.646;enp0s25;0;64
1033;10:39:39.678;enp0s25;0;0
1034;10:39:40.700;enp0s25;0;64
1035;10:39:41.745;enp0s25;64;64
1036;10:39:42.762;enp0s25;0;64
1037;10:39:43.772;enp0s25;0;0
1038;10:39:44.782;enp0s25;0;64
1039;10:39:45.801;enp0s25;0;0
1040;10:39:46.809;enp0s25;0;64
1041;10:39:47.826;enp0s25;0;0
1042;10:39:48.834;enp0s25;0;64
1043;10:39:49.846;enp0s25;0;0
1044;10:39:50.855;enp0s25;0;64
1045;10:39:51.863;enp0s25;0;0
1046;10:39:52.927;enp0s25;0;64
1047;10:39:53.939;enp0s25;0;0
1048;10:39:54.960;enp0s25;0;64
1049;10:39:55.966;enp0s25;0;0
1050;10:39:56.985;enp0s25;0;64
1051;10:39:58.000;enp0s25;0;0
1052;10:39:59.014;enp0s25;0;64
1053;10:40:00.024;enp0s25;0;0
1054;10:40:01.034;enp0s25;0;64
1055;10:40:02.047;enp0s25;0;0
1056;10:40:03.061;enp0s25;64;128
1057;10:40:04.078;enp0s25;0;0
1058;10:40:05.095;enp0s25;0;64
1059;10:40:06.104;enp0s25;0;0
1060;10:40:07.113;enp0s25;0;64
1061;10:40:08.126;enp0s25;0;0
1062;10:40:09.143;enp0s25;0;64
1063;10:40:10.156;enp0s25;0;0
1064;10:40:11.172;enp0s25;0;64
1065;10:40:12.187;enp0s25;0;0
1066;10:40:13.221;enp0s25;0;64
1067;10:40:14.235;enp0s25;64;64
1068;10:40:15.244;enp0s25;0;64
1069;10:40:16.250;enp0s25;975;2407
1070;10:40:17.257;enp0s25;3578;7545
1071;10:40:18.269;enp0s25;0;0
1072;10:40:19.279;enp0s25;0;64
1073;10:40:20.286;enp0s25;0;64
1074;10:40:21.296;enp0s25;0;0
