ID; Time; CPU %; MEM %; MEM KiB
1;07:53:27.404;19.4;11.712229;2359668
2;07:53:27.578;0.0;11.714274;2360048
3;07:53:27.754;1.5;11.719397;2361216
4;07:53:27.925;1.6;11.719397;2360820
5;07:53:28.095;0.0;11.719476;2360836
6;07:53:28.264;1.5;11.718841;2360708
7;07:53:28.434;1.5;11.719119;2360764
8;07:53:28.604;0.0;11.730060;2362968
9;07:53:28.773;1.5;11.729285;2362812
10;07:53:28.942;0.0;11.728809;2362716
11;07:53:29.111;0.0;11.830990;2382948
12;07:53:29.280;1.5;12.034916;2424160
13;07:53:29.451;0.0;12.033546;2424348
14;07:53:29.620;1.6;12.033546;2423884
15;07:53:29.789;1.6;12.034797;2424356
16;07:53:29.958;0.0;12.034817;2424360
17;07:53:30.128;1.6;12.033566;2423888
18;07:53:30.297;1.5;12.033149;2424024
19;07:53:30.467;0.0;12.031263;2423644
20;07:53:30.636;1.5;12.030012;2423172
21;07:53:30.805;1.5;12.030012;2423392
22;07:53:30.974;1.5;12.030012;2423660
23;07:53:31.143;0.0;12.032792;2423732
24;07:53:31.312;1.6;12.037676;2424716
25;07:53:31.481;1.6;12.036386;2424676
26;07:53:31.650;0.0;12.035373;2424472
27;07:53:31.819;1.5;12.036386;2424676
28;07:53:31.989;1.6;12.047644;2426944
29;07:53:32.159;1.5;12.047525;2426700
30;07:53:32.329;1.6;12.047803;2426976
31;07:53:32.499;6.2;12.048081;2427284
32;07:53:32.668;3.0;12.047486;2426912
33;07:53:32.845;3.1;12.051358;2427692
34;07:53:33.021;0.0;12.052648;2427512
35;07:53:33.199;1.5;12.050226;2427464
36;07:53:33.374;1.5;12.046910;2427064
37;07:53:33.551;7.0;12.048419;2427360
38;07:53:33.725;7.6;12.048339;2427084
39;07:53:33.898;6.9;12.047664;2426948
40;07:53:34.072;7.5;12.049293;2427500
41;07:53:34.244;1.5;12.057215;2428872
42;07:53:34.420;2.7;12.067739;2431200
43;07:53:34.600;4.4;12.052807;2427544
44;07:53:34.772;7.2;12.052271;2427436
45;07:53:34.945;10.3;12.050127;2427444
46;07:53:35.117;3.1;12.048061;2427028
47;07:53:35.288;7.5;12.045798;2427040
48;07:53:35.459;11.0;12.049531;2427324
49;07:53:35.631;10.8;12.051457;2427272
50;07:53:35.802;11.4;12.050325;2427484
51;07:53:35.974;12.3;12.048657;2427148
52;07:53:36.146;12.2;12.049312;2427280
53;07:53:36.318;9.5;12.049749;2427148
54;07:53:36.490;11.0;12.051655;2427312
55;07:53:36.662;12.0;12.051040;2427408
56;07:53:36.833;12.9;12.050980;2427616
57;07:53:37.004;17.1;12.049392;2427296
58;07:53:37.176;9.0;12.048101;2427036
59;07:53:37.348;11.1;12.049511;2427320
60;07:53:37.520;10.0;12.048955;2427468
61;07:53:37.692;7.6;12.051099;2427420
62;07:53:37.962;4.4;12.053125;2427820
63;07:53:38.138;1.6;12.057831;2429068
64;07:53:38.315;0.0;12.061484;2429984
65;07:53:38.488;3.0;12.051099;2427640
66;07:53:38.658;4.3;12.049769;2427372
67;07:53:38.831;6.2;12.050404;2427500
68;07:53:39.004;6.2;12.049829;2427384
69;07:53:39.176;1.5;12.055349;2428496
70;07:53:39.355;1.5;12.053363;2427876
71;07:53:39.530;1.6;12.049829;2427384
72;07:53:39.703;3.2;12.048975;2427212
73;07:53:39.874;1.6;12.049293;2427276
74;07:53:40.048;7.4;12.048697;2427156
75;07:53:40.220;1.7;12.048518;2426940
76;07:53:40.393;3.0;12.054435;2428092
77;07:53:40.569;1.4;12.048339;2426864
78;07:53:40.741;4.2;12.053284;2428080
79;07:53:40.918;3.1;12.045778;2426568
80;07:53:41.090;1.9;12.047148;2426844
81;07:53:41.261;3.7;12.050166;2427012
82;07:53:41.434;1.5;12.055587;2428544
83;07:53:41.610;1.8;12.044050;2426220
84;07:53:41.782;0.0;12.047744;2426964
85;07:53:41.953;0.0;12.047942;2426564
86;07:53:42.124;0.0;12.049094;2427284
87;07:53:42.296;1.9;12.049888;2427396
88;07:53:42.468;1.9;12.047585;2426936
89;07:53:42.640;1.9;12.046413;2426696
90;07:53:42.812;0.0;12.048498;2427376
91;07:53:42.983;1.9;12.049690;2427356
92;07:53:43.154;3.4;12.048796;2427176
93;07:53:43.330;5.0;12.049968;2427192
94;07:53:43.505;1.8;12.048379;2426840
95;07:53:43.675;1.9;12.046671;2427000
96;07:53:43.847;0.0;12.049054;2427268
97;07:53:44.019;1.9;12.048280;2427124
98;07:53:44.189;1.9;12.047922;2427000
99;07:53:44.361;0.0;12.047247;2426896
100;07:53:44.532;3.8;12.047287;2426960
101;07:53:44.703;1.9;12.048061;2427032
102;07:53:44.875;1.9;12.048121;2427292
103;07:53:45.045;0.0;12.052867;2427996
104;07:53:45.216;3.8;12.050067;2427432
105;07:53:45.389;5.1;12.051636;2427748
106;07:53:45.560;1.9;12.048478;2427112
107;07:53:45.730;1.8;12.049729;2427364
108;07:53:45.901;0.0;12.047684;2426952
109;07:53:46.074;1.9;12.048915;2427200
110;07:53:46.246;1.6;12.048141;2426824
111;07:53:46.424;0.0;12.049173;2427032
112;07:53:46.601;4.3;12.051477;2427716
113;07:53:46.777;2.9;12.050464;2427512
114;07:53:46.956;8.7;12.050226;2427416
115;07:53:47.131;5.8;12.047426;2427120
116;07:53:47.311;6.0;12.051516;2427724
117;07:53:47.485;3.1;12.052966;2427796
118;07:53:47.659;3.0;12.049690;2427356
119;07:53:47.836;5.0;12.050345;2427268
120;07:53:48.006;4.8;12.046135;2426640
121;07:53:48.178;4.5;12.047903;2426996
122;07:53:48.355;3.0;12.047585;2426932
123;07:53:48.533;1.5;12.051775;2427776
124;07:53:48.708;4.6;12.052946;2428280
125;07:53:48.884;1.6;12.053105;2428044
126;07:53:49.061;7.2;12.052172;2427856
127;07:53:49.238;5.7;12.049948;2427408
128;07:53:49.412;7.1;12.048459;2427108
129;07:53:49.586;4.6;12.050921;2427604
130;07:53:49.762;1.6;12.048816;2427180
131;07:53:49.933;3.5;12.046453;2427140
132;07:53:50.106;5.9;12.056024;2428428
133;07:53:50.285;3.2;12.049650;2427616
134;07:53:50.457;3.1;12.050087;2427436
135;07:53:50.632;1.7;12.053204;2427844
136;07:53:50.802;1.5;12.051953;2427592
137;07:53:50.973;4.4;12.052370;2427896
138;07:53:51.144;4.2;12.078998;2433512
139;07:53:51.314;5.6;12.077707;2432780
140;07:53:51.485;7.4;12.087913;2435536
141;07:53:51.656;7.1;12.085550;2434824
142;07:53:51.828;4.5;12.096630;2437056
143;07:53:51.999;3.1;12.259811;2469944
144;07:53:52.170;0.0;12.413043;2500552
145;07:53:52.339;0.0;12.588118;2535820
146;07:53:52.508;4.7;12.709501;2560696
147;07:53:52.678;4.4;12.715497;2561504
148;07:53:52.850;1.5;12.805507;2579612
149;07:53:53.021;1.5;12.837992;2586156
150;07:53:53.191;3.2;12.836245;2585804
151;07:53:53.362;3.0;12.928677;2604424
152;07:53:53.532;1.4;13.072557;2633644
153;07:53:53.701;0.0;13.256448;2670452
154;07:53:53.871;3.1;13.289687;2676844
155;07:53:54.041;4.3;13.362819;2691880
156;07:53:54.212;5.9;13.362442;2691804
157;07:53:54.384;3.0;13.360079;2691848
158;07:53:54.556;3.2;13.361211;2691808
159;07:53:54.727;3.1;13.361449;2691384
160;07:53:54.897;4.5;13.361449;2691880
161;07:53:55.069;4.5;13.383450;2696060
162;07:53:55.239;4.3;13.505468;2720664
163;07:53:55.409;3.1;13.628677;2745436
164;07:53:55.580;2.9;13.637434;2746980
165;07:53:55.750;0.0;13.659455;2752072
166;07:53:55.921;6.0;13.661123;2752216
167;07:53:56.093;3.1;13.661500;2752308
168;07:53:56.263;6.2;13.661520;2752052
169;07:53:56.434;4.4;13.812668;2782752
170;07:53:56.604;6.2;13.813085;2782584
171;07:53:56.774;4.5;13.813680;2782948
172;07:53:56.946;6.1;13.812469;2782704
173;07:53:57.115;4.7;13.811139;2782484
174;07:53:57.287;4.5;13.814256;2782820
175;07:53:57.458;4.8;13.814752;2782920
176;07:53:57.629;8.8;13.816520;2783544
177;07:53:57.801;4.3;13.826210;2785228
178;07:53:57.971;4.5;13.820709;2784120
179;07:53:58.143;5.9;13.823986;2784780
180;07:53:58.313;4.5;13.832365;2786492
181;07:53:58.485;4.5;13.834470;2786892
182;07:53:58.655;6.2;13.843564;2788968
183;07:53:58.826;6.0;13.854585;2791188
184;07:53:58.996;7.6;13.854267;2790880
185;07:53:59.167;4.6;13.864612;2792996
186;07:53:59.337;4.5;13.863421;2792396
187;07:53:59.508;3.1;13.885005;2797072
188;07:53:59.679;1.6;13.957461;2811912
189;07:53:59.849;1.5;14.008135;2821876
190;07:54:00.019;1.6;14.009564;2822164
191;07:54:00.189;7.2;14.003568;2821200
192;07:54:00.360;3.1;14.005593;2821280
193;07:54:00.530;3.0;14.027872;2825852
194;07:54:00.701;5.9;14.028190;2826160
195;07:54:00.872;6.1;14.029639;2826452
196;07:54:01.044;6.0;14.029123;2826348
197;07:54:01.215;2.9;14.030076;2826540
198;07:54:01.386;7.1;14.040819;2828460
199;07:54:01.557;4.7;14.040799;2828220
200;07:54:01.732;5.6;14.048523;2830256
201;07:54:01.904;3.1;14.051482;2830608
202;07:54:02.075;4.5;14.070067;2834132
203;07:54:02.246;5.9;14.070008;2836380
204;07:54:02.416;4.7;14.080373;2836452
205;07:54:02.587;4.8;14.090023;2838372
206;07:54:02.757;4.5;14.093101;2838992
207;07:54:02.928;3.1;14.173440;2855176
208;07:54:03.098;4.4;14.180032;2856552
209;07:54:03.269;4.7;14.186188;2857676
210;07:54:03.441;4.6;14.183249;2857152
211;07:54:03.611;6.2;14.192959;2858888
212;07:54:03.782;4.5;14.192919;2859100
213;07:54:03.952;4.6;14.202192;2860748
214;07:54:04.123;3.0;14.242402;2869336
215;07:54:04.292;1.6;14.245579;2869380
216;07:54:04.463;6.5;14.244566;2869536
217;07:54:04.634;4.8;14.243871;2869364
218;07:54:04.808;11.4;14.244904;2869572
219;07:54:04.979;4.5;14.245618;2869716
220;07:54:05.148;0.0;14.247822;2870160
221;07:54:05.317;4.6;14.246810;2870124
222;07:54:05.488;6.2;14.242918;2869172
223;07:54:05.659;8.1;14.245062;2869856
224;07:54:05.829;6.2;14.247326;2870060
225;07:54:06.002;0.0;14.257949;2872200
226;07:54:06.172;1.5;14.256678;2871944
227;07:54:06.341;1.5;14.256639;2872156
228;07:54:06.511;0.0;14.256639;2871936
229;07:54:06.680;0.0;14.277270;2876092
230;07:54:06.850;3.0;14.286960;2878044
231;07:54:07.020;1.5;14.308702;2882456
232;07:54:07.190;1.5;14.318710;2884440
233;07:54:07.360;1.6;14.338209;2888660
234;07:54:07.530;2.9;14.347879;2889312
235;07:54:07.701;5.9;14.356140;2892164
236;07:54:07.872;0.0;14.379094;2896604
237;07:54:08.041;3.1;14.379987;2896564
238;07:54:08.211;0.0;14.758015;2972936
239;07:54:08.379;0.0;14.759187;2973172
240;07:54:08.548;4.5;14.760676;2973472
241;07:54:08.718;3.1;14.763535;2974048
242;07:54:08.890;1.5;14.761887;2973716
243;07:54:09.059;1.5;14.762006;2973740
244;07:54:09.228;0.0;14.761728;2973684
245;07:54:09.397;0.0;14.781585;2977464
246;07:54:09.565;0.0;14.780651;2977496
247;07:54:09.734;0.0;14.780969;2977560
248;07:54:09.904;0.0;14.779400;2977244
249;07:54:10.073;1.6;14.779242;2976992
250;07:54:10.244;0.0;14.782994;2977968
251;07:54:10.413;0.0;14.782994;2977748
252;07:54:10.584;0.0;14.783153;2978000
253;07:54:10.752;1.6;14.782558;2977880
254;07:54:10.921;3.0;14.782339;2977836
255;07:54:11.090;0.0;14.781148;2977376
256;07:54:11.260;4.4;14.779817;2977328
257;07:54:11.435;0.0;14.781168;2978080
258;07:54:11.610;2.9;14.782260;2977820
259;07:54:11.788;1.5;14.781128;2977592
260;07:54:11.964;3.1;14.783789;2977908
261;07:54:12.141;2.9;14.781446;2977656
262;07:54:12.318;1.5;14.780373;2977440
263;07:54:12.493;3.0;14.781406;2977648
264;07:54:12.666;1.5;14.782160;2977856
265;07:54:12.839;1.5;14.784206;2977992
266;07:54:13.016;1.5;14.784523;2978276
267;07:54:13.246;1.6;14.786886;2978532
268;07:54:13.425;0.0;14.781307;2977628
269;07:54:13.599;1.5;14.785337;2978440
270;07:54:13.772;0.0;14.784841;2978340
271;07:54:13.941;1.5;14.784841;2978340
272;07:54:14.110;0.0;14.783828;2977916
273;07:54:14.279;0.0;14.783014;2977752
274;07:54:14.448;1.5;14.783590;2977868
275;07:54:14.617;0.0;14.783392;2978048
276;07:54:14.786;1.5;14.783392;2978316
277;07:54:14.955;1.6;14.783392;2978048
278;07:54:15.124;0.0;14.782299;2977828
279;07:54:15.293;0.0;14.783332;2978036
280;07:54:15.462;0.0;14.783332;2978036
281;07:54:15.632;0.0;14.782240;2977816
282;07:54:15.801;0.0;14.782399;2977848
283;07:54:15.970;0.0;14.782061;2977780
284;07:54:16.139;0.0;14.782339;2977616
285;07:54:16.308;0.0;14.782220;2977812
286;07:54:16.477;0.0;14.780810;2977528
287;07:54:16.646;0.0;14.780909;2977808
288;07:54:16.815;0.0;14.780790;2977524
289;07:54:16.985;1.4;14.811250;2983660
290;07:54:17.154;0.0;14.854101;2992072
291;07:54:17.324;0.0;14.852830;2991816
292;07:54:17.493;0.0;14.852790;2992028
293;07:54:17.661;1.6;14.881761;2997644
294;07:54:17.831;0.0;14.917423;3005048
295;07:54:17.999;1.6;14.946314;3010868
296;07:54:18.168;1.5;14.966429;3014700
297;07:54:18.337;0.0;14.966349;3014904
298;07:54:18.506;1.5;14.996412;3022976
299;07:54:18.676;1.5;15.088407;3039272
300;07:54:18.846;0.0;15.109018;3043904
301;07:54:19.016;0.0;15.181038;3058152
302;07:54:19.185;0.0;15.182447;3058436
303;07:54:19.355;0.0;15.184453;3058840
304;07:54:19.524;0.0;15.184294;3058808
305;07:54:19.694;1.5;15.181991;3058344
306;07:54:19.865;0.0;15.183202;3058588
307;07:54:20.034;0.0;15.191800;3060320
308;07:54:20.204;0.0;15.190549;3060116
309;07:54:20.373;1.5;15.203217;3062400
310;07:54:20.542;0.0;15.202125;3062400
311;07:54:20.712;1.4;15.244975;3071544
312;07:54:20.882;1.6;15.246226;3071284
313;07:54:21.052;1.5;15.266242;3075316
314;07:54:21.222;0.0;15.266281;3075104
315;07:54:21.391;0.0;15.265030;3074852
316;07:54:21.560;1.5;15.284113;3078916
317;07:54:21.729;1.5;15.283954;3078884
318;07:54:21.901;0.0;15.295351;3081180
319;07:54:22.071;0.0;15.295391;3080968
320;07:54:22.240;1.5;15.294140;3080936
321;07:54:22.409;1.6;15.294100;3080708
322;07:54:22.578;0.0;15.293942;3080676
323;07:54:22.747;0.0;15.294021;3080912
324;07:54:22.916;1.5;15.294140;3080936
325;07:54:23.085;0.0;15.305399;3083464
326;07:54:23.255;0.0;15.306610;3083228
327;07:54:23.424;0.0;15.305021;3082908
328;07:54:23.593;0.0;15.302520;3082664
329;07:54:23.763;1.4;15.306153;3083136
330;07:54:23.932;0.0;15.306272;3083160
331;07:54:24.102;1.5;15.305498;3083004
332;07:54:24.271;1.5;15.315665;3085052
333;07:54:24.440;0.0;15.315982;3085336
334;07:54:24.609;1.6;15.325335;3086924
335;07:54:24.779;0.0;15.323131;3086776
336;07:54:24.948;1.5;15.327737;3087484
337;07:54:25.117;0.0;15.325196;3087192
338;07:54:25.288;1.6;15.326447;3087524
339;07:54:25.457;1.6;15.325354;3087224
340;07:54:25.627;0.0;15.325354;3087224
341;07:54:25.796;0.0;15.336812;3089532
342;07:54:25.965;0.0;15.336613;3089492
343;07:54:26.134;0.0;15.335362;3089240
344;07:54:26.303;0.0;15.335203;3089468
345;07:54:26.472;0.0;15.335362;3089240
346;07:54:26.641;1.5;15.347872;3091760
347;07:54:26.810;1.6;15.348189;3091824
348;07:54:26.979;0.0;15.346621;3091288
349;07:54:27.148;0.0;15.357879;3093776
350;07:54:27.319;0.0;15.358038;3093808
351;07:54:27.488;0.0;15.357065;3093392
352;07:54:27.657;1.6;15.359210;3094044
353;07:54:27.826;1.5;15.368562;3095928
354;07:54:27.996;0.0;15.378292;3097888
355;07:54:28.165;2.9;15.378093;3097848
356;07:54:28.334;1.6;15.398347;3102196
357;07:54:28.503;1.5;15.419693;3106228
358;07:54:28.672;0.0;15.419732;3106236
359;07:54:28.842;1.6;15.421142;3106300
360;07:54:29.011;0.0;15.419732;3106016
361;07:54:29.180;0.0;15.418481;3106244
362;07:54:29.349;1.6;15.420983;3106488
363;07:54:29.518;1.4;15.420983;3106268
364;07:54:29.689;1.6;15.419732;3106016
365;07:54:29.859;3.0;15.420010;3106292
366;07:54:30.029;3.0;15.418839;3106056
367;07:54:30.199;0.0;15.418481;3105984
368;07:54:30.368;0.0;15.418561;3106000
369;07:54:30.538;1.5;15.419732;3106024
370;07:54:30.707;1.5;15.428648;3108032
371;07:54:30.876;1.5;15.429005;3107884
372;07:54:31.044;1.6;15.426305;3107560
373;07:54:31.214;0.0;15.466971;3115752
374;07:54:31.382;0.0;15.465402;3115216
375;07:54:31.551;1.5;15.466534;3115712
376;07:54:31.721;1.6;15.479004;3118176
377;07:54:31.890;0.0;15.480612;3118500
378;07:54:32.059;1.5;15.480414;3118240
379;07:54:32.229;1.6;15.500588;3122524
380;07:54:32.399;0.0;15.520603;3126556
381;07:54:32.568;0.0;15.520564;3126548
382;07:54:32.737;1.6;15.520603;3126556
383;07:54:32.906;1.5;15.522331;3126904
384;07:54:33.076;0.0;15.523105;3126840
385;07:54:33.245;1.4;15.522053;3126848
386;07:54:33.414;1.5;15.523105;3127060
387;07:54:33.584;0.0;15.523065;3126832
388;07:54:33.753;1.5;15.521815;3126800
389;07:54:33.922;0.0;15.521318;3126700
390;07:54:34.092;0.0;15.519511;3126336
391;07:54:34.262;1.5;15.518260;3126344
392;07:54:34.431;0.0;15.520722;3126580
393;07:54:34.600;0.0;15.518379;3126108
394;07:54:34.771;1.6;15.519432;3126100
395;07:54:34.941;0.0;15.522251;3126888
396;07:54:35.110;0.0;15.520842;3126384
397;07:54:35.279;0.0;15.520027;3126440
398;07:54:35.448;0.0;15.520027;3126716
399;07:54:35.618;0.0;15.524058;3126848
400;07:54:35.787;0.0;15.521815;3126580
401;07:54:35.957;1.6;15.521120;3126724
402;07:54:36.126;0.0;15.519332;3126300
403;07:54:36.297;0.0;15.520722;3126580
404;07:54:36.467;0.0;15.521815;3126580
405;07:54:36.637;1.6;15.524356;3127092
406;07:54:36.807;0.0;15.523065;3126832
407;07:54:36.976;3.0;15.529400;3128328
408;07:54:37.145;1.5;15.529022;3128032
409;07:54:37.314;1.5;15.525746;3127860
410;07:54:37.483;1.6;15.526660;3127776
411;07:54:37.653;1.6;15.528705;3127968
412;07:54:37.823;4.5;15.525746;3127592
413;07:54:37.993;0.0;15.526521;3127748
414;07:54:38.163;1.5;15.526203;3127684
415;07:54:38.333;1.5;15.525131;3127468
416;07:54:38.502;3.1;15.525448;3127532
417;07:54:38.672;0.0;15.524972;3127436
418;07:54:38.842;1.6;15.525071;3127456
419;07:54:39.012;0.0;15.525706;3127364
420;07:54:39.181;3.0;15.527910;3128028
421;07:54:39.351;1.6;15.525567;3127556
422;07:54:39.521;1.6;15.528030;3128092
423;07:54:39.693;3.2;15.526858;3127596
424;07:54:39.863;1.6;15.529559;3128140
425;07:54:40.037;1.5;15.527017;3128048
426;07:54:40.206;0.0;15.529022;3128032
427;07:54:40.375;3.0;15.526977;3127840
428;07:54:40.546;3.0;15.531127;3128676
429;07:54:40.717;3.0;15.531902;3128612
430;07:54:40.886;1.5;15.528903;3128008
431;07:54:41.056;0.0;15.526401;3127724
432;07:54:41.226;0.0;15.527493;3127724
433;07:54:41.395;1.5;15.528129;3128072
434;07:54:41.565;1.5;15.529539;3128136
435;07:54:41.735;3.0;15.528089;3128064
436;07:54:41.906;3.2;15.526084;3127980
437;07:54:42.075;3.0;15.526878;3127600
438;07:54:42.244;1.5;15.527156;3127876
439;07:54:42.414;1.5;15.526382;3127720
440;07:54:42.585;1.6;15.528169;3128080
441;07:54:42.754;1.5;15.526243;3127692
442;07:54:42.923;0.0;15.525627;3127860
443;07:54:43.092;1.5;15.525309;3127284
444;07:54:43.262;1.6;15.522668;3127468
445;07:54:43.433;1.5;15.524952;3127432
446;07:54:43.604;4.5;15.527156;3127876
447;07:54:43.775;1.5;15.527910;3128028
448;07:54:43.944;1.6;15.527454;3127936
449;07:54:44.115;3.1;15.526957;3128080
450;07:54:44.285;1.4;15.527077;3127860
451;07:54:44.456;1.5;15.527672;3127980
452;07:54:44.625;0.0;15.538673;3130196
453;07:54:44.795;1.6;15.538673;3129976
454;07:54:44.964;1.6;15.537581;3130332
455;07:54:45.134;3.1;15.536945;3129848
456;07:54:45.303;1.5;15.535535;3129832
457;07:54:45.473;0.0;15.536627;3129564
458;07:54:45.642;3.1;15.536052;3129668
459;07:54:45.812;2.9;15.539129;3130068
460;07:54:45.982;3.1;15.539229;3130308
461;07:54:46.151;1.5;15.547271;3131928
462;07:54:46.320;0.0;15.547906;3132316
463;07:54:46.489;1.6;15.547271;3132172
464;07:54:46.660;1.4;15.548641;3132204
465;07:54:46.830;0.0;15.550845;3132428
466;07:54:47.000;1.6;15.549753;3132428
467;07:54:47.170;0.0;15.548819;3132240
468;07:54:47.339;0.0;15.548502;3132176
469;07:54:47.508;1.5;15.548502;3132176
470;07:54:47.678;0.0;15.548502;3132176
471;07:54:47.847;3.0;15.548661;3131988
472;07:54:48.016;0.0;15.548938;3132044
473;07:54:48.185;1.5;15.548541;3131964
474;07:54:48.354;1.4;15.544927;3131456
475;07:54:48.525;1.5;15.548680;3132212
476;07:54:48.694;0.0;15.548919;3132040
477;07:54:48.863;1.6;15.549931;3132464
478;07:54:49.034;4.5;15.550031;3132484
479;07:54:49.203;2.8;15.550050;3132268
480;07:54:49.373;0.0;15.548641;3132464
481;07:54:49.542;1.5;15.548641;3132204
482;07:54:49.711;0.0;15.549733;3132424
483;07:54:49.881;1.5;15.548799;3132236
484;07:54:50.051;1.5;15.548105;3131876
485;07:54:50.221;1.6;15.550368;3132332
486;07:54:50.390;0.0;15.549117;3132300
487;07:54:50.560;0.0;15.548025;3132340
488;07:54:50.729;0.0;15.547231;3132180
489;07:54:50.899;0.0;15.546695;3131812
490;07:54:51.070;1.6;15.546595;3131792
491;07:54:51.242;0.0;15.547052;3131884
492;07:54:51.412;0.0;15.548303;3132136
493;07:54:51.582;1.6;15.545841;3131640
494;07:54:51.753;0.0;15.550110;3132500
495;07:54:51.923;1.5;15.551679;3132956
496;07:54:52.093;3.1;15.549415;3132360
497;07:54:52.263;0.0;15.549494;3132432
498;07:54:52.433;1.6;15.548402;3132424
499;07:54:52.603;1.6;15.546357;3132012
500;07:54:52.772;0.0;15.546059;3131936
501;07:54:52.942;1.6;15.546020;3131676
502;07:54:53.113;1.6;15.547747;3132024
503;07:54:53.283;1.5;15.548303;3131916
504;07:54:53.453;0.0;15.548740;3132224
505;07:54:53.625;1.6;15.546695;3131592
506;07:54:53.795;1.5;15.547469;3131968
507;07:54:53.965;0.0;15.547707;3132016
508;07:54:54.135;1.6;15.548879;3132252
509;07:54:54.305;1.5;15.549197;3132316
510;07:54:54.476;0.0;15.550269;3132312
511;07:54:54.648;0.0;15.549316;3132120
512;07:54:54.817;0.0;15.545642;3131860
513;07:54:54.987;1.4;15.546754;3131824
514;07:54:55.157;0.0;15.545702;3131612
515;07:54:55.327;0.0;15.547886;3132052
516;07:54:55.497;0.0;15.550269;3132532
517;07:54:55.666;1.6;15.549097;3132296
518;07:54:55.835;0.0;15.550189;3132516
519;07:54:56.006;1.6;15.549097;3132076
520;07:54:56.175;0.0;15.548164;3132108
521;07:54:56.345;0.0;15.547410;3131996
522;07:54:56.515;3.2;15.547568;3131988
523;07:54:56.684;1.6;15.546000;3131932
524;07:54:56.855;1.6;15.548978;3132376
525;07:54:57.027;0.0;15.550944;3132444
526;07:54:57.198;1.5;15.548819;3132288
527;07:54:57.368;0.0;15.548661;3132208
528;07:54:57.538;1.5;15.548799;3132236
529;07:54:57.708;0.0;15.549117;3132300
530;07:54:57.877;1.6;15.549435;3132364
531;07:54:58.047;3.1;15.549216;3132320
532;07:54:58.217;0.0;15.544749;3131828
533;07:54:58.388;0.0;15.548164;3131888
534;07:54:58.558;1.5;15.545980;3131928
535;07:54:58.728;3.1;15.551798;3132840
536;07:54:58.898;0.0;15.549236;3132324
537;07:54:59.068;1.6;15.550924;3132664
538;07:54:59.237;1.5;15.549236;3132324
539;07:54:59.407;1.6;15.550328;3132324
540;07:54:59.576;1.5;15.549395;3132356
541;07:54:59.745;0.0;15.550606;3132380
542;07:54:59.914;1.6;15.550805;3132420
543;07:55:00.083;0.0;15.549713;3132420
544;07:55:00.253;1.6;15.549574;3132172
545;07:55:00.423;1.6;15.545940;3131944
546;07:55:00.592;1.5;15.547032;3131660
547;07:55:00.763;3.0;15.548522;3132180
548;07:55:00.934;1.6;15.549792;3132436
549;07:55:01.103;3.2;15.550170;3132512
550;07:55:01.273;1.6;15.550050;3132488
551;07:55:01.443;1.6;15.549534;3132384
552;07:55:01.613;1.5;15.548720;3132220
553;07:55:01.782;0.0;15.551421;3132764
554;07:55:01.951;1.6;15.547946;3132064
555;07:55:02.121;1.6;15.550765;3132632
556;07:55:02.291;0.0;15.550289;3132316
557;07:55:02.460;0.0;15.547012;3131876
558;07:55:02.630;0.0;15.546218;3131716
559;07:55:02.799;1.6;15.546973;3131648
560;07:55:02.970;1.5;15.559999;3134272
561;07:55:03.141;1.6;15.561389;3134772
562;07:55:03.311;1.6;15.559224;3134336
563;07:55:03.481;1.5;15.560336;3134560
564;07:55:03.650;1.4;15.558132;3134116
565;07:55:03.820;0.0;15.560991;3134692
566;07:55:03.989;0.0;15.559582;3134188
567;07:55:04.159;1.4;15.558489;3134188
568;07:55:04.328;0.0;15.560515;3134596
569;07:55:04.497;0.0;15.563215;3135380
570;07:55:04.667;1.6;15.561170;3134728
571;07:55:04.837;0.0;15.559264;3134344
572;07:55:05.006;0.0;15.562540;3134564
573;07:55:05.177;3.0;15.558946;3134540
574;07:55:05.350;1.6;15.558628;3134484
575;07:55:05.523;3.0;15.556266;3133984
576;07:55:05.694;1.5;15.557993;3134088
577;07:55:05.863;1.6;15.557874;3134336
578;07:55:06.034;1.6;15.560495;3134608
579;07:55:06.207;0.0;15.557596;3133788
580;07:55:06.377;1.6;15.561289;3134752
581;07:55:06.547;0.0;15.560634;3134620
582;07:55:06.717;1.5;15.561408;3134776
583;07:55:06.889;1.5;15.560793;3134652
584;07:55:07.060;1.5;15.560991;3134692
585;07:55:07.231;0.0;15.560614;3134616
586;07:55:07.401;0.0;15.559661;3134340
587;07:55:07.572;1.6;15.559363;3134364
588;07:55:07.742;1.5;15.563116;3135120
589;07:55:07.913;1.6;15.560296;3134332
590;07:55:08.083;1.6;15.561726;3134840
591;07:55:08.253;3.0;15.557874;3134064
592;07:55:08.423;3.0;15.554022;3133212
593;07:55:08.594;6.0;15.551838;3132848
594;07:55:08.764;3.0;15.556762;3133512
595;07:55:08.934;1.5;15.553486;3133180
596;07:55:09.104;3.1;15.554300;3133344
597;07:55:09.274;0.0;15.551957;3133116
598;07:55:09.444;0.0;15.553704;3133224
599;07:55:09.615;1.6;15.557199;3133928
600;07:55:09.788;1.6;15.556583;3133804
601;07:55:09.959;0.0;15.555312;3133816
602;07:55:10.131;1.4;15.556861;3133860
603;07:55:10.302;1.5;15.553843;3133552
604;07:55:10.473;0.0;15.555134;3133512
605;07:55:10.643;1.5;15.553684;3133220
606;07:55:10.813;1.5;15.555412;3133568
607;07:55:10.982;1.6;15.554578;3133400
608;07:55:11.151;1.6;15.556901;3133648
609;07:55:11.321;0.0;15.555392;3133564
610;07:55:11.491;1.5;15.556484;3133564
611;07:55:11.661;0.0;15.555233;3133532
612;07:55:11.830;1.5;15.556484;3133808
613;07:55:12.001;1.5;15.556504;3133788
614;07:55:12.171;3.2;15.555809;3133648
615;07:55:12.341;3.0;15.559085;3134088
616;07:55:12.511;0.0;15.556762;3133840
617;07:55:12.682;1.5;15.555650;3133616
618;07:55:12.851;0.0;15.554379;3133140
619;07:55:13.021;0.0;15.555154;3133516
620;07:55:13.190;3.0;15.554498;3133408
621;07:55:13.361;1.6;15.552890;3133108
622;07:55:13.531;0.0;15.556722;3133832
623;07:55:13.701;1.5;15.556961;3133880
624;07:55:13.871;1.5;15.556643;3133816
625;07:55:14.041;3.0;15.557119;3133912
626;07:55:14.211;1.4;15.556683;3133824
627;07:55:14.380;0.0;15.556484;3133784
628;07:55:14.550;6.1;15.558112;3133716
629;07:55:14.720;4.5;15.555412;3133568
630;07:55:14.889;1.5;15.554141;3133312
631;07:55:15.059;1.5;15.555392;3133564
632;07:55:15.229;1.5;15.557080;3133904
633;07:55:15.399;1.5;15.555729;3133632
634;07:55:15.568;1.6;15.556742;3133836
635;07:55:15.738;2.9;15.555968;3133680
636;07:55:15.908;1.5;15.557060;3133900
637;07:55:16.077;0.0;15.557060;3133680
638;07:55:16.247;0.0;15.556603;3133808
639;07:55:16.418;2.9;15.559443;3133940
640;07:55:16.588;0.0;15.556782;3133624
641;07:55:16.757;0.0;15.555690;3133404
642;07:55:16.927;1.5;15.554836;3133452
643;07:55:17.097;4.0;15.554737;3133432
644;07:55:17.268;1.5;15.554478;3133380
645;07:55:17.438;2.8;15.551202;3132720
646;07:55:17.608;1.5;15.553704;3133272
647;07:55:17.777;1.6;15.556206;3133728
648;07:55:17.947;1.5;15.556365;3133760
649;07:55:18.116;0.0;15.555114;3133508
650;07:55:18.286;1.5;15.554955;3133476
651;07:55:18.456;0.0;15.556206;3133508
652;07:55:18.625;1.6;15.554240;3133332
653;07:55:18.795;0.0;15.553982;3133540
654;07:55:18.965;1.5;15.557100;3133908
655;07:55:19.135;0.0;15.557219;3133712
656;07:55:19.306;1.5;15.553505;3133436
657;07:55:19.477;0.0;15.557000;3133132
658;07:55:19.647;0.0;15.555451;3133356
659;07:55:19.817;0.0;15.555451;3133576
660;07:55:19.986;0.0;15.554518;3133388
661;07:55:20.156;1.5;15.556702;3133608
662;07:55:20.326;1.6;15.554697;3133180
663;07:55:20.496;0.0;15.552950;3133072
664;07:55:20.666;0.0;15.552989;3132860
665;07:55:20.835;0.0;15.550924;3132664
666;07:55:21.004;1.5;15.553188;3133120
667;07:55:21.175;1.5;15.555809;3133648
668;07:55:21.344;0.0;15.556722;3133612
669;07:55:21.514;1.5;15.555471;3133580
670;07:55:21.684;1.5;15.554220;3133328
671;07:55:21.853;1.6;15.554538;3133392
672;07:55:22.023;0.0;15.554379;3133360
673;07:55:22.192;0.0;15.553486;3133456
674;07:55:22.361;1.5;15.553128;3133140
675;07:55:22.531;0.0;15.555590;3133384
676;07:55:22.701;1.6;15.553565;3133196
677;07:55:22.870;1.6;15.552294;3132940
678;07:55:23.039;0.0;15.552334;3132728
679;07:55:23.208;1.5;15.553069;3133096
680;07:55:23.379;0.0;15.555868;3133660
681;07:55:23.549;0.0;15.557119;3133912
682;07:55:23.718;1.5;15.557119;3133692
683;07:55:23.887;1.5;15.556226;3133732
684;07:55:24.057;3.1;15.552493;3133240
685;07:55:24.227;3.2;15.556941;3133756
686;07:55:24.398;0.0;15.553505;3133184
687;07:55:24.568;0.0;15.555173;3133520
688;07:55:24.737;0.0;15.556424;3133772
689;07:55:24.906;3.0;15.556405;3133548
690;07:55:25.075;0.0;15.554042;3133552
691;07:55:25.245;0.0;15.555888;3133664
692;07:55:25.415;0.0;15.556544;3133796
693;07:55:25.584;0.0;15.555571;3133600
694;07:55:25.754;0.0;15.557139;3133916
695;07:55:25.924;0.0;15.555908;3133668
696;07:55:26.094;1.5;15.556980;3133888
697;07:55:26.263;0.0;15.555233;3133092
698;07:55:26.433;0.0;15.558092;3134108
699;07:55:26.602;0.0;15.557437;3133756
700;07:55:26.771;1.6;15.556186;3133504
701;07:55:26.940;0.0;15.555094;3133504
702;07:55:27.110;0.0;15.556663;3133820
703;07:55:27.280;1.6;15.557596;3134008
704;07:55:27.450;1.6;15.556027;3133692
705;07:55:27.620;1.5;15.555074;3133500
706;07:55:27.789;0.0;15.556027;3133472
707;07:55:27.959;0.0;15.554578;3133400
708;07:55:28.128;3.1;15.555630;3133636
709;07:55:28.298;3.1;15.556007;3133468
710;07:55:28.467;0.0;15.556563;3133580
711;07:55:28.636;0.0;15.557755;3134040
712;07:55:28.805;0.0;15.557596;3134008
713;07:55:28.975;0.0;15.555571;3133600
714;07:55:29.144;1.5;15.556524;3133792
715;07:55:29.313;0.0;15.556345;3133756
716;07:55:29.483;1.5;15.555849;3133656
717;07:55:29.652;0.0;15.554439;3133412
718;07:55:29.821;1.6;15.556941;3133656
719;07:55:29.990;3.1;15.555253;3133536
720;07:55:30.159;1.5;15.559701;3134212
721;07:55:30.329;3.1;15.558529;3134016
722;07:55:30.498;1.5;15.559820;3134456
723;07:55:30.674;2.9;15.556961;3133660
724;07:55:30.851;0.0;15.555948;3133456
725;07:55:31.020;1.5;15.555829;3133652
726;07:55:31.191;3.0;15.558509;3134192
727;07:55:31.361;1.6;15.558648;3134000
728;07:55:31.530;3.0;15.560058;3134504
729;07:55:31.700;0.0;15.560138;3134520
730;07:55:31.869;1.6;15.559939;3134260
731;07:55:32.039;0.0;15.558728;3134236
732;07:55:32.209;0.0;15.560316;3134336
733;07:55:32.379;1.5;15.558887;3134268
734;07:55:32.549;0.0;15.556484;3133784
735;07:55:32.718;1.6;15.556047;3133696
736;07:55:32.888;1.5;15.557298;3133948
737;07:55:33.060;3.0;15.560435;3134580
738;07:55:33.235;3.0;15.561905;3135152
739;07:55:33.410;1.5;15.561905;3134876
740;07:55:33.587;1.5;15.561905;3134876
741;07:55:33.763;1.5;15.563136;3135188
742;07:55:33.939;1.5;15.559939;3133908
743;07:55:34.118;1.5;15.559363;3134388
744;07:55:34.296;1.4;15.561746;3134844
745;07:55:34.476;1.5;15.562143;3134924
746;07:55:34.652;1.4;15.561508;3134576
747;07:55:34.822;0.0;15.560535;3134884
748;07:55:34.991;0.0;15.560038;3134500
749;07:55:35.160;3.0;15.559165;3134324
750;07:55:35.332;3.2;15.556822;3133632
751;07:55:35.501;0.0;15.554240;3133332
752;07:55:35.670;1.5;15.556305;3133748
753;07:55:35.839;4.6;15.559304;3134352
754;07:55:36.007;1.4;15.557953;3134080
755;07:55:36.317;1.4;15.557497;3133768
756;07:55:36.493;2.9;15.557973;3133864
757;07:55:36.663;3.0;15.561567;3134588
758;07:55:36.833;3.0;15.558589;3134208
759;07:55:37.005;1.5;15.559899;3134472
760;07:55:37.175;4.4;15.560197;3134312
761;07:55:37.345;3.0;15.559204;3134332
762;07:55:37.514;1.5;15.560336;3134560
763;07:55:37.684;0.0;15.561071;3134708
764;07:55:37.852;0.0;15.561845;3134644
765;07:55:38.021;1.6;15.562004;3134896
766;07:55:38.190;2.9;15.563255;3135148
767;07:55:38.364;1.5;15.561071;3134708
768;07:55:38.540;2.9;15.560952;3134684
769;07:55:38.709;1.5;15.559979;3134488
770;07:55:38.879;1.5;15.560912;3134676
771;07:55:39.049;1.5;15.560912;3134724
772;07:55:39.218;0.0;15.563414;3134960
773;07:55:39.387;0.0;15.563692;3135016
774;07:55:39.557;1.5;15.562421;3134980
775;07:55:39.728;1.5;15.560336;3134340
776;07:55:39.898;3.1;15.558767;3134544
777;07:55:40.068;1.5;15.561111;3134716
778;07:55:40.239;0.0;15.561111;3134496
779;07:55:40.409;1.6;15.562679;3134812
780;07:55:40.578;1.6;15.561111;3134496
781;07:55:40.747;1.5;15.558688;3134496
782;07:55:40.918;1.6;15.559860;3134464
783;07:55:41.087;1.6;15.558887;3134268
784;07:55:41.257;0.0;15.561428;3134780
785;07:55:41.426;3.1;15.560892;3134672
786;07:55:41.595;0.0;15.562322;3134740
787;07:55:41.765;0.0;15.562481;3134992
788;07:55:41.934;0.0;15.561071;3134488
789;07:55:42.104;1.5;15.562858;3135068
790;07:55:42.278;4.4;15.561805;3134856
791;07:55:42.447;3.3;15.563434;3135184
792;07:55:42.617;3.1;15.564506;3135400
793;07:55:42.787;0.0;15.564506;3135400
794;07:55:42.958;0.0;15.560912;3134904
795;07:55:43.128;3.0;15.564526;3135404
796;07:55:43.299;5.6;15.563394;3134956
797;07:55:43.470;1.6;15.563712;3135240
798;07:55:43.642;0.0;15.565062;3135512
799;07:55:43.812;0.0;15.562917;3135080
800;07:55:43.987;3.0;15.561666;3134876
801;07:55:44.164;1.6;15.560416;3134576
802;07:55:44.336;1.5;15.563037;3135104
803;07:55:44.507;1.5;15.564168;3135332
804;07:55:44.683;3.2;15.563473;3135192
805;07:55:44.853;0.0;15.563791;3135256
806;07:55:45.029;0.0;15.563076;3135112
807;07:55:45.200;1.6;15.562917;3135080
808;07:55:45.374;1.4;15.561984;3134892
809;07:55:45.551;0.0;15.561865;3134892
810;07:55:45.729;0.0;15.561905;3134656
811;07:55:45.905;3.1;15.564724;3135444
812;07:55:46.074;0.0;15.564566;3135412
813;07:55:46.247;1.6;15.564724;3135224
814;07:55:46.419;1.5;15.565697;3135640
815;07:55:46.591;0.0;15.564844;3135468
816;07:55:46.772;1.5;15.563513;3135200
817;07:55:46.943;1.5;15.563553;3135208
818;07:55:47.113;0.0;15.560138;3134520
819;07:55:47.285;0.0;15.561865;3135128
820;07:55:47.456;0.0;15.561230;3134740
821;07:55:47.625;0.0;15.560296;3134552
822;07:55:47.795;1.5;15.560296;3134332
823;07:55:47.964;0.0;15.561607;3134428
824;07:55:48.134;1.5;15.560892;3134928
825;07:55:48.305;1.6;15.559740;3134440
826;07:55:48.475;1.6;15.562123;3134920
827;07:55:48.645;3.1;15.563116;3134900
828;07:55:48.815;3.2;15.565002;3135280
829;07:55:48.984;3.2;15.562739;3135068
830;07:55:49.154;3.1;15.562540;3135004
831;07:55:49.324;1.5;15.564883;3135256
832;07:55:49.494;1.4;15.564387;3135376
833;07:55:49.663;0.0;15.565539;3135608
834;07:55:49.832;1.4;15.564446;3135388
835;07:55:50.002;1.5;15.563195;3135136
836;07:55:50.172;0.0;15.562898;3134856
837;07:55:50.342;1.6;15.562620;3135020
838;07:55:50.511;1.6;15.562560;3135008
839;07:55:50.683;0.0;15.563195;3135136
840;07:55:50.853;0.0;15.562580;3134792
841;07:55:51.022;0.0;15.561011;3134948
842;07:55:51.191;1.5;15.561170;3134972
843;07:55:51.360;0.0;15.562739;3135268
844;07:55:51.530;0.0;15.562500;3134996
845;07:55:51.700;1.6;15.562977;3135092
846;07:55:51.870;1.6;15.562977;3134872
847;07:55:52.038;0.0;15.561726;3134840
848;07:55:52.208;0.0;15.561647;3134604
849;07:55:52.376;0.0;15.560833;3134920
850;07:55:52.546;1.6;15.561845;3134872
851;07:55:52.715;0.0;15.560793;3134652
852;07:55:52.884;0.0;15.564387;3135400
853;07:55:53.054;3.0;15.560872;3134668
854;07:55:53.222;0.0;15.563215;3134920
855;07:55:53.391;1.4;15.560872;3134928
856;07:55:53.559;0.0;15.565638;3135620
857;07:55:53.728;1.5;15.564705;3135220
858;07:55:53.897;1.5;15.564466;3135172
859;07:55:54.065;0.0;15.563215;3135140
860;07:55:54.234;1.5;15.562123;3135188
861;07:55:54.403;0.0;15.563215;3134920
862;07:55:54.571;1.6;15.561726;3134840
863;07:55:54.740;1.5;15.561845;3134644
864;07:55:54.910;1.5;15.561905;3134876
865;07:55:55.080;0.0;15.559959;3134484
866;07:55:55.249;1.5;15.560118;3134516
867;07:55:55.418;1.5;15.558787;3134516
868;07:55:55.591;0.0;15.560793;3134432
869;07:55:55.760;1.5;15.559224;3134336
870;07:55:55.930;1.5;15.558132;3134116
871;07:55:56.099;0.0;15.559224;3134336
872;07:55:56.268;1.5;15.560475;3134368
873;07:55:56.437;1.5;15.560634;3134620
874;07:55:56.607;1.6;15.561845;3134864
875;07:55:56.777;0.0;15.561845;3134872
876;07:55:56.946;1.4;15.563692;3135236
877;07:55:57.115;0.0;15.563354;3135168
878;07:55:57.285;1.5;15.562739;3134824
879;07:55:57.455;1.6;15.562898;3135076
880;07:55:57.624;0.0;15.561627;3134820
881;07:55:57.793;1.6;15.561468;3134568
882;07:55:57.963;0.0;15.560416;3134576
883;07:55:58.132;0.0;15.560376;3134348
884;07:55:58.301;1.3;15.557874;3134332
885;07:55:58.470;1.5;15.563056;3135108
886;07:55:58.640;0.0;15.561805;3134856
887;07:55:58.809;1.5;15.561964;3134668
888;07:55:58.978;0.0;15.560078;3134508
889;07:55:59.147;1.6;15.558192;3134128
890;07:55:59.316;1.5;15.559641;3134420
891;07:55:59.485;1.5;15.561508;3134796
892;07:55:59.655;0.0;15.562044;3134904
893;07:55:59.824;2.9;15.561726;3134840
894;07:55:59.993;0.0;15.561627;3134868
895;07:56:00.162;1.5;15.560654;3134624
896;07:56:00.332;1.5;15.559284;3134616
897;07:56:00.501;0.0;15.562024;3134900
898;07:56:00.670;1.6;15.560535;3134600
899;07:56:00.840;1.4;15.559284;3134348
900;07:56:01.009;0.0;15.559125;3134096
901;07:56:01.178;0.0;15.558311;3134152
902;07:56:01.348;1.3;15.558033;3134096
903;07:56:01.517;1.4;15.556941;3133876
904;07:56:01.688;0.0;15.556623;3133592
905;07:56:01.858;1.6;15.557060;3133900
906;07:56:02.027;0.0;15.556742;3133836
907;07:56:02.196;1.5;15.556583;3133804
908;07:56:02.365;1.6;15.555491;3133584
909;07:56:02.534;0.0;15.559443;3134380
910;07:56:02.704;0.0;15.557834;3134088
911;07:56:02.873;0.0;15.561587;3134812
912;07:56:03.043;0.0;15.561746;3134844
913;07:56:03.213;0.0;15.561746;3134844
914;07:56:03.383;0.0;15.561587;3134592
915;07:56:03.552;1.6;15.561547;3134804
916;07:56:03.721;0.0;15.561508;3134576
917;07:56:03.890;1.5;15.561468;3134568
918;07:56:04.060;0.0;15.560416;3134356
919;07:56:04.229;1.6;15.556742;3133752
920;07:56:04.399;3.1;15.558887;3134292
921;07:56:04.568;1.5;15.560138;3134520
922;07:56:04.738;1.5;15.560078;3134288
923;07:56:04.907;1.5;15.558906;3134272
924;07:56:05.076;0.0;15.558946;3134280
925;07:56:05.245;0.0;15.560038;3134280
926;07:56:05.415;0.0;15.560197;3134312
927;07:56:05.584;1.6;15.562858;3135068
928;07:56:05.754;1.5;15.561528;3134800
929;07:56:05.923;1.4;15.560197;3134532
930;07:56:06.092;1.5;15.560038;3134280
931;07:56:06.261;0.0;15.560197;3134532
932;07:56:06.431;0.0;15.560197;3134532
933;07:56:06.600;0.0;15.560197;3134532
934;07:56:06.769;1.5;15.560197;3134792
935;07:56:06.938;10.6;15.643634;3151620
936;07:56:07.107;0.0;15.644349;3151744
937;07:56:07.277;1.5;15.646652;3151728
938;07:56:07.446;1.5;15.645600;3151736
939;07:56:07.616;0.0;15.645957;3151808
940;07:56:07.785;0.0;15.644349;3151484
941;07:56:07.955;1.5;15.644627;3151320
942;07:56:08.124;0.0;15.644349;3151484
943;07:56:08.294;0.0;15.645640;3151744
944;07:56:08.463;1.5;15.644309;3151476
945;07:56:08.633;3.1;15.646652;3151948
946;07:56:08.802;1.5;15.645401;3151476
947;07:56:08.972;0.0;15.645560;3151728
948;07:56:09.141;0.0;15.645898;3151576
949;07:56:09.311;0.0;15.643038;3151220
950;07:56:09.481;1.5;15.646632;3151724
951;07:56:09.651;1.5;15.644448;3151504
952;07:56:09.821;1.5;15.644091;3151472
953;07:56:09.991;1.5;15.644329;3151480
954;07:56:10.160;0.0;15.645342;3151684
955;07:56:10.330;1.4;15.644369;3151528
956;07:56:10.500;1.5;15.644250;3151464
957;07:56:10.669;3.1;15.582675;3138620
958;07:56:10.839;0.0;15.580054;3138312
959;07:56:11.009;0.0;15.578644;3138248
960;07:56:11.178;0.0;15.578803;3138548
961;07:56:11.348;0.0;15.578803;3138280
962;07:56:11.517;4.5;15.579061;3138332
963;07:56:11.686;1.6;15.579061;3138332
964;07:56:11.855;3.1;15.580153;3138804
965;07:56:12.031;0.0;15.580431;3138616
966;07:56:12.201;0.0;15.581722;3138648
967;07:56:12.370;1.5;15.582556;3138816
968;07:56:12.539;0.0;15.581384;3139028
969;07:56:12.709;0.0;15.580232;3138348
970;07:56:12.879;1.6;15.578823;3138064
971;07:56:13.049;10.1;15.496716;3121744
