ID; Time; Network interface; TBPS; RBPS
1;13:12:22.148;enp0s25;0;64
2;13:12:23.157;enp0s25;64;64
3;13:12:24.165;enp0s25;5281;53553
4;13:12:25.177;enp0s25;64181;1770278
5;13:12:26.185;enp0s25;0;2648
6;13:12:27.193;enp0s25;63203;2709440
7;13:12:28.203;enp0s25;155030;7162684
8;13:12:29.212;enp0s25;152180;7161620
9;13:12:30.224;enp0s25;152180;7163866
10;13:12:31.232;enp0s25;148840;7148028
11;13:12:32.240;enp0s25;152180;7161924
12;13:12:33.249;enp0s25;118510;5666400
13;13:12:34.256;enp0s25;64;64
14;13:12:35.262;enp0s25;0;458
15;13:12:36.270;enp0s25;0;0
16;13:12:37.276;enp0s25;0;64
17;13:12:38.283;enp0s25;0;0
18;13:12:39.289;enp0s25;0;64
19;13:12:40.296;enp0s25;0;0
20;13:12:41.303;enp0s25;0;64
21;13:12:42.310;enp0s25;0;1644
22;13:12:43.317;enp0s25;0;3464
23;13:12:44.324;enp0s25;0;760
24;13:12:45.331;enp0s25;64;1278
25;13:12:46.348;enp0s25;0;424
26;13:12:47.355;enp0s25;0;64
27;13:12:48.362;enp0s25;0;1150
28;13:12:49.369;enp0s25;0;64
29;13:12:50.376;enp0s25;0;0
30;13:12:51.383;enp0s25;844;4228
31;13:12:52.390;enp0s25;0;394
32;13:12:53.397;enp0s25;0;64
33;13:12:54.404;enp0s25;0;0
34;13:12:55.411;enp0s25;758;917
35;13:12:56.420;enp0s25;21505;533938
36;13:12:57.432;enp0s25;129457;5796912
37;13:12:58.454;enp0s25;133108;6050120
38;13:12:59.464;enp0s25;152250;7152880
39;13:13:00.472;enp0s25;151970;7143708
40;13:13:01.480;enp0s25;148810;7143772
41;13:13:02.488;enp0s25;133309;6203069
42;13:13:03.496;enp0s25;156376;7153370
43;13:13:04.503;enp0s25;155236;7163044
44;13:13:05.512;enp0s25;154069;6807365
45;13:13:06.526;enp0s25;140570;6396782
46;13:13:07.535;enp0s25;83504;3919604
47;13:13:08.568;enp0s25;135075;6251625
48;13:13:09.575;enp0s25;69459;2957954
49;13:13:10.587;enp0s25;22224;466559
50;13:13:11.603;enp0s25;58290;1898392
51;13:13:12.618;enp0s25;23705;510464
52;13:13:13.630;enp0s25;127721;5024270
53;13:13:14.644;enp0s25;6218;286107
54;13:13:15.652;enp0s25;0;64
55;13:13:16.659;enp0s25;0;0
56;13:13:17.666;enp0s25;0;64
57;13:13:18.674;enp0s25;64;64
58;13:13:19.681;enp0s25;0;64
59;13:13:20.688;enp0s25;0;0
60;13:13:21.695;enp0s25;0;64
61;13:13:22.703;enp0s25;0;0
62;13:13:23.710;enp0s25;0;64
63;13:13:24.717;enp0s25;0;0
64;13:13:25.725;enp0s25;0;64
65;13:13:26.734;enp0s25;0;0
66;13:13:27.741;enp0s25;0;64
67;13:13:28.748;enp0s25;64;64
68;13:13:29.755;enp0s25;0;64
69;13:13:30.762;enp0s25;0;0
70;13:13:31.769;enp0s25;0;64
71;13:13:32.776;enp0s25;127321;4201208
72;13:13:33.783;enp0s25;70;134
73;13:13:34.790;enp0s25;0;0
74;13:13:35.799;enp0s25;0;64
75;13:13:36.806;enp0s25;0;0
76;13:13:37.815;enp0s25;0;64
77;13:13:38.822;enp0s25;0;0
78;13:13:39.829;enp0s25;250;842
79;13:13:40.835;enp0s25;19617;738442
80;13:13:41.851;enp0s25;25504;978132
81;13:13:42.859;enp0s25;25324;975527
82;13:13:43.868;enp0s25;9686;356674
83;13:13:44.878;enp0s25;9000;359238
84;13:13:45.886;enp0s25;20312;683698
85;13:13:46.894;enp0s25;25914;928243
86;13:13:47.904;enp0s25;29504;1114920
87;13:13:48.912;enp0s25;26098;933347
88;13:13:49.921;enp0s25;27810;1208218
89;13:13:50.932;enp0s25;1310;16156
90;13:13:51.943;enp0s25;22488;813911
91;13:13:52.952;enp0s25;27888;1120029
92;13:13:53.962;enp0s25;11452;537738
93;13:13:54.974;enp0s25;2356;68738
94;13:13:55.985;enp0s25;49248;2223956
95;13:13:56.993;enp0s25;1888;43729
96;13:13:58.006;enp0s25;4392;75567
97;13:13:59.017;enp0s25;8930;419692
98;13:14:00.026;enp0s25;48106;2364694
99;13:14:01.038;enp0s25;18322;725571
100;13:14:02.045;enp0s25;16426;687914
101;13:14:03.059;enp0s25;8372;361655
102;13:14:04.068;enp0s25;25950;966411
103;13:14:05.076;enp0s25;5590;185146
104;13:14:06.083;enp0s25;3846;80502
105;13:14:07.092;enp0s25;11032;237647
106;13:14:08.100;enp0s25;21696;730383
107;13:14:09.109;enp0s25;9872;378758
108;13:14:10.124;enp0s25;23220;807432
109;13:14:11.139;enp0s25;13910;350165
110;13:14:12.151;enp0s25;18294;537018
111;13:14:13.158;enp0s25;22814;735638
112;13:14:14.165;enp0s25;32906;1347668
113;13:14:15.173;enp0s25;11580;365599
114;13:14:16.185;enp0s25;18952;535997
115;13:14:17.196;enp0s25;32652;1281013
116;13:14:18.208;enp0s25;25894;936028
117;13:14:19.216;enp0s25;14280;328476
118;13:14:20.227;enp0s25;19906;578669
119;13:14:21.236;enp0s25;47736;2162730
120;13:14:22.244;enp0s25;17210;476323
121;13:14:23.251;enp0s25;25380;954772
122;13:14:24.260;enp0s25;15900;407908
123;13:14:25.325;enp0s25;13248;299606
124;13:14:26.339;enp0s25;5000;165742
125;13:14:27.348;enp0s25;20364;624715
126;13:14:28.357;enp0s25;3016;33918
127;13:14:29.367;enp0s25;15880;383288
128;13:14:30.377;enp0s25;7632;127603
129;13:14:31.388;enp0s25;8936;165175
130;13:14:32.397;enp0s25;20084;689671
131;13:14:33.405;enp0s25;15060;508534
132;13:14:34.418;enp0s25;14656;293094
133;13:14:35.429;enp0s25;11750;186690
134;13:14:36.439;enp0s25;20732;672193
135;13:14:37.447;enp0s25;32734;1329723
136;13:14:38.456;enp0s25;56466;2677544
137;13:14:39.465;enp0s25;47220;2141538
138;13:14:40.476;enp0s25;45346;2015471
139;13:14:41.485;enp0s25;14122;362105
140;13:14:42.497;enp0s25;15100;364400
141;13:14:43.506;enp0s25;15574;404461
142;13:14:44.513;enp0s25;17232;466196
143;13:14:45.522;enp0s25;24306;864441
144;13:14:46.535;enp0s25;13224;243068
145;13:14:47.545;enp0s25;14260;274270
146;13:14:48.555;enp0s25;18244;542235
147;13:14:49.566;enp0s25;16812;411619
148;13:14:50.574;enp0s25;27016;1640568
149;13:14:51.584;enp0s25;11514;520094
150;13:14:52.591;enp0s25;86356;4266845
151;13:14:53.601;enp0s25;14900;667559
152;13:14:54.611;enp0s25;18000;502439
153;13:14:55.621;enp0s25;5894;181063
154;13:14:56.628;enp0s25;21964;743084
155;13:14:57.636;enp0s25;36516;1528241
156;13:14:58.643;enp0s25;4964;132153
157;13:14:59.656;enp0s25;17462;470635
158;13:15:00.670;enp0s25;8976;139981
159;13:15:01.682;enp0s25;21136;776742
160;13:15:02.691;enp0s25;11231;181433
161;13:15:03.702;enp0s25;23122;968128
162;13:15:04.718;enp0s25;36842;1933828
163;13:15:05.727;enp0s25;91606;4707042
164;13:15:06.739;enp0s25;11738;210497
165;13:15:07.747;enp0s25;14078;329261
166;13:15:08.757;enp0s25;55902;2841757
167;13:15:09.765;enp0s25;12316;310698
168;13:15:10.771;enp0s25;0;0
169;13:15:11.778;enp0s25;10169;4439
170;13:15:12.784;enp0s25;602;5395
171;13:15:13.791;enp0s25;0;2462
172;13:15:14.797;enp0s25;0;898
173;13:15:15.804;enp0s25;0;632
174;13:15:16.810;enp0s25;0;1284
175;13:15:17.817;enp0s25;0;64
176;13:15:18.824;enp0s25;0;0
177;13:15:19.831;enp0s25;64;1780
178;13:15:20.837;enp0s25;0;0
179;13:15:21.844;enp0s25;0;64
180;13:15:22.850;enp0s25;0;0
181;13:15:23.858;enp0s25;0;64
182;13:15:24.865;enp0s25;0;0
183;13:15:25.872;enp0s25;0;64
184;13:15:26.879;enp0s25;0;0
185;13:15:27.885;enp0s25;0;64
186;13:15:28.892;enp0s25;0;0
187;13:15:29.898;enp0s25;64;128
188;13:15:30.905;enp0s25;46347;445351
189;13:15:31.912;enp0s25;178347;6086097
190;13:15:32.919;enp0s25;137943;7114132
191;13:15:33.926;enp0s25;67925;2796662
192;13:15:34.933;enp0s25;90593;2274659
193;13:15:35.940;enp0s25;55067;583074
194;13:15:36.947;enp0s25;95045;3644996
195;13:15:37.953;enp0s25;56853;866739
196;13:15:38.960;enp0s25;60670;932036
197;13:15:39.967;enp0s25;30474;265371
198;13:15:40.974;enp0s25;59482;743152
199;13:15:41.981;enp0s25;35875;338774
200;13:15:42.987;enp0s25;53631;800520
201;13:15:43.994;enp0s25;60588;1071572
202;13:15:45.000;enp0s25;45020;1297167
203;13:15:46.007;enp0s25;59053;883172
204;13:15:47.014;enp0s25;47976;831771
205;13:15:48.022;enp0s25;25310;438780
206;13:15:49.028;enp0s25;55614;905871
207;13:15:50.036;enp0s25;37520;1993977
208;13:15:51.044;enp0s25;25691;219584
209;13:15:52.054;enp0s25;45627;166980
210;13:15:53.062;enp0s25;34680;838326
211;13:15:54.069;enp0s25;40202;753025
212;13:15:55.075;enp0s25;72907;1763495
213;13:15:56.082;enp0s25;38990;570773
214;13:15:57.089;enp0s25;53034;775174
215;13:15:58.095;enp0s25;39938;320132
216;13:15:59.103;enp0s25;31864;222346
217;13:16:00.110;enp0s25;45972;435132
218;13:16:01.116;enp0s25;45851;381344
219;13:16:02.123;enp0s25;29424;438598
220;13:16:03.130;enp0s25;40688;446272
221;13:16:04.137;enp0s25;60050;1757152
222;13:16:05.143;enp0s25;38821;607941
223;13:16:06.150;enp0s25;38945;545016
224;13:16:07.156;enp0s25;43562;690749
225;13:16:08.166;enp0s25;20773;236895
226;13:16:09.183;enp0s25;0;64
227;13:16:10.191;enp0s25;0;0
228;13:16:11.197;enp0s25;0;64
229;13:16:12.204;enp0s25;0;0
230;13:16:13.211;enp0s25;0;64
231;13:16:14.217;enp0s25;64;64
232;13:16:15.224;enp0s25;0;64
233;13:16:16.230;enp0s25;0;0
234;13:16:17.237;enp0s25;61120;1606849
235;13:16:18.246;enp0s25;47050;2066102
236;13:16:19.255;enp0s25;960;64
237;13:16:20.262;enp0s25;44646;829095
238;13:16:21.272;enp0s25;47008;907237
239;13:16:22.279;enp0s25;20104;356305
240;13:16:23.285;enp0s25;11552;179340
241;13:16:24.298;enp0s25;22885;249743
242;13:16:25.307;enp0s25;89249;1302133
243;13:16:26.314;enp0s25;320;7357
244;13:16:27.320;enp0s25;3219;4247
245;13:16:28.328;enp0s25;97284;2947627
246;13:16:29.335;enp0s25;72030;1867824
247;13:16:30.351;enp0s25;66932;1634533
248;13:16:31.360;enp0s25;164486;3619042
249;13:16:32.367;enp0s25;70646;2024368
250;13:16:33.377;enp0s25;21568;300526
251;13:16:34.387;enp0s25;98979;1952359
252;13:16:35.394;enp0s25;59465;1362026
253;13:16:36.401;enp0s25;192;3522
254;13:16:37.408;enp0s25;1920;1024
255;13:16:38.415;enp0s25;91677;2032046
256;13:16:39.422;enp0s25;76684;1748134
257;13:16:40.430;enp0s25;31700;1031898
258;13:16:41.441;enp0s25;27802;504322
259;13:16:42.449;enp0s25;52870;1085239
260;13:16:43.457;enp0s25;18988;244193
261;13:16:44.467;enp0s25;38452;865286
262;13:16:45.474;enp0s25;49215;612689
263;13:16:46.485;enp0s25;129273;2334156
264;13:16:47.492;enp0s25;20879;790082
265;13:16:48.498;enp0s25;0;0
266;13:16:49.505;enp0s25;0;64
267;13:16:50.511;enp0s25;3534;4364
268;13:16:51.518;enp0s25;0;64
269;13:16:52.524;enp0s25;0;0
270;13:16:53.531;enp0s25;0;64
271;13:16:54.537;enp0s25;0;0
272;13:16:55.544;enp0s25;0;64
273;13:16:56.551;enp0s25;0;0
274;13:16:57.558;enp0s25;0;64
275;13:16:58.565;enp0s25;64;64
276;13:16:59.572;enp0s25;0;64
277;13:17:00.583;enp0s25;0;0
278;13:17:01.590;enp0s25;0;64
279;13:17:02.597;enp0s25;0;0
280;13:17:03.603;enp0s25;0;64
281;13:17:04.610;enp0s25;0;114
282;13:17:05.617;enp0s25;0;64
283;13:17:06.624;enp0s25;0;0
284;13:17:07.631;enp0s25;0;64
285;13:17:08.638;enp0s25;0;0
286;13:17:09.645;enp0s25;64;128
287;13:17:10.651;enp0s25;0;0
288;13:17:11.658;enp0s25;0;64
289;13:17:12.665;enp0s25;0;1644
290;13:17:13.672;enp0s25;0;3464
291;13:17:14.680;enp0s25;0;760
292;13:17:15.687;enp0s25;0;1214
293;13:17:16.693;enp0s25;0;424
294;13:17:17.703;enp0s25;0;64
295;13:17:18.711;enp0s25;0;1150
296;13:17:19.720;enp0s25;0;64
297;13:17:20.728;enp0s25;9913;220326
298;13:17:21.735;enp0s25;2008;3763
299;13:17:22.771;enp0s25;12973;130289
300;13:17:23.778;enp0s25;0;64
301;13:17:24.785;enp0s25;13501;280212
302;13:17:25.791;enp0s25;0;458
303;13:17:26.798;enp0s25;0;0
304;13:17:27.805;enp0s25;0;64
305;13:17:28.811;enp0s25;0;0
306;13:17:29.818;enp0s25;0;64
307;13:17:30.824;enp0s25;0;0
308;13:17:31.832;enp0s25;64;128
309;13:17:32.838;enp0s25;0;0
310;13:17:33.845;enp0s25;140;235
311;13:17:34.851;enp0s25;10368;215283
312;13:17:35.857;enp0s25;36142;1297643
313;13:17:36.864;enp0s25;46364;1817607
314;13:17:37.872;enp0s25;42994;1728238
315;13:17:38.878;enp0s25;7630;260533
316;13:17:39.885;enp0s25;0;64
317;13:17:40.897;enp0s25;0;0
318;13:17:41.904;enp0s25;0;64
319;13:17:42.917;enp0s25;64;64
320;13:17:43.932;enp0s25;0;64
321;13:17:44.939;enp0s25;0;0
322;13:17:45.946;enp0s25;0;64
323;13:17:46.952;enp0s25;0;0
324;13:17:47.959;enp0s25;0;64
325;13:17:48.966;enp0s25;0;0
326;13:17:49.973;enp0s25;2230;46356
327;13:17:50.979;enp0s25;38400;1324043
328;13:17:51.986;enp0s25;0;64
329;13:17:52.993;enp0s25;64;64
330;13:17:54.000;enp0s25;0;64
331;13:17:55.006;enp0s25;0;0
332;13:17:56.014;enp0s25;43720;1303260
333;13:17:57.022;enp0s25;103868;5088359
334;13:17:58.030;enp0s25;0;64
335;13:17:59.037;enp0s25;0;0
336;13:18:00.044;enp0s25;0;64
337;13:18:01.051;enp0s25;790;676
338;13:18:02.066;enp0s25;12431;324990
339;13:18:03.074;enp0s25;0;0
340;13:18:04.081;enp0s25;64;128
341;13:18:05.088;enp0s25;0;0
342;13:18:06.095;enp0s25;0;64
343;13:18:07.102;enp0s25;0;0
344;13:18:08.109;enp0s25;0;64
345;13:18:09.116;enp0s25;231;273
346;13:18:10.126;enp0s25;7365;44268
347;13:18:11.133;enp0s25;28410;448751
348;13:18:12.140;enp0s25;22125;579041
349;13:18:13.147;enp0s25;6455;30379
350;13:18:14.154;enp0s25;78758;1788001
351;13:18:15.163;enp0s25;111672;2932768
352;13:18:16.170;enp0s25;118609;3625854
353;13:18:17.181;enp0s25;28380;959951
354;13:18:18.188;enp0s25;803;2000
355;13:18:19.195;enp0s25;15079;284654
356;13:18:20.203;enp0s25;3488;43359
357;13:18:21.210;enp0s25;18251;260066
358;13:18:22.221;enp0s25;51803;1238225
359;13:18:23.229;enp0s25;7962;148488
360;13:18:24.237;enp0s25;2563;5479
361;13:18:25.243;enp0s25;7500;110804
362;13:18:26.250;enp0s25;24303;598396
363;13:18:27.256;enp0s25;27548;722829
364;13:18:28.267;enp0s25;22492;662480
365;13:18:29.282;enp0s25;101721;3983183
366;13:18:30.290;enp0s25;68880;2788886
367;13:18:31.298;enp0s25;45240;1650657
368;13:18:32.305;enp0s25;100889;3945700
369;13:18:33.312;enp0s25;9231;161156
370;13:18:34.319;enp0s25;5061;192123
371;13:18:35.325;enp0s25;0;64
372;13:18:36.332;enp0s25;0;0
373;13:18:37.339;enp0s25;64;128
374;13:18:38.346;enp0s25;0;0
375;13:18:39.353;enp0s25;0;64
376;13:18:40.362;enp0s25;0;0
377;13:18:41.375;enp0s25;420;539
378;13:18:42.384;enp0s25;0;0
