ID; Time; CPU %; MEM %; MEM KiB
1;13:12:22.148;5.9;11.561061;2329168
2;13:12:22.328;3.1;11.559254;2328820
3;13:12:22.499;4.6;11.558123;2328332
4;13:12:22.672;0.0;11.569262;2330964
5;13:12:22.844;3.0;11.571109;2330948
6;13:12:23.014;1.5;11.568666;2330456
7;13:12:23.184;3.2;11.570791;2330884
8;13:12:23.353;1.5;11.573769;2331264
9;13:12:23.523;1.5;11.574365;2331392
10;13:12:23.693;1.6;11.575279;2331788
11;13:12:23.862;3.1;11.574802;2331472
12;13:12:24.032;1.6;11.574306;2331592
13;13:12:24.204;1.5;11.574901;2331768
14;13:12:24.379;0.0;11.575100;2331752
15;13:12:24.555;1.5;11.576430;2331800
16;13:12:24.730;1.5;11.576668;2332068
17;13:12:24.905;0.0;11.575576;2331628
18;13:12:25.080;3.2;11.574683;2331668
19;13:12:25.252;1.6;11.569897;2330728
20;13:12:25.427;3.0;11.574703;2331452
21;13:12:25.598;1.6;11.572836;2331736
22;13:12:25.768;1.5;11.573809;2331500
23;13:12:25.943;0.0;11.576232;2331760
24;13:12:26.111;1.5;11.576470;2332288
25;13:12:26.283;1.5;11.575755;2331884
26;13:12:26.452;1.5;11.586319;2333792
27;13:12:26.622;0.0;11.585922;2333932
28;13:12:26.790;1.6;11.891175;2395048
29;13:12:26.960;0.0;11.887661;2394716
30;13:12:27.129;0.0;11.889845;2395156
31;13:12:27.299;3.1;11.893340;2395860
32;13:12:27.471;1.6;11.894035;2396056
33;13:12:27.648;4.4;11.891493;2395268
34;13:12:27.822;3.4;11.893618;2396240
35;13:12:27.993;1.5;11.892248;2395640
36;13:12:28.165;4.7;11.895822;2396360
37;13:12:28.338;5.8;11.896894;2396800
38;13:12:28.513;4.3;11.894174;2396028
39;13:12:28.685;13.0;11.894630;2396120
40;13:12:28.856;7.6;11.892128;2395616
41;13:12:29.027;5.0;11.890580;2395304
42;13:12:29.197;10.0;11.893677;2395928
43;13:12:29.368;13.9;11.893935;2395760
44;13:12:29.541;9.1;11.891235;2395216
45;13:12:29.713;8.5;11.894015;2395996
46;13:12:29.885;11.9;11.892585;2395708
47;13:12:30.056;13.7;11.890242;2395016
48;13:12:30.228;12.7;11.891652;2395520
49;13:12:30.399;16.2;11.891652;2395488
50;13:12:30.570;10.1;11.892069;2395604
51;13:12:30.741;11.4;11.891950;2395580
52;13:12:30.913;7.5;11.891553;2395500
53;13:12:31.087;9.5;11.894035;2395860
54;13:12:31.257;5.6;11.888415;2394868
55;13:12:31.431;7.5;11.887820;2394560
56;13:12:31.602;3.1;11.889686;2395124
57;13:12:31.773;3.2;11.889071;2394780
58;13:12:31.944;0.0;11.891572;2395504
59;13:12:32.116;0.0;11.893320;2395856
60;13:12:32.288;0.0;11.891870;2395580
61;13:12:32.561;1.9;11.893419;2395436
62;13:12:32.735;3.7;11.891334;2395456
63;13:12:32.907;1.9;11.892943;2395796
64;13:12:33.078;2.0;11.889805;2394928
65;13:12:33.252;0.0;11.889646;2394896
66;13:12:33.426;0.0;11.891731;2395316
67;13:12:33.596;0.0;11.891672;2395524
68;13:12:33.768;0.0;11.891096;2395628
69;13:12:33.940;0.0;11.892665;2395724
70;13:12:34.109;1.5;11.899178;2397036
71;13:12:34.278;3.0;11.907696;2398532
72;13:12:34.448;4.4;11.967623;2411068
73;13:12:34.618;3.1;12.121789;2441880
74;13:12:34.788;0.0;12.265510;2471100
75;13:12:34.957;1.4;12.451922;2508164
76;13:12:35.126;3.2;12.552893;2528864
77;13:12:35.296;3.0;12.558115;2529776
78;13:12:35.467;4.3;12.556129;2529156
79;13:12:35.638;4.4;12.572570;2532940
80;13:12:35.808;0.0;12.677492;2554336
81;13:12:35.978;1.5;12.736962;2565720
82;13:12:36.148;4.6;12.796571;2577812
83;13:12:36.319;0.0;12.802926;2579140
84;13:12:36.490;0.0;12.803065;2579364
85;13:12:36.658;0.0;12.805566;2579624
86;13:12:36.828;0.0;12.804474;2579404
87;13:12:36.997;1.6;12.803184;2578924
88;13:12:37.167;1.5;12.805169;2578600
89;13:12:37.336;1.5;12.804673;2579688
90;13:12:37.505;3.0;12.806897;2579892
91;13:12:37.674;1.6;12.825939;2583728
92;13:12:37.844;1.6;12.825939;2583728
93;13:12:38.013;0.0;12.833227;2585444
94;13:12:38.183;0.0;12.833008;2585152
95;13:12:38.353;0.0;12.834497;2585232
96;13:12:38.522;1.6;12.833366;2585224
97;13:12:38.691;0.0;12.832929;2585176
98;13:12:38.860;1.6;12.832929;2585136
99;13:12:39.030;0.0;12.833246;2584980
100;13:12:39.198;1.6;12.833127;2584956
101;13:12:39.367;1.5;12.833127;2584956
102;13:12:39.536;0.0;12.833088;2585168
103;13:12:39.705;1.5;12.831678;2584884
104;13:12:39.874;1.6;12.831678;2584884
105;13:12:40.043;0.0;12.834219;2585176
106;13:12:40.212;1.4;12.833167;2585184
107;13:12:40.380;1.5;12.833088;2584948
108;13:12:40.550;0.0;12.834319;2585416
109;13:12:40.719;3.1;12.832551;2585316
110;13:12:40.888;1.5;12.833584;2585536
111;13:12:41.057;2.9;12.834061;2585364
112;13:12:41.226;0.0;12.833445;2585240
113;13:12:41.396;1.6;12.834219;2585444
114;13:12:41.565;0.0;12.835669;2585688
115;13:12:41.733;0.0;12.835351;2585404
116;13:12:41.902;1.5;12.835788;2585972
117;13:12:42.072;0.0;12.845557;2587680
118;13:12:42.242;0.0;12.846550;2587880
119;13:12:42.412;0.0;12.845220;2587392
120;13:12:42.581;1.5;12.897740;2602328
121;13:12:42.753;1.6;13.022320;2623288
122;13:12:42.922;1.5;13.115566;2641852
123;13:12:43.091;0.0;13.156153;2652012
124;13:12:43.260;5.8;13.224479;2664012
125;13:12:43.429;0.0;13.222334;2663612
126;13:12:43.598;0.0;13.221242;2663360
127;13:12:43.766;1.5;13.223744;2664132
128;13:12:43.935;1.5;13.222434;2663380
129;13:12:44.104;0.0;13.221341;2663380
130;13:12:44.272;3.1;13.220408;2663712
131;13:12:44.442;0.0;13.226266;2664428
132;13:12:44.616;0.0;13.228966;2664916
133;13:12:44.792;0.0;13.228768;2664656
134;13:12:44.967;1.5;13.227596;2664420
135;13:12:45.143;1.5;13.225491;2664216
136;13:12:45.317;1.5;13.225253;2663948
137;13:12:45.493;1.5;13.226544;2664476
138;13:12:45.666;1.5;13.225730;2664264
139;13:12:45.837;1.5;13.227298;2664140
140;13:12:46.013;0.0;13.226445;2664408
141;13:12:46.185;1.5;13.226405;2664920
142;13:12:46.359;1.5;13.228907;2664684
143;13:12:46.534;1.5;13.225392;2664456
144;13:12:46.703;0.0;13.226603;2664220
145;13:12:46.872;1.5;13.225511;2664496
146;13:12:47.041;0.0;13.225670;2664512
147;13:12:47.210;2.9;13.227040;2664528
148;13:12:47.380;3.1;13.226842;2664488
149;13:12:47.550;3.0;13.225432;2664204
150;13:12:47.719;0.0;13.224141;2664188
151;13:12:47.889;1.5;13.225233;2664164
152;13:12:48.058;0.0;13.222870;2663688
153;13:12:48.228;2.9;13.224379;2663992
154;13:12:48.398;1.5;13.224518;2664264
155;13:12:48.569;1.5;13.388056;2696744
156;13:12:48.739;0.0;13.398382;2699044
157;13:12:48.909;0.0;13.399474;2699264
158;13:12:49.079;0.0;13.402135;2699580
159;13:12:49.248;1.4;13.400070;2699384
160;13:12:49.418;1.6;13.402016;2699556
161;13:12:49.587;0.0;13.400725;2699516
162;13:12:49.757;0.0;13.400963;2699344
163;13:12:49.927;0.0;13.429656;2705344
164;13:12:50.096;0.0;13.429656;2705360
165;13:12:50.267;1.6;13.432237;2705864
166;13:12:50.436;0.0;13.429815;2705416
167;13:12:50.606;0.0;13.429656;2705344
168;13:12:50.776;0.0;13.429775;2705612
169;13:12:50.945;1.5;13.431105;2705636
170;13:12:51.114;1.5;13.430510;2705516
171;13:12:51.284;1.6;13.430132;2705440
172;13:12:51.454;0.0;13.430946;2705604
173;13:12:51.623;0.0;13.432197;2705856
174;13:12:51.792;0.0;13.431999;2705816
175;13:12:51.962;1.5;13.430152;2705444
176;13:12:52.132;3.2;13.431244;2705664
177;13:12:52.303;1.5;13.430033;2705420
178;13:12:52.473;3.2;13.429974;2705408
179;13:12:52.643;1.5;13.432217;2705860
180;13:12:52.813;3.0;13.503224;2720164
181;13:12:52.982;1.5;13.502867;2719872
182;13:12:53.152;3.0;13.500524;2719920
183;13:12:53.322;0.0;13.503423;2720204
184;13:12:53.493;0.0;13.502291;2719976
185;13:12:53.662;1.5;13.501675;2719852
186;13:12:53.833;0.0;13.503204;2720160
187;13:12:54.003;0.0;13.502430;2720004
188;13:12:54.173;1.5;13.501457;2719588
189;13:12:54.342;0.0;13.504237;2720368
190;13:12:54.513;0.0;13.502708;2720060
191;13:12:54.682;0.0;13.502549;2720028
192;13:12:54.852;0.0;13.503800;2720060
193;13:12:55.021;1.5;13.503045;2720396
194;13:12:55.190;0.0;13.503780;2720276
195;13:12:55.360;1.5;13.504078;2720336
196;13:12:55.533;1.5;13.502529;2720024
197;13:12:55.705;1.5;13.506242;2720772
198;13:12:55.874;1.5;13.505230;2720568
199;13:12:56.043;1.5;13.507652;2721056
200;13:12:56.212;3.0;13.505567;2720636
201;13:12:56.386;5.8;13.505885;2720700
202;13:12:56.566;4.3;13.506322;2720788
203;13:12:56.745;1.5;13.507414;2721008
204;13:12:56.922;1.6;13.507732;2721348
205;13:12:57.099;1.5;13.506262;2720776
206;13:12:57.275;4.3;13.507315;2721052
207;13:12:57.448;3.2;13.504614;2720808
208;13:12:57.622;4.4;13.505746;2720452
209;13:12:57.793;1.8;13.506481;2720380
210;13:12:57.964;0.0;13.505110;2720852
211;13:12:58.139;0.0;13.517541;2723048
212;13:12:58.315;1.5;13.525682;2724468
213;13:12:58.494;6.1;13.504912;2720504
214;13:12:58.669;1.6;13.503125;2720144
215;13:12:58.841;1.5;13.508963;2721320
216;13:12:59.017;4.6;13.501457;2719864
217;13:12:59.188;1.6;13.503026;2720344
218;13:12:59.359;1.6;13.502867;2720312
219;13:12:59.530;0.0;13.505527;2720628
220;13:12:59.702;1.6;13.505289;2720580
221;13:12:59.873;1.5;13.506183;2720540
222;13:13:00.044;0.0;13.503443;2719988
223;13:13:00.215;0.0;13.504415;2720404
224;13:13:00.386;0.0;13.501993;2720272
225;13:13:00.557;0.0;13.505607;2720644
226;13:13:00.729;0.0;13.506878;2720680
227;13:13:00.900;0.0;13.507811;2721088
228;13:13:01.072;0.0;13.505587;2720640
229;13:13:01.244;0.0;13.503125;2720144
230;13:13:01.417;2.9;13.499054;2719324
231;13:13:01.589;1.5;13.501338;2720076
232;13:13:01.760;5.4;13.504872;2720276
233;13:13:01.933;7.8;13.505488;2720660
234;13:13:02.104;1.5;13.506262;2720816
235;13:13:02.276;0.0;13.505944;2720712
236;13:13:02.448;2.7;13.503800;2720376
237;13:13:02.621;0.0;13.506183;2720760
238;13:13:02.793;1.5;13.505964;2720496
239;13:13:02.969;2.9;13.505031;2720528
240;13:13:03.141;1.5;13.506282;2720780
241;13:13:03.313;5.4;13.505587;2720640
242;13:13:03.485;1.5;13.507493;2721024
243;13:13:03.661;4.5;13.511623;2721940
244;13:13:03.837;6.0;13.503899;2720568
245;13:13:04.007;3.0;13.508446;2719844
246;13:13:04.189;1.4;13.503264;2720692
247;13:13:04.362;4.2;13.506123;2720084
248;13:13:04.534;4.3;13.505786;2720680
249;13:13:04.711;1.5;13.513927;2722320
250;13:13:04.882;3.0;13.502688;2719844
251;13:13:05.054;3.0;13.508089;2721144
252;13:13:05.232;1.4;13.502152;2719948
253;13:13:05.404;5.6;13.503462;2720212
254;13:13:05.576;2.9;13.507255;2720976
255;13:13:05.753;1.5;13.507871;2721100
256;13:13:05.927;3.1;13.502410;2720000
257;13:13:06.100;1.4;13.504217;2720364
258;13:13:06.273;4.4;13.504276;2720156
259;13:13:06.445;5.9;13.503065;2720448
260;13:13:06.617;4.5;13.503224;2720120
261;13:13:06.789;2.8;13.501199;2719772
262;13:13:06.962;4.8;13.506679;2720640
263;13:13:07.136;3.9;13.504356;2720392
264;13:13:07.307;4.6;13.503264;2720172
265;13:13:07.479;2.8;13.503959;2720092
266;13:13:07.652;1.4;13.500980;2719964
267;13:13:07.825;2.9;13.502549;2720272
268;13:13:08.001;0.0;13.503721;2720264
269;13:13:08.177;0.0;13.504852;2720492
270;13:13:08.353;4.1;13.506083;2720740
271;13:13:08.523;3.9;13.505448;2720612
272;13:13:08.695;10.1;13.503800;2720280
273;13:13:08.868;14.5;13.503125;2720160
274;13:13:09.040;3.0;13.505051;2720532
275;13:13:09.214;12.8;13.504693;2720460
276;13:13:09.386;16.7;13.502728;2720308
277;13:13:09.557;14.5;13.505925;2720708
278;13:13:09.729;13.9;13.505865;2720696
279;13:13:09.901;1.5;13.508387;2721204
280;13:13:10.074;1.6;13.504654;2720232
281;13:13:10.246;7.6;13.503840;2720288
282;13:13:10.422;1.5;13.502192;2719956
283;13:13:10.598;1.5;13.506064;2720980
284;13:13:10.777;1.5;13.505130;2720548
285;13:13:10.955;4.5;13.507096;2720944
286;13:13:11.129;3.1;13.506123;2720772
287;13:13:11.308;4.4;13.503284;2720176
288;13:13:11.485;1.6;13.508029;2720472
289;13:13:11.657;3.3;13.507334;2720992
290;13:13:11.832;3.1;13.503860;2720312
291;13:13:12.005;6.2;13.501775;2720320
292;13:13:12.177;3.2;13.501397;2719796
293;13:13:12.353;3.0;13.503820;2720284
294;13:13:12.526;2.9;13.505984;2720720
295;13:13:12.705;1.5;13.506739;2720872
296;13:13:12.881;5.8;13.507056;2720936
297;13:13:13.061;6.1;13.508149;2721156
298;13:13:13.239;5.9;13.508903;2721308
299;13:13:13.414;4.3;13.505567;2720636
300;13:13:13.595;3.2;13.507076;2720720
301;13:13:13.768;1.9;13.505647;2720888
302;13:13:13.939;1.7;13.510511;2721412
303;13:13:14.116;3.1;13.512517;2721816
304;13:13:14.289;4.8;13.501298;2720392
305;13:13:14.465;1.7;13.502509;2720068
306;13:13:14.635;0.0;13.503780;2720276
307;13:13:14.806;1.5;13.504038;2720328
308;13:13:14.976;3.1;13.515317;2722860
309;13:13:15.146;5.8;13.523795;2724576
310;13:13:15.318;4.5;13.522783;2724372
311;13:13:15.489;4.4;13.532234;2726040
312;13:13:15.661;3.0;13.654789;2751140
313;13:13:15.831;1.5;13.799840;2779916
314;13:13:16.001;0.0;13.946103;2809648
315;13:13:16.170;1.6;14.150625;2850580
316;13:13:16.338;6.2;14.160712;2852504
317;13:13:16.509;1.5;14.282293;2877196
318;13:13:16.680;2.9;14.283207;2877548
319;13:13:16.850;4.5;14.284775;2877856
320;13:13:17.021;1.5;14.427246;2906304
321;13:13:17.191;1.6;14.569458;2936780
322;13:13:17.361;2.9;14.707103;2962456
323;13:13:17.532;3.1;14.777117;2976784
324;13:13:17.702;4.5;14.817207;2984860
325;13:13:17.873;1.5;14.818260;2985316
326;13:13:18.043;2.9;14.819888;2985400
327;13:13:18.215;1.5;14.817704;2984960
328;13:13:18.386;1.5;14.818855;2985192
329;13:13:18.557;3.0;14.829300;2987292
330;13:13:18.728;4.4;14.837739;2988996
331;13:13:18.898;1.6;15.022444;3026204
332;13:13:19.069;2.9;15.075083;3037052
333;13:13:19.239;0.0;15.106000;3043304
334;13:13:19.409;2.9;15.104312;3042696
335;13:13:19.579;4.4;15.104590;3042252
336;13:13:19.751;5.9;15.107152;3043268
337;13:13:19.922;1.6;15.105464;3043148
338;13:13:20.093;3.1;15.270491;3076112
339;13:13:20.263;4.4;15.267453;3075804
340;13:13:20.433;1.5;15.268505;3075772
341;13:13:20.606;2.9;15.269180;3075712
342;13:13:20.776;4.5;15.268346;3075984
343;13:13:20.947;3.0;15.264911;3075048
344;13:13:21.117;4.2;15.263780;3074820
345;13:13:21.288;4.2;15.266798;3075428
346;13:13:21.459;4.5;15.270173;3076376
347;13:13:21.630;4.5;15.270213;3076148
348;13:13:21.801;6.2;15.277778;3077908
349;13:13:21.972;1.5;15.277163;3077516
350;13:13:22.142;3.0;15.284927;3079348
351;13:13:22.313;4.6;15.287965;3079936
352;13:13:22.483;3.0;15.298469;3082320
353;13:13:22.655;3.0;15.310899;3084572
354;13:13:22.826;3.1;15.309350;3084000
355;13:13:22.996;4.3;15.318107;3086016
356;13:13:23.166;3.0;15.328968;3088196
357;13:13:23.337;1.6;15.370349;3096288
358;13:13:23.508;3.0;15.380655;3098364
359;13:13:23.678;0.0;15.386076;3099236
360;13:13:23.847;3.0;15.377934;3098060
361;13:13:24.018;5.9;15.378351;3097900
362;13:13:24.189;0.0;15.379821;3098196
363;13:13:24.359;4.4;15.382045;3098928
364;13:13:24.528;4.5;15.381231;3098260
365;13:13:24.701;3.1;15.379027;3098036
366;13:13:24.872;3.1;15.378649;3098212
367;13:13:25.042;4.5;15.382104;3098436
368;13:13:25.214;1.5;15.378947;3097936
369;13:13:25.385;4.4;15.382482;3098732
370;13:13:25.555;3.0;15.380893;3098632
371;13:13:25.727;6.0;15.383355;3099168
372;13:13:25.898;2.8;15.383276;3098892
373;13:13:26.070;3.1;15.384606;3099160
374;13:13:26.240;3.1;15.382879;3099064
375;13:13:26.411;2.9;15.383316;3098900
376;13:13:26.582;2.9;15.381687;3098436
377;13:13:26.754;1.5;15.381111;3098456
378;13:13:26.924;2.9;15.382660;3098768
379;13:13:27.095;3.0;15.379622;3098400
380;13:13:27.266;2.9;15.381648;3098808
381;13:13:27.438;2.9;15.384666;3098844
382;13:13:27.608;6.1;15.383117;3098860
383;13:13:27.780;3.1;15.385162;3099312
384;13:13:27.951;1.6;15.385142;3099048
385;13:13:28.122;4.8;15.385857;3099412
386;13:13:28.293;4.7;15.387744;3099604
387;13:13:28.464;5.9;15.386393;3099300
388;13:13:28.634;4.6;15.386215;3099744
389;13:13:28.803;0.0;15.384428;3098904
390;13:13:28.973;4.7;15.384328;3099104
391;13:13:29.142;4.6;15.380516;3098580
392;13:13:29.314;3.1;15.380655;3098616
393;13:13:29.484;1.5;15.381687;3098352
394;13:13:29.654;1.6;15.384150;3099000
395;13:13:29.823;1.5;15.380833;3098644
396;13:13:29.992;0.0;15.383335;3098944
397;13:13:30.161;1.3;15.382382;3098752
398;13:13:30.330;1.5;15.380198;3098272
399;13:13:30.499;0.0;15.380198;3098272
400;13:13:30.668;1.6;15.380198;3098272
401;13:13:30.838;0.0;15.381568;3098328
402;13:13:31.007;0.0;15.381290;3098492
403;13:13:31.176;1.5;15.382541;3098744
404;13:13:31.345;0.0;15.382541;3098744
405;13:13:31.514;0.0;15.382541;3098744
406;13:13:31.683;1.6;15.382819;3098800
407;13:13:31.852;0.0;15.381727;3098580
408;13:13:32.021;0.0;15.381727;3098580
409;13:13:32.190;1.4;15.382720;3098560
410;13:13:32.359;1.5;15.380873;3098408
411;13:13:32.528;1.5;15.382541;3098744
412;13:13:32.697;4.4;15.381608;3098816
413;13:13:32.873;4.5;15.383395;3098916
414;13:13:33.050;1.6;15.385559;3098912
415;13:13:33.225;1.8;15.386651;3099832
416;13:13:33.397;0.0;15.387049;3099920
417;13:13:33.571;3.2;15.381886;3098628
418;13:13:33.741;0.0;15.385222;3099284
419;13:13:33.911;1.6;15.384110;3099060
420;13:13:34.081;1.6;15.388141;3099652
421;13:13:34.251;1.5;15.386771;3099512
422;13:13:34.421;0.0;15.382819;3098800
423;13:13:34.592;1.5;15.381191;3098716
424;13:13:34.761;3.1;15.384070;3098832
425;13:13:34.932;3.0;15.381211;3098476
426;13:13:35.101;0.0;15.377418;3097972
427;13:13:35.271;3.0;15.379920;3097996
428;13:13:35.440;0.0;15.377577;3097744
429;13:13:35.609;2.7;15.381092;3098644
430;13:13:35.779;0.0;15.402775;3102820
431;13:13:35.949;1.6;15.402020;3102668
432;13:13:36.118;0.0;15.404363;3102920
433;13:13:36.287;0.0;15.402993;3102644
434;13:13:36.455;1.4;15.401862;3102636
435;13:13:36.626;0.0;15.402954;3102636
436;13:13:36.795;0.0;15.400154;3102292
437;13:13:36.965;0.0;15.400194;3102568
438;13:13:37.135;1.5;15.404205;3102912
439;13:13:37.305;1.6;15.403112;3102888
440;13:13:37.475;1.6;15.402954;3102636
441;13:13:37.644;1.5;15.400452;3102132
442;13:13:37.814;1.4;15.400491;3102628
443;13:13:37.984;0.0;15.404522;3102952
444;13:13:38.154;0.0;15.402954;3102856
445;13:13:38.323;0.0;15.404284;3102904
446;13:13:38.493;0.0;15.402219;3102708
447;13:13:38.662;0.0;15.403788;3102804
448;13:13:38.831;1.5;15.402497;3102764
449;13:13:39.000;0.0;15.403867;3102600
450;13:13:39.169;0.0;15.401584;3102596
451;13:13:39.337;0.0;15.401961;3102436
452;13:13:39.506;0.0;15.400273;3102316
453;13:13:39.675;0.0;15.400551;3102372
454;13:13:39.844;0.0;15.401723;3102608
455;13:13:40.013;1.5;15.404066;3102860
456;13:13:40.182;0.0;15.402954;3102904
457;13:13:40.352;0.0;15.401862;3102636
458;13:13:40.522;1.5;15.404900;3102828
459;13:13:40.691;0.0;15.402159;3103216
460;13:13:40.860;1.5;15.406091;3103488
461;13:13:41.031;0.0;15.404542;3103176
462;13:13:41.202;1.5;15.407362;3103744
463;13:13:41.377;3.1;15.409169;3104108
464;13:13:41.551;0.0;15.406826;3103636
465;13:13:41.728;1.5;15.408633;3104064
466;13:13:41.905;0.0;15.407501;3103772
467;13:13:42.081;1.6;15.407183;3103976
468;13:13:42.250;0.0;15.407838;3104124
469;13:13:42.423;0.0;15.407044;3103956
470;13:13:42.593;0.0;15.405813;3103432
471;13:13:42.769;1.5;15.406270;3103524
472;13:13:42.937;0.0;15.406270;3103304
473;13:13:43.108;0.0;15.405178;3103304
474;13:13:43.281;0.0;15.404085;3103344
475;13:13:43.456;0.0;15.405019;3103540
476;13:13:43.629;0.0;15.406409;3103332
477;13:13:43.798;3.0;15.406468;3103564
478;13:13:43.975;1.5;15.405336;3103336
479;13:13:44.144;0.0;15.409189;3104388
480;13:13:44.320;1.5;15.407799;3104108
481;13:13:44.496;0.0;15.408077;3103668
482;13:13:44.672;1.5;15.406865;3103888
483;13:13:44.848;3.1;15.405734;3103196
484;13:13:45.018;3.1;15.406309;3103532
485;13:13:45.190;1.6;15.407560;3103564
486;13:13:45.364;0.0;15.407640;3103800
487;13:13:45.540;1.5;15.409050;3104084
488;13:13:45.717;0.0;15.406508;3103132
489;13:13:45.891;1.5;15.405793;3103428
490;13:13:46.060;3.0;15.403966;3103060
491;13:13:46.231;3.1;15.405058;3103060
492;13:13:46.406;2.9;15.406349;3103540
493;13:13:46.581;1.5;15.406428;3103556
494;13:13:46.750;1.5;15.406786;3103628
495;13:13:46.926;0.0;15.406270;3103524
496;13:13:47.096;1.5;15.407600;3103572
497;13:13:47.275;3.0;15.408811;3104036
498;13:13:47.446;1.5;15.407421;3103756
499;13:13:47.622;1.5;15.406309;3103532
500;13:13:47.791;4.5;15.407957;3103864
501;13:13:47.964;1.5;15.407818;3103396
502;13:13:48.136;0.0;15.405714;3103696
503;13:13:48.309;3.1;15.405753;3103200
504;13:13:48.479;1.5;15.406151;3103500
505;13:13:48.653;3.0;15.406071;3103752
506;13:13:48.824;3.1;15.404205;3103344
507;13:13:48.996;1.5;15.406548;3103360
508;13:13:49.169;1.5;15.407799;3104108
509;13:13:49.341;3.0;15.408851;3104044
510;13:13:49.516;1.5;15.408752;3104024
511;13:13:49.689;0.0;15.409030;3104080
512;13:13:49.865;2.8;15.402318;3102948
513;13:13:50.035;0.0;15.404860;3103416
514;13:13:50.205;1.6;15.407203;3103720
515;13:13:50.374;0.0;15.409248;3103904
516;13:13:50.548;1.5;15.407918;3103856
517;13:13:50.721;0.0;15.406826;3103636
518;13:13:50.893;1.5;15.405654;3103440
519;13:13:51.070;1.5;15.406667;3103604
520;13:13:51.245;0.0;15.403966;3103312
521;13:13:51.419;1.5;15.406746;3103400
522;13:13:51.596;0.0;15.404681;3103204
523;13:13:51.772;0.0;15.406131;3103772
524;13:13:51.945;1.5;15.407719;3103816
525;13:13:52.115;0.0;15.407024;3103676
526;13:13:52.290;1.6;15.406627;3103376
527;13:13:52.461;1.5;15.407104;3103692
528;13:13:52.634;1.6;15.406131;3103496
529;13:13:52.809;1.5;15.405197;3103308
530;13:13:52.982;1.5;15.403629;3103308
531;13:13:53.155;2.9;15.407858;3103868
532;13:13:53.332;1.5;15.406885;3103648
533;13:13:53.505;0.0;15.407203;3103980
534;13:13:53.678;0.0;15.409189;3104112
535;13:13:53.850;0.0;15.409784;3104012
536;13:13:54.025;1.6;15.406905;3103920
537;13:13:54.198;0.0;15.407322;3104004
538;13:13:54.375;0.0;15.407679;3103808
539;13:13:54.547;1.5;15.409050;3104084
540;13:13:54.721;1.5;15.408037;3103880
541;13:13:54.897;1.5;15.408355;3103944
542;13:13:55.073;0.0;15.409725;3104000
543;13:13:55.249;1.5;15.406151;3103540
544;13:13:55.425;0.0;15.406031;3103256
545;13:13:55.600;0.0;15.404939;3103540
546;13:13:55.776;1.6;15.406468;3103564
547;13:13:55.946;0.0;15.406508;3103572
548;13:13:56.118;1.7;15.405376;3103344
549;13:13:56.290;0.0;15.407521;3104004
550;13:13:56.460;0.0;15.406230;3103516
551;13:13:56.630;0.0;15.406389;3103572
552;13:13:56.799;0.0;15.406051;3103748
553;13:13:56.968;0.0;15.410360;3104348
554;13:13:57.139;1.5;15.409804;3104016
555;13:13:57.316;0.0;15.408752;3104024
556;13:13:57.492;0.0;15.408553;3103820
557;13:13:57.665;1.5;15.406250;3103780
558;13:13:57.844;3.0;15.407818;3104088
559;13:13:58.017;1.5;15.407620;3104064
560;13:13:58.193;1.5;15.408633;3103560
561;13:13:58.368;0.0;15.406845;3103640
562;13:13:58.546;1.5;15.405833;3103216
563;13:13:58.719;1.6;15.402596;3103068
564;13:13:58.888;3.0;15.406687;3103608
565;13:13:59.065;1.5;15.407818;3103616
566;13:13:59.239;2.9;15.406488;3103568
567;13:13:59.416;1.5;15.405078;3103284
568;13:13:59.593;1.5;15.405158;3103300
569;13:13:59.769;1.5;15.405078;3103284
570;13:13:59.945;0.0;15.404939;3103256
571;13:14:00.114;3.1;15.406845;3103640
572;13:14:00.287;0.0;15.407739;3103820
573;13:14:00.467;0.0;15.405714;3103696
574;13:14:00.640;1.6;15.406885;3103428
575;13:14:00.814;0.0;15.405714;3103412
576;13:14:00.987;0.0;15.408216;3103696
577;13:14:01.161;1.6;15.406965;3103444
578;13:14:01.334;0.0;15.407838;3103840
579;13:14:01.507;3.0;15.406587;3103588
580;13:14:01.682;1.5;15.406548;3103580
581;13:14:01.857;0.0;15.407799;3103612
582;13:14:02.033;1.5;15.405654;3103440
583;13:14:02.208;1.5;15.404780;3103004
584;13:14:02.385;0.0;15.403271;3103228
585;13:14:02.558;0.0;15.406210;3103568
586;13:14:02.728;0.0;15.407620;3103796
587;13:14:02.898;0.0;15.406369;3103544
588;13:14:03.072;1.5;15.408871;3103608
589;13:14:03.245;1.5;15.406329;3103536
590;13:14:03.421;0.0;15.406210;3103512
591;13:14:03.596;0.0;15.407421;3103536
592;13:14:03.771;1.5;15.406488;3103568
593;13:14:03.943;1.5;15.403927;3103052
594;13:14:04.113;0.0;15.404780;3103224
595;13:14:04.286;1.5;15.404979;3103264
596;13:14:04.458;1.5;15.407362;3103744
597;13:14:04.628;0.0;15.406806;3103412
598;13:14:04.798;1.6;15.406488;3103568
599;13:14:04.973;6.2;15.406389;3103816
600;13:14:05.144;0.0;15.406925;3103436
601;13:14:05.317;0.0;15.405833;3103216
602;13:14:05.493;1.5;15.405138;3103564
603;13:14:05.668;2.9;15.405376;3103344
604;13:14:05.842;1.5;15.406627;3103596
605;13:14:06.017;0.0;15.410976;3104472
606;13:14:06.191;2.9;15.408533;3103980
607;13:14:06.363;0.0;15.407243;3103768
608;13:14:06.533;0.0;15.406548;3103580
609;13:14:06.712;0.0;15.406389;3103548
610;13:14:06.888;1.5;15.406468;3103344
611;13:14:07.060;1.4;15.407759;3103824
612;13:14:07.237;1.5;15.407878;3103896
613;13:14:07.413;0.0;15.405535;3103376
614;13:14:07.586;0.0;15.406865;3103644
615;13:14:07.757;0.0;15.406170;3103504
616;13:14:07.931;0.0;15.408950;3103688
617;13:14:08.101;0.0;15.408096;3103892
618;13:14:08.274;0.0;15.407024;3103676
619;13:14:08.445;0.0;15.408116;3103896
620;13:14:08.615;1.5;15.406905;3103652
621;13:14:08.790;1.5;15.405614;3103392
622;13:14:08.963;4.4;15.404205;3103480
623;13:14:09.150;0.0;15.400611;3102652
624;13:14:09.324;0.0;15.405217;3103312
625;13:14:09.498;0.0;15.406667;3103604
626;13:14:09.672;0.0;15.405654;3103400
627;13:14:09.848;0.0;15.405495;3103416
628;13:14:10.024;0.0;15.405734;3103196
629;13:14:10.194;4.6;15.408116;3103896
630;13:14:10.368;1.5;15.405118;3103292
631;13:14:10.539;0.0;15.405575;3103660
632;13:14:10.715;1.5;15.409050;3104084
633;13:14:10.889;0.0;15.406091;3103488
634;13:14:11.062;1.5;15.405853;3103440
635;13:14:11.238;0.0;15.405396;3103348
636;13:14:11.410;1.6;15.409467;3103948
637;13:14:11.580;0.0;15.407441;3103760
638;13:14:11.756;0.0;15.406309;3103532
639;13:14:11.928;1.5;15.404046;3103384
640;13:14:12.103;3.1;15.404205;3103408
641;13:14:12.275;0.0;15.407620;3103796
642;13:14:12.449;0.0;15.404324;3103360
643;13:14:12.626;3.0;15.404165;3103336
644;13:14:12.800;0.0;15.405416;3103132
645;13:14:12.969;1.6;15.404443;3103156
646;13:14:13.140;3.0;15.405416;3103352
647;13:14:13.313;0.0;15.404125;3103092
648;13:14:13.482;2.9;15.407382;3103528
649;13:14:13.655;0.0;15.407501;3103772
650;13:14:13.825;1.6;15.406230;3103516
651;13:14:13.995;1.5;15.402139;3102692
652;13:14:14.166;0.0;15.401504;3102564
653;13:14:14.339;1.6;15.403390;3102944
654;13:14:14.513;1.6;15.404562;3103180
655;13:14:14.691;1.5;15.404999;3103268
656;13:14:14.864;1.6;15.407302;3103732
657;13:14:15.039;3.2;15.407421;3103536
658;13:14:15.213;1.5;15.406945;3103920
659;13:14:15.385;1.5;15.406706;3103612
660;13:14:15.556;0.0;15.408196;3103912
661;13:14:15.732;1.5;15.408116;3103896
662;13:14:15.905;1.6;15.406210;3103512
663;13:14:16.079;1.5;15.406389;3103328
664;13:14:16.263;3.0;15.404681;3103204
665;13:14:16.437;0.0;15.408037;3103880
666;13:14:16.609;0.0;15.408235;3103920
667;13:14:16.780;0.0;15.409328;3103700
668;13:14:16.950;0.0;15.406786;3103896
669;13:14:17.122;1.6;15.405058;3103076
670;13:14:17.293;1.5;15.403966;3103060
671;13:14:17.468;1.6;15.405039;3103276
672;13:14:17.642;0.0;15.406131;3103496
673;13:14:17.813;0.0;15.406290;3103528
674;13:14:17.987;0.0;15.406290;3103828
675;13:14:18.160;1.6;15.404880;3103024
676;13:14:18.333;0.0;15.403788;3103324
677;13:14:18.505;1.5;15.402080;3102956
678;13:14:18.681;0.0;15.406031;3103476
679;13:14:18.853;0.0;15.407401;3103752
680;13:14:19.025;1.5;15.404979;3103068
681;13:14:19.198;3.0;15.404721;3103212
682;13:14:19.374;1.5;15.405039;3103276
683;13:14:19.546;0.0;15.405396;3103348
684;13:14:19.718;1.6;15.405595;3103436
685;13:14:19.890;0.0;15.407362;3103744
686;13:14:20.059;1.5;15.407560;3103564
687;13:14:20.235;1.5;15.404423;3102932
688;13:14:20.408;1.5;15.403013;3102868
689;13:14:20.581;1.5;15.401921;3102648
690;13:14:20.756;1.6;15.405356;3103348
691;13:14:20.927;3.1;15.405197;3103788
692;13:14:21.105;1.5;15.406965;3103664
693;13:14:21.283;1.5;15.406290;3103804
694;13:14:21.459;1.5;15.405237;3103316
695;13:14:21.630;1.4;15.406448;3103340
696;13:14:21.803;1.6;15.404721;3103212
697;13:14:21.976;1.5;15.405813;3103212
698;13:14:22.152;1.6;15.403649;3102996
699;13:14:22.322;1.6;15.403410;3102948
700;13:14:22.492;1.5;15.404979;3103264
701;13:14:22.669;1.6;15.406230;3103296
702;13:14:22.843;0.0;15.407163;3103704
703;13:14:23.015;1.5;15.408374;3103728
704;13:14:23.191;1.5;15.406389;3103548
705;13:14:23.364;1.5;15.404820;3103012
706;13:14:23.537;1.5;15.404085;3103084
707;13:14:23.710;0.0;15.405138;3103296
708;13:14:23.883;0.0;15.407163;3103484
709;13:14:24.058;0.0;15.406687;3103608
710;13:14:24.233;0.0;15.409824;3104240
711;13:14:24.403;1.6;15.407481;3103768
712;13:14:24.573;1.6;15.405138;3103296
713;13:14:24.743;0.0;15.405138;3103296
714;13:14:24.918;1.6;15.405912;3103452
715;13:14:25.090;0.0;15.404820;3103232
716;13:14:25.261;1.5;15.406389;3103548
717;13:14:25.437;2.9;15.407838;3103620
718;13:14:25.611;1.5;15.404979;3103044
719;13:14:25.785;0.0;15.405436;3103624
720;13:14:25.956;1.5;15.407938;3103640
721;13:14:26.127;1.6;15.406528;3103576
722;13:14:26.296;1.5;15.408136;3103900
723;13:14:26.473;1.5;15.407977;3103648
724;13:14:26.648;1.5;15.406766;3103892
725;13:14:26.824;0.0;15.405634;3103648
726;13:14:27.000;0.0;15.404105;3103088
727;13:14:27.176;1.5;15.405555;3102940
728;13:14:27.355;0.0;15.405098;3103288
729;13:14:27.529;3.0;15.404264;3103120
730;13:14:27.701;1.5;15.407441;3103760
731;13:14:27.876;3.1;15.408216;3103916
732;13:14:28.047;1.5;15.408553;3103544
733;13:14:28.221;1.5;15.405734;3103684
734;13:14:28.391;0.0;15.405456;3103360
735;13:14:28.563;1.4;15.404363;3103140
736;13:14:28.740;0.0;15.406786;3103408
737;13:14:28.916;0.0;15.405614;3103172
738;13:14:29.092;2.9;15.406766;3103404
739;13:14:29.268;1.5;15.404661;3102980
740;13:14:29.439;0.0;15.404502;3102948
741;13:14:29.609;0.0;15.404582;3103184
742;13:14:29.782;1.5;15.406210;3103512
743;13:14:29.954;1.5;15.407004;3103672
744;13:14:30.135;1.6;15.407004;3103940
745;13:14:30.308;1.6;15.406031;3103712
746;13:14:30.478;0.0;15.405992;3103248
747;13:14:30.650;1.6;15.407640;3104044
748;13:14:30.822;1.6;15.410181;3104312
749;13:14:30.997;0.0;15.408116;3103676
750;13:14:31.172;1.5;15.405078;3103284
751;13:14:31.347;1.5;15.406885;3103648
752;13:14:31.522;1.5;15.408176;3103964
753;13:14:31.699;1.6;15.406845;3103420
754;13:14:31.869;1.6;15.405793;3103208
755;13:14:32.042;0.0;15.405793;3103476
756;13:14:32.216;0.0;15.405555;3103380
757;13:14:32.386;0.0;15.407004;3103916
758;13:14:32.559;3.1;15.406706;3103612
759;13:14:32.733;0.0;15.409050;3104084
760;13:14:32.909;0.0;15.405773;3103204
761;13:14:33.078;1.6;15.404522;3103708
762;13:14:33.251;3.1;15.407600;3103792
763;13:14:33.422;1.5;15.407640;3103848
764;13:14:33.596;1.5;15.406548;3103848
765;13:14:33.773;0.0;15.406746;3103888
766;13:14:33.946;1.5;15.407918;3103856
767;13:14:34.121;0.0;15.405734;3103424
768;13:14:34.293;3.0;15.405575;3103384
769;13:14:34.468;0.0;15.404165;3103140
770;13:14:34.645;0.0;15.405654;3103668
771;13:14:34.816;1.5;15.405575;3103164
772;13:14:34.985;1.6;15.404324;3103400
773;13:14:35.156;1.6;15.404483;3103164
774;13:14:35.325;1.6;15.407938;3103456
775;13:14:35.495;1.5;15.406945;3103952
776;13:14:35.671;1.5;15.408871;3104048
777;13:14:35.845;0.0;15.407858;3103844
778;13:14:36.016;0.0;15.408573;3104296
779;13:14:36.187;1.5;15.408295;3103932
780;13:14:36.364;0.0;15.407004;3103672
781;13:14:36.539;1.6;15.409189;3104112
782;13:14:36.707;0.0;15.409268;3103908
783;13:14:36.877;0.0;15.408176;3103956
784;13:14:37.051;0.0;15.407620;3103576
785;13:14:37.222;1.5;15.407620;3104064
786;13:14:37.394;1.6;15.404383;3102924
787;13:14:37.566;1.6;15.401782;3102864
788;13:14:37.735;1.5;15.402914;3103100
789;13:14:37.909;0.0;15.405535;3103376
790;13:14:38.082;0.0;15.406448;3103560
791;13:14:38.255;0.0;15.405853;3103440
792;13:14:38.435;3.0;15.408196;3103692
793;13:14:38.608;1.5;15.404919;3103032
794;13:14:38.781;1.6;15.405853;3103440
795;13:14:38.952;1.5;15.403192;3102904
796;13:14:39.132;0.0;15.404006;3102848
797;13:14:39.304;1.6;15.406925;3103656
798;13:14:39.476;0.0;15.407739;3103820
799;13:14:39.656;0.0;15.405575;3103384
800;13:14:39.828;1.5;15.408295;3103712
801;13:14:40.001;1.5;15.404761;3103000
802;13:14:40.172;0.0;15.406945;3103660
803;13:14:40.343;3.1;15.403708;3102788
804;13:14:40.513;3.1;15.406091;3103488
805;13:14:40.687;1.5;15.406448;3103340
806;13:14:40.858;3.0;15.404880;3103244
807;13:14:41.032;1.6;15.404681;3103204
808;13:14:41.204;1.5;15.405654;3103400
809;13:14:41.377;0.0;15.407243;3103980
810;13:14:41.548;1.5;15.406746;3103400
811;13:14:41.722;1.5;15.407997;3103652
812;13:14:41.897;0.0;15.406905;3103652
813;13:14:42.070;0.0;15.405813;3103432
814;13:14:42.244;1.5;15.405972;3103464
815;13:14:42.417;1.5;15.406012;3103732
816;13:14:42.598;1.6;15.406627;3103376
817;13:14:42.773;1.6;15.404284;3103124
818;13:14:42.947;1.5;15.409447;3103944
819;13:14:43.121;3.0;15.409129;3103896
820;13:14:43.294;0.0;15.408077;3103888
821;13:14:43.464;1.5;15.406587;3103588
822;13:14:43.637;0.0;15.406865;3103644
823;13:14:43.811;1.5;15.405813;3103432
824;13:14:43.985;1.5;15.406428;3103336
825;13:14:44.156;0.0;15.407401;3103752
826;13:14:44.328;1.6;15.406230;3103516
827;13:14:44.509;0.0;15.406607;3103624
828;13:14:44.682;3.0;15.405674;3103404
829;13:14:44.853;1.5;15.405515;3103372
830;13:14:45.025;0.0;15.406428;3103556
831;13:14:45.198;1.5;15.407084;3103688
832;13:14:45.372;1.5;15.407878;3103628
833;13:14:45.548;3.0;15.403847;3103036
834;13:14:45.721;1.6;15.403470;3102960
835;13:14:45.894;0.0;15.405853;3103440
836;13:14:46.065;5.9;15.406051;3103260
837;13:14:46.241;1.6;15.403609;3102988
838;13:14:46.411;0.0;15.406349;3103540
839;13:14:46.582;1.5;15.404681;3103448
840;13:14:46.757;1.5;15.407262;3103984
841;13:14:46.929;0.0;15.407421;3103756
842;13:14:47.104;1.5;15.407461;3103764
843;13:14:47.277;0.0;15.405317;3103332
844;13:14:47.446;1.5;15.406885;3103916
845;13:14:47.622;0.0;15.409506;3103956
846;13:14:47.792;1.5;15.408255;3103704
847;13:14:47.962;1.5;15.406687;3103664
848;13:14:48.136;3.0;15.406845;3103656
849;13:14:48.309;1.5;15.406687;3103608
850;13:14:48.481;1.5;15.407620;3103796
851;13:14:48.654;0.0;15.407620;3103796
852;13:14:48.831;1.6;15.409030;3103640
853;13:14:49.007;0.0;15.408394;3103952
854;13:14:49.179;1.5;15.408712;3104016
855;13:14:49.353;0.0;15.410003;3104276
856;13:14:49.524;1.6;15.405456;3103140
857;13:14:49.693;1.5;15.405376;3103344
858;13:14:49.863;0.0;15.405158;3103300
859;13:14:50.034;0.0;15.404602;3103464
860;13:14:50.208;0.0;15.408235;3104188
861;13:14:50.381;1.6;15.407461;3103764
862;13:14:50.552;1.5;15.404701;3103208
863;13:14:50.725;0.0;15.404542;3103176
864;13:14:50.898;0.0;15.404860;3103272
865;13:14:51.073;0.0;15.407679;3103808
866;13:14:51.243;1.7;15.403589;3102764
867;13:14:51.413;0.0;15.405833;3103216
868;13:14:51.589;0.0;15.406031;3103476
869;13:14:51.765;1.5;15.405992;3103468
870;13:14:51.941;0.0;15.405912;3103232
871;13:14:52.116;1.6;15.407203;3103768
872;13:14:52.287;1.5;15.404860;3103240
873;13:14:52.461;1.5;15.406111;3103492
874;13:14:52.637;0.0;15.404741;3103216
875;13:14:52.808;0.0;15.404661;3103200
876;13:14:52.987;1.7;15.406548;3103140
877;13:14:53.159;1.9;15.405753;3103200
878;13:14:53.334;0.0;15.404820;3103256
879;13:14:53.508;1.7;15.410023;3104060
880;13:14:53.682;0.0;15.408732;3104244
881;13:14:53.852;0.0;15.408077;3103668
882;13:14:54.028;1.5;15.406012;3103248
883;13:14:54.201;0.0;15.406508;3103572
884;13:14:54.376;2.9;15.405336;3103336
885;13:14:54.552;1.6;15.405217;3103312
886;13:14:54.721;1.5;15.405297;3103328
887;13:14:54.893;0.0;15.406667;3103604
888;13:14:55.063;1.5;15.406389;3103548
889;13:14:55.237;0.0;15.406587;3103368
890;13:14:55.408;0.0;15.405078;3103284
891;13:14:55.577;1.5;15.405336;3103124
892;13:14:55.745;1.6;15.406548;3103360
893;13:14:55.916;1.5;15.407262;3103724
894;13:14:56.091;1.5;15.403927;3102832
895;13:14:56.265;0.0;15.403847;3103036
896;13:14:56.441;0.0;15.403927;3103052
897;13:14:56.615;1.5;15.402914;3103376
898;13:14:56.788;3.0;15.406508;3103572
899;13:14:56.960;0.0;15.405654;3103400
900;13:14:57.132;0.0;15.408851;3104044
901;13:14:57.302;1.5;15.407123;3103964
902;13:14:57.477;1.5;15.406031;3103476
903;13:14:57.648;1.6;15.406806;3103632
904;13:14:57.819;1.6;15.403470;3102960
905;13:14:57.991;1.6;15.405892;3103448
906;13:14:58.160;0.0;15.402537;3102772
907;13:14:58.332;1.6;15.402854;3103112
908;13:14:58.504;1.5;15.406726;3103616
909;13:14:58.678;0.0;15.406766;3103624
910;13:14:58.860;1.5;15.407123;3103696
911;13:14:59.034;1.5;15.407004;3103452
912;13:14:59.212;0.0;15.408315;3103716
913;13:14:59.388;0.0;15.407580;3103788
914;13:14:59.564;1.5;15.408255;3103924
915;13:14:59.739;1.5;15.406270;3103764
916;13:14:59.917;1.5;15.407957;3103864
917;13:15:00.086;1.5;15.406746;3103620
918;13:15:00.264;1.5;15.406647;3103876
919;13:15:00.435;1.5;15.407560;3103344
920;13:15:00.608;1.4;15.406051;3103480
921;13:15:00.785;0.0;15.406250;3103520
922;13:15:00.955;1.6;15.405634;3103688
923;13:15:01.125;1.5;15.408414;3103736
924;13:15:01.299;0.0;15.407084;3103916
925;13:15:01.474;1.6;15.408216;3103696
926;13:15:01.646;1.5;15.405058;3103280
927;13:15:01.818;1.5;15.405833;3103216
928;13:15:01.989;0.0;15.405575;3103384
929;13:15:02.162;1.4;15.405892;3103464
930;13:15:02.340;0.0;15.406329;3103796
931;13:15:02.517;1.5;15.406726;3103396
932;13:15:02.694;1.5;15.406091;3103748
933;13:15:02.868;0.0;15.403589;3103244
934;13:15:03.038;1.6;15.407421;3103756
935;13:15:03.207;0.0;15.405813;3103432
936;13:15:03.385;3.0;15.408533;3103996
937;13:15:03.558;1.6;15.409427;3104160
938;13:15:03.731;0.0;15.409983;3104052
939;13:15:03.904;1.5;15.407342;3103740
940;13:15:04.077;1.5;15.406726;3103616
941;13:15:04.248;0.0;15.406607;3103592
942;13:15:04.422;1.5;15.407938;3103860
943;13:15:04.597;1.4;15.407044;3103680
944;13:15:04.773;1.5;15.408732;3103580
945;13:15:04.946;0.0;15.406508;3103572
946;13:15:05.120;1.5;15.407223;3103772
947;13:15:05.296;1.5;15.404423;3103152
948;13:15:05.474;1.5;15.404800;3103228
949;13:15:05.646;2.9;15.405734;3103416
950;13:15:05.819;0.0;15.404344;3103360
951;13:15:05.991;1.4;15.405694;3103188
952;13:15:06.162;5.1;15.404542;3103444
953;13:15:06.333;1.5;15.405912;3103516
954;13:15:06.503;2.9;15.406687;3103608
955;13:15:06.680;1.5;15.407123;3103696
956;13:15:06.856;0.0;15.407600;3103792
957;13:15:07.026;0.0;15.407759;3103824
958;13:15:07.198;3.0;15.405952;3103240
959;13:15:07.372;3.1;15.405674;3103680
960;13:15:07.544;3.0;15.407163;3103704
961;13:15:07.718;4.4;15.407163;3103704
962;13:15:07.888;1.5;15.407084;3103688
963;13:15:08.060;1.5;15.407560;3103716
964;13:15:08.234;1.5;15.407640;3103800
965;13:15:08.412;1.5;15.406746;3103620
966;13:15:08.590;2.9;15.404562;3103464
967;13:15:08.763;3.0;15.406270;3103524
968;13:15:08.934;7.4;15.405654;3103400
969;13:15:09.106;3.1;15.404224;3103112
970;13:15:09.275;1.5;15.406051;3103480
971;13:15:09.448;1.5;15.406687;3103608
972;13:15:09.622;1.6;15.407282;3103508
973;13:15:09.793;1.5;15.405595;3103436
974;13:15:09.966;1.5;15.405753;3103200
975;13:15:10.141;4.6;15.407322;3103792
976;13:15:10.310;1.5;15.406627;3103668
977;13:15:10.485;1.5;15.407580;3103788
978;13:15:10.660;1.4;15.405396;3103348
979;13:15:10.829;1.6;15.404304;3103420
980;13:15:10.998;0.0;15.407123;3103696
981;13:15:11.166;1.6;15.405257;3103320
982;13:15:11.335;0.0;15.403232;3103164
983;13:15:11.503;1.5;15.404840;3103016
984;13:15:11.672;0.0;15.406329;3103536
985;13:15:11.841;0.0;15.405416;3103132
986;13:15:12.010;1.5;15.405416;3103352
987;13:15:12.179;1.5;15.404006;3103108
988;13:15:12.348;1.6;15.402914;3102848
989;13:15:12.517;1.6;15.401504;3102344
990;13:15:12.686;0.0;15.401981;3102440
991;13:15:12.854;0.0;15.401504;3102832
992;13:15:13.023;1.5;15.402477;3103004
993;13:15:13.193;1.5;15.401723;3102608
994;13:15:13.361;1.5;15.401524;3102348
995;13:15:13.530;1.6;15.404026;3103072
996;13:15:13.700;1.6;15.404463;3103160
997;13:15:13.869;0.0;15.405317;3103332
998;13:15:14.039;1.6;15.406567;3103584
999;13:15:14.207;1.5;15.406567;3103364
1000;13:15:14.377;0.0;15.405475;3103364
1001;13:15:14.547;0.0;15.405793;3103208
1002;13:15:14.717;1.5;15.402834;3102888
1003;13:15:14.887;0.0;15.402973;3103120
1004;13:15:15.057;1.6;15.404264;3103120
1005;13:15:15.226;0.0;15.406647;3103600
1006;13:15:15.397;1.6;15.405475;3103364
1007;13:15:15.567;0.0;15.405317;3103112
1008;13:15:15.736;0.0;15.405753;3103420
1009;13:15:15.904;0.0;15.404224;3103112
1010;13:15:16.074;0.0;15.402815;3102828
1011;13:15:16.243;0.0;15.402934;3103112
1012;13:15:16.413;1.5;15.404026;3102852
1013;13:15:16.581;0.0;15.402656;3102576
1014;13:15:16.750;0.0;15.405674;3103184
1015;13:15:16.920;0.0;15.402934;3102852
1016;13:15:17.089;0.0;15.404026;3102852
1017;13:15:17.258;0.0;15.404185;3103104
1018;13:15:17.427;1.5;15.404502;3102948
1019;13:15:17.596;1.6;15.402934;3102852
1020;13:15:17.765;1.5;15.405753;3102980
1021;13:15:17.935;0.0;15.402437;3102332
1022;13:15:18.104;1.5;15.400591;3102380
1023;13:15:18.273;0.0;15.400908;3102444
1024;13:15:18.442;0.0;15.403708;3102788
1025;13:15:18.611;1.5;15.403748;3103016
1026;13:15:18.781;0.0;15.403748;3103016
1027;13:15:18.950;0.0;15.402457;3102536
1028;13:15:19.120;0.0;15.406290;3103300
1029;13:15:19.290;0.0;15.403867;3103040
1030;13:15:19.459;1.5;15.404185;3102884
1031;13:15:19.628;0.0;15.403371;3102940
1032;13:15:19.797;1.5;15.401325;3102804
1033;13:15:19.967;0.0;15.400114;3102536
1034;13:15:20.136;0.0;15.402457;3102796
1035;13:15:20.305;1.5;15.402616;3102788
1036;13:15:20.474;0.0;15.404959;3103040
1037;13:15:20.643;0.0;15.404959;3103040
1038;13:15:20.813;1.5;15.403093;3103144
1039;13:15:20.981;3.0;15.401941;3102652
1040;13:15:21.150;0.0;15.401782;3102400
1041;13:15:21.320;0.0;15.400730;3102408
1042;13:15:21.489;1.5;15.402993;3102644
1043;13:15:21.658;1.5;15.405495;3103368
1044;13:15:21.828;0.0;15.405853;3103440
1045;13:15:21.997;0.0;15.404244;3102896
1046;13:15:22.166;1.5;15.405495;3103368
1047;13:15:22.336;0.0;15.405495;3103148
1048;13:15:22.505;0.0;15.404761;3103220
1049;13:15:22.674;0.0;15.403073;3102880
1050;13:15:22.843;1.6;15.404443;3103156
1051;13:15:23.013;0.0;15.403152;3102676
1052;13:15:23.183;0.0;15.400472;3102136
1053;13:15:23.353;0.0;15.401881;3103152
1054;13:15:23.522;1.6;15.404741;3102996
1055;13:15:23.691;0.0;15.402318;3102728
1056;13:15:23.861;1.5;15.404820;3103460
1057;13:15:24.030;0.0;15.405833;3103720
1058;13:15:24.201;0.0;15.405753;3103200
1059;13:15:24.370;0.0;15.404463;3103428
1060;13:15:24.539;1.5;15.405753;3103200
1061;13:15:24.709;0.0;15.404780;3103492
1062;13:15:24.881;0.0;15.404661;3103200
1063;13:15:25.051;1.5;15.403410;3102948
1064;13:15:25.221;0.0;15.403410;3102948
1065;13:15:25.390;0.0;15.403410;3102948
1066;13:15:25.560;0.0;15.402120;3102688
1067;13:15:25.729;0.0;15.402676;3102800
1068;13:15:25.899;3.0;15.403966;3102840
1069;13:15:26.069;1.5;15.404661;3103200
1070;13:15:26.238;0.0;15.404741;3102996
1071;13:15:26.407;0.0;15.402477;3102760
1072;13:15:26.577;0.0;15.403410;3102988
1073;13:15:26.746;1.5;15.404939;3103256
1074;13:15:26.915;1.6;15.404502;3102948
1075;13:15:27.084;0.0;15.403649;3102996
1076;13:15:27.253;0.0;15.403371;3102980
1077;13:15:27.422;1.5;15.403807;3103028
1078;13:15:27.591;0.0;15.405376;3102904
1079;13:15:27.760;0.0;15.402457;3103008
1080;13:15:27.929;1.5;15.404622;3102972
1081;13:15:28.099;0.0;15.404463;3102940
1082;13:15:28.269;0.0;15.404463;3102940
1083;13:15:28.438;0.0;15.405912;3103516
1084;13:15:28.608;1.6;15.405873;3103444
1085;13:15:28.777;0.0;15.406508;3103572
1086;13:15:28.946;0.0;15.405714;3103192
1087;13:15:29.115;0.0;15.405714;3103452
1088;13:15:29.285;1.5;15.407123;3103696
1089;13:15:29.454;0.0;15.405992;3103248
1090;13:15:29.623;1.5;15.406548;3103360
1091;13:15:29.793;1.5;15.405495;3103212
1092;13:15:29.962;0.0;15.405873;3103444
1093;13:15:30.132;0.0;15.404463;3103200
1094;13:15:30.301;0.0;15.403410;3102948
1095;13:15:30.470;0.0;15.403688;3103004
1096;13:15:30.639;1.5;15.402080;3102680
1097;13:15:30.808;1.5;15.402199;3102704
1098;13:15:30.978;1.6;15.402318;3102508
1099;13:15:31.147;0.0;15.400710;3102184
1100;13:15:31.316;0.0;15.410876;3104452
1101;13:15:31.486;0.0;15.413378;3104956
1102;13:15:31.655;1.6;15.413378;3104736
1103;13:15:31.824;3.1;15.410797;3104436
1104;13:15:31.994;0.0;15.410539;3104384
1105;13:15:32.165;1.6;15.411472;3104352
1106;13:15:32.335;0.0;15.412227;3104504
1107;13:15:32.506;0.0;15.410658;3104408
1108;13:15:32.677;3.0;15.414133;3105108
1109;13:15:32.847;1.5;15.414192;3105376
1110;13:15:33.018;0.0;15.415880;3105460
1111;13:15:33.188;3.0;15.412743;3104828
1112;13:15:33.359;1.5;15.415126;3105568
1113;13:15:33.530;3.1;15.413001;3104880
1114;13:15:33.701;1.6;15.413339;3104948
1115;13:15:33.873;1.6;15.423446;3106984
1116;13:15:34.043;0.0;15.426364;3107572
1117;13:15:34.212;3.1;15.411730;3104624
1118;13:15:34.381;0.0;15.409665;3104208
1119;13:15:34.551;1.5;15.409586;3104476
1120;13:15:34.721;0.0;15.409189;3104112
1121;13:15:34.891;1.6;15.409606;3104360
1122;13:15:35.062;1.6;15.410340;3104580
1123;13:15:35.233;0.0;15.412207;3104720
1124;13:15:35.403;1.6;15.412207;3104500
1125;13:15:35.574;1.6;15.409089;3104360
1126;13:15:35.742;0.0;15.412683;3104596
1127;13:15:35.912;1.6;15.411591;3104596
1128;13:15:36.082;1.6;15.411055;3104496
1129;13:15:36.253;0.0;15.411214;3104300
1130;13:15:36.422;1.5;15.412624;3104584
1131;13:15:36.593;0.0;15.411690;3104616
1132;13:15:36.762;0.0;15.411690;3104396
1133;13:15:36.933;1.6;15.411532;3104144
1134;13:15:37.104;1.6;15.413597;3104780
1135;13:15:37.275;1.6;15.415324;3105348
1136;13:15:37.446;1.5;15.418084;3105904
1137;13:15:37.615;0.0;15.417568;3105800
1138;13:15:37.784;1.5;15.411214;3104300
1139;13:15:37.953;1.5;15.410122;3104544
1140;13:15:38.122;0.0;15.412941;3104868
1141;13:15:38.291;1.5;15.412941;3104868
1142;13:15:38.463;1.5;15.409347;3104144
1143;13:15:38.634;0.0;15.410976;3104504
1144;13:15:38.804;0.0;15.413676;3105016
1145;13:15:38.973;1.6;15.414887;3105260
1146;13:15:39.142;0.0;15.414272;3105136
1147;13:15:39.311;0.0;15.414590;3105200
1148;13:15:39.481;1.6;15.413656;3105012
1149;13:15:39.650;1.6;15.412584;3104796
1150;13:15:39.821;3.1;15.413934;3105068
1151;13:15:39.992;1.5;15.413597;3105260
1152;13:15:40.162;0.0;15.411889;3104656
1153;13:15:40.332;1.6;15.413299;3104940
1154;13:15:40.501;1.6;15.413120;3104944
1155;13:15:40.670;0.0;15.412187;3104496
1156;13:15:40.839;1.5;15.413795;3105040
1157;13:15:41.008;1.5;15.413438;3104968
1158;13:15:41.177;0.0;15.412326;3105012
1159;13:15:41.347;1.6;15.413001;3104880
1160;13:15:41.516;0.0;15.410916;3104240
1161;13:15:41.686;3.1;15.413279;3104936
1162;13:15:41.855;1.6;15.413716;3105024
1163;13:15:42.024;0.0;15.413438;3104968
1164;13:15:42.194;0.0;15.412028;3104684
1165;13:15:42.363;0.0;15.411234;3104524
1166;13:15:42.533;0.0;15.410598;3104396
1167;13:15:42.702;1.6;15.411988;3104676
1168;13:15:42.873;1.5;15.414808;3105244
1169;13:15:43.043;6.0;15.413914;3105064
1170;13:15:43.213;0.0;15.411790;3104636
1171;13:15:43.382;1.5;15.413041;3104888
1172;13:15:43.553;0.0;15.412783;3104836
1173;13:15:43.722;1.6;15.412862;3104852
1174;13:15:43.891;3.2;15.414431;3104948
1175;13:15:44.061;0.0;15.413319;3104944
1176;13:15:44.230;0.0;15.415404;3105364
1177;13:15:44.400;1.6;15.414153;3105112
1178;13:15:44.569;1.4;15.413676;3104796
1179;13:15:44.738;1.6;15.410856;3104448
1180;13:15:44.909;1.6;15.413537;3104768
1181;13:15:45.079;1.5;15.411333;3104544
1182;13:15:45.249;1.5;15.413398;3104740
1183;13:15:45.420;3.0;15.413061;3104892
1184;13:15:45.589;1.5;15.412266;3104512
1185;13:15:45.758;1.5;15.412266;3104780
1186;13:15:45.929;1.5;15.413339;3104948
1187;13:15:46.100;3.0;15.413835;3105048
1188;13:15:46.269;0.0;15.412743;3104828
1189;13:15:46.439;4.4;15.410737;3104424
1190;13:15:46.610;0.0;15.412425;3104764
1191;13:15:46.779;0.0;15.413835;3105048
1192;13:15:46.948;1.6;15.412743;3104828
1193;13:15:47.117;0.0;15.410856;3104708
1194;13:15:47.286;1.5;15.413160;3104692
1195;13:15:47.455;0.0;15.412227;3104724
1196;13:15:47.625;1.5;15.411373;3104332
1197;13:15:47.795;3.0;15.410162;3104340
1198;13:15:47.965;3.2;15.412763;3104832
1199;13:15:48.135;1.5;15.411770;3104412
1200;13:15:48.304;0.0;15.410995;3104476
1201;13:15:48.473;1.5;15.414907;3105044
1202;13:15:48.642;0.0;15.410301;3104580
1203;13:15:48.811;0.0;15.411472;3104612
1204;13:15:48.981;2.9;15.412425;3104764
1205;13:15:49.152;0.0;15.411234;3104580
1206;13:15:49.322;0.0;15.410976;3104472
1207;13:15:49.493;1.6;15.411115;3104280
1208;13:15:49.663;0.0;15.412544;3104788
1209;13:15:49.833;0.0;15.412425;3104764
1210;13:15:50.003;1.6;15.415265;3105336
1211;13:15:50.176;1.5;15.415761;3105436
1212;13:15:50.345;1.6;15.409506;3103956
1213;13:15:50.514;0.0;15.408096;3103892
1214;13:15:50.684;0.0;15.407938;3103640
1215;13:15:50.853;0.0;15.407322;3103996
1216;13:15:51.024;1.5;15.407858;3103844
1217;13:15:51.194;1.6;15.407401;3103792
1218;13:15:51.364;1.6;15.408414;3103736
1219;13:15:51.534;0.0;15.407858;3103624
1220;13:15:51.704;0.0;15.405277;3103608
1221;13:15:51.873;0.0;15.406488;3103608
1222;13:15:52.042;1.6;15.411651;3104608
1223;13:15:52.212;0.0;15.410380;3104612
1224;13:15:52.381;0.0;15.410221;3104100
1225;13:15:52.551;0.0;15.410856;3104448
1226;13:15:52.720;0.0;15.410380;3104620
1227;13:15:52.890;1.6;15.411432;3104564
1228;13:15:53.060;1.5;15.413656;3105012
1229;13:15:53.230;0.0;15.410956;3104468
1230;13:15:53.400;0.0;15.409705;3103996
1231;13:15:53.568;1.5;15.407401;3103996
1232;13:15:53.738;0.0;15.410936;3104464
1233;13:15:53.908;1.5;15.408494;3103972
1234;13:15:54.078;1.6;15.407957;3104124
1235;13:15:54.249;0.0;15.410301;3104336
1236;13:15:54.418;1.5;15.408732;3104020
1237;13:15:54.587;0.0;15.407779;3103608
1238;13:15:54.756;0.0;15.405912;3103500
1239;13:15:54.926;0.0;15.409586;3104192
1240;13:15:55.096;0.0;15.409665;3104208
1241;13:15:55.265;1.5;15.409784;3104012
1242;13:15:55.435;0.0;15.411234;3104524
1243;13:15:55.606;1.6;15.411234;3104760
1244;13:15:55.775;0.0;15.409645;3103984
1245;13:15:55.944;1.6;15.408335;3103940
1246;13:15:56.114;0.0;15.408096;3104152
1247;13:15:56.284;1.5;15.407858;3103844
1248;13:15:56.453;0.0;15.408871;3104048
1249;13:15:56.622;0.0;15.407620;3104268
1250;13:15:56.791;0.0;15.410440;3104364
1251;13:15:56.960;0.0;15.407699;3104036
1252;13:15:57.131;0.0;15.409129;3104612
1253;13:15:57.301;1.6;15.406965;3103664
1254;13:15:57.472;1.5;15.407898;3103852
1255;13:15:57.644;0.0;15.409903;3104256
1256;13:15:57.814;0.0;15.409169;3104108
1257;13:15:57.985;0.0;15.411949;3104668
1258;13:15:58.153;0.0;15.411293;3104316
1259;13:15:58.322;0.0;15.411651;3104876
1260;13:15:58.493;0.0;15.410757;3104460
1261;13:15:58.662;1.6;15.408712;3104016
1262;13:15:58.832;1.6;15.404939;3103128
1263;13:15:59.002;1.6;15.409963;3104316
1264;13:15:59.171;1.5;15.409764;3104008
1265;13:15:59.340;1.5;15.408235;3103920
1266;13:15:59.510;1.6;15.407878;3103888
1267;13:15:59.679;0.0;15.408355;3103944
1268;13:15:59.848;1.5;15.408513;3103976
1269;13:16:00.017;1.5;15.410042;3104284
1270;13:16:00.188;1.5;15.408652;3104044
1271;13:16:00.358;1.6;15.406448;3103828
1272;13:16:00.527;0.0;15.406766;3103884
1273;13:16:00.697;1.5;15.405654;3103180
1274;13:16:00.869;0.0;15.406806;3103412
1275;13:16:01.039;1.6;15.409864;3104028
1276;13:16:01.208;0.0;15.406448;3103560
1277;13:16:01.376;0.0;15.406290;3103568
1278;13:16:01.546;3.2;15.405118;3103536
1279;13:16:01.715;1.5;15.408196;3103692
1280;13:16:01.885;1.6;15.405376;3103612
1281;13:16:02.055;1.6;15.406885;3103428
1282;13:16:02.225;4.6;15.405376;3103596
1283;13:16:02.395;0.0;15.409407;3103936
1284;13:16:02.565;0.0;15.408474;3103968
1285;13:16:02.734;0.0;15.409745;3104004
1286;13:16:02.904;0.0;15.409129;3104100
1287;13:16:03.073;1.5;15.409486;3104172
1288;13:16:03.243;0.0;15.409387;3104152
1289;13:16:03.413;1.6;15.410459;3104368
1290;13:16:03.584;1.5;15.408712;3104336
1291;13:16:03.754;0.0;15.408772;3104320
1292;13:16:03.923;1.5;15.409248;3104124
1293;13:16:04.092;0.0;15.409069;3104088
1294;13:16:04.261;0.0;15.409367;3104148
1295;13:16:04.430;1.5;15.410916;3104460
1296;13:16:04.601;1.6;15.411730;3104624
1297;13:16:04.771;3.0;15.410142;3104084
1298;13:16:04.942;0.0;15.410598;3104396
1299;13:16:05.112;1.6;15.411671;3104392
1300;13:16:05.281;0.0;15.411750;3104408
1301;13:16:05.449;1.4;15.409328;3104140
1302;13:16:05.618;1.5;15.406786;3103628
1303;13:16:05.787;1.6;15.407997;3103872
1304;13:16:05.957;2.9;15.408772;3103808
1305;13:16:06.127;0.0;15.409645;3104116
1306;13:16:06.298;1.6;15.408454;3103744
1307;13:16:06.469;3.0;15.406587;3104108
1308;13:16:06.638;0.0;15.410956;3104468
1309;13:16:06.807;2.9;15.410658;3104408
1310;13:16:06.976;1.5;15.409685;3104252
1311;13:16:07.145;1.5;15.407084;3103688
1312;13:16:07.315;3.0;15.407481;3103768
1313;13:16:07.485;0.0;15.407997;3103872
1314;13:16:07.655;3.3;15.406250;3104024
1315;13:16:07.825;3.1;15.407838;3103512
1316;13:16:07.995;3.0;15.408275;3103852
1317;13:16:08.165;3.1;15.407560;3104036
1318;13:16:08.334;1.6;15.408553;3103984
1319;13:16:08.506;1.5;15.408593;3103992
1320;13:16:08.675;0.0;15.407699;3103812
1321;13:16:08.844;0.0;15.406250;3103300
1322;13:16:09.014;0.0;15.406250;3103300
1323;13:16:09.183;0.0;15.407660;3104064
1324;13:16:09.353;0.0;15.409268;3104128
1325;13:16:09.523;0.0;15.407818;3103836
1326;13:16:09.693;0.0;15.406409;3103820
1327;13:16:09.863;1.5;15.406567;3103584
1328;13:16:10.033;0.0;15.408136;3104160
1329;13:16:10.202;1.6;15.408911;3104056
1330;13:16:10.371;0.0;15.409268;3103908
1331;13:16:10.540;0.0;15.408494;3103972
1332;13:16:10.710;0.0;15.409864;3104248
1333;13:16:10.880;0.0;15.407818;3103836
1334;13:16:11.049;0.0;15.409149;3103884
1335;13:16:11.218;0.0;15.411452;3104568
1336;13:16:11.388;0.0;15.411393;3104116
1337;13:16:11.557;0.0;15.408235;3104180
1338;13:16:11.726;0.0;15.410142;3104572
1339;13:16:11.895;1.5;15.410301;3104336
1340;13:16:12.065;1.5;15.410737;3104424
1341;13:16:12.234;0.0;15.410142;3104304
1342;13:16:12.403;0.0;15.409030;3104080
1343;13:16:12.572;0.0;15.409387;3104412
1344;13:16:12.741;0.0;15.408871;3103828
1345;13:16:12.910;0.0;15.406409;3103552
1346;13:16:13.079;0.0;15.408136;3103680
1347;13:16:13.249;0.0;15.409347;3104144
1348;13:16:13.418;0.0;15.410281;3104332
1349;13:16:13.587;1.5;15.408831;3104088
1350;13:16:13.756;1.4;15.407739;3103760
1351;13:16:13.925;1.5;15.408414;3103956
1352;13:16:14.095;1.5;15.409784;3104232
1353;13:16:14.264;0.0;15.408295;3103980
1354;13:16:14.433;1.6;15.408176;3103908
1355;13:16:14.603;1.6;15.408136;3103900
1356;13:16:14.772;0.0;15.407977;3103648
1357;13:16:14.943;1.5;15.408057;3103664
1358;13:16:15.113;1.4;15.410340;3104344
1359;13:16:15.282;0.0;15.410261;3104328
1360;13:16:15.452;0.0;15.409010;3104076
1361;13:16:15.621;1.6;15.407243;3103964
1362;13:16:15.790;1.5;15.409745;3104224
1363;13:16:15.959;3.1;15.412187;3104496
1364;13:16:16.128;0.0;15.409844;3104024
1365;13:16:16.297;3.0;15.408494;3103752
1366;13:16:16.466;1.6;15.408911;3104056
1367;13:16:16.636;1.5;15.409745;3104272
1368;13:16:16.805;0.0;15.412246;3104728
1369;13:16:16.974;0.0;15.411075;3104272
1370;13:16:17.143;1.5;15.408811;3104556
1371;13:16:17.318;0.0;15.412405;3104760
1372;13:16:17.493;0.0;15.412326;3104744
1373;13:16:17.669;1.5;15.413815;3105044
1374;13:16:17.844;1.5;15.413180;3104916
1375;13:16:18.016;12.7;15.412723;3104604
1376;13:16:18.187;2.9;15.419673;3106444
1377;13:16:18.366;1.5;15.427655;3107120
1378;13:16:18.551;0.0;15.412405;3104760
1379;13:16:18.721;1.5;15.414868;3105036
1380;13:16:18.890;0.0;15.412366;3104752
1381;13:16:19.059;0.0;15.412524;3105044
1382;13:16:19.228;1.6;15.413736;3105028
1383;13:16:19.397;0.0;15.413696;3104800
1384;13:16:19.566;0.0;15.413696;3105288
1385;13:16:19.735;3.1;15.412107;3104960
1386;13:16:19.904;1.5;15.411730;3104624
1387;13:16:20.074;3.1;15.413756;3105032
1388;13:16:20.243;0.0;15.414709;3105004
1389;13:16:20.413;0.0;15.416853;3105656
1390;13:16:20.582;0.0;15.415602;3105184
1391;13:16:20.751;0.0;15.415682;3105420
1392;13:16:20.924;1.6;15.416476;3105840
1393;13:16:21.092;1.5;15.414570;3105196
1394;13:16:21.263;1.5;15.415920;3105468
1395;13:16:21.442;1.5;15.418422;3105752
1396;13:16:21.616;0.0;15.417171;3105500
1397;13:16:21.792;0.0;15.417012;3105688
1398;13:16:21.973;1.6;15.416694;3105404
1399;13:16:22.145;3.1;15.417012;3105688
1400;13:16:22.315;0.0;15.417131;3105712
1401;13:16:22.484;1.5;15.418303;3106216
1402;13:16:22.660;1.5;15.419832;3106036
1403;13:16:22.835;1.5;15.418382;3105964
1404;13:16:23.007;1.5;15.416555;3105596
1405;13:16:23.183;0.0;15.419792;3106028
1406;13:16:23.357;0.0;15.418859;3106060
1407;13:16:23.533;0.0;15.418700;3106028
1408;13:16:23.707;0.0;15.416436;3105832
1409;13:16:23.882;3.0;15.418501;3105776
1410;13:16:24.060;0.0;15.417489;3105784
1411;13:16:24.236;1.5;15.418720;3106032
1412;13:16:24.417;0.0;15.419812;3106488
1413;13:16:24.587;0.0;15.418402;3106228
1414;13:16:24.761;1.4;15.418898;3106116
1415;13:16:24.930;0.0;15.419216;3105912
1416;13:16:25.101;0.0;15.419375;3106164
1417;13:16:25.270;1.6;15.422830;3106860
1418;13:16:25.439;0.0;15.421261;3106324
1419;13:16:25.608;1.5;15.419851;3106528
1420;13:16:25.777;1.5;15.420328;3106396
1421;13:16:25.946;3.0;15.419415;3106172
1422;13:16:26.116;5.8;15.418581;3106004
1423;13:16:26.285;0.0;15.420308;3105912
1424;13:16:26.455;0.0;15.418283;3105724
1425;13:16:26.623;1.4;15.416595;3105604
1426;13:16:26.793;1.6;15.416436;3105352
1427;13:16:26.962;1.5;15.416396;3105564
1428;13:16:27.132;0.0;15.416555;3105376
1429;13:16:27.301;1.6;15.418084;3105904
1430;13:16:27.469;1.5;15.417687;3105824
1431;13:16:27.639;0.0;15.418045;3105896
1432;13:16:27.808;0.0;15.417806;3105628
1433;13:16:27.977;0.0;15.415701;3105464
1434;13:16:28.146;3.0;15.419057;3106100
1435;13:16:28.320;1.5;15.419415;3106408
1436;13:16:28.498;0.0;15.418124;3105912
1437;13:16:28.669;1.6;15.420805;3106232
1438;13:16:28.840;0.0;15.418323;3105952
1439;13:16:29.010;0.0;15.416694;3105884
1440;13:16:29.181;0.0;15.417072;3105700
1441;13:16:29.351;4.3;15.411512;3104840
1442;13:16:29.523;0.0;15.415265;3105336
1443;13:16:29.693;1.5;15.419256;3105700
1444;13:16:29.868;0.0;15.416595;3105864
1445;13:16:30.044;0.0;15.418045;3105896
1446;13:16:30.220;0.0;15.416833;3105652
1447;13:16:30.397;0.0;15.416992;3105684
1448;13:16:30.572;0.0;15.417310;3105748
1449;13:16:30.744;1.5;15.418323;3105732
1450;13:16:30.916;0.0;15.420090;3106308
1451;13:16:31.085;0.0;15.417925;3106036
1452;13:16:31.255;0.0;15.420546;3106400
1453;13:16:31.430;3.1;15.428827;3108068
1454;13:16:31.606;3.2;15.418660;3105800
1455;13:16:31.777;1.6;15.417290;3105524
1456;13:16:31.949;1.5;15.415384;3105360
1457;13:16:32.120;1.6;15.417727;3105612
1458;13:16:32.289;0.0;15.418819;3106052
1459;13:16:32.459;3.3;15.417568;3106212
1460;13:16:32.635;1.7;15.418958;3106080
1461;13:16:32.806;0.0;15.419673;3106224
1462;13:16:32.976;0.0;15.418323;3105952
1463;13:16:33.146;1.5;15.418005;3105888
1464;13:16:33.319;1.4;15.418164;3105920
1465;13:16:33.495;3.1;15.419335;3106156
1466;13:16:33.665;0.0;15.416794;3105424
1467;13:16:33.835;0.0;15.414570;3105196
1468;13:16:34.005;0.0;15.416396;3105344
1469;13:16:34.174;1.6;15.415979;3105480
1470;13:16:34.343;1.5;15.417429;3105772
1471;13:16:34.512;0.0;15.414947;3105272
1472;13:16:34.682;0.0;15.417032;3105740
1473;13:16:34.852;0.0;15.417528;3106016
1474;13:16:35.023;1.6;15.414292;3105384
1475;13:16:35.192;2.9;15.414808;3105488
1476;13:16:35.362;3.1;15.414967;3105276
1477;13:16:35.532;4.6;15.414153;3105144
1478;13:16:35.703;1.5;15.414053;3105092
1479;13:16:35.874;0.0;15.414629;3104988
1480;13:16:36.044;0.0;15.413219;3104924
1481;13:16:36.213;0.0;15.413378;3104736
1482;13:16:36.383;0.0;15.416079;3105500
1483;13:16:36.553;1.6;15.415761;3105216
1484;13:16:36.722;0.0;15.414470;3105176
1485;13:16:36.892;0.0;15.415721;3105428
1486;13:16:37.062;1.5;15.414470;3104956
1487;13:16:37.231;0.0;15.414709;3105224
1488;13:16:37.400;1.5;15.414331;3104928
1489;13:16:37.570;0.0;15.416198;3105524
1490;13:16:37.739;0.0;15.414470;3104956
1491;13:16:37.908;0.0;15.413378;3104956
1492;13:16:38.077;1.5;15.415781;3105684
1493;13:16:38.248;1.6;15.416496;3105208
1494;13:16:38.419;1.5;15.415205;3105324
1495;13:16:38.590;0.0;15.415205;3105324
1496;13:16:38.759;1.5;15.415205;3105324
1497;13:16:38.928;0.0;15.417250;3105752
1498;13:16:39.098;3.2;15.413974;3105076
1499;13:16:39.268;0.0;15.418402;3105748
1500;13:16:39.441;0.0;15.419315;3105932
1501;13:16:39.615;0.0;15.419315;3106152
1502;13:16:39.792;0.0;15.419276;3105924
1503;13:16:39.972;1.5;15.418184;3105964
1504;13:16:40.141;1.6;15.415960;3105476
1505;13:16:40.311;3.1;15.416456;3105356
1506;13:16:40.482;1.5;15.416416;3105348
1507;13:16:40.653;4.5;15.417389;3105544
1508;13:16:40.823;0.0;15.419712;3106232
1509;13:16:40.998;1.5;15.420924;3106256
1510;13:16:41.173;0.0;15.418422;3105776
1511;13:16:41.348;0.0;15.416118;3105768
1512;13:16:41.524;0.0;15.414669;3105476
1513;13:16:41.699;1.5;15.415761;3105436
1514;13:16:41.871;1.5;15.418382;3105964
1515;13:16:42.044;0.0;15.417012;3105688
1516;13:16:42.213;0.0;15.417012;3105736
1517;13:16:42.383;1.5;15.415761;3105436
1518;13:16:42.560;1.5;15.415880;3105460
1519;13:16:42.735;1.5;15.414947;3105272
1520;13:16:42.906;1.6;15.418203;3105708
1521;13:16:43.076;3.0;15.415066;3105336
1522;13:16:43.248;4.4;15.412802;3104864
1523;13:16:43.419;1.6;15.415344;3105352
1524;13:16:43.595;1.5;15.417191;3105724
1525;13:16:43.766;1.5;15.416456;3105836
1526;13:16:43.939;1.5;15.418422;3106012
1527;13:16:44.112;0.0;15.420110;3106312
1528;13:16:44.285;1.5;15.420864;3106244
1529;13:16:44.453;0.0;15.419971;3106064
1530;13:16:44.622;0.0;15.420407;3106152
1531;13:16:44.791;0.0;15.420884;3106248
1532;13:16:44.961;1.5;15.420129;3106316
1533;13:16:45.131;0.0;15.420129;3106096
1534;13:16:45.301;0.0;15.420129;3106316
1535;13:16:45.471;1.6;15.417945;3105876
1536;13:16:45.641;1.5;15.419037;3106096
1537;13:16:45.810;0.0;15.417945;3106136
1538;13:16:45.981;0.0;15.417786;3105844
1539;13:16:46.151;1.6;15.416535;3105640
1540;13:16:46.321;4.4;15.418005;3105888
1541;13:16:46.492;1.4;15.419216;3106132
1542;13:16:46.661;3.1;15.420805;3106216
1543;13:16:46.832;2.9;15.419693;3106228
1544;13:16:47.004;2.7;15.420745;3106440
1545;13:16:47.173;3.0;15.420268;3106124
1546;13:16:47.342;4.5;15.419653;3106000
1547;13:16:47.514;3.0;15.418640;3106016
1548;13:16:47.684;0.0;15.419176;3106124
1549;13:16:47.854;0.0;15.420467;3106384
1550;13:16:48.023;0.0;15.420507;3106172
1551;13:16:48.191;0.0;15.418303;3105948
1552;13:16:48.361;0.0;15.418303;3105948
1553;13:16:48.530;0.0;15.419395;3106420
1554;13:16:48.700;0.0;15.419633;3105996
1555;13:16:48.868;0.0;15.418303;3106208
1556;13:16:49.038;1.6;15.419593;3106208
1557;13:16:49.209;0.0;15.418342;3105956
1558;13:16:49.378;0.0;15.420884;3106468
1559;13:16:49.547;0.0;15.420805;3106452
1560;13:16:49.716;1.5;15.420725;3106216
1561;13:16:49.885;1.5;15.418303;3105948
1562;13:16:50.054;0.0;15.419474;3106184
1563;13:16:50.223;0.0;15.419395;3106168
1564;13:16:50.391;1.6;15.417211;3105728
1565;13:16:50.561;1.6;15.417032;3105692
1566;13:16:50.730;3.1;15.420388;3106368
1567;13:16:50.900;3.0;15.417151;3105716
1568;13:16:51.069;1.5;15.417111;3105708
1569;13:16:51.243;1.4;15.419851;3106260
1570;13:16:51.413;0.0;15.421698;3106632
1571;13:16:51.582;1.6;15.420725;3106436
1572;13:16:51.752;1.5;15.422016;3106696
1573;13:16:51.921;0.0;15.421976;3106468
1574;13:16:52.096;1.5;15.420884;3106468
1575;13:16:52.273;0.0;15.421023;3106276
1576;13:16:52.442;0.0;15.420407;3106372
1577;13:16:52.611;0.0;15.420090;3106308
1578;13:16:52.780;1.5;15.420368;3106364
1579;13:16:52.949;0.0;15.419971;3106536
1580;13:16:53.118;1.6;15.422433;3106560
1581;13:16:53.287;0.0;15.419971;3106332
1582;13:16:53.456;0.0;15.420527;3106176
1583;13:16:53.625;1.6;15.419712;3106232
1584;13:16:53.794;1.5;15.417628;3105592
1585;13:16:53.963;1.5;15.417628;3105592
1586;13:16:54.133;0.0;15.418680;3106024
1587;13:16:54.302;0.0;15.418720;3106056
1588;13:16:54.471;1.4;15.420685;3106208
1589;13:16:54.641;0.0;15.418303;3106200
1590;13:16:54.809;1.6;15.418799;3106048
1591;13:16:54.979;0.0;15.417548;3106056
1592;13:16:55.149;0.0;15.419971;3106064
1593;13:16:55.319;1.5;15.419196;3106388
1594;13:16:55.489;0.0;15.418799;3106048
1595;13:16:55.659;0.0;15.418998;3105868
1596;13:16:55.829;0.0;15.417270;3106000
1597;13:16:55.998;0.0;15.421063;3106504
1598;13:16:56.167;0.0;15.419812;3106032
1599;13:16:56.337;0.0;15.418998;3106348
1600;13:16:56.507;0.0;15.421043;3106060
1601;13:16:56.676;0.0;15.417647;3105816
1602;13:16:56.845;0.0;15.417925;3105920
1603;13:16:57.014;0.0;15.418561;3105780
1604;13:16:57.185;0.0;15.418561;3105780
1605;13:16:57.354;0.0;15.418561;3106000
1606;13:16:57.524;1.5;15.421102;3106292
1607;13:16:57.693;0.0;15.419812;3106032
1608;13:16:57.862;0.0;15.421063;3106504
1609;13:16:58.031;1.6;15.421063;3106504
1610;13:16:58.200;1.5;15.421063;3106284
1611;13:16:58.370;0.0;15.419812;3106252
1612;13:16:58.540;0.0;15.420844;3106460
1613;13:16:58.710;0.0;15.419554;3105980
1614;13:16:58.879;1.5;15.418462;3105760
1615;13:16:59.049;0.0;15.415960;3105476
1616;13:16:59.218;1.6;15.420805;3106232
1617;13:16:59.387;0.0;15.419712;3106232
1618;13:16:59.557;1.6;15.419752;3106288
1619;13:16:59.727;0.0;15.420805;3106452
1620;13:16:59.896;1.5;15.420765;3106444
1621;13:17:00.065;0.0;15.420944;3106260
1622;13:17:00.234;1.5;15.419534;3106196
1623;13:17:00.405;1.6;15.421023;3106496
1624;13:17:00.575;1.6;15.419732;3106016
1625;13:17:00.745;1.6;15.416893;3105664
1626;13:17:00.915;1.5;15.419395;3106168
1627;13:17:01.084;1.6;15.417449;3106044
1628;13:17:01.253;0.0;15.418700;3105808
1629;13:17:01.423;0.0;15.418779;3106044
1630;13:17:01.592;0.0;15.417767;3105840
1631;13:17:01.763;0.0;15.416357;3105556
1632;13:17:01.932;0.0;15.418799;3105828
1633;13:17:02.101;0.0;15.418799;3106048
1634;13:17:02.270;0.0;15.420050;3106080
1635;13:17:02.440;1.5;15.418263;3105940
1636;13:17:02.609;0.0;15.418640;3106276
1637;13:17:02.779;0.0;15.419891;3106048
1638;13:17:02.949;1.5;15.419534;3106196
1639;13:17:03.119;4.6;15.417350;3106016
1640;13:17:03.289;3.0;15.418740;3106312
1641;13:17:03.464;1.6;15.418839;3106308
1642;13:17:03.633;1.6;15.421162;3106440
1643;13:17:03.803;0.0;15.419077;3105884
1644;13:17:03.973;0.0;15.417985;3105884
1645;13:17:04.142;0.0;15.420328;3106404
1646;13:17:04.311;1.5;15.419236;3105916
1647;13:17:04.481;1.5;15.419514;3106192
1648;13:17:04.650;0.0;15.419236;3106136
1649;13:17:04.819;0.0;15.421579;3106388
1650;13:17:04.987;0.0;15.419236;3106136
1651;13:17:05.157;1.5;15.417826;3105632
1652;13:17:05.326;0.0;15.419077;3106104
1653;13:17:05.495;1.5;15.419276;3106144
1654;13:17:05.665;1.5;15.418104;3106168
1655;13:17:05.834;0.0;15.419077;3106144
1656;13:17:06.003;1.5;15.419077;3105884
1657;13:17:06.173;1.5;15.417826;3105632
1658;13:17:06.342;0.0;15.419812;3106252
1659;13:17:06.511;0.0;15.420090;3106308
1660;13:17:06.681;1.5;15.419653;3106000
1661;13:17:06.850;1.6;15.419653;3106000
1662;13:17:07.019;0.0;15.418859;3106060
1663;13:17:07.189;0.0;15.417111;3105748
1664;13:17:07.358;1.5;15.421063;3106284
1665;13:17:07.527;0.0;15.420328;3106356
1666;13:17:07.698;0.0;15.420844;3106460
1667;13:17:07.867;0.0;15.419593;3105988
1668;13:17:08.037;0.0;15.419752;3106020
1669;13:17:08.207;0.0;15.418342;3105736
1670;13:17:08.377;0.0;15.417528;3105572
1671;13:17:08.547;1.5;15.416714;3105628
1672;13:17:08.716;0.0;15.417925;3106132
1673;13:17:08.885;0.0;15.417091;3105484
1674;13:17:09.055;0.0;15.417131;3105712
1675;13:17:09.225;0.0;15.415999;3105264
1676;13:17:09.395;0.0;15.417767;3105620
1677;13:17:09.564;0.0;15.417151;3105716
1678;13:17:09.734;1.6;15.416933;3105672
1679;13:17:09.904;1.5;15.418184;3105704
1680;13:17:10.073;1.4;15.415682;3105680
1681;13:17:10.242;1.6;15.418025;3105672
1682;13:17:10.411;0.0;15.418223;3106152
1683;13:17:10.581;1.6;15.417945;3105656
1684;13:17:10.750;0.0;15.421778;3106648
1685;13:17:10.919;1.6;15.421936;3106680
1686;13:17:11.090;1.3;15.419514;3106192
1687;13:17:11.259;0.0;15.419514;3106192
1688;13:17:11.428;0.0;15.418462;3105760
1689;13:17:11.597;0.0;15.418740;3105816
1690;13:17:11.766;0.0;15.416833;3105652
1691;13:17:11.935;1.5;15.416933;3105712
1692;13:17:12.104;0.0;15.416933;3105672
1693;13:17:12.274;1.5;15.417052;3105696
1694;13:17:12.444;0.0;15.420646;3106420
1695;13:17:12.614;1.6;15.419434;3106232
1696;13:17:12.783;1.5;15.420070;3106304
1697;13:17:12.951;0.0;15.419554;3106200
1698;13:17:13.120;1.5;15.419395;3105940
1699;13:17:13.290;0.0;15.417052;3105696
1700;13:17:13.458;0.0;15.419395;3105948
1701;13:17:13.628;1.6;15.421043;3106280
1702;13:17:13.797;0.0;15.419395;3105948
1703;13:17:13.966;0.0;15.421897;3106452
1704;13:17:14.136;0.0;15.420646;3106444
1705;13:17:14.305;0.0;15.420646;3106200
1706;13:17:14.475;1.3;15.419871;3106044
1707;13:17:14.644;0.0;15.419176;3106124
1708;13:17:14.813;0.0;15.420626;3106448
1709;13:17:14.982;0.0;15.421877;3106448
1710;13:17:15.153;0.0;15.419534;3106244
1711;13:17:15.323;0.0;15.418362;3106220
1712;13:17:15.492;1.5;15.417032;3105692
1713;13:17:15.662;1.5;15.420666;3106432
1714;13:17:15.832;0.0;15.420983;3106488
1715;13:17:16.001;1.3;15.421063;3106284
1716;13:17:16.170;0.0;15.420944;3106480
1717;13:17:16.340;0.0;15.419613;3106212
1718;13:17:16.510;1.5;15.420626;3106416
1719;13:17:16.679;0.0;15.420944;3106480
1720;13:17:16.848;0.0;15.419375;3106212
1721;13:17:17.017;1.6;15.418124;3105952
1722;13:17:17.186;0.0;15.417032;3105692
1723;13:17:17.354;1.5;15.419375;3106164
1724;13:17:17.524;1.5;15.420586;3106408
1725;13:17:17.693;0.0;15.420745;3106440
1726;13:17:17.862;0.0;15.419494;3106188
1727;13:17:18.032;0.0;15.420745;3106440
1728;13:17:18.201;3.1;15.423009;3106676
1729;13:17:18.370;0.0;15.423009;3106676
1730;13:17:18.539;1.6;15.421440;3106580
1731;13:17:18.710;3.1;15.421083;3106508
1732;13:17:18.879;0.0;15.420566;3106184
1733;13:17:19.049;1.5;15.419554;3106468
1734;13:17:19.218;0.0;15.419474;3106184
1735;13:17:19.387;0.0;15.420725;3106216
1736;13:17:19.556;1.6;15.420566;3106404
1737;13:17:19.727;1.5;15.420586;3106188
1738;13:17:19.898;0.0;15.420745;3106220
1739;13:17:20.067;1.5;15.419335;3106156
1740;13:17:20.236;0.0;15.418164;3105920
1741;13:17:20.405;1.5;15.418164;3105920
1742;13:17:20.575;1.5;15.419494;3106424
1743;13:17:20.744;0.0;15.419573;3106204
1744;13:17:20.915;0.0;15.418481;3105764
1745;13:17:21.085;0.0;15.418958;3106080
1746;13:17:21.254;0.0;15.420824;3106456
1747;13:17:21.423;0.0;15.420983;3106488
1748;13:17:21.592;0.0;15.421023;3106496
1749;13:17:21.762;0.0;15.421917;3106456
1750;13:17:21.932;1.5;15.420626;3106196
1751;13:17:22.101;0.0;15.419772;3106244
1752;13:17:22.270;1.6;15.420824;3106724
1753;13:17:22.439;0.0;15.421023;3106780
1754;13:17:22.608;0.0;15.420487;3106168
1755;13:17:22.777;0.0;15.417906;3105868
1756;13:17:22.946;0.0;15.420110;3106312
1757;13:17:23.116;1.5;15.422770;3106848
1758;13:17:23.285;1.6;15.425074;3107092
1759;13:17:23.455;4.7;15.424716;3107752
1760;13:17:23.625;1.6;15.425193;3107116
1761;13:17:23.794;1.5;15.420149;3106572
1762;13:17:23.964;0.0;15.421241;3106540
1763;13:17:24.133;0.0;15.419832;3106256
1764;13:17:24.302;0.0;15.421122;3106296
1765;13:17:24.471;0.0;15.420030;3106076
1766;13:17:24.642;1.3;15.421797;3106652
1767;13:17:24.811;1.4;15.420149;3106320
1768;13:17:24.980;1.4;15.419633;3106216
1769;13:17:25.148;0.0;15.419613;3106260
1770;13:17:25.317;2.9;15.419851;3106260
1771;13:17:25.486;1.5;15.418481;3105764
1772;13:17:25.655;1.5;15.420129;3106316
1773;13:17:25.824;1.3;15.417429;3105772
1774;13:17:25.993;0.0;15.418720;3106032
1775;13:17:26.161;1.6;15.418561;3105780
1776;13:17:26.330;0.0;15.421222;3106316
1777;13:17:26.499;1.5;15.421222;3106316
1778;13:17:26.668;1.5;15.419971;3106284
1779;13:17:26.837;1.5;15.419812;3106032
1780;13:17:27.006;1.5;15.421023;3106276
1781;13:17:27.175;1.6;15.419931;3106552
1782;13:17:27.345;0.0;15.420407;3106372
1783;13:17:27.514;0.0;15.421658;3106672
1784;13:17:27.683;1.6;15.422751;3106624
1785;13:17:27.852;3.1;15.420050;3106300
1786;13:17:28.023;0.0;15.420209;3106112
1787;13:17:28.192;0.0;15.420527;3106396
1788;13:17:28.361;1.6;15.421658;3106404
1789;13:17:28.530;0.0;15.423187;3106712
1790;13:17:28.698;1.6;15.424518;3106980
1791;13:17:28.867;0.0;15.421658;3106404
1792;13:17:29.036;0.0;15.420844;3106240
1793;13:17:29.205;0.0;15.419077;3105884
1794;13:17:29.373;0.0;15.417985;3105884
1795;13:17:29.542;1.5;15.420328;3106356
1796;13:17:29.711;0.0;15.419236;3106136
1797;13:17:29.880;0.0;15.420328;3106136
1798;13:17:30.048;1.5;15.419236;3106136
1799;13:17:30.218;0.0;15.417985;3105924
1800;13:17:30.386;1.5;15.420368;3106144
1801;13:17:30.555;1.3;15.420924;3106256
1802;13:17:30.724;1.5;15.419832;3106256
1803;13:17:30.893;1.6;15.418025;3105892
1804;13:17:31.062;0.0;15.420328;3106136
1805;13:17:31.231;0.0;15.419315;3106152
1806;13:17:31.400;1.5;15.419077;3106104
1807;13:17:31.569;1.5;15.417985;3106152
1808;13:17:31.738;0.0;15.420884;3106468
1809;13:17:31.908;0.0;15.419077;3105884
1810;13:17:32.077;1.5;15.420566;3106404
1811;13:17:32.246;1.6;15.419236;3106396
1812;13:17:32.415;3.1;15.423108;3107024
1813;13:17:32.584;1.6;15.422989;3106672
1814;13:17:32.753;0.0;15.422334;3106760
1815;13:17:32.922;0.0;15.423108;3106696
1816;13:17:33.091;0.0;15.422373;3106768
1817;13:17:33.259;0.0;15.421778;3106428
1818;13:17:33.428;1.5;15.420566;3106404
1819;13:17:33.597;0.0;15.420388;3106408
1820;13:17:33.766;1.6;15.423088;3106912
1821;13:17:33.935;3.1;15.424001;3107096
1822;13:17:34.104;1.5;15.420685;3106428
1823;13:17:34.273;1.5;15.420527;3106396
1824;13:17:34.444;1.6;15.421619;3106616
1825;13:17:34.613;0.0;15.421301;3106552
1826;13:17:34.782;0.0;15.422790;3106924
1827;13:17:34.951;1.5;15.423227;3106940
1828;13:17:35.121;0.0;15.422592;3106812
1829;13:17:35.290;1.5;15.422592;3106592
1830;13:17:35.459;0.0;15.422949;3106444
1831;13:17:35.629;0.0;15.419653;3106616
1832;13:17:35.798;1.6;15.421658;3106624
1833;13:17:35.967;0.0;15.420229;3106116
1834;13:17:36.136;0.0;15.421182;3106308
1835;13:17:36.306;1.5;15.419157;3106120
1836;13:17:36.476;0.0;15.417707;3105828
1837;13:17:36.645;1.5;15.419732;3106236
1838;13:17:36.815;0.0;15.420010;3106292
1839;13:17:36.986;1.5;15.419732;3106236
1840;13:17:37.155;4.6;15.419573;3106204
1841;13:17:37.325;0.0;15.420288;3106128
1842;13:17:37.494;1.5;15.420288;3106348
1843;13:17:37.664;0.0;15.420288;3106348
1844;13:17:37.833;3.1;15.419554;3106200
1845;13:17:38.003;0.0;15.416992;3105944
1846;13:17:38.173;1.5;15.421658;3106640
1847;13:17:38.344;0.0;15.418382;3105964
1848;13:17:38.513;0.0;15.419871;3106044
1849;13:17:38.682;1.5;15.417687;3105824
1850;13:17:38.850;0.0;15.419990;3105960
1851;13:17:39.022;1.6;15.420209;3106332
1852;13:17:39.191;1.6;15.419276;3106144
1853;13:17:39.360;0.0;15.417707;3106088
1854;13:17:39.529;3.1;15.417548;3105796
1855;13:17:39.698;1.6;15.427040;3107708
1856;13:17:39.868;3.1;15.428171;3107716
1857;13:17:40.037;0.0;15.425630;3107660
1858;13:17:40.207;1.5;15.426861;3107672
1859;13:17:40.377;0.0;15.425391;3107676
1860;13:17:40.548;3.1;15.430038;3108312
1861;13:17:40.719;1.6;15.427635;3107884
1862;13:17:40.889;1.6;15.427973;3107896
1863;13:17:41.058;1.5;15.426861;3107452
1864;13:17:41.227;1.6;15.428191;3107940
1865;13:17:41.395;0.0;15.426047;3107508
1866;13:17:41.564;1.5;15.425888;3107256
1867;13:17:41.733;0.0;15.426126;3107304
1868;13:17:41.902;1.5;15.427695;3107840
1869;13:17:42.072;1.6;15.428012;3108172
1870;13:17:42.242;1.6;15.426364;3107816
1871;13:17:42.411;1.6;15.427437;3107788
1872;13:17:42.581;0.0;15.428926;3108088
1873;13:17:42.750;0.0;15.425252;3107812
1874;13:17:42.921;0.0;15.426543;3107860
1875;13:17:43.090;1.5;15.429939;3108072
1876;13:17:43.259;0.0;15.428807;3107844
1877;13:17:43.429;3.1;15.431527;3108612
1878;13:17:43.598;1.5;15.427794;3107860
1879;13:17:43.768;1.6;15.426881;3107932
1880;13:17:43.947;3.1;15.425411;3107624
1881;13:17:44.117;0.0;15.427874;3107876
1882;13:17:44.286;1.5;15.429422;3107968
1883;13:17:44.455;0.0;15.428648;3108032
1884;13:17:44.624;0.0;15.429422;3108188
1885;13:17:44.793;0.0;15.428489;3107780
1886;13:17:44.962;1.5;15.429502;3108204
1887;13:17:45.132;1.5;15.428171;3107716
1888;13:17:45.301;0.0;15.425828;3107724
1889;13:17:45.471;0.0;15.425828;3107464
1890;13:17:45.641;1.5;15.426920;3107464
1891;13:17:45.811;1.6;15.428648;3107812
1892;13:17:45.981;0.0;15.428330;3107748
1893;13:17:46.150;0.0;15.426920;3107684
1894;13:17:46.319;0.0;15.426881;3107456
1895;13:17:46.488;0.0;15.425789;3107456
1896;13:17:46.658;0.0;15.424339;3107220
1897;13:17:46.828;0.0;15.424617;3107220
1898;13:17:46.997;0.0;15.424418;3106960
1899;13:17:47.166;0.0;15.423326;3106960
1900;13:17:47.334;0.0;15.426067;3107512
1901;13:17:47.503;1.5;15.426067;3107512
1902;13:17:47.672;1.5;15.425947;3107268
1903;13:17:47.841;1.5;15.424974;3107292
1904;13:17:48.011;1.6;15.424498;3107196
1905;13:17:48.180;1.5;15.424418;3106960
1906;13:17:48.349;0.0;15.423366;3106748
1907;13:17:48.518;1.3;15.423882;3107332
1908;13:17:48.687;0.0;15.423168;3106928
1909;13:17:48.857;0.0;15.426146;3107528
1910;13:17:49.026;0.0;15.424200;3107136
1911;13:17:49.195;1.5;15.424835;3107044
1912;13:17:49.364;0.0;15.424994;3107296
1913;13:17:49.534;0.0;15.427337;3107768
1914;13:17:49.703;1.6;15.426563;3107172
1915;13:17:49.873;1.5;15.427198;3108016
1916;13:17:50.042;3.0;15.428151;3107712
1917;13:17:50.211;0.0;15.426901;3107940
1918;13:17:50.381;0.0;15.426980;3107476
1919;13:17:50.550;0.0;15.427059;3107712
1920;13:17:50.721;3.0;15.429561;3107996
1921;13:17:50.890;3.1;15.428469;3107776
1922;13:17:51.059;1.6;15.427417;3107784
1923;13:17:51.231;1.6;15.425054;3107088
1924;13:17:51.401;1.6;15.429144;3108164
1925;13:17:51.571;1.5;15.426364;3107352
1926;13:17:51.741;0.0;15.427854;3107904
1927;13:17:51.910;0.0;15.427476;3107576
1928;13:17:52.081;0.0;15.427278;3107756
1929;13:17:52.252;0.0;15.428727;3108276
1930;13:17:52.422;1.5;15.428688;3108040
1931;13:17:52.591;0.0;15.428568;3107796
1932;13:17:52.760;0.0;15.427476;3107796
1933;13:17:52.929;0.0;15.426702;3107680
1934;13:17:53.098;0.0;15.428310;3107964
1935;13:17:53.269;1.6;15.428151;3107712
1936;13:17:53.438;0.0;15.428469;3108224
1937;13:17:53.608;0.0;15.428449;3108228
1938;13:17:53.778;1.6;15.430673;3108220
1939;13:17:53.947;0.0;15.428251;3107976
1940;13:17:54.116;1.3;15.428132;3107928
1941;13:17:54.285;0.0;15.427893;3107936
1942;13:17:54.454;1.5;15.429502;3107984
1943;13:17:54.626;0.0;15.427556;3108072
1944;13:17:54.795;0.0;15.426682;3107636
1945;13:17:54.964;1.5;15.426722;3107424
1946;13:17:55.134;0.0;15.424418;3107440
1947;13:17:55.303;0.0;15.425471;3107172
1948;13:17:55.473;1.5;15.424180;3106912
1949;13:17:55.642;0.0;15.423326;3107236
1950;13:17:55.813;0.0;15.425590;3107416
1951;13:17:55.982;1.6;15.427099;3107500
1952;13:17:56.152;0.0;15.428132;3107708
1953;13:17:56.322;0.0;15.428171;3107716
1954;13:17:56.496;1.5;15.429065;3108116
1955;13:17:56.676;1.6;15.431845;3108456
1956;13:17:56.847;6.7;15.428747;3108052
1957;13:17:57.020;0.0;15.431269;3108560
1958;13:17:57.193;0.0;15.435379;3109388
1959;13:17:57.370;3.0;15.430475;3108400
1960;13:17:57.542;0.0;15.430991;3108504
1961;13:17:57.713;0.0;15.428370;3107976
1962;13:17:57.883;3.2;15.428092;3107920
1963;13:17:58.053;1.5;15.426285;3107604
1964;13:17:58.224;1.5;15.426464;3107592
1965;13:17:58.393;1.6;15.426245;3107548
1966;13:17:58.563;0.0;15.425511;3107400
1967;13:17:58.732;0.0;15.428290;3107740
1968;13:17:58.901;0.0;15.426126;3107776
1969;13:17:59.070;1.5;15.429839;3108052
1970;13:17:59.239;0.0;15.426960;3107692
1971;13:17:59.409;0.0;15.426801;3107660
1972;13:17:59.579;0.0;15.425550;3107668
1973;13:17:59.748;0.0;15.425590;3107456
1974;13:17:59.918;1.4;15.427000;3107480
1975;13:18:00.088;1.5;15.427457;3107792
1976;13:18:00.257;0.0;15.429422;3108188
1977;13:18:00.427;0.0;15.428012;3107944
1978;13:18:00.596;1.5;15.428290;3107740
1979;13:18:00.765;0.0;15.426801;3107660
1980;13:18:00.934;0.0;15.428330;3108252
1981;13:18:01.105;0.0;15.430256;3108356
1982;13:18:01.274;1.5;15.427179;3107736
1983;13:18:01.445;0.0;15.427139;3107728
1984;13:18:01.616;0.0;15.427059;3107712
1985;13:18:01.787;1.5;15.427715;3107844
1986;13:18:01.962;1.6;15.427874;3108160
1987;13:18:02.136;1.5;15.430892;3108320
1988;13:18:02.313;0.0;15.432421;3108792
1989;13:18:02.483;1.4;15.432202;3108748
1990;13:18:02.653;5.9;15.426603;3107668
1991;13:18:02.823;0.0;15.425391;3107376
1992;13:18:02.993;0.0;15.428092;3107920
1993;13:18:03.164;0.0;15.429800;3108044
1994;13:18:03.334;1.6;15.428568;3108016
1995;13:18:03.504;0.0;15.430137;3108112
1996;13:18:03.674;1.5;15.429819;3108048
1997;13:18:03.845;0.0;15.427476;3107796
1998;13:18:04.014;0.0;15.429939;3108072
1999;13:18:04.183;1.5;15.427278;3107536
2000;13:18:04.353;0.0;15.427476;3107796
2001;13:18:04.522;0.0;15.428727;3108048
2002;13:18:04.692;0.0;15.427278;3107536
2003;13:18:04.861;0.0;15.426464;3107592
2004;13:18:05.030;1.6;15.428271;3107956
2005;13:18:05.200;0.0;15.426027;3107284
2006;13:18:05.369;0.0;15.424935;3107552
2007;13:18:05.538;0.0;15.430157;3108336
2008;13:18:05.709;1.6;15.428727;3108048
2009;13:18:05.881;1.5;15.428807;3108064
2010;13:18:06.051;1.4;15.429978;3108300
2011;13:18:06.220;0.0;15.428429;3107988
2012;13:18:06.390;0.0;15.429680;3108240
2013;13:18:06.559;1.5;15.428390;3107980
2014;13:18:06.729;0.0;15.428429;3107988
2015;13:18:06.898;0.0;15.429522;3108208
2016;13:18:07.067;1.6;15.430117;3108108
2017;13:18:07.236;0.0;15.427179;3107736
2018;13:18:07.405;0.0;15.425928;3107264
2019;13:18:07.574;0.0;15.428350;3107752
2020;13:18:07.743;1.5;15.426186;3107536
2021;13:18:07.914;0.0;15.426225;3107324
2022;13:18:08.083;1.6;15.424319;3107216
2023;13:18:08.253;0.0;15.426047;3107540
2024;13:18:08.423;0.0;15.426980;3107476
2025;13:18:08.593;0.0;15.430574;3108200
2026;13:18:08.763;1.5;15.427913;3107884
2027;13:18:08.933;1.5;15.428648;3108032
2028;13:18:09.102;0.0;15.426781;3107588
2029;13:18:09.272;4.6;15.421361;3106764
2030;13:18:09.443;1.6;15.424577;3107236
2031;13:18:09.617;0.0;15.427159;3107512
2032;13:18:09.786;0.0;15.428410;3107764
2033;13:18:09.956;0.0;15.426225;3107544
2034;13:18:10.128;3.1;15.424538;3106984
2035;13:18:10.298;0.0;15.426841;3107668
2036;13:18:10.467;0.0;15.426265;3107552
2037;13:18:10.638;1.5;15.427437;3107788
2038;13:18:10.807;3.1;15.425967;3107492
2039;13:18:10.978;1.5;15.427099;3107500
2040;13:18:11.147;1.5;15.425094;3107316
2041;13:18:11.317;0.0;15.425550;3107408
2042;13:18:11.487;1.6;15.425491;3107176
2043;13:18:11.657;1.6;15.427496;3107800
2044;13:18:11.827;0.0;15.426464;3107372
2045;13:18:11.997;2.9;15.428529;3108008
2046;13:18:12.169;0.0;15.427516;3107804
2047;13:18:12.338;0.0;15.428648;3108032
2048;13:18:12.508;0.0;15.427556;3107592
2049;13:18:12.677;0.0;15.426146;3107528
2050;13:18:12.847;7.5;15.424081;3107372
2051;13:18:13.017;0.0;15.425094;3107316
2052;13:18:13.187;3.1;15.425014;3107080
2053;13:18:13.356;1.5;15.425014;3107080
2054;13:18:13.525;1.5;15.423922;3107080
2055;13:18:13.693;1.5;15.425173;3107332
2056;13:18:13.862;1.6;15.426265;3107592
2057;13:18:14.031;1.6;15.427794;3107860
2058;13:18:14.202;1.6;15.427893;3107660
2059;13:18:14.372;0.0;15.428012;3107904
2060;13:18:14.541;1.5;15.428906;3108084
2061;13:18:14.711;1.5;15.426861;3108128
2062;13:18:14.881;4.5;15.425511;3107892
2063;13:18:15.052;4.3;15.425908;3107480
2064;13:18:15.226;1.6;15.425173;3107332
2065;13:18:15.396;3.0;15.425630;3107204
2066;13:18:15.568;3.0;15.424637;3107476
2067;13:18:15.738;0.0;15.428191;3107940
2068;13:18:15.908;0.0;15.429144;3108392
2069;13:18:16.082;6.0;15.429124;3108128
2070;13:18:16.253;3.1;15.431706;3109004
2071;13:18:16.424;2.7;15.428906;3107644
2072;13:18:16.599;8.7;15.423485;3106992
2073;13:18:16.769;3.2;15.427179;3107516
2074;13:18:16.940;4.5;15.426086;3107516
2075;13:18:17.110;7.7;15.426225;3107544
2076;13:18:17.281;5.9;15.428390;3107980
2077;13:18:17.453;1.5;15.428985;3108100
2078;13:18:17.623;3.1;15.426384;3107576
2079;13:18:17.794;1.5;15.427695;3107840
2080;13:18:17.963;7.2;15.424935;3107064
2081;13:18:18.134;0.0;15.425669;3107212
2082;13:18:18.303;1.6;15.424617;3107220
2083;13:18:18.472;1.6;15.424458;3107228
2084;13:18:18.641;0.0;15.424736;3107504
2085;13:18:18.810;1.5;15.427119;3107504
2086;13:18:18.980;0.0;15.428211;3107724
2087;13:18:19.151;3.1;15.428429;3108036
2088;13:18:19.321;1.5;15.423525;3107052
2089;13:18:19.493;3.1;15.428012;3107904
2090;13:18:19.663;0.0;15.428012;3107904
2091;13:18:19.833;1.5;15.426920;3107464
2092;13:18:20.003;0.0;15.425669;3107212
2093;13:18:20.173;0.0;15.425352;3107148
2094;13:18:20.342;1.5;15.422929;3106880
2095;13:18:20.512;1.5;15.425431;3107384
2096;13:18:20.681;0.0;15.426603;3107400
2097;13:18:20.850;1.6;15.425669;3107432
2098;13:18:21.019;1.5;15.428886;3108080
2099;13:18:21.188;0.0;15.427794;3107640
2100;13:18:21.357;0.0;15.426583;3107616
2101;13:18:21.526;0.0;15.427893;3107880
2102;13:18:21.695;0.0;15.427973;3107676
2103;13:18:21.863;1.5;15.428052;3107912
2104;13:18:22.032;1.6;15.426345;3107568
2105;13:18:22.202;1.9;15.428350;3107972
2106;13:18:22.374;0.0;15.425054;3107552
2107;13:18:22.543;1.5;15.428509;3108060
2108;13:18:22.717;3.1;15.430713;3108228
2109;13:18:22.886;0.0;15.429522;3108452
2110;13:18:23.063;1.5;15.431686;3108424
2111;13:18:23.235;0.0;15.430673;3108440
2112;13:18:23.405;0.0;15.429144;3108132
2113;13:18:23.575;1.6;15.429065;3108368
2114;13:18:23.743;0.0;15.429263;3108156
2115;13:18:23.912;0.0;15.431646;3108416
2116;13:18:24.081;0.0;15.430713;3108676
2117;13:18:24.250;0.0;15.429839;3108052
2118;13:18:24.421;1.5;15.430455;3108932
2119;13:18:24.596;0.0;15.433294;3109008
2120;13:18:24.765;4.5;15.433969;3108884
2121;13:18:24.934;0.0;15.431448;3108596
2122;13:18:25.103;0.0;15.432500;3108768
2123;13:18:25.273;1.5;15.429879;3108548
2124;13:18:25.443;4.7;15.432242;3108756
2125;13:18:25.612;0.0;15.432500;3108808
2126;13:18:25.781;1.5;15.430753;3108236
2127;13:18:25.953;3.1;15.432560;3108820
2128;13:18:26.121;0.0;15.432560;3108820
2129;13:18:26.290;3.0;15.430375;3108404
2130;13:18:26.465;3.1;15.428946;3108352
2131;13:18:26.642;1.6;15.429502;3108204
2132;13:18:26.811;3.0;15.427536;3107848
2133;13:18:26.981;1.7;15.428251;3107952
2134;13:18:27.151;0.0;15.426682;3107636
2135;13:18:27.319;3.0;15.427774;3107636
2136;13:18:27.493;1.6;15.427615;3107824
2137;13:18:27.663;5.8;15.429839;3108272
2138;13:18:27.837;3.0;15.428390;3107980
2139;13:18:28.011;3.1;15.428985;3108376
2140;13:18:28.183;2.9;15.429839;3108272
2141;13:18:28.353;4.7;15.428211;3107944
2142;13:18:28.527;3.1;15.428549;3107792
2143;13:18:28.701;1.5;15.426086;3107516
2144;13:18:28.871;1.5;15.426186;3107316
2145;13:18:29.041;2.9;15.425272;3107572
2146;13:18:29.214;4.5;15.427675;3107616
2147;13:18:29.457;0.0;15.428469;3107996
2148;13:18:29.631;5.6;15.428946;3107872
2149;13:18:29.802;5.6;15.427040;3107868
2150;13:18:29.974;1.4;15.427437;3108152
2151;13:18:30.145;4.2;15.429978;3108080
2152;13:18:30.319;7.0;15.430455;3108656
2153;13:18:30.492;2.8;15.426424;3107584
2154;13:18:30.664;1.6;15.425550;3107652
2155;13:18:30.834;0.0;15.426762;3107652
2156;13:18:31.003;1.6;15.425709;3107952
2157;13:18:31.173;3.2;15.428330;3107968
2158;13:18:31.342;0.0;15.425511;3107668
2159;13:18:31.511;1.5;15.427754;3107524
2160;13:18:31.685;3.2;15.429502;3108204
2161;13:18:31.856;1.6;15.430097;3108324
2162;13:18:32.025;4.3;15.429621;3108228
2163;13:18:32.196;2.8;15.429859;3108508
2164;13:18:32.366;0.0;15.430236;3108352
2165;13:18:32.539;1.5;15.433155;3108500
2166;13:18:32.711;5.7;15.430276;3108620
2167;13:18:32.887;4.5;15.428290;3107960
2168;13:18:33.063;3.1;15.428310;3108076
2169;13:18:33.232;1.5;15.429105;3108124
2170;13:18:33.402;0.0;15.428092;3107920
2171;13:18:33.571;3.0;15.428926;3108088
2172;13:18:33.740;0.0;15.427953;3107892
2173;13:18:33.909;0.0;15.426980;3107476
2174;13:18:34.077;0.0;15.427794;3107908
2175;13:18:34.253;4.6;15.425570;3107680
2176;13:18:34.429;1.5;15.426901;3107680
2177;13:18:34.597;1.5;15.424160;3107168
2178;13:18:34.766;0.0;15.424081;3106892
2179;13:18:34.935;0.0;15.424220;3106920
2180;13:18:35.104;0.0;15.423048;3107172
2181;13:18:35.273;1.5;15.422890;3106872
2182;13:18:35.442;1.6;15.424299;3107156
2183;13:18:35.611;0.0;15.424776;3107252
2184;13:18:35.780;0.0;15.425252;3107348
2185;13:18:35.950;0.0;15.423843;3107064
2186;13:18:36.119;0.0;15.422751;3106860
2187;13:18:36.289;0.0;15.426781;3107656
2188;13:18:36.459;1.5;15.424001;3106876
2189;13:18:36.628;1.6;15.424041;3107104
2190;13:18:36.798;3.0;15.425094;3107316
2191;13:18:36.967;0.0;15.425252;3107348
2192;13:18:37.135;0.0;15.424935;3107252
2193;13:18:37.305;1.6;15.425054;3107308
2194;13:18:37.474;0.0;15.423684;3107032
2195;13:18:37.644;3.1;15.423684;3107032
2196;13:18:37.813;0.0;15.424776;3107252
2197;13:18:37.982;0.0;15.426027;3107284
2198;13:18:38.151;0.0;15.426027;3107284
2199;13:18:38.320;3.1;15.425848;3107468
2200;13:18:38.489;1.5;15.424438;3107256
2201;13:18:38.658;0.0;15.427298;3107760
2202;13:18:38.827;1.5;15.424816;3107488
2203;13:18:38.996;0.0;15.424538;3107480
2204;13:18:39.165;1.5;15.424458;3106968
2205;13:18:39.334;1.6;15.425947;3107488
2206;13:18:39.503;1.5;15.425014;3107080
2207;13:18:39.672;3.0;15.425113;3107320
2208;13:18:39.842;0.0;15.426523;3107384
2209;13:18:40.010;3.0;15.427377;3107960
2210;13:18:40.180;0.0;15.427040;3107716
2211;13:18:40.350;0.0;15.426484;3107596
2212;13:18:40.519;0.0;15.427457;3108060
2213;13:18:40.688;3.0;15.428827;3107848
2214;13:18:40.858;0.0;15.427119;3107724
2215;13:18:41.028;0.0;15.425848;3107468
2216;13:18:41.197;0.0;15.426245;3107548
2217;13:18:41.367;0.0;15.425471;3107172
2218;13:18:41.537;0.0;15.425173;3107112
2219;13:18:41.706;0.0;15.425133;3107324
2220;13:18:41.875;1.5;15.425133;3107364
2221;13:18:42.046;1.5;15.426543;3107608
2222;13:18:42.217;0.0;15.427794;3107640
2223;13:18:42.391;3.0;15.423386;3106972
