ID; Time; Network interface; TBPS; RBPS
1;18:07:07.822;enp0s25;0;0
2;18:07:08.841;enp0s25;64;128
3;18:07:09.848;enp0s25;6519;76139
4;18:07:10.860;enp0s25;54499;1720260
5;18:07:11.867;enp0s25;0;0
6;18:07:12.874;enp0s25;59382;2483865
7;18:07:13.884;enp0s25;154150;7161924
8;18:07:14.893;enp0s25;152250;7165024
9;18:07:15.901;enp0s25;152390;7164960
10;18:07:16.908;enp0s25;148280;7168374
11;18:07:17.918;enp0s25;152530;7165966
12;18:07:18.926;enp0s25;122914;5898718
13;18:07:19.933;enp0s25;0;1150
14;18:07:20.941;enp0s25;0;488
15;18:07:21.948;enp0s25;0;1150
16;18:07:22.955;enp0s25;0;64
17;18:07:23.962;enp0s25;0;0
18;18:07:24.969;enp0s25;0;458
19;18:07:25.977;enp0s25;0;0
20;18:07:26.983;enp0s25;0;64
21;18:07:27.991;enp0s25;0;0
22;18:07:28.998;enp0s25;0;64
23;18:07:30.005;enp0s25;64;64
24;18:07:31.022;enp0s25;0;64
25;18:07:32.029;enp0s25;0;0
26;18:07:33.038;enp0s25;0;64
27;18:07:34.050;enp0s25;0;0
28;18:07:35.058;enp0s25;0;64
29;18:07:36.065;enp0s25;0;0
30;18:07:37.073;enp0s25;0;64
31;18:07:38.082;enp0s25;833;4153
32;18:07:39.098;enp0s25;0;64
33;18:07:40.105;enp0s25;0;0
34;18:07:41.112;enp0s25;64;128
35;18:07:42.127;enp0s25;0;0
36;18:07:43.144;enp0s25;0;64
37;18:07:44.153;enp0s25;13828;335907
38;18:07:45.162;enp0s25;106535;4384321
39;18:07:46.171;enp0s25;155720;7171032
40;18:07:47.181;enp0s25;152180;7166542
41;18:07:48.190;enp0s25;152390;7166478
42;18:07:49.197;enp0s25;146990;7161988
43;18:07:50.204;enp0s25;145139;6783135
44;18:07:51.212;enp0s25;152460;7165024
45;18:07:52.221;enp0s25;152314;7166542
46;18:07:53.230;enp0s25;151826;7168130
47;18:07:54.240;enp0s25;154061;7107515
48;18:07:55.248;enp0s25;113206;5370748
49;18:07:56.258;enp0s25;150333;6716024
50;18:07:57.268;enp0s25;79186;2366087
51;18:07:58.283;enp0s25;117393;4699507
52;18:07:59.301;enp0s25;30428;1168035
53;18:08:00.310;enp0s25;0;0
54;18:08:01.318;enp0s25;0;64
55;18:08:02.324;enp0s25;0;0
56;18:08:03.333;enp0s25;64;128
57;18:08:04.341;enp0s25;0;0
58;18:08:05.348;enp0s25;0;64
59;18:08:06.355;enp0s25;0;0
60;18:08:07.362;enp0s25;0;64
61;18:08:08.371;enp0s25;0;0
62;18:08:09.378;enp0s25;0;64
63;18:08:10.386;enp0s25;0;0
64;18:08:11.397;enp0s25;0;64
65;18:08:12.408;enp0s25;0;0
66;18:08:13.419;enp0s25;0;64
67;18:08:14.432;enp0s25;64;64
68;18:08:15.440;enp0s25;0;0
69;18:08:16.447;enp0s25;0;64
70;18:08:17.454;enp0s25;0;1976
71;18:08:18.460;enp0s25;1288;18954
72;18:08:19.473;enp0s25;125464;4186183
73;18:08:20.481;enp0s25;0;1214
74;18:08:21.488;enp0s25;0;424
75;18:08:22.495;enp0s25;0;64
76;18:08:23.502;enp0s25;0;1150
77;18:08:24.509;enp0s25;0;64
78;18:08:25.516;enp0s25;64;64
79;18:08:26.523;enp0s25;0;458
80;18:08:27.530;enp0s25;18171;678538
81;18:08:28.538;enp0s25;1738;60559
82;18:08:29.554;enp0s25;2612;82679
83;18:08:30.570;enp0s25;13396;523297
84;18:08:31.580;enp0s25;13076;479237
85;18:08:32.592;enp0s25;0;64
86;18:08:33.602;enp0s25;24494;974451
87;18:08:34.614;enp0s25;12018;424357
88;18:08:35.630;enp0s25;4686;196717
89;18:08:36.650;enp0s25;64;1278
90;18:08:37.663;enp0s25;22428;753283
91;18:08:38.676;enp0s25;28832;1081290
92;18:08:39.685;enp0s25;26642;1070943
93;18:08:40.695;enp0s25;33084;1311638
94;18:08:41.708;enp0s25;22188;916395
95;18:08:42.718;enp0s25;17574;592183
96;18:08:43.733;enp0s25;10664;385529
97;18:08:44.743;enp0s25;29238;1263214
98;18:08:45.753;enp0s25;49346;2250925
99;18:08:46.763;enp0s25;2494;54794
100;18:08:47.780;enp0s25;844;17083
101;18:08:48.800;enp0s25;0;64
102;18:08:49.815;enp0s25;42622;1983581
103;18:08:50.825;enp0s25;556;3522
104;18:08:51.834;enp0s25;30196;1250937
105;18:08:52.842;enp0s25;30898;1218511
106;18:08:53.851;enp0s25;28252;1156259
107;18:08:54.862;enp0s25;16018;390297
108;18:08:55.874;enp0s25;14292;343987
109;18:08:56.884;enp0s25;24690;950999
110;18:08:57.893;enp0s25;824;17121
111;18:08:58.906;enp0s25;1084;22896
112;18:08:59.921;enp0s25;4226;108828
113;18:09:00.938;enp0s25;12464;495711
114;18:09:01.952;enp0s25;4940;172871
115;18:09:02.964;enp0s25;8082;221182
116;18:09:03.972;enp0s25;3636;70467
117;18:09:04.986;enp0s25;18734;576883
118;18:09:05.996;enp0s25;21734;695465
119;18:09:07.004;enp0s25;21090;960338
120;18:09:08.019;enp0s25;3658;92462
121;18:09:09.033;enp0s25;11818;434352
122;18:09:10.041;enp0s25;3900;85474
123;18:09:11.058;enp0s25;8788;291735
124;18:09:12.067;enp0s25;18168;542407
125;18:09:13.076;enp0s25;30670;1201972
126;18:09:14.091;enp0s25;21674;757483
127;18:09:15.103;enp0s25;12526;397496
128;18:09:16.113;enp0s25;9684;203255
129;18:09:17.121;enp0s25;20422;600219
130;18:09:18.135;enp0s25;47416;2141157
131;18:09:19.154;enp0s25;7380;205437
132;18:09:20.166;enp0s25;11952;317070
133;18:09:21.183;enp0s25;3966;121349
134;18:09:22.197;enp0s25;16786;717168
135;18:09:23.206;enp0s25;17186;449561
136;18:09:24.214;enp0s25;2800;47035
137;18:09:25.231;enp0s25;4426;134184
138;18:09:26.243;enp0s25;1726;16008
139;18:09:27.258;enp0s25;570;4775
140;18:09:28.273;enp0s25;9968;263833
141;18:09:29.289;enp0s25;3352;49011
142;18:09:30.296;enp0s25;18546;598730
143;18:09:31.306;enp0s25;4060;61721
144;18:09:32.317;enp0s25;14676;345127
145;18:09:33.325;enp0s25;7632;127960
146;18:09:34.339;enp0s25;2584;36089
147;18:09:35.354;enp0s25;6288;129317
148;18:09:36.368;enp0s25;16698;464259
149;18:09:37.379;enp0s25;18698;682522
150;18:09:38.390;enp0s25;3990;56850
151;18:09:39.399;enp0s25;13896;287096
152;18:09:40.413;enp0s25;10964;176406
153;18:09:41.426;enp0s25;2570;15895
154;18:09:42.438;enp0s25;3314;45907
155;18:09:43.449;enp0s25;32096;1273546
156;18:09:44.462;enp0s25;25932;1075260
157;18:09:45.477;enp0s25;19524;843536
158;18:09:46.495;enp0s25;50302;2397744
159;18:09:47.506;enp0s25;46746;2126740
160;18:09:48.517;enp0s25;28672;1207893
161;18:09:49.529;enp0s25;2478;32966
162;18:09:50.537;enp0s25;2038;30873
163;18:09:51.551;enp0s25;4226;98870
164;18:09:52.570;enp0s25;10510;304209
165;18:09:53.582;enp0s25;6636;102708
166;18:09:54.591;enp0s25;18768;553639
167;18:09:55.601;enp0s25;1798;22275
168;18:09:56.615;enp0s25;2626;60582
169;18:09:57.627;enp0s25;4106;115156
170;18:09:58.636;enp0s25;23982;889238
171;18:09:59.646;enp0s25;14050;281269
172;18:10:00.655;enp0s25;650;10200
173;18:10:01.662;enp0s25;8848;175427
174;18:10:02.674;enp0s25;1416;24740
175;18:10:03.691;enp0s25;5936;88704
176;18:10:04.700;enp0s25;7802;155023
177;18:10:05.709;enp0s25;20930;696078
178;18:10:06.723;enp0s25;3386;79044
179;18:10:07.731;enp0s25;7440;197238
180;18:10:08.747;enp0s25;9356;474364
181;18:10:09.756;enp0s25;23500;1310734
182;18:10:10.765;enp0s25;85776;4215812
183;18:10:11.777;enp0s25;15262;775389
184;18:10:12.790;enp0s25;3740;153460
185;18:10:13.799;enp0s25;5920;207118
186;18:10:14.816;enp0s25;7796;206483
187;18:10:15.826;enp0s25;14360;325010
188;18:10:16.840;enp0s25;3960;89139
189;18:10:17.849;enp0s25;11842;530123
190;18:10:18.856;enp0s25;27534;1347191
191;18:10:19.869;enp0s25;13232;301093
192;18:10:20.876;enp0s25;18034;509307
193;18:10:21.886;enp0s25;9916;161477
194;18:10:22.900;enp0s25;3112;40484
195;18:10:23.909;enp0s25;24808;874455
196;18:10:24.919;enp0s25;4338;21735
197;18:10:25.931;enp0s25;25302;1018546
198;18:10:26.944;enp0s25;94952;4714510
199;18:10:27.955;enp0s25;40686;1913516
200;18:10:28.970;enp0s25;1740;41757
201;18:10:29.983;enp0s25;3262;46182
202;18:10:30.993;enp0s25;1776;22538
203;18:10:32.006;enp0s25;2942;100910
204;18:10:33.017;enp0s25;2984;32959
205;18:10:34.027;enp0s25;28684;1231512
206;18:10:35.039;enp0s25;40696;1903411
207;18:10:36.050;enp0s25;10380;229178
208;18:10:37.061;enp0s25;64;128
209;18:10:38.068;enp0s25;0;0
210;18:10:39.075;enp0s25;0;64
211;18:10:40.087;enp0s25;0;0
212;18:10:41.096;enp0s25;0;64
213;18:10:42.103;enp0s25;0;0
214;18:10:43.113;enp0s25;0;64
215;18:10:44.119;enp0s25;0;0
216;18:10:45.129;enp0s25;0;64
217;18:10:46.135;enp0s25;0;0
218;18:10:47.142;enp0s25;0;64
219;18:10:48.149;enp0s25;64;64
220;18:10:49.156;enp0s25;0;64
221;18:10:50.164;enp0s25;0;0
222;18:10:51.172;enp0s25;0;64
223;18:10:52.183;enp0s25;0;0
224;18:10:53.191;enp0s25;0;64
225;18:10:54.198;enp0s25;0;0
226;18:10:55.209;enp0s25;0;64
227;18:10:56.216;enp0s25;0;0
228;18:10:57.223;enp0s25;0;64
229;18:10:58.230;enp0s25;0;0
230;18:10:59.237;enp0s25;192;192
231;18:11:00.245;enp0s25;0;0
232;18:11:01.253;enp0s25;0;64
233;18:11:02.263;enp0s25;0;0
234;18:11:03.270;enp0s25;0;64
235;18:11:04.278;enp0s25;0;0
236;18:11:05.287;enp0s25;0;64
237;18:11:06.294;enp0s25;0;0
238;18:11:07.303;enp0s25;0;64
239;18:11:08.310;enp0s25;0;0
240;18:11:09.320;enp0s25;0;64
241;18:11:10.327;enp0s25;64;64
242;18:11:11.336;enp0s25;0;64
243;18:11:12.346;enp0s25;0;0
244;18:11:13.359;enp0s25;0;64
245;18:11:14.366;enp0s25;0;0
246;18:11:15.376;enp0s25;0;64
247;18:11:16.383;enp0s25;0;0
248;18:11:17.390;enp0s25;0;64
249;18:11:18.400;enp0s25;0;0
250;18:11:19.407;enp0s25;0;64
251;18:11:20.413;enp0s25;0;0
252;18:11:21.424;enp0s25;64;128
253;18:11:22.430;enp0s25;0;0
254;18:11:23.437;enp0s25;0;64
255;18:11:24.444;enp0s25;0;64
256;18:11:25.451;enp0s25;0;0
257;18:11:26.458;enp0s25;0;64
258;18:11:27.465;enp0s25;0;0
259;18:11:28.473;enp0s25;0;64
260;18:11:29.480;enp0s25;0;0
261;18:11:30.486;enp0s25;0;64
262;18:11:31.493;enp0s25;0;0
263;18:11:32.500;enp0s25;64;128
264;18:11:33.506;enp0s25;0;0
265;18:11:34.513;enp0s25;0;64
266;18:11:35.521;enp0s25;0;0
267;18:11:36.528;enp0s25;0;64
268;18:11:37.535;enp0s25;0;0
269;18:11:38.542;enp0s25;0;64
270;18:11:39.549;enp0s25;0;0
271;18:11:40.556;enp0s25;0;64
272;18:11:41.563;enp0s25;0;0
273;18:11:42.570;enp0s25;0;64
274;18:11:43.577;enp0s25;64;64
275;18:11:44.584;enp0s25;0;64
276;18:11:45.591;enp0s25;0;0
277;18:11:46.598;enp0s25;0;64
278;18:11:47.605;enp0s25;0;0
279;18:11:48.611;enp0s25;0;64
280;18:11:49.618;enp0s25;0;0
281;18:11:50.625;enp0s25;0;64
282;18:11:51.632;enp0s25;0;0
283;18:11:52.638;enp0s25;0;64
284;18:11:53.646;enp0s25;0;2316
285;18:11:54.655;enp0s25;64;2524
286;18:11:55.662;enp0s25;0;760
287;18:11:56.669;enp0s25;0;1214
288;18:11:57.676;enp0s25;0;424
289;18:11:58.682;enp0s25;0;458
290;18:11:59.689;enp0s25;0;0
291;18:12:00.695;enp0s25;0;64
292;18:12:01.702;enp0s25;0;0
293;18:12:02.709;enp0s25;0;64
294;18:12:03.715;enp0s25;0;0
295;18:12:04.722;enp0s25;0;64
296;18:12:05.729;enp0s25;64;64
297;18:12:06.736;enp0s25;0;64
298;18:12:07.744;enp0s25;0;0
299;18:12:08.751;enp0s25;0;64
300;18:12:09.757;enp0s25;0;0
301;18:12:10.764;enp0s25;0;64
302;18:12:11.771;enp0s25;0;0
303;18:12:12.777;enp0s25;0;64
304;18:12:13.784;enp0s25;0;0
305;18:12:14.791;enp0s25;0;64
306;18:12:15.797;enp0s25;0;0
307;18:12:16.804;enp0s25;64;128
308;18:12:17.811;enp0s25;0;0
309;18:12:18.818;enp0s25;0;64
310;18:12:19.824;enp0s25;0;0
311;18:12:20.831;enp0s25;0;64
312;18:12:21.838;enp0s25;0;0
313;18:12:22.844;enp0s25;0;64
314;18:12:23.851;enp0s25;0;0
315;18:12:24.858;enp0s25;0;64
316;18:12:25.865;enp0s25;0;0
317;18:12:26.871;enp0s25;0;64
318;18:12:27.879;enp0s25;64;64
319;18:12:28.886;enp0s25;0;64
320;18:12:29.893;enp0s25;0;0
321;18:12:30.899;enp0s25;0;64
322;18:12:31.906;enp0s25;0;0
323;18:12:32.913;enp0s25;0;64
324;18:12:33.920;enp0s25;0;0
325;18:12:34.927;enp0s25;0;64
326;18:12:35.934;enp0s25;0;0
327;18:12:36.941;enp0s25;0;64
328;18:12:37.948;enp0s25;0;0
329;18:12:38.954;enp0s25;64;128
330;18:12:39.961;enp0s25;0;0
331;18:12:40.969;enp0s25;0;64
332;18:12:41.976;enp0s25;0;0
333;18:12:42.982;enp0s25;0;64
334;18:12:43.989;enp0s25;0;0
335;18:12:44.996;enp0s25;0;64
336;18:12:46.003;enp0s25;0;0
337;18:12:47.010;enp0s25;0;64
338;18:12:48.017;enp0s25;0;0
339;18:12:49.024;enp0s25;0;64
340;18:12:50.031;enp0s25;64;64
341;18:12:51.037;enp0s25;0;64
342;18:12:52.044;enp0s25;0;0
343;18:12:53.051;enp0s25;0;64
344;18:12:54.058;enp0s25;0;0
345;18:12:55.064;enp0s25;0;64
346;18:12:56.071;enp0s25;0;0
347;18:12:57.077;enp0s25;0;64
348;18:12:58.084;enp0s25;0;0
349;18:12:59.091;enp0s25;0;64
350;18:13:00.098;enp0s25;0;0
351;18:13:01.105;enp0s25;64;128
352;18:13:02.112;enp0s25;0;0
353;18:13:03.118;enp0s25;0;64
354;18:13:04.125;enp0s25;0;0
355;18:13:05.132;enp0s25;0;64
356;18:13:06.139;enp0s25;0;0
357;18:13:07.146;enp0s25;0;64
358;18:13:08.153;enp0s25;0;0
359;18:13:09.160;enp0s25;0;64
360;18:13:10.166;enp0s25;0;0
361;18:13:11.173;enp0s25;0;64
362;18:13:12.180;enp0s25;64;64
363;18:13:13.187;enp0s25;306;826
364;18:13:14.194;enp0s25;11098;4958
365;18:13:15.200;enp0s25;0;64
366;18:13:16.207;enp0s25;0;0
367;18:13:17.215;enp0s25;0;64
368;18:13:18.222;enp0s25;0;0
369;18:13:19.229;enp0s25;0;64
370;18:13:20.236;enp0s25;0;0
371;18:13:21.243;enp0s25;0;64
372;18:13:22.251;enp0s25;64;64
373;18:13:23.258;enp0s25;0;64
374;18:13:24.266;enp0s25;923;6178
375;18:13:25.273;enp0s25;0;64
376;18:13:26.281;enp0s25;0;0
377;18:13:27.289;enp0s25;0;64
378;18:13:28.297;enp0s25;0;0
379;18:13:29.304;enp0s25;0;64
380;18:13:30.310;enp0s25;0;0
381;18:13:31.319;enp0s25;0;64
382;18:13:32.325;enp0s25;12387;9649
383;18:13:33.336;enp0s25;64;128
384;18:13:34.345;enp0s25;28048;247514
385;18:13:35.356;enp0s25;159255;5211284
386;18:13:36.367;enp0s25;88679;7173249
387;18:13:37.381;enp0s25;122990;2926890
388;18:13:38.389;enp0s25;33188;474489
389;18:13:39.402;enp0s25;79259;1177154
390;18:13:40.409;enp0s25;35354;292577
391;18:13:41.417;enp0s25;59356;920509
392;18:13:42.428;enp0s25;19700;128505
393;18:13:43.435;enp0s25;50685;684086
394;18:13:44.442;enp0s25;26131;233875
395;18:13:45.449;enp0s25;38442;582216
396;18:13:46.457;enp0s25;81097;1611976
397;18:13:47.464;enp0s25;26738;236475
398;18:13:48.471;enp0s25;56624;1024843
399;18:13:49.478;enp0s25;40003;456702
400;18:13:50.485;enp0s25;28736;653726
401;18:13:51.492;enp0s25;18266;124177
402;18:13:52.499;enp0s25;25106;314927
403;18:13:53.506;enp0s25;18347;276822
404;18:13:54.513;enp0s25;18809;67435
405;18:13:55.521;enp0s25;24115;80912
406;18:13:56.528;enp0s25;21349;455996
407;18:13:57.535;enp0s25;52825;976709
408;18:13:58.542;enp0s25;95290;1988890
409;18:13:59.549;enp0s25;58570;948827
410;18:14:00.556;enp0s25;64159;601326
411;18:14:01.562;enp0s25;24687;201178
412;18:14:02.569;enp0s25;38050;336721
413;18:14:03.576;enp0s25;53876;418120
414;18:14:04.583;enp0s25;30197;290645
415;18:14:05.591;enp0s25;39438;577299
416;18:14:06.598;enp0s25;68232;1788185
417;18:14:07.605;enp0s25;29879;260393
418;18:14:08.612;enp0s25;30651;595235
419;18:14:09.619;enp0s25;59666;1031102
420;18:14:10.627;enp0s25;50736;757888
421;18:14:11.636;enp0s25;58924;1874656
422;18:14:12.644;enp0s25;94037;3657719
423;18:14:13.651;enp0s25;46947;931376
424;18:14:14.659;enp0s25;57624;1585101
425;18:14:15.666;enp0s25;16440;1235072
426;18:14:16.673;enp0s25;0;962
427;18:14:17.680;enp0s25;64;64
428;18:14:18.687;enp0s25;0;1278
429;18:14:19.694;enp0s25;0;0
430;18:14:20.701;enp0s25;0;64
431;18:14:21.708;enp0s25;0;0
432;18:14:22.715;enp0s25;0;64
433;18:14:23.722;enp0s25;0;0
434;18:14:24.733;enp0s25;0;396
435;18:14:25.740;enp0s25;38204;747634
436;18:14:26.749;enp0s25;96854;2936882
437;18:14:27.756;enp0s25;0;0
438;18:14:28.762;enp0s25;1984;1088
439;18:14:29.769;enp0s25;47119;973066
440;18:14:30.787;enp0s25;7890;79211
441;18:14:31.797;enp0s25;42504;878157
442;18:14:32.808;enp0s25;33606;557593
443;18:14:33.819;enp0s25;43912;356639
444;18:14:34.828;enp0s25;38857;879009
445;18:14:35.836;enp0s25;3219;4183
446;18:14:36.849;enp0s25;87176;2691084
447;18:14:37.858;enp0s25;75578;1846896
448;18:14:38.866;enp0s25;17868;353767
449;18:14:39.874;enp0s25;207454;4792472
450;18:14:40.881;enp0s25;3796;175632
451;18:14:41.895;enp0s25;8472;174126
452;18:14:42.908;enp0s25;76562;2032483
453;18:14:43.918;enp0s25;988;13476
454;18:14:44.936;enp0s25;5667;62549
455;18:14:45.945;enp0s25;73064;1567144
456;18:14:46.952;enp0s25;60601;1659379
457;18:14:47.960;enp0s25;0;0
458;18:14:48.967;enp0s25;1920;1024
459;18:14:49.974;enp0s25;95889;2133074
460;18:14:50.984;enp0s25;5888;160906
461;18:14:51.997;enp0s25;87436;2063950
462;18:14:53.010;enp0s25;5828;194522
463;18:14:54.020;enp0s25;17360;372227
464;18:14:55.029;enp0s25;1884;38011
465;18:14:56.045;enp0s25;14544;272172
466;18:14:57.054;enp0s25;9774;182343
467;18:14:58.062;enp0s25;14120;216552
468;18:14:59.070;enp0s25;19898;493222
469;18:15:00.078;enp0s25;28182;472545
470;18:15:01.096;enp0s25;7850;107783
471;18:15:02.106;enp0s25;37070;841585
472;18:15:03.114;enp0s25;60446;803034
473;18:15:04.121;enp0s25;105267;2250355
474;18:15:05.129;enp0s25;6272;172840
475;18:15:06.136;enp0s25;0;0
476;18:15:07.143;enp0s25;1920;2442
477;18:15:08.150;enp0s25;0;0
478;18:15:09.157;enp0s25;0;64
479;18:15:10.164;enp0s25;0;0
480;18:15:11.171;enp0s25;0;64
481;18:15:12.178;enp0s25;0;0
482;18:15:13.185;enp0s25;64;128
483;18:15:14.191;enp0s25;0;370
484;18:15:15.198;enp0s25;0;64
485;18:15:16.206;enp0s25;0;0
486;18:15:18.262;enp0s25;0;387
487;18:15:19.272;enp0s25;0;2036
488;18:15:20.281;enp0s25;0;3736
489;18:15:21.289;enp0s25;0;2112
490;18:15:22.297;enp0s25;0;992
491;18:15:23.305;enp0s25;0;962
492;18:15:24.315;enp0s25;0;1150
493;18:15:25.324;enp0s25;0;64
494;18:15:26.331;enp0s25;0;1214
495;18:15:27.339;enp0s25;0;502
496;18:15:28.346;enp0s25;0;0
497;18:15:29.353;enp0s25;0;64
498;18:15:30.360;enp0s25;0;0
499;18:15:31.367;enp0s25;0;64
500;18:15:32.374;enp0s25;0;0
501;18:15:33.381;enp0s25;742;399
502;18:15:34.396;enp0s25;914;3111
503;18:15:35.405;enp0s25;0;64
504;18:15:36.412;enp0s25;0;0
505;18:15:37.419;enp0s25;11578;224999
506;18:15:38.426;enp0s25;720;2233
507;18:15:39.434;enp0s25;24625;466451
508;18:15:40.440;enp0s25;4743;66190
509;18:15:41.447;enp0s25;8548;214086
510;18:15:42.454;enp0s25;0;64
511;18:15:43.460;enp0s25;0;0
512;18:15:44.467;enp0s25;0;64
513;18:15:45.474;enp0s25;64;64
514;18:15:46.481;enp0s25;0;64
515;18:15:47.488;enp0s25;0;0
516;18:15:48.495;enp0s25;0;64
517;18:15:49.501;enp0s25;0;0
518;18:15:50.509;enp0s25;140;235
519;18:15:51.516;enp0s25;32504;866520
520;18:15:52.523;enp0s25;60207;2152462
521;18:15:53.530;enp0s25;69734;2324748
522;18:15:54.539;enp0s25;140;204
523;18:15:55.547;enp0s25;0;0
524;18:15:56.555;enp0s25;64;128
525;18:15:57.562;enp0s25;0;0
526;18:15:58.568;enp0s25;0;64
527;18:15:59.575;enp0s25;0;0
528;18:16:00.582;enp0s25;0;64
529;18:16:01.589;enp0s25;0;0
530;18:16:02.596;enp0s25;0;64
531;18:16:03.603;enp0s25;0;0
532;18:16:04.610;enp0s25;0;64
533;18:16:05.619;enp0s25;284;298
534;18:16:06.625;enp0s25;41654;1369711
535;18:16:07.632;enp0s25;64;64
536;18:16:08.639;enp0s25;0;64
537;18:16:09.646;enp0s25;0;0
538;18:16:10.653;enp0s25;0;64
539;18:16:11.660;enp0s25;0;0
540;18:16:12.667;enp0s25;0;64
541;18:16:13.674;enp0s25;67744;2908920
542;18:16:14.684;enp0s25;87572;3461127
543;18:16:15.694;enp0s25;0;0
544;18:16:16.701;enp0s25;0;64
545;18:16:17.709;enp0s25;0;0
546;18:16:18.717;enp0s25;12797;325350
547;18:16:19.724;enp0s25;70;70
548;18:16:20.733;enp0s25;0;64
549;18:16:21.740;enp0s25;0;0
550;18:16:22.747;enp0s25;0;64
551;18:16:23.754;enp0s25;951;3470
552;18:16:24.769;enp0s25;143642;3081670
553;18:16:25.777;enp0s25;38044;1412287
554;18:16:26.792;enp0s25;1228;21135
555;18:16:27.809;enp0s25;33958;660963
556;18:16:28.824;enp0s25;12344;213011
557;18:16:29.835;enp0s25;20332;461990
558;18:16:30.843;enp0s25;22012;506161
559;18:16:31.858;enp0s25;11226;135808
560;18:16:32.873;enp0s25;13858;183416
561;18:16:33.881;enp0s25;2213;916
562;18:16:34.888;enp0s25;0;64
563;18:16:35.895;enp0s25;0;0
564;18:16:36.902;enp0s25;1920;1024
565;18:16:37.909;enp0s25;0;0
566;18:16:38.916;enp0s25;2308;6961
567;18:16:39.926;enp0s25;2599;15424
568;18:16:40.935;enp0s25;3558;27993
569;18:16:41.942;enp0s25;3024;26130
570;18:16:42.949;enp0s25;18885;310825
571;18:16:43.955;enp0s25;8759;128738
572;18:16:44.962;enp0s25;52188;1327036
573;18:16:45.969;enp0s25;22835;286568
574;18:16:46.976;enp0s25;57736;1479476
575;18:16:47.983;enp0s25;67521;1873147
576;18:16:48.990;enp0s25;420;539
577;18:16:49.996;enp0s25;4369;68612
578;18:16:51.003;enp0s25;6237;89362
579;18:16:52.010;enp0s25;52619;1320850
580;18:16:53.017;enp0s25;148;142
581;18:16:54.023;enp0s25;4777;21651
582;18:16:55.030;enp0s25;2252;10532
583;18:16:56.037;enp0s25;4760;57564
584;18:16:57.044;enp0s25;3793;38064
585;18:16:58.051;enp0s25;5261;66638
586;18:16:59.060;enp0s25;37306;646843
587;18:17:00.070;enp0s25;0;0
588;18:17:01.077;enp0s25;420;539
589;18:17:02.084;enp0s25;5681;50021
590;18:17:03.094;enp0s25;4649;55631
591;18:17:04.107;enp0s25;3860;32877
592;18:17:05.117;enp0s25;20619;309893
593;18:17:06.129;enp0s25;72564;2709076
594;18:17:07.137;enp0s25;10288;127275
595;18:17:08.147;enp0s25;18970;473036
596;18:17:09.156;enp0s25;2939;12149
597;18:17:10.169;enp0s25;2729;13657
598;18:17:11.177;enp0s25;28539;407826
599;18:17:12.184;enp0s25;568;553
600;18:17:13.190;enp0s25;5403;34428
601;18:17:14.197;enp0s25;9371;100538
602;18:17:15.213;enp0s25;2859;17072
603;18:17:16.225;enp0s25;16097;220739
604;18:17:17.233;enp0s25;67440;1962835
605;18:17:18.241;enp0s25;420;475
606;18:17:19.248;enp0s25;5410;46402
607;18:17:20.258;enp0s25;26740;516774
608;18:17:21.268;enp0s25;568;617
609;18:17:22.275;enp0s25;4417;16287
610;18:17:23.281;enp0s25;7012;82093
611;18:17:24.288;enp0s25;1155;553
612;18:17:25.297;enp0s25;4505;28551
613;18:17:26.304;enp0s25;11984;154761
614;18:17:27.311;enp0s25;420;539
615;18:17:28.317;enp0s25;1936;4185
616;18:17:29.330;enp0s25;3774;46339
617;18:17:30.339;enp0s25;420;475
618;18:17:31.346;enp0s25;6307;68060
619;18:17:32.352;enp0s25;420;475
620;18:17:33.359;enp0s25;4353;22037
621;18:17:34.370;enp0s25;2821;13884
622;18:17:35.377;enp0s25;4344;54605
623;18:17:36.385;enp0s25;5723;50840
624;18:17:37.392;enp0s25;2673;9592
625;18:17:38.399;enp0s25;3151;25086
626;18:17:39.407;enp0s25;25623;468981
627;18:17:40.414;enp0s25;0;0
628;18:17:41.421;enp0s25;420;539
629;18:17:42.427;enp0s25;10349;125895
630;18:17:43.434;enp0s25;2536;8206
631;18:17:44.446;enp0s25;8822;126249
632;18:17:45.455;enp0s25;5401;42402
633;18:17:46.461;enp0s25;3499;29296
634;18:17:47.474;enp0s25;23501;374797
635;18:17:48.483;enp0s25;2437;5308
636;18:17:49.497;enp0s25;6093;78917
637;18:17:50.505;enp0s25;21429;328308
638;18:17:51.516;enp0s25;420;475
639;18:17:52.523;enp0s25;5488;37915
640;18:17:53.531;enp0s25;4613;43685
641;18:17:54.538;enp0s25;17156;290296
642;18:17:55.545;enp0s25;420;475
643;18:17:56.553;enp0s25;4978;27489
644;18:17:57.561;enp0s25;2152;4911
645;18:17:58.567;enp0s25;135263;4669268
646;18:17:59.574;enp0s25;47670;1928776
647;18:18:00.581;enp0s25;0;64
648;18:18:01.588;enp0s25;0;0
649;18:18:02.595;enp0s25;2502;5386
650;18:18:03.607;enp0s25;3429;33686
651;18:18:04.615;enp0s25;11846;159117
652;18:18:05.622;enp0s25;3789;41494
653;18:18:06.629;enp0s25;142688;4399914
654;18:18:07.636;enp0s25;13650;549459
655;18:18:08.643;enp0s25;22032;330153
656;18:18:09.650;enp0s25;2285;4520
657;18:18:10.660;enp0s25;3284;35719
658;18:18:11.667;enp0s25;420;475
659;18:18:12.674;enp0s25;20102;293990
660;18:18:13.683;enp0s25;4287;69688
661;18:18:14.691;enp0s25;0;64
662;18:18:15.700;enp0s25;0;0
663;18:18:16.708;enp0s25;0;64
664;18:18:17.722;enp0s25;2724;4732
665;18:18:18.729;enp0s25;56669;1806558
666;18:18:19.737;enp0s25;3159;12409
667;18:18:20.743;enp0s25;662;636
668;18:18:21.751;enp0s25;103304;4866489
669;18:18:22.758;enp0s25;140274;7064836
670;18:18:23.765;enp0s25;152110;7166478
671;18:18:24.773;enp0s25;150310;7222708
672;18:18:25.790;enp0s25;151550;7218090
673;18:18:26.810;enp0s25;152320;7163506
674;18:18:27.817;enp0s25;72170;3489524
675;18:18:28.825;enp0s25;0;64
676;18:18:29.832;enp0s25;0;0
677;18:18:30.840;enp0s25;64;128
678;18:18:31.847;enp0s25;0;0
679;18:18:32.853;enp0s25;0;64
680;18:18:33.860;enp0s25;0;0
681;18:18:34.867;enp0s25;0;64
682;18:18:35.875;enp0s25;0;0
683;18:18:36.882;enp0s25;0;64
684;18:18:37.889;enp0s25;0;0
685;18:18:38.897;enp0s25;0;64
686;18:18:39.904;enp0s25;0;0
687;18:18:40.912;enp0s25;0;64
688;18:18:41.925;enp0s25;64;64
689;18:18:42.935;enp0s25;0;64
690;18:18:43.942;enp0s25;0;0
691;18:18:44.950;enp0s25;0;64
692;18:18:45.956;enp0s25;0;0
693;18:18:46.963;enp0s25;833;4217
694;18:18:47.970;enp0s25;0;0
695;18:18:48.977;enp0s25;0;64
696;18:18:49.984;enp0s25;0;0
697;18:18:50.998;enp0s25;0;64
698;18:18:52.011;enp0s25;0;0
699;18:18:53.027;enp0s25;5224;122302
700;18:18:54.038;enp0s25;19671;471572
701;18:18:55.055;enp0s25;16307;625480
702;18:18:56.074;enp0s25;14630;622380
703;18:18:57.091;enp0s25;14770;631552
704;18:18:58.106;enp0s25;14560;622380
705;18:18:59.118;enp0s25;14560;617890
706;18:19:00.128;enp0s25;13300;560142
707;18:19:01.136;enp0s25;14070;598156
708;18:19:02.150;enp0s25;15148;634524
709;18:19:03.166;enp0s25;14770;631552
710;18:19:04.179;enp0s25;11054;467608
711;18:19:05.189;enp0s25;14350;610300
712;18:19:06.205;enp0s25;14910;634524
713;18:19:07.219;enp0s25;15050;640660
714;18:19:08.234;enp0s25;14700;628452
715;18:19:09.249;enp0s25;14700;628516
716;18:19:10.264;enp0s25;14910;633006
717;18:19:11.273;enp0s25;13650;572350
718;18:19:12.288;enp0s25;13790;585948
719;18:19:13.303;enp0s25;14630;625480
720;18:19:14.321;enp0s25;13020;554070
721;18:19:15.338;enp0s25;14064;601256
722;18:19:16.351;enp0s25;14840;631488
723;18:19:17.360;enp0s25;13790;582976
724;18:19:18.368;enp0s25;13790;585948
725;18:19:19.385;enp0s25;14630;623962
726;18:19:20.400;enp0s25;14700;625416
727;18:19:21.413;enp0s25;14910;634588
728;18:19:22.423;enp0s25;14910;637560
729;18:19:23.436;enp0s25;14700;625480
730;18:19:24.451;enp0s25;14700;622444
731;18:19:25.463;enp0s25;10640;452364
732;18:19:26.481;enp0s25;15044;637688
733;18:19:27.500;enp0s25;14700;625416
734;18:19:28.514;enp0s25;14840;631552
735;18:19:29.530;enp0s25;14840;637560
736;18:19:30.542;enp0s25;14910;634588
737;18:19:31.550;enp0s25;14210;602646
738;18:19:32.557;enp0s25;13510;573868
739;18:19:33.572;enp0s25;14350;613272
740;18:19:34.587;enp0s25;60270;1853542
741;18:19:35.596;enp0s25;173534;6745992
742;18:19:36.606;enp0s25;104613;4182453
743;18:19:37.616;enp0s25;151270;7116384
744;18:19:38.637;enp0s25;151480;7136182
745;18:19:39.645;enp0s25;148999;7160406
746;18:19:40.653;enp0s25;136588;6118123
747;18:19:41.663;enp0s25;150500;7142190
748;18:19:42.671;enp0s25;143825;6673693
749;18:19:43.678;enp0s25;57550;2378163
750;18:19:44.692;enp0s25;25447;598942
751;18:19:45.702;enp0s25;21278;686206
752;18:19:46.716;enp0s25;16236;631552
753;18:19:47.731;enp0s25;18759;427828
754;18:19:48.747;enp0s25;22515;558959
755;18:19:49.762;enp0s25;14980;634524
756;18:19:50.772;enp0s25;14770;631552
757;18:19:51.785;enp0s25;14980;637560
758;18:19:52.797;enp0s25;14000;590566
759;18:19:53.809;enp0s25;14044;588984
760;18:19:54.824;enp0s25;15509;634588
761;18:19:55.839;enp0s25;17236;646668
762;18:19:56.849;enp0s25;14770;631552
763;18:19:57.863;enp0s25;8178;332463
764;18:19:58.873;enp0s25;64;128
765;18:19:59.880;enp0s25;0;0
766;18:20:00.888;enp0s25;0;64
767;18:20:01.897;enp0s25;0;0
768;18:20:02.904;enp0s25;0;64
769;18:20:03.915;enp0s25;0;0
770;18:20:04.925;enp0s25;0;64
771;18:20:05.938;enp0s25;0;0
772;18:20:06.950;enp0s25;0;64
773;18:20:07.957;enp0s25;0;0
774;18:20:08.964;enp0s25;0;64
775;18:20:09.971;enp0s25;64;64
776;18:20:10.978;enp0s25;0;64
777;18:20:11.987;enp0s25;0;0
778;18:20:13.002;enp0s25;0;64
779;18:20:14.014;enp0s25;0;0
780;18:20:15.023;enp0s25;0;64
781;18:20:16.031;enp0s25;0;0
782;18:20:17.038;enp0s25;0;64
783;18:20:18.045;enp0s25;21938;569437
784;18:20:19.055;enp0s25;35490;1540834
785;18:20:20.065;enp0s25;35210;1543806
786;18:20:21.079;enp0s25;11054;471460
787;18:20:22.090;enp0s25;0;0
788;18:20:23.097;enp0s25;0;64
789;18:20:24.104;enp0s25;0;0
790;18:20:25.111;enp0s25;0;64
791;18:20:26.118;enp0s25;0;0
792;18:20:27.126;enp0s25;0;64
793;18:20:28.133;enp0s25;9577;352912
794;18:20:29.144;enp0s25;8018;300027
795;18:20:30.162;enp0s25;1738;60524
796;18:20:31.177;enp0s25;8302;312644
797;18:20:32.190;enp0s25;20910;772448
798;18:20:33.202;enp0s25;8484;295467
799;18:20:34.211;enp0s25;28152;1085806
800;18:20:35.225;enp0s25;9360;367526
801;18:20:36.238;enp0s25;22044;699489
802;18:20:37.248;enp0s25;28642;1100564
803;18:20:38.258;enp0s25;24178;975074
804;18:20:39.268;enp0s25;30534;1204645
805;18:20:40.277;enp0s25;26432;1028263
806;18:20:41.284;enp0s25;21638;720510
807;18:20:42.296;enp0s25;2176;38052
808;18:20:43.313;enp0s25;31576;1396435
809;18:20:44.324;enp0s25;48096;2253119
810;18:20:45.333;enp0s25;4806;117820
811;18:20:46.358;enp0s25;38742;1736403
812;18:20:47.368;enp0s25;33760;1386279
813;18:20:48.380;enp0s25;27628;1158234
814;18:20:49.390;enp0s25;29018;1208144
815;18:20:50.399;enp0s25;9830;299109
816;18:20:51.414;enp0s25;5642;125800
817;18:20:52.431;enp0s25;1224;15181
818;18:20:53.445;enp0s25;7640;178437
819;18:20:54.456;enp0s25;6482;154266
820;18:20:55.473;enp0s25;10718;275551
821;18:20:56.488;enp0s25;16600;695452
822;18:20:57.502;enp0s25;10240;338021
823;18:20:58.514;enp0s25;21764;699860
824;18:20:59.523;enp0s25;3764;70391
825;18:21:00.531;enp0s25;18862;577005
826;18:21:01.538;enp0s25;11078;398865
827;18:21:02.554;enp0s25;12582;348901
828;18:21:03.565;enp0s25;18640;908588
829;18:21:04.576;enp0s25;20076;607557
830;18:21:05.588;enp0s25;4340;94078
831;18:21:06.598;enp0s25;19122;531298
832;18:21:07.607;enp0s25;27078;1126730
833;18:21:08.623;enp0s25;7764;249031
834;18:21:09.634;enp0s25;13820;460774
835;18:21:10.650;enp0s25;16588;607954
836;18:21:11.660;enp0s25;3936;76095
837;18:21:12.669;enp0s25;16124;409818
838;18:21:13.678;enp0s25;19898;589618
839;18:21:14.686;enp0s25;38168;1808978
840;18:21:15.702;enp0s25;3858;147851
841;18:21:16.717;enp0s25;11252;313448
842;18:21:17.728;enp0s25;9116;245782
843;18:21:18.740;enp0s25;3562;91797
844;18:21:19.750;enp0s25;7964;310023
845;18:21:20.764;enp0s25;14484;519269
846;18:21:21.778;enp0s25;15800;448157
847;18:21:22.787;enp0s25;4870;72754
848;18:21:23.801;enp0s25;11830;332780
849;18:21:24.813;enp0s25;19990;623452
850;18:21:25.822;enp0s25;2320;23311
851;18:21:26.833;enp0s25;15608;384014
852;18:21:27.845;enp0s25;5142;94939
853;18:21:28.858;enp0s25;778;14971
854;18:21:29.868;enp0s25;10648;183404
855;18:21:30.881;enp0s25;8680;244058
856;18:21:31.892;enp0s25;13646;505930
857;18:21:32.900;enp0s25;14942;460640
858;18:21:33.909;enp0s25;3990;105480
859;18:21:34.921;enp0s25;10098;205972
860;18:21:35.936;enp0s25;6612;103672
861;18:21:36.945;enp0s25;6724;80879
862;18:21:37.955;enp0s25;36248;1482686
863;18:21:38.965;enp0s25;30170;1258969
864;18:21:39.973;enp0s25;49562;2426616
865;18:21:40.982;enp0s25;28558;1243219
866;18:21:42.001;enp0s25;23324;1093826
867;18:21:43.010;enp0s25;33152;1446173
868;18:21:44.021;enp0s25;7142;121236
869;18:21:45.031;enp0s25;3082;65480
870;18:21:46.040;enp0s25;4944;132319
871;18:21:47.050;enp0s25;12336;263251
872;18:21:48.065;enp0s25;13778;374090
873;18:21:49.077;enp0s25;8130;213643
874;18:21:50.087;enp0s25;18492;576302
875;18:21:51.099;enp0s25;21674;678761
876;18:21:52.111;enp0s25;13194;238570
877;18:21:53.122;enp0s25;3092;65166
878;18:21:54.136;enp0s25;6136;78324
879;18:21:55.149;enp0s25;13792;463843
880;18:21:56.159;enp0s25;14036;374973
881;18:21:57.170;enp0s25;3450;79251
882;18:21:58.185;enp0s25;7632;197211
883;18:21:59.198;enp0s25;1418;26262
884;18:22:00.213;enp0s25;30678;1459829
885;18:22:01.226;enp0s25;7416;333016
886;18:22:02.238;enp0s25;36652;1812026
887;18:22:03.255;enp0s25;52714;2599331
888;18:22:04.263;enp0s25;18100;801116
889;18:22:05.272;enp0s25;16656;461174
890;18:22:06.280;enp0s25;13340;324741
891;18:22:07.288;enp0s25;41548;1929509
892;18:22:08.302;enp0s25;4660;116058
893;18:22:09.310;enp0s25;3154;63827
894;18:22:10.320;enp0s25;16920;460810
895;18:22:11.330;enp0s25;5050;131463
896;18:22:12.344;enp0s25;4554;61048
897;18:22:13.356;enp0s25;5234;91771
898;18:22:14.366;enp0s25;932;11958
899;18:22:15.380;enp0s25;22092;789384
900;18:22:16.388;enp0s25;5152;119545
901;18:22:17.402;enp0s25;16122;490245
902;18:22:18.417;enp0s25;47312;2159593
903;18:22:19.425;enp0s25;68082;4987521
904;18:22:20.434;enp0s25;2860;45034
905;18:22:21.450;enp0s25;2740;44087
906;18:22:22.468;enp0s25;64;128
907;18:22:23.486;enp0s25;7592;135321
908;18:22:24.500;enp0s25;9434;212959
909;18:22:25.512;enp0s25;41272;1974943
910;18:22:26.521;enp0s25;3526;166160
911;18:22:27.536;enp0s25;17078;802880
912;18:22:28.549;enp0s25;10180;254983
913;18:22:29.561;enp0s25;2726;69728
914;18:22:30.569;enp0s25;0;64
915;18:22:31.576;enp0s25;0;0
916;18:22:32.583;enp0s25;0;64
917;18:22:33.590;enp0s25;64;64
918;18:22:34.596;enp0s25;0;64
919;18:22:35.603;enp0s25;0;0
920;18:22:36.610;enp0s25;0;64
921;18:22:37.617;enp0s25;0;0
922;18:22:38.624;enp0s25;0;64
923;18:22:39.630;enp0s25;0;0
924;18:22:40.637;enp0s25;0;64
925;18:22:41.644;enp0s25;0;0
926;18:22:42.651;enp0s25;0;64
927;18:22:43.658;enp0s25;0;0
928;18:22:44.665;enp0s25;64;128
929;18:22:45.672;enp0s25;0;0
930;18:22:46.678;enp0s25;0;64
931;18:22:47.685;enp0s25;0;0
932;18:22:48.692;enp0s25;0;64
933;18:22:49.699;enp0s25;0;0
934;18:22:50.706;enp0s25;128;128
935;18:22:51.713;enp0s25;0;0
936;18:22:52.720;enp0s25;0;64
937;18:22:53.727;enp0s25;0;0
938;18:22:54.733;enp0s25;64;128
939;18:22:55.740;enp0s25;0;0
940;18:22:56.746;enp0s25;0;64
941;18:22:57.754;enp0s25;0;0
942;18:22:58.761;enp0s25;0;64
943;18:22:59.768;enp0s25;0;0
944;18:23:00.775;enp0s25;0;64
945;18:23:01.782;enp0s25;0;0
946;18:23:02.788;enp0s25;0;64
947;18:23:03.795;enp0s25;0;0
948;18:23:04.801;enp0s25;0;64
949;18:23:05.808;enp0s25;64;64
950;18:23:06.815;enp0s25;0;64
951;18:23:07.821;enp0s25;0;0
952;18:23:08.828;enp0s25;0;64
953;18:23:09.835;enp0s25;0;0
954;18:23:10.841;enp0s25;0;64
955;18:23:11.848;enp0s25;0;0
956;18:23:12.855;enp0s25;0;64
957;18:23:13.861;enp0s25;0;0
958;18:23:14.868;enp0s25;0;64
959;18:23:15.875;enp0s25;0;0
960;18:23:16.881;enp0s25;64;128
961;18:23:17.888;enp0s25;0;0
962;18:23:18.895;enp0s25;0;64
963;18:23:19.901;enp0s25;0;0
964;18:23:20.908;enp0s25;0;64
965;18:23:21.915;enp0s25;0;0
966;18:23:22.921;enp0s25;0;64
967;18:23:23.928;enp0s25;0;0
968;18:23:24.935;enp0s25;0;64
969;18:23:25.941;enp0s25;0;0
970;18:23:26.948;enp0s25;0;64
971;18:23:27.955;enp0s25;64;64
972;18:23:28.961;enp0s25;0;64
973;18:23:29.968;enp0s25;0;0
974;18:23:30.975;enp0s25;0;64
975;18:23:31.981;enp0s25;0;0
976;18:23:32.988;enp0s25;0;64
977;18:23:33.995;enp0s25;0;0
978;18:23:35.001;enp0s25;0;64
979;18:23:36.008;enp0s25;0;0
980;18:23:37.015;enp0s25;0;64
981;18:23:38.021;enp0s25;0;0
982;18:23:39.028;enp0s25;64;128
983;18:23:40.034;enp0s25;0;0
984;18:23:41.041;enp0s25;0;64
985;18:23:42.048;enp0s25;0;0
986;18:23:43.055;enp0s25;0;64
987;18:23:44.061;enp0s25;0;0
988;18:23:45.068;enp0s25;0;64
989;18:23:46.075;enp0s25;0;0
990;18:23:47.081;enp0s25;0;64
991;18:23:48.088;enp0s25;0;0
992;18:23:49.094;enp0s25;0;64
993;18:23:50.101;enp0s25;64;64
994;18:23:51.108;enp0s25;0;64
995;18:23:52.114;enp0s25;0;0
996;18:23:53.121;enp0s25;0;64
997;18:23:54.127;enp0s25;0;0
998;18:23:55.134;enp0s25;0;64
999;18:23:56.141;enp0s25;0;0
1000;18:23:57.147;enp0s25;0;64
1001;18:23:58.154;enp0s25;0;0
1002;18:23:59.160;enp0s25;0;64
1003;18:24:00.167;enp0s25;0;0
1004;18:24:01.176;enp0s25;64;128
1005;18:24:02.183;enp0s25;0;0
1006;18:24:03.189;enp0s25;0;64
1007;18:24:04.196;enp0s25;0;0
1008;18:24:05.203;enp0s25;0;64
1009;18:24:06.210;enp0s25;0;0
1010;18:24:07.217;enp0s25;0;64
1011;18:24:08.225;enp0s25;0;0
1012;18:24:09.236;enp0s25;0;64
1013;18:24:10.243;enp0s25;0;0
1014;18:24:11.250;enp0s25;0;64
1015;18:24:12.263;enp0s25;64;64
1016;18:24:13.270;enp0s25;0;64
1017;18:24:14.278;enp0s25;0;0
1018;18:24:15.285;enp0s25;0;64
1019;18:24:16.292;enp0s25;0;0
1020;18:24:17.298;enp0s25;0;64
1021;18:24:18.305;enp0s25;0;0
1022;18:24:19.311;enp0s25;0;64
1023;18:24:20.318;enp0s25;0;0
1024;18:24:21.325;enp0s25;0;64
1025;18:24:22.331;enp0s25;0;0
1026;18:24:23.340;enp0s25;64;128
1027;18:24:24.347;enp0s25;0;0
1028;18:24:25.353;enp0s25;0;64
1029;18:24:26.360;enp0s25;0;0
1030;18:24:27.367;enp0s25;0;64
1031;18:24:28.374;enp0s25;0;0
1032;18:24:29.380;enp0s25;0;64
1033;18:24:30.387;enp0s25;0;0
1034;18:24:31.394;enp0s25;0;64
1035;18:24:32.400;enp0s25;0;0
1036;18:24:33.407;enp0s25;0;64
1037;18:24:34.414;enp0s25;64;64
1038;18:24:35.420;enp0s25;0;64
1039;18:24:36.427;enp0s25;0;0
1040;18:24:37.433;enp0s25;0;64
1041;18:24:38.440;enp0s25;0;0
1042;18:24:39.447;enp0s25;0;64
1043;18:24:40.453;enp0s25;0;64
1044;18:24:41.460;enp0s25;0;0
1045;18:24:42.467;enp0s25;0;64
1046;18:24:43.474;enp0s25;0;0
1047;18:24:44.481;enp0s25;0;64
1048;18:24:45.488;enp0s25;64;64
1049;18:24:46.494;enp0s25;0;64
1050;18:24:47.501;enp0s25;0;0
1051;18:24:48.508;enp0s25;0;64
1052;18:24:49.514;enp0s25;0;0
1053;18:24:50.521;enp0s25;0;64
1054;18:24:51.528;enp0s25;0;0
1055;18:24:52.535;enp0s25;0;64
1056;18:24:53.542;enp0s25;0;0
1057;18:24:54.548;enp0s25;0;64
1058;18:24:55.555;enp0s25;0;0
1059;18:24:56.562;enp0s25;64;128
1060;18:24:57.568;enp0s25;0;0
1061;18:24:58.575;enp0s25;0;64
1062;18:24:59.581;enp0s25;0;0
1063;18:25:00.588;enp0s25;0;64
1064;18:25:01.595;enp0s25;164;692
1065;18:25:02.602;enp0s25;10984;915
1066;18:25:03.609;enp0s25;192;4177
1067;18:25:04.616;enp0s25;0;64
1068;18:25:05.623;enp0s25;0;0
1069;18:25:06.630;enp0s25;0;64
1070;18:25:07.636;enp0s25;64;64
1071;18:25:08.643;enp0s25;0;64
1072;18:25:09.650;enp0s25;0;0
1073;18:25:10.656;enp0s25;0;64
1074;18:25:11.663;enp0s25;0;0
1075;18:25:12.671;enp0s25;0;64
1076;18:25:13.677;enp0s25;809;5130
1077;18:25:14.684;enp0s25;0;64
1078;18:25:15.691;enp0s25;0;0
1079;18:25:16.698;enp0s25;0;64
1080;18:25:17.705;enp0s25;0;0
1081;18:25:18.711;enp0s25;64;128
1082;18:25:19.719;enp0s25;0;0
1083;18:25:20.727;enp0s25;12874;25194
1084;18:25:21.734;enp0s25;0;0
1085;18:25:22.742;enp0s25;27617;233087
1086;18:25:23.749;enp0s25;118199;2782687
1087;18:25:24.756;enp0s25;123775;7161700
1088;18:25:25.763;enp0s25;81181;3591651
1089;18:25:26.770;enp0s25;100895;2222610
1090;18:25:27.778;enp0s25;37969;480824
1091;18:25:28.788;enp0s25;73975;1077375
1092;18:25:29.796;enp0s25;52079;888234
1093;18:25:30.806;enp0s25;31453;180825
1094;18:25:31.814;enp0s25;39270;568000
1095;18:25:32.821;enp0s25;43311;401070
1096;18:25:33.831;enp0s25;39224;561888
1097;18:25:34.838;enp0s25;46315;785757
1098;18:25:35.845;enp0s25;70718;1116787
1099;18:25:36.852;enp0s25;37975;610107
1100;18:25:37.860;enp0s25;59063;789307
1101;18:25:38.867;enp0s25;36063;715951
1102;18:25:39.875;enp0s25;16588;109518
1103;18:25:40.882;enp0s25;31540;441775
1104;18:25:41.889;enp0s25;16363;133091
1105;18:25:42.897;enp0s25;18305;81121
1106;18:25:43.904;enp0s25;32710;438404
1107;18:25:44.912;enp0s25;17987;90599
1108;18:25:45.919;enp0s25;101286;2159762
1109;18:25:46.926;enp0s25;51298;823266
1110;18:25:47.933;enp0s25;60030;936957
1111;18:25:48.941;enp0s25;34276;377790
1112;18:25:49.948;enp0s25;43543;354703
1113;18:25:50.955;enp0s25;45184;344285
1114;18:25:51.962;enp0s25;30292;290331
1115;18:25:52.970;enp0s25;41881;379422
1116;18:25:53.977;enp0s25;39769;582109
1117;18:25:54.984;enp0s25;31538;460522
1118;18:25:55.992;enp0s25;60445;1535897
1119;18:25:56.999;enp0s25;45114;595349
1120;18:25:58.006;enp0s25;43792;934384
1121;18:25:59.013;enp0s25;43442;340098
1122;18:26:00.020;enp0s25;48480;1837060
1123;18:26:01.028;enp0s25;61317;3023242
1124;18:26:02.035;enp0s25;62160;1849144
1125;18:26:03.043;enp0s25;37529;491708
1126;18:26:04.050;enp0s25;36105;1064786
1127;18:26:05.057;enp0s25;21394;1582199
1128;18:26:06.064;enp0s25;0;0
1129;18:26:07.071;enp0s25;0;64
1130;18:26:08.080;enp0s25;0;0
1131;18:26:09.087;enp0s25;0;64
1132;18:26:10.095;enp0s25;0;0
1133;18:26:11.103;enp0s25;0;64
1134;18:26:12.114;enp0s25;0;0
1135;18:26:13.123;enp0s25;64;128
1136;18:26:14.131;enp0s25;0;0
1137;18:26:15.143;enp0s25;54841;1463754
1138;18:26:16.153;enp0s25;55260;2226506
1139;18:26:17.161;enp0s25;0;64
1140;18:26:18.168;enp0s25;1920;960
1141;18:26:19.175;enp0s25;92847;1826302
1142;18:26:20.185;enp0s25;37106;616760
1143;18:26:21.194;enp0s25;27388;219534
1144;18:26:22.201;enp0s25;49775;1054692
1145;18:26:23.208;enp0s25;1920;1024
1146;18:26:24.214;enp0s25;105293;3146088
1147;18:26:25.221;enp0s25;79472;1756878
1148;18:26:26.233;enp0s25;204820;4975254
1149;18:26:27.244;enp0s25;63346;2080467
1150;18:26:28.252;enp0s25;38486;658396
1151;18:26:29.259;enp0s25;89484;1790580
1152;18:26:30.267;enp0s25;2112;889949
1153;18:26:31.274;enp0s25;0;64
1154;18:26:32.281;enp0s25;17353;415760
1155;18:26:33.301;enp0s25;80952;1795133
1156;18:26:34.313;enp0s25;20466;348873
1157;18:26:35.320;enp0s25;56982;1664997
1158;18:26:36.327;enp0s25;23444;633495
1159;18:26:37.341;enp0s25;8634;182281
1160;18:26:38.355;enp0s25;48018;959263
1161;18:26:39.365;enp0s25;17044;353793
1162;18:26:40.376;enp0s25;11458;143981
1163;18:26:41.394;enp0s25;9167;106371
1164;18:26:42.403;enp0s25;28116;838874
1165;18:26:43.409;enp0s25;84613;1088022
1166;18:26:44.416;enp0s25;84686;1946894
1167;18:26:45.423;enp0s25;6976;193999
1168;18:26:46.430;enp0s25;64;64
1169;18:26:47.437;enp0s25;1920;1024
1170;18:26:48.443;enp0s25;0;0
1171;18:26:49.450;enp0s25;0;0
1172;18:26:50.457;enp0s25;0;64
1173;18:26:51.464;enp0s25;0;0
1174;18:26:52.470;enp0s25;0;64
1175;18:26:53.477;enp0s25;0;0
1176;18:26:54.484;enp0s25;0;64
1177;18:26:55.491;enp0s25;0;0
1178;18:26:56.498;enp0s25;0;64
1179;18:26:57.505;enp0s25;64;64
1180;18:26:58.512;enp0s25;0;64
1181;18:26:59.519;enp0s25;0;0
1182;18:27:00.526;enp0s25;0;64
1183;18:27:01.533;enp0s25;0;0
1184;18:27:02.539;enp0s25;0;64
1185;18:27:03.546;enp0s25;0;0
1186;18:27:04.553;enp0s25;0;64
1187;18:27:05.560;enp0s25;0;0
1188;18:27:06.567;enp0s25;0;64
1189;18:27:07.573;enp0s25;0;0
1190;18:27:08.580;enp0s25;64;128
1191;18:27:09.587;enp0s25;0;0
1192;18:27:10.593;enp0s25;0;64
1193;18:27:11.600;enp0s25;0;0
1194;18:27:12.607;enp0s25;0;64
1195;18:27:13.614;enp0s25;1281;2735
1196;18:27:14.733;enp0s25;0;64
1197;18:27:15.740;enp0s25;0;0
1198;18:27:16.749;enp0s25;0;64
1199;18:27:17.757;enp0s25;11368;221445
1200;18:27:18.764;enp0s25;721;2830
1201;18:27:19.771;enp0s25;23495;415077
1202;18:27:20.778;enp0s25;6325;82557
1203;18:27:21.785;enp0s25;7118;215770
1204;18:27:22.792;enp0s25;1668;36220
1205;18:27:23.799;enp0s25;0;0
1206;18:27:24.806;enp0s25;0;64
1207;18:27:25.813;enp0s25;0;0
1208;18:27:26.820;enp0s25;0;64
1209;18:27:27.827;enp0s25;0;0
1210;18:27:28.834;enp0s25;0;1510
1211;18:27:29.841;enp0s25;0;2762
1212;18:27:30.848;enp0s25;204;1197
1213;18:27:31.855;enp0s25;0;568
1214;18:27:32.862;enp0s25;32977;871681
1215;18:27:33.869;enp0s25;65544;2361489
1216;18:27:34.875;enp0s25;63014;2136017
1217;18:27:35.882;enp0s25;0;0
1218;18:27:36.889;enp0s25;0;64
1219;18:27:37.900;enp0s25;0;0
1220;18:27:38.908;enp0s25;0;64
1221;18:27:39.915;enp0s25;0;0
1222;18:27:40.921;enp0s25;0;64
1223;18:27:41.928;enp0s25;64;64
1224;18:27:42.936;enp0s25;0;64
1225;18:27:43.942;enp0s25;0;0
1226;18:27:44.949;enp0s25;0;64
1227;18:27:45.956;enp0s25;0;0
1228;18:27:46.963;enp0s25;3986;106756
1229;18:27:47.970;enp0s25;38208;1263323
1230;18:27:48.977;enp0s25;0;64
1231;18:27:49.984;enp0s25;0;0
1232;18:27:50.991;enp0s25;0;64
1233;18:27:51.998;enp0s25;64;64
1234;18:27:53.006;enp0s25;47002;1709764
1235;18:27:54.015;enp0s25;96872;4681477
1236;18:27:55.024;enp0s25;0;64
1237;18:27:56.031;enp0s25;0;0
1238;18:27:57.039;enp0s25;0;64
1239;18:27:58.046;enp0s25;93;0
1240;18:27:59.053;enp0s25;12570;325356
1241;18:28:00.065;enp0s25;0;0
1242;18:28:01.073;enp0s25;0;64
1243;18:28:02.080;enp0s25;0;0
1244;18:28:03.086;enp0s25;64;128
1245;18:28:04.093;enp0s25;56599;1136929
1246;18:28:05.100;enp0s25;140732;3325645
1247;18:28:06.113;enp0s25;10138;191542
1248;18:28:07.127;enp0s25;23632;524549
1249;18:28:08.141;enp0s25;15954;215603
1250;18:28:09.152;enp0s25;13850;407912
1251;18:28:10.159;enp0s25;18894;363269
1252;18:28:11.165;enp0s25;9296;256132
1253;18:28:12.182;enp0s25;7314;93324
1254;18:28:13.197;enp0s25;13119;148664
1255;18:28:14.207;enp0s25;64;64
1256;18:28:15.214;enp0s25;0;64
1257;18:28:16.221;enp0s25;1920;960
1258;18:28:17.228;enp0s25;0;64
1259;18:28:18.235;enp0s25;0;0
1260;18:28:19.243;enp0s25;4759;22385
1261;18:28:20.250;enp0s25;3432;27701
1262;18:28:21.257;enp0s25;70;228
1263;18:28:22.265;enp0s25;17610;260919
1264;18:28:23.272;enp0s25;12685;225601
1265;18:28:24.279;enp0s25;78;0
1266;18:28:25.287;enp0s25;8963;128866
1267;18:28:26.294;enp0s25;56594;1407780
1268;18:28:27.301;enp0s25;20949;303629
1269;18:28:28.308;enp0s25;57133;1368173
1270;18:28:29.315;enp0s25;73786;1924348
1271;18:28:30.325;enp0s25;420;1043
1272;18:28:31.332;enp0s25;0;2474
1273;18:28:32.342;enp0s25;1940;6001
1274;18:28:33.349;enp0s25;52019;1322287
1275;18:28:34.356;enp0s25;4575;21254
1276;18:28:35.363;enp0s25;428;1847
1277;18:28:36.369;enp0s25;6858;68493
1278;18:28:37.377;enp0s25;8144;104966
1279;18:28:38.383;enp0s25;3643;35852
1280;18:28:39.395;enp0s25;31073;603668
1281;18:28:40.405;enp0s25;0;438
1282;18:28:41.411;enp0s25;420;539
1283;18:28:42.420;enp0s25;9251;109357
1284;18:28:43.429;enp0s25;5127;25297
1285;18:28:44.439;enp0s25;3091;20805
1286;18:28:45.449;enp0s25;85100;2383318
1287;18:28:46.456;enp0s25;25946;613677
1288;18:28:47.469;enp0s25;31772;625933
1289;18:28:48.476;enp0s25;420;539
1290;18:28:49.483;enp0s25;4828;24870
1291;18:28:50.489;enp0s25;2734;13550
1292;18:28:51.496;enp0s25;25735;394682
1293;18:28:52.503;enp0s25;2957;14325
1294;18:28:53.510;enp0s25;3014;20656
1295;18:28:54.517;enp0s25;11606;117070
1296;18:28:55.523;enp0s25;568;553
1297;18:28:56.530;enp0s25;36674;655255
1298;18:28:57.538;enp0s25;45452;1491480
1299;18:28:58.545;enp0s25;484;603
1300;18:28:59.553;enp0s25;28370;569796
1301;18:29:00.560;enp0s25;0;64
1302;18:29:01.567;enp0s25;3426;10335
1303;18:29:02.577;enp0s25;1567;6568
1304;18:29:03.586;enp0s25;7144;82031
1305;18:29:04.598;enp0s25;2510;5386
1306;18:29:05.607;enp0s25;3156;23654
1307;18:29:06.614;enp0s25;11844;154825
1308;18:29:07.620;enp0s25;420;475
1309;18:29:08.627;enp0s25;2671;4911
1310;18:29:09.636;enp0s25;3103;46261
1311;18:29:10.644;enp0s25;2249;4584
1312;18:29:11.656;enp0s25;4478;63951
1313;18:29:12.666;enp0s25;420;539
1314;18:29:13.674;enp0s25;4913;22277
1315;18:29:14.681;enp0s25;4225;17479
1316;18:29:15.696;enp0s25;2108;37168
1317;18:29:16.707;enp0s25;6001;51315
1318;18:29:17.716;enp0s25;5054;33664
1319;18:29:18.723;enp0s25;1155;617
1320;18:29:19.731;enp0s25;24636;464872
1321;18:29:20.743;enp0s25;64;128
1322;18:29:21.753;enp0s25;1155;553
1323;18:29:22.760;enp0s25;10034;126355
1324;18:29:23.766;enp0s25;9188;109705
1325;18:29:24.775;enp0s25;770;8693
1326;18:29:25.783;enp0s25;5821;42877
1327;18:29:26.790;enp0s25;4909;34547
1328;18:29:27.804;enp0s25;20487;371335
1329;18:29:28.813;enp0s25;7620;83353
1330;18:29:29.821;enp0s25;642;795
1331;18:29:30.833;enp0s25;19843;328618
1332;18:29:31.842;enp0s25;2316;4584
1333;18:29:32.855;enp0s25;3866;34345
1334;18:29:33.865;enp0s25;20439;333442
1335;18:29:34.873;enp0s25;0;64
1336;18:29:35.879;enp0s25;2242;4520
1337;18:29:36.889;enp0s25;3366;23444
1338;18:29:37.898;enp0s25;5229;43284
1339;18:29:38.906;enp0s25;183262;6588426
1340;18:29:39.914;enp0s25;0;0
1341;18:29:40.934;enp0s25;0;64
1342;18:29:41.942;enp0s25;420;475
1343;18:29:42.951;enp0s25;5225;38186
1344;18:29:43.967;enp0s25;2246;4520
1345;18:29:44.976;enp0s25;10580;155547
1346;18:29:45.987;enp0s25;5973;53937
1347;18:29:46.998;enp0s25;138600;4969401
1348;18:29:48.005;enp0s25;1155;553
1349;18:29:49.014;enp0s25;19553;330011
1350;18:29:50.023;enp0s25;2950;5322
1351;18:29:51.032;enp0s25;2409;34917
1352;18:29:52.039;enp0s25;1155;553
1353;18:29:53.048;enp0s25;21080;362887
1354;18:29:54.056;enp0s25;484;539
1355;18:29:55.063;enp0s25;0;64
1356;18:29:56.070;enp0s25;0;0
1357;18:29:57.078;enp0s25;0;64
1358;18:29:58.085;enp0s25;4419;9385
1359;18:29:59.096;enp0s25;59609;1814448
1360;18:30:00.104;enp0s25;0;0
1361;18:30:01.120;enp0s25;662;706
1362;18:30:02.127;enp0s25;30096;1115651
1363;18:30:03.134;enp0s25;36470;1612180
1364;18:30:04.140;enp0s25;37094;1616734
1365;18:30:05.147;enp0s25;124514;5785162
1366;18:30:06.157;enp0s25;150430;7116384
1367;18:30:07.165;enp0s25;151550;7145290
1368;18:30:08.173;enp0s25;148000;7163512
1369;18:30:09.180;enp0s25;152320;7161988
1370;18:30:10.188;enp0s25;115570;5535788
1371;18:30:11.195;enp0s25;0;64
1372;18:30:12.202;enp0s25;0;0
1373;18:30:13.209;enp0s25;0;64
1374;18:30:14.217;enp0s25;0;0
1375;18:30:15.224;enp0s25;64;128
1376;18:30:16.231;enp0s25;0;0
1377;18:30:17.238;enp0s25;1955;6458
1378;18:30:18.245;enp0s25;0;0
1379;18:30:19.251;enp0s25;0;64
1380;18:30:20.259;enp0s25;0;0
1381;18:30:21.267;enp0s25;0;64
1382;18:30:22.281;enp0s25;0;0
1383;18:30:23.297;enp0s25;0;64
1384;18:30:24.305;enp0s25;0;0
1385;18:30:25.312;enp0s25;0;64
1386;18:30:26.319;enp0s25;64;64
1387;18:30:27.326;enp0s25;0;64
1388;18:30:28.332;enp0s25;0;0
1389;18:30:29.340;enp0s25;833;4217
1390;18:30:30.351;enp0s25;0;0
1391;18:30:31.359;enp0s25;0;64
1392;18:30:32.367;enp0s25;0;0
1393;18:30:33.378;enp0s25;0;64
1394;18:30:34.387;enp0s25;0;0
1395;18:30:35.400;enp0s25;4384;92024
1396;18:30:36.415;enp0s25;69915;2576014
1397;18:30:37.424;enp0s25;141610;7154462
1398;18:30:38.433;enp0s25;149940;7057182
1399;18:30:39.441;enp0s25;152320;7169578
1400;18:30:40.449;enp0s25;146430;7166478
1401;18:30:41.463;enp0s25;146119;6789207
1402;18:30:42.471;enp0s25;152250;7163506
1403;18:30:43.478;enp0s25;152390;7164960
1404;18:30:44.487;enp0s25;149108;7163506
1405;18:30:45.494;enp0s25;156569;7103101
1406;18:30:46.502;enp0s25;114310;5370748
1407;18:30:47.509;enp0s25;154185;7165391
1408;18:30:48.518;enp0s25;74902;2512256
1409;18:30:49.530;enp0s25;46498;1515664
1410;18:30:50.544;enp0s25;44113;1570459
1411;18:30:51.553;enp0s25;66565;2404837
1412;18:30:52.562;enp0s25;43303;1862674
1413;18:30:53.572;enp0s25;0;0
1414;18:30:54.580;enp0s25;0;64
1415;18:30:55.586;enp0s25;0;0
1416;18:30:56.593;enp0s25;0;64
1417;18:30:57.601;enp0s25;0;0
1418;18:30:58.609;enp0s25;0;64
1419;18:30:59.616;enp0s25;64;64
1420;18:31:00.625;enp0s25;0;64
1421;18:31:01.633;enp0s25;0;0
1422;18:31:02.640;enp0s25;0;64
1423;18:31:03.647;enp0s25;0;0
1424;18:31:04.660;enp0s25;0;64
1425;18:31:05.669;enp0s25;0;0
1426;18:31:06.677;enp0s25;0;64
1427;18:31:07.684;enp0s25;0;0
1428;18:31:08.691;enp0s25;0;64
1429;18:31:09.699;enp0s25;0;0
1430;18:31:10.706;enp0s25;64;128
1431;18:31:11.712;enp0s25;4088;88686
1432;18:31:12.729;enp0s25;43050;1551005
1433;18:31:13.738;enp0s25;35770;1571130
1434;18:31:14.746;enp0s25;21070;940458
1435;18:31:15.760;enp0s25;0;0
1436;18:31:16.771;enp0s25;0;64
1437;18:31:17.780;enp0s25;0;0
1438;18:31:18.786;enp0s25;0;64
1439;18:31:19.793;enp0s25;0;0
1440;18:31:20.800;enp0s25;0;64
1441;18:31:21.807;enp0s25;1547;3916
1442;18:31:22.820;enp0s25;28584;1144523
1443;18:31:23.829;enp0s25;23766;872548
1444;18:31:24.845;enp0s25;23652;880644
1445;18:31:25.853;enp0s25;22308;844829
1446;18:31:26.866;enp0s25;19888;626628
1447;18:31:27.880;enp0s25;27954;1098386
1448;18:31:28.888;enp0s25;25604;998850
1449;18:31:29.895;enp0s25;17094;613815
1450;18:31:30.908;enp0s25;13620;649209
1451;18:31:31.920;enp0s25;21860;850219
1452;18:31:32.927;enp0s25;14818;503968
1453;18:31:33.943;enp0s25;8136;246620
1454;18:31:34.958;enp0s25;0;64
1455;18:31:35.973;enp0s25;20526;890900
1456;18:31:36.983;enp0s25;26106;1247350
1457;18:31:37.993;enp0s25;26862;1332538
1458;18:31:39.003;enp0s25;13490;368563
1459;18:31:40.019;enp0s25;0;0
1460;18:31:41.038;enp0s25;2110;32911
1461;18:31:42.057;enp0s25;38882;1919220
1462;18:31:43.066;enp0s25;556;3493
1463;18:31:44.077;enp0s25;19016;831555
1464;18:31:45.086;enp0s25;5588;201545
1465;18:31:46.098;enp0s25;27918;1223647
1466;18:31:47.106;enp0s25;0;128
1467;18:31:48.121;enp0s25;13350;596136
1468;18:31:49.138;enp0s25;3244;65279
1469;18:31:50.152;enp0s25;17246;688126
1470;18:31:51.160;enp0s25;6168;191337
1471;18:31:52.177;enp0s25;6288;133723
1472;18:31:53.185;enp0s25;2530;34442
1473;18:31:54.199;enp0s25;14286;324194
1474;18:31:55.209;enp0s25;25266;951005
1475;18:31:56.224;enp0s25;888;17121
1476;18:31:57.236;enp0s25;1978;43613
1477;18:31:58.252;enp0s25;8676;389496
1478;18:31:59.266;enp0s25;18152;568545
1479;18:32:00.280;enp0s25;18916;584599
1480;18:32:01.290;enp0s25;17988;564173
1481;18:32:02.302;enp0s25;29714;1153680
1482;18:32:03.311;enp0s25;18726;587115
1483;18:32:04.322;enp0s25;4594;107289
1484;18:32:05.330;enp0s25;4962;154141
1485;18:32:06.346;enp0s25;17786;508181
1486;18:32:07.355;enp0s25;21646;946928
1487;18:32:08.372;enp0s25;13634;407481
1488;18:32:09.385;enp0s25;17766;613870
1489;18:32:10.397;enp0s25;9118;329246
1490;18:32:11.406;enp0s25;14190;324471
1491;18:32:12.419;enp0s25;14392;398870
1492;18:32:13.432;enp0s25;4344;97503
1493;18:32:14.448;enp0s25;47228;2122430
1494;18:32:15.462;enp0s25;17162;492358
1495;18:32:16.477;enp0s25;23572;887475
1496;18:32:17.491;enp0s25;15986;407710
1497;18:32:18.497;enp0s25;13632;304764
1498;18:32:19.506;enp0s25;16988;537903
1499;18:32:20.514;enp0s25;14154;342668
1500;18:32:21.523;enp0s25;13910;343598
1501;18:32:22.535;enp0s25;11946;234279
1502;18:32:23.543;enp0s25;14324;365984
1503;18:32:24.558;enp0s25;13262;482932
1504;18:32:25.572;enp0s25;3586;146048
1505;18:32:26.582;enp0s25;7558;258119
1506;18:32:27.594;enp0s25;4054;57133
1507;18:32:28.610;enp0s25;9836;194210
1508;18:32:29.623;enp0s25;10800;173398
1509;18:32:30.633;enp0s25;13362;269580
1510;18:32:31.643;enp0s25;40206;1753366
1511;18:32:32.652;enp0s25;11816;482234
1512;18:32:33.665;enp0s25;49922;2327115
1513;18:32:34.682;enp0s25;42612;1892580
1514;18:32:35.694;enp0s25;45734;2072952
1515;18:32:36.707;enp0s25;15008;383140
1516;18:32:37.717;enp0s25;4762;118254
1517;18:32:38.729;enp0s25;7118;192536
1518;18:32:39.745;enp0s25;4124;68191
1519;18:32:40.763;enp0s25;3198;46749
1520;18:32:41.774;enp0s25;17556;534387
1521;18:32:42.785;enp0s25;15062;411021
1522;18:32:43.794;enp0s25;22270;769909
1523;18:32:44.804;enp0s25;10318;193264
1524;18:32:45.815;enp0s25;3870;56709
1525;18:32:46.832;enp0s25;2168;42532
1526;18:32:47.844;enp0s25;11588;213478
1527;18:32:48.855;enp0s25;19456;641372
1528;18:32:49.865;enp0s25;7928;196491
1529;18:32:50.880;enp0s25;5040;102726
1530;18:32:51.895;enp0s25;4224;153764
1531;18:32:52.909;enp0s25;1114;9301
1532;18:32:53.921;enp0s25;704;10860
1533;18:32:54.931;enp0s25;39256;1818991
1534;18:32:55.940;enp0s25;28418;1432320
1535;18:32:56.950;enp0s25;8112;340046
1536;18:32:57.966;enp0s25;43968;2187502
1537;18:32:58.981;enp0s25;4446;194361
1538;18:32:59.993;enp0s25;21488;947452
1539;18:33:01.002;enp0s25;1040;25085
1540;18:33:02.017;enp0s25;6112;207054
1541;18:33:03.029;enp0s25;2958;76510
1542;18:33:04.042;enp0s25;10282;231939
1543;18:33:05.057;enp0s25;6756;175322
1544;18:33:06.068;enp0s25;13098;487717
1545;18:33:07.077;enp0s25;31618;1530422
1546;18:33:08.084;enp0s25;3892;73700
1547;18:33:09.093;enp0s25;9356;214477
1548;18:33:10.100;enp0s25;6718;174781
1549;18:33:11.113;enp0s25;1448;24773
1550;18:33:12.121;enp0s25;13346;370116
1551;18:33:13.129;enp0s25;7558;125207
1552;18:33:14.146;enp0s25;4762;122095
1553;18:33:15.155;enp0s25;15550;622565
1554;18:33:16.170;enp0s25;1276;42309
1555;18:33:17.185;enp0s25;9874;154243
1556;18:33:18.196;enp0s25;2190;38442
1557;18:33:19.205;enp0s25;15736;707521
1558;18:33:20.219;enp0s25;6928;255504
1559;18:33:21.229;enp0s25;3812;77484
1560;18:33:22.245;enp0s25;113860;6189573
1561;18:33:23.255;enp0s25;11806;427514
1562;18:33:24.269;enp0s25;592;5154
1563;18:33:25.279;enp0s25;1168;32520
1564;18:33:26.296;enp0s25;7720;144493
1565;18:33:27.314;enp0s25;6422;160026
1566;18:33:28.331;enp0s25;45308;2028557
1567;18:33:29.343;enp0s25;9890;573070
1568;18:33:30.352;enp0s25;21200;709504
1569;18:33:31.363;enp0s25;692;11486
1570;18:33:32.370;enp0s25;0;0
1571;18:33:33.377;enp0s25;64;128
1572;18:33:34.384;enp0s25;0;0
1573;18:33:35.391;enp0s25;0;64
1574;18:33:36.397;enp0s25;0;0
1575;18:33:37.404;enp0s25;0;64
1576;18:33:38.411;enp0s25;0;0
1577;18:33:39.418;enp0s25;0;64
1578;18:33:40.425;enp0s25;0;0
1579;18:33:41.431;enp0s25;0;64
1580;18:33:42.438;enp0s25;0;0
1581;18:33:43.445;enp0s25;0;64
1582;18:33:44.451;enp0s25;64;64
1583;18:33:45.458;enp0s25;0;0
1584;18:33:46.464;enp0s25;0;64
1585;18:33:47.471;enp0s25;0;0
1586;18:33:48.478;enp0s25;0;64
1587;18:33:49.485;enp0s25;0;0
1588;18:33:50.491;enp0s25;128;128
1589;18:33:51.498;enp0s25;0;0
1590;18:33:52.505;enp0s25;0;64
1591;18:33:53.511;enp0s25;0;0
1592;18:33:54.518;enp0s25;0;64
1593;18:33:55.525;enp0s25;128;128
1594;18:33:56.531;enp0s25;0;64
1595;18:33:57.538;enp0s25;74;0
1596;18:33:58.545;enp0s25;0;64
1597;18:33:59.551;enp0s25;0;0
1598;18:34:00.558;enp0s25;0;64
1599;18:34:01.564;enp0s25;0;0
1600;18:34:02.571;enp0s25;0;64
1601;18:34:03.578;enp0s25;0;0
1602;18:34:04.584;enp0s25;0;64
1603;18:34:05.591;enp0s25;0;0
1604;18:34:06.597;enp0s25;64;128
1605;18:34:07.604;enp0s25;0;0
1606;18:34:08.611;enp0s25;0;64
1607;18:34:09.617;enp0s25;0;0
1608;18:34:10.624;enp0s25;0;64
1609;18:34:11.630;enp0s25;0;0
1610;18:34:12.637;enp0s25;0;64
1611;18:34:13.644;enp0s25;0;0
1612;18:34:14.650;enp0s25;0;64
1613;18:34:15.657;enp0s25;0;0
1614;18:34:16.664;enp0s25;0;64
1615;18:34:17.671;enp0s25;64;64
1616;18:34:18.677;enp0s25;0;64
1617;18:34:19.684;enp0s25;0;0
1618;18:34:20.691;enp0s25;0;64
1619;18:34:21.697;enp0s25;0;0
1620;18:34:22.704;enp0s25;0;64
1621;18:34:23.711;enp0s25;0;0
1622;18:34:24.717;enp0s25;0;64
1623;18:34:25.724;enp0s25;0;0
1624;18:34:26.730;enp0s25;0;64
1625;18:34:27.737;enp0s25;0;0
1626;18:34:28.744;enp0s25;64;128
1627;18:34:29.750;enp0s25;0;0
1628;18:34:30.757;enp0s25;0;64
1629;18:34:31.764;enp0s25;0;0
1630;18:34:32.770;enp0s25;0;64
1631;18:34:33.777;enp0s25;0;0
1632;18:34:34.783;enp0s25;0;64
1633;18:34:35.790;enp0s25;0;0
1634;18:34:36.797;enp0s25;0;64
1635;18:34:37.803;enp0s25;0;0
1636;18:34:38.810;enp0s25;0;64
1637;18:34:39.816;enp0s25;64;64
1638;18:34:40.823;enp0s25;0;64
1639;18:34:41.830;enp0s25;0;0
1640;18:34:42.836;enp0s25;0;64
1641;18:34:43.843;enp0s25;0;0
1642;18:34:44.849;enp0s25;0;64
1643;18:34:45.856;enp0s25;0;0
1644;18:34:46.863;enp0s25;0;64
1645;18:34:47.869;enp0s25;0;0
1646;18:34:48.876;enp0s25;0;64
1647;18:34:49.882;enp0s25;0;0
1648;18:34:50.889;enp0s25;64;128
1649;18:34:51.896;enp0s25;0;0
1650;18:34:52.902;enp0s25;0;64
1651;18:34:53.909;enp0s25;0;0
1652;18:34:54.916;enp0s25;0;64
1653;18:34:55.923;enp0s25;0;0
1654;18:34:56.929;enp0s25;0;64
1655;18:34:57.936;enp0s25;0;0
1656;18:34:58.943;enp0s25;0;64
1657;18:34:59.949;enp0s25;0;0
1658;18:35:00.956;enp0s25;0;64
1659;18:35:01.962;enp0s25;64;64
1660;18:35:02.969;enp0s25;0;64
1661;18:35:03.975;enp0s25;0;0
1662;18:35:04.982;enp0s25;0;64
1663;18:35:05.989;enp0s25;0;0
1664;18:35:06.995;enp0s25;0;64
1665;18:35:08.002;enp0s25;0;0
1666;18:35:09.009;enp0s25;0;64
1667;18:35:10.015;enp0s25;0;0
1668;18:35:11.022;enp0s25;0;64
1669;18:35:12.029;enp0s25;0;0
1670;18:35:13.035;enp0s25;64;128
1671;18:35:14.042;enp0s25;0;0
1672;18:35:15.049;enp0s25;0;64
1673;18:35:16.055;enp0s25;0;0
1674;18:35:17.062;enp0s25;0;64
1675;18:35:18.069;enp0s25;0;0
1676;18:35:19.075;enp0s25;0;64
1677;18:35:20.082;enp0s25;0;0
1678;18:35:21.088;enp0s25;0;64
1679;18:35:22.095;enp0s25;0;0
1680;18:35:23.102;enp0s25;0;64
1681;18:35:24.108;enp0s25;64;64
1682;18:35:25.115;enp0s25;0;64
1683;18:35:26.122;enp0s25;0;0
1684;18:35:27.128;enp0s25;0;64
1685;18:35:28.135;enp0s25;0;0
1686;18:35:29.142;enp0s25;0;64
1687;18:35:30.148;enp0s25;0;0
1688;18:35:31.155;enp0s25;0;64
1689;18:35:32.162;enp0s25;0;0
1690;18:35:33.168;enp0s25;0;64
1691;18:35:34.175;enp0s25;0;0
1692;18:35:35.182;enp0s25;64;128
1693;18:35:36.188;enp0s25;0;0
1694;18:35:37.195;enp0s25;0;64
1695;18:35:38.202;enp0s25;0;0
1696;18:35:39.208;enp0s25;0;64
1697;18:35:40.215;enp0s25;0;0
1698;18:35:41.221;enp0s25;0;64
1699;18:35:42.228;enp0s25;0;0
1700;18:35:43.235;enp0s25;0;64
1701;18:35:44.241;enp0s25;0;0
1702;18:35:45.248;enp0s25;0;64
1703;18:35:46.255;enp0s25;64;64
1704;18:35:47.261;enp0s25;0;64
1705;18:35:48.268;enp0s25;0;0
1706;18:35:49.276;enp0s25;0;64
1707;18:35:50.283;enp0s25;0;0
1708;18:35:51.289;enp0s25;0;64
1709;18:35:52.296;enp0s25;0;0
1710;18:35:53.303;enp0s25;0;64
1711;18:35:54.310;enp0s25;0;0
1712;18:35:55.316;enp0s25;0;64
1713;18:35:56.327;enp0s25;0;0
1714;18:35:57.334;enp0s25;64;128
1715;18:35:58.343;enp0s25;164;692
1716;18:35:59.350;enp0s25;11240;5092
1717;18:36:00.358;enp0s25;0;0
1718;18:36:01.366;enp0s25;0;64
1719;18:36:02.373;enp0s25;0;0
1720;18:36:03.380;enp0s25;0;64
1721;18:36:04.391;enp0s25;0;0
1722;18:36:05.402;enp0s25;0;64
1723;18:36:06.409;enp0s25;0;0
1724;18:36:07.416;enp0s25;0;64
1725;18:36:08.423;enp0s25;64;64
1726;18:36:09.430;enp0s25;809;5194
1727;18:36:10.437;enp0s25;0;0
1728;18:36:11.443;enp0s25;0;64
1729;18:36:12.450;enp0s25;0;0
1730;18:36:13.457;enp0s25;0;0
1731;18:36:14.463;enp0s25;0;64
1732;18:36:15.470;enp0s25;0;0
1733;18:36:16.476;enp0s25;0;64
1734;18:36:17.483;enp0s25;12938;25130
1735;18:36:18.490;enp0s25;13731;111120
1736;18:36:19.497;enp0s25;31897;368110
1737;18:36:20.504;enp0s25;171590;6521995
1738;18:36:21.511;enp0s25;115423;6114756
1739;18:36:22.518;enp0s25;117174;2500255
1740;18:36:23.525;enp0s25;64973;822742
1741;18:36:24.532;enp0s25;62878;887023
1742;18:36:25.539;enp0s25;50164;818803
1743;18:36:26.545;enp0s25;43354;432369
1744;18:36:27.552;enp0s25;30018;430731
1745;18:36:28.559;enp0s25;47270;498852
1746;18:36:29.566;enp0s25;39937;540651
1747;18:36:30.572;enp0s25;37967;544633
1748;18:36:31.579;enp0s25;68253;1365100
1749;18:36:32.586;enp0s25;34229;643671
1750;18:36:33.594;enp0s25;48811;779553
1751;18:36:34.600;enp0s25;53395;826433
1752;18:36:35.607;enp0s25;20477;247716
1753;18:36:36.614;enp0s25;15082;102169
1754;18:36:37.620;enp0s25;19765;323106
1755;18:36:38.627;enp0s25;20224;70601
1756;18:36:39.634;enp0s25;23751;85317
1757;18:36:40.641;enp0s25;17470;467414
1758;18:36:41.647;enp0s25;53519;665490
1759;18:36:42.655;enp0s25;69963;2119475
1760;18:36:43.662;enp0s25;88084;1191448
1761;18:36:44.668;enp0s25;39178;429661
1762;18:36:45.675;enp0s25;36615;301412
1763;18:36:46.682;enp0s25;52958;451686
1764;18:36:47.690;enp0s25;35772;283082
1765;18:36:48.697;enp0s25;28437;274968
1766;18:36:49.704;enp0s25;55363;699465
1767;18:36:50.710;enp0s25;52127;1289441
1768;18:36:51.718;enp0s25;48733;661552
1769;18:36:52.724;enp0s25;40885;725734
1770;18:36:53.731;enp0s25;37952;719943
1771;18:36:54.738;enp0s25;36456;322822
1772;18:36:55.745;enp0s25;66939;2443313
1773;18:36:56.752;enp0s25;61554;3507247
1774;18:36:57.759;enp0s25;38047;901692
1775;18:36:58.767;enp0s25;48989;1712429
1776;18:36:59.974;enp0s25;35316;1226102
1777;18:37:00.981;enp0s25;0;64
1778;18:37:01.989;enp0s25;0;0
1779;18:37:02.997;enp0s25;64;128
1780;18:37:04.005;enp0s25;0;0
1781;18:37:05.011;enp0s25;0;64
1782;18:37:06.019;enp0s25;0;0
1783;18:37:07.026;enp0s25;0;64
1784;18:37:08.033;enp0s25;0;0
1785;18:37:09.040;enp0s25;730;371
1786;18:37:10.049;enp0s25;65839;1898145
1787;18:37:11.060;enp0s25;59106;1774364
1788;18:37:12.068;enp0s25;0;0
1789;18:37:13.075;enp0s25;1920;1024
1790;18:37:14.083;enp0s25;47241;973072
1791;18:37:15.097;enp0s25;2944;79211
1792;18:37:16.107;enp0s25;45058;792810
1793;18:37:17.115;enp0s25;15282;288203
1794;18:37:18.131;enp0s25;10242;160060
1795;18:37:19.142;enp0s25;25327;291474
1796;18:37:20.151;enp0s25;64706;1133469
1797;18:37:21.159;enp0s25;2240;8381
1798;18:37:22.166;enp0s25;1299;3222
1799;18:37:23.179;enp0s25;72748;2559608
1800;18:37:24.192;enp0s25;2368;74844
1801;18:37:25.204;enp0s25;91810;2151141
1802;18:37:26.212;enp0s25;60636;1263444
1803;18:37:27.220;enp0s25;181320;3984327
1804;18:37:28.226;enp0s25;82756;2095144
1805;18:37:29.237;enp0s25;32534;518992
1806;18:37:30.246;enp0s25;123966;2654827
1807;18:37:31.253;enp0s25;1792;46399
1808;18:37:32.260;enp0s25;1920;960
1809;18:37:33.267;enp0s25;85665;1896081
1810;18:37:34.277;enp0s25;35266;760656
1811;18:37:35.286;enp0s25;66640;1790833
1812;18:37:36.295;enp0s25;3408;65068
1813;18:37:37.307;enp0s25;10180;158606
1814;18:37:38.315;enp0s25;14070;399358
1815;18:37:39.326;enp0s25;41558;779443
1816;18:37:40.334;enp0s25;17284;492831
1817;18:37:41.347;enp0s25;10458;118090
1818;18:37:42.357;enp0s25;6392;102192
1819;18:37:43.365;enp0s25;47767;944004
1820;18:37:44.373;enp0s25;14878;168725
1821;18:37:45.380;enp0s25;119613;2018500
1822;18:37:46.387;enp0s25;30514;1005395
1823;18:37:47.395;enp0s25;64;128
1824;18:37:48.402;enp0s25;0;0
1825;18:37:49.409;enp0s25;1920;1024
1826;18:37:50.415;enp0s25;0;0
1827;18:37:51.422;enp0s25;0;64
1828;18:37:52.429;enp0s25;0;0
1829;18:37:53.436;enp0s25;0;64
1830;18:37:54.442;enp0s25;0;0
1831;18:37:55.449;enp0s25;0;64
1832;18:37:56.456;enp0s25;0;64
1833;18:37:57.463;enp0s25;0;0
1834;18:37:58.469;enp0s25;64;128
1835;18:37:59.476;enp0s25;0;0
1836;18:38:00.483;enp0s25;0;64
1837;18:38:01.489;enp0s25;0;0
1838;18:38:02.496;enp0s25;0;64
1839;18:38:03.503;enp0s25;0;0
1840;18:38:04.510;enp0s25;0;64
1841;18:38:05.518;enp0s25;0;0
1842;18:38:06.525;enp0s25;0;64
1843;18:38:07.531;enp0s25;0;0
1844;18:38:08.538;enp0s25;0;64
1845;18:38:09.544;enp0s25;64;64
1846;18:38:10.551;enp0s25;0;64
1847;18:38:11.558;enp0s25;0;0
1848;18:38:12.565;enp0s25;0;64
1849;18:38:13.571;enp0s25;0;0
1850;18:38:14.578;enp0s25;0;64
1851;18:38:15.585;enp0s25;1592;3382
1852;18:38:16.592;enp0s25;0;64
1853;18:38:17.599;enp0s25;0;0
1854;18:38:18.606;enp0s25;10094;216304
1855;18:38:19.613;enp0s25;2072;3763
1856;18:38:20.620;enp0s25;5085;6600
1857;18:38:21.627;enp0s25;20039;462038
1858;18:38:22.634;enp0s25;11514;279714
1859;18:38:23.641;enp0s25;758;414
1860;18:38:24.647;enp0s25;0;64
1861;18:38:25.654;enp0s25;0;0
1862;18:38:26.661;enp0s25;0;64
1863;18:38:27.668;enp0s25;0;0
1864;18:38:28.676;enp0s25;0;64
1865;18:38:29.683;enp0s25;0;0
1866;18:38:30.690;enp0s25;64;128
1867;18:38:31.696;enp0s25;140;171
1868;18:38:32.704;enp0s25;0;64
1869;18:38:33.711;enp0s25;34447;885567
1870;18:38:34.721;enp0s25;72684;2555419
1871;18:38:35.730;enp0s25;55244;1926469
1872;18:38:36.737;enp0s25;0;64
1873;18:38:37.744;enp0s25;0;0
1874;18:38:38.751;enp0s25;0;64
1875;18:38:39.759;enp0s25;0;0
1876;18:38:40.766;enp0s25;0;64
1877;18:38:41.774;enp0s25;64;64
1878;18:38:42.781;enp0s25;0;64
1879;18:38:43.788;enp0s25;0;0
1880;18:38:44.795;enp0s25;0;64
1881;18:38:45.803;enp0s25;0;0
1882;18:38:46.810;enp0s25;0;64
1883;18:38:47.817;enp0s25;4562;118836
1884;18:38:48.824;enp0s25;36864;1239099
1885;18:38:49.831;enp0s25;0;0
1886;18:38:50.838;enp0s25;0;64
1887;18:38:51.845;enp0s25;0;0
1888;18:38:52.852;enp0s25;64;128
1889;18:38:53.971;enp0s25;0;0
1890;18:38:54.980;enp0s25;38810;1299904
1891;18:38:55.988;enp0s25;105292;5094373
1892;18:38:56.995;enp0s25;0;64
1893;18:38:58.002;enp0s25;0;0
1894;18:38:59.010;enp0s25;0;64
1895;18:39:00.019;enp0s25;354;442
1896;18:39:01.035;enp0s25;12539;325908
1897;18:39:02.044;enp0s25;70;70
1898;18:39:03.051;enp0s25;0;64
1899;18:39:04.058;enp0s25;64;64
1900;18:39:05.065;enp0s25;0;64
1901;18:39:06.072;enp0s25;2925;70711
1902;18:39:07.080;enp0s25;155920;3395635
1903;18:39:08.087;enp0s25;75090;1743047
1904;18:39:09.095;enp0s25;10158;181823
1905;18:39:10.107;enp0s25;21672;407817
1906;18:39:11.119;enp0s25;29534;576904
1907;18:39:12.129;enp0s25;7818;123286
1908;18:39:13.147;enp0s25;9416;100542
1909;18:39:14.161;enp0s25;5375;36177
1910;18:39:15.169;enp0s25;64;128
1911;18:39:16.176;enp0s25;0;0
1912;18:39:17.182;enp0s25;1920;1024
1913;18:39:18.189;enp0s25;0;0
1914;18:39:19.196;enp0s25;0;64
1915;18:39:20.203;enp0s25;4759;22321
1916;18:39:21.210;enp0s25;3502;27930
1917;18:39:22.217;enp0s25;148;978
1918;18:39:23.225;enp0s25;20624;301673
1919;18:39:24.232;enp0s25;2615;39488
1920;18:39:25.239;enp0s25;9486;129370
1921;18:39:26.246;enp0s25;53699;1408834
1922;18:39:27.253;enp0s25;33344;499587
1923;18:39:28.260;enp0s25;101536;2960120
1924;18:39:29.267;enp0s25;10412;165249
1925;18:39:30.277;enp0s25;420;475
1926;18:39:31.286;enp0s25;4797;68676
1927;18:39:32.295;enp0s25;5914;89306
1928;18:39:33.303;enp0s25;51074;1320268
1929;18:39:34.309;enp0s25;1155;553
1930;18:39:35.317;enp0s25;4120;22047
1931;18:39:36.323;enp0s25;2392;10468
1932;18:39:37.331;enp0s25;4824;58170
1933;18:39:38.340;enp0s25;8424;103688
1934;18:39:39.350;enp0s25;9663;141437
1935;18:39:40.359;enp0s25;27915;506319
1936;18:39:41.365;enp0s25;0;64
1937;18:39:42.372;enp0s25;568;553
1938;18:39:43.379;enp0s25;9453;109818
1939;18:39:44.386;enp0s25;5197;36447
1940;18:39:45.393;enp0s25;11631;176024
1941;18:39:46.399;enp0s25;98590;2874137
1942;18:39:47.408;enp0s25;498;539
1943;18:39:48.419;enp0s25;30504;625904
1944;18:39:49.427;enp0s25;420;539
1945;18:39:50.435;enp0s25;4758;24870
1946;18:39:51.442;enp0s25;3702;17295
1947;18:39:52.451;enp0s25;21528;391362
1948;18:39:53.460;enp0s25;4291;17644
1949;18:39:54.473;enp0s25;1365;7958
1950;18:39:55.483;enp0s25;11011;116928
1951;18:39:56.491;enp0s25;2613;9578
1952;18:39:57.497;enp0s25;73436;1932015
1953;18:39:58.505;enp0s25;9472;242590
1954;18:39:59.512;enp0s25;484;539
1955;18:40:00.519;enp0s25;29210;569860
1956;18:40:01.526;enp0s25;420;475
1957;18:40:02.533;enp0s25;4075;15953
1958;18:40:03.540;enp0s25;2244;4520
1959;18:40:04.549;enp0s25;5678;78523
1960;18:40:05.557;enp0s25;4826;28027
1961;18:40:06.564;enp0s25;2245;4584
1962;18:40:07.577;enp0s25;10311;151192
1963;18:40:08.587;enp0s25;0;64
1964;18:40:09.594;enp0s25;5500;51044
1965;18:40:10.601;enp0s25;64;128
1966;18:40:11.608;enp0s25;3937;42540
1967;18:40:12.614;enp0s25;2720;25995
1968;18:40:13.625;enp0s25;568;553
1969;18:40:14.636;enp0s25;4695;22434
1970;18:40:15.643;enp0s25;6675;67475
1971;18:40:16.651;enp0s25;2359;5308
1972;18:40:17.657;enp0s25;4000;46482
1973;18:40:18.664;enp0s25;4984;33728
1974;18:40:19.671;enp0s25;4779;56082
1975;18:40:20.678;enp0s25;21696;413374
1976;18:40:21.685;enp0s25;64;64
1977;18:40:22.692;enp0s25;3073;14560
1978;18:40:23.699;enp0s25;8186;112348
1979;18:40:24.707;enp0s25;10448;133519
1980;18:40:25.714;enp0s25;568;553
1981;18:40:26.721;enp0s25;5813;42863
1982;18:40:27.727;enp0s25;9669;119217
1983;18:40:28.737;enp0s25;14817;273328
1984;18:40:29.744;enp0s25;7690;83292
1985;18:40:30.751;enp0s25;1155;617
1986;18:40:31.759;enp0s25;19078;328230
1987;18:40:32.770;enp0s25;3030;13867
1988;18:40:33.780;enp0s25;3158;24998
1989;18:40:34.789;enp0s25;19949;333506
1990;18:40:35.799;enp0s25;0;0
1991;18:40:36.807;enp0s25;3467;10605
1992;18:40:37.818;enp0s25;1908;13762
1993;18:40:38.826;enp0s25;49329;1091647
1994;18:40:39.834;enp0s25;139882;5506643
1995;18:40:40.841;enp0s25;0;64
1996;18:40:41.848;enp0s25;0;0
1997;18:40:42.855;enp0s25;484;603
1998;18:40:43.862;enp0s25;5091;38059
1999;18:40:44.869;enp0s25;3164;18095
2000;18:40:45.875;enp0s25;9604;142042
2001;18:40:46.883;enp0s25;25573;446129
2002;18:40:47.897;enp0s25;118650;4510397
2003;18:40:48.905;enp0s25;2436;5308
2004;18:40:49.916;enp0s25;20372;325736
2005;18:40:50.924;enp0s25;5149;39764
2006;18:40:51.932;enp0s25;0;0
2007;18:40:52.939;enp0s25;3569;26980
2008;18:40:53.949;enp0s25;20604;336684
2009;18:40:54.957;enp0s25;420;539
2010;18:40:55.964;enp0s25;0;0
