ID; Time; Network interface; TBPS; RBPS
1;11:22:20.073;enp0s25;0;0
2;11:22:21.090;enp0s25;0;64
3;11:22:22.102;enp0s25;0;0
4;11:22:23.117;enp0s25;0;64
5;11:22:24.128;enp0s25;0;0
6;11:22:25.143;enp0s25;0;64
7;11:22:26.158;enp0s25;0;0
8;11:22:27.167;enp0s25;64;128
9;11:22:28.176;enp0s25;0;0
10;11:22:29.187;enp0s25;7313;33906
11;11:22:30.201;enp0s25;105777;2662351
12;11:22:31.213;enp0s25;5134;170566
13;11:22:32.222;enp0s25;64927;1406134
14;11:22:33.230;enp0s25;8035;148626
15;11:22:34.241;enp0s25;140;140
16;11:22:35.256;enp0s25;0;64
17;11:22:36.265;enp0s25;0;107
18;11:22:37.272;enp0s25;43566;1125838
19;11:22:38.280;enp0s25;163414;7166232
20;11:22:39.288;enp0s25;158758;7166599
21;11:22:40.300;enp0s25;172307;7153236
22;11:22:41.309;enp0s25;158838;6923668
23;11:22:42.324;enp0s25;159256;7095266
24;11:22:43.338;enp0s25;176143;7172620
25;11:22:44.349;enp0s25;167654;7163506
26;11:22:45.358;enp0s25;159031;6827484
27;11:22:46.371;enp0s25;157080;7168060
28;11:22:47.381;enp0s25;155890;7148262
29;11:22:48.391;enp0s25;155026;7166606
30;11:22:49.400;enp0s25;157228;6475788
31;11:22:50.409;enp0s25;151980;6123676
32;11:22:51.418;enp0s25;138951;6269410
33;11:22:52.427;enp0s25;162367;6579076
34;11:22:53.439;enp0s25;181526;6490968
35;11:22:54.451;enp0s25;166568;6972238
36;11:22:55.459;enp0s25;164644;7131298
37;11:22:56.471;enp0s25;172814;7133146
38;11:22:57.486;enp0s25;163504;5991138
39;11:22:58.495;enp0s25;163206;6319198
40;11:22:59.506;enp0s25;199789;7158952
41;11:23:00.517;enp0s25;171663;6635171
42;11:23:01.526;enp0s25;132160;5823048
43;11:23:02.535;enp0s25;155828;7145290
44;11:23:03.544;enp0s25;160979;6949853
45;11:23:04.560;enp0s25;146134;7081534
46;11:23:05.577;enp0s25;156582;6802228
47;11:23:06.584;enp0s25;167181;7112325
48;11:23:07.592;enp0s25;160329;7095181
49;11:23:08.608;enp0s25;136697;5694066
50;11:23:09.618;enp0s25;163391;6971333
51;11:23:10.626;enp0s25;141513;6552238
52;11:23:11.633;enp0s25;145803;6452124
53;11:23:12.650;enp0s25;155528;6408527
54;11:23:13.666;enp0s25;147202;6327094
55;11:23:14.674;enp0s25;173097;6732395
56;11:23:15.683;enp0s25;102768;4054937
57;11:23:16.693;enp0s25;72545;3022188
58;11:23:17.701;enp0s25;34046;825866
59;11:23:18.711;enp0s25;44283;1428122
60;11:23:19.722;enp0s25;37487;1063274
61;11:23:20.733;enp0s25;124582;4961167
62;11:23:21.747;enp0s25;134;134
63;11:23:22.756;enp0s25;0;64
64;11:23:23.778;enp0s25;0;0
65;11:23:24.797;enp0s25;0;436
66;11:23:25.930;enp0s25;0;372
67;11:23:26.938;enp0s25;0;64
68;11:23:27.951;enp0s25;0;372
69;11:23:28.958;enp0s25;0;64
70;11:23:29.965;enp0s25;0;0
71;11:23:31.173;enp0s25;0;436
72;11:23:32.184;enp0s25;0;0
73;11:23:33.200;enp0s25;64;128
74;11:23:34.209;enp0s25;0;0
75;11:23:35.220;enp0s25;0;64
76;11:23:36.233;enp0s25;0;0
77;11:23:37.243;enp0s25;0;64
78;11:23:38.251;enp0s25;0;107
79;11:23:39.265;enp0s25;0;171
80;11:23:40.274;enp0s25;0;0
81;11:23:41.284;enp0s25;0;64
82;11:23:42.295;enp0s25;0;0
83;11:23:43.311;enp0s25;64;64
84;11:23:44.326;enp0s25;0;64
85;11:23:45.337;enp0s25;0;0
86;11:23:46.351;enp0s25;0;64
87;11:23:47.358;enp0s25;0;0
88;11:23:48.365;enp0s25;0;64
89;11:23:49.379;enp0s25;0;0
90;11:23:50.389;enp0s25;0;64
91;11:23:51.402;enp0s25;0;0
92;11:23:52.418;enp0s25;0;64
93;11:23:53.435;enp0s25;0;0
94;11:23:54.446;enp0s25;64;128
95;11:23:55.457;enp0s25;0;0
96;11:23:56.473;enp0s25;0;64
97;11:23:57.489;enp0s25;0;0
98;11:23:58.504;enp0s25;0;64
99;11:23:59.516;enp0s25;0;0
100;11:24:00.525;enp0s25;0;64
101;11:24:01.532;enp0s25;0;0
102;11:24:02.545;enp0s25;0;64
103;11:24:03.552;enp0s25;0;0
104;11:24:04.585;enp0s25;0;64
105;11:24:05.594;enp0s25;64;64
106;11:24:06.601;enp0s25;0;64
107;11:24:07.611;enp0s25;0;0
108;11:24:08.623;enp0s25;0;64
109;11:24:09.633;enp0s25;0;107
110;11:24:10.646;enp0s25;0;171
111;11:24:11.719;enp0s25;0;0
112;11:24:12.729;enp0s25;0;64
113;11:24:13.736;enp0s25;0;0
114;11:24:14.758;enp0s25;0;64
115;11:24:15.772;enp0s25;0;0
116;11:24:16.781;enp0s25;64;128
117;11:24:17.788;enp0s25;0;0
118;11:24:18.797;enp0s25;0;64
119;11:24:19.804;enp0s25;0;0
120;11:24:20.813;enp0s25;0;64
121;11:24:21.821;enp0s25;0;0
122;11:24:22.832;enp0s25;0;64
123;11:24:23.840;enp0s25;0;0
124;11:24:24.847;enp0s25;0;64
125;11:24:25.854;enp0s25;0;0
126;11:24:26.863;enp0s25;149737;3134997
127;11:24:27.871;enp0s25;125974;2334987
128;11:24:28.886;enp0s25;62044;1055590
129;11:24:29.896;enp0s25;43985;677824
130;11:24:30.904;enp0s25;70402;622842
131;11:24:31.915;enp0s25;221013;3124141
132;11:24:32.938;enp0s25;21184;574308
133;11:24:33.949;enp0s25;4800;2880
134;11:24:34.958;enp0s25;0;64
135;11:24:35.993;enp0s25;184717;3574213
136;11:24:37.001;enp0s25;237706;4763041
137;11:24:38.028;enp0s25;187314;5098264
138;11:24:39.042;enp0s25;88140;1972935
139;11:24:40.049;enp0s25;132500;2889832
140;11:24:41.071;enp0s25;88332;1562479
141;11:24:42.080;enp0s25;127357;2991484
142;11:24:43.091;enp0s25;11110;82434
143;11:24:44.124;enp0s25;294586;4134733
144;11:24:45.160;enp0s25;263953;5392490
145;11:24:46.212;enp0s25;83057;2347945
146;11:24:47.240;enp0s25;0;64
147;11:24:48.249;enp0s25;0;0
148;11:24:49.257;enp0s25;5760;2944
149;11:24:50.267;enp0s25;64;64
150;11:24:51.274;enp0s25;0;64
151;11:24:52.281;enp0s25;0;0
152;11:24:53.288;enp0s25;7705;52995
153;11:24:54.295;enp0s25;240078;6527756
154;11:24:55.309;enp0s25;211978;7173598
155;11:24:56.325;enp0s25;269492;7163858
156;11:24:57.338;enp0s25;195989;7096462
157;11:24:58.350;enp0s25;206793;7160470
158;11:24:59.357;enp0s25;213469;7163652
159;11:25:00.366;enp0s25;157371;7127284
160;11:25:01.381;enp0s25;168788;7158952
161;11:25:02.389;enp0s25;160659;7134944
162;11:25:03.397;enp0s25;178723;7163512
163;11:25:04.406;enp0s25;142758;6401470
164;11:25:05.416;enp0s25;208716;7175586
165;11:25:06.426;enp0s25;169432;7169578
166;11:25:07.436;enp0s25;161512;7128528
167;11:25:08.453;enp0s25;155882;6920626
168;11:25:09.466;enp0s25;207186;7163442
169;11:25:10.477;enp0s25;166764;7169578
170;11:25:11.486;enp0s25;192270;7112001
171;11:25:12.494;enp0s25;197540;7149951
172;11:25:13.503;enp0s25;188276;7164960
173;11:25:14.513;enp0s25;195258;7143772
174;11:25:15.527;enp0s25;195850;7175586
175;11:25:16.538;enp0s25;191578;7175650
176;11:25:17.554;enp0s25;191924;7158888
177;11:25:18.563;enp0s25;128462;5211358
178;11:25:19.572;enp0s25;204330;7167996
179;11:25:20.584;enp0s25;188366;6418168
180;11:25:21.598;enp0s25;166100;5895982
181;11:25:22.615;enp0s25;185074;7122584
182;11:25:23.626;enp0s25;187200;7136118
183;11:25:24.634;enp0s25;190270;7157434
184;11:25:25.642;enp0s25;193716;7142190
185;11:25:26.657;enp0s25;194458;6841690
186;11:25:27.667;enp0s25;198666;7152816
187;11:25:28.682;enp0s25;139380;5408698
188;11:25:29.692;enp0s25;196458;7166478
189;11:25:30.703;enp0s25;187868;7166542
190;11:25:31.715;enp0s25;190738;7155852
191;11:25:32.729;enp0s25;196266;7155916
192;11:25:33.742;enp0s25;203746;7159016
193;11:25:34.755;enp0s25;187510;7172614
194;11:25:35.766;enp0s25;180008;7177104
195;11:25:36.779;enp0s25;171194;7161988
196;11:25:37.788;enp0s25;204420;7167996
197;11:25:38.803;enp0s25;188316;7166542
198;11:25:39.817;enp0s25;123490;5067084
199;11:25:40.828;enp0s25;204016;7117966
200;11:25:41.838;enp0s25;192210;7162031
201;11:25:42.850;enp0s25;189108;7159059
202;11:25:43.869;enp0s25;186222;7166478
203;11:25:44.879;enp0s25;170968;7166606
204;11:25:45.888;enp0s25;177002;7164960
205;11:25:46.897;enp0s25;183248;7157434
206;11:25:47.906;enp0s25;180528;7142190
207;11:25:48.916;enp0s25;194182;7161988
208;11:25:49.925;enp0s25;116188;5173344
209;11:25:50.934;enp0s25;180688;7166542
210;11:25:51.945;enp0s25;201822;7172550
211;11:25:52.956;enp0s25;187196;7146808
212;11:25:53.968;enp0s25;183534;7142190
213;11:25:54.979;enp0s25;181358;7130110
214;11:25:55.989;enp0s25;187896;7136182
215;11:25:57.000;enp0s25;196218;7142254
216;11:25:58.013;enp0s25;193720;6783942
217;11:25:59.029;enp0s25;175688;6204130
218;11:26:00.041;enp0s25;129474;4295940
219;11:26:01.050;enp0s25;164508;7031440
220;11:26:02.059;enp0s25;173350;7157370
221;11:26:03.069;enp0s25;177342;7151362
222;11:26:04.079;enp0s25;183844;7035930
223;11:26:05.087;enp0s25;184164;6817402
224;11:26:06.102;enp0s25;184408;7145226
225;11:26:07.113;enp0s25;173280;7160534
226;11:26:08.123;enp0s25;180186;7174068
227;11:26:09.136;enp0s25;189898;7168060
228;11:26:10.145;enp0s25;176724;7134600
229;11:26:11.155;enp0s25;139996;5244754
230;11:26:12.166;enp0s25;199230;6797604
231;11:26:13.187;enp0s25;175728;7066461
232;11:26:14.199;enp0s25;189548;7166649
233;11:26:15.210;enp0s25;188016;7107340
234;11:26:16.223;enp0s25;186608;6072000
235;11:26:17.234;enp0s25;177292;6237526
236;11:26:18.245;enp0s25;183614;7133146
237;11:26:19.256;enp0s25;198512;7154398
238;11:26:20.268;enp0s25;179262;6659466
239;11:26:21.281;enp0s25;117950;4822750
240;11:26:22.291;enp0s25;183930;7155852
241;11:26:23.307;enp0s25;196516;7161924
242;11:26:24.315;enp0s25;191994;7165024
243;11:26:25.323;enp0s25;191128;6408996
244;11:26:26.332;enp0s25;182498;6314944
245;11:26:27.345;enp0s25;178054;6843144
246;11:26:28.357;enp0s25;175178;6346822
247;11:26:29.371;enp0s25;176748;7154398
248;11:26:30.386;enp0s25;197480;7178686
249;11:26:31.401;enp0s25;132242;5455692
250;11:26:32.412;enp0s25;185196;6650422
251;11:26:33.426;enp0s25;182590;6750826
252;11:26:34.435;enp0s25;200692;7164310
253;11:26:35.443;enp0s25;156785;6866132
254;11:26:36.452;enp0s25;210112;7175720
255;11:26:37.462;enp0s25;206034;7161880
256;11:26:38.479;enp0s25;201652;7174360
257;11:26:39.494;enp0s25;194548;7166612
258;11:26:40.504;enp0s25;205356;7181722
259;11:26:41.518;enp0s25;202250;6937540
260;11:26:42.528;enp0s25;192018;7157434
261;11:26:43.537;enp0s25;139662;6038376
262;11:26:44.545;enp0s25;199876;7168167
263;11:26:45.553;enp0s25;200762;7008783
264;11:26:46.568;enp0s25;190348;6978310
265;11:26:47.582;enp0s25;138936;5974654
266;11:26:48.599;enp0s25;193284;7163506
267;11:26:49.608;enp0s25;171016;6215176
268;11:26:50.621;enp0s25;189322;6673396
269;11:26:51.632;enp0s25;175104;6085662
270;11:26:52.640;enp0s25;197514;6884194
271;11:26:53.653;enp0s25;156922;6155700
272;11:26:54.670;enp0s25;186656;6472816
273;11:26:55.683;enp0s25;191260;6785530
274;11:26:56.699;enp0s25;191308;6984382
275;11:26:57.710;enp0s25;166716;6512220
276;11:26:58.722;enp0s25;192596;6913036
277;11:26:59.730;enp0s25;190084;7035930
278;11:27:00.745;enp0s25;195456;7072426
279;11:27:01.754;enp0s25;176938;7083052
280;11:27:02.768;enp0s25;199824;7090642
281;11:27:03.777;enp0s25;191304;6999498
282;11:27:04.786;enp0s25;194176;6861424
283;11:27:05.798;enp0s25;188996;6700452
284;11:27:06.810;enp0s25;185636;6554788
285;11:27:07.817;enp0s25;151140;5649996
286;11:27:08.829;enp0s25;122170;5382892
287;11:27:09.838;enp0s25;180034;7086024
288;11:27:10.847;enp0s25;190124;7196902
289;11:27:11.861;enp0s25;154712;6718249
290;11:27:12.871;enp0s25;189098;7163221
291;11:27:13.880;enp0s25;202824;7169514
292;11:27:14.894;enp0s25;184170;7080263
293;11:27:15.905;enp0s25;205560;7149887
294;11:27:16.913;enp0s25;175550;6378494
295;11:27:17.924;enp0s25;188652;6502626
296;11:27:18.937;enp0s25;106604;4523077
297;11:27:19.947;enp0s25;139794;6338751
298;11:27:20.956;enp0s25;151558;7152621
299;11:27:21.965;enp0s25;150028;7090113
300;11:27:22.973;enp0s25;144544;6936721
301;11:27:23.983;enp0s25;150090;7060352
302;11:27:24.992;enp0s25;143304;6516908
303;11:27:26.002;enp0s25;154212;7116384
304;11:27:27.012;enp0s25;132930;6347794
305;11:27:28.021;enp0s25;139066;6629543
306;11:27:29.035;enp0s25;133678;6411778
307;11:27:30.049;enp0s25;103332;5021544
308;11:27:31.058;enp0s25;147592;7165024
309;11:27:32.072;enp0s25;151700;7151515
310;11:27:33.079;enp0s25;142716;6886964
311;11:27:34.087;enp0s25;117118;5800135
312;11:27:35.098;enp0s25;168980;6805673
313;11:27:36.106;enp0s25;139116;6750872
314;11:27:37.121;enp0s25;141030;6586046
315;11:27:38.131;enp0s25;151842;7167692
316;11:27:39.138;enp0s25;146339;6846831
317;11:27:40.146;enp0s25;147348;6960588
318;11:27:41.154;enp0s25;126031;5922409
319;11:27:42.168;enp0s25;142944;6756936
320;11:27:43.177;enp0s25;146212;6875086
321;11:27:44.193;enp0s25;151160;7148262
322;11:27:45.201;enp0s25;106044;5014018
323;11:27:46.212;enp0s25;146572;6856977
324;11:27:47.224;enp0s25;150956;7152987
325;11:27:48.231;enp0s25;141424;6791918
326;11:27:49.247;enp0s25;117786;6313426
327;11:27:50.254;enp0s25;147622;6978938
328;11:27:51.262;enp0s25;146234;6941878
329;11:27:52.270;enp0s25;110410;5191579
330;11:27:53.279;enp0s25;145110;6875086
331;11:27:54.299;enp0s25;82718;3863913
332;11:27:55.314;enp0s25;0;0
333;11:27:56.321;enp0s25;0;64
334;11:27:57.328;enp0s25;64;64
335;11:27:58.335;enp0s25;0;64
336;11:27:59.348;enp0s25;0;0
337;11:28:00.363;enp0s25;0;64
338;11:28:01.378;enp0s25;0;0
339;11:28:02.392;enp0s25;0;64
340;11:28:03.406;enp0s25;0;0
341;11:28:04.418;enp0s25;0;64
342;11:28:05.445;enp0s25;0;0
343;11:28:06.467;enp0s25;0;64
344;11:28:07.483;enp0s25;0;0
345;11:28:08.490;enp0s25;64;128
346;11:28:09.498;enp0s25;0;0
347;11:28:10.519;enp0s25;0;64
348;11:28:11.553;enp0s25;0;0
349;11:28:12.562;enp0s25;0;1982
350;11:28:13.573;enp0s25;0;2398
351;11:28:14.601;enp0s25;0;1530
352;11:28:15.623;enp0s25;0;382
353;11:28:16.634;enp0s25;0;1372
354;11:28:17.649;enp0s25;0;375
355;11:28:18.664;enp0s25;64;1449
356;11:28:19.671;enp0s25;0;0
357;11:28:20.688;enp0s25;0;64
358;11:28:21.696;enp0s25;0;0
359;11:28:22.709;enp0s25;0;64
360;11:28:23.729;enp0s25;0;0
361;11:28:24.744;enp0s25;0;396
362;11:28:25.777;enp0s25;0;0
363;11:28:26.805;enp0s25;0;502
364;11:28:27.816;enp0s25;0;0
365;11:28:28.837;enp0s25;0;64
366;11:28:29.851;enp0s25;64;3878
367;11:28:30.865;enp0s25;0;4516
368;11:28:31.873;enp0s25;0;2426
369;11:28:32.885;enp0s25;0;1466
370;11:28:33.897;enp0s25;0;1886
371;11:28:34.911;enp0s25;0;64
372;11:28:35.929;enp0s25;0;834
373;11:28:36.943;enp0s25;0;1778
374;11:28:37.951;enp0s25;0;0
375;11:28:38.958;enp0s25;0;64
376;11:28:39.973;enp0s25;0;0
377;11:28:40.981;enp0s25;64;128
378;11:28:41.987;enp0s25;0;268
379;11:28:42.994;enp0s25;0;744
380;11:28:44.000;enp0s25;0;0
381;11:28:45.011;enp0s25;0;64
382;11:28:46.025;enp0s25;0;268
383;11:28:47.033;enp0s25;0;64
384;11:28:48.041;enp0s25;0;0
385;11:28:49.047;enp0s25;0;64
386;11:28:50.070;enp0s25;0;0
387;11:28:51.077;enp0s25;0;64
388;11:28:52.088;enp0s25;64;64
389;11:28:53.099;enp0s25;0;64
390;11:28:54.112;enp0s25;0;0
391;11:28:55.128;enp0s25;0;458
392;11:28:56.137;enp0s25;0;0
393;11:28:57.151;enp0s25;0;64
394;11:28:58.166;enp0s25;0;0
395;11:28:59.174;enp0s25;0;64
396;11:29:00.181;enp0s25;0;0
397;11:29:01.189;enp0s25;0;64
398;11:29:02.195;enp0s25;0;0
399;11:29:03.202;enp0s25;64;128
400;11:29:04.209;enp0s25;0;0
401;11:29:05.216;enp0s25;0;64
402;11:29:06.227;enp0s25;0;0
403;11:29:07.236;enp0s25;0;64
404;11:29:08.247;enp0s25;0;0
405;11:29:09.261;enp0s25;0;476
406;11:29:10.269;enp0s25;0;0
407;11:29:11.282;enp0s25;0;64
408;11:29:12.290;enp0s25;0;0
409;11:29:13.303;enp0s25;0;64
410;11:29:14.311;enp0s25;64;128
411;11:29:15.319;enp0s25;0;0
412;11:29:16.326;enp0s25;0;64
413;11:29:17.335;enp0s25;0;0
414;11:29:18.349;enp0s25;0;64
415;11:29:19.368;enp0s25;0;0
416;11:29:20.377;enp0s25;0;1330
417;11:29:21.389;enp0s25;0;3782
418;11:29:22.399;enp0s25;0;824
419;11:29:23.407;enp0s25;0;1150
420;11:29:24.417;enp0s25;0;530
421;11:29:25.424;enp0s25;64;64
422;11:29:26.436;enp0s25;0;1214
423;11:29:27.443;enp0s25;0;0
424;11:29:28.450;enp0s25;0;64
425;11:29:29.460;enp0s25;0;0
426;11:29:30.469;enp0s25;0;64
427;11:29:31.482;enp0s25;0;0
428;11:29:32.492;enp0s25;0;64
429;11:29:33.509;enp0s25;0;394
430;11:29:34.529;enp0s25;0;64
431;11:29:35.541;enp0s25;0;1266
432;11:29:36.557;enp0s25;64;3084
433;11:29:37.567;enp0s25;0;1586
434;11:29:38.583;enp0s25;0;1214
435;11:29:39.594;enp0s25;0;466
436;11:29:40.604;enp0s25;0;64
437;11:29:41.616;enp0s25;0;1150
438;11:29:42.629;enp0s25;0;64
439;11:29:43.644;enp0s25;0;0
440;11:29:44.654;enp0s25;0;64
441;11:29:45.662;enp0s25;0;0
442;11:29:46.672;enp0s25;64;128
443;11:29:47.682;enp0s25;0;0
444;11:29:48.696;enp0s25;0;458
445;11:29:49.708;enp0s25;0;0
446;11:29:50.725;enp0s25;0;64
447;11:29:51.734;enp0s25;0;0
448;11:29:52.748;enp0s25;0;64
449;11:29:53.760;enp0s25;0;0
450;11:29:54.772;enp0s25;0;64
451;11:29:55.780;enp0s25;0;0
452;11:29:56.797;enp0s25;0;64
453;11:29:57.806;enp0s25;64;64
454;11:29:58.819;enp0s25;0;64
455;11:29:59.837;enp0s25;0;0
456;11:30:00.850;enp0s25;0;64
457;11:30:01.857;enp0s25;0;0
458;11:30:02.864;enp0s25;0;64
459;11:30:03.871;enp0s25;0;0
460;11:30:04.885;enp0s25;0;64
461;11:30:05.898;enp0s25;0;0
462;11:30:06.910;enp0s25;0;64
463;11:30:07.923;enp0s25;0;0
464;11:30:08.933;enp0s25;64;128
465;11:30:09.942;enp0s25;0;0
466;11:30:10.951;enp0s25;0;2674
467;11:30:11.969;enp0s25;0;2438
468;11:30:12.976;enp0s25;0;824
469;11:30:13.988;enp0s25;0;1150
470;11:30:15.002;enp0s25;0;530
471;11:30:16.020;enp0s25;0;0
472;11:30:17.027;enp0s25;0;1214
473;11:30:18.035;enp0s25;0;0
474;11:30:19.042;enp0s25;0;458
475;11:30:20.049;enp0s25;64;64
476;11:30:21.056;enp0s25;0;64
477;11:30:22.065;enp0s25;0;0
478;11:30:23.077;enp0s25;0;64
479;11:30:24.088;enp0s25;0;0
480;11:30:25.107;enp0s25;0;64
481;11:30:26.128;enp0s25;0;0
482;11:30:27.140;enp0s25;0;64
483;11:30:28.149;enp0s25;0;0
484;11:30:29.157;enp0s25;0;64
485;11:30:30.172;enp0s25;0;0
486;11:30:31.188;enp0s25;64;128
487;11:30:32.206;enp0s25;0;0
488;11:30:33.214;enp0s25;0;64
489;11:30:34.228;enp0s25;0;0
490;11:30:35.237;enp0s25;0;64
491;11:30:36.254;enp0s25;0;0
492;11:30:37.262;enp0s25;0;64
493;11:30:38.269;enp0s25;0;0
494;11:30:39.287;enp0s25;0;64
495;11:30:40.301;enp0s25;0;0
496;11:30:41.309;enp0s25;0;0
497;11:30:42.319;enp0s25;64;128
498;11:30:43.329;enp0s25;0;0
499;11:30:44.337;enp0s25;0;64
500;11:30:45.352;enp0s25;0;0
501;11:30:46.368;enp0s25;0;64
502;11:30:47.795;enp0s25;0;0
503;11:30:48.803;enp0s25;0;64
504;11:30:49.827;enp0s25;0;0
505;11:30:50.834;enp0s25;0;2342
506;11:30:51.845;enp0s25;0;2770
507;11:30:52.852;enp0s25;64;888
508;11:30:53.860;enp0s25;0;1150
509;11:30:54.872;enp0s25;0;530
510;11:30:55.879;enp0s25;0;0
511;11:30:56.887;enp0s25;0;1214
512;11:30:57.898;enp0s25;0;0
513;11:30:58.912;enp0s25;0;64
514;11:30:59.920;enp0s25;0;0
515;11:31:00.931;enp0s25;0;458
516;11:31:01.941;enp0s25;0;0
517;11:31:02.948;enp0s25;0;64
518;11:31:03.961;enp0s25;64;64
519;11:31:04.969;enp0s25;0;64
520;11:31:05.977;enp0s25;0;1266
521;11:31:06.984;enp0s25;0;3486
522;11:31:07.994;enp0s25;0;1120
523;11:31:09.007;enp0s25;0;1214
524;11:31:10.020;enp0s25;0;466
525;11:31:11.031;enp0s25;0;64
526;11:31:12.041;enp0s25;0;1150
527;11:31:13.050;enp0s25;0;64
528;11:31:14.063;enp0s25;0;0
529;11:31:15.073;enp0s25;64;128
530;11:31:16.081;enp0s25;0;0
531;11:31:17.100;enp0s25;0;64
532;11:31:18.113;enp0s25;0;0
533;11:31:19.125;enp0s25;0;530
534;11:31:20.136;enp0s25;0;0
535;11:31:21.148;enp0s25;0;64
536;11:31:22.163;enp0s25;0;0
537;11:31:23.178;enp0s25;0;64
538;11:31:24.285;enp0s25;0;0
539;11:31:25.296;enp0s25;0;64
540;11:31:26.306;enp0s25;64;128
541;11:31:27.314;enp0s25;0;0
542;11:31:28.322;enp0s25;0;64
543;11:31:29.333;enp0s25;0;0
544;11:31:30.349;enp0s25;0;64
545;11:31:31.360;enp0s25;0;0
546;11:31:32.369;enp0s25;0;64
547;11:31:33.379;enp0s25;0;0
548;11:31:34.389;enp0s25;0;64
549;11:31:35.397;enp0s25;0;0
550;11:31:36.405;enp0s25;0;64
551;11:31:37.415;enp0s25;64;64
552;11:31:38.425;enp0s25;0;64
553;11:31:39.434;enp0s25;0;0
554;11:31:40.446;enp0s25;0;64
555;11:31:41.462;enp0s25;0;0
556;11:31:42.472;enp0s25;0;64
557;11:31:43.482;enp0s25;0;0
558;11:31:44.495;enp0s25;0;64
559;11:31:45.509;enp0s25;0;0
560;11:31:46.525;enp0s25;0;530
561;11:31:47.535;enp0s25;0;0
562;11:31:48.544;enp0s25;64;128
563;11:31:49.551;enp0s25;0;0
564;11:31:50.558;enp0s25;0;64
565;11:31:51.566;enp0s25;0;0
566;11:31:52.581;enp0s25;0;64
567;11:31:53.592;enp0s25;0;0
568;11:31:54.648;enp0s25;0;64
569;11:31:55.663;enp0s25;0;0
570;11:31:56.675;enp0s25;0;64
571;11:31:57.686;enp0s25;0;0
572;11:31:58.695;enp0s25;0;64
573;11:31:59.709;enp0s25;64;64
574;11:32:00.725;enp0s25;0;288
575;11:32:01.733;enp0s25;0;224
576;11:32:02.740;enp0s25;0;64
577;11:32:03.749;enp0s25;0;0
578;11:32:04.756;enp0s25;0;288
579;11:32:05.763;enp0s25;0;0
580;11:32:06.773;enp0s25;0;64
581;11:32:07.787;enp0s25;0;336
582;11:32:08.798;enp0s25;0;64
583;11:32:09.807;enp0s25;64;64
584;11:32:10.817;enp0s25;0;288
585;11:32:11.824;enp0s25;0;0
586;11:32:12.837;enp0s25;0;64
587;11:32:13.846;enp0s25;0;0
588;11:32:14.882;enp0s25;0;64
589;11:32:15.897;enp0s25;0;0
590;11:32:16.904;enp0s25;0;64
591;11:32:17.911;enp0s25;0;492
592;11:32:18.919;enp0s25;0;64
593;11:32:19.979;enp0s25;0;1586
594;11:32:20.998;enp0s25;64;3794
595;11:32:22.008;enp0s25;0;1398
596;11:32:23.017;enp0s25;0;64
597;11:32:24.024;enp0s25;0;0
598;11:32:25.179;enp0s25;0;64
599;11:32:26.188;enp0s25;0;0
600;11:32:27.195;enp0s25;0;64
601;11:32:28.202;enp0s25;0;0
602;11:32:29.213;enp0s25;0;64
603;11:32:30.221;enp0s25;0;0
604;11:32:31.229;enp0s25;0;64
605;11:32:32.236;enp0s25;64;64
606;11:32:33.243;enp0s25;0;64
607;11:32:34.251;enp0s25;0;1606
608;11:32:35.258;enp0s25;0;3066
609;11:32:36.278;enp0s25;0;1120
610;11:32:37.290;enp0s25;0;1214
611;11:32:38.298;enp0s25;0;386
612;11:32:39.305;enp0s25;0;64
613;11:32:40.312;enp0s25;0;2114
614;11:32:41.322;enp0s25;0;4296
615;11:32:42.333;enp0s25;0;1462
616;11:32:43.341;enp0s25;64;614
617;11:32:44.349;enp0s25;0;458
618;11:32:45.361;enp0s25;0;0
619;11:32:46.369;enp0s25;0;64
620;11:32:47.376;enp0s25;0;0
621;11:32:48.824;enp0s25;0;3426
622;11:32:49.833;enp0s25;0;760
623;11:32:50.840;enp0s25;0;1214
624;11:32:51.854;enp0s25;0;386
625;11:32:52.863;enp0s25;0;64
626;11:32:53.873;enp0s25;64;2178
627;11:32:54.890;enp0s25;0;4216
628;11:32:55.921;enp0s25;0;1398
629;11:32:56.929;enp0s25;0;614
630;11:32:57.938;enp0s25;0;0
631;11:32:58.958;enp0s25;0;64
632;11:32:59.976;enp0s25;0;0
633;11:33:01.008;enp0s25;0;332
634;11:33:02.019;enp0s25;0;0
635;11:33:03.028;enp0s25;0;64
636;11:33:04.036;enp0s25;0;900
637;11:33:05.044;enp0s25;64;2946
638;11:33:06.059;enp0s25;0;1398
639;11:33:07.067;enp0s25;0;2030
640;11:33:08.080;enp0s25;0;412
641;11:33:09.142;enp0s25;0;64
642;11:33:10.173;enp0s25;0;0
643;11:33:11.199;enp0s25;0;1778
644;11:33:12.207;enp0s25;0;0
645;11:33:13.217;enp0s25;0;64
646;11:33:14.254;enp0s25;0;0
647;11:33:15.273;enp0s25;0;64
648;11:33:16.320;enp0s25;64;128
649;11:33:17.338;enp0s25;0;412
650;11:33:18.346;enp0s25;0;64
651;11:33:19.365;enp0s25;0;394
652;11:33:20.388;enp0s25;0;64
653;11:33:21.397;enp0s25;0;0
654;11:33:22.413;enp0s25;0;64
655;11:33:23.422;enp0s25;0;0
656;11:33:24.430;enp0s25;0;64
657;11:33:25.438;enp0s25;0;0
658;11:33:26.445;enp0s25;0;64
659;11:33:27.456;enp0s25;158;158
660;11:33:28.472;enp0s25;0;64
661;11:33:29.483;enp0s25;0;0
662;11:33:30.494;enp0s25;0;64
663;11:33:31.506;enp0s25;0;0
664;11:33:32.515;enp0s25;64;128
665;11:33:33.549;enp0s25;0;0
666;11:33:34.575;enp0s25;0;64
667;11:33:35.593;enp0s25;0;0
668;11:33:36.625;enp0s25;0;64
669;11:33:37.657;enp0s25;0;0
670;11:33:38.670;enp0s25;64;128
671;11:33:39.679;enp0s25;0;0
672;11:33:40.719;enp0s25;0;64
673;11:33:41.739;enp0s25;0;0
674;11:33:42.758;enp0s25;0;64
675;11:33:43.772;enp0s25;0;0
676;11:33:44.800;enp0s25;0;476
677;11:33:45.807;enp0s25;0;0
678;11:33:46.814;enp0s25;0;64
679;11:33:47.829;enp0s25;0;0
680;11:33:48.837;enp0s25;0;64
681;11:33:49.846;enp0s25;64;64
682;11:33:50.856;enp0s25;0;64
683;11:33:51.863;enp0s25;0;0
684;11:33:52.871;enp0s25;0;64
685;11:33:53.878;enp0s25;0;0
686;11:33:54.885;enp0s25;0;64
687;11:33:55.893;enp0s25;0;0
688;11:33:56.900;enp0s25;0;64
689;11:33:57.911;enp0s25;0;550
690;11:33:58.918;enp0s25;0;64
691;11:33:59.925;enp0s25;64;64
692;11:34:00.939;enp0s25;0;64
693;11:34:01.956;enp0s25;0;0
694;11:34:02.969;enp0s25;0;64
695;11:34:03.984;enp0s25;0;0
696;11:34:04.998;enp0s25;0;64
697;11:34:06.014;enp0s25;0;0
698;11:34:07.027;enp0s25;0;64
699;11:34:08.037;enp0s25;0;0
700;11:34:09.051;enp0s25;0;64
701;11:34:10.059;enp0s25;0;0
702;11:34:11.068;enp0s25;64;128
703;11:34:12.080;enp0s25;0;0
704;11:34:13.095;enp0s25;0;64
705;11:34:14.109;enp0s25;0;0
706;11:34:15.118;enp0s25;0;1582
707;11:34:16.131;enp0s25;0;3598
708;11:34:17.140;enp0s25;0;1462
709;11:34:18.153;enp0s25;0;550
710;11:34:19.166;enp0s25;0;64
711;11:34:20.177;enp0s25;0;0
712;11:34:21.190;enp0s25;0;64
713;11:34:22.200;enp0s25;64;2264
714;11:34:23.213;enp0s25;0;3060
715;11:34:24.222;enp0s25;0;1948
716;11:34:25.235;enp0s25;0;64
717;11:34:26.252;enp0s25;0;0
718;11:34:27.267;enp0s25;0;64
719;11:34:28.275;enp0s25;0;0
720;11:34:29.288;enp0s25;0;64
721;11:34:30.302;enp0s25;0;0
722;11:34:31.311;enp0s25;0;0
723;11:34:32.328;enp0s25;0;64
724;11:34:33.341;enp0s25;64;64
725;11:34:34.351;enp0s25;0;64
726;11:34:35.956;enp0s25;0;0
727;11:34:36.971;enp0s25;0;64
728;11:34:37.987;enp0s25;0;0
729;11:34:38.996;enp0s25;0;1330
730;11:34:40.017;enp0s25;0;2308
731;11:34:41.047;enp0s25;0;2218
732;11:34:42.061;enp0s25;0;0
733;11:34:43.071;enp0s25;0;1214
734;11:34:44.078;enp0s25;64;450
735;11:34:45.091;enp0s25;0;2178
736;11:34:46.152;enp0s25;0;3534
737;11:34:47.159;enp0s25;0;1462
738;11:34:48.166;enp0s25;0;550
739;11:34:49.174;enp0s25;0;458
740;11:34:50.187;enp0s25;0;0
741;11:34:51.196;enp0s25;0;64
742;11:34:52.205;enp0s25;0;0
743;11:34:53.213;enp0s25;0;64
744;11:34:54.239;enp0s25;0;0
745;11:34:55.260;enp0s25;64;128
746;11:34:56.270;enp0s25;0;0
747;11:34:57.286;enp0s25;0;64
748;11:34:58.294;enp0s25;0;0
749;11:34:59.302;enp0s25;0;64
750;11:35:00.314;enp0s25;0;64
751;11:35:01.348;enp0s25;0;0
752;11:35:02.371;enp0s25;0;64
753;11:35:03.379;enp0s25;0;0
754;11:35:04.395;enp0s25;0;64
755;11:35:05.403;enp0s25;0;0
756;11:35:06.410;enp0s25;64;128
757;11:35:07.441;enp0s25;0;0
758;11:35:08.452;enp0s25;0;64
759;11:35:09.465;enp0s25;0;0
760;11:35:10.473;enp0s25;0;64
761;11:35:11.481;enp0s25;0;0
762;11:35:12.489;enp0s25;0;64
763;11:35:13.496;enp0s25;0;0
764;11:35:14.510;enp0s25;0;64
765;11:35:15.523;enp0s25;0;0
766;11:35:16.534;enp0s25;0;64
767;11:35:17.549;enp0s25;64;64
768;11:35:18.559;enp0s25;0;64
769;11:35:19.567;enp0s25;0;0
770;11:35:20.574;enp0s25;0;64
771;11:35:21.589;enp0s25;0;0
772;11:35:22.597;enp0s25;0;64
773;11:35:23.604;enp0s25;0;0
774;11:35:24.611;enp0s25;0;64
775;11:35:25.619;enp0s25;0;0
776;11:35:26.651;enp0s25;0;64
777;11:35:27.658;enp0s25;0;0
778;11:35:28.667;enp0s25;64;128
779;11:35:29.678;enp0s25;0;0
780;11:35:30.684;enp0s25;0;1670
781;11:35:31.695;enp0s25;0;3002
782;11:35:32.702;enp0s25;0;824
783;11:35:33.709;enp0s25;0;1150
784;11:35:34.719;enp0s25;0;450
785;11:35:35.729;enp0s25;0;964
786;11:35:36.736;enp0s25;0;5366
787;11:35:37.744;enp0s25;0;1398
788;11:35:38.751;enp0s25;0;632
789;11:35:39.758;enp0s25;64;1874
790;11:35:40.765;enp0s25;0;64
791;11:35:41.785;enp0s25;0;0
792;11:35:42.792;enp0s25;0;1778
793;11:35:43.799;enp0s25;0;268
794;11:35:44.806;enp0s25;0;64
795;11:35:45.813;enp0s25;0;0
796;11:35:47.783;enp0s25;0;0
797;11:35:48.798;enp0s25;0;476
798;11:35:49.805;enp0s25;0;0
799;11:35:50.812;enp0s25;64;128
800;11:35:51.819;enp0s25;0;0
801;11:35:52.826;enp0s25;0;64
802;11:35:53.833;enp0s25;0;0
803;11:35:54.843;enp0s25;0;64
804;11:35:55.850;enp0s25;0;0
805;11:35:56.863;enp0s25;0;64
806;11:35:58.006;enp0s25;0;0
807;11:35:59.021;enp0s25;0;64
808;11:36:00.035;enp0s25;0;0
809;11:36:01.051;enp0s25;64;128
810;11:36:02.059;enp0s25;0;0
811;11:36:03.111;enp0s25;0;64
812;11:36:04.129;enp0s25;0;0
813;11:36:05.138;enp0s25;0;64
814;11:36:06.145;enp0s25;0;0
815;11:36:07.152;enp0s25;0;64
816;11:36:08.215;enp0s25;0;0
817;11:36:09.227;enp0s25;0;64
818;11:36:10.233;enp0s25;0;0
819;11:36:11.240;enp0s25;0;332
820;11:36:12.252;enp0s25;64;64
821;11:36:13.261;enp0s25;0;64
822;11:36:14.275;enp0s25;0;0
823;11:36:15.282;enp0s25;0;64
824;11:36:16.289;enp0s25;0;412
825;11:36:17.300;enp0s25;0;64
826;11:36:18.357;enp0s25;0;64
827;11:36:19.366;enp0s25;0;0
828;11:36:20.379;enp0s25;0;64
829;11:36:21.394;enp0s25;0;0
830;11:36:22.403;enp0s25;0;64
831;11:36:23.524;enp0s25;64;64
832;11:36:24.542;enp0s25;0;64
833;11:36:25.558;enp0s25;0;0
834;11:36:26.571;enp0s25;0;64
835;11:36:27.582;enp0s25;0;0
836;11:36:28.599;enp0s25;0;64
837;11:36:29.610;enp0s25;0;0
838;11:36:30.623;enp0s25;0;64
839;11:36:31.637;enp0s25;0;0
840;11:36:32.652;enp0s25;0;64
841;11:36:33.777;enp0s25;0;0
842;11:36:34.795;enp0s25;64;128
843;11:36:35.809;enp0s25;0;0
844;11:36:36.819;enp0s25;0;64
845;11:36:37.836;enp0s25;0;0
846;11:36:38.851;enp0s25;0;556
847;11:36:39.867;enp0s25;0;0
848;11:36:40.879;enp0s25;0;64
849;11:36:41.892;enp0s25;0;0
850;11:36:42.899;enp0s25;0;64
851;11:36:43.912;enp0s25;0;0
852;11:36:44.920;enp0s25;0;64
853;11:36:45.928;enp0s25;64;64
854;11:36:46.936;enp0s25;0;2200
855;11:36:47.943;enp0s25;0;2980
856;11:36:48.951;enp0s25;0;1462
857;11:36:49.958;enp0s25;0;550
858;11:36:50.966;enp0s25;0;64
859;11:36:51.975;enp0s25;0;0
860;11:36:52.995;enp0s25;0;64
861;11:36:54.003;enp0s25;0;0
862;11:36:55.041;enp0s25;0;64
863;11:36:56.068;enp0s25;64;64
864;11:36:57.080;enp0s25;0;400
865;11:36:58.091;enp0s25;0;900
866;11:36:59.120;enp0s25;0;5886
867;11:37:00.127;enp0s25;0;4840
868;11:37:01.144;enp0s25;0;1374
869;11:37:02.153;enp0s25;0;394
870;11:37:03.160;enp0s25;0;1330
871;11:37:04.167;enp0s25;0;3342
872;11:37:05.173;enp0s25;0;1184
873;11:37:06.180;enp0s25;0;1150
874;11:37:07.196;enp0s25;64;514
875;11:37:08.211;enp0s25;0;0
876;11:37:09.224;enp0s25;0;2178
877;11:37:10.233;enp0s25;0;2754
878;11:37:11.250;enp0s25;0;1462
879;11:37:12.264;enp0s25;0;1948
880;11:37:13.278;enp0s25;0;458
881;11:37:14.325;enp0s25;0;64
882;11:37:15.335;enp0s25;0;0
883;11:37:16.350;enp0s25;0;64
884;11:37:17.365;enp0s25;0;0
885;11:37:18.378;enp0s25;64;128
886;11:37:19.388;enp0s25;0;0
887;11:37:20.403;enp0s25;0;64
888;11:37:21.416;enp0s25;0;0
889;11:37:22.426;enp0s25;0;64
890;11:37:23.442;enp0s25;0;0
891;11:37:24.452;enp0s25;0;64
892;11:37:25.460;enp0s25;0;0
893;11:37:26.469;enp0s25;0;64
894;11:37:27.481;enp0s25;0;0
895;11:37:28.495;enp0s25;0;64
896;11:37:29.510;enp0s25;64;64
897;11:37:30.520;enp0s25;0;64
898;11:37:31.533;enp0s25;0;0
899;11:37:32.547;enp0s25;0;64
900;11:37:33.564;enp0s25;0;0
901;11:37:34.577;enp0s25;0;64
902;11:37:35.585;enp0s25;0;0
903;11:37:36.593;enp0s25;0;64
904;11:37:37.602;enp0s25;0;0
905;11:37:38.611;enp0s25;0;64
906;11:37:39.720;enp0s25;0;0
907;11:37:40.740;enp0s25;64;128
908;11:37:41.754;enp0s25;0;0
909;11:37:42.769;enp0s25;0;64
910;11:37:43.780;enp0s25;0;0
911;11:37:44.792;enp0s25;0;64
912;11:37:45.807;enp0s25;0;0
913;11:37:46.819;enp0s25;0;64
914;11:37:47.830;enp0s25;0;0
915;11:37:48.838;enp0s25;0;64
916;11:37:49.959;enp0s25;0;0
917;11:37:50.968;enp0s25;0;64
918;11:37:51.982;enp0s25;64;64
919;11:37:52.995;enp0s25;0;64
920;11:37:54.004;enp0s25;0;0
921;11:37:55.020;enp0s25;0;64
922;11:37:56.034;enp0s25;0;0
923;11:37:57.045;enp0s25;0;64
924;11:37:58.062;enp0s25;0;0
925;11:37:59.077;enp0s25;0;64
926;11:38:00.092;enp0s25;0;0
927;11:38:01.104;enp0s25;0;64
928;11:38:02.117;enp0s25;64;64
929;11:38:03.133;enp0s25;0;64
930;11:38:04.147;enp0s25;0;0
931;11:38:05.158;enp0s25;0;64
932;11:38:06.174;enp0s25;0;0
933;11:38:07.183;enp0s25;0;64
934;11:38:08.190;enp0s25;0;0
935;11:38:09.212;enp0s25;0;64
936;11:38:10.219;enp0s25;0;0
937;11:38:11.226;enp0s25;0;64
938;11:38:12.237;enp0s25;0;0
939;11:38:13.252;enp0s25;64;128
940;11:38:14.259;enp0s25;0;0
941;11:38:15.282;enp0s25;0;178
942;11:38:16.290;enp0s25;0;0
943;11:38:17.305;enp0s25;0;64
944;11:38:18.323;enp0s25;0;64
945;11:38:19.337;enp0s25;0;0
946;11:38:20.349;enp0s25;0;64
947;11:38:21.362;enp0s25;0;0
948;11:38:22.376;enp0s25;0;64
949;11:38:23.390;enp0s25;0;0
950;11:38:24.399;enp0s25;64;128
951;11:38:25.409;enp0s25;0;0
952;11:38:26.421;enp0s25;0;64
953;11:38:27.438;enp0s25;0;0
954;11:38:28.446;enp0s25;0;64
955;11:38:29.459;enp0s25;0;0
956;11:38:30.468;enp0s25;0;1670
957;11:38:31.476;enp0s25;0;3362
958;11:38:32.485;enp0s25;164;1516
959;11:38:33.493;enp0s25;778;3999
960;11:38:34.501;enp0s25;1775;7078
961;11:38:35.512;enp0s25;23100;3875
962;11:38:36.520;enp0s25;11835;9244
963;11:38:37.531;enp0s25;0;2916
964;11:38:38.549;enp0s25;0;1856
965;11:38:39.574;enp0s25;0;568
966;11:38:40.582;enp0s25;0;1874
967;11:38:41.591;enp0s25;0;0
968;11:38:42.600;enp0s25;0;64
969;11:38:43.612;enp0s25;0;1714
970;11:38:44.623;enp0s25;0;64
971;11:38:45.633;enp0s25;1685;33503
972;11:38:46.642;enp0s25;64;128
973;11:38:47.652;enp0s25;0;0
974;11:38:48.660;enp0s25;0;64
975;11:38:49.670;enp0s25;0;412
976;11:38:50.685;enp0s25;0;64
977;11:38:51.693;enp0s25;0;0
978;11:38:52.702;enp0s25;0;64
979;11:38:53.710;enp0s25;0;0
980;11:38:54.727;enp0s25;0;178
981;11:38:55.736;enp0s25;107724;1611795
982;11:38:56.766;enp0s25;149927;2355927
983;11:38:57.779;enp0s25;151626;2574031
984;11:38:58.797;enp0s25;228873;3945000
985;11:38:59.825;enp0s25;188851;3919887
986;11:39:00.835;enp0s25;278740;5526688
987;11:39:01.849;enp0s25;176996;4996576
988;11:39:02.867;enp0s25;198658;5281570
989;11:39:03.914;enp0s25;114211;1307137
990;11:39:04.939;enp0s25;101363;1058967
991;11:39:05.949;enp0s25;153259;2558336
992;11:39:06.971;enp0s25;172230;3847934
993;11:39:07.995;enp0s25;95475;1007422
994;11:39:09.005;enp0s25;150989;2422041
995;11:39:10.016;enp0s25;90894;897085
996;11:39:11.026;enp0s25;101424;790248
997;11:39:12.035;enp0s25;133167;1969707
998;11:39:13.044;enp0s25;137283;2210234
999;11:39:14.056;enp0s25;112794;1243567
1000;11:39:15.089;enp0s25;138620;3650552
1001;11:39:16.122;enp0s25;156487;2564054
1002;11:39:17.162;enp0s25;144282;2871200
1003;11:39:18.171;enp0s25;128824;2926420
1004;11:39:19.192;enp0s25;143135;2096747
1005;11:39:20.221;enp0s25;123524;2000185
1006;11:39:21.232;enp0s25;119854;1431805
1007;11:39:22.242;enp0s25;143583;2427437
1008;11:39:23.259;enp0s25;108583;1882486
1009;11:39:24.267;enp0s25;153206;4190743
1010;11:39:25.322;enp0s25;78171;351157
1011;11:39:26.342;enp0s25;92837;1701489
1012;11:39:27.351;enp0s25;138706;2457452
1013;11:39:28.363;enp0s25;112908;1662130
1014;11:39:29.380;enp0s25;111749;1084762
1015;11:39:30.393;enp0s25;147611;3678740
1016;11:39:31.409;enp0s25;224134;5871820
1017;11:39:32.417;enp0s25;240301;6991861
1018;11:39:33.469;enp0s25;211098;7054315
1019;11:39:34.505;enp0s25;199425;6653800
1020;11:39:35.534;enp0s25;179199;5129863
1021;11:39:36.545;enp0s25;150119;3564130
1022;11:39:37.573;enp0s25;155958;3516067
1023;11:39:38.606;enp0s25;135931;2771260
1024;11:39:39.624;enp0s25;168210;3833628
1025;11:39:40.653;enp0s25;72932;1858414
1026;11:39:41.676;enp0s25;69479;3026609
1027;11:39:42.687;enp0s25;75363;3412633
1028;11:39:43.695;enp0s25;2112;97309
1029;11:39:44.714;enp0s25;1407;26528
1030;11:39:45.723;enp0s25;1870;26493
1031;11:39:46.750;enp0s25;17853;777783
1032;11:39:47.759;enp0s25;8787;486205
1033;11:39:48.787;enp0s25;30280;1345841
1034;11:39:49.807;enp0s25;36669;1362347
1035;11:39:50.817;enp0s25;45907;1713305
1036;11:39:51.826;enp0s25;41276;1672227
1037;11:39:52.834;enp0s25;43109;1716237
1038;11:39:53.893;enp0s25;55013;2468191
1039;11:39:54.950;enp0s25;96057;4320632
1040;11:39:55.969;enp0s25;83915;3856421
1041;11:39:56.992;enp0s25;46085;2506365
1042;11:39:58.008;enp0s25;107285;4893407
1043;11:39:59.017;enp0s25;59577;3060001
1044;11:40:00.039;enp0s25;48140;2143704
1045;11:40:01.046;enp0s25;38616;1580898
1046;11:40:02.065;enp0s25;23147;932419
1047;11:40:03.076;enp0s25;1920;1024
1048;11:40:04.091;enp0s25;64;64
1049;11:40:05.103;enp0s25;0;64
1050;11:40:06.111;enp0s25;0;2610
1051;11:40:07.122;enp0s25;0;2422
1052;11:40:08.133;enp0s25;0;760
1053;11:40:09.143;enp0s25;0;1214
1054;11:40:10.162;enp0s25;0;386
1055;11:40:11.185;enp0s25;0;1214
1056;11:40:12.553;enp0s25;0;1582
1057;11:40:13.563;enp0s25;0;3598
1058;11:40:14.597;enp0s25;64;2470
1059;11:40:15.632;enp0s25;0;0
1060;11:40:16.648;enp0s25;0;64
1061;11:40:17.681;enp0s25;0;0
1062;11:40:18.724;enp0s25;0;64
1063;11:40:19.734;enp0s25;0;0
1064;11:40:20.742;enp0s25;0;64
1065;11:40:21.765;enp0s25;0;0
1066;11:40:22.788;enp0s25;0;64
1067;11:40:23.797;enp0s25;0;0
1068;11:40:24.806;enp0s25;0;64
1069;11:40:25.814;enp0s25;64;64
1070;11:40:26.822;enp0s25;0;64
1071;11:40:27.832;enp0s25;0;0
1072;11:40:28.847;enp0s25;0;64
1073;11:40:29.862;enp0s25;0;0
1074;11:40:30.876;enp0s25;0;64
1075;11:40:31.888;enp0s25;0;0
1076;11:40:32.902;enp0s25;0;64
1077;11:40:33.913;enp0s25;0;0
1078;11:40:34.924;enp0s25;0;64
1079;11:40:35.936;enp0s25;4620;9958
1080;11:40:36.950;enp0s25;64;128
1081;11:40:37.962;enp0s25;0;0
1082;11:40:38.975;enp0s25;0;64
1083;11:40:39.984;enp0s25;0;0
