ID; Time; CPU %; MEM %; MEM KiB
1;09:28:30.949;4.6;13.771945;2774328
2;09:28:31.127;21.7;13.849564;2790184
3;09:28:31.295;22.4;13.912906;2802920
4;09:28:31.464;7.8;13.923112;2804748
5;09:28:31.632;19.0;13.980279;2816264
6;09:28:31.800;3.0;13.986772;2817132
7;09:28:31.970;14.1;14.074319;2835996
8;09:28:32.140;20.6;14.079303;2836444
9;09:28:32.312;9.4;14.083831;2836904
10;09:28:32.482;4.7;14.082103;2836816
11;09:28:32.652;3.0;14.083970;2837152
12;09:28:32.821;4.4;14.085220;2837656
13;09:28:32.994;3.1;14.084545;2837268
14;09:28:33.164;15.6;14.018622;2823768
15;09:28:33.336;16.4;14.030417;2826364
16;09:28:33.504;1.6;14.031668;2826616
17;09:28:33.673;3.0;14.033395;2827224
18;09:28:33.847;5.8;14.034626;2826992
19;09:28:34.022;4.6;14.031906;2826948
20;09:28:34.197;2.9;14.034328;2826932
21;09:28:34.373;4.7;14.034169;2827492
22;09:28:34.546;4.8;14.036552;2827600
23;09:28:34.718;3.1;14.034666;2827220
24;09:28:34.887;15.4;14.022256;2825412
25;09:28:35.055;21.2;14.094335;2838800
26;09:28:35.224;3.0;14.092965;2839192
27;09:28:35.394;4.5;14.092766;2838924
28;09:28:35.563;1.5;14.092766;2838924
29;09:28:35.732;4.5;14.092766;2838924
30;09:28:35.904;0.0;14.094493;2839052
31;09:28:36.073;1.6;14.092766;2838704
32;09:28:36.241;0.0;14.091515;2838672
33;09:28:36.410;1.6;14.091515;2838672
34;09:28:36.579;1.6;14.093937;2838940
35;09:28:36.747;1.6;14.092806;2838932
36;09:28:36.916;0.0;14.094315;2839016
37;09:28:37.085;3.1;14.093600;2838872
38;09:28:37.254;3.1;14.092111;2838792
39;09:28:37.429;3.0;14.097432;2839864
40;09:28:37.604;4.5;14.098405;2840060
41;09:28:37.781;6.1;14.097154;2839808
42;09:28:37.958;8.8;14.096062;2840092
43;09:28:38.134;1.6;14.099875;2840136
44;09:28:38.305;1.4;14.101304;2840644
45;09:28:38.480;3.2;14.099855;2840352
46;09:28:38.653;4.7;14.098882;2840156
47;09:28:38.825;3.0;14.097948;2839748
48;09:28:38.997;3.0;14.103469;2841080
49;09:28:39.175;4.5;14.113615;2842904
50;09:28:39.351;4.6;14.106884;2841772
51;09:28:39.527;6.1;14.096757;2839508
52;09:28:39.700;2.9;14.095387;2839452
53;09:28:39.873;6.8;14.100550;2840492
54;09:28:40.048;4.6;14.108651;2842124
55;09:28:40.224;4.6;14.120486;2844956
56;09:28:40.394;7.4;14.114985;2843400
57;09:28:40.569;12.0;14.116832;2843772
58;09:28:40.741;8.5;14.127594;2845940
59;09:28:40.912;16.4;14.137741;2847984
60;09:28:41.082;18.1;14.137145;2847864
61;09:28:41.253;16.9;14.146795;2849808
62;09:28:41.425;11.8;14.157200;2852156
63;09:28:41.596;13.0;14.161509;2852772
64;09:28:41.769;9.4;14.171358;2854756
65;09:28:41.940;4.6;14.180631;2856624
66;09:28:42.113;8.6;14.178367;2856168
67;09:28:42.286;7.9;14.186429;2858020
68;09:28:42.457;1.5;14.187720;2858052
69;09:28:42.630;4.2;14.199236;2860372
70;09:28:42.807;4.6;14.208807;2862300
71;09:28:42.979;6.8;14.209999;2862540
72;09:28:43.150;0.0;14.210316;2862384
73;09:28:43.322;2.0;14.219907;2864536
74;09:28:43.493;4.7;14.214586;2863684
75;09:28:43.669;0.0;14.228326;2866232
76;09:28:43.842;0.0;14.238334;2868692
77;09:28:44.014;3.8;14.239843;2868332
78;09:28:44.185;3.2;14.249176;2870700
79;09:28:44.363;3.0;14.258667;2872344
80;09:28:44.540;3.2;14.260494;2872492
81;09:28:44.709;1.9;14.259600;2872880
82;09:28:44.880;1.9;14.271355;2874900
83;09:28:45.052;1.9;14.282078;2877060
84;09:28:45.221;5.0;14.284242;2877496
85;09:28:45.396;4.7;14.293217;2879564
86;09:28:45.570;3.2;14.298936;2880236
87;09:28:45.740;5.0;14.299512;2880572
88;09:28:45.910;3.8;14.301994;2881072
89;09:28:46.081;0.0;14.310413;2882992
90;09:28:46.253;1.8;14.320282;2884756
91;09:28:46.426;1.7;14.321552;2884824
92;09:28:46.597;4.6;14.331381;2886992
93;09:28:46.775;3.2;14.331620;2887292
94;09:28:46.947;1.6;14.344368;2889672
95;09:28:47.117;6.2;14.339920;2888872
96;09:28:47.295;0.0;14.353541;2891456
97;09:28:47.465;3.2;14.349590;2890660
98;09:28:47.637;1.6;14.367024;2894172
99;09:28:47.815;3.1;14.373954;2895568
100;09:28:47.988;6.1;14.379752;2896736
101;09:28:48.163;1.6;14.378044;2896264
102;09:28:48.338;3.2;14.384299;2897652
103;09:28:48.509;1.6;14.382234;2897276
104;09:28:48.680;3.2;14.396670;2899924
105;09:28:48.850;3.1;14.399926;2901212
106;09:28:49.023;6.0;14.405883;2902000
107;09:28:49.199;3.0;14.418035;2904228
108;09:28:49.369;1.7;14.415533;2904172
109;09:28:49.540;3.0;14.426315;2906116
110;09:28:49.712;0.0;14.431299;2907120
111;09:28:49.883;4.7;14.435052;2907876
112;09:28:50.054;4.5;14.439162;2908704
113;09:28:50.230;2.9;14.436343;2908136
114;09:28:50.407;1.6;14.435171;2907900
115;09:28:50.583;1.6;14.436859;2908280
116;09:28:50.759;1.6;14.436561;2908180
117;09:28:50.933;4.7;14.434020;2907668
118;09:28:51.106;4.6;14.437872;2908444
119;09:28:51.276;1.5;14.435171;2907900
120;09:28:51.453;3.1;14.434734;2907812
121;09:28:51.628;4.5;14.442141;2909304
122;09:28:51.799;3.1;14.444484;2909776
123;09:28:51.973;4.5;14.446986;2910280
124;09:28:52.149;4.7;14.443670;2909856
125;09:28:52.322;4.5;14.446847;2910072
126;09:28:52.500;1.6;14.447204;2910552
127;09:28:52.675;2.9;14.446231;2910128
128;09:28:52.852;2.9;14.444603;2909848
129;09:28:53.025;3.1;14.444246;2909996
130;09:28:53.199;0.0;14.446867;2910256
131;09:28:53.372;7.2;14.458284;2912556
132;09:28:53.544;6.9;14.454154;2911948
133;09:28:53.714;4.1;14.470059;2914928
134;09:28:53.887;4.5;14.468054;2914548
135;09:28:54.059;4.5;14.475103;2915944
136;09:28:54.229;3.0;14.535824;2928200
137;09:28:54.397;1.6;14.557448;2932532
138;09:28:54.566;1.6;14.557487;2932320
139;09:28:54.734;3.1;14.557626;2932568
140;09:28:54.904;3.2;14.576391;2936128
141;09:28:55.073;1.6;14.679783;2956956
142;09:28:55.244;1.6;14.677659;2956788
143;09:28:55.413;0.0;14.690645;2959364
144;09:28:55.582;1.6;14.700375;2960996
145;09:28:55.752;1.6;14.821777;2985560
146;09:28:55.921;1.6;14.943736;3010348
147;09:28:56.090;4.5;15.081520;3038104
148;09:28:56.259;1.6;15.273889;3076856
149;09:28:56.427;5.6;15.313980;3084856
150;09:28:56.597;1.5;15.313225;3085024
151;09:28:56.765;3.1;15.449421;3112700
152;09:28:56.935;2.9;15.452717;3112880
153;09:28:57.105;4.6;15.452240;3112784
154;09:28:57.274;1.5;15.615203;3145612
155;09:28:57.443;1.5;15.781481;3179108
156;09:28:57.612;7.4;15.876435;3198216
157;09:28:57.782;1.5;15.966007;3216776
158;09:28:57.954;3.1;15.965928;3216516
159;09:28:58.124;1.6;15.970118;3216888
160;09:28:58.293;3.1;15.964955;3216068
161;09:28:58.462;1.6;15.964458;3216056
162;09:28:58.631;1.6;15.965173;3216364
163;09:28:58.801;3.2;15.987333;3220356
164;09:28:58.970;1.6;16.139215;3251520
165;09:28:59.139;3.0;16.232025;3269648
166;09:28:59.308;3.0;16.265106;3275876
167;09:28:59.478;1.5;16.261968;3275900
168;09:28:59.648;3.1;16.261988;3276440
169;09:28:59.817;1.6;16.264331;3276408
170;09:28:59.986;3.1;16.347371;3293104
171;09:29:00.155;4.5;16.417127;3306852
172;09:29:00.324;1.6;16.415181;3307008
173;09:29:00.494;0.0;16.416293;3307208
174;09:29:00.663;0.0;16.421297;3307996
175;09:29:00.833;1.6;16.417584;3307516
176;09:29:01.002;3.1;16.418398;3307656
177;09:29:01.171;4.5;16.416750;3307080
178;09:29:01.340;1.6;16.417723;3307536
179;09:29:01.509;1.6;16.419728;3307924
180;09:29:01.678;1.5;16.429378;3309624
181;09:29:01.847;0.0;16.426320;3309252
182;09:29:02.017;1.6;16.436010;3311464
183;09:29:02.188;3.0;16.446892;3313192
184;09:29:02.357;1.6;16.447090;3313436
185;09:29:02.526;1.5;16.460851;3315964
186;09:29:02.695;3.0;16.468555;3317516
187;09:29:02.864;1.5;16.480509;3320168
188;09:29:03.033;3.2;16.540714;3331724
189;09:29:03.202;3.1;16.589362;3341852
190;09:29:03.372;1.5;16.590911;3342424
191;09:29:03.541;1.6;16.590951;3342424
192;09:29:03.710;1.5;16.594227;3342832
193;09:29:03.880;1.6;16.610529;3346116
194;09:29:04.049;3.1;16.609497;3346152
195;09:29:04.219;6.1;16.609914;3345908
196;09:29:04.388;3.1;16.610251;3346060
197;09:29:04.557;1.6;16.623078;3348424
198;09:29:04.726;3.0;16.620557;3348136
199;09:29:04.895;3.1;16.633781;3350800
200;09:29:05.064;1.6;16.633245;3350692
201;09:29:05.233;1.5;16.643233;3352704
202;09:29:05.403;1.5;16.642875;3352892
203;09:29:05.573;1.6;16.656120;3355544
204;09:29:05.742;3.1;16.665254;3357140
205;09:29:05.911;1.5;16.666207;3357112
206;09:29:06.080;3.1;16.757805;3375784
207;09:29:06.249;1.6;16.759532;3375912
208;09:29:06.419;1.6;16.755958;3375924
209;09:29:06.588;1.6;16.768348;3377688
210;09:29:06.758;3.0;16.768170;3377952
211;09:29:06.928;0.0;16.777482;3380000
212;09:29:07.097;3.1;16.808637;3386024
213;09:29:07.268;3.2;16.816322;3387816
214;09:29:07.437;3.2;16.817017;3387712
215;09:29:07.605;4.5;16.815031;3387840
216;09:29:07.775;1.6;16.816401;3387368
217;09:29:07.945;1.6;16.817473;3387584
218;09:29:08.114;0.0;16.818665;3388080
219;09:29:08.285;3.0;16.818963;3387816
220;09:29:08.454;1.5;16.820750;3388464
221;09:29:08.624;3.1;16.817930;3388408
222;09:29:08.792;1.5;16.820531;3388420
223;09:29:08.961;1.5;16.821465;3388852
224;09:29:09.130;1.5;16.824125;3388924
225;09:29:09.298;1.5;16.821206;3388556
226;09:29:09.469;3.0;16.829963;3390320
227;09:29:09.638;1.6;16.842155;3392776
228;09:29:09.807;1.6;16.862488;3396872
229;09:29:09.977;1.5;16.871562;3398700
230;09:29:10.146;3.0;16.881391;3400116
231;09:29:10.317;2.8;16.890684;3402552
232;09:29:10.487;0.0;16.909052;3406544
233;09:29:10.656;1.6;16.921283;3408496
234;09:29:10.825;3.0;17.096636;3444040
235;09:29:10.995;1.5;17.303699;3485752
236;09:29:11.163;1.6;17.302627;3485536
237;09:29:11.332;1.5;17.301575;3485568
238;09:29:11.501;0.0;17.301694;3485348
239;09:29:11.670;3.0;17.301932;3485396
240;09:29:11.839;1.5;17.303421;3485696
241;09:29:12.009;4.7;17.303302;3485672
242;09:29:12.177;1.6;17.302687;3485328
243;09:29:12.346;3.1;17.332868;3491628
244;09:29:12.515;1.5;17.332789;3491612
245;09:29:12.684;3.0;17.332749;3491384
246;09:29:12.853;1.5;17.331379;3491108
247;09:29:13.022;1.6;17.331339;3491100
248;09:29:13.191;1.6;17.332849;3491404
249;09:29:13.361;1.5;17.329910;3491552
250;09:29:13.530;3.0;17.332650;3491584
251;09:29:13.699;1.6;17.332670;3491368
252;09:29:13.868;1.6;17.331538;3491360
253;09:29:14.037;3.1;17.332868;3491628
254;09:29:14.206;1.6;17.334000;3491856
255;09:29:14.375;1.6;17.333683;3491792
256;09:29:14.545;11.3;17.263927;3478108
257;09:29:14.714;16.9;17.337912;3492644
258;09:29:14.883;1.6;17.339381;3492940
259;09:29:15.053;0.0;17.339103;3492884
260;09:29:15.222;3.1;17.341347;3493116
261;09:29:15.391;3.0;17.340751;3492996
262;09:29:15.559;3.1;17.339858;3493036
263;09:29:15.728;1.6;17.339342;3492932
264;09:29:15.896;1.5;17.337694;3492852
265;09:29:16.070;4.5;17.338964;3493084
266;09:29:16.240;3.2;17.340553;3493176
267;09:29:16.410;1.7;17.343928;3493856
268;09:29:16.586;3.2;17.345537;3494180
269;09:29:16.758;1.6;17.349012;3494944
270;09:29:16.934;4.3;17.348198;3494496
271;09:29:17.112;3.1;17.345735;3494220
272;09:29:17.281;3.2;17.347900;3494436
273;09:29:17.450;3.1;17.347205;3494784
274;09:29:17.621;0.0;17.346073;3494288
275;09:29:17.790;1.6;17.346232;3494100
276;09:29:17.958;3.1;17.344504;3493972
277;09:29:18.132;3.1;17.343412;3493752
278;09:29:18.300;1.6;17.344941;3493840
279;09:29:18.474;3.1;17.342161;3493500
280;09:29:18.643;0.0;17.343412;3493996
281;09:29:18.812;0.0;17.345954;3494264
282;09:29:18.981;3.2;17.344782;3494028
283;09:29:19.150;3.2;17.345457;3494164
284;09:29:19.319;3.2;17.346708;3494464
285;09:29:19.488;0.0;17.346013;3494276
286;09:29:19.656;4.5;17.345338;3494140
287;09:29:19.825;3.1;17.345974;3494048
288;09:29:19.995;1.6;17.344901;3494276
289;09:29:20.165;3.1;17.345537;3494180
290;09:29:20.334;3.1;17.346152;3494304
291;09:29:20.503;1.6;17.345954;3494264
292;09:29:20.672;1.6;17.344385;3493948
293;09:29:20.841;1.6;17.344901;3494052
294;09:29:21.011;1.5;17.344862;3494044
295;09:29:21.179;0.0;17.344901;3494052
296;09:29:21.349;0.0;17.345259;3494124
297;09:29:21.517;6.2;17.250265;3475452
298;09:29:21.686;1.6;17.257652;3476476
299;09:29:21.857;1.6;17.260353;3476800
300;09:29:22.025;3.1;17.259499;3476848
301;09:29:22.195;2.9;17.260452;3477308
302;09:29:22.364;1.6;17.259479;3476844
303;09:29:22.532;1.6;17.259578;3477084
304;09:29:22.701;1.6;17.259578;3476864
305;09:29:22.870;0.0;17.257910;3476836
306;09:29:23.039;3.1;17.257493;3476760
307;09:29:23.210;0.0;17.259757;3476900
308;09:29:23.381;6.2;17.258784;3476704
309;09:29:23.551;3.0;17.259519;3476852
310;09:29:23.721;1.5;17.260571;3477316
311;09:29:23.896;1.5;17.265912;3478164
312;09:29:24.075;4.6;17.265098;3477976
313;09:29:24.251;4.7;17.265555;3478068
314;09:29:24.424;1.6;17.265198;3477996
315;09:29:24.595;6.1;17.264562;3477868
316;09:29:24.769;3.1;17.264562;3478104
317;09:29:24.938;3.2;17.267084;3478376
318;09:29:25.108;4.7;17.267282;3478388
319;09:29:25.278;4.4;17.266508;3478324
320;09:29:25.456;3.0;17.266151;3477968
321;09:29:25.631;3.1;17.265138;3477984
322;09:29:25.805;4.6;17.263351;3477404
323;09:29:25.976;1.6;17.263827;3477500
324;09:29:26.148;3.1;17.261921;3477396
325;09:29:26.321;1.6;17.265158;3477768
326;09:29:26.497;1.5;17.266012;3477972
327;09:29:26.672;3.2;17.258665;3477064
328;09:29:26.843;0.0;17.259558;3477112
329;09:29:27.017;3.0;17.261782;3477592
330;09:29:27.186;4.3;17.262179;3477168
331;09:29:27.355;4.7;17.265078;3477972
332;09:29:27.525;3.1;17.263827;3477280
333;09:29:27.694;0.0;17.261762;3477304
334;09:29:27.865;4.5;17.262001;3477352
335;09:29:28.037;1.6;17.263629;3477680
336;09:29:28.211;2.9;17.262755;3477504
337;09:29:28.388;4.5;17.262636;3477480
338;09:29:28.566;1.5;17.261663;3477284
339;09:29:28.743;1.5;17.262795;3477780
340;09:29:28.911;0.0;17.263728;3477700
341;09:29:29.091;3.0;17.260154;3476980
342;09:29:29.267;3.0;17.258109;3476568
343;09:29:29.441;3.1;17.261742;3477300
344;09:29:29.614;3.0;17.263113;3477576
345;09:29:29.792;3.1;17.264364;3477828
346;09:29:29.968;1.6;17.264403;3477836
347;09:29:30.141;1.5;17.262338;3477688
348;09:29:30.310;1.6;17.263152;3477364
349;09:29:30.479;1.5;17.259598;3477112
350;09:29:30.654;4.5;17.264284;3477812
351;09:29:30.831;3.1;17.263649;3477684
352;09:29:31.001;0.0;17.262954;3477544
353;09:29:31.171;0.0;17.261901;3477112
354;09:29:31.341;1.6;17.263291;3477392
355;09:29:31.511;1.5;17.259955;3476940
356;09:29:31.681;1.5;17.259955;3476940
357;09:29:31.850;3.0;17.260154;3476980
358;09:29:32.020;4.5;17.259836;3476696
359;09:29:32.189;1.6;17.259777;3476904
360;09:29:32.359;1.6;17.271234;3479212
361;09:29:32.529;0.0;17.271194;3479504
362;09:29:32.698;1.6;17.271472;3479260
363;09:29:32.867;0.0;17.272485;3479244
364;09:29:33.036;1.6;17.271591;3479284
365;09:29:33.205;3.2;17.271254;3479216
366;09:29:33.375;1.6;17.270320;3479028
367;09:29:33.544;3.2;17.271035;3478932
368;09:29:33.714;1.6;17.271234;3479472
369;09:29:33.883;1.6;17.292123;3483656
370;09:29:34.052;3.1;17.312257;3487256
371;09:29:34.222;3.1;17.361164;3497328
372;09:29:34.392;1.6;17.364758;3498052
373;09:29:34.562;3.1;17.383344;3502208
374;09:29:34.731;3.1;17.425658;3510320
375;09:29:34.900;3.1;17.434931;3512188
376;09:29:35.068;3.1;17.455065;3516244
377;09:29:35.237;1.5;17.453854;3516260
378;09:29:35.406;3.2;17.476113;3520484
379;09:29:35.575;1.6;17.476570;3520356
380;09:29:35.744;3.1;17.474425;3520144
381;09:29:35.913;0.0;17.478496;3520964
382;09:29:36.082;0.0;17.477086;3520680
383;09:29:36.251;1.6;17.476768;3520396
384;09:29:36.420;3.1;17.476232;3520508
385;09:29:36.589;3.0;17.486081;3522492
386;09:29:36.758;4.5;17.494480;3524184
387;09:29:36.928;3.2;17.504488;3526460
388;09:29:37.097;3.0;17.525993;3530532
389;09:29:37.266;1.6;17.524623;3530296
390;09:29:37.436;4.6;17.537450;3533124
391;09:29:37.605;1.6;17.560047;3537172
392;09:29:37.773;3.2;17.564137;3538252
393;09:29:37.942;4.7;17.562191;3538084
394;09:29:38.111;1.6;17.563819;3537932
395;09:29:38.280;1.6;17.560225;3537468
396;09:29:38.449;0.0;17.561556;3537476
397;09:29:38.619;1.6;17.560781;3537540
398;09:29:38.788;1.6;17.559868;3537356
399;09:29:38.957;0.0;17.561695;3537724
400;09:29:39.125;3.1;17.561536;3537692
401;09:29:39.294;1.5;17.560722;3537528
402;09:29:39.462;1.6;17.561436;3537448
403;09:29:39.631;1.6;17.560245;3537212
404;09:29:39.801;3.1;17.558120;3537004
405;09:29:39.969;1.6;17.559411;3537044
406;09:29:40.138;1.5;17.559173;3537216
407;09:29:40.307;1.5;17.560861;3537556
408;09:29:40.476;3.1;17.561218;3537628
409;09:29:40.645;3.1;17.560622;3537508
410;09:29:40.814;3.1;17.599958;3545212
411;09:29:40.983;1.5;17.689690;3563508
412;09:29:41.153;3.1;17.692052;3563976
413;09:29:41.327;1.6;17.691536;3563660
414;09:29:41.497;4.3;17.693045;3564452
415;09:29:41.668;4.3;17.691377;3563848
416;09:29:41.839;7.6;17.695309;3564312
417;09:29:42.010;8.8;17.688280;3563468
418;09:29:42.180;7.1;17.693780;3564336
419;09:29:42.351;8.3;17.689968;3563564
420;09:29:42.523;5.9;17.695805;3564520
421;09:29:42.700;9.1;17.692807;3564364
422;09:29:42.871;2.8;17.701564;3565900
423;09:29:43.048;1.6;17.697731;3565128
424;09:29:43.217;5.6;17.702398;3566108
425;09:29:43.394;5.8;17.696282;3564616
426;09:29:43.569;1.6;17.692033;3563756
427;09:29:43.741;4.7;17.690702;3563996
428;09:29:43.912;4.7;17.687942;3563156
429;09:29:44.083;3.2;17.686096;3562784
430;09:29:44.255;3.0;17.695150;3564608
431;09:29:44.431;7.5;17.690265;3563868
432;09:29:44.605;7.2;17.688379;3563472
433;09:29:44.776;2.9;17.698327;3565248
434;09:29:44.948;4.5;17.706627;3567140
435;09:29:45.120;4.5;17.711095;3567820
436;09:29:45.298;1.6;17.715642;3568784
437;09:29:45.470;6.1;17.724518;3570524
438;09:29:45.644;6.5;17.720944;3570048
439;09:29:45.815;7.2;17.731746;3572036
440;09:29:45.987;7.7;17.728549;3571336
441;09:29:46.156;9.2;17.739192;3573480
442;09:29:46.327;8.8;17.741396;3573704
443;09:29:46.500;10.4;17.752158;3576092
444;09:29:46.673;6.1;17.754541;3576620
445;09:29:46.847;4.9;17.753151;3576292
446;09:29:47.016;1.8;17.753429;3576348
447;09:29:47.188;0.0;17.751701;3576000
448;09:29:47.360;7.9;17.752337;3576128
449;09:29:47.530;3.5;17.756387;3576784
450;09:29:47.702;3.5;17.750331;3575724
451;09:29:47.873;3.3;17.755117;3576964
452;09:29:48.047;3.3;17.754700;3576604
453;09:29:48.219;3.2;17.758075;3577284
454;09:29:48.396;6.3;17.752972;3576036
455;09:29:48.568;2.0;17.753091;3576280
456;09:29:48.740;1.9;17.750768;3575812
457;09:29:48.911;3.8;17.751721;3576004
458;09:29:49.083;2.0;17.751364;3575932
459;09:29:49.254;3.6;17.751046;3575868
460;09:29:49.424;3.6;17.750808;3576048
461;09:29:49.596;3.7;17.755434;3576752
462;09:29:49.767;1.9;17.751681;3575996
463;09:29:49.939;1.9;17.751364;3576184
464;09:29:50.110;3.8;17.754183;3576752
465;09:29:50.280;1.8;17.751979;3576348
466;09:29:50.451;1.9;17.754799;3576184
467;09:29:50.623;1.8;17.752178;3576096
468;09:29:50.794;1.9;17.750411;3575740
469;09:29:50.965;1.8;17.751304;3576016
470;09:29:51.138;0.0;17.753588;3576380
471;09:29:51.310;3.3;17.751006;3575860
472;09:29:51.482;1.7;17.748147;3575300
473;09:29:51.654;4.7;17.748822;3575680
474;09:29:51.828;6.5;17.751642;3575988
475;09:29:51.998;3.2;17.753707;3576824
476;09:29:52.169;1.7;17.754223;3576288
477;09:29:52.340;1.6;17.752019;3576284
478;09:29:52.512;1.7;17.753012;3576044
479;09:29:52.685;1.6;17.752615;3576132
480;09:29:52.857;0.0;17.752476;3576156
481;09:29:53.028;3.1;17.751622;3575984
482;09:29:53.200;1.7;17.751761;3576012
483;09:29:53.370;3.3;17.753647;3576392
484;09:29:53.542;3.2;17.754263;3576516
485;09:29:53.714;4.6;17.754978;3576660
486;09:29:53.885;1.6;17.753886;3576440
487;09:29:54.056;3.2;17.754640;3576372
488;09:29:54.227;1.5;17.754223;3576508
489;09:29:54.399;1.5;17.755137;3576692
490;09:29:54.571;4.6;17.755077;3576460
491;09:29:54.742;3.0;17.752178;3576096
492;09:29:54.914;1.5;17.753290;3576320
493;09:29:55.085;3.0;17.748504;3575356
494;09:29:55.256;0.0;17.752813;3576224
495;09:29:55.426;2.9;17.750391;3575736
496;09:29:55.597;4.3;17.757301;3576908
497;09:29:55.773;2.9;17.753747;3576644
498;09:29:55.945;3.0;17.753290;3576320
499;09:29:56.118;1.4;17.756109;3576888
500;09:29:56.290;4.2;17.754739;3576392
501;09:29:56.461;4.2;17.752654;3576192
502;09:29:56.631;3.1;17.758532;3577376
503;09:29:56.808;5.7;17.752098;3576088
504;09:29:56.979;2.8;17.756606;3576988
505;09:29:57.150;4.4;17.755474;3576432
506;09:29:57.319;1.6;17.750609;3575780
507;09:29:57.489;3.2;17.754521;3576568
508;09:29:57.659;4.6;17.752654;3576192
509;09:29:57.829;8.1;17.755613;3577048
510;09:29:58.003;7.7;17.756010;3576868
511;09:29:58.172;5.8;17.755554;3577296
512;09:29:58.345;5.8;17.754640;3576592
513;09:29:58.515;2.9;17.754581;3576580
514;09:29:58.688;1.5;17.754461;3576556
515;09:29:58.859;1.5;17.754144;3576912
516;09:29:59.030;0.0;17.756129;3576892
517;09:29:59.200;4.3;17.755514;3576992
518;09:29:59.370;1.5;17.752357;3576392
519;09:29:59.542;4.5;17.749994;3575656
520;09:29:59.715;4.3;17.753786;3576420
521;09:29:59.885;4.3;17.756606;3576544
522;09:30:00.057;3.0;17.755415;3576528
523;09:30:00.228;1.5;17.751940;3576296
524;09:30:00.399;5.9;17.755276;3576500
525;09:30:00.569;8.2;17.758254;3577556
526;09:30:00.743;9.7;17.756010;3576868
527;09:30:00.914;4.2;17.753091;3576300
528;09:30:01.085;10.8;17.755216;3576708
529;09:30:01.256;12.8;17.755613;3576788
530;09:30:01.428;15.1;17.757341;3577508
531;09:30:01.599;14.5;17.755395;3576744
532;09:30:01.770;14.3;17.754640;3576592
533;09:30:01.941;6.0;17.755931;3576852
534;09:30:02.116;8.7;17.756983;3577080
535;09:30:02.288;10.4;17.753528;3576368
536;09:30:02.459;10.7;17.755851;3576836
537;09:30:02.630;10.3;17.756924;3577052
538;09:30:02.802;1.6;17.755256;3576716
539;09:30:02.973;4.9;17.755156;3576472
540;09:30:03.144;1.7;17.754779;3576620
541;09:30:03.316;3.3;17.755474;3576760
542;09:30:03.488;1.9;17.753171;3576296
543;09:30:03.657;4.0;17.755057;3576676
544;09:30:03.828;2.0;17.755077;3576460
545;09:30:03.999;3.2;17.757658;3577240
546;09:30:04.176;5.7;17.754124;3576696
547;09:30:04.347;3.9;17.754124;3576268
548;09:30:04.518;1.9;17.753191;3576300
549;09:30:04.689;1.7;17.761093;3577892
550;09:30:04.868;4.8;17.756646;3576996
551;09:30:05.038;3.8;17.755970;3576640
552;09:30:05.209;0.0;17.759644;3577380
553;09:30:05.379;3.7;17.757758;3577428
554;09:30:05.549;2.0;17.755573;3576796
555;09:30:05.719;3.6;17.752337;3576128
556;09:30:05.890;1.9;17.757182;3576884
557;09:30:06.062;5.5;17.756407;3576948
558;09:30:06.234;0.0;17.756129;3576672
559;09:30:06.405;3.6;17.754382;3576540
560;09:30:06.575;0.0;17.753707;3576436
561;09:30:06.747;0.0;17.754998;3576444
562;09:30:06.919;1.8;17.752297;3576120
563;09:30:07.090;3.4;17.750252;3575708
564;09:30:07.260;3.6;17.752595;3576180
565;09:30:07.432;3.4;17.754779;3576620
566;09:30:07.603;1.7;17.756467;3576740
567;09:30:07.775;3.3;17.757241;3577348
568;09:30:07.946;1.6;17.759962;3577664
569;09:30:08.116;1.7;17.759426;3577556
570;09:30:08.288;1.6;17.755315;3576580
571;09:30:08.461;4.8;17.754938;3576652
572;09:30:08.633;3.2;17.756030;3576872
573;09:30:08.804;0.0;17.753429;3576568
574;09:30:08.975;3.3;17.754005;3576464
575;09:30:09.146;1.6;17.755137;3576692
576;09:30:09.316;3.1;17.753568;3576376
577;09:30:09.488;1.5;17.754362;3576536
578;09:30:09.657;1.7;17.755395;3576520
579;09:30:09.828;1.6;17.753647;3576392
580;09:30:09.999;0.0;17.756884;3577044
581;09:30:10.176;4.8;17.761232;3577920
582;09:30:10.348;1.6;17.755315;3576728
583;09:30:10.520;0.0;17.757480;3577164
584;09:30:10.691;3.1;17.755315;3577220
585;09:30:10.864;1.5;17.757837;3577236
586;09:30:11.035;3.1;17.758254;3577320
587;09:30:11.207;3.1;17.756109;3576888
588;09:30:11.377;3.0;17.757261;3577404
589;09:30:11.546;3.0;17.756586;3576984
590;09:30:11.718;4.5;17.757499;3577168
591;09:30:11.889;1.5;17.758552;3577380
592;09:30:12.065;6.2;17.755176;3576700
593;09:30:12.235;3.0;17.755355;3576736
594;09:30:12.408;3.2;17.755156;3576696
595;09:30:12.578;4.3;17.754164;3576564
596;09:30:12.751;11.9;17.750649;3575564
597;09:30:12.921;4.4;17.753091;3576532
598;09:30:13.092;5.6;17.757122;3577092
599;09:30:13.264;2.9;17.758254;3577100
600;09:30:13.435;6.9;17.757658;3577200
601;09:30:13.607;6.9;17.757738;3577216
602;09:30:13.778;14.1;17.768063;3579524
603;09:30:13.954;4.2;17.768679;3579200
604;09:30:14.125;4.3;17.769969;3579460
605;09:30:14.297;0.0;17.772332;3580212
606;09:30:14.468;4.5;17.772968;3580376
607;09:30:14.639;3.0;17.770922;3579652
608;09:30:14.811;3.0;17.768996;3579484
609;09:30:14.982;1.5;17.770287;3579744
610;09:30:15.153;1.5;17.767904;3579044
611;09:30:15.326;4.4;17.767944;3579620
612;09:30:15.497;3.0;17.771677;3579576
613;09:30:15.669;1.5;17.770962;3579660
614;09:30:15.840;3.0;17.770446;3579776
615;09:30:16.010;5.6;17.769155;3579516
616;09:30:16.181;3.0;17.767587;3579616
617;09:30:16.351;2.9;17.768758;3579436
618;09:30:16.520;1.5;17.773424;3580376
619;09:30:16.692;8.3;17.771776;3580044
620;09:30:16.863;9.5;17.771459;3579980
621;09:30:17.035;6.8;17.770128;3579712
622;09:30:17.207;6.4;17.773206;3580264
623;09:30:17.378;6.8;17.774516;3580596
624;09:30:17.549;13.5;17.771498;3580124
625;09:30:17.720;16.9;17.774358;3580564
626;09:30:17.892;16.9;17.773226;3580100
627;09:30:18.062;17.1;17.770704;3580232
628;09:30:18.232;11.4;17.773543;3580424
629;09:30:18.404;9.9;17.771320;3579952
630;09:30:18.574;7.2;17.770625;3579592
631;09:30:18.746;4.5;17.770863;3579860
632;09:30:18.921;3.2;17.771955;3580324
633;09:30:19.091;4.4;17.773186;3580328
634;09:30:19.262;1.7;17.771439;3579976
635;09:30:19.434;1.8;17.771439;3580396
636;09:30:19.604;1.8;17.772630;3580216
637;09:30:19.775;3.3;17.771101;3580368
638;09:30:19.947;2.0;17.770704;3579828
639;09:30:20.118;1.9;17.772273;3579924
640;09:30:20.289;1.9;17.771756;3580040
641;09:30:20.461;1.9;17.777098;3580896
642;09:30:20.632;3.8;17.774457;3580584
643;09:30:20.803;3.9;17.773960;3580484
644;09:30:20.973;2.0;17.773464;3580692
645;09:30:21.144;3.4;17.769671;3579620
646;09:30:21.316;1.8;17.772094;3579888
647;09:30:21.491;4.8;17.774616;3580616
648;09:30:21.668;1.6;17.779381;3581336
649;09:30:21.842;3.1;17.779322;3581564
650;09:30:22.016;3.1;17.781129;3581484
651;09:30:22.195;3.1;17.782658;3582236
652;09:30:22.370;1.7;17.772293;3580148
653;09:30:22.540;3.2;17.777316;3580940
654;09:30:22.716;4.5;17.775251;3580744
655;09:30:22.893;3.6;17.776443;3580984
656;09:30:23.064;1.8;17.770764;3580036
657;09:30:23.236;1.9;17.770942;3579876
658;09:30:23.407;1.7;17.772412;3579948
659;09:30:23.579;3.6;17.771578;3580312
660;09:30:23.750;1.8;17.771717;3579812
661;09:30:23.920;1.7;17.770744;3579616
662;09:30:24.091;1.7;17.769671;3579896
663;09:30:24.260;1.7;17.772193;3580376
664;09:30:24.432;3.2;17.773325;3580356
665;09:30:24.602;3.3;17.772888;3580268
666;09:30:24.772;1.7;17.771161;3580356
667;09:30:24.944;3.3;17.775549;3580804
668;09:30:25.115;3.2;17.774834;3580660
669;09:30:25.286;0.0;17.775331;3580760
670;09:30:25.457;1.6;17.776383;3580752
671;09:30:25.628;1.6;17.772590;3580240
672;09:30:25.800;3.2;17.774238;3580540
673;09:30:25.972;1.6;17.773484;3580168
674;09:30:26.144;1.6;17.772511;3580192
675;09:30:26.315;3.1;17.769393;3580092
676;09:30:26.486;1.6;17.771141;3580156
677;09:30:26.658;3.1;17.773424;3580156
678;09:30:26.829;3.1;17.770803;3579848
679;09:30:27.002;1.5;17.772273;3580144
680;09:30:27.173;2.9;17.769989;3579908
681;09:30:27.345;1.5;17.772451;3580180
682;09:30:27.516;2.9;17.770625;3580040
683;09:30:27.687;4.5;17.769532;3579372
684;09:30:27.857;3.0;17.772829;3580036
685;09:30:28.028;4.4;17.772868;3580264
686;09:30:28.198;3.0;17.768758;3579540
687;09:30:28.370;2.9;17.769334;3579552
688;09:30:28.542;3.0;17.770148;3579736
689;09:30:28.713;1.5;17.769691;3579404
690;09:30:28.886;1.5;17.769850;3579656
691;09:30:29.058;2.9;17.769969;3579460
692;09:30:29.228;3.0;17.772511;3580192
693;09:30:29.400;4.3;17.772769;3580244
694;09:30:29.572;4.2;17.775767;3580628
695;09:30:29.744;5.5;17.768679;3579708
696;09:30:29.916;6.7;17.769493;3579584
697;09:30:30.089;4.1;17.769513;3579368
698;09:30:30.259;8.2;17.769810;3579428
699;09:30:30.431;4.2;17.770287;3579744
700;09:30:30.603;4.2;17.768540;3579392
701;09:30:30.774;2.8;17.767348;3579152
702;09:30:30.946;6.8;17.768937;3579472
703;09:30:31.118;2.9;17.769532;3579592
704;09:30:31.289;4.3;17.769334;3579552
705;09:30:31.461;3.0;17.768877;3579460
706;09:30:31.633;1.5;17.772908;3580048
707;09:30:31.804;1.5;17.769175;3579740
708;09:30:31.975;3.0;17.770823;3580160
709;09:30:32.148;1.5;17.770267;3579740
710;09:30:32.318;1.4;17.771022;3580216
711;09:30:32.491;3.0;17.769810;3579656
712;09:30:32.662;3.0;17.771121;3579952
713;09:30:32.832;7.2;17.769890;3579664
714;09:30:33.007;2.9;17.772630;3579996
715;09:30:33.185;5.3;17.770327;3579532
716;09:30:33.356;12.8;17.769453;3579576
717;09:30:33.527;13.5;17.770108;3579484
718;09:30:33.699;10.0;17.768619;3579684
719;09:30:33.869;9.0;17.772829;3580036
720;09:30:34.039;15.1;17.771558;3579780
721;09:30:34.210;13.9;17.770625;3579812
722;09:30:34.381;12.9;17.769691;3579624
723;09:30:34.553;4.5;17.772849;3580820
724;09:30:34.723;14.9;17.773524;3580172
725;09:30:34.896;6.0;17.770744;3580312
726;09:30:35.067;4.6;17.769215;3579804
727;09:30:35.238;1.6;17.768818;3579228
728;09:30:35.408;3.0;17.768560;3579624
729;09:30:35.577;3.2;17.767805;3579244
730;09:30:35.746;0.0;17.766753;3579080
731;09:30:35.915;1.6;17.767765;3579480
732;09:30:36.084;4.5;17.771061;3579900
733;09:30:36.253;3.1;17.769711;3579628
734;09:30:36.422;3.0;17.768996;3579484
735;09:30:36.592;3.2;17.770386;3579804
736;09:30:36.761;1.6;17.770466;3580024
737;09:30:36.931;3.1;17.776403;3581000
738;09:30:37.101;3.1;17.773186;3580328
739;09:30:37.270;1.5;17.772670;3580500
740;09:30:37.439;1.6;17.773464;3580384
741;09:30:37.609;0.0;17.770644;3579816
742;09:30:37.777;3.1;17.771617;3579792
743;09:30:37.945;3.1;17.772888;3580268
744;09:30:38.114;1.5;17.771280;3580188
745;09:30:38.283;1.5;17.771181;3579924
746;09:30:38.452;1.6;17.771101;3579908
747;09:30:38.620;3.1;17.770088;3579988
748;09:30:38.788;3.1;17.772590;3580208
749;09:30:38.956;1.4;17.772511;3579972
750;09:30:39.125;3.2;17.840162;3594064
751;09:30:39.293;0.0;17.842644;3594320
752;09:30:39.462;1.6;17.839844;3594016
753;09:30:39.631;1.5;17.842763;3594344
754;09:30:39.800;0.0;17.842783;3594348
755;09:30:39.969;3.1;17.844272;3594648
756;09:30:40.139;3.0;17.840797;3593948
757;09:30:40.309;1.5;17.842168;3594492
758;09:30:40.477;3.2;17.845444;3594884
759;09:30:40.646;1.6;17.845523;3594900
760;09:30:40.814;2.9;17.843796;3594552
761;09:30:40.982;4.6;17.845861;3594968
762;09:30:41.151;0.0;17.842803;3594352
763;09:30:41.319;4.6;17.839606;3593952
764;09:30:41.488;1.5;17.846099;3594796
765;09:30:41.657;1.6;17.842942;3594640
766;09:30:41.826;1.6;17.844431;3594680
767;09:30:41.995;3.2;17.845623;3594920
768;09:30:42.164;1.6;17.847390;3594836
769;09:30:42.334;1.5;17.846735;3595144
770;09:30:42.503;0.0;17.845503;3594896
771;09:30:42.671;4.5;17.844292;3594928
772;09:30:42.839;3.1;17.844947;3594824
773;09:30:43.008;3.1;17.848065;3594972
774;09:30:43.176;3.1;17.845444;3594884
775;09:30:43.346;3.1;17.846496;3594876
776;09:30:43.515;0.0;17.847231;3595520
777;09:30:43.684;1.6;17.845563;3595152
778;09:30:43.853;1.5;17.843081;3594188
779;09:30:44.022;1.6;17.842207;3594508
780;09:30:44.191;1.5;17.841334;3593836
781;09:30:44.361;1.5;17.841056;3594000
782;09:30:44.530;1.5;17.841909;3594172
783;09:30:44.700;1.6;17.839348;3593696
784;09:30:44.869;1.5;17.840400;3593868
785;09:30:45.038;4.7;17.843557;3594504
786;09:30:45.207;3.0;17.843200;3594212
787;09:30:45.377;3.1;17.840877;3593964
788;09:30:45.546;2.9;17.841115;3594012
789;09:30:45.715;3.0;17.840102;3593808
790;09:30:45.884;2.9;17.841552;3594100
791;09:30:46.053;1.5;17.842207;3594232
792;09:30:46.222;1.4;17.840658;3593920
793;09:30:46.391;0.0;17.840658;3593920
794;09:30:46.559;0.0;17.840738;3593936
795;09:30:46.728;1.5;17.840658;3593920
796;09:30:46.897;1.5;17.840579;3593904
797;09:30:47.066;0.0;17.842227;3594276
798;09:30:47.234;1.5;17.840658;3594180
799;09:30:47.404;2.9;17.840539;3593912
800;09:30:47.573;1.5;17.841790;3594148
801;09:30:47.742;3.0;17.841572;3593884
802;09:30:47.910;1.5;17.841850;3594160
803;09:30:48.079;3.1;17.841850;3593940
804;09:30:48.248;3.1;17.840480;3593860
805;09:30:48.417;1.5;17.841532;3594152
806;09:30:48.586;1.5;17.843379;3594248
807;09:30:48.754;1.5;17.841969;3593964
808;09:30:48.923;1.4;17.836886;3593328
809;09:30:49.094;5.9;17.842982;3594648
810;09:30:49.264;1.6;17.840936;3593976
811;09:30:49.434;1.5;17.844054;3594276
812;09:30:49.603;2.9;17.844252;3594684
813;09:30:49.773;3.1;17.844411;3594676
814;09:30:49.942;1.6;17.843319;3594128
815;09:30:50.111;1.6;17.843121;3594668
816;09:30:50.280;3.1;17.844650;3594528
817;09:30:50.450;1.6;17.845404;3594328
818;09:30:50.619;3.1;17.844610;3594716
819;09:30:50.788;1.5;17.842902;3594404
820;09:30:50.957;0.0;17.840063;3594060
821;09:30:51.127;3.2;17.845384;3594872
822;09:30:51.298;1.6;17.843895;3594352
823;09:30:51.467;0.0;17.845285;3594564
824;09:30:51.637;3.0;17.844928;3594452
825;09:30:51.806;1.5;17.843399;3594472
826;09:30:51.976;4.7;17.844292;3594984
827;09:30:52.146;1.5;17.845960;3594660
828;09:30:52.317;4.8;17.844848;3595008
829;09:30:52.486;1.6;17.846119;3595020
830;09:30:52.655;1.6;17.844650;3594724
831;09:30:52.824;3.1;17.841691;3594128
832;09:30:52.993;1.6;17.841433;3594484
833;09:30:53.164;1.5;17.840599;3593908
834;09:30:53.333;3.2;17.841552;3593880
835;09:30:53.502;0.0;17.840817;3593952
836;09:30:53.671;1.6;17.842604;3594312
837;09:30:53.841;0.0;17.843776;3594328
838;09:30:54.010;1.5;17.844133;3594620
839;09:30:54.180;3.0;17.845186;3594832
840;09:30:54.349;1.6;17.844372;3594668
841;09:30:54.518;1.6;17.843518;3594496
842;09:30:54.688;1.6;17.843518;3594496
843;09:30:54.857;4.7;17.843974;3594588
844;09:30:55.026;0.0;17.841453;3593852
845;09:30:55.195;1.5;17.840877;3594476
846;09:30:55.366;3.1;17.844094;3594612
847;09:30:55.535;3.0;17.845364;3594868
848;09:30:55.703;1.5;17.844590;3594956
849;09:30:55.872;1.6;17.845245;3594448
850;09:30:56.042;3.2;17.844987;3594572
851;09:30:56.211;3.0;17.842942;3594336
852;09:30:56.381;3.0;17.840738;3594188
853;09:30:56.550;0.0;17.844928;3594560
854;09:30:56.719;3.0;17.844669;3594728
855;09:30:56.888;3.1;17.845801;3594736
856;09:30:57.058;1.6;17.844868;3594768
857;09:30:57.227;4.5;17.843061;3594328
858;09:30:57.397;3.2;17.846218;3595040
859;09:30:57.567;1.5;17.845325;3594640
860;09:30:57.736;3.2;17.845821;3594640
861;09:30:57.906;3.0;17.842168;3594224
862;09:30:58.075;3.1;17.839924;3593688
863;09:30:58.244;4.5;17.841075;3594272
864;09:30:58.413;4.4;17.842406;3594516
865;09:30:58.583;3.0;17.841751;3594300
866;09:30:58.752;1.5;17.842088;3594208
867;09:30:58.921;3.1;17.843359;3594244
868;09:30:59.091;4.5;17.841314;3594312
869;09:30:59.261;4.6;17.840837;3593956
870;09:30:59.432;3.1;17.840281;3594036
871;09:30:59.602;3.1;17.838990;3593760
872;09:30:59.771;1.6;17.841433;3594076
873;09:30:59.942;1.6;17.840797;3594200
874;09:31:00.112;4.4;17.841949;3593808
875;09:31:00.281;4.4;17.839566;3593700
876;09:31:00.451;4.6;17.840321;3593704
877;09:31:00.621;3.1;17.839685;3593976
878;09:31:00.791;3.0;17.838157;3593416
879;09:31:00.959;4.6;17.837581;3594252
880;09:31:01.129;4.7;17.838236;3593692
881;09:31:01.298;1.5;17.838474;3593480
882;09:31:01.468;0.0;17.841572;3594372
883;09:31:01.637;0.0;17.842366;3594508
884;09:31:01.806;1.6;17.842823;3594028
885;09:31:01.975;6.1;17.844590;3594384
886;09:31:02.144;3.1;17.844848;3594836
887;09:31:02.314;4.8;17.845285;3594768
888;09:31:02.484;4.5;17.842862;3594364
889;09:31:02.653;0.0;17.843001;3594636
890;09:31:02.822;1.6;17.841830;3594156
891;09:31:02.991;3.0;17.843101;3594412
892;09:31:03.161;3.1;17.843855;3594564
893;09:31:03.332;3.2;17.841056;3594000
894;09:31:03.502;4.5;17.844312;3594656
895;09:31:03.671;3.1;17.844034;3594844
896;09:31:03.841;4.5;17.845642;3594596
897;09:31:04.010;1.6;17.846099;3595260
898;09:31:04.180;6.3;17.842624;3594560
899;09:31:04.349;1.5;17.844709;3594408
900;09:31:04.519;1.5;17.843061;3594076
901;09:31:04.688;4.3;17.843776;3594716
902;09:31:04.857;3.0;17.844848;3594376
903;09:31:05.026;1.6;17.844630;3594904
904;09:31:05.195;4.5;17.844133;3594644
905;09:31:05.365;1.5;17.842644;3594320
906;09:31:05.577;3.0;17.844014;3594124
907;09:31:05.752;4.5;17.844550;3594376
908;09:31:05.921;4.5;17.844610;3594716
909;09:31:06.090;1.5;17.844789;3594752
910;09:31:06.259;1.5;17.843260;3594696
911;09:31:06.429;3.1;17.844133;3594400
912;09:31:06.599;4.6;17.841473;3594084
913;09:31:06.768;1.6;17.845166;3594828
914;09:31:06.937;0.0;17.842565;3594548
915;09:31:07.107;2.9;17.843041;3594400
916;09:31:07.276;3.1;17.841989;3594188
917;09:31:07.446;3.1;17.844352;3594664
918;09:31:07.615;3.1;17.842465;3594284
919;09:31:07.784;1.6;17.842247;3593912
920;09:31:07.953;1.5;17.842565;3594304
921;09:31:08.122;4.5;17.841691;3594128
922;09:31:08.291;3.1;17.841334;3594324
923;09:31:08.461;1.6;17.842168;3594224
924;09:31:08.629;3.0;17.841909;3594440
925;09:31:08.798;1.5;17.843498;3594492
926;09:31:08.968;1.6;17.843200;3594684
927;09:31:09.138;3.2;17.842783;3594348
928;09:31:09.307;3.2;17.839785;3593744
929;09:31:09.480;1.6;17.843577;3594288
930;09:31:09.649;1.6;17.843895;3594572
931;09:31:09.818;1.6;17.843140;3594200
932;09:31:09.987;1.5;17.842664;3594568
933;09:31:10.157;3.2;17.843935;3594848
934;09:31:10.326;3.1;17.843319;3594456
935;09:31:10.543;5.9;17.845404;3595144
936;09:31:10.717;6.0;17.844312;3594656
937;09:31:10.886;4.5;17.844590;3594712
938;09:31:11.055;1.6;17.844590;3594712
939;09:31:11.224;3.1;17.845364;3594868
940;09:31:11.394;1.5;17.843875;3594568
941;09:31:11.563;3.1;17.845126;3594820
942;09:31:11.732;1.6;17.846417;3594860
943;09:31:11.902;1.6;17.843955;3594584
944;09:31:12.072;1.6;17.845265;3594848
945;09:31:12.241;1.6;17.839070;3593400
946;09:31:12.410;1.5;17.841969;3594036
947;09:31:12.579;0.0;17.838772;3593540
948;09:31:12.747;1.6;17.839427;3593672
949;09:31:12.916;0.0;17.838117;3593576
950;09:31:13.085;1.5;17.838990;3593828
951;09:31:13.254;1.6;17.841492;3594088
952;09:31:13.423;1.5;17.842823;3594208
953;09:31:13.592;1.6;17.842684;3594328
954;09:31:13.761;1.5;17.841155;3594280
955;09:31:13.931;1.6;17.840619;3593912
956;09:31:14.100;3.1;17.839070;3593600
957;09:31:14.269;3.1;17.840361;3593860
958;09:31:14.438;0.0;17.840222;3594108
959;09:31:14.607;2.9;17.839288;3593868
960;09:31:14.776;1.5;17.841612;3594112
961;09:31:14.946;3.1;17.840202;3593984
962;09:31:15.115;3.0;17.840678;3593916
963;09:31:15.285;4.7;17.841115;3594096
964;09:31:15.523;3.1;17.838157;3593676
965;09:31:15.696;1.6;17.837759;3593336
966;09:31:15.864;3.1;17.838494;3593484
967;09:31:16.033;3.1;17.839646;3593388
968;09:31:16.201;1.6;17.836230;3593028
969;09:31:16.370;1.6;17.836767;3593136
970;09:31:16.540;1.5;17.836945;3593172
971;09:31:16.708;1.6;17.838077;3593660
972;09:31:16.877;3.0;17.839785;3593744
973;09:31:17.047;0.0;17.838990;3593828
974;09:31:17.216;4.6;17.839586;3593704
975;09:31:17.386;0.0;17.835833;3592948
976;09:31:17.555;4.5;17.836767;3593232
977;09:31:17.723;0.0;17.838117;3593408
978;09:31:17.892;1.5;17.840361;3593860
979;09:31:18.061;1.5;17.838871;3593560
980;09:31:18.230;1.6;17.838534;3593492
981;09:31:18.399;3.1;17.840301;3593848
982;09:31:18.567;1.5;17.840241;3593836
983;09:31:18.736;0.0;17.841651;3594120
984;09:31:18.904;1.6;17.839407;3593668
985;09:31:19.073;1.4;17.835794;3592940
986;09:31:19.242;4.5;17.838355;3593456
987;09:31:19.412;3.0;17.837342;3593248
988;09:31:19.583;1.5;17.836826;3593148
989;09:31:19.752;1.5;17.836945;3593432
990;09:31:19.921;1.5;17.838712;3593528
991;09:31:20.090;3.1;17.835933;3593228
992;09:31:20.259;1.6;17.837462;3593276
993;09:31:20.427;1.6;17.835972;3592976
994;09:31:20.596;1.5;17.835595;3592900
995;09:31:20.765;0.0;17.834344;3592500
996;09:31:20.934;0.0;17.834304;3593020
997;09:31:21.103;3.0;17.834920;3592764
998;09:31:21.272;0.0;17.835099;3592800
999;09:31:21.440;3.0;17.835555;3592744
1000;09:31:21.609;0.0;17.835476;3592876
1001;09:31:21.778;4.5;17.836806;3593436
1002;09:31:21.948;1.5;17.836707;3593124
1003;09:31:22.117;3.0;17.835416;3593132
1004;09:31:22.286;0.0;17.837005;3592976
1005;09:31:22.454;0.0;17.838176;3593584
1006;09:31:22.624;2.8;17.838990;3593584
1007;09:31:22.792;1.6;17.838911;3593568
1008;09:31:22.961;3.0;17.839467;3593792
1009;09:31:23.130;2.9;17.839546;3593548
1010;09:31:23.299;3.1;17.837342;3593252
1011;09:31:23.471;4.4;17.838196;3593340
1012;09:31:23.641;7.7;17.835833;3592920
1013;09:31:23.812;4.7;17.834265;3592876
1014;09:31:23.981;3.2;17.837422;3593268
1015;09:31:24.150;3.1;17.836628;3593352
1016;09:31:24.319;1.5;17.840599;3593624
1017;09:31:24.488;4.5;17.836111;3592856
1018;09:31:24.658;1.5;17.836072;3592996
1019;09:31:24.827;1.5;17.837839;3593596
1020;09:31:24.995;1.5;17.838176;3593420
1021;09:31:25.164;2.9;17.838951;3593428
1022;09:31:25.334;3.2;17.839348;3593656
1023;09:31:25.502;1.5;17.835893;3592960
1024;09:31:25.671;3.1;17.837144;3593480
1025;09:31:25.839;1.6;17.837898;3593364
1026;09:31:26.008;0.0;17.836409;3593064
1027;09:31:26.177;4.5;17.837283;3593240
1028;09:31:26.346;0.0;17.837243;3593232
1029;09:31:26.514;3.0;17.837700;3593324
1030;09:31:26.684;1.4;17.837184;3593368
1031;09:31:26.854;0.0;17.838911;3593768
1032;09:31:27.024;3.1;17.838534;3593492
1033;09:31:27.193;2.9;17.839904;3593620
1034;09:31:27.363;1.6;17.839169;3593472
1035;09:31:27.532;0.0;17.837839;3593376
1036;09:31:27.702;2.9;17.837362;3593256
1037;09:31:27.871;1.5;17.836707;3593220
1038;09:31:28.040;0.0;17.839169;3593628
1039;09:31:28.208;1.5;17.837759;3593440
1040;09:31:28.378;4.4;17.838891;3593564
1041;09:31:28.547;0.0;17.839705;3593580
1042;09:31:28.715;6.2;17.836230;3593308
1043;09:31:28.885;4.5;17.834781;3592588
1044;09:31:29.053;2.9;17.833411;3592416
1045;09:31:29.222;3.0;17.833351;3592448
1046;09:31:29.392;3.1;17.835972;3592828
1047;09:31:29.560;1.6;17.837263;3593056
1048;09:31:29.730;3.0;17.838335;3593452
1049;09:31:29.899;1.5;17.837462;3593560
1050;09:31:30.067;1.6;17.838276;3593440
1051;09:31:30.236;1.5;17.837045;3593192
1052;09:31:30.404;1.6;17.836330;3593048
1053;09:31:30.573;0.0;17.836111;3593004
1054;09:31:30.741;1.5;17.839467;3593680
1055;09:31:30.909;1.5;17.837084;3593200
1056;09:31:31.078;3.1;17.835813;3593356
1057;09:31:31.247;6.2;17.837045;3593192
1058;09:31:31.416;3.1;17.832358;3591724
1059;09:31:31.586;7.6;17.834066;3592592
1060;09:31:31.754;0.0;17.834979;3592628
1061;09:31:31.923;3.3;17.834999;3593040
1062;09:31:32.092;3.1;17.835754;3593176
1063;09:31:32.260;4.5;17.836727;3593044
1064;09:31:32.429;3.2;17.836767;3593136
1065;09:31:32.598;4.8;17.835436;3592512
1066;09:31:32.768;6.2;17.835456;3592516
1067;09:31:32.937;4.8;17.835436;3593112
1068;09:31:33.107;1.6;17.837084;3593200
1069;09:31:33.276;3.1;17.835952;3592972
1070;09:31:33.445;1.6;17.838573;3593352
1071;09:31:33.614;1.5;17.837879;3593360
1072;09:31:33.783;1.6;17.838296;3593444
1073;09:31:33.951;4.6;17.838395;3593464
1074;09:31:34.121;1.6;17.838395;3593464
1075;09:31:34.290;1.6;17.838395;3593464
1076;09:31:34.458;1.6;17.835238;3593096
1077;09:31:34.627;1.5;17.835118;3593072
1078;09:31:34.796;3.0;17.839646;3593716
1079;09:31:34.964;7.5;17.837362;3593388
1080;09:31:35.134;1.4;17.837303;3593748
1081;09:31:35.304;0.0;17.839149;3593616
1082;09:31:35.474;1.6;17.840301;3593552
1083;09:31:35.644;0.0;17.837700;3593324
1084;09:31:35.814;1.5;17.836826;3593148
1085;09:31:35.984;2.9;17.838097;3593256
1086;09:31:36.153;4.6;17.835377;3592856
1087;09:31:36.321;0.0;17.836310;3593044
1088;09:31:36.492;0.0;17.832636;3592304
1089;09:31:36.661;1.5;17.835893;3592960
1090;09:31:36.830;1.5;17.837938;3593224
1091;09:31:36.999;0.0;17.837184;3593376
1092;09:31:37.167;1.5;17.836747;3593064
1093;09:31:37.336;3.2;17.836330;3593332
1094;09:31:37.506;1.5;17.838732;3593800
1095;09:31:37.676;3.1;17.839368;3593660
1096;09:31:37.845;3.0;17.838593;3593504
1097;09:31:38.014;3.0;17.836806;3593144
1098;09:31:38.184;0.0;17.836389;3593060
1099;09:31:38.353;4.6;17.838196;3593276
1100;09:31:38.523;1.6;17.837462;3593276
1101;09:31:38.692;1.5;17.837462;3592980
1102;09:31:38.861;1.6;17.837144;3593212
1103;09:31:39.030;1.5;17.833947;3592836
1104;09:31:39.199;1.6;17.837720;3593440
1105;09:31:39.368;3.0;17.835377;3592920
1106;09:31:39.536;1.6;17.833788;3592536
1107;09:31:39.706;1.5;17.834860;3592752
1108;09:31:39.875;3.0;17.836965;3593176
1109;09:31:40.043;3.0;17.837362;3593256
1110;09:31:40.212;3.0;17.836330;3593160
1111;09:31:40.382;1.4;17.836886;3593160
1112;09:31:40.551;0.0;17.838176;3593420
1113;09:31:40.720;3.1;17.837342;3593104
1114;09:31:40.889;1.6;17.837819;3593348
1115;09:31:41.058;0.0;17.837025;3593352
1116;09:31:41.227;3.0;17.836489;3593080
1117;09:31:41.396;1.6;17.836489;3593080
1118;09:31:41.565;3.1;17.837740;3593332
1119;09:31:41.733;1.6;17.838474;3593480
1120;09:31:41.902;1.6;17.836091;3593000
1121;09:31:42.070;1.5;17.836171;3593016
1122;09:31:42.239;0.0;17.837581;3593300
1123;09:31:42.407;3.2;17.836727;3593128
1124;09:31:42.576;3.1;17.836588;3593100
1125;09:31:42.745;1.6;17.837759;3593188
1126;09:31:42.914;1.5;17.835138;3593040
1127;09:31:43.083;3.2;17.837462;3593276
1128;09:31:43.252;1.5;17.836230;3593028
1129;09:31:43.421;1.6;17.838117;3593408
1130;09:31:43.590;0.0;17.837998;3593384
1131;09:31:43.758;1.6;17.837799;3593344
1132;09:31:43.928;1.6;17.839288;3593644
1133;09:31:44.097;1.6;17.839328;3593504
1134;09:31:44.266;3.0;17.836747;3593112
1135;09:31:44.436;3.1;17.838375;3593460
1136;09:31:44.605;1.6;17.837184;3593220
1137;09:31:44.773;1.6;17.835456;3592872
1138;09:31:44.942;1.6;17.836191;3593020
1139;09:31:45.111;3.1;17.836270;3593036
1140;09:31:45.279;1.6;17.835496;3593156
1141;09:31:45.448;3.1;17.836925;3592872
1142;09:31:45.617;1.5;17.835059;3592644
1143;09:31:45.785;3.1;17.834979;3593060
1144;09:31:45.955;1.6;17.836211;3593024
1145;09:31:46.125;3.1;17.836727;3593128
1146;09:31:46.341;0.0;17.834801;3592852
1147;09:31:46.511;1.5;17.835039;3592788
1148;09:31:46.680;1.5;17.834225;3592624
1149;09:31:46.849;1.5;17.833550;3592340
1150;09:31:47.018;1.6;17.834225;3592624
1151;09:31:47.186;3.2;17.834880;3592608
1152;09:31:47.355;0.0;17.834086;3592596
1153;09:31:47.524;3.1;17.837462;3593128
1154;09:31:47.694;1.6;17.834880;3592608
1155;09:31:47.863;1.6;17.833927;3592564
1156;09:31:48.032;3.0;17.835198;3592864
1157;09:31:48.201;1.6;17.836111;3593004
1158;09:31:48.369;3.1;17.836111;3593004
1159;09:31:48.538;1.6;17.836727;3593128
1160;09:31:48.707;3.1;17.836409;3593064
1161;09:31:48.875;3.1;17.836409;3592768
1162;09:31:49.045;0.0;17.835019;3593068
1163;09:31:49.214;1.5;17.835377;3593116
1164;09:31:49.383;0.0;17.836628;3593108
1165;09:31:49.552;3.1;17.837223;3593228
1166;09:31:49.721;1.5;17.837958;3593376
1167;09:31:49.891;1.5;17.836111;3592856
1168;09:31:50.060;2.7;17.838037;3593240
1169;09:31:50.228;3.1;17.836330;3593048
1170;09:31:50.397;1.6;17.838137;3593412
1171;09:31:50.565;3.2;17.837104;3593204
1172;09:31:50.734;1.6;17.835396;3592860
1173;09:31:50.903;1.5;17.836767;3593136
1174;09:31:51.072;3.1;17.837620;3593160
1175;09:31:51.242;3.1;17.835039;3593048
1176;09:31:51.412;0.0;17.835476;3592876
1177;09:31:51.581;1.6;17.835297;3592840
1178;09:31:51.750;3.0;17.835555;3592892
1179;09:31:51.919;1.6;17.835555;3592916
1180;09:31:52.088;1.6;17.834265;3592632
1181;09:31:52.257;0.0;17.835039;3593072
1182;09:31:52.426;3.0;17.835039;3592788
1183;09:31:52.595;3.1;17.837640;3593312
1184;09:31:52.770;3.1;17.837938;3593076
1185;09:31:52.939;1.6;17.836588;3593100
1186;09:31:53.108;3.2;17.836667;3593116
1187;09:31:53.276;1.6;17.835972;3592976
1188;09:31:53.444;4.6;17.835198;3592524
1189;09:31:53.613;1.6;17.833987;3592576
1190;09:31:53.782;1.6;17.833470;3592472
1191;09:31:53.950;1.6;17.832895;3592464
1192;09:31:54.119;1.6;17.836369;3593340
1193;09:31:54.289;1.6;17.837263;3593236
1194;09:31:54.458;3.1;17.836429;3593068
1195;09:31:54.629;1.5;17.837561;3593488
1196;09:31:54.798;3.1;17.836608;3593104
1197;09:31:54.967;1.6;17.838990;3593720
1198;09:31:55.136;3.0;17.837740;3593332
1199;09:31:55.304;1.6;17.836489;3593080
1200;09:31:55.473;1.6;17.837898;3593648
1201;09:31:55.643;1.6;17.836052;3592992
1202;09:31:55.812;3.1;17.836647;3593088
1203;09:31:55.983;1.6;17.836389;3592764
1204;09:31:56.153;2.9;17.835972;3592976
1205;09:31:56.322;1.5;17.835972;3592976
1206;09:31:56.491;3.2;17.835238;3592532
1207;09:31:56.660;1.5;17.834602;3592700
1208;09:31:56.830;3.1;17.835118;3592508
1209;09:31:57.000;0.0;17.833232;3592708
1210;09:31:57.169;1.6;17.834682;3592716
1211;09:31:57.338;0.0;17.834682;3592716
1212;09:31:57.507;4.5;17.837779;3593044
1213;09:31:57.676;0.0;17.835039;3592788
1214;09:31:57.846;3.0;17.834562;3592984
1215;09:31:58.015;3.1;17.834642;3592708
1216;09:31:58.185;2.9;17.834682;3592716
1217;09:31:58.354;3.1;17.834682;3592716
1218;09:31:58.522;3.1;17.834364;3592652
1219;09:31:58.691;1.6;17.835952;3592972
1220;09:31:58.861;0.0;17.835873;3592956
1221;09:31:59.029;0.0;17.835893;3593252
1222;09:31:59.200;1.6;17.837144;3593064
1223;09:31:59.369;1.6;17.837779;3593192
1224;09:31:59.538;3.1;17.836270;3592888
1225;09:31:59.707;1.6;17.835893;3592960
1226;09:31:59.876;3.1;17.836568;3593096
1227;09:32:00.045;1.6;17.834741;3592728
1228;09:32:00.213;0.0;17.835952;3593256
1229;09:32:00.384;1.5;17.835992;3592832
1230;09:32:00.554;2.7;17.839328;3593652
1231;09:32:00.723;1.6;17.838176;3593420
1232;09:32:00.892;1.6;17.838097;3593404
1233;09:32:01.062;3.2;17.836230;3593028
1234;09:32:01.231;1.6;17.836469;3592780
1235;09:32:01.400;3.1;17.837203;3593224
1236;09:32:01.569;3.1;17.836469;3593264
1237;09:32:01.738;0.0;17.835833;3592948
1238;09:32:01.906;3.1;17.837680;3593320
1239;09:32:02.077;4.5;17.836290;3593040
1240;09:32:02.245;1.6;17.835913;3592964
1241;09:32:02.415;3.1;17.835833;3592948
1242;09:32:02.584;1.6;17.836548;3593360
1243;09:32:02.753;1.5;17.835913;3593108
1244;09:32:02.924;3.1;17.833808;3593084
1245;09:32:03.093;1.6;17.835873;3592956
1246;09:32:03.262;2.9;17.837124;3593208
1247;09:32:03.431;1.6;17.837243;3593232
1248;09:32:03.600;1.6;17.836548;3593040
1249;09:32:03.769;1.6;17.835913;3592964
1250;09:32:03.939;3.1;17.837124;3593208
1251;09:32:04.109;1.6;17.837799;3593048
1252;09:32:04.278;3.2;17.835377;3592560
1253;09:32:04.448;1.5;17.834046;3592848
1254;09:32:04.619;3.1;17.836469;3592988
1255;09:32:04.787;1.6;17.836191;3593020
1256;09:32:04.956;4.5;17.834840;3592748
1257;09:32:05.124;1.6;17.836012;3593260
1258;09:32:05.294;4.7;17.837144;3593212
1259;09:32:05.462;0.0;17.837104;3593204
1260;09:32:05.631;0.0;17.838911;3593568
1261;09:32:05.800;1.6;17.837561;3593296
1262;09:32:05.969;0.0;17.837025;3593188
1263;09:32:06.138;1.6;17.837124;3593208
1264;09:32:06.307;1.5;17.836409;3593064
1265;09:32:06.475;1.6;17.836489;3592784
1266;09:32:06.644;1.6;17.837759;3593336
1267;09:32:06.813;1.6;17.837223;3593228
1268;09:32:06.981;3.1;17.838276;3593292
1269;09:32:07.150;1.5;17.834840;3592992
1270;09:32:07.319;0.0;17.835158;3592812
1271;09:32:07.488;1.6;17.834960;3592772
1272;09:32:07.656;3.1;17.837362;3593412
1273;09:32:07.825;1.5;17.839268;3593492
1274;09:32:07.994;3.0;17.836687;3593120
1275;09:32:08.164;3.1;17.835516;3592884
1276;09:32:08.333;4.4;17.835079;3592796
1277;09:32:08.502;1.6;17.832219;3592220
1278;09:32:08.671;0.0;17.836270;3593036
1279;09:32:08.840;0.0;17.834483;3592676
1280;09:32:09.009;1.6;17.836290;3593040
1281;09:32:09.177;1.5;17.837481;3593280
1282;09:32:09.346;0.0;17.835952;3592972
1283;09:32:09.516;1.6;17.835893;3592960
1284;09:32:09.684;3.1;17.838037;3593244
1285;09:32:09.853;3.1;17.836945;3592876
1286;09:32:10.021;3.0;17.835198;3592820
1287;09:32:10.190;0.0;17.835496;3592880
1288;09:32:10.359;0.0;17.835456;3593156
1289;09:32:10.528;3.0;17.836667;3592968
1290;09:32:10.697;3.1;17.839586;3593704
1291;09:32:10.866;3.0;17.837879;3593360
1292;09:32:11.035;2.9;17.838494;3593336
1293;09:32:11.203;1.6;17.836528;3593088
1294;09:32:11.372;1.5;17.840857;3593960
1295;09:32:11.541;1.5;17.842942;3594084
1296;09:32:11.710;1.6;17.843935;3594580
1297;09:32:11.879;4.6;17.843597;3594364
1298;09:32:12.047;0.0;17.844352;3594512
1299;09:32:12.216;1.6;17.844094;3594464
1300;09:32:12.385;0.0;17.843359;3594452
1301;09:32:12.554;0.0;17.843379;3594468
1302;09:32:12.723;3.1;17.843101;3594264
1303;09:32:12.891;3.0;17.843200;3594620
1304;09:32:13.060;4.6;17.841592;3594108
1305;09:32:13.229;1.4;17.841592;3594108
1306;09:32:13.398;1.6;17.839447;3593968
1307;09:32:13.567;3.1;17.840817;3593952
1308;09:32:13.735;0.0;17.843438;3594480
1309;09:32:13.904;1.6;17.842823;3594356
1310;09:32:14.073;1.5;17.841572;3594104
1311;09:32:14.241;3.0;17.844034;3594860
1312;09:32:14.410;1.6;17.842704;3594184
1313;09:32:14.579;3.1;17.841413;3594072
1314;09:32:14.748;1.6;17.845841;3594964
1315;09:32:14.917;1.6;17.843001;3594392
1316;09:32:15.085;3.1;17.842783;3594348
1317;09:32:15.254;1.3;17.842783;3594348
1318;09:32:15.422;1.6;17.842009;3594192
1319;09:32:15.590;4.3;17.842187;3594228
1320;09:32:15.759;3.2;17.845285;3594852
1321;09:32:15.928;1.6;17.844550;3594704
1322;09:32:16.096;1.6;17.842187;3594228
1323;09:32:16.264;0.0;17.841056;3594000
1324;09:32:16.432;1.5;17.841016;3594128
1325;09:32:16.601;1.5;17.842823;3594616
1326;09:32:16.769;1.6;17.842823;3594616
1327;09:32:16.938;1.5;17.843557;3594504
1328;09:32:17.107;0.0;17.842823;3594356
1329;09:32:17.277;1.6;17.842267;3594244
1330;09:32:17.446;1.5;17.843478;3594340
1331;09:32:17.616;4.4;17.841353;3594060
1332;09:32:17.786;2.9;17.842307;3594252
1333;09:32:17.956;1.5;17.842187;3594228
1334;09:32:18.125;1.5;17.842862;3594364
1335;09:32:18.295;0.0;17.841016;3593992
1336;09:32:18.464;1.5;17.842743;3594608
1337;09:32:18.633;3.1;17.840241;3593836
1338;09:32:18.803;3.2;17.844074;3594608
1339;09:32:18.973;3.1;17.842743;3594600
1340;09:32:19.142;1.5;17.842187;3594252
1341;09:32:19.311;1.5;17.844113;3594616
1342;09:32:19.481;1.5;17.844034;3594600
1343;09:32:19.650;1.5;17.842684;3594328
1344;09:32:19.819;2.9;17.842862;3594364
1345;09:32:19.989;0.0;17.844769;3594748
1346;09:32:20.158;1.4;17.844769;3594748
1347;09:32:20.327;1.5;17.843518;3594348
1348;09:32:20.496;2.9;17.844193;3594632
1349;09:32:20.666;3.0;17.842148;3594220
1350;09:32:20.836;1.5;17.842187;3594080
1351;09:32:21.006;2.9;17.842704;3594332
1352;09:32:21.176;3.1;17.842187;3594228
1353;09:32:21.345;3.0;17.841353;3594060
1354;09:32:21.515;1.5;17.842724;3594336
1355;09:32:21.684;0.0;17.841890;3594168
1356;09:32:21.854;0.0;17.842803;3594056
1357;09:32:22.023;1.5;17.842505;3594292
1358;09:32:22.192;2.9;17.840182;3593824
1359;09:32:22.362;3.0;17.840936;3593976
1360;09:32:22.531;4.5;17.842148;3594220
1361;09:32:22.700;3.1;17.842068;3594204
1362;09:32:22.870;3.0;17.841334;3594056
1363;09:32:23.039;3.1;17.841413;3594072
1364;09:32:23.208;2.9;17.840837;3593956
1365;09:32:23.378;2.9;17.840797;3593948
1366;09:32:23.547;1.6;17.837164;3593500
1367;09:32:23.716;0.0;17.838315;3593448
1368;09:32:23.886;1.6;17.840976;3593984
1369;09:32:24.055;2.9;17.838613;3593544
1370;09:32:24.224;1.5;17.838315;3593560
1371;09:32:24.394;1.5;17.838752;3593536
1372;09:32:24.563;2.9;17.839388;3593664
1373;09:32:24.732;3.0;17.841433;3594076
1374;09:32:24.901;1.5;17.841314;3593804
1375;09:32:25.070;1.6;17.838673;3593520
1376;09:32:25.239;3.0;17.838812;3593704
1377;09:32:25.408;1.6;17.841234;3594036
1378;09:32:25.577;0.0;17.838931;3593572
1379;09:32:25.746;4.6;17.841294;3594048
1380;09:32:25.916;1.5;17.841334;3594056
1381;09:32:26.085;1.5;17.840837;3594232
1382;09:32:26.255;0.0;17.841314;3594052
1383;09:32:26.424;0.0;17.842763;3594192
1384;09:32:26.594;4.4;17.839944;3594044
1385;09:32:26.764;2.8;17.842604;3594164
1386;09:32:26.933;1.5;17.842565;3594304
1387;09:32:27.103;0.0;17.841175;3594024
1388;09:32:27.273;1.6;17.840797;3593948
1389;09:32:27.442;3.0;17.839983;3593784
1390;09:32:27.611;1.6;17.842048;3594468
1391;09:32:27.780;2.9;17.842565;3594008
1392;09:32:27.950;1.6;17.839348;3593656
1393;09:32:28.119;1.6;17.839507;3593688
1394;09:32:28.288;3.1;17.839507;3593948
1395;09:32:28.458;0.0;17.841393;3594068
1396;09:32:28.628;1.4;17.840758;3593792
1397;09:32:28.797;0.0;17.842326;3594256
1398;09:32:28.966;4.4;17.841810;3594004
1399;09:32:29.134;0.0;17.841274;3594044
1400;09:32:29.303;1.5;17.839467;3593680
1401;09:32:29.472;0.0;17.838653;3593516
1402;09:32:29.642;1.6;17.840718;3593784
1403;09:32:29.811;4.8;17.841691;3594128
1404;09:32:29.980;1.5;17.840639;3593620
1405;09:32:30.150;3.1;17.839268;3593640
1406;09:32:30.319;3.0;17.841135;3594160
1407;09:32:30.488;1.4;17.841850;3594160
1408;09:32:30.658;1.6;17.842465;3594284
1409;09:32:30.828;1.5;17.841810;3594152
1410;09:32:30.998;1.4;17.842505;3594292
1411;09:32:31.167;1.5;17.842505;3594144
1412;09:32:31.337;3.0;17.840500;3594164
1413;09:32:31.506;1.5;17.841790;3594148
1414;09:32:31.676;1.5;17.841949;3594180
1415;09:32:31.845;1.5;17.843577;3594508
1416;09:32:32.014;3.1;17.843081;3594408
1417;09:32:32.184;0.0;17.840142;3593668
1418;09:32:32.353;3.1;17.840023;3593792
1419;09:32:32.522;3.1;17.840202;3593828
1420;09:32:32.691;3.1;17.843637;3594372
1421;09:32:32.861;1.6;17.841572;3594104
1422;09:32:33.031;0.0;17.842644;3594364
1423;09:32:33.201;2.9;17.839765;3593984
1424;09:32:33.371;4.4;17.840063;3594000
1425;09:32:33.541;1.5;17.840976;3593984
1426;09:32:33.711;3.1;17.842823;3594624
1427;09:32:33.881;1.6;17.841731;3593988
1428;09:32:34.051;1.6;17.841036;3593996
1429;09:32:34.220;3.1;17.839805;3593600
1430;09:32:34.391;4.6;17.839646;3593388
1431;09:32:34.561;1.6;17.838296;3593688
1432;09:32:34.731;1.6;17.840877;3594208
1433;09:32:34.901;4.7;17.837660;3593316
1434;09:32:35.071;4.6;17.837243;3593416
1435;09:32:35.241;3.1;17.839388;3593664
1436;09:32:35.410;1.6;17.841453;3594080
1437;09:32:35.579;3.1;17.839725;3593436
1438;09:32:35.748;1.6;17.836906;3593164
1439;09:32:35.918;1.5;17.839566;3593700
1440;09:32:36.088;1.5;17.841155;3594020
1441;09:32:36.257;3.1;17.839090;3593604
1442;09:32:36.424;1.5;17.837680;3593320
1443;09:32:36.594;3.0;17.839129;3593612
1444;09:32:36.762;1.6;17.838573;3593352
1445;09:32:36.932;1.6;17.837045;3593192
1446;09:32:37.101;1.5;17.837799;3593344
1447;09:32:37.269;3.1;17.837839;3593352
1448;09:32:37.438;1.6;17.836866;3593400
1449;09:32:37.607;3.2;17.840102;3593808
1450;09:32:37.775;1.6;17.839487;3593388
1451;09:32:37.943;0.0;17.837700;3593176
1452;09:32:38.112;1.5;17.837362;3593500
1453;09:32:38.281;1.5;17.837283;3593240
1454;09:32:38.449;1.6;17.837839;3593620
1455;09:32:38.618;1.6;17.838911;3593568
1456;09:32:38.786;1.5;17.839785;3593596
1457;09:32:38.956;1.6;17.837759;3593336
1458;09:32:39.124;3.1;17.835595;3592900
1459;09:32:39.293;3.1;17.835933;3593228
1460;09:32:39.461;0.0;17.837918;3593368
1461;09:32:39.629;1.6;17.837879;3593360
1462;09:32:39.796;3.1;17.838494;3593484
1463;09:32:39.965;1.5;17.839328;3593504
1464;09:32:40.136;1.5;17.839745;3594020
1465;09:32:40.305;1.5;17.839904;3593620
1466;09:32:40.473;3.1;17.841790;3594148
1467;09:32:40.642;3.1;17.841751;3594140
1468;09:32:40.811;1.5;17.839050;3594020
1469;09:32:40.981;0.0;17.839050;3593596
1470;09:32:41.149;4.4;17.838613;3593508
1471;09:32:41.318;3.1;17.841234;3594036
1472;09:32:41.486;3.1;17.839169;3593620
1473;09:32:41.655;1.5;17.838573;3593500
1474;09:32:41.824;1.6;17.839805;3593452
1475;09:32:41.992;3.1;17.837799;3593344
1476;09:32:42.161;1.5;17.837938;3593372
1477;09:32:42.329;3.1;17.838633;3593512
1478;09:32:42.497;1.6;17.839110;3593612
1479;09:32:42.666;0.0;17.836230;3593028
1480;09:32:42.835;3.0;17.837164;3593468
1481;09:32:43.003;0.0;17.838335;3593452
1482;09:32:43.173;3.0;17.839606;3593708
1483;09:32:43.342;1.6;17.839527;3593692
1484;09:32:43.510;3.1;17.839606;3593560
1485;09:32:43.679;1.5;17.838871;3593560
1486;09:32:43.848;1.6;17.842446;3594280
1487;09:32:44.017;3.0;17.838256;3593436
1488;09:32:44.187;3.0;17.839169;3593620
1489;09:32:44.355;1.6;17.839169;3593880
1490;09:32:44.524;1.5;17.837720;3593328
1491;09:32:44.693;0.0;17.839904;3593768
1492;09:32:44.862;0.0;17.840321;3593852
1493;09:32:45.031;3.1;17.837799;3593260
1494;09:32:45.200;2.9;17.835436;3593112
1495;09:32:45.370;3.1;17.836568;3593096
1496;09:32:45.538;1.3;17.836409;3593192
1497;09:32:45.707;3.0;17.836091;3592764
1498;09:32:45.878;3.4;17.842108;3593916
1499;09:32:46.048;1.6;17.839666;3593720
1500;09:32:46.216;0.0;17.838990;3593532
1501;09:32:46.384;1.5;17.837879;3593360
1502;09:32:46.553;1.5;17.840043;3593796
1503;09:32:46.721;1.5;17.839705;3593728
1504;09:32:46.890;1.6;17.839407;3593668
1505;09:32:47.059;1.5;17.839070;3593304
1506;09:32:47.227;3.2;17.839546;3593644
1507;09:32:47.397;3.1;17.838037;3593644
1508;09:32:47.566;5.9;17.836806;3593144
1509;09:32:47.735;1.5;17.837759;3593336
1510;09:32:47.904;2.8;17.838176;3593688
1511;09:32:48.074;3.1;17.838474;3593480
1512;09:32:48.243;0.0;17.837442;3593516
1513;09:32:48.411;1.6;17.837382;3593260
1514;09:32:48.580;3.0;17.836767;3593272
1515;09:32:48.748;3.1;17.838018;3593388
1516;09:32:48.917;1.6;17.839904;3593768
1517;09:32:49.086;0.0;17.839110;3593524
1518;09:32:49.255;1.5;17.837620;3593308
1519;09:32:49.423;0.0;17.837203;3593224
1520;09:32:49.592;1.6;17.835833;3592948
1521;09:32:49.762;1.5;17.835655;3592912
1522;09:32:49.932;1.6;17.837759;3593336
1523;09:32:50.101;6.3;17.835833;3592948
1524;09:32:50.270;3.1;17.834007;3592824
1525;09:32:50.440;1.6;17.835218;3592944
1526;09:32:50.609;0.0;17.836250;3592736
1527;09:32:50.777;1.5;17.836151;3593012
1528;09:32:50.946;0.0;17.839288;3593644
1529;09:32:51.114;4.5;17.836985;3593180
1530;09:32:51.282;3.1;17.839229;3593916
1531;09:32:51.451;3.0;17.833570;3592928
1532;09:32:51.621;4.6;17.838415;3593468
1533;09:32:51.791;0.0;17.841095;3594216
1534;09:32:51.961;1.6;17.843160;3594432
1535;09:32:52.130;1.6;17.840956;3593684
1536;09:32:52.299;1.6;17.838673;3593520
1537;09:32:52.468;5.8;17.838315;3593692
1538;09:32:52.638;0.0;17.838157;3593660
1539;09:32:52.806;6.2;17.837124;3593208
1540;09:32:52.975;1.6;17.839963;3593780
1541;09:32:53.143;4.6;17.835158;3592784
1542;09:32:53.315;6.2;17.834682;3592716
1543;09:32:53.484;3.1;17.836350;3593052
1544;09:32:53.656;0.0;17.838851;3593556
1545;09:32:53.825;1.6;17.836925;3593168
1546;09:32:53.993;4.5;17.837481;3593128
1547;09:32:54.162;3.0;17.836310;3593044
1548;09:32:54.331;1.6;17.835754;3593176
1549;09:32:54.499;1.6;17.837521;3593548
1550;09:32:54.668;0.0;17.836290;3593556
1551;09:32:54.836;0.0;17.837859;3593096
1552;09:32:55.005;2.9;17.835178;3592816
1553;09:32:55.174;1.6;17.834543;3592688
1554;09:32:55.342;6.0;17.840738;3593568
1555;09:32:55.512;3.2;17.840003;3594032
1556;09:32:55.682;1.5;17.842982;3594092
1557;09:32:55.852;1.6;17.841334;3594056
1558;09:32:56.021;1.6;17.843617;3594516
1559;09:32:56.189;1.6;17.839189;3593624
1560;09:32:56.358;1.5;17.839626;3593712
1561;09:32:56.528;1.5;17.837779;3593340
1562;09:32:56.697;4.3;17.838990;3593436
1563;09:32:56.866;3.0;17.837740;3593332
1564;09:32:57.037;3.1;17.840877;3593964
1565;09:32:57.205;3.0;17.840539;3593748
1566;09:32:57.374;3.1;17.838474;3593480
1567;09:32:57.542;3.0;17.839110;3593608
1568;09:32:57.711;1.5;17.837898;3593364
1569;09:32:57.880;1.4;17.836568;3593260
1570;09:32:58.048;3.1;17.835575;3593148
1571;09:32:58.217;4.3;17.836786;3592992
1572;09:32:58.385;1.6;17.838633;3593216
1573;09:32:58.554;1.6;17.837243;3593232
1574;09:32:58.723;1.5;17.837998;3593236
1575;09:32:58.892;3.1;17.837958;3593376
1576;09:32:59.061;1.6;17.840539;3593748
1577;09:32:59.230;3.0;17.840500;3593740
1578;09:32:59.399;4.6;17.839209;3593764
1579;09:32:59.568;4.4;17.837998;3593496
1580;09:32:59.736;0.0;17.838395;3593464
1581;09:32:59.905;4.5;17.838335;3593744
1582;09:33:00.074;6.1;17.837422;3593488
1583;09:33:00.243;3.0;17.838037;3593528
1584;09:33:00.411;1.4;17.836707;3593384
1585;09:33:00.580;4.4;17.837938;3593632
1586;09:33:00.749;3.2;17.837382;3593396
1587;09:33:00.920;2.9;17.838593;3593504
1588;09:33:01.088;4.6;17.839149;3593320
1589;09:33:01.257;1.5;17.839884;3593764
1590;09:33:01.426;0.0;17.840857;3593960
1591;09:33:01.593;1.5;17.839606;3593708
1592;09:33:01.762;3.0;17.839646;3593716
1593;09:33:01.930;3.0;17.838752;3593536
1594;09:33:02.099;1.5;17.839030;3593440
1595;09:33:02.267;3.2;17.838315;3593448
1596;09:33:02.436;1.5;17.837462;3593276
1597;09:33:02.605;0.0;17.836052;3592992
1598;09:33:02.774;4.5;17.837025;3593188
1599;09:33:02.943;3.0;17.837918;3593368
1600;09:33:03.112;1.6;17.839249;3593600
1601;09:33:03.281;1.5;17.840420;3593724
1602;09:33:03.450;1.5;17.837839;3593204
1603;09:33:03.618;1.6;17.837879;3593620
1604;09:33:03.787;1.6;17.838434;3593472
1605;09:33:03.956;1.4;17.837918;3593636
1606;09:33:04.125;1.6;17.840539;3593896
1607;09:33:04.293;3.1;17.840936;3593976
1608;09:33:04.462;1.6;17.839467;3593948
1609;09:33:04.631;8.8;17.838911;3593568
1610;09:33:04.800;1.5;17.838871;3593560
1611;09:33:04.969;1.5;17.838157;3593248
1612;09:33:05.137;3.0;17.837541;3593292
1613;09:33:05.306;1.5;17.837025;3593188
1614;09:33:05.475;1.5;17.836985;3593180
1615;09:33:05.643;0.0;17.837064;3593196
1616;09:33:05.812;3.0;17.836906;3593164
1617;09:33:05.981;1.6;17.838792;3593544
1618;09:33:06.149;3.1;17.837025;3593448
1619;09:33:06.317;1.5;17.838792;3593544
1620;09:33:06.486;1.5;17.837481;3593408
1621;09:33:06.654;3.0;17.843121;3594416
1622;09:33:06.824;0.0;17.837799;3593344
1623;09:33:06.993;1.6;17.838931;3593572
1624;09:33:07.163;1.6;17.839407;3593520
1625;09:33:07.333;1.6;17.837223;3593228
1626;09:33:07.502;4.5;17.839368;3593660
1627;09:33:07.671;3.0;17.832577;3592548
1628;09:33:07.841;1.6;17.840043;3593796
1629;09:33:08.012;4.8;17.841711;3594048
1630;09:33:08.181;6.3;17.836290;3593468
1631;09:33:08.351;3.0;17.842763;3594196
1632;09:33:08.520;0.0;17.845166;3594488
1633;09:33:08.691;1.6;17.843438;3594480
1634;09:33:08.860;3.1;17.844610;3594420
1635;09:33:09.029;1.6;17.845642;3594924
1636;09:33:09.213;1.5;17.843220;3594556
1637;09:33:09.382;3.1;17.842366;3594548
1638;09:33:09.551;1.6;17.841810;3594152
1639;09:33:09.719;3.1;17.843418;3594476
1640;09:33:09.888;1.6;17.843220;3594436
1641;09:33:10.057;3.1;17.843200;3594432
1642;09:33:10.228;3.1;17.841909;3594172
1643;09:33:10.399;4.7;17.839904;3593620
1644;09:33:10.571;0.0;17.839904;3593924
1645;09:33:10.742;3.1;17.840718;3593932
1646;09:33:10.910;1.5;17.839388;3593664
1647;09:33:11.078;3.1;17.841830;3594400
1648;09:33:11.247;2.9;17.844332;3594660
1649;09:33:11.417;3.1;17.843875;3594420
1650;09:33:11.586;3.0;17.842267;3594536
1651;09:33:11.755;3.0;17.843260;3594444
1652;09:33:11.925;1.5;17.842624;3594316
1653;09:33:12.094;3.0;17.845364;3594572
1654;09:33:12.263;3.0;17.843875;3594568
1655;09:33:12.432;3.0;17.843835;3594560
1656;09:33:12.601;1.6;17.844471;3594688
1657;09:33:12.770;0.0;17.844332;3594928
1658;09:33:12.938;3.2;17.844213;3594636
1659;09:33:13.107;0.0;17.841949;3594440
1660;09:33:13.276;1.5;17.845067;3595084
1661;09:33:13.445;1.5;17.845067;3594808
1662;09:33:13.614;1.6;17.844987;3594644
1663;09:33:13.783;0.0;17.845503;3594896
1664;09:33:13.952;3.0;17.845027;3594652
1665;09:33:14.121;3.1;17.844967;3594640
1666;09:33:14.293;1.5;17.842803;3594372
1667;09:33:14.461;4.5;17.843756;3594544
1668;09:33:14.630;1.6;17.844967;3594788
1669;09:33:14.798;3.0;17.844928;3594780
1670;09:33:14.968;3.1;17.843756;3594544
1671;09:33:15.136;1.5;17.843716;3594536
1672;09:33:15.305;1.5;17.846258;3595048
1673;09:33:15.474;0.0;17.844252;3594644
1674;09:33:15.643;1.6;17.847529;3595156
1675;09:33:15.812;1.6;17.845503;3594896
1676;09:33:15.981;0.0;17.845543;3595068
1677;09:33:16.150;3.1;17.843339;3594624
1678;09:33:16.319;1.5;17.848720;3595396
1679;09:33:16.489;1.6;17.846695;3595292
1680;09:33:16.658;1.6;17.846179;3594884
1681;09:33:16.827;1.6;17.844749;3594596
1682;09:33:16.996;1.6;17.844908;3594776
1683;09:33:17.165;3.1;17.846238;3595044
1684;09:33:17.335;3.0;17.844749;3594744
1685;09:33:17.504;1.6;17.844868;3594768
1686;09:33:17.673;1.6;17.844054;3594604
1687;09:33:17.842;4.5;17.842168;3594376
1688;09:33:18.011;1.6;17.844789;3594604
1689;09:33:18.180;3.1;17.843637;3594520
1690;09:33:18.348;3.1;17.843637;3594788
1691;09:33:18.517;1.5;17.844153;3594624
1692;09:33:18.685;3.1;17.843597;3594364
1693;09:33:18.855;0.0;17.842267;3594244
1694;09:33:19.024;1.6;17.843557;3594504
1695;09:33:19.193;1.5;17.843557;3594504
1696;09:33:19.362;3.1;17.843518;3594496
1697;09:33:19.531;0.0;17.842902;3594372
1698;09:33:19.700;1.6;17.842823;3594356
1699;09:33:19.869;1.6;17.843359;3594464
1700;09:33:20.037;3.1;17.841532;3594068
1701;09:33:20.205;3.1;17.842783;3594348
1702;09:33:20.374;3.0;17.842267;3594244
1703;09:33:20.543;0.0;17.844808;3594756
1704;09:33:20.712;0.0;17.846099;3595016
1705;09:33:20.881;0.0;17.845742;3594796
1706;09:33:21.050;3.1;17.843399;3594472
1707;09:33:21.219;3.0;17.843518;3594348
1708;09:33:21.389;1.5;17.842108;3594212
1709;09:33:21.559;1.5;17.842148;3594220
1710;09:33:21.728;3.1;17.844173;3594628
1711;09:33:21.897;3.1;17.843399;3594472
1712;09:33:22.065;0.0;17.843438;3594480
1713;09:33:22.234;3.1;17.844133;3594620
1714;09:33:22.403;3.0;17.844213;3594636
1715;09:33:22.573;1.5;17.844213;3594636
1716;09:33:22.741;3.1;17.842724;3594336
1717;09:33:22.910;2.9;17.842803;3594480
1718;09:33:23.078;1.5;17.842843;3594360
1719;09:33:23.247;3.1;17.846655;3595128
1720;09:33:23.416;3.1;17.844550;3594704
1721;09:33:23.585;1.5;17.844094;3594464
1722;09:33:23.753;1.6;17.844689;3594732
1723;09:33:23.922;3.1;17.845503;3594896
1724;09:33:24.091;1.6;17.844094;3594612
1725;09:33:24.260;1.5;17.843399;3594324
1726;09:33:24.429;1.5;17.842882;3594368
1727;09:33:24.598;1.5;17.844034;3594600
1728;09:33:24.767;1.3;17.843994;3594592
1729;09:33:24.936;3.2;17.842664;3594176
1730;09:33:25.105;1.5;17.842426;3594412
1731;09:33:25.273;1.6;17.842982;3594388
1732;09:33:25.442;3.1;17.844967;3594788
1733;09:33:25.611;0.0;17.844689;3594732
1734;09:33:25.780;1.6;17.845940;3594984
1735;09:33:25.949;1.5;17.844312;3594656
1736;09:33:26.118;0.0;17.845086;3594516
1737;09:33:26.286;3.0;17.844610;3594420
1738;09:33:26.455;3.1;17.846179;3594736
1739;09:33:26.624;3.2;17.845225;3594692
1740;09:33:26.793;1.6;17.843935;3594432
1741;09:33:26.961;3.0;17.843915;3594576
1742;09:33:27.130;1.5;17.844789;3595012
1743;09:33:27.298;1.5;17.845940;3594984
1744;09:33:27.467;1.6;17.844689;3594732
1745;09:33:27.636;3.1;17.842843;3594360
1746;09:33:27.809;3.0;17.843577;3594508
1747;09:33:27.978;1.5;17.844868;3594768
1748;09:33:28.147;3.1;17.845404;3594876
1749;09:33:28.316;4.6;17.846139;3595024
1750;09:33:28.486;1.6;17.845364;3594868
1751;09:33:28.655;1.6;17.843478;3594340
1752;09:33:28.824;1.6;17.841433;3594604
1753;09:33:28.993;0.0;17.844113;3594468
1754;09:33:29.162;1.4;17.843637;3594780
1755;09:33:29.331;3.1;17.844074;3594608
1756;09:33:29.500;1.5;17.843438;3594332
1757;09:33:29.669;3.1;17.844808;3594756
1758;09:33:29.838;2.9;17.843458;3594640
1759;09:33:30.007;1.6;17.843478;3594488
1760;09:33:30.176;3.0;17.843597;3594364
1761;09:33:30.345;1.6;17.845960;3594988
1762;09:33:30.514;1.6;17.844610;3594716
1763;09:33:30.683;1.6;17.844530;3594984
1764;09:33:30.852;0.0;17.844431;3594724
1765;09:33:31.021;1.5;17.845940;3595168
1766;09:33:31.191;3.2;17.844113;3594616
1767;09:33:31.360;1.6;17.844888;3594772
1768;09:33:31.529;1.6;17.843041;3594400
1769;09:33:31.698;1.6;17.842227;3594236
1770;09:33:31.867;1.6;17.844312;3594656
1771;09:33:32.036;0.0;17.844352;3594664
1772;09:33:32.205;1.6;17.843617;3594808
1773;09:33:32.374;4.7;17.843994;3594592
1774;09:33:32.543;3.0;17.841731;3593988
1775;09:33:32.711;3.1;17.841850;3594160
1776;09:33:32.880;3.1;17.841850;3594160
1777;09:33:33.049;0.0;17.843597;3594500
1778;09:33:33.217;1.6;17.842823;3594356
1779;09:33:33.386;0.0;17.843220;3594168
1780;09:33:33.555;1.5;17.843299;3594696
1781;09:33:33.725;1.5;17.845285;3594852
1782;09:33:33.895;2.9;17.846536;3594956
1783;09:33:34.064;1.5;17.844550;3594980
1784;09:33:34.234;3.1;17.844034;3594600
1785;09:33:34.404;4.6;17.844193;3594632
1786;09:33:34.573;3.0;17.843994;3594592
1787;09:33:34.742;3.0;17.845245;3594696
1788;09:33:34.911;1.5;17.843875;3594420
1789;09:33:35.080;1.5;17.842247;3594240
1790;09:33:35.248;3.1;17.844749;3594744
1791;09:33:35.416;1.6;17.844352;3594592
1792;09:33:35.585;1.5;17.846040;3595004
1793;09:33:35.753;1.5;17.844630;3594572
1794;09:33:35.922;1.5;17.843935;3594432
1795;09:33:36.091;0.0;17.845345;3594864
1796;09:33:36.259;3.1;17.844749;3594596
1797;09:33:36.428;4.5;17.843974;3594588
1798;09:33:36.597;3.0;17.844749;3594744
1799;09:33:36.765;1.5;17.844789;3594752
1800;09:33:36.934;3.1;17.846040;3595004
1801;09:33:37.103;4.5;17.846000;3594996
1802;09:33:37.272;1.5;17.847747;3595200
1803;09:33:37.440;1.6;17.847052;3595208
1804;09:33:37.609;3.1;17.846536;3595104
1805;09:33:37.778;1.6;17.845166;3595104
1806;09:33:37.946;3.1;17.846576;3594992
1807;09:33:38.115;1.6;17.845245;3594844
1808;09:33:38.284;0.0;17.842743;3594488
1809;09:33:38.453;1.5;17.847271;3594956
1810;09:33:38.622;1.5;17.845245;3594844
1811;09:33:38.790;1.6;17.846655;3595128
1812;09:33:38.959;0.0;17.846457;3595088
1813;09:33:39.129;3.1;17.843895;3594756
1814;09:33:39.298;0.0;17.843478;3594488
1815;09:33:39.468;3.1;17.847350;3595268
1816;09:33:39.638;1.6;17.847151;3595080
1817;09:33:39.807;3.1;17.846417;3595080
1818;09:33:39.976;1.5;17.845027;3594836
1819;09:33:40.145;0.0;17.844411;3594676
1820;09:33:40.315;4.7;17.843835;3594560
1821;09:33:40.485;0.0;17.846893;3595028
1822;09:33:40.654;2.6;17.845543;3594904
1823;09:33:40.823;3.1;17.843835;3594560
1824;09:33:40.991;1.6;17.843835;3594560
1825;09:33:41.160;3.1;17.843796;3594544
1826;09:33:41.328;1.6;17.845206;3594836
1827;09:33:41.497;0.0;17.845047;3594804
1828;09:33:41.666;1.5;17.844610;3594716
1829;09:33:41.834;1.5;17.845245;3594696
1830;09:33:42.003;1.6;17.844431;3594680
1831;09:33:42.171;1.6;17.842267;3594244
1832;09:33:42.340;3.1;17.842942;3594228
1833;09:33:42.509;8.1;17.842803;3594352
1834;09:33:42.678;1.5;17.842882;3594368
1835;09:33:42.848;1.5;17.844630;3594720
1836;09:33:43.017;1.6;17.843915;3594576
1837;09:33:43.186;1.6;17.842724;3594448
1838;09:33:43.356;1.4;17.841810;3594596
1839;09:33:43.525;1.6;17.845265;3594848
1840;09:33:43.695;3.1;17.847112;3595220
1841;09:33:43.864;3.1;17.845106;3594816
1842;09:33:44.032;1.5;17.845106;3594816
1843;09:33:44.201;6.3;17.842227;3594368
1844;09:33:44.372;3.1;17.844014;3594712
1845;09:33:44.541;3.1;17.846635;3594976
1846;09:33:44.710;3.0;17.845940;3594688
1847;09:33:44.879;3.0;17.845464;3594888
1848;09:33:45.047;1.6;17.844947;3594784
1849;09:33:45.216;1.5;17.843696;3594816
1850;09:33:45.385;1.5;17.844332;3594660
1851;09:33:45.553;1.6;17.844550;3594704
1852;09:33:45.722;4.6;17.846397;3595076
1853;09:33:45.891;1.5;17.844947;3594784
1854;09:33:46.059;1.6;17.844590;3594564
1855;09:33:46.228;3.0;17.844630;3594720
1856;09:33:46.397;1.6;17.846496;3594800
1857;09:33:46.565;3.1;17.845742;3594944
1858;09:33:46.735;3.2;17.844511;3594696
1859;09:33:46.905;1.6;17.844471;3594688
1860;09:33:47.074;3.1;17.845682;3594932
1861;09:33:47.244;1.5;17.846496;3594948
1862;09:33:47.412;3.1;17.844570;3594356
1863;09:33:47.582;3.1;17.847092;3595068
1864;09:33:47.751;3.2;17.849336;3595668
1865;09:33:47.920;6.2;17.917841;3609852
1866;09:33:48.090;8.7;17.915696;3609152
1867;09:33:48.261;3.1;17.917761;3609452
1868;09:33:48.431;1.5;17.920819;3610068
1869;09:33:48.600;0.0;17.919906;3609884
1870;09:33:48.768;1.5;17.923222;3610552
1871;09:33:48.938;1.5;17.922487;3610404
1872;09:33:49.108;1.6;17.920660;3610036
1873;09:33:49.277;0.0;17.921494;3610056
1874;09:33:49.445;1.6;17.920680;3609892
1875;09:33:49.614;1.5;17.920164;3610032
1876;09:33:49.784;1.6;17.920760;3610056
1877;09:33:49.953;1.6;17.919906;3609588
1878;09:33:50.122;1.6;17.919389;3610188
1879;09:33:50.290;2.9;17.921891;3611120
1880;09:33:50.461;9.0;17.921176;3610392
1881;09:33:50.631;4.7;17.921018;3610108
1882;09:33:50.802;3.1;17.923063;3610520
1883;09:33:50.972;1.6;17.921971;3610300
1884;09:33:51.141;3.0;17.921613;3610388
1885;09:33:51.311;0.0;17.920958;3609948
1886;09:33:51.480;3.0;17.919787;3610120
1887;09:33:51.649;1.5;17.921871;3610280
1888;09:33:51.819;3.2;17.922169;3610340
1889;09:33:51.989;6.2;17.850646;3595716
1890;09:33:52.159;3.1;17.845722;3594940
1891;09:33:52.327;4.7;17.846814;3594940
1892;09:33:52.496;6.2;17.847886;3595540
1893;09:33:52.665;0.0;17.848422;3595336
1894;09:33:52.834;4.7;17.845881;3595372
1895;09:33:53.004;1.5;17.847549;3595308
1896;09:33:53.173;4.7;17.846397;3595336
1897;09:33:53.343;1.5;17.847568;3595164
1898;09:33:53.512;1.6;17.846774;3595152
1899;09:33:53.681;3.0;17.847946;3595388
1900;09:33:53.850;3.1;17.847211;3595240
1901;09:33:54.018;1.5;17.847211;3595240
1902;09:33:54.187;3.2;17.845146;3595092
1903;09:33:54.356;0.0;17.846397;3595076
1904;09:33:54.524;1.6;17.848323;3595168
1905;09:33:54.693;0.0;17.846357;3595068
1906;09:33:54.861;4.5;17.841075;3593952
1907;09:33:55.031;7.8;17.842882;3594612
1908;09:33:55.202;3.1;17.844074;3594608
1909;09:33:55.372;1.6;17.845265;3594848
1910;09:33:55.542;1.5;17.845662;3594632
1911;09:33:55.710;0.0;17.842624;3594316
1912;09:33:55.880;4.6;17.842565;3594564
1913;09:33:56.050;0.0;17.844411;3594676
1914;09:33:56.219;1.6;17.713954;3568648
1915;09:33:56.389;18.2;17.856524;3596896
1916;09:33:56.560;6.2;17.862441;3598860
1917;09:33:56.729;4.5;17.867524;3599332
1918;09:33:56.898;2.9;17.869967;3599824
1919;09:33:57.068;3.1;17.870701;3599972
1920;09:33:57.237;1.6;17.870741;3599832
1921;09:33:57.407;1.5;17.869728;3599776
1922;09:33:57.576;3.2;17.868835;3599596
1923;09:33:57.744;4.6;17.870026;3600024
1924;09:33:57.913;1.6;17.870959;3600024
1925;09:33:58.082;3.1;17.870225;3599876
1926;09:33:58.250;1.5;17.869629;3599756
1927;09:33:58.419;1.6;17.869629;3599756
1928;09:33:58.588;0.0;17.868894;3599608
1929;09:33:58.757;4.7;17.870006;3599172
1930;09:33:58.925;0.0;17.867405;3599552
1931;09:33:59.094;3.0;17.869331;3599696
1932;09:33:59.263;1.5;17.866670;3599160
1933;09:33:59.432;1.6;17.866988;3599004
1934;09:33:59.600;3.1;17.868676;3599564
1935;09:33:59.768;1.5;17.869411;3599556
1936;09:33:59.938;3.1;17.866968;3599480
1937;09:34:00.108;1.6;17.866591;3598924
1938;09:34:00.276;0.0;17.866512;3598908
1939;09:34:00.445;3.1;17.867763;3599444
1940;09:34:00.614;3.1;17.866988;3599476
1941;09:34:00.782;1.6;17.868160;3599460
1942;09:34:00.951;0.0;17.867703;3599368
1943;09:34:01.119;1.5;17.866512;3599128
1944;09:34:01.287;1.6;17.868974;3599680
1945;09:34:01.456;1.5;17.868120;3599452
1946;09:34:01.625;3.2;17.868438;3599516
1947;09:34:01.793;3.1;17.869609;3599752
1948;09:34:01.962;1.5;17.868894;3599608
1949;09:34:02.131;1.5;17.869053;3599680
1950;09:34:02.300;1.6;17.870225;3599656
1951;09:34:02.469;1.6;17.869053;3599640
1952;09:34:02.638;0.0;17.870582;3599948
1953;09:34:02.807;0.0;17.870324;3599896
1954;09:34:02.976;1.6;17.868994;3599628
1955;09:34:03.145;0.0;17.866531;3599132
1956;09:34:03.314;3.1;17.868954;3599400
1957;09:34:03.483;3.1;17.868914;3599612
1958;09:34:03.651;1.6;17.870245;3599880
1959;09:34:03.820;1.5;17.870284;3599888
1960;09:34:03.989;3.1;17.869113;3599652
1961;09:34:04.158;6.2;17.868994;3599408
1962;09:34:04.327;0.0;17.867743;3599376
1963;09:34:04.496;1.5;17.868914;3599612
1964;09:34:04.665;1.6;17.869232;3599968
1965;09:34:04.835;0.0;17.869073;3599644
1966;09:34:05.004;0.0;17.870245;3599880
1967;09:34:05.173;4.6;17.870483;3599928
1968;09:34:05.342;1.5;17.867941;3599416
1969;09:34:05.512;3.1;17.868219;3599472
1970;09:34:05.681;0.0;17.869748;3599780
1971;09:34:05.850;3.2;17.868974;3599624
1972;09:34:06.020;4.6;17.867763;3599680
1973;09:34:06.188;0.0;17.869113;3599652
1974;09:34:06.357;0.0;17.869113;3599652
1975;09:34:06.526;1.6;17.867763;3599380
1976;09:34:06.695;1.6;17.870384;3599908
1977;09:34:06.864;1.6;17.869133;3599656
1978;09:34:07.033;0.0;17.868080;3599444
1979;09:34:07.202;1.6;17.867604;3599404
1980;09:34:07.372;0.0;17.867564;3599340
1981;09:34:07.542;1.6;17.866432;3599348
1982;09:34:07.712;0.0;17.868855;3599600
1983;09:34:07.881;3.0;17.868080;3599444
1984;09:34:08.052;1.6;17.867584;3599124
1985;09:34:08.220;1.6;17.866412;3599108
1986;09:34:08.390;3.1;17.866214;3599068
1987;09:34:08.559;0.0;17.870125;3599856
1988;09:34:08.728;3.2;17.870403;3600180
1989;09:34:08.898;3.2;17.871416;3599896
1990;09:34:09.066;4.5;17.865757;3598976
1991;09:34:09.236;1.6;17.867425;3599092
1992;09:34:09.405;3.1;17.867425;3599312
1993;09:34:09.576;1.5;17.868636;3599556
1994;09:34:09.745;1.5;17.869272;3599464
1995;09:34:09.914;0.0;17.869152;3599660
1996;09:34:10.083;4.5;17.868557;3599540
1997;09:34:10.252;1.6;17.867425;3599400
1998;09:34:10.421;1.6;17.869391;3599488
1999;09:34:10.592;0.0;17.867445;3599316
2000;09:34:10.788;1.6;17.869113;3599432
2001;09:34:10.957;1.5;17.867941;3599416
2002;09:34:11.127;3.2;17.867187;3599328
2003;09:34:11.296;1.6;17.869808;3599792
2004;09:34:11.465;3.1;17.868716;3599572
2005;09:34:11.634;1.5;17.866373;3599100
2006;09:34:11.804;1.6;17.865916;3599276
2007;09:34:11.974;0.0;17.869828;3599576
2008;09:34:12.144;0.0;17.868775;3599364
2009;09:34:12.313;1.6;17.868616;3599332
2010;09:34:12.482;3.0;17.867365;3599300
2011;09:34:12.650;1.6;17.867365;3599300
2012;09:34:12.823;1.6;17.867207;3599332
2013;09:34:12.993;3.1;17.866134;3599052
2014;09:34:13.162;0.0;17.866015;3599320
2015;09:34:13.331;1.6;17.867385;3599304
2016;09:34:13.501;0.0;17.868398;3599508
2017;09:34:13.670;1.3;17.871337;3599880
2018;09:34:13.839;0.0;17.869887;3599808
2019;09:34:14.008;1.5;17.869768;3599564
2020;09:34:14.177;1.5;17.868477;3599524
2021;09:34:14.345;1.6;17.868477;3599304
2022;09:34:14.514;3.1;17.868438;3599516
2023;09:34:14.683;1.6;17.869609;3599752
2024;09:34:14.852;1.6;17.869530;3599516
2025;09:34:15.021;3.2;17.868160;3599240
2026;09:34:15.189;1.6;17.868477;3599524
2027;09:34:15.358;3.1;17.868438;3599516
2028;09:34:15.529;0.0;17.867385;3599304
2029;09:34:15.697;3.1;17.870562;3599944
2030;09:34:15.866;4.6;17.870443;3599920
2031;09:34:16.036;1.5;17.870046;3599840
2032;09:34:16.204;1.6;17.869887;3599848
2033;09:34:16.373;1.6;17.870086;3599848
2034;09:34:16.543;1.6;17.871575;3600148
2035;09:34:16.712;1.6;17.869033;3599636
2036;09:34:16.882;1.6;17.869152;3599660
2037;09:34:17.051;3.1;17.867266;3599060
2038;09:34:17.220;0.0;17.868636;3599556
2039;09:34:17.389;4.7;17.870046;3599840
2040;09:34:17.558;3.1;17.870046;3600100
2041;09:34:17.726;1.5;17.870245;3599880
2042;09:34:17.896;1.6;17.870284;3599888
2043;09:34:18.065;3.0;17.871257;3600084
2044;09:34:18.234;3.0;17.868914;3599856
2045;09:34:18.403;0.0;17.870245;3599880
2046;09:34:18.573;1.6;17.869847;3599580
2047;09:34:18.741;3.1;17.867902;3599188
2048;09:34:18.910;1.6;17.866333;3599336
2049;09:34:19.079;1.5;17.866373;3599100
2050;09:34:19.247;1.6;17.868755;3599360
2051;09:34:19.416;1.5;17.867743;3599376
2052;09:34:19.584;1.6;17.866690;3599164
2053;09:34:19.753;2.6;17.868100;3599448
2054;09:34:19.922;3.1;17.869311;3599252
2055;09:34:20.090;1.6;17.867782;3599608
2056;09:34:20.260;1.4;17.869867;3599804
2057;09:34:20.429;0.0;17.867068;3599240
2058;09:34:20.599;1.6;17.868557;3599768
2059;09:34:20.767;3.1;17.868517;3599532
2060;09:34:20.937;3.0;17.868795;3599588
2061;09:34:21.108;3.1;17.869629;3599756
2062;09:34:21.277;1.5;17.869391;3599708
2063;09:34:21.446;3.1;17.868597;3599548
2064;09:34:21.616;4.1;17.867346;3599556
2065;09:34:21.785;1.6;17.866472;3599120
2066;09:34:21.953;4.5;17.865082;3598840
2067;09:34:22.122;1.5;17.864824;3598788
2068;09:34:22.292;1.5;17.863315;3598484
2069;09:34:22.462;1.6;17.865122;3598848
2070;09:34:22.632;1.5;17.865360;3598896
2071;09:34:22.802;1.6;17.866889;3599204
2072;09:34:22.971;1.5;17.866373;3599100
2073;09:34:23.139;1.6;17.866412;3599108
2074;09:34:23.308;1.6;17.866412;3599108
2075;09:34:23.477;1.6;17.867981;3599424
2076;09:34:23.645;3.1;17.864665;3598756
2077;09:34:23.816;4.7;17.865797;3599188
2078;09:34:23.985;1.6;17.866849;3599424
2079;09:34:24.153;1.6;17.868120;3599452
2080;09:34:24.323;0.0;17.873362;3600508
2081;09:34:24.492;6.1;17.867365;3599300
2082;09:34:24.662;3.0;17.867187;3599540
2083;09:34:24.832;3.2;17.870245;3599584
2084;09:34:25.002;3.0;17.864724;3599052
2085;09:34:25.173;1.6;17.865141;3598852
2086;09:34:25.342;3.1;17.865300;3598884
2087;09:34:25.510;0.0;17.865300;3599136
2088;09:34:25.681;1.6;17.864943;3599048
2089;09:34:25.851;0.0;17.864645;3598752
2090;09:34:26.020;3.0;17.864466;3598716
2091;09:34:26.189;1.5;17.864824;3599048
2092;09:34:26.358;3.1;17.864705;3598764
2093;09:34:26.526;1.6;17.865678;3598960
2094;09:34:26.695;1.5;17.866432;3599112
2095;09:34:26.864;3.1;17.865658;3598956
2096;09:34:27.033;3.0;17.866631;3599152
2097;09:34:27.202;0.0;17.866690;3599164
2098;09:34:27.371;1.5;17.865320;3598888
2099;09:34:27.540;4.8;17.864248;3598452
2100;09:34:27.710;3.2;17.864744;3598772
2101;09:34:27.880;1.6;17.863672;3598780
2102;09:34:28.050;1.6;17.864169;3598656
2103;09:34:28.219;1.6;17.864824;3598568
2104;09:34:28.387;3.1;17.865261;3598656
2105;09:34:28.557;0.0;17.863017;3598424
2106;09:34:28.727;3.0;17.863235;3598468
2107;09:34:28.896;1.6;17.862262;3598272
2108;09:34:29.065;0.0;17.861210;3598060
2109;09:34:29.234;1.6;17.861031;3598284
2110;09:34:29.404;3.2;17.863692;3598560
2111;09:34:29.573;1.6;17.862620;3598536
2112;09:34:29.742;3.1;17.863017;3598424
2113;09:34:29.912;1.5;17.862719;3598144
2114;09:34:30.081;0.0;17.863374;3598496
2115;09:34:30.250;1.6;17.862759;3598372
2116;09:34:30.420;1.6;17.863235;3598728
2117;09:34:30.590;3.1;17.864367;3598696
2118;09:34:30.759;0.0;17.863672;3598556
2119;09:34:30.928;1.6;17.864188;3598660
2120;09:34:31.097;4.5;17.863057;3598432
2121;09:34:31.266;0.0;17.861806;3598456
2122;09:34:31.436;3.0;17.862739;3598456
2123;09:34:31.605;1.5;17.862858;3598392
2124;09:34:31.774;1.6;17.866770;3598736
2125;09:34:31.944;4.5;17.865400;3598904
2126;09:34:32.116;3.2;17.864764;3598556
2127;09:34:32.289;0.0;17.859760;3597768
2128;09:34:32.458;3.1;17.861150;3598324
2129;09:34:32.628;1.5;17.865975;3599020
2130;09:34:32.797;1.5;17.863235;3598736
2131;09:34:32.965;1.6;17.865062;3598836
2132;09:34:33.136;4.5;17.864427;3598488
2133;09:34:33.306;3.1;17.863335;3598268
2134;09:34:33.476;1.6;17.862044;3598228
2135;09:34:33.644;3.1;17.862084;3598512
2136;09:34:33.813;6.1;17.865539;3598932
2137;09:34:33.982;1.6;17.863652;3598552
2138;09:34:34.151;3.0;17.863811;3598600
2139;09:34:34.321;3.1;17.863176;3598236
2140;09:34:34.490;1.5;17.863533;3598528
2141;09:34:34.660;1.6;17.862739;3598148
2142;09:34:34.832;4.6;17.864526;3598728
2143;09:34:35.002;3.0;17.861925;3598204
2144;09:34:35.171;3.1;17.860674;3597952
2145;09:34:35.340;0.0;17.860753;3597968
2146;09:34:35.510;4.7;17.862143;3598248
2147;09:34:35.679;1.5;17.861547;3598128
2148;09:34:35.848;1.6;17.861865;3598528
2149;09:34:36.017;1.6;17.863096;3598440
2150;09:34:36.188;3.2;17.862659;3598352
2151;09:34:36.358;4.7;17.861945;3598312
2152;09:34:36.527;3.1;17.862421;3598304
2153;09:34:36.696;1.6;17.862342;3598288
2154;09:34:36.864;3.1;17.863354;3598492
2155;09:34:37.034;4.6;17.864764;3599052
2156;09:34:37.205;6.0;17.862699;3598360
2157;09:34:37.375;1.6;17.862183;3598256
2158;09:34:37.544;3.0;17.854340;3596676
2159;09:34:37.714;3.1;17.859760;3597356
2160;09:34:37.884;6.2;17.860098;3597836
2161;09:34:38.054;4.5;17.860217;3598128
2162;09:34:38.224;1.5;17.861150;3598436
2163;09:34:38.394;6.1;17.861428;3598104
2164;09:34:38.564;3.0;17.863930;3598608
2165;09:34:38.733;1.6;17.863930;3598608
2166;09:34:38.901;3.1;17.863692;3598560
2167;09:34:39.071;0.0;17.862957;3598412
2168;09:34:39.240;0.0;17.863493;3598520
2169;09:34:39.409;3.0;17.864367;3598696
2170;09:34:39.578;0.0;17.863930;3598608
2171;09:34:39.747;1.6;17.863076;3598584
2172;09:34:39.917;0.0;17.865578;3598940
2173;09:34:40.086;3.1;17.863851;3598592
2174;09:34:40.256;1.6;17.865102;3598844
2175;09:34:40.425;3.1;17.865340;3598892
2176;09:34:40.594;1.6;17.864744;3598620
2177;09:34:40.764;1.6;17.864268;3598528
2178;09:34:40.934;3.1;17.864844;3598792
2179;09:34:41.103;1.6;17.864308;3598684
2180;09:34:41.272;3.1;17.864883;3598652
2181;09:34:41.441;1.6;17.865161;3598856
2182;09:34:41.610;3.3;17.863315;3598484
2183;09:34:41.780;1.5;17.862779;3598376
2184;09:34:41.949;1.6;17.864069;3598636
2185;09:34:42.117;0.0;17.863791;3598580
2186;09:34:42.286;1.5;17.863632;3598400
2187;09:34:42.457;1.6;17.866551;3599136
2188;09:34:42.626;3.0;17.862242;3598468
2189;09:34:42.796;1.6;17.860654;3597948
2190;09:34:42.964;1.6;17.862779;3598376
2191;09:34:43.134;1.6;17.861806;3598180
2192;09:34:43.302;1.5;17.863950;3598612
2193;09:34:43.472;0.0;17.865598;3598796
2194;09:34:43.641;1.5;17.864665;3598868
2195;09:34:43.810;3.1;17.866730;3599172
2196;09:34:43.979;1.6;17.865122;3598848
2197;09:34:44.148;1.6;17.864387;3598700
2198;09:34:44.317;1.6;17.864744;3598624
2199;09:34:44.488;0.0;17.864824;3598640
2200;09:34:44.658;3.1;17.863374;3598348
2201;09:34:44.827;1.6;17.862362;3598292
2202;09:34:44.996;4.5;17.863930;3598608
2203;09:34:45.165;3.1;17.863732;3598568
2204;09:34:45.334;1.5;17.864764;3598776
2205;09:34:45.503;0.0;17.863811;3598436
2206;09:34:45.672;1.6;17.864049;3598632
2207;09:34:45.842;3.2;17.863255;3598472
2208;09:34:46.011;0.0;17.861885;3598248
2209;09:34:46.180;1.5;17.860019;3597820
2210;09:34:46.349;3.2;17.859463;3597952
2211;09:34:46.518;3.1;17.862004;3598488
2212;09:34:46.687;3.2;17.863414;3598504
2213;09:34:46.856;1.6;17.863414;3598504
2214;09:34:47.025;1.6;17.861250;3598068
2215;09:34:47.194;4.5;17.863732;3598568
2216;09:34:47.364;1.6;17.866889;3599204
2217;09:34:47.533;0.0;17.866253;3599076
2218;09:34:47.702;1.6;17.863771;3598576
2219;09:34:47.873;1.6;17.863474;3598516
2220;09:34:48.042;3.3;17.867524;3599332
2221;09:34:48.211;1.6;17.863613;3598544
2222;09:34:48.380;1.5;17.864010;3598624
2223;09:34:48.549;1.6;17.864327;3598688
2224;09:34:48.719;3.2;17.864844;3598792
2225;09:34:48.890;3.0;17.864983;3598820
2226;09:34:49.059;1.6;17.862957;3598616
2227;09:34:49.229;3.1;17.864308;3598684
2228;09:34:49.399;1.6;17.865320;3598588
2229;09:34:49.568;1.6;17.864188;3598660
2230;09:34:49.737;3.2;17.864764;3598776
2231;09:34:49.906;3.1;17.865836;3598480
2232;09:34:50.077;4.6;17.860396;3597896
2233;09:34:50.247;4.7;17.859919;3598100
2234;09:34:50.416;3.1;17.861786;3598176
2235;09:34:50.587;1.6;17.864069;3598636
2236;09:34:50.756;1.6;17.862501;3598320
2237;09:34:50.928;1.5;17.861488;3598368
2238;09:34:51.098;4.5;17.863871;3598596
2239;09:34:51.267;1.6;17.863513;3598376
2240;09:34:51.436;4.6;17.864188;3598660
2241;09:34:51.606;3.1;17.863354;3598492
2242;09:34:51.775;3.1;17.864149;3598652
2243;09:34:51.944;4.5;17.863275;3598716
2244;09:34:52.113;3.2;17.862580;3598336
2245;09:34:52.282;1.6;17.862659;3598352
2246;09:34:52.451;1.5;17.864308;3598684
2247;09:34:52.621;3.0;17.863513;3598524
2248;09:34:52.790;3.1;17.864705;3598764
2249;09:34:52.959;1.5;17.864407;3598704
2250;09:34:53.128;1.6;17.859840;3598044
2251;09:34:53.298;4.7;17.865797;3599176
2252;09:34:53.468;1.6;17.861786;3598176
2253;09:34:53.638;2.9;17.862044;3598528
2254;09:34:53.807;4.5;17.864248;3598524
2255;09:34:53.977;5.9;17.861428;3598104
2256;09:34:54.147;1.3;17.859860;3597788
2257;09:34:54.316;1.6;17.858807;3597576
2258;09:34:54.485;1.6;17.858212;3597456
2259;09:34:54.655;3.1;17.858926;3597600
2260;09:34:54.824;1.5;17.857715;3597356
2261;09:34:54.992;3.1;17.858529;3597520
2262;09:34:55.161;4.5;17.861111;3598040
2263;09:34:55.331;4.5;17.860138;3597888
2264;09:34:55.501;1.5;17.860435;3597608
2265;09:34:55.671;1.5;17.858728;3597560
2266;09:34:55.841;4.5;17.858907;3597776
2267;09:34:56.011;0.0;17.864685;3598296
2268;09:34:56.180;1.5;17.858728;3597308
2269;09:34:56.349;1.6;17.859224;3597660
2270;09:34:56.518;0.0;17.857934;3597252
2271;09:34:56.687;1.6;17.857318;3597276
2272;09:34:56.856;0.0;17.856683;3597148
2273;09:34:57.025;2.9;17.859423;3597844
2274;09:34:57.194;3.2;17.856444;3597100
2275;09:34:57.365;1.5;17.858212;3597456
2276;09:34:57.533;1.6;17.856782;3597168
2277;09:34:57.702;0.0;17.855471;3597148
2278;09:34:57.871;3.0;17.856484;3597108
2279;09:34:58.040;3.1;17.857318;3596948
2280;09:34:58.209;4.5;17.855571;3596776
2281;09:34:58.379;1.6;17.859800;3597776
2282;09:34:58.548;1.6;17.859244;3597516
2283;09:34:58.717;3.1;17.858629;3597392
2284;09:34:58.886;1.6;17.858509;3597516
2285;09:34:59.055;1.6;17.860078;3597832
2286;09:34:59.223;3.1;17.858430;3597500
2287;09:34:59.392;1.5;17.857914;3597248
2288;09:34:59.562;0.0;17.856623;3597136
2289;09:34:59.730;1.5;17.857675;3597500
2290;09:34:59.900;3.1;17.856961;3597204
2291;09:35:00.069;3.1;17.857874;3597388
2292;09:35:00.238;1.6;17.856802;3597172
2293;09:35:00.407;1.5;17.858053;3597424
2294;09:35:00.576;3.2;17.852791;3596576
2295;09:35:00.745;1.6;17.853903;3596588
2296;09:35:00.914;1.6;17.859899;3597648
2297;09:35:01.083;1.6;17.859800;3597480
2298;09:35:01.252;3.0;17.857258;3597264
2299;09:35:01.421;3.2;17.855332;3597120
2300;09:35:01.590;1.6;17.858490;3597512
2301;09:35:01.758;0.0;17.858370;3597188
2302;09:35:01.927;1.5;17.857080;3597364
2303;09:35:02.096;1.6;17.856524;3597360
2304;09:35:02.266;1.5;17.858529;3597616
2305;09:35:02.434;1.6;17.858549;3597524
2306;09:35:02.603;0.0;17.859383;3597692
2307;09:35:02.772;1.6;17.859363;3597168
2308;09:35:02.941;3.1;17.857576;3597328
2309;09:35:03.110;3.2;17.859284;3597376
2310;09:35:03.279;3.1;17.856484;3597108
2311;09:35:03.448;1.6;17.858033;3597272
2312;09:35:03.617;4.7;17.855213;3596852
2313;09:35:03.786;1.6;17.855948;3597260
2314;09:35:03.954;1.6;17.860177;3597852
2315;09:35:04.123;4.7;17.861170;3598052
2316;09:35:04.292;1.6;17.859185;3597652
2317;09:35:04.461;3.2;17.858033;3597272
2318;09:35:04.630;0.0;17.859065;3597628
2319;09:35:04.798;1.5;17.859185;3597652
2320;09:35:04.968;1.6;17.858509;3597516
2321;09:35:05.136;1.6;17.860435;3597904
2322;09:35:05.305;3.1;17.857219;3597256
2323;09:35:05.474;4.5;17.855769;3596964
2324;09:35:05.644;4.4;17.856603;3596836
2325;09:35:05.813;1.5;17.858887;3597592
2326;09:35:05.984;1.6;17.857755;3597364
2327;09:35:06.153;1.6;17.856921;3597204
2328;09:35:06.323;1.6;17.855372;3596884
2329;09:35:06.493;4.7;17.855888;3596912
2330;09:35:06.661;1.5;17.857080;3597496
2331;09:35:06.830;4.8;17.855710;3596952
2332;09:35:07.000;0.0;17.856444;3597116
2333;09:35:07.169;1.6;17.856881;3596892
2334;09:35:07.338;1.6;17.858152;3597444
2335;09:35:07.506;3.0;17.855392;3597140
2336;09:35:07.675;1.5;17.857318;3597128
2337;09:35:07.844;3.0;17.858370;3597488
2338;09:35:08.013;4.6;17.856941;3597556
2339;09:35:08.183;3.2;17.862163;3598252
2340;09:35:08.353;3.1;17.861587;3598136
2341;09:35:08.521;1.6;17.862759;3598640
2342;09:35:08.690;1.6;17.864089;3598640
2343;09:35:08.859;1.6;17.863255;3598472
2344;09:35:09.027;1.6;17.862679;3598356
2345;09:35:09.197;5.8;17.862858;3598452
2346;09:35:09.367;0.0;17.861726;3598164
2347;09:35:09.535;3.0;17.861448;3598108
2348;09:35:09.707;1.6;17.861686;3597896
2349;09:35:09.876;0.0;17.861011;3597872
2350;09:35:10.045;3.1;17.858609;3597536
2351;09:35:10.214;4.7;17.857934;3597400
2352;09:35:10.384;2.9;17.861309;3598200
2353;09:35:10.553;0.0;17.861865;3598192
2354;09:35:10.721;1.5;17.864863;3598648
2355;09:35:10.890;7.8;17.774417;3580576
2356;09:35:11.062;7.6;17.765184;3578716
2357;09:35:11.231;0.0;17.769652;3579980
2358;09:35:11.401;3.0;17.770823;3579704
2359;09:35:11.570;0.0;17.770644;3579816
2360;09:35:11.739;1.5;17.770069;3579968
2361;09:35:11.907;2.9;17.770744;3579836
2362;09:35:12.076;1.6;17.770069;3579968
2363;09:35:12.245;3.1;17.773087;3580160
2364;09:35:12.414;0.0;17.771816;3580052
2365;09:35:12.583;1.5;17.770664;3579820
2366;09:35:12.752;0.0;17.772074;3580104
2367;09:35:12.921;3.1;17.773802;3580452
2368;09:35:13.089;1.6;17.773762;3580444
2369;09:35:13.258;1.6;17.778408;3580720
2370;09:35:13.427;1.6;17.774894;3580696
2371;09:35:13.596;3.1;17.773682;3580648
2372;09:35:13.765;3.2;17.785219;3581600
2373;09:35:13.947;2.9;17.784187;3582544
2374;09:35:14.115;6.2;17.793142;3584348
2375;09:35:14.285;1.6;17.790302;3583556
2376;09:35:14.453;3.2;17.787959;3583304
2377;09:35:14.622;0.0;17.787840;3583524
2378;09:35:14.792;3.1;17.789091;3583532
2379;09:35:14.961;1.6;17.789051;3583304
2380;09:35:15.129;1.5;17.789488;3583612
2381;09:35:15.300;0.0;17.791593;3584296
2382;09:35:15.469;3.1;17.791474;3583792
2383;09:35:15.637;1.6;17.790322;3583780
2384;09:35:15.807;1.5;17.790322;3583780
2385;09:35:15.976;1.5;17.791653;3584048
2386;09:35:16.145;4.5;17.794254;3584572
2387;09:35:16.313;1.5;17.794214;3584564
2388;09:35:16.482;3.1;17.793003;3584328
2389;09:35:16.651;0.0;17.791831;3584084
2390;09:35:16.820;1.6;17.793122;3584344
2391;09:35:16.989;4.6;17.793043;3584328
2392;09:35:17.158;1.6;17.791752;3584068
2393;09:35:17.326;1.5;17.791712;3584060
2394;09:35:17.495;3.0;17.791831;3583864
2395;09:35:17.663;4.5;17.792904;3584300
2396;09:35:17.833;0.0;17.794095;3584540
2397;09:35:18.002;3.1;17.792526;3584224
2398;09:35:18.171;1.6;17.798007;3585328
2399;09:35:18.341;0.0;17.796637;3585052
2400;09:35:18.509;1.6;17.796319;3584768
2401;09:35:18.678;4.6;17.795227;3584548
2402;09:35:18.848;1.5;17.793936;3584784
2403;09:35:19.017;3.2;17.795187;3584760
2404;09:35:19.186;3.2;17.795286;3584780
2405;09:35:19.355;1.5;17.795326;3584788
2406;09:35:19.524;3.0;17.794155;3584552
2407;09:35:19.692;0.0;17.794194;3584608
2408;09:35:19.861;1.6;17.797967;3585100
2409;09:35:20.030;1.6;17.796756;3585352
2410;09:35:20.199;3.1;17.796597;3584824
2411;09:35:20.368;1.5;17.796478;3585020
2412;09:35:20.537;1.5;17.796438;3585012
2413;09:35:20.707;1.5;17.794294;3584580
2414;09:35:20.875;1.6;17.795465;3584816
2415;09:35:21.044;1.6;17.794671;3585192
2416;09:35:21.214;0.0;17.797153;3585376
2417;09:35:21.452;4.5;17.796517;3585028
2418;09:35:21.621;0.0;17.796359;3584996
2419;09:35:21.789;0.0;17.795167;3584756
2420;09:35:21.958;1.5;17.795247;3584772
2421;09:35:22.126;3.2;17.791573;3584504
2422;09:35:22.295;1.6;17.795564;3584836
2423;09:35:22.464;3.1;17.797788;3585284
2424;09:35:22.632;2.9;17.789727;3584356
2425;09:35:22.802;4.8;17.794730;3584668
2426;09:35:22.972;4.8;17.791335;3583908
2427;09:35:23.422;4.8;17.790481;3584332
2428;09:35:23.592;3.2;17.792109;3584140
2429;09:35:23.761;1.6;17.792308;3584036
2430;09:35:23.931;1.6;17.795862;3584676
2431;09:35:24.100;1.6;17.795068;3584956
2432;09:35:24.268;3.1;17.798324;3585392
2433;09:35:24.437;0.0;17.796994;3585124
2434;09:35:24.605;1.6;17.795544;3584832
2435;09:35:24.774;3.0;17.796557;3585036
2436;09:35:24.943;0.0;17.797768;3585060
2437;09:35:25.112;1.5;17.796517;3585028
2438;09:35:25.281;1.4;17.798126;3585132
2439;09:35:25.449;1.6;17.795942;3584912
2440;09:35:25.618;1.6;17.795266;3584776
2441;09:35:25.786;3.2;17.795108;3584524
2442;09:35:25.955;1.5;17.794055;3584532
2443;09:35:26.124;1.6;17.792348;3584336
2444;09:35:26.293;3.0;17.792963;3584092
2445;09:35:26.461;3.1;17.792268;3584172
2446;09:35:26.630;1.6;17.791494;3584016
2447;09:35:26.798;1.5;17.790481;3583812
2448;09:35:26.968;0.0;17.790163;3583748
2449;09:35:27.137;1.5;17.792765;3584272
2450;09:35:27.306;2.9;17.794413;3584604
2451;09:35:27.475;0.0;17.794294;3584580
2452;09:35:27.644;3.1;17.792963;3584312
2453;09:35:27.813;1.6;17.793976;3584516
2454;09:35:27.983;0.0;17.794016;3584304
2455;09:35:28.152;1.6;17.794055;3584540
2456;09:35:28.321;1.5;17.795465;3584816
2457;09:35:28.489;1.5;17.795346;3584572
2458;09:35:28.658;0.0;17.792923;3584304
2459;09:35:28.826;3.1;17.793043;3584328
2460;09:35:28.995;1.5;17.794214;3584564
2461;09:35:29.164;7.5;17.782221;3582480
2462;09:35:29.339;6.3;17.789071;3583308
2463;09:35:29.508;1.6;17.786688;3583064
2464;09:35:29.677;1.4;17.788555;3583204
2465;09:35:29.845;3.0;17.789210;3583556
2466;09:35:30.019;1.5;17.790858;3583904
2467;09:35:30.189;1.5;17.789210;3583556
2468;09:35:30.358;1.4;17.789409;3584696
2469;09:35:30.528;9.2;17.737008;3572608
2470;09:35:30.700;7.8;17.514794;3528276
