ID; Time; Network interface; TBPS; RBPS
1;20:55:24.770;enp0s25;0;0
2;20:55:25.782;enp0s25;52485;1115711
3;20:55:26.789;enp0s25;27816;827093
4;20:55:27.803;enp0s25;14484;616372
5;20:55:28.814;enp0s25;14607;625550
6;20:55:29.823;enp0s25;16503;631628
7;20:55:30.830;enp0s25;13580;566418
8;20:55:31.841;enp0s25;13580;576910
9;20:55:32.854;enp0s25;14560;619744
10;20:55:33.863;enp0s25;14630;622487
11;20:55:34.878;enp0s25;14490;619515
12;20:55:35.894;enp0s25;14630;622380
13;20:55:36.910;enp0s25;9940;420550
14;20:55:37.924;enp0s25;13720;585948
15;20:55:38.939;enp0s25;14624;619472
16;20:55:39.951;enp0s25;14700;628452
17;20:55:40.966;enp0s25;14490;619408
18;20:55:41.982;enp0s25;14560;619344
19;20:55:42.996;enp0s25;14000;593602
20;20:55:44.008;enp0s25;13090;558624
21;20:55:45.017;enp0s25;14490;619408
22;20:55:46.033;enp0s25;14770;628452
23;20:55:47.048;enp0s25;11130;473680
24;20:55:48.061;enp0s25;14210;605682
25;20:55:49.069;enp0s25;112502;4227758
26;20:55:50.077;enp0s25;127835;5742594
27;20:55:51.084;enp0s25;61100;1834641
28;20:55:52.091;enp0s25;478;344
29;20:55:53.106;enp0s25;0;64
30;20:55:54.119;enp0s25;0;0
31;20:55:55.133;enp0s25;0;64
32;20:55:56.148;enp0s25;0;0
33;20:55:57.162;enp0s25;0;64
34;20:55:58.170;enp0s25;0;0
35;20:55:59.185;enp0s25;0;64
36;20:56:00.195;enp0s25;64;64
37;20:56:01.206;enp0s25;0;64
38;20:56:02.214;enp0s25;0;0
39;20:56:03.221;enp0s25;0;64
40;20:56:04.229;enp0s25;0;107
41;20:56:05.238;enp0s25;0;171
42;20:56:06.246;enp0s25;0;0
43;20:56:07.262;enp0s25;0;64
44;20:56:08.280;enp0s25;1866;7515
45;20:56:09.296;enp0s25;0;64
46;20:56:10.303;enp0s25;6778;24611
47;20:56:11.310;enp0s25;2642;37227
48;20:56:12.317;enp0s25;0;0
49;20:56:13.324;enp0s25;0;64
50;20:56:14.331;enp0s25;0;0
51;20:56:15.337;enp0s25;98638;2726498
52;20:56:16.344;enp0s25;167418;7137398
53;20:56:17.353;enp0s25;176260;7143032
54;20:56:18.361;enp0s25;175350;7086154
55;20:56:19.369;enp0s25;176470;7079534
56;20:56:20.378;enp0s25;168838;7138512
57;20:56:21.386;enp0s25;169328;7055026
58;20:56:22.394;enp0s25;176604;7136348
59;20:56:23.401;enp0s25;176330;7138576
60;20:56:24.409;enp0s25;176470;7139626
61;20:56:25.417;enp0s25;176190;7137462
62;20:56:26.425;enp0s25;175630;7139626
63;20:56:27.435;enp0s25;99024;4054856
64;20:56:28.445;enp0s25;0;0
65;20:56:29.454;enp0s25;0;64
66;20:56:30.460;enp0s25;0;0
67;20:56:31.468;enp0s25;0;64
68;20:56:32.477;enp0s25;0;0
69;20:56:33.485;enp0s25;64;128
70;20:56:34.492;enp0s25;0;0
71;20:56:35.500;enp0s25;0;171
72;20:56:36.511;enp0s25;0;107
73;20:56:37.520;enp0s25;0;64
74;20:56:38.527;enp0s25;6666;11686
75;20:56:39.535;enp0s25;70;415
76;20:56:40.549;enp0s25;0;0
77;20:56:41.564;enp0s25;929;719
78;20:56:42.623;enp0s25;0;0
79;20:56:43.632;enp0s25;5944;10667
80;20:56:44.639;enp0s25;993;719
81;20:56:45.646;enp0s25;0;64
82;20:56:46.658;enp0s25;2488;11125
83;20:56:47.673;enp0s25;8952;25932
84;20:56:48.682;enp0s25;3752;11567
85;20:56:49.690;enp0s25;86734;2214628
86;20:56:50.703;enp0s25;162626;7167930
87;20:56:51.714;enp0s25;163310;7163500
88;20:56:52.722;enp0s25;163240;7161938
89;20:56:53.730;enp0s25;162890;7163554
90;20:56:54.740;enp0s25;153068;7163828
91;20:56:55.747;enp0s25;163514;7161328
92;20:56:56.760;enp0s25;157422;7169080
93;20:56:57.772;enp0s25;95704;4404434
94;20:56:58.781;enp0s25;0;0
95;20:56:59.787;enp0s25;0;1214
96;20:57:00.796;enp0s25;0;64
97;20:57:01.805;enp0s25;0;0
98;20:57:02.815;enp0s25;0;64
99;20:57:03.830;enp0s25;0;0
100;20:57:04.845;enp0s25;0;64
101;20:57:05.852;enp0s25;0;0
102;20:57:06.859;enp0s25;64;647
103;20:57:07.866;enp0s25;1849;8301
104;20:57:08.879;enp0s25;0;64
105;20:57:09.889;enp0s25;9272;76159
106;20:57:10.901;enp0s25;61363;2016453
107;20:57:11.911;enp0s25;64155;2082095
108;20:57:12.920;enp0s25;38220;1683526
109;20:57:13.929;enp0s25;37030;1616670
110;20:57:14.939;enp0s25;37380;1635020
111;20:57:15.952;enp0s25;37310;1628814
112;20:57:16.965;enp0s25;36960;1626306
113;20:57:17.975;enp0s25;36744;1607626
114;20:57:18.985;enp0s25;101069;5064112
115;20:57:19.995;enp0s25;155986;7130469
116;20:57:21.002;enp0s25;420;15808
117;20:57:22.008;enp0s25;414;344
118;20:57:23.020;enp0s25;64;128
119;20:57:24.028;enp0s25;0;0
120;20:57:25.034;enp0s25;0;64
121;20:57:26.041;enp0s25;0;0
122;20:57:27.047;enp0s25;0;64
123;20:57:28.058;enp0s25;1860;7579
124;20:57:29.067;enp0s25;0;64
125;20:57:30.075;enp0s25;9068;60897
126;20:57:31.084;enp0s25;344;719
127;20:57:32.092;enp0s25;0;0
128;20:57:33.099;enp0s25;0;64
129;20:57:34.111;enp0s25;0;0
130;20:57:35.117;enp0s25;82890;2917062
131;20:57:36.126;enp0s25;179060;7139626
132;20:57:37.134;enp0s25;179480;7136455
133;20:57:38.143;enp0s25;178430;7137505
134;20:57:39.151;enp0s25;178424;7140868
135;20:57:40.159;enp0s25;178430;7137398
136;20:57:41.167;enp0s25;161382;7135234
137;20:57:42.175;enp0s25;171990;7139626
138;20:57:43.183;enp0s25;157050;7070622
139;20:57:44.190;enp0s25;171710;7136284
140;20:57:45.199;enp0s25;124950;5249232
141;20:57:46.207;enp0s25;171710;7134056
142;20:57:47.213;enp0s25;135800;5649979
143;20:57:48.224;enp0s25;0;3364
144;20:57:49.237;enp0s25;0;64
145;20:57:50.246;enp0s25;64;1214
146;20:57:51.252;enp0s25;0;476
147;20:57:52.259;enp0s25;0;1150
148;20:57:53.266;enp0s25;0;64
149;20:57:54.275;enp0s25;0;0
150;20:57:55.283;enp0s25;0;64
151;20:57:56.290;enp0s25;0;0
152;20:57:57.297;enp0s25;6536;11857
153;20:57:58.304;enp0s25;789;515
154;20:57:59.311;enp0s25;2128;2069
155;20:58:00.320;enp0s25;5085;10049
156;20:58:01.329;enp0s25;2622;11252
157;20:58:02.335;enp0s25;8733;25283
158;20:58:03.343;enp0s25;554;999
159;20:58:04.350;enp0s25;63177;1813908
160;20:58:05.364;enp0s25;165916;7148590
161;20:58:06.373;enp0s25;162680;7163436
162;20:58:07.381;enp0s25;163520;7163500
163;20:58:08.390;enp0s25;153496;7165041
164;20:58:09.398;enp0s25;161700;7159113
165;20:58:10.406;enp0s25;151866;7167930
166;20:58:11.419;enp0s25;160830;7170990
167;20:58:12.429;enp0s25;110174;4855310
168;20:58:13.436;enp0s25;94;158
169;20:58:14.443;enp0s25;0;0
170;20:58:15.453;enp0s25;0;64
171;20:58:16.462;enp0s25;0;0
172;20:58:17.478;enp0s25;0;64
173;20:58:18.494;enp0s25;0;0
174;20:58:19.506;enp0s25;0;64
175;20:58:20.521;enp0s25;0;0
176;20:58:21.536;enp0s25;0;64
177;20:58:22.550;enp0s25;0;0
178;20:58:23.559;enp0s25;64;128
179;20:58:24.576;enp0s25;0;0
180;20:58:25.586;enp0s25;0;64
181;20:58:26.601;enp0s25;0;806
182;20:58:27.611;enp0s25;0;64
183;20:58:28.627;enp0s25;0;0
184;20:58:29.641;enp0s25;0;64
185;20:58:30.650;enp0s25;0;0
186;20:58:31.657;enp0s25;0;64
187;20:58:32.664;enp0s25;0;0
188;20:58:33.670;enp0s25;1848;8258
189;20:58:34.677;enp0s25;64;64
190;20:58:35.684;enp0s25;2638;8841
191;20:58:36.691;enp0s25;53571;1412891
192;20:58:37.702;enp0s25;68209;2285657
193;20:58:38.712;enp0s25;39270;1711733
194;20:58:39.723;enp0s25;109788;5416465
195;20:58:40.733;enp0s25;155028;7165581
196;20:58:41.747;enp0s25;149298;7142534
197;20:58:42.754;enp0s25;25013;1057501
198;20:58:43.760;enp0s25;548;338
199;20:58:44.768;enp0s25;0;70
200;20:58:45.774;enp0s25;64;128
201;20:58:46.781;enp0s25;0;0
202;20:58:47.788;enp0s25;0;64
203;20:58:48.796;enp0s25;0;0
204;20:58:49.802;enp0s25;1936;7515
205;20:58:50.809;enp0s25;5955;23743
206;20:58:51.816;enp0s25;3399;37870
207;20:58:52.822;enp0s25;0;64
208;20:58:53.830;enp0s25;0;0
209;20:58:54.837;enp0s25;0;64
210;20:58:55.844;enp0s25;5354;89487
211;20:58:56.856;enp0s25;89278;2632510
212;20:58:57.866;enp0s25;100100;3382104
213;20:58:58.875;enp0s25;108150;3687404
214;20:58:59.885;enp0s25;110040;3920166
215;20:59:00.894;enp0s25;117320;4280052
216;20:59:01.906;enp0s25;127330;4678800
217;20:59:02.915;enp0s25;133490;5033116
218;20:59:03.922;enp0s25;144690;5440776
219;20:59:04.931;enp0s25;152810;5814468
220;20:59:05.939;enp0s25;164990;6203912
221;20:59:06.947;enp0s25;169890;6578994
222;20:59:07.956;enp0s25;174434;7028326
223;20:59:08.964;enp0s25;176400;7135646
224;20:59:09.972;enp0s25;175840;7136391
225;20:59:10.979;enp0s25;173312;7153201
226;20:59:11.993;enp0s25;116220;4887059
227;20:59:13.003;enp0s25;0;64
228;20:59:14.012;enp0s25;0;0
229;20:59:15.022;enp0s25;0;64
230;20:59:16.034;enp0s25;0;0
231;20:59:17.041;enp0s25;0;64
232;20:59:18.048;enp0s25;0;412
233;20:59:19.055;enp0s25;64;128
234;20:59:20.061;enp0s25;6806;13324
235;20:59:21.068;enp0s25;0;798
236;20:59:22.075;enp0s25;929;1867
237;20:59:23.085;enp0s25;6873;14709
238;20:59:24.094;enp0s25;2558;11915
239;20:59:25.101;enp0s25;8288;26496
240;20:59:26.109;enp0s25;554;1347
241;20:59:27.115;enp0s25;83506;2779057
242;20:59:28.128;enp0s25;165458;7167930
243;20:59:29.137;enp0s25;152158;7163500
244;20:59:30.144;enp0s25;161624;7162002
245;20:59:31.152;enp0s25;157174;7164998
246;20:59:32.160;enp0s25;161910;7160440
247;20:59:33.168;enp0s25;162120;7163500
248;20:59:34.178;enp0s25;152714;7161938
249;20:59:35.186;enp0s25;88900;3923576
250;20:59:36.260;enp0s25;0;0
251;20:59:37.269;enp0s25;0;1616
252;20:59:38.276;enp0s25;0;3028
253;20:59:39.284;enp0s25;0;1184
254;20:59:40.292;enp0s25;64;458
255;20:59:41.299;enp0s25;0;171
256;20:59:42.306;enp0s25;1778;7716
257;20:59:43.320;enp0s25;70;649
258;20:59:44.330;enp0s25;0;0
259;20:59:45.345;enp0s25;350;368
Build Completed
