ID; Time; Network interface; TBPS; RBPS
1;13:47:03.460;enp0s25;0;64
2;13:47:04.469;enp0s25;64;64
3;13:47:05.476;enp0s25;8011;107607
4;13:47:06.486;enp0s25;58371;1715930
5;13:47:07.494;enp0s25;0;150
6;13:47:08.501;enp0s25;90157;3765755
7;13:47:09.509;enp0s25;136874;7094178
8;13:47:10.516;enp0s25;150780;7073880
9;13:47:11.523;enp0s25;151060;7118722
10;13:47:12.531;enp0s25;146740;7069588
11;13:47:13.539;enp0s25;152110;7149844
12;13:47:14.548;enp0s25;103460;4961984
13;13:47:15.555;enp0s25;64;628
14;13:47:16.564;enp0s25;0;0
15;13:47:17.575;enp0s25;0;64
16;13:47:18.582;enp0s25;0;0
17;13:47:19.588;enp0s25;0;64
18;13:47:20.595;enp0s25;0;0
19;13:47:21.601;enp0s25;0;64
20;13:47:22.608;enp0s25;0;0
21;13:47:23.614;enp0s25;0;564
22;13:47:24.623;enp0s25;0;0
23;13:47:25.629;enp0s25;64;128
24;13:47:26.643;enp0s25;0;0
25;13:47:27.661;enp0s25;0;64
26;13:47:28.670;enp0s25;0;0
27;13:47:29.677;enp0s25;0;64
28;13:47:30.684;enp0s25;0;0
29;13:47:31.691;enp0s25;0;64
30;13:47:32.698;enp0s25;0;0
31;13:47:33.705;enp0s25;844;4228
32;13:47:34.712;enp0s25;0;0
33;13:47:35.719;enp0s25;0;64
34;13:47:36.732;enp0s25;64;64
35;13:47:37.739;enp0s25;19314;399767
36;13:47:38.748;enp0s25;122851;5562864
37;13:47:39.762;enp0s25;136864;5533734
38;13:47:40.770;enp0s25;150010;7048074
39;13:47:41.779;enp0s25;151550;7146808
40;13:47:42.787;enp0s25;135056;7125492
41;13:47:43.797;enp0s25;118361;5345655
42;13:47:44.806;enp0s25;142800;6733848
43;13:47:45.814;enp0s25;148820;7010188
44;13:47:46.822;enp0s25;134252;7125492
45;13:47:47.830;enp0s25;136403;6093969
46;13:47:48.838;enp0s25;129176;6907250
47;13:47:49.847;enp0s25;135565;6309709
48;13:47:50.856;enp0s25;59720;2472209
49;13:47:51.869;enp0s25;31891;777587
50;13:47:52.882;enp0s25;49000;1575421
51;13:47:53.896;enp0s25;58043;2175963
52;13:47:54.904;enp0s25;101412;3693643
53;13:47:55.911;enp0s25;0;64
54;13:47:56.920;enp0s25;0;568
55;13:47:57.928;enp0s25;0;2528
56;13:47:58.935;enp0s25;64;1348
57;13:47:59.941;enp0s25;0;1530
58;13:48:00.949;enp0s25;0;0
59;13:48:01.955;enp0s25;0;1348
60;13:48:02.964;enp0s25;0;0
61;13:48:03.971;enp0s25;0;1278
62;13:48:04.977;enp0s25;0;2316
63;13:48:05.984;enp0s25;0;2792
64;13:48:06.996;enp0s25;0;760
65;13:48:08.003;enp0s25;0;1214
66;13:48:09.009;enp0s25;0;424
67;13:48:10.218;enp0s25;64;1214
68;13:48:11.228;enp0s25;0;64
69;13:48:12.235;enp0s25;0;0
70;13:48:13.241;enp0s25;6431;140395
71;13:48:14.251;enp0s25;117128;4048803
72;13:48:15.259;enp0s25;0;502
73;13:48:16.265;enp0s25;0;0
74;13:48:17.272;enp0s25;0;64
75;13:48:18.279;enp0s25;0;0
76;13:48:19.285;enp0s25;0;64
77;13:48:20.292;enp0s25;0;0
78;13:48:21.299;enp0s25;7103;210557
79;13:48:22.306;enp0s25;29462;1170760
80;13:48:23.315;enp0s25;24466;856185
81;13:48:24.324;enp0s25;31038;1265505
82;13:48:25.334;enp0s25;20892;654259
83;13:48:26.346;enp0s25;28768;1080965
84;13:48:27.356;enp0s25;27092;1040145
85;13:48:28.364;enp0s25;25670;970347
86;13:48:29.372;enp0s25;28480;1147477
87;13:48:30.389;enp0s25;23494;816122
88;13:48:31.396;enp0s25;26952;1116344
89;13:48:32.405;enp0s25;50052;2386505
90;13:48:33.417;enp0s25;15786;440735
91;13:48:34.429;enp0s25;50664;2305416
92;13:48:35.440;enp0s25;32268;1321657
93;13:48:36.449;enp0s25;28578;1109490
94;13:48:37.459;enp0s25;25776;981209
95;13:48:38.475;enp0s25;772;17254
96;13:48:39.488;enp0s25;7918;141392
97;13:48:40.498;enp0s25;13140;321375
98;13:48:41.508;enp0s25;19800;709248
99;13:48:42.514;enp0s25;8392;297059
100;13:48:43.528;enp0s25;13306;468205
101;13:48:44.540;enp0s25;15568;501862
102;13:48:45.552;enp0s25;7116;149258
103;13:48:46.563;enp0s25;13132;467478
104;13:48:47.573;enp0s25;6064;96501
105;13:48:48.581;enp0s25;16198;515298
106;13:48:49.592;enp0s25;33494;1359776
107;13:48:50.602;enp0s25;14964;448427
108;13:48:51.613;enp0s25;15340;451301
109;13:48:52.624;enp0s25;20492;730587
110;13:48:53.634;enp0s25;11414;422225
111;13:48:54.648;enp0s25;1484;14638
112;13:48:55.665;enp0s25;18834;659909
113;13:48:56.678;enp0s25;3384;81226
114;13:48:57.694;enp0s25;2880;78148
115;13:48:58.704;enp0s25;1854;45458
116;13:48:59.721;enp0s25;3668;140624
117;13:49:00.738;enp0s25;14518;459305
118;13:49:01.747;enp0s25;4548;110655
119;13:49:02.757;enp0s25;1934;12432
120;13:49:03.769;enp0s25;1922;9410
121;13:49:04.784;enp0s25;1676;14810
122;13:49:05.802;enp0s25;1392;19219
123;13:49:06.816;enp0s25;1228;34231
124;13:49:07.827;enp0s25;640;32006
125;13:49:08.842;enp0s25;1024;47058
126;13:49:09.858;enp0s25;1420;24194
127;13:49:10.876;enp0s25;3368;57787
128;13:49:11.890;enp0s25;2902;92949
129;13:49:12.899;enp0s25;8056;248423
130;13:49:13.914;enp0s25;41552;1891465
131;13:49:14.921;enp0s25;18136;514623
132;13:49:15.928;enp0s25;16738;448554
133;13:49:16.934;enp0s25;25732;946567
134;13:49:17.941;enp0s25;16496;412303
135;13:49:18.949;enp0s25;15662;408992
136;13:49:19.958;enp0s25;18304;536767
137;13:49:20.970;enp0s25;13580;336036
138;13:49:21.981;enp0s25;9458;175049
139;13:49:22.989;enp0s25;15722;353306
140;13:49:23.997;enp0s25;19614;695335
141;13:49:25.006;enp0s25;14708;455020
142;13:49:26.017;enp0s25;10490;180746
143;13:49:27.031;enp0s25;12574;186062
144;13:49:28.043;enp0s25;32328;1293199
145;13:49:29.052;enp0s25;19590;712975
146;13:49:30.061;enp0s25;54226;2558450
147;13:49:31.071;enp0s25;38324;1940015
148;13:49:32.079;enp0s25;45734;2178431
149;13:49:33.088;enp0s25;14614;417290
150;13:49:34.096;enp0s25;16132;403592
151;13:49:35.109;enp0s25;15270;357148
152;13:49:36.116;enp0s25;16720;448443
153;13:49:37.127;enp0s25;26354;942798
154;13:49:38.135;enp0s25;10520;198644
155;13:49:39.150;enp0s25;6112;98691
156;13:49:40.160;enp0s25;13562;247180
157;13:49:41.168;enp0s25;20940;690235
158;13:49:42.181;enp0s25;12622;317920
159;13:49:43.189;enp0s25;3936;104713
160;13:49:44.198;enp0s25;38936;1816124
161;13:49:45.212;enp0s25;25118;1724297
162;13:49:46.228;enp0s25;48846;2474224
163;13:49:47.237;enp0s25;27576;1156349
164;13:49:48.247;enp0s25;10300;272138
165;13:49:49.257;enp0s25;12758;283778
166;13:49:50.266;enp0s25;44876;1991229
167;13:49:51.278;enp0s25;11558;259449
168;13:49:52.286;enp0s25;18744;518324
169;13:49:53.293;enp0s25;12958;223513
170;13:49:54.301;enp0s25;19782;715009
171;13:49:55.315;enp0s25;6679;109879
172;13:49:56.330;enp0s25;25428;1008887
173;13:49:57.344;enp0s25;83904;4228772
174;13:49:58.353;enp0s25;46304;2304897
175;13:49:59.367;enp0s25;10264;188050
176;13:50:00.378;enp0s25;14530;337728
177;13:50:01.388;enp0s25;47166;2412907
178;13:50:02.395;enp0s25;23684;844671
179;13:50:03.404;enp0s25;256;11400
180;13:50:04.411;enp0s25;10105;192
181;13:50:05.418;enp0s25;730;7747
182;13:50:06.425;enp0s25;0;0
183;13:50:07.431;enp0s25;0;64
184;13:50:08.438;enp0s25;0;0
185;13:50:09.445;enp0s25;0;64
186;13:50:10.452;enp0s25;0;0
187;13:50:11.459;enp0s25;64;128
188;13:50:12.465;enp0s25;0;0
189;13:50:13.472;enp0s25;0;64
190;13:50:14.478;enp0s25;0;0
191;13:50:15.485;enp0s25;0;64
192;13:50:16.492;enp0s25;0;0
193;13:50:17.499;enp0s25;0;64
194;13:50:18.510;enp0s25;0;0
195;13:50:19.517;enp0s25;0;64
196;13:50:20.523;enp0s25;0;0
197;13:50:21.530;enp0s25;0;64
198;13:50:22.536;enp0s25;64;64
199;13:50:23.543;enp0s25;11967;8802
200;13:50:24.550;enp0s25;179540;3543010
201;13:50:25.556;enp0s25;166843;6831169
202;13:50:26.563;enp0s25;78610;5077264
203;13:50:27.570;enp0s25;107886;2664429
204;13:50:28.576;enp0s25;65417;1090499
205;13:50:29.583;enp0s25;80688;3241178
206;13:50:30.590;enp0s25;61622;965507
207;13:50:31.600;enp0s25;58654;1149852
208;13:50:32.608;enp0s25;51950;501622
209;13:50:33.619;enp0s25;40478;484483
210;13:50:34.627;enp0s25;40145;448673
211;13:50:35.633;enp0s25;55627;748548
212;13:50:36.641;enp0s25;32924;447215
213;13:50:37.648;enp0s25;72283;1931673
214;13:50:38.654;enp0s25;58448;875128
215;13:50:39.661;enp0s25;36104;647180
216;13:50:40.669;enp0s25;46742;556314
217;13:50:41.675;enp0s25;45395;790748
218;13:50:42.682;enp0s25;27720;625772
219;13:50:43.689;enp0s25;36496;1703716
220;13:50:44.696;enp0s25;48272;288155
221;13:50:45.703;enp0s25;42847;655445
222;13:50:46.709;enp0s25;35938;496183
223;13:50:47.716;enp0s25;64135;1589436
224;13:50:48.723;enp0s25;54095;1045704
225;13:50:49.730;enp0s25;68918;798881
226;13:50:50.738;enp0s25;41042;392886
227;13:50:51.745;enp0s25;27905;221209
228;13:50:52.752;enp0s25;53995;476629
229;13:50:53.759;enp0s25;35064;236339
230;13:50:54.766;enp0s25;28918;314455
231;13:50:55.772;enp0s25;50363;669266
232;13:50:56.779;enp0s25;46842;991538
233;13:50:57.786;enp0s25;44075;996052
234;13:50:58.793;enp0s25;60631;930715
235;13:50:59.799;enp0s25;54214;786971
236;13:51:00.806;enp0s25;14452;114163
237;13:51:01.813;enp0s25;1792;95323
238;13:51:02.820;enp0s25;0;424
239;13:51:03.827;enp0s25;0;64
240;13:51:04.834;enp0s25;0;1150
241;13:51:05.841;enp0s25;64;128
242;13:51:06.847;enp0s25;0;0
243;13:51:07.854;enp0s25;0;64
244;13:51:08.861;enp0s25;0;394
245;13:51:09.867;enp0s25;1883;7237
246;13:51:10.877;enp0s25;68947;1313032
247;13:51:11.889;enp0s25;95718;2374732
248;13:51:12.897;enp0s25;0;0
249;13:51:13.909;enp0s25;3306;4612
250;13:51:14.921;enp0s25;41298;801250
251;13:51:15.930;enp0s25;54472;979444
252;13:51:16.941;enp0s25;24710;422934
253;13:51:17.950;enp0s25;14842;238217
254;13:51:18.961;enp0s25;21419;82397
255;13:51:19.969;enp0s25;66305;1307136
256;13:51:20.976;enp0s25;1920;960
257;13:51:21.983;enp0s25;36323;901444
258;13:51:22.994;enp0s25;136838;3353532
259;13:51:24.007;enp0s25;36154;594402
260;13:51:25.017;enp0s25;41440;901903
261;13:51:26.024;enp0s25;117202;3703641
262;13:51:27.032;enp0s25;48954;1339026
263;13:51:28.044;enp0s25;59784;1228222
264;13:51:29.051;enp0s25;21248;300671
265;13:51:30.058;enp0s25;107794;1873058
266;13:51:31.065;enp0s25;59433;1433780
267;13:51:32.072;enp0s25;0;64
268;13:51:33.079;enp0s25;17161;415757
269;13:51:34.086;enp0s25;83468;1891176
270;13:51:35.096;enp0s25;104528;2662972
271;13:51:36.105;enp0s25;35046;669265
272;13:51:37.116;enp0s25;46256;970723
273;13:51:38.126;enp0s25;42290;968774
274;13:51:39.133;enp0s25;204;1033
275;13:51:40.140;enp0s25;78147;955779
276;13:51:41.146;enp0s25;132484;2815153
277;13:51:42.153;enp0s25;0;64
278;13:51:43.160;enp0s25;0;0
279;13:51:44.167;enp0s25;0;64
280;13:51:45.174;enp0s25;3464;4294
281;13:51:46.186;enp0s25;0;64
282;13:51:47.197;enp0s25;0;64
283;13:51:48.207;enp0s25;0;0
284;13:51:49.221;enp0s25;0;64
285;13:51:50.228;enp0s25;64;64
286;13:51:51.235;enp0s25;0;1708
287;13:51:52.241;enp0s25;0;3400
288;13:51:53.248;enp0s25;0;824
289;13:51:54.254;enp0s25;0;1150
290;13:51:55.261;enp0s25;0;488
291;13:51:56.268;enp0s25;0;0
292;13:51:57.274;enp0s25;0;1214
293;13:51:58.281;enp0s25;0;0
294;13:51:59.288;enp0s25;0;64
295;13:52:00.294;enp0s25;0;0
296;13:52:01.301;enp0s25;64;128
297;13:52:02.308;enp0s25;0;0
298;13:52:03.314;enp0s25;0;64
299;13:52:04.321;enp0s25;0;424
300;13:52:05.327;enp0s25;0;64
301;13:52:06.334;enp0s25;0;0
302;13:52:07.340;enp0s25;0;64
303;13:52:08.347;enp0s25;0;0
304;13:52:09.353;enp0s25;0;64
305;13:52:10.363;enp0s25;0;0
306;13:52:11.370;enp0s25;0;64
307;13:52:12.377;enp0s25;64;64
308;13:52:13.384;enp0s25;0;64
309;13:52:14.390;enp0s25;92;124
310;13:52:15.397;enp0s25;10740;220544
311;13:52:16.404;enp0s25;710;933
312;13:52:17.410;enp0s25;720;2830
313;13:52:18.417;enp0s25;25573;457534
314;13:52:19.423;enp0s25;9295;267267
315;13:52:20.430;enp0s25;3716;25527
316;13:52:21.437;enp0s25;0;64
317;13:52:22.444;enp0s25;0;0
318;13:52:23.450;enp0s25;64;128
319;13:52:24.457;enp0s25;0;0
320;13:52:25.463;enp0s25;0;64
321;13:52:26.474;enp0s25;0;0
322;13:52:27.482;enp0s25;0;64
323;13:52:28.488;enp0s25;140;171
324;13:52:29.495;enp0s25;0;64
325;13:52:30.502;enp0s25;38740;916288
326;13:52:31.508;enp0s25;104604;3308771
327;13:52:32.515;enp0s25;44394;1109785
328;13:52:33.522;enp0s25;0;64
329;13:52:34.529;enp0s25;64;64
330;13:52:35.537;enp0s25;0;64
331;13:52:36.544;enp0s25;0;0
332;13:52:37.551;enp0s25;0;64
333;13:52:38.558;enp0s25;0;0
334;13:52:39.565;enp0s25;0;64
335;13:52:40.572;enp0s25;0;0
336;13:52:41.578;enp0s25;0;64
337;13:52:42.585;enp0s25;0;0
338;13:52:43.592;enp0s25;0;64
339;13:52:44.598;enp0s25;40054;1370335
340;13:52:45.606;enp0s25;64;128
341;13:52:46.612;enp0s25;0;0
342;13:52:47.619;enp0s25;0;64
343;13:52:48.626;enp0s25;0;0
344;13:52:49.633;enp0s25;0;64
345;13:52:50.639;enp0s25;4094;103976
346;13:52:51.651;enp0s25;138310;6328571
347;13:52:52.658;enp0s25;0;0
348;13:52:53.665;enp0s25;0;64
349;13:52:54.671;enp0s25;0;0
350;13:52:55.678;enp0s25;197;219
351;13:52:56.690;enp0s25;12948;325511
352;13:52:57.701;enp0s25;0;64
353;13:52:58.707;enp0s25;0;0
354;13:52:59.714;enp0s25;0;64
355;13:53:00.721;enp0s25;0;0
356;13:53:01.728;enp0s25;0;64
357;13:53:02.734;enp0s25;0;0
358;13:53:03.741;enp0s25;148;142
359;13:53:04.748;enp0s25;6624;44204
360;13:53:05.755;enp0s25;28987;464411
361;13:53:06.767;enp0s25;20655;570065
362;13:53:07.775;enp0s25;508;362
363;13:53:08.782;enp0s25;56606;918731
364;13:53:09.789;enp0s25;155949;4710114
365;13:53:10.797;enp0s25;93423;2944471
366;13:53:11.804;enp0s25;14605;215114
367;13:53:12.811;enp0s25;15646;592368
368;13:53:13.817;enp0s25;69262;1616138
369;13:53:14.824;enp0s25;5206;40896
370;13:53:15.831;enp0s25;22059;294348
371;13:53:16.838;enp0s25;1863;4045
372;13:53:17.845;enp0s25;4096;53176
373;13:53:18.853;enp0s25;10304;131269
374;13:53:19.865;enp0s25;23638;646252
375;13:53:20.883;enp0s25;33464;985675
376;13:53:21.890;enp0s25;16756;494562
377;13:53:22.896;enp0s25;158576;6626370
378;13:53:23.911;enp0s25;1657;3335
379;13:53:24.918;enp0s25;113443;4444576
380;13:53:25.925;enp0s25;30408;1241309
381;13:53:26.932;enp0s25;9897;264929
382;13:53:27.939;enp0s25;0;64
383;13:53:28.945;enp0s25;0;0
384;13:53:29.952;enp0s25;0;64
385;13:53:30.962;enp0s25;0;0
386;13:53:31.972;enp0s25;0;64
387;13:53:32.979;enp0s25;0;0
388;13:53:33.993;enp0s25;420;539
389;13:53:35.000;enp0s25;0;0
