ID; Time; CPU %; MEM %; MEM KiB
1;08:37:43.692;3.1;23.264995;4686872
2;08:37:43.862;1.5;23.271269;4687892
3;08:37:44.031;4.6;23.267953;4687224
4;08:37:44.201;3.0;23.267020;4686900
5;08:37:44.373;1.6;23.275578;4689004
6;08:37:44.543;0.0;23.279331;4689848
7;08:37:44.714;1.5;23.281694;4689992
8;08:37:44.882;3.0;23.281694;4689992
9;08:37:45.059;1.5;23.282051;4690064
10;08:37:45.228;1.6;23.283382;4690332
11;08:37:45.396;3.0;23.284454;4690548
12;08:37:45.569;2.9;23.284871;4690892
13;08:37:45.741;3.1;23.284295;4690516
14;08:37:45.914;1.5;23.285467;4690532
15;08:37:46.085;3.1;23.288981;4691744
16;08:37:46.263;1.5;23.286459;4690732
17;08:37:46.439;0.0;23.288068;4691276
18;08:37:46.613;1.9;23.287353;4691132
19;08:37:46.784;1.6;23.286618;4690984
20;08:37:46.953;1.6;23.289954;4691656
21;08:37:47.121;1.5;23.298532;4693164
22;08:37:47.296;1.6;23.300538;4693568
23;08:37:47.477;1.7;23.287234;4691108
24;08:37:47.647;0.0;23.286102;4691220
25;08:37:47.818;3.1;23.295574;4692788
26;08:37:47.994;1.5;23.304926;4694452
27;08:37:48.169;4.7;23.292575;4691076
28;08:37:48.342;0.0;23.285308;4690720
29;08:37:48.514;0.0;23.288068;4691276
30;08:37:48.683;1.6;23.285347;4690288
31;08:37:48.855;1.9;23.283243;4690532
32;08:37:49.026;2.0;23.283560;4690368
33;08:37:49.198;3.3;23.286499;4690960
34;08:37:49.368;1.7;23.282230;4690100
35;08:37:49.536;1.6;23.279728;4689936
36;08:37:49.706;1.6;23.283203;4690612
37;08:37:49.875;0.0;23.295673;4692808
38;08:37:50.044;3.2;23.313345;4696732
39;08:37:50.213;3.2;23.342316;4701984
40;08:37:50.382;3.0;23.374404;4708724
41;08:37:50.550;0.0;23.414911;4717072
42;08:37:50.718;0.0;23.446900;4723272
43;08:37:50.885;0.0;23.486772;4731304
44;08:37:51.053;0.0;23.527080;4739204
45;08:37:51.221;0.0;23.557421;4745780
46;08:37:51.389;1.5;23.610438;4756216
47;08:37:51.557;0.0;23.652196;4764628
48;08:37:51.724;0.0;23.693597;4772528
49;08:37:51.892;0.0;23.725149;4779364
50;08:37:52.059;0.0;23.735514;4781412
51;08:37:52.227;0.0;23.734799;4781268
52;08:37:52.394;0.0;23.734720;4781252
53;08:37:52.562;0.0;23.735971;4781504
54;08:37:52.729;0.0;23.736586;4781628
55;08:37:52.897;0.0;23.735494;4781188
56;08:37:53.065;0.0;23.733508;4781008
57;08:37:53.233;1.6;23.732257;4781016
58;08:37:53.402;0.0;23.743556;4785080
59;08:37:53.571;1.6;23.804237;4797304
60;08:37:53.739;0.0;23.860808;4806432
61;08:37:53.907;3.1;24.277676;4891012
62;08:37:54.076;0.0;24.310200;4897180
63;08:37:54.244;0.0;24.315204;4897968
64;08:37:54.413;1.6;24.314112;4898016
65;08:37:54.582;0.0;24.345227;4904016
66;08:37:54.751;1.4;24.406763;4916412
67;08:37:54.918;0.0;24.405432;4916444
68;08:37:55.086;0.0;24.404499;4916176
69;08:37:55.254;0.0;24.406882;4916656
70;08:37:55.422;0.0;24.407160;4916492
71;08:37:55.590;0.0;24.407239;4916508
72;08:37:55.757;1.6;24.405373;4916352
73;08:37:55.925;0.0;24.403804;4916288
74;08:37:56.093;0.0;24.405214;4916320
75;08:37:56.260;0.0;24.405273;4916112
76;08:37:56.429;0.0;24.405313;4916120
77;08:37:56.598;2.9;24.402712;4915644
78;08:37:56.769;1.6;24.404201;4916116
79;08:37:56.940;3.0;24.402930;4916380
80;08:37:57.108;0.0;24.406405;4916560
81;08:37:57.277;0.0;24.405154;4916308
82;08:37:57.445;1.5;24.404995;4916276
83;08:37:57.616;4.6;24.404678;4916608
84;08:37:57.792;3.0;24.406306;4916320
85;08:37:57.962;1.6;24.405055;4916288
86;08:37:58.135;1.6;24.403685;4915792
87;08:37:58.304;4.5;24.407597;4916360
88;08:37:58.475;3.0;24.406524;4916580
89;08:37:58.645;3.0;24.404400;4915936
90;08:37:58.817;0.0;24.406207;4916788
91;08:37:58.987;0.0;24.404241;4916124
92;08:37:59.157;4.4;24.407855;4916852
93;08:37:59.327;3.0;24.406782;4916636
94;08:37:59.497;3.1;24.405790;4916216
95;08:37:59.667;5.9;24.402632;4915800
96;08:37:59.839;0.0;24.404975;4916492
97;08:38:00.012;1.4;24.408391;4916740
98;08:38:00.184;1.5;24.406306;4916540
99;08:38:00.356;0.0;24.407438;4916768
100;08:38:00.529;1.4;24.406524;4916584
101;08:38:00.699;1.5;24.406127;4916504
102;08:38:00.870;3.0;24.407974;4916876
103;08:38:01.041;2.9;24.406485;4916576
104;08:38:01.213;1.4;24.407160;4916712
105;08:38:01.385;2.9;24.404459;4916168
106;08:38:01.555;0.0;24.402891;4915852
107;08:38:01.727;4.3;24.407636;4916808
108;08:38:01.899;2.9;24.405333;4916344
109;08:38:02.070;0.0;24.405333;4916344
110;08:38:02.240;1.5;24.405889;4916168
111;08:38:02.411;0.0;24.406743;4916628
112;08:38:02.581;1.4;24.407835;4916628
113;08:38:02.751;1.4;24.408192;4917000
114;08:38:02.921;1.4;24.406584;4916636
115;08:38:03.092;4.1;24.407537;4916568
116;08:38:03.264;1.4;24.407100;4916700
117;08:38:03.435;2.8;24.405472;4916152
118;08:38:03.607;4.3;24.403883;4916052
119;08:38:03.779;1.4;24.406365;4916332
120;08:38:03.950;2.9;24.405631;4916404
121;08:38:04.121;4.3;24.404519;4915960
122;08:38:04.293;1.4;24.404737;4916444
123;08:38:04.464;1.4;24.404836;4916760
124;08:38:04.635;0.0;24.408927;4916848
125;08:38:04.805;2.8;24.408172;4916916
126;08:38:04.975;1.5;24.408788;4916596
127;08:38:05.146;1.4;24.405929;4916464
128;08:38:05.317;1.5;24.408609;4916784
129;08:38:05.489;1.4;24.406842;4916428
130;08:38:05.660;1.4;24.404221;4916120
131;08:38:05.832;0.0;24.415360;4918844
132;08:38:06.001;3.0;24.437580;4922840
133;08:38:06.171;3.0;24.547863;4945088
134;08:38:06.341;1.6;24.628500;4961544
135;08:38:06.509;1.5;24.755681;4986700
136;08:38:06.678;0.0;24.848470;5007216
137;08:38:06.847;6.3;24.919815;5019984
138;08:38:07.017;0.0;25.043143;5044828
139;08:38:07.185;1.6;25.143935;5064912
140;08:38:07.354;4.2;25.207118;5077860
141;08:38:07.523;0.0;25.298061;5096152
142;08:38:07.692;1.5;25.299232;5096660
143;08:38:07.862;0.0;25.300980;5096768
144;08:38:08.030;0.0;25.300265;5096624
145;08:38:08.197;1.6;25.310054;5098376
146;08:38:08.366;0.0;25.330228;5102440
147;08:38:08.534;1.5;25.330387;5102968
148;08:38:08.702;1.5;25.334120;5103224
149;08:38:08.871;1.6;25.333028;5103224
150;08:38:09.039;0.0;25.332869;5103192
151;08:38:09.208;1.6;25.331618;5102940
152;08:38:09.377;0.0;25.331459;5102908
153;08:38:09.545;1.6;25.332750;5102908
154;08:38:09.715;1.6;25.330884;5102816
155;08:38:09.883;1.5;25.341725;5105236
156;08:38:10.052;3.1;25.363686;5109180
157;08:38:10.221;3.0;25.372344;5111168
158;08:38:10.390;0.0;25.743303;5185652
159;08:38:10.559;1.5;25.738577;5184920
160;08:38:10.733;0.0;25.742449;5185480
161;08:38:10.902;1.6;25.739471;5185100
162;08:38:11.070;1.5;25.738378;5184880
163;08:38:11.238;0.0;25.736810;5184344
164;08:38:11.406;0.0;25.738438;5184892
165;08:38:11.574;0.0;25.759605;5189156
166;08:38:11.742;1.5;25.759923;5189220
167;08:38:11.910;3.1;25.761114;5189240
168;08:38:12.078;1.4;25.758970;5189028
169;08:38:12.246;0.0;25.757917;5189036
170;08:38:12.414;0.0;25.757024;5188636
171;08:38:12.582;0.0;25.759843;5189076
172;08:38:12.750;0.0;25.758235;5188880
173;08:38:12.919;1.5;25.758731;5188980
174;08:38:13.095;3.0;25.760995;5189436
175;08:38:13.269;0.0;25.761035;5189444
176;08:38:13.445;1.5;25.762325;5189484
177;08:38:13.618;1.5;25.761194;5189476
178;08:38:13.792;1.5;25.761591;5189556
179;08:38:13.963;1.6;25.762881;5189816
180;08:38:14.136;4.4;25.758652;5188964
181;08:38:14.304;1.6;25.760796;5189396
182;08:38:14.473;1.5;25.759665;5189168
183;08:38:14.641;0.0;25.761591;5189556
184;08:38:14.810;1.5;25.761551;5189548
185;08:38:14.978;0.0;25.761591;5189336
186;08:38:15.146;1.5;25.760737;5189164
187;08:38:15.314;0.0;25.760697;5189376
188;08:38:15.482;3.1;25.762147;5189668
189;08:38:15.652;1.6;25.760221;5189280
190;08:38:15.819;1.4;25.762921;5189824
191;08:38:15.987;0.0;25.762028;5189644
192;08:38:16.156;0.0;25.760737;5189384
193;08:38:16.324;0.0;25.761253;5189488
194;08:38:16.491;1.5;25.761670;5189604
195;08:38:16.659;0.0;25.760042;5189504
196;08:38:16.827;0.0;25.762345;5189488
197;08:38:16.995;3.2;25.762325;5189704
198;08:38:17.165;1.5;25.762484;5189736
199;08:38:17.336;3.0;25.764053;5190052
200;08:38:17.505;1.5;25.762643;5189768
201;08:38:17.673;3.1;25.761055;5189448
202;08:38:17.841;0.0;25.763715;5189984
203;08:38:18.009;0.0;25.765205;5190064
204;08:38:18.177;0.0;25.763795;5190000
205;08:38:18.345;1.5;25.763795;5190000
206;08:38:18.512;0.0;25.763795;5189780
207;08:38:18.680;4.6;25.851759;5207212
208;08:38:18.850;2.9;25.856247;5208404
209;08:38:19.018;0.0;25.855115;5208176
210;08:38:19.186;0.0;25.853050;5207980
211;08:38:19.354;0.0;25.854579;5208548
212;08:38:19.522;0.0;25.855035;5208160
213;08:38:19.691;0.0;25.853784;5208128
214;08:38:19.858;0.0;25.855174;5208692
215;08:38:20.027;1.5;25.856346;5208644
216;08:38:20.195;0.0;25.856266;5208628
217;08:38:20.363;0.0;25.856266;5208408
218;08:38:20.531;1.5;25.856425;5208660
219;08:38:20.700;1.6;25.856108;5208668
220;08:38:20.868;1.6;25.856902;5208536
221;08:38:21.037;0.0;25.855333;5208220
222;08:38:21.206;1.5;25.854082;5208188
223;08:38:21.374;1.5;25.854281;5208228
224;08:38:21.542;0.0;25.852792;5208140
225;08:38:21.710;1.5;25.855452;5208464
226;08:38:21.878;1.6;25.855413;5208456
227;08:38:22.051;1.5;25.856386;5208652
228;08:38:22.225;1.5;25.856465;5208716
229;08:38:22.401;6.2;25.857954;5208748
230;08:38:22.571;2.9;25.855909;5208336
231;08:38:22.743;4.5;25.860317;5209676
232;08:38:22.914;8.6;25.856624;5208700
233;08:38:23.085;1.5;25.852553;5208148
234;08:38:23.256;2.9;25.852692;5208132
235;08:38:23.425;4.2;25.853268;5208024
236;08:38:23.596;2.8;25.854737;5208320
237;08:38:23.766;6.7;25.854499;5208272
238;08:38:23.936;6.8;25.854261;5208484
239;08:38:24.107;6.9;25.856465;5208668
240;08:38:24.277;2.9;25.858530;5209084
241;08:38:24.446;8.1;25.855750;5208524
242;08:38:24.618;3.1;25.856108;5208596
243;08:38:24.788;6.3;25.857180;5208812
244;08:38:24.959;11.8;25.856584;5208472
245;08:38:25.130;6.9;25.855770;5208528
246;08:38:25.300;12.3;25.856882;5208752
247;08:38:25.469;9.5;25.856902;5208756
248;08:38:25.638;7.0;25.853665;5207884
249;08:38:25.810;6.2;25.853109;5208356
250;08:38:25.982;14.7;25.856743;5208724
251;08:38:26.154;17.8;25.857378;5208852
252;08:38:26.325;13.3;25.857537;5208884
253;08:38:26.496;10.6;25.855512;5208256
254;08:38:26.666;13.7;25.856485;5208672
255;08:38:26.836;9.4;25.857220;5208820
256;08:38:27.007;7.4;25.856405;5208216
257;08:38:27.183;12.9;25.857934;5208744
258;08:38:27.354;8.6;25.857458;5208996
259;08:38:27.525;3.1;25.857994;5209056
260;08:38:27.694;5.9;25.855710;5208792
261;08:38:27.863;1.6;25.855254;5208424
262;08:38:28.033;1.5;25.854459;5208264
263;08:38:28.203;1.5;25.856425;5208660
264;08:38:28.373;1.5;25.857756;5208928
265;08:38:28.543;0.0;25.858073;5209252
266;08:38:28.714;1.8;25.855869;5208548
267;08:38:28.884;3.4;25.855254;5207952
268;08:38:29.056;1.9;25.854142;5208360
269;08:38:29.228;1.8;25.854320;5208236
270;08:38:29.397;1.8;25.855194;5208192
271;08:38:29.568;0.0;25.851322;5207632
272;08:38:29.737;1.7;25.854320;5207796
273;08:38:29.907;1.8;25.857100;5208796
274;08:38:30.077;1.9;25.853983;5208168
275;08:38:30.247;0.0;25.853328;5208036
276;08:38:30.418;0.0;25.854261;5208004
277;08:38:30.587;0.0;25.852414;5208076
278;08:38:30.759;1.9;25.854936;5208360
279;08:38:30.928;1.9;25.856088;5208592
280;08:38:31.099;1.9;25.853209;5208012
281;08:38:31.270;0.0;25.856564;5208468
282;08:38:31.440;2.0;25.857319;5208840
283;08:38:31.609;1.9;25.857120;5208580
284;08:38:31.779;0.0;25.856644;5208704
285;08:38:31.948;1.9;25.857815;5208720
286;08:38:32.118;0.0;25.854579;5208288
287;08:38:32.290;0.0;25.854876;5208128
288;08:38:32.460;1.9;25.855512;5208476
289;08:38:32.630;1.9;25.856445;5208664
290;08:38:32.800;1.9;25.854896;5208352
291;08:38:32.969;0.0;25.855492;5208472
292;08:38:33.139;0.0;25.855830;5208320
293;08:38:33.309;0.0;25.857259;5208828
294;08:38:33.481;1.9;25.855532;5208480
295;08:38:33.650;0.0;25.855035;5208380
296;08:38:33.820;1.9;25.858173;5208792
297;08:38:33.992;1.7;25.855591;5208048
298;08:38:34.162;1.9;25.855790;5208532
299;08:38:34.333;0.0;25.854360;5208536
300;08:38:34.503;6.3;25.856544;5208884
301;08:38:34.673;0.0;25.864924;5210616
302;08:38:34.847;3.1;25.867704;5210712
303;08:38:35.015;1.6;25.866810;5210752
304;08:38:35.183;0.0;25.888712;5215164
305;08:38:35.351;0.0;26.001199;5237824
306;08:38:35.518;0.0;26.093075;5256332
307;08:38:35.686;3.1;26.186678;5274592
308;08:38:35.855;0.0;26.247658;5287716
309;08:38:36.025;1.6;26.318923;5301828
310;08:38:36.193;1.6;26.401843;5318532
311;08:38:36.362;1.5;26.481309;5334784
312;08:38:36.532;1.5;26.586628;5355756
313;08:38:36.699;0.0;26.657674;5370068
314;08:38:36.867;0.0;26.687241;5376536
315;08:38:37.036;1.5;26.707018;5381016
316;08:38:37.205;1.6;26.760928;5390868
317;08:38:37.373;1.5;26.791090;5396944
318;08:38:37.542;1.6;26.842836;5407368
319;08:38:37.711;0.0;26.862117;5411168
320;08:38:37.880;1.5;26.912890;5421480
321;08:38:38.047;1.5;26.995235;5438328
322;08:38:38.215;1.5;27.110799;5461128
323;08:38:38.382;4.5;27.152081;5469664
324;08:38:38.550;0.0;27.152081;5469444
325;08:38:38.719;0.0;27.153332;5469696
326;08:38:38.887;0.0;27.153491;5469948
327;08:38:39.055;1.5;27.152756;5469800
328;08:38:39.224;0.0;27.416232;5522876
329;08:38:39.394;0.0;27.414902;5522608
330;08:38:39.563;0.0;27.415755;5522780
331;08:38:39.732;0.0;27.417006;5523032
332;08:38:39.900;0.0;27.417165;5522844
333;08:38:40.069;1.6;27.418893;5523412
334;08:38:40.238;1.5;27.417086;5523048
335;08:38:40.406;1.6;27.417046;5522820
336;08:38:40.573;0.0;27.416192;5522868
337;08:38:40.741;0.0;27.414782;5522584
338;08:38:40.909;1.5;27.414782;5522584
339;08:38:41.077;1.6;27.414782;5522900
340;08:38:41.246;0.0;27.417443;5523120
341;08:38:41.414;1.3;27.416192;5522648
342;08:38:41.582;0.0;27.413531;5522340
343;08:38:41.750;1.5;27.415616;5522752
344;08:38:41.918;3.0;27.416252;5522880
345;08:38:42.089;1.6;27.419647;5523564
346;08:38:42.258;1.5;27.421712;5523432
347;08:38:42.430;3.2;27.421732;5523892
348;08:38:42.605;4.8;27.412320;5522152
349;08:38:42.789;4.7;27.412856;5522196
350;08:38:42.958;1.5;27.412102;5522044
351;08:38:43.128;1.4;27.414147;5522716
352;08:38:43.301;1.5;27.417900;5522992
353;08:38:43.470;3.0;27.417860;5523204
354;08:38:43.643;3.0;27.419250;5523728
355;08:38:43.811;3.0;27.420322;5523700
356;08:38:43.979;3.0;27.422507;5524140
357;08:38:44.152;3.0;27.421951;5524028
358;08:38:44.323;3.3;27.421494;5523936
359;08:38:44.492;1.6;27.421891;5524016
360;08:38:44.660;0.0;27.423460;5524332
361;08:38:44.828;1.5;27.423122;5524264
362;08:38:45.001;1.6;27.423599;5524212
363;08:38:45.177;0.0;27.421732;5524220
364;08:38:45.348;1.7;27.426537;5524732
365;08:38:45.518;1.6;27.430767;5525584
366;08:38:45.686;0.0;27.437677;5527196
367;08:38:45.863;3.2;27.434063;5526468
368;08:38:46.040;0.0;27.420005;5523636
369;08:38:46.211;1.9;27.423758;5524392
370;08:38:46.382;1.5;27.431224;5525896
371;08:38:46.558;1.5;27.441033;5527660
372;08:38:46.734;4.6;27.426418;5524928
373;08:38:46.903;0.0;27.424155;5524472
374;08:38:47.073;1.7;27.425346;5524720
375;08:38:47.244;3.1;27.428285;5525304
376;08:38:47.421;0.0;27.425525;5524748
377;08:38:47.595;1.6;27.425207;5524684
378;08:38:47.766;0.0;27.425386;5524720
379;08:38:47.943;1.5;27.434639;5526364
380;08:38:48.118;1.6;27.440497;5527764
381;08:38:48.287;4.4;27.423698;5524380
382;08:38:48.455;0.0;27.421017;5523840
383;08:38:48.629;0.0;27.420680;5523552
384;08:38:48.797;1.5;27.417582;5523616
385;08:38:48.967;3.2;27.429238;5525496
386;08:38:49.140;4.8;27.460135;5531720
387;08:38:49.310;0.0;27.491309;5538000
388;08:38:49.479;0.0;27.523755;5546332
389;08:38:49.647;1.5;27.564560;5552756
390;08:38:49.815;0.0;27.594583;5560852
391;08:38:49.983;1.6;27.635170;5566980
392;08:38:50.150;1.4;27.678258;5575440
393;08:38:50.318;0.0;27.718209;5583488
394;08:38:50.486;0.0;27.760047;5592136
395;08:38:50.654;0.0;27.798906;5599964
396;08:38:50.821;1.6;27.831868;5606384
397;08:38:50.989;0.0;27.869774;5614720
398;08:38:51.157;0.0;27.873269;5614724
399;08:38:51.326;1.6;27.870965;5614748
400;08:38:51.494;1.5;27.870926;5614252
401;08:38:51.661;0.0;27.868066;5614164
402;08:38:51.828;0.0;27.870290;5614368
403;08:38:51.995;0.0;27.872137;5614944
404;08:38:52.163;1.6;27.872177;5614724
405;08:38:52.331;0.0;27.872097;5614708
406;08:38:52.498;1.5;27.932620;5626900
407;08:38:52.666;0.0;27.972770;5634988
408;08:38:52.834;1.5;28.282173;5701404
409;08:38:53.004;3.1;28.425200;5726128
410;08:38:53.172;0.0;28.425557;5726200
411;08:38:53.340;1.5;28.424544;5725824
412;08:38:53.508;0.0;28.465330;5733992
413;08:38:53.677;1.5;28.527262;5746688
414;08:38:53.845;0.0;28.528354;5746688
415;08:38:54.013;0.0;28.527103;5746704
416;08:38:54.182;1.6;28.530201;5747060
417;08:38:54.350;0.0;28.528354;5746908
418;08:38:54.518;1.6;28.527302;5746696
419;08:38:54.685;0.0;28.526011;5746476
420;08:38:54.853;1.5;28.526845;5746604
421;08:38:55.021;0.0;28.526130;5746508
422;08:38:55.189;1.5;28.529069;5746832
423;08:38:55.358;1.5;28.531353;5747072
424;08:38:55.526;0.0;28.526388;5745620
425;08:38:55.696;3.1;28.526666;5746812
426;08:38:55.865;1.5;28.528076;5746852
427;08:38:56.035;0.0;28.529168;5747072
428;08:38:56.203;1.6;28.530777;5747396
429;08:38:56.372;1.6;28.530340;5747308
430;08:38:56.543;3.1;28.532306;5747704
431;08:38:56.715;2.9;28.536118;5748472
432;08:38:56.887;2.9;28.532484;5747520
433;08:38:57.057;2.9;28.531333;5747508
434;08:38:57.230;1.5;28.534232;5748092
435;08:38:57.404;1.5;28.531075;5747456
436;08:38:57.576;0.0;28.537667;5748784
437;08:38:57.755;1.5;28.543386;5749936
438;08:38:57.930;3.0;28.543485;5749956
439;08:38:58.107;4.5;28.535006;5748240
440;08:38:58.282;3.0;28.535205;5748288
441;08:38:58.451;3.2;28.533358;5747916
442;08:38:58.621;2.9;28.535959;5748216
443;08:38:58.793;1.4;28.531273;5747492
444;08:38:58.964;6.9;28.528175;5746808
445;08:38:59.138;2.9;28.528970;5747452
446;08:38:59.310;1.5;28.530836;5747188
447;08:38:59.480;1.4;28.528493;5747472
448;08:38:59.650;1.6;28.530995;5747440
449;08:38:59.821;1.4;28.532723;5748048
450;08:38:59.993;3.0;28.533656;5747736
451;08:39:00.166;2.9;28.531670;5747356
452;08:39:00.339;0.0;28.533676;5747980
453;08:39:00.511;0.0;28.530975;5747436
454;08:39:00.682;1.5;28.531948;5747632
455;08:39:00.854;2.8;28.532107;5747664
456;08:39:01.025;2.7;28.535165;5748060
457;08:39:01.197;1.5;28.534510;5747928
458;08:39:01.367;2.8;28.532266;5747476
459;08:39:01.540;2.9;28.528672;5746704
460;08:39:01.713;2.9;28.529923;5747224
461;08:39:01.884;1.4;28.530856;5747412
462;08:39:02.055;4.3;28.531015;5747444
463;08:39:02.229;3.1;28.534530;5748152
464;08:39:02.405;7.4;28.534132;5747852
465;08:39:02.575;1.6;28.538421;5748936
466;08:39:02.753;1.5;28.538243;5748900
467;08:39:02.928;1.6;28.532087;5747880
468;08:39:03.104;1.5;28.536694;5748588
469;08:39:03.281;4.5;28.534688;5748184
470;08:39:03.450;6.1;28.533219;5748112
471;08:39:03.620;10.8;28.533060;5747856
472;08:39:03.790;7.6;28.533080;5747696
473;08:39:03.963;7.6;28.532762;5747576
474;08:39:04.135;6.0;28.533239;5747892
475;08:39:04.306;11.1;28.534410;5747908
476;08:39:04.476;7.0;28.533557;5747956
477;08:39:04.647;6.2;28.531690;5747360
478;08:39:04.819;10.0;28.529188;5747076
479;08:39:04.992;8.5;28.530836;5747408
480;08:39:05.162;13.0;28.531889;5747620
481;08:39:05.334;13.7;28.530975;5747656
482;08:39:05.505;8.3;28.529029;5747296
483;08:39:05.676;6.9;28.529307;5747352
484;08:39:05.846;4.4;28.531233;5747488
485;08:39:06.015;0.0;28.549223;5751112
486;08:39:06.183;4.5;28.606688;5763300
487;08:39:06.351;3.0;28.704382;5782368
488;08:39:06.519;1.6;28.787819;5799176
489;08:39:06.687;0.0;28.912577;5824308
490;08:39:06.855;4.6;29.001236;5842368
491;08:39:07.024;1.5;29.074904;5857252
492;08:39:07.192;1.6;29.198689;5881944
493;08:39:07.360;1.6;29.313361;5905044
494;08:39:07.528;1.6;29.370388;5916784
495;08:39:07.697;0.0;29.434783;5929520
496;08:39:07.866;1.6;29.436908;5929712
497;08:39:08.035;0.0;29.434843;5929516
498;08:39:08.205;0.0;29.434346;5929732
499;08:39:08.375;1.6;29.434187;5929408
500;08:39:08.543;1.5;29.436530;5929856
501;08:39:08.711;3.2;29.437901;5929912
502;08:39:08.879;3.1;29.435736;5929696
503;08:39:09.048;0.0;29.433036;5929152
504;08:39:09.216;3.1;29.435577;5929664
505;08:39:09.384;1.6;29.445386;5931640
506;08:39:09.553;0.0;29.456129;5933852
507;08:39:09.722;1.5;29.473444;5937728
508;08:39:09.890;0.0;29.485238;5939668
509;08:39:10.059;0.0;29.684181;5981760
510;08:39:10.228;1.5;29.867535;6016680
511;08:39:10.399;1.5;29.868826;6016940
512;08:39:10.567;3.1;29.869025;6016980
513;08:39:10.736;0.0;29.869859;6016928
514;08:39:10.904;0.0;29.867396;6016432
515;08:39:11.073;1.5;29.867853;6016524
516;08:39:11.241;1.6;29.867833;6016740
517;08:39:11.409;0.0;29.892018;6021612
518;08:39:11.577;1.5;29.891701;6021328
519;08:39:11.745;0.0;29.890767;6021620
520;08:39:11.913;1.4;29.889397;6021084
521;08:39:12.080;1.5;29.889239;6021052
522;08:39:12.248;1.3;29.889517;6021108
523;08:39:12.416;1.5;29.890986;6021404
524;08:39:12.584;0.0;29.890231;6021308
525;08:39:12.756;3.2;29.891363;6021480
526;08:39:12.926;0.0;29.890807;6021368
527;08:39:13.101;0.0;29.891085;6021424
528;08:39:13.277;3.1;29.892773;6021764
529;08:39:13.508;1.5;29.892813;6021772
530;08:39:13.690;3.0;29.890827;6021372
531;08:39:13.866;2.9;29.893230;6021636
532;08:39:14.034;1.5;29.892833;6021776
533;08:39:14.203;0.0;29.891621;6021532
534;08:39:14.371;1.6;29.892694;6021528
535;08:39:14.539;0.0;29.892197;6021648
536;08:39:14.707;1.6;29.892157;6021640
537;08:39:14.874;1.5;29.890906;6021388
538;08:39:15.042;0.0;29.890271;6021260
539;08:39:15.210;1.5;29.890112;6021228
540;08:39:15.380;1.5;29.890112;6021228
541;08:39:15.556;0.0;29.892257;6021756
542;08:39:15.726;0.0;29.892396;6021688
543;08:39:15.894;0.0;29.893190;6021628
544;08:39:16.062;0.0;29.891343;6021476
545;08:39:16.230;1.5;29.890549;6021316
546;08:39:16.398;0.0;29.890112;6021228
547;08:39:16.566;0.0;29.891026;6021420
548;08:39:16.734;1.5;29.890271;6021260
549;08:39:16.906;1.5;29.895037;6022220
550;08:39:17.076;3.1;29.892416;6021924
551;08:39:17.245;0.0;29.892157;6021640
552;08:39:17.413;1.6;29.891065;6021420
553;08:39:17.581;1.5;29.894064;6022024
554;08:39:17.752;0.0;29.894759;6022164
555;08:39:17.923;1.5;29.898631;6022944
556;08:39:18.090;1.4;29.896506;6022516
557;08:39:18.258;0.0;29.896466;6022508
558;08:39:18.426;0.0;29.895612;6022336
559;08:39:18.596;4.5;29.994974;6042364
560;08:39:18.766;1.5;29.995133;6042384
561;08:39:18.936;1.4;29.995133;6042236
562;08:39:19.104;0.0;29.996940;6042748
563;08:39:19.272;0.0;29.994359;6042228
564;08:39:19.442;1.5;29.998370;6043036
565;08:39:19.610;1.6;29.994061;6042168
566;08:39:19.778;0.0;29.993187;6041992
567;08:39:19.946;0.0;29.993128;6041980
568;08:39:20.114;0.0;29.991857;6041724
569;08:39:20.282;0.0;29.994359;6042228
570;08:39:20.451;1.5;29.994776;6042312
571;08:39:20.618;1.6;29.994200;6041976
572;08:39:20.786;0.0;29.992989;6041952
573;08:39:20.954;1.6;29.995769;6042364
574;08:39:21.121;0.0;29.994061;6042168
575;08:39:21.290;1.6;29.994895;6042596
576;08:39:21.458;1.6;29.995729;6042504
577;08:39:21.626;1.6;29.991559;6041444
578;08:39:21.795;1.5;29.991440;6041640
579;08:39:21.966;1.5;29.994041;6042164
580;08:39:22.141;1.6;29.995828;6042524
581;08:39:22.312;1.6;29.996285;6042616
582;08:39:22.481;4.3;30.000753;6043516
583;08:39:22.654;2.9;29.995649;6042488
584;08:39:22.827;0.0;29.995610;6042260
585;08:39:22.998;1.8;29.993902;6042368
586;08:39:23.169;0.0;29.995689;6042496
587;08:39:23.339;1.9;29.997159;6042824
588;08:39:23.509;0.0;29.997178;6042796
589;08:39:23.682;0.0;29.997715;6042684
590;08:39:23.853;0.0;29.998092;6042980
591;08:39:24.025;0.0;29.996344;6042628
592;08:39:24.196;0.0;29.998370;6043036
593;08:39:24.367;1.9;29.996960;6042532
594;08:39:24.537;0.0;30.002540;6044044
595;08:39:24.711;1.8;29.998251;6043264
596;08:39:24.879;0.0;29.996781;6042568
597;08:39:25.049;0.0;29.994796;6042316
598;08:39:25.222;2.0;29.994140;6042184
599;08:39:25.392;1.9;29.992671;6042148
600;08:39:25.563;0.0;29.994379;6042012
601;08:39:25.733;0.0;29.994855;6042328
602;08:39:25.903;0.0;29.996960;6042692
603;08:39:26.075;1.9;29.994974;6042604
604;08:39:26.245;1.9;29.995570;6042472
605;08:39:26.414;1.9;29.993862;6042128
606;08:39:26.586;0.0;29.993028;6041960
607;08:39:26.756;1.8;29.994299;6042216
608;08:39:26.926;0.0;29.993783;6042364
609;08:39:27.096;1.9;29.994101;6041956
610;08:39:27.267;0.0;29.992611;6041876
611;08:39:27.437;1.9;29.993882;6042132
612;08:39:27.608;0.0;29.992333;6041820
613;08:39:27.778;1.8;29.991559;6041444
614;08:39:27.948;1.9;29.991638;6041680
615;08:39:28.118;0.0;29.991480;6041428
616;08:39:28.290;1.9;29.989554;6041260
617;08:39:28.459;1.9;29.995113;6042160
618;08:39:28.629;0.0;29.991241;6041600
619;08:39:28.799;0.0;29.990864;6041760
620;08:39:28.969;1.9;29.992095;6041552
621;08:39:29.138;1.8;29.990665;6041736
622;08:39:29.308;0.0;29.993624;6042080
623;08:39:29.477;1.9;29.993604;6042228
624;08:39:29.647;1.9;29.993644;6042084
625;08:39:29.818;0.0;29.992055;6041764
626;08:39:29.988;1.9;29.993088;6041972
627;08:39:30.159;3.6;29.993525;6041840
628;08:39:30.328;3.6;29.991857;6041724
629;08:39:30.500;1.9;29.992592;6041652
630;08:39:30.671;3.6;29.991936;6041748
631;08:39:30.840;0.0;29.994259;6042452
632;08:39:31.011;0.0;29.993942;6042144
633;08:39:31.181;1.8;29.995093;6042156
634;08:39:31.351;1.9;29.996761;6042712
635;08:39:31.521;1.7;29.994577;6042272
636;08:39:31.690;0.0;29.994160;6041968
637;08:39:31.861;3.3;29.993862;6041968
638;08:39:32.030;3.5;29.992770;6041908
639;08:39:32.201;0.0;29.993128;6042240
640;08:39:32.371;1.8;29.993009;6042116
641;08:39:32.542;1.8;29.993624;6041860
642;08:39:32.712;3.0;29.991400;6041380
643;08:39:32.882;1.5;29.992731;6041900
644;08:39:33.053;3.5;29.994835;6042324
645;08:39:33.223;1.7;29.994895;6041956
646;08:39:33.393;0.0;29.993465;6041828
647;08:39:33.564;0.0;29.993128;6041760
648;08:39:33.736;0.0;29.993108;6041976
649;08:39:33.906;1.6;29.995252;6042408
650;08:39:34.075;1.7;29.992572;6042120
651;08:39:34.245;3.1;29.993545;6042264
652;08:39:34.415;1.6;29.989137;6041756
653;08:39:34.583;1.5;29.990209;6041548
654;08:39:34.751;3.0;29.990229;6041396
655;08:39:34.920;3.1;29.990070;6041144
656;08:39:35.089;1.6;29.991082;6041568
657;08:39:35.257;1.5;30.050275;6053492
658;08:39:35.424;0.0;30.151384;6073860
659;08:39:35.592;1.5;30.252295;6094312
660;08:39:35.761;6.0;30.306284;6105064
661;08:39:35.931;0.0;30.385631;6121152
662;08:39:36.100;3.1;30.478500;6139604
663;08:39:36.270;1.6;30.562512;6156352
664;08:39:36.438;3.0;30.633956;6171324
665;08:39:36.606;0.0;30.725991;6189612
666;08:39:36.774;3.0;30.788837;6202220
667;08:39:36.942;2.9;30.821123;6208556
668;08:39:37.111;1.5;30.846917;6213972
669;08:39:37.279;1.5;30.888655;6222624
670;08:39:37.448;1.5;30.930374;6231060
671;08:39:37.617;3.0;30.963554;6237468
672;08:39:37.786;1.5;30.984066;6241852
673;08:39:37.954;0.0;31.055708;6256032
674;08:39:38.122;0.0;31.157870;6276612
675;08:39:38.290;0.0;31.259217;6296764
676;08:39:38.460;3.0;31.260885;6297616
677;08:39:38.630;0.0;31.262076;6297604
678;08:39:38.798;0.0;31.261501;6297488
679;08:39:38.968;1.5;31.270476;6299548
680;08:39:39.136;3.1;31.273077;6299820
681;08:39:39.305;0.0;31.538836;6353608
682;08:39:39.474;1.5;31.538935;6353376
683;08:39:39.642;1.5;31.539392;6353468
684;08:39:39.810;1.5;31.538519;6353292
685;08:39:39.978;0.0;31.538419;6353272
686;08:39:40.146;0.0;31.538280;6353244
687;08:39:40.313;1.6;31.537049;6352996
688;08:39:40.481;1.6;31.536056;6352796
689;08:39:40.649;0.0;31.536056;6352796
690;08:39:40.818;0.0;31.536791;6352944
691;08:39:40.986;1.6;31.536970;6352760
692;08:39:41.154;0.0;31.536672;6352920
693;08:39:41.322;0.0;31.539849;6353560
694;08:39:41.490;0.0;31.538797;6353348
695;08:39:41.659;0.0;31.542013;6354104
696;08:39:41.827;2.9;31.544257;6354228
697;08:39:41.999;1.5;31.544634;6354196
698;08:39:42.171;0.0;31.541715;6353936
699;08:39:42.342;3.1;31.542192;6354284
700;08:39:42.518;3.1;31.542212;6354036
701;08:39:42.689;4.7;31.538340;6353180
702;08:39:42.861;4.6;31.538439;6353276
703;08:39:43.032;1.5;31.537446;6353076
704;08:39:43.203;2.9;31.538320;6353252
705;08:39:43.377;1.4;31.541020;6353796
706;08:39:43.547;0.0;31.542688;6354384
707;08:39:43.722;3.1;31.545170;6354884
708;08:39:43.894;0.0;31.548050;6354992
709;08:39:44.063;1.5;31.551266;6356112
710;08:39:44.237;0.0;31.549678;6355540
711;08:39:44.408;1.6;31.549261;6355496
712;08:39:44.579;10.0;31.549201;6355680
713;08:39:44.753;1.6;31.550432;6355936
714;08:39:44.926;1.5;31.553073;6356224
715;08:39:45.098;3.0;31.552180;6356044
716;08:39:45.270;3.3;31.554265;6356464
717;08:39:45.439;1.6;31.555734;6356760
718;08:39:45.607;3.0;31.562148;6358320
719;08:39:45.785;4.5;31.551068;6356256
720;08:39:45.956;2.8;31.556866;6356988
721;08:39:46.129;1.4;31.558554;6357328
722;08:39:46.301;1.5;31.566973;6359024
723;08:39:46.478;1.5;31.574796;6360600
724;08:39:46.656;5.7;31.553729;6356356
725;08:39:46.834;5.7;31.553947;6356400
726;08:39:47.004;4.4;31.558871;6357392
727;08:39:47.175;4.3;31.559983;6357396
728;08:39:47.347;2.9;31.558395;6357296
729;08:39:47.518;6.0;31.556727;6357112
730;08:39:47.693;3.0;31.557223;6357060
731;08:39:47.862;4.3;31.558852;6357624
732;08:39:48.031;4.4;31.559090;6357376
733;08:39:48.199;4.7;31.565027;6358632
734;08:39:48.374;1.6;31.582937;6362020
735;08:39:48.544;7.7;31.605117;6366708
736;08:39:48.716;3.1;31.636530;6373304
737;08:39:48.886;1.5;31.667844;6379344
738;08:39:49.054;0.0;31.699297;6385312
739;08:39:49.222;0.0;31.739049;6393688
740;08:39:49.391;0.0;31.769628;6400068
741;08:39:49.559;1.5;31.811803;6408344
742;08:39:49.727;0.0;31.853343;6416712
743;08:39:49.894;0.0;31.894406;6425016
744;08:39:50.062;0.0;31.935509;6433264
745;08:39:50.231;1.6;31.976910;6441604
746;08:39:50.398;1.5;32.006457;6447408
747;08:39:50.566;1.5;32.018728;6449288
748;08:39:50.734;0.0;32.015015;6449532
749;08:39:50.902;1.5;32.015293;6449336
750;08:39:51.070;0.0;32.016702;6449620
751;08:39:51.238;1.6;32.019185;6449900
752;08:39:51.406;1.5;32.016643;6449608
753;08:39:51.573;1.5;32.017258;6449732
754;08:39:51.741;0.0;32.017000;6449680
755;08:39:51.908;0.0;32.017755;6449832
756;08:39:52.076;0.0;32.040451;6454036
757;08:39:52.244;0.0;32.097796;6465956
758;08:39:52.411;0.0;32.143288;6475120
759;08:39:52.579;3.2;32.560889;6558676
760;08:39:52.749;1.6;32.577489;6562588
761;08:39:52.917;0.0;32.579991;6563092
762;08:39:53.086;0.0;32.622842;6571576
763;08:39:53.254;1.5;32.621591;6571324
764;08:39:53.423;0.0;32.673436;6582184
765;08:39:53.593;0.0;32.674965;6582224
766;08:39:53.761;0.0;32.675263;6582284
767;08:39:53.929;1.5;32.673237;6581876
768;08:39:54.097;0.0;32.672145;6581656
769;08:39:54.266;0.0;32.671927;6581612
770;08:39:54.434;0.0;32.671887;6581604
771;08:39:54.602;2.9;32.673833;6581996
772;08:39:54.770;0.0;32.673754;6581980
773;08:39:54.938;0.0;32.673019;6581832
774;08:39:55.106;1.6;32.673754;6581980
775;08:39:55.274;3.1;32.674608;6582152
776;08:39:55.444;0.0;32.674389;6582108
777;08:39:55.615;3.1;32.674627;6582156
778;08:39:55.784;3.0;32.673793;6581988
779;08:39:55.953;1.5;32.673952;6582020
780;08:39:56.122;3.2;32.673992;6582028
781;08:39:56.290;2.9;32.676653;6582152
782;08:39:56.466;8.1;32.676434;6582520
783;08:39:56.638;4.4;32.681081;6583456
784;08:39:56.814;4.3;32.676176;6582784
785;08:39:56.982;2.9;32.676176;6582644
786;08:39:57.153;5.1;32.673992;6581868
787;08:39:57.323;7.0;32.675382;6582408
788;08:39:57.496;7.4;32.674905;6582184
789;08:39:57.666;9.1;32.673317;6581892
790;08:39:57.837;11.3;32.677824;6582800
791;08:39:58.010;11.0;32.676414;6582516
792;08:39:58.184;10.5;32.676494;6582784
793;08:39:58.358;7.0;32.662575;6579728
794;08:39:58.529;13.2;32.664103;6580288
795;08:39:58.700;13.5;32.665712;6580372
796;08:39:58.871;9.5;32.666327;6580744
797;08:39:59.042;13.0;32.664957;6580208
798;08:39:59.212;8.7;32.673456;6581888
799;08:39:59.383;12.3;32.673416;6581912
800;08:39:59.553;14.1;32.674905;6582212
801;08:39:59.787;12.5;32.676474;6582528
802;08:39:59.959;4.7;32.675700;6582372
803;08:40:00.130;11.6;32.675203;6582228
804;08:40:00.301;1.6;32.676077;6582300
805;08:40:00.472;8.0;32.674508;6582132
806;08:40:00.643;5.8;32.672880;6581804
807;08:40:00.815;2.9;32.673059;6581840
808;08:40:00.985;1.6;32.674091;6581752
809;08:40:01.157;0.0;32.674449;6582120
810;08:40:01.328;1.6;32.674687;6582168
811;08:40:01.499;0.0;32.674210;6582072
812;08:40:01.670;1.6;32.673615;6581952
813;08:40:01.844;1.6;32.673416;6581912
814;08:40:02.016;3.6;32.672364;6581700
815;08:40:02.187;0.0;32.673257;6582032
816;08:40:02.360;1.9;32.673357;6582056
817;08:40:02.531;1.9;32.673813;6581984
818;08:40:02.703;1.9;32.675243;6582248
819;08:40:02.875;0.0;32.675978;6582428
820;08:40:03.045;1.9;32.674905;6582212
821;08:40:03.215;1.9;32.675898;6582412
822;08:40:03.385;0.0;32.675680;6582488
823;08:40:03.555;1.9;32.673932;6581932
824;08:40:03.727;0.0;32.673932;6581720
825;08:40:03.898;0.0;32.676553;6582544
826;08:40:04.070;1.9;32.675878;6582108
827;08:40:04.241;0.0;32.674310;6582092
828;08:40:04.413;1.7;32.673416;6582032
829;08:40:04.582;0.0;32.692498;6585904
830;08:40:04.751;3.1;32.767377;6600840
831;08:40:04.920;1.5;32.858359;6619168
832;08:40:05.088;1.5;32.951844;6638000
833;08:40:05.256;1.6;33.064529;6660700
834;08:40:05.423;6.1;33.148344;6677856
835;08:40:05.591;1.5;33.227710;6693824
836;08:40:05.760;0.0;33.352627;6718736
837;08:40:05.928;0.0;33.453955;6741196
838;08:40:06.095;4.7;33.516999;6751848
839;08:40:06.266;3.2;33.566839;6762132
840;08:40:06.435;1.6;33.568467;6762216
841;08:40:06.605;0.0;33.566601;6761840
842;08:40:06.776;1.4;33.570135;6762256
843;08:40:06.945;0.0;33.567375;6761848
844;08:40:07.114;0.0;33.566084;6761736
845;08:40:07.282;1.5;33.564794;6761328
846;08:40:07.450;0.0;33.564834;6761484
847;08:40:07.619;1.5;33.566243;6761768
848;08:40:07.787;1.4;33.576966;6763632
849;08:40:07.956;1.6;33.586874;6765776
850;08:40:08.124;1.6;33.595790;6767668
851;08:40:08.292;0.0;33.617771;6772620
852;08:40:08.461;3.0;33.633855;6775388
853;08:40:08.630;0.0;34.007435;6850740
854;08:40:08.798;1.5;34.008884;6850936
855;08:40:08.966;0.0;34.008844;6851048
856;08:40:09.136;1.4;34.007097;6850576
857;08:40:09.303;1.5;34.006720;6850500
858;08:40:09.472;0.0;34.005310;6850216
859;08:40:09.641;0.0;34.006045;6850364
860;08:40:09.809;0.0;34.017283;6852628
861;08:40:09.978;1.5;34.029178;6855024
862;08:40:10.146;0.0;34.028919;6854528
863;08:40:10.314;1.5;34.024750;6853984
864;08:40:10.483;0.0;34.025127;6854208
865;08:40:10.652;3.1;34.024015;6853984
866;08:40:10.821;0.0;34.033566;6855660
867;08:40:10.990;0.0;34.032037;6855600
868;08:40:11.158;0.0;34.028224;6854832
869;08:40:11.329;0.0;34.028145;6854816
870;08:40:11.498;1.5;34.029416;6855044
871;08:40:11.674;2.9;34.030111;6855212
872;08:40:11.850;1.5;34.029217;6855032
873;08:40:12.026;0.0;34.028701;6854560
874;08:40:12.201;1.5;34.027549;6854808
875;08:40:12.373;1.5;34.029734;6855136
876;08:40:12.543;1.6;34.028741;6854936
877;08:40:12.712;1.6;34.028999;6854988
878;08:40:12.881;0.0;34.030508;6855292
879;08:40:13.050;0.0;34.028701;6854928
880;08:40:13.218;0.0;34.031243;6855292
881;08:40:13.385;0.0;34.030468;6855284
882;08:40:13.553;0.0;34.031203;6855432
883;08:40:13.721;0.0;34.031719;6855976
884;08:40:13.891;3.0;34.034102;6856016
885;08:40:14.067;1.5;34.034420;6856080
886;08:40:14.242;1.5;34.032255;6855496
887;08:40:14.412;0.0;34.031521;6855200
888;08:40:14.581;0.0;34.030349;6855260
889;08:40:14.749;0.0;34.032474;6855392
890;08:40:14.918;1.5;34.030786;6855348
891;08:40:15.086;0.0;34.031461;6855484
892;08:40:15.254;0.0;34.034658;6856128
893;08:40:15.422;2.9;34.035095;6856216
894;08:40:15.597;4.3;34.037319;6856664
895;08:40:15.765;3.1;34.041310;6857468
896;08:40:15.934;1.5;34.041588;6857524
897;08:40:16.102;0.0;34.041072;6857420
898;08:40:16.270;3.0;34.038252;6856832
899;08:40:16.438;1.6;34.039880;6857180
900;08:40:16.606;0.0;34.042382;6857536
901;08:40:16.774;0.0;34.040118;6857228
902;08:40:16.942;1.5;34.042243;6857656
903;08:40:17.109;1.6;34.040655;6856940
904;08:40:17.278;1.6;34.131478;6876160
905;08:40:17.447;0.0;34.132749;6875740
906;08:40:17.615;1.5;34.132789;6876164
907;08:40:17.783;1.5;34.137256;6876796
908;08:40:17.951;0.0;34.137098;6876616
909;08:40:18.119;1.3;34.134079;6876156
910;08:40:18.287;1.5;34.135886;6876520
911;08:40:18.455;1.6;34.134079;6876416
912;08:40:18.623;0.0;34.133166;6875760
913;08:40:18.791;1.4;34.133821;6876104
914;08:40:18.959;0.0;34.135668;6876180
915;08:40:19.127;1.4;34.133742;6876088
916;08:40:19.295;0.0;34.128083;6874800
917;08:40:19.463;0.0;34.129016;6875248
918;08:40:19.630;0.0;34.128937;6874972
919;08:40:19.798;0.0;34.126891;6874708
920;08:40:19.966;1.5;34.125740;6874476
921;08:40:20.134;0.0;34.126157;6874560
922;08:40:20.302;3.1;34.127408;6874664
923;08:40:20.471;3.0;34.128659;6874916
924;08:40:20.647;0.0;34.130068;6875616
925;08:40:20.825;3.1;34.127606;6874852
926;08:40:20.998;0.0;34.128897;6874964
927;08:40:21.167;3.1;34.135449;6876284
928;08:40:21.341;0.0;34.129393;6875212
929;08:40:21.512;0.0;34.131776;6875720
930;08:40:21.683;1.6;34.130485;6876312
931;08:40:21.856;1.6;34.133782;6876096
932;08:40:22.028;3.3;34.133563;6876052
933;08:40:22.200;0.0;34.132610;6875860
934;08:40:22.372;3.1;34.132292;6875964
935;08:40:22.545;1.8;34.133563;6876052
936;08:40:22.716;1.7;34.131478;6875632
937;08:40:22.886;1.7;34.133345;6876008
938;08:40:23.059;3.1;34.138904;6877128
939;08:40:23.232;3.4;34.138349;6877172
940;08:40:23.401;1.8;34.139222;6877192
941;08:40:23.571;0.0;34.138309;6876980
942;08:40:23.744;1.5;34.139401;6876932
943;08:40:23.915;3.2;34.136681;6876832
944;08:40:24.086;1.5;34.135052;6876352
945;08:40:24.257;0.0;34.129989;6875332
946;08:40:24.430;1.7;34.130009;6875336
947;08:40:24.602;3.3;34.131637;6875664
948;08:40:24.774;1.7;34.129731;6875280
949;08:40:24.943;0.0;34.132550;6875788
950;08:40:25.114;0.0;34.132729;6875884
951;08:40:25.287;1.7;34.130664;6875408
952;08:40:25.458;0.0;34.130565;6875448
953;08:40:25.628;3.3;34.129929;6875508
954;08:40:25.800;1.6;34.130942;6875524
955;08:40:25.974;3.0;34.131776;6875524
956;08:40:26.148;6.2;34.132550;6875848
957;08:40:26.321;3.0;34.131895;6875716
958;08:40:26.492;1.6;34.132630;6875864
959;08:40:26.663;1.7;34.136283;6876600
960;08:40:26.833;1.8;34.135410;6876424
961;08:40:27.002;1.7;34.133762;6876092
962;08:40:27.173;0.0;34.133444;6876028
963;08:40:27.343;3.2;34.132173;6875772
964;08:40:27.515;1.7;34.133722;6876084
965;08:40:27.685;0.0;34.132570;6875632
966;08:40:27.856;1.5;34.132689;6875876
967;08:40:28.027;1.7;34.133166;6875824
968;08:40:28.199;1.6;34.131379;6875448
969;08:40:28.368;1.6;34.128778;6875088
970;08:40:28.537;1.4;34.129016;6875356
971;08:40:28.706;1.6;34.132967;6875784
972;08:40:28.877;1.6;34.132272;6875792
973;08:40:29.047;1.5;34.129651;6875632
974;08:40:29.217;1.6;34.132312;6875800
975;08:40:29.387;1.5;34.133623;6876064
976;08:40:29.557;0.0;34.133305;6876000
977;08:40:29.728;1.6;34.133523;6875892
978;08:40:29.898;0.0;34.131796;6875548
979;08:40:30.067;0.0;34.130386;6875412
980;08:40:30.238;2.9;34.130108;6875204
981;08:40:30.409;1.5;34.129870;6875368
982;08:40:30.581;0.0;34.132054;6875748
983;08:40:30.752;1.5;34.132213;6875780
984;08:40:30.924;0.0;34.130922;6875520
985;08:40:31.094;1.5;34.129870;6875308
986;08:40:31.265;1.5;34.131280;6875592
987;08:40:31.436;1.4;34.129552;6875096
988;08:40:31.607;0.0;34.128778;6875244
989;08:40:31.778;1.5;34.130346;6875404
990;08:40:31.949;1.5;34.130902;6875668
991;08:40:32.118;1.5;34.129890;6875312
992;08:40:32.288;10.3;34.129711;6875436
993;08:40:32.461;2.7;34.129155;6875164
994;08:40:32.635;4.4;34.127110;6874752
995;08:40:32.807;1.5;34.126256;6874428
996;08:40:32.977;0.0;34.128063;6874944
997;08:40:33.148;2.9;34.127328;6874796
998;08:40:33.318;6.2;34.126157;6874560
999;08:40:33.488;5.6;34.140394;6877280
1000;08:40:33.658;11.8;34.162454;6887392
1001;08:40:33.851;11.4;34.204947;6890432
1002;08:40:34.024;4.4;34.203994;6890140
1003;08:40:34.194;1.5;34.200579;6889796
1004;08:40:34.363;1.5;34.207052;6890856
1005;08:40:34.533;1.6;34.206913;6890820
1006;08:40:34.701;1.5;34.205662;6890576
1007;08:40:34.870;0.0;34.289397;6907296
1008;08:40:35.037;0.0;34.391002;6927912
1009;08:40:35.205;3.2;34.503251;6950768
1010;08:40:35.376;4.7;34.551999;6960856
1011;08:40:35.544;1.5;34.625964;6974588
1012;08:40:35.712;1.6;34.706760;6991372
1013;08:40:35.880;3.2;34.797763;7009708
1014;08:40:36.048;3.1;34.870338;7024836
1015;08:40:36.216;0.0;34.978913;7046128
1016;08:40:36.384;3.2;35.019996;7054620
1017;08:40:36.552;1.6;35.040191;7058360
1018;08:40:36.721;0.0;35.069419;7064428
1019;08:40:36.890;1.6;35.109768;7072948
1020;08:40:37.058;1.6;35.148508;7080360
1021;08:40:37.227;1.6;35.180318;7086916
1022;08:40:37.396;1.4;35.210222;7093192
1023;08:40:37.565;1.5;35.288734;7108756
1024;08:40:37.733;3.2;35.338673;7118912
1025;08:40:37.908;4.7;35.405510;7131824
1026;08:40:38.078;0.0;35.405689;7132560
1027;08:40:38.248;0.0;35.407456;7132672
1028;08:40:38.417;1.5;35.408191;7132820
1029;08:40:38.586;1.6;35.409283;7133040
1030;08:40:38.755;3.1;35.408806;7132944
1031;08:40:38.924;1.5;35.697500;7191100
1032;08:40:39.094;0.0;35.701034;7191516
1033;08:40:39.262;2.9;35.697559;7191112
1034;08:40:39.430;0.0;35.698612;7191324
1035;08:40:39.599;1.5;35.698036;7191208
1036;08:40:39.768;1.5;35.697301;7191060
1037;08:40:39.937;3.0;35.697023;7191004
1038;08:40:40.105;4.6;35.698969;7191396
1039;08:40:40.275;3.3;35.697262;7190992
1040;08:40:40.445;3.1;35.695812;7190612
1041;08:40:40.615;11.3;35.698294;7191332
1042;08:40:40.786;5.9;35.697222;7191044
1043;08:40:40.957;6.3;35.697540;7191104
1044;08:40:41.134;0.0;35.697857;7191024
1045;08:40:41.302;0.0;35.697003;7191000
1046;08:40:41.470;3.0;35.698135;7191080
1047;08:40:41.640;1.5;35.699227;7191448
Build Completed
