ID; Time; CPU %; MEM %; MEM KiB
1;13:26:26.597;8.5;11.570314;2330788
2;13:26:26.774;3.2;11.570870;2330680
3;13:26:26.947;3.1;11.570414;2330808
4;13:26:27.121;0.0;11.567296;2330432
5;13:26:27.292;0.0;11.569739;2330672
6;13:26:27.463;1.5;11.569778;2330680
7;13:26:27.634;1.6;11.571625;2331052
8;13:26:27.803;1.5;11.570195;2330544
9;13:26:27.972;0.0;11.568150;2330352
10;13:26:28.143;3.1;11.566740;2330280
11;13:26:28.312;1.5;11.569381;2330380
12;13:26:28.481;1.6;11.570990;2331176
13;13:26:28.652;1.5;11.575140;2331808
14;13:26:28.827;3.0;11.575775;2331888
15;13:26:29.004;1.5;11.578158;2332368
16;13:26:29.181;1.5;11.578197;2332368
17;13:26:29.358;2.9;11.576788;2332092
18;13:26:29.537;1.5;11.576986;2331912
19;13:26:29.712;1.6;11.573293;2331632
20;13:26:29.883;1.7;11.573293;2331388
21;13:26:30.052;3.1;11.571645;2331056
22;13:26:30.220;1.5;11.573372;2331404
23;13:26:30.395;0.0;11.573730;2331256
24;13:26:30.566;1.6;11.572995;2331328
25;13:26:30.736;0.0;11.570890;2330904
26;13:26:30.904;0.0;11.578257;2332648
27;13:26:31.073;1.6;11.783891;2375852
28;13:26:31.243;1.5;11.885457;2394532
29;13:26:31.413;0.0;11.887184;2394864
30;13:26:31.583;1.6;11.888395;2394864
31;13:26:31.753;4.5;11.889368;2395060
32;13:26:31.930;2.9;11.891394;2395248
33;13:26:32.107;8.6;11.889944;2395176
34;13:26:32.277;1.6;11.890083;2395204
35;13:26:32.450;3.0;11.895683;2396108
36;13:26:32.626;3.1;11.900706;2397344
37;13:26:32.803;1.6;11.892446;2395680
38;13:26:32.973;0.0;11.891950;2395780
39;13:26:33.145;0.0;11.894472;2396088
40;13:26:33.317;0.0;11.891255;2395440
41;13:26:33.488;0.0;11.890222;2395012
42;13:26:33.661;1.6;11.891513;2395492
43;13:26:33.833;1.6;11.893181;2395608
44;13:26:34.004;1.5;11.893340;2395860
45;13:26:34.175;1.5;11.891672;2395524
46;13:26:34.348;1.5;11.890262;2394924
47;13:26:34.520;1.5;11.893836;2395960
48;13:26:34.692;1.4;11.892049;2395600
49;13:26:34.863;2.9;11.892287;2395648
50;13:26:35.035;1.4;11.888892;2395240
51;13:26:35.206;0.0;11.889805;2395148
52;13:26:35.377;0.0;11.890580;2395304
53;13:26:35.548;1.5;11.891136;2395196
54;13:26:35.721;3.0;11.890838;2394428
55;13:26:35.892;1.5;11.892804;2395532
56;13:26:36.067;6.9;11.889349;2394832
57;13:26:36.239;0.0;11.891970;2395584
58;13:26:36.414;3.1;11.891493;2395904
59;13:26:36.589;3.1;11.897966;2396544
60;13:26:36.770;2.9;11.893280;2395628
61;13:26:36.944;2.9;11.892029;2395376
62;13:26:37.116;1.4;11.888951;2395228
63;13:26:37.288;2.9;11.890024;2395412
64;13:26:37.459;3.0;11.891612;2395552
65;13:26:37.631;2.9;11.893379;2395648
66;13:26:37.802;2.9;11.893042;2395464
67;13:26:37.980;2.9;11.892406;2395672
68;13:26:38.155;4.5;11.888316;2395132
69;13:26:38.326;5.7;11.887681;2394720
70;13:26:38.498;1.4;11.888932;2394972
71;13:26:38.669;3.1;11.885596;2394300
72;13:26:38.840;1.5;11.898820;2396744
73;13:26:39.011;2.8;11.898542;2396908
74;13:26:39.181;6.2;11.971336;2411572
75;13:26:39.353;1.5;12.083068;2433860
76;13:26:39.522;0.0;12.225777;2465372
77;13:26:39.692;1.5;12.403175;2498564
78;13:26:39.861;1.4;12.552456;2528592
79;13:26:40.031;3.1;12.554680;2529336
80;13:26:40.202;3.0;12.556487;2529228
81;13:26:40.372;3.0;12.554978;2529396
82;13:26:40.542;4.6;12.655213;2549596
83;13:26:40.712;3.1;12.721375;2562444
84;13:26:40.883;4.7;12.809875;2580492
85;13:26:41.053;1.6;12.811782;2580876
86;13:26:41.224;1.5;12.810233;2580564
87;13:26:41.393;1.6;12.812377;2580996
88;13:26:41.562;0.0;12.813469;2580996
89;13:26:41.731;1.6;12.811702;2580860
90;13:26:41.901;1.6;12.808624;2580240
91;13:26:42.071;1.6;12.811523;2580824
92;13:26:42.238;0.0;12.813469;2581216
93;13:26:42.406;3.0;12.812794;2581080
94;13:26:42.575;4.5;12.811881;2580896
95;13:26:42.746;0.0;12.811404;2580800
96;13:26:42.917;1.3;12.811484;2580596
97;13:26:43.086;1.6;12.821690;2583108
98;13:26:43.257;1.6;12.821730;2582880
99;13:26:43.426;3.1;12.823676;2583320
100;13:26:43.597;1.5;12.845657;2587968
101;13:26:43.766;0.0;12.844942;2587336
102;13:26:43.934;1.5;12.843691;2587304
103;13:26:44.104;0.0;12.844902;2587548
104;13:26:44.273;0.0;12.843492;2587524
105;13:26:44.442;1.6;12.844743;2587516
106;13:26:44.611;1.5;12.844982;2587344
107;13:26:44.780;0.0;12.844743;2587516
108;13:26:44.949;1.6;12.843631;2587292
109;13:26:45.118;0.0;12.843473;2587300
110;13:26:45.287;1.5;12.842380;2587040
111;13:26:45.457;0.0;12.842579;2586860
112;13:26:45.626;0.0;12.842301;2587316
113;13:26:45.796;0.0;12.843810;2587572
114;13:26:45.966;2.9;12.847364;2588288
115;13:26:46.137;0.0;12.848734;2588320
116;13:26:46.306;1.5;12.848258;2588004
117;13:26:46.474;0.0;12.847047;2587980
118;13:26:46.643;1.2;12.848417;2588256
119;13:26:46.813;0.0;12.846372;2587844
120;13:26:46.982;0.0;12.847583;2587868
121;13:26:47.151;1.4;12.845478;2587664
122;13:26:47.320;0.0;12.843492;2587264
123;13:26:47.489;2.7;12.844723;2587292
124;13:26:47.659;3.1;12.846054;2587780
125;13:26:47.829;1.5;13.032407;2625360
126;13:26:47.999;1.5;13.073430;2633584
127;13:26:48.169;0.0;13.112548;2641724
128;13:26:48.339;1.6;13.210460;2661632
129;13:26:48.509;1.6;13.214670;2661816
130;13:26:48.679;0.0;13.216238;2662352
131;13:26:48.848;0.0;13.215027;2662108
132;13:26:49.017;0.0;13.214471;2661996
133;13:26:49.186;0.0;13.215087;2661900
134;13:26:49.355;1.5;13.212624;2661892
135;13:26:49.524;0.0;13.213776;2662108
136;13:26:49.697;4.4;13.217370;2662580
137;13:26:49.874;1.5;13.217211;2662792
138;13:26:50.052;1.5;13.217132;2662312
139;13:26:50.226;0.0;13.217013;2662288
140;13:26:50.403;1.5;13.215603;2662224
141;13:26:50.580;0.0;13.214749;2662052
142;13:26:50.753;0.0;13.217052;2662516
143;13:26:50.929;0.0;13.215801;2662264
144;13:26:51.104;1.5;13.214551;2661792
145;13:26:51.280;0.0;13.215841;2662540
146;13:26:51.456;0.0;13.218264;2662760
147;13:26:51.632;1.6;13.216635;2662452
148;13:26:51.801;1.5;13.217966;2662700
149;13:26:51.970;0.0;13.217807;2662668
150;13:26:52.139;1.5;13.226405;2664400
151;13:26:52.308;0.0;13.227656;2664652
152;13:26:52.477;1.6;13.227656;2664652
153;13:26:52.646;1.5;13.227656;2664652
154;13:26:52.816;0.0;13.230912;2665308
155;13:26:52.985;1.6;13.230277;2665180
156;13:26:53.155;0.0;13.228887;2664680
157;13:26:53.324;1.5;13.227140;2664776
158;13:26:53.493;0.0;13.227358;2664836
159;13:26:53.663;1.4;13.244554;2669852
160;13:26:53.833;0.0;13.399633;2699296
161;13:26:54.002;3.0;13.400129;2699460
162;13:26:54.173;1.5;13.400844;2699320
163;13:26:54.342;0.0;13.401122;2699376
164;13:26:54.513;0.0;13.403088;2699772
165;13:26:54.682;1.5;13.401102;2699592
166;13:26:54.853;0.0;13.399792;2699328
167;13:26:55.022;1.4;13.432595;2705936
168;13:26:55.191;0.0;13.432317;2705660
169;13:26:55.360;0.0;13.431582;2705732
170;13:26:55.529;0.0;13.430530;2705300
171;13:26:55.698;1.6;13.432098;2705616
172;13:26:55.867;0.0;13.432317;2705660
173;13:26:56.037;1.5;13.431066;2705408
174;13:26:56.206;1.4;13.429815;2705644
175;13:26:56.376;1.6;13.431026;2705620
176;13:26:56.546;0.0;13.431383;2705692
177;13:26:56.715;1.4;13.434362;2706292
178;13:26:56.883;1.5;13.431383;2705472
179;13:26:57.053;1.5;13.431224;2705440
180;13:26:57.222;0.0;13.428723;2705156
181;13:26:57.397;1.6;13.431622;2705740
182;13:26:57.573;0.0;13.431502;2705496
183;13:26:57.742;4.6;13.432912;2706000
184;13:26:57.911;0.0;13.433429;2706104
185;13:26:58.082;0.0;13.431860;2705568
186;13:26:58.250;1.6;13.432614;2705720
187;13:26:58.419;0.0;13.431761;2705548
188;13:26:58.588;1.6;13.432277;2705920
189;13:26:58.757;1.5;13.430649;2705544
190;13:26:58.926;1.5;13.431919;2706028
191;13:26:59.095;1.2;13.432078;2705612
192;13:26:59.264;1.5;13.430669;2705548
193;13:26:59.434;1.5;13.429418;2705296
194;13:26:59.602;0.0;13.431721;2705760
195;13:26:59.771;0.0;13.432277;2705872
196;13:26:59.941;0.0;13.430113;2705436
197;13:27:00.110;1.6;13.429020;2705264
198;13:27:00.278;1.6;13.431522;2705964
199;13:27:00.449;0.0;13.430510;2705516
200;13:27:00.618;1.6;13.431264;2705936
201;13:27:00.788;1.6;13.431959;2705588
202;13:27:00.956;0.0;13.431125;2705640
203;13:27:01.126;1.5;13.428941;2705468
204;13:27:01.296;4.3;13.431761;2705548
205;13:27:01.474;1.5;13.430569;2705308
206;13:27:01.649;4.8;13.433071;2706032
207;13:27:01.819;4.1;13.432019;2705600
208;13:27:01.991;1.5;13.435096;2706684
209;13:27:02.165;4.5;13.429537;2705100
210;13:27:02.337;1.6;13.429934;2705172
211;13:27:02.509;4.3;13.432456;2705908
212;13:27:02.681;4.0;13.434163;2706252
213;13:27:02.853;2.9;13.436367;2706696
214;13:27:03.026;2.9;13.433865;2706224
215;13:27:03.197;0.0;13.435255;2706732
216;13:27:03.368;1.5;13.433012;2705580
217;13:27:03.540;1.3;13.430887;2705592
218;13:27:03.711;1.4;13.432257;2705868
219;13:27:03.882;2.9;13.433607;2706140
220;13:27:04.053;0.0;13.434282;2706276
221;13:27:04.228;1.5;13.432396;2705676
222;13:27:04.401;1.5;13.431999;2705816
223;13:27:04.572;1.4;13.428564;2705124
224;13:27:04.744;2.9;13.431780;2706040
225;13:27:04.917;1.5;13.432257;2705868
226;13:27:05.089;0.0;13.433627;2706144
227;13:27:05.261;1.5;13.432674;2705952
228;13:27:05.433;1.5;13.432992;2706016
229;13:27:05.605;0.0;13.434203;2706260
230;13:27:05.777;1.5;13.434977;2706416
231;13:27:05.951;0.0;13.435196;2706684
232;13:27:06.122;8.0;13.434640;2706128
233;13:27:06.292;1.4;13.433309;2706120
234;13:27:06.464;0.0;13.434739;2705928
235;13:27:06.638;5.6;13.435196;2706240
236;13:27:06.810;6.9;13.434183;2706036
237;13:27:06.981;4.2;13.430887;2705592
238;13:27:07.152;1.4;13.431205;2705704
239;13:27:07.323;5.3;13.433051;2706028
240;13:27:07.496;8.8;13.431403;2705696
241;13:27:07.667;7.6;13.433647;2705924
242;13:27:07.838;7.9;13.432475;2705912
243;13:27:08.009;6.4;13.429020;2705216
244;13:27:08.182;7.2;13.426677;2704996
245;13:27:08.353;7.2;13.427611;2704932
246;13:27:08.525;4.4;13.430927;2706004
247;13:27:08.700;7.5;13.429795;2705372
248;13:27:08.869;12.2;13.430331;2705480
249;13:27:09.040;15.7;13.433329;2706084
250;13:27:09.211;20.3;13.431502;2705716
251;13:27:09.382;10.0;13.429815;2705376
252;13:27:09.554;14.3;13.430946;2705604
253;13:27:09.727;7.1;13.430351;2705716
254;13:27:09.897;3.2;13.433647;2706148
255;13:27:10.070;6.7;13.433091;2705816
256;13:27:10.244;7.7;13.432416;2705900
257;13:27:10.417;3.1;13.433071;2706032
258;13:27:10.589;1.5;13.430927;2705600
259;13:27:10.762;0.0;13.431105;2705860
260;13:27:10.932;0.0;13.429874;2705388
261;13:27:11.103;3.1;13.432456;2705908
262;13:27:11.276;3.4;13.432456;2705908
263;13:27:11.447;0.0;13.432932;2706004
264;13:27:11.617;0.0;13.431522;2705720
265;13:27:11.789;1.5;13.431522;2705500
266;13:27:11.965;1.6;13.432634;2705944
267;13:27:12.136;0.0;13.432475;2705912
268;13:27:12.308;1.9;13.433250;2706068
269;13:27:12.481;2.0;13.431522;2705720
270;13:27:12.652;1.8;13.435573;2706508
271;13:27:12.826;1.9;13.434699;2706544
272;13:27:12.999;0.0;13.435593;2706320
273;13:27:13.169;1.9;13.434402;2705860
274;13:27:13.342;1.9;13.434362;2706292
275;13:27:13.512;3.6;13.434620;2706124
276;13:27:13.689;1.6;13.432178;2705852
277;13:27:13.865;1.6;13.433667;2705932
278;13:27:14.038;4.8;13.436189;2706660
279;13:27:14.210;4.6;13.430946;2705964
280;13:27:14.384;3.4;13.431105;2706148
281;13:27:14.555;7.5;13.432456;2705908
282;13:27:14.731;5.8;13.436963;2706596
283;13:27:14.907;1.7;13.435791;2706360
284;13:27:15.079;3.4;13.434799;2706160
285;13:27:15.252;1.8;13.436764;2706776
286;13:27:15.427;3.0;13.438591;2707144
287;13:27:15.723;1.5;13.429457;2705304
288;13:27:15.900;0.0;13.432436;2706172
289;13:27:16.070;1.6;13.443972;2708228
290;13:27:16.240;1.5;13.514225;2722420
291;13:27:16.411;3.0;13.516766;2723136
292;13:27:16.581;6.1;13.529335;2725424
293;13:27:16.752;4.4;13.527250;2725004
294;13:27:16.921;3.0;13.562615;2731908
295;13:27:17.092;3.1;13.717555;2763120
296;13:27:17.262;0.0;13.873984;2794852
297;13:27:17.431;0.0;14.037840;2827640
298;13:27:17.601;3.1;14.157515;2852016
299;13:27:17.771;4.5;14.206779;2861892
300;13:27:17.941;1.6;14.281578;2877204
301;13:27:18.111;3.0;14.280844;2876860
302;13:27:18.282;1.5;14.315692;2885880
303;13:27:18.453;0.0;14.480878;2917108
304;13:27:18.622;0.0;14.665067;2953992
305;13:27:18.792;2.9;14.702596;2961628
306;13:27:18.962;2.9;14.818359;2985092
307;13:27:19.134;4.5;14.813792;2984432
308;13:27:19.305;0.0;14.816592;2984440
309;13:27:19.475;5.7;14.817485;2984940
310;13:27:19.645;3.1;14.818935;2985208
311;13:27:19.816;4.3;14.816989;2984816
312;13:27:19.988;6.0;14.826301;2986936
313;13:27:20.158;3.1;14.916529;3004868
314;13:27:20.330;0.0;15.069265;3035596
315;13:27:20.502;1.5;15.071211;3036272
316;13:27:20.672;1.5;15.103796;3042592
317;13:27:20.843;4.5;15.102525;3042580
318;13:27:21.014;3.1;15.109236;3043468
319;13:27:21.185;1.5;15.102843;3042920
320;13:27:21.356;3.0;15.248609;3071544
321;13:27:21.526;3.0;15.268863;3076088
322;13:27:21.696;3.0;15.267910;3075652
323;13:27:21.866;4.5;15.270908;3076256
324;13:27:22.036;3.2;15.270709;3076216
325;13:27:22.207;3.1;15.269975;3076068
326;13:27:22.377;1.5;15.269319;3075936
327;13:27:22.548;2.9;15.271365;3076128
328;13:27:22.718;3.0;15.268525;3076020
329;13:27:22.889;0.0;15.270511;3076200
330;13:27:23.060;4.6;15.284688;3078812
331;13:27:23.230;3.0;15.280280;3078144
332;13:27:23.402;3.0;15.288719;3080104
333;13:27:23.573;3.0;15.289136;3079928
334;13:27:23.745;1.5;15.300375;3081972
335;13:27:23.915;2.9;15.300673;3082252
336;13:27:24.088;4.6;15.313679;3084920
337;13:27:24.258;3.1;15.309410;3084012
338;13:27:24.429;4.4;15.319020;3086192
339;13:27:24.599;1.4;15.352002;3092592
340;13:27:24.770;1.5;15.385361;3099312
341;13:27:24.940;1.6;15.380238;3098544
342;13:27:25.110;4.5;15.382879;3098812
343;13:27:25.280;3.1;15.386612;3099564
344;13:27:25.451;2.9;15.386135;3099248
345;13:27:25.682;1.5;15.385619;3099444
346;13:27:25.859;4.5;15.383574;3099196
347;13:27:26.031;4.5;15.380357;3098304
348;13:27:26.202;3.0;15.384189;3098856
349;13:27:26.373;2.9;15.382938;3098856
350;13:27:26.545;4.5;15.379583;3098392
351;13:27:26.715;2.9;15.382303;3098612
352;13:27:26.888;5.8;15.382640;3099284
353;13:27:27.058;4.6;15.381886;3098652
354;13:27:27.230;4.4;15.380079;3098492
355;13:27:27.400;5.8;15.382998;3099080
356;13:27:27.571;3.1;15.383236;3098884
357;13:27:27.741;3.0;15.385520;3099124
358;13:27:27.912;2.9;15.382899;3098816
359;13:27:28.082;2.9;15.381211;3098476
360;13:27:28.253;0.0;15.381866;3098860
361;13:27:28.424;4.3;15.381350;3098528
362;13:27:28.595;3.0;15.380536;3098340
363;13:27:28.765;4.5;15.382382;3098956
364;13:27:28.936;4.4;15.381727;3098848
365;13:27:29.106;4.5;15.385281;3099352
366;13:27:29.277;3.1;15.383236;3098884
367;13:27:29.448;1.5;15.384011;3099064
368;13:27:29.619;4.5;15.382899;3098816
369;13:27:29.790;4.7;15.381330;3098500
370;13:27:29.961;5.9;15.381826;3098860
371;13:27:30.135;3.0;15.382283;3099164
372;13:27:30.304;0.0;15.385023;3099244
373;13:27:30.474;4.4;15.384030;3099044
374;13:27:30.645;4.4;15.382799;3099048
375;13:27:30.816;4.5;15.383157;3098868
376;13:27:30.987;4.5;15.383613;3098960
377;13:27:31.156;1.5;15.383594;3098956
378;13:27:31.325;0.0;15.383911;3099020
379;13:27:31.494;0.0;15.384110;3098840
380;13:27:31.663;3.0;15.380853;3098404
381;13:27:31.833;0.0;15.381449;3098556
382;13:27:32.002;0.0;15.383057;3098848
383;13:27:32.171;1.5;15.381608;3098556
384;13:27:32.341;0.0;15.381886;3098392
385;13:27:32.511;1.5;15.382362;3098708
386;13:27:32.681;1.4;15.380297;3098332
387;13:27:32.851;1.5;15.380774;3098388
388;13:27:33.020;1.6;15.381608;3098556
389;13:27:33.189;0.0;15.380516;3098596
390;13:27:33.358;1.5;15.383951;3098808
391;13:27:33.528;0.0;15.381608;3098556
392;13:27:33.697;1.6;15.385480;3099136
393;13:27:33.867;1.5;15.384825;3098984
394;13:27:34.037;1.5;15.384467;3098912
395;13:27:34.206;1.5;15.384189;3099116
396;13:27:34.382;2.9;15.387088;3099660
397;13:27:34.561;1.5;15.385917;3099424
398;13:27:34.738;1.6;15.382958;3098828
399;13:27:34.909;1.9;15.386433;3099900
400;13:27:35.084;1.6;15.390603;3100240
401;13:27:35.257;0.0;15.382819;3098800
402;13:27:35.428;3.0;15.384765;3099192
403;13:27:35.598;4.7;15.387128;3099472
404;13:27:35.769;3.0;15.385261;3099316
405;13:27:35.939;3.0;15.383554;3098948
406;13:27:36.109;6.0;15.383256;3098888
407;13:27:36.279;0.0;15.382084;3098652
408;13:27:36.449;3.0;15.380675;3098620
409;13:27:36.618;2.9;15.382482;3098732
410;13:27:36.787;0.0;15.381231;3098480
411;13:27:36.957;1.3;15.382918;3098820
412;13:27:37.126;1.5;15.384567;3099152
413;13:27:37.294;1.6;15.383494;3098716
414;13:27:37.464;1.6;15.402139;3102960
415;13:27:37.635;0.0;15.402656;3102796
416;13:27:37.804;3.1;15.402139;3102472
417;13:27:37.975;0.0;15.401047;3102472
418;13:27:38.145;1.5;15.401047;3102472
419;13:27:38.314;0.0;15.403589;3103252
420;13:27:38.483;1.4;15.403510;3102748
421;13:27:38.653;3.0;15.402239;3102956
422;13:27:38.824;3.1;15.405277;3103104
423;13:27:38.993;1.3;15.403093;3102884
424;13:27:39.163;1.5;15.403827;3102812
425;13:27:39.332;0.0;15.401206;3102756
426;13:27:39.501;1.5;15.402537;3103032
427;13:27:39.671;0.0;15.402457;3102536
428;13:27:39.840;0.0;15.404145;3103096
429;13:27:40.009;0.0;15.404800;3103228
430;13:27:40.179;1.6;15.403867;3103080
431;13:27:40.347;0.0;15.403867;3103040
432;13:27:40.516;0.0;15.404145;3102876
433;13:27:40.685;1.5;15.403549;3102756
434;13:27:40.853;0.0;15.402457;3102756
435;13:27:41.022;0.0;15.406012;3103252
436;13:27:41.191;1.5;15.405078;3103284
437;13:27:41.361;0.0;15.404761;3103000
438;13:27:41.530;1.5;15.404602;3103188
439;13:27:41.699;0.0;15.404602;3103188
440;13:27:41.869;0.0;15.403351;3102716
441;13:27:42.039;0.0;15.402259;3102716
442;13:27:42.208;0.0;15.403986;3103088
443;13:27:42.377;1.5;15.406468;3103564
444;13:27:42.546;0.0;15.405217;3103564
445;13:27:42.719;0.0;15.405138;3103344
446;13:27:42.892;0.0;15.405257;3103320
447;13:27:43.065;1.6;15.406627;3103596
448;13:27:43.237;3.1;15.405992;3103468
449;13:27:43.410;1.6;15.404344;3102916
450;13:27:43.579;1.6;15.404165;3103100
451;13:27:43.753;1.6;15.406607;3103368
452;13:27:43.926;0.0;15.405813;3103432
453;13:27:44.101;1.6;15.405019;3103272
454;13:27:44.276;0.0;15.404900;3103028
455;13:27:44.448;1.5;15.407084;3103688
456;13:27:44.621;0.0;15.407243;3103980
457;13:27:44.794;0.0;15.407878;3103848
458;13:27:44.970;0.0;15.405992;3103516
459;13:27:45.141;0.0;15.405992;3103468
460;13:27:45.315;1.5;15.403728;3103256
461;13:27:45.487;1.5;15.407084;3103468
462;13:27:45.664;0.0;15.407401;3103532
463;13:27:45.841;2.9;15.406071;3103500
464;13:27:46.018;1.5;15.406151;3103500
465;13:27:46.190;0.0;15.406071;3103264
466;13:27:46.358;0.0;15.406468;3103564
467;13:27:46.529;0.0;15.407957;3103864
468;13:27:46.701;1.6;15.407640;3103800
469;13:27:46.871;0.0;15.406468;3103832
470;13:27:47.046;1.6;15.407322;3103736
471;13:27:47.216;1.6;15.403807;3103076
472;13:27:47.388;0.0;15.406309;3103532
473;13:27:47.563;3.0;15.407401;3103752
474;13:27:47.735;0.0;15.407401;3103532
475;13:27:47.910;0.0;15.406309;3103532
476;13:27:48.082;0.0;15.406309;3103312
477;13:27:48.256;1.6;15.406309;3103312
478;13:27:48.426;1.6;15.406309;3103312
479;13:27:48.598;0.0;15.405992;3103744
480;13:27:48.768;1.5;15.406309;3103556
481;13:27:48.942;0.0;15.405674;3103404
482;13:27:49.113;0.0;15.406151;3103500
483;13:27:49.288;1.4;15.407560;3103564
484;13:27:49.465;1.5;15.406309;3103532
485;13:27:49.640;1.5;15.406309;3103532
486;13:27:49.815;3.0;15.405217;3103360
487;13:27:49.991;1.5;15.407799;3103832
488;13:27:50.168;1.5;15.408156;3103684
489;13:27:50.348;0.0;15.406587;3103588
490;13:27:50.524;3.0;15.406706;3103612
491;13:27:50.698;1.5;15.407799;3103832
492;13:27:50.873;1.5;15.405535;3103376
493;13:27:51.046;0.0;15.406925;3103712
494;13:27:51.220;1.5;15.406687;3103608
495;13:27:51.390;1.5;15.404145;3103096
496;13:27:51.569;1.5;15.405277;3103324
497;13:27:51.746;1.6;15.406409;3103552
498;13:27:51.917;0.0;15.408216;3103916
499;13:27:52.093;3.0;15.409705;3104216
500;13:27:52.267;3.0;15.408791;3103964
501;13:27:52.438;1.5;15.406865;3103424
502;13:27:52.617;1.5;15.407183;3103708
503;13:27:52.788;1.5;15.405932;3103236
504;13:27:52.960;0.0;15.404919;3103252
505;13:27:53.134;3.0;15.403986;3103356
506;13:27:53.309;1.6;15.406567;3103364
507;13:27:53.485;1.6;15.404383;3103412
508;13:27:53.660;0.0;15.404701;3102988
509;13:27:53.835;2.9;15.407818;3103844
510;13:27:54.009;0.0;15.407818;3104144
511;13:27:54.182;1.5;15.407243;3103720
512;13:27:54.355;0.0;15.409824;3104016
513;13:27:54.530;4.2;15.410003;3103836
514;13:27:54.705;5.8;15.406726;3103616
515;13:27:54.873;3.0;15.407243;3103720
516;13:27:55.045;6.2;15.409705;3103996
517;13:27:55.214;0.0;15.407898;3103852
518;13:27:55.385;1.5;15.406250;3103820
519;13:27:55.560;2.9;15.405475;3103364
520;13:27:55.731;8.4;15.405614;3103392
521;13:27:55.904;4.5;15.407183;3103488
522;13:27:56.078;0.0;15.405932;3103236
523;13:27:56.253;3.0;15.406409;3103552
524;13:27:56.424;0.0;15.408136;3104168
525;13:27:56.596;3.0;15.406508;3103572
526;13:27:56.770;1.5;15.409228;3103900
527;13:27:56.943;0.0;15.411075;3104492
528;13:27:57.112;2.9;15.409844;3104244
529;13:27:57.285;4.6;15.404939;3103036
530;13:27:57.456;0.0;15.404026;3102968
531;13:27:57.629;1.6;15.401067;3102476
532;13:27:57.800;0.0;15.403569;3102980
533;13:27:57.972;0.0;15.405138;3103572
534;13:27:58.141;1.5;15.408613;3103996
535;13:27:58.314;0.0;15.410658;3104408
536;13:27:58.487;0.0;15.409328;3103920
537;13:27:58.664;0.0;15.407421;3103756
538;13:27:58.840;0.0;15.407481;3103768
539;13:27:59.016;1.5;15.405495;3103368
540;13:27:59.193;0.0;15.405456;3103360
541;13:27:59.363;3.1;15.407322;3103736
542;13:27:59.533;1.5;15.406389;3103548
543;13:27:59.708;1.6;15.407640;3103800
544;13:27:59.879;0.0;15.407481;3103768
545;13:28:00.049;0.0;15.407183;3103756
546;13:28:00.221;1.5;15.406567;3103584
547;13:28:00.394;3.1;15.408732;3104020
548;13:28:00.567;0.0;15.407660;3103584
549;13:28:00.742;0.0;15.407858;3103844
550;13:28:00.915;1.5;15.409387;3103932
551;13:28:01.089;1.5;15.409288;3103912
552;13:28:01.265;0.0;15.408394;3103960
553;13:28:01.452;1.5;15.408275;3103708
554;13:28:01.633;1.5;15.406190;3103508
555;13:28:01.806;1.5;15.408394;3103732
556;13:28:01.978;3.0;15.408394;3103512
557;13:28:02.151;3.0;15.408553;3103984
558;13:28:02.325;1.5;15.408057;3104168
559;13:28:02.494;1.5;15.403371;3103184
560;13:28:02.669;0.0;15.406290;3103756
561;13:28:02.839;0.0;15.406369;3103544
562;13:28:03.008;0.0;15.408216;3103916
563;13:28:03.181;0.0;15.406706;3103896
564;13:28:03.355;1.5;15.408494;3103972
565;13:28:03.528;1.6;15.405158;3103300
566;13:28:03.703;0.0;15.407342;3103520
567;13:28:03.880;1.5;15.408593;3103992
568;13:28:04.055;1.5;15.407342;3103740
569;13:28:04.229;1.5;15.407540;3103780
570;13:28:04.405;3.0;15.406726;3103884
571;13:28:04.574;1.5;15.406925;3103940
572;13:28:04.744;0.0;15.405634;3103396
573;13:28:04.917;1.5;15.406845;3103420
574;13:28:05.092;0.0;15.405555;3103624
575;13:28:05.265;1.6;15.406409;3103332
576;13:28:05.440;1.6;15.407818;3103836
577;13:28:05.613;1.5;15.406726;3103616
578;13:28:05.789;1.5;15.405793;3103688
579;13:28:05.964;1.5;15.408057;3103664
580;13:28:06.140;1.6;15.405158;3103300
581;13:28:06.314;3.0;15.406111;3103492
582;13:28:06.488;1.5;15.407838;3103620
583;13:28:06.662;3.0;15.407123;3103696
584;13:28:06.835;1.5;15.407977;3103916
585;13:28:07.005;1.6;15.409546;3103964
586;13:28:07.175;1.5;15.409923;3104260
587;13:28:07.346;1.5;15.408871;3103828
588;13:28:07.522;1.5;15.406845;3103640
589;13:28:07.692;0.0;15.406548;3103580
590;13:28:07.864;1.6;15.407342;3103740
591;13:28:08.035;1.5;15.410976;3104472
592;13:28:08.208;1.5;15.409367;3104148
593;13:28:08.388;3.0;15.407620;3103356
594;13:28:08.563;1.5;15.408990;3104072
595;13:28:08.739;0.0;15.405634;3103688
596;13:28:08.915;1.5;15.406428;3103556
597;13:28:09.089;1.6;15.405336;3103544
598;13:28:09.262;0.0;15.405336;3103336
599;13:28:09.436;4.5;15.405336;3103336
600;13:28:09.610;0.0;15.406826;3103636
601;13:28:09.782;3.0;15.406746;3103620
602;13:28:09.956;1.6;15.407997;3103872
603;13:28:10.126;4.3;15.407223;3103248
604;13:28:10.296;1.6;15.405416;3103352
605;13:28:10.469;1.5;15.406905;3103432
606;13:28:10.639;1.5;15.407223;3103772
607;13:28:10.812;1.6;15.407223;3103716
608;13:28:10.984;1.5;15.405892;3103496
609;13:28:11.155;0.0;15.405614;3103172
610;13:28:11.326;1.5;15.405972;3103464
611;13:28:11.499;1.5;15.405039;3103276
612;13:28:11.672;1.5;15.404999;3103268
613;13:28:11.844;1.5;15.407223;3103496
614;13:28:12.017;0.0;15.408712;3103796
615;13:28:12.189;1.5;15.404840;3103512
616;13:28:12.360;0.0;15.404999;3103332
617;13:28:12.534;1.5;15.402636;3103156
618;13:28:12.705;0.0;15.404562;3103432
619;13:28:12.877;0.0;15.405297;3103384
620;13:28:13.048;3.1;15.403569;3103216
621;13:28:13.221;1.5;15.406031;3103476
622;13:28:13.397;1.5;15.406448;3103560
623;13:28:13.571;0.0;15.406885;3103648
624;13:28:13.749;3.0;15.408553;3103764
625;13:28:13.922;1.5;15.408990;3103852
626;13:28:14.092;1.5;15.406726;3103632
627;13:28:14.265;0.0;15.406210;3103512
628;13:28:14.440;1.5;15.405118;3103292
629;13:28:14.617;0.0;15.406448;3103120
630;13:28:14.793;1.5;15.404026;3103072
631;13:28:14.967;1.5;15.405257;3103544
632;13:28:15.143;3.0;15.408712;3104016
633;13:28:15.316;1.5;15.407064;3103740
634;13:28:15.489;3.1;15.406210;3103592
635;13:28:15.661;3.0;15.406170;3103504
636;13:28:15.830;1.5;15.406131;3103804
637;13:28:16.004;2.9;15.405436;3103584
638;13:28:16.179;1.5;15.407123;3103972
639;13:28:16.348;3.0;15.404939;3103256
640;13:28:16.523;3.0;15.403529;3103232
641;13:28:16.693;0.0;15.403529;3103288
642;13:28:16.862;0.0;15.406031;3103256
643;13:28:17.033;3.0;15.404502;3102948
644;13:28:17.205;2.9;15.405952;3103460
645;13:28:17.379;1.5;15.405833;3103216
646;13:28:17.551;1.5;15.407898;3103852
647;13:28:17.725;1.5;15.407818;3103836
648;13:28:17.902;1.5;15.408791;3103812
649;13:28:18.079;0.0;15.405118;3103072
650;13:28:18.248;4.5;15.402894;3102844
651;13:28:18.419;8.9;15.401643;3102852
652;13:28:18.590;4.4;15.405495;3103368
653;13:28:18.760;0.0;15.407143;3103700
654;13:28:18.931;1.5;15.405118;3103568
655;13:28:19.104;1.5;15.407501;3103772
656;13:28:19.275;3.1;15.406170;3103504
657;13:28:19.451;2.9;15.406409;3103552
658;13:28:19.633;1.5;15.406170;3103504
659;13:28:19.804;1.5;15.404919;3103496
660;13:28:19.979;0.0;15.405396;3103348
661;13:28:20.153;0.0;15.405237;3103608
662;13:28:20.329;0.0;15.405833;3103436
663;13:28:20.501;1.5;15.404741;3103216
664;13:28:20.677;1.5;15.404741;3103216
665;13:28:20.849;1.6;15.402556;3103092
666;13:28:21.024;1.6;15.404542;3103176
667;13:28:21.197;0.0;15.404026;3103112
668;13:28:21.367;0.0;15.404304;3103128
669;13:28:21.542;1.6;15.406965;3103664
670;13:28:21.717;1.5;15.407977;3103868
671;13:28:21.893;0.0;15.407898;3103852
672;13:28:22.068;0.0;15.407421;3103756
673;13:28:22.247;0.0;15.406766;3103624
674;13:28:22.420;1.5;15.405356;3103608
675;13:28:22.593;1.6;15.407004;3103764
676;13:28:22.763;0.0;15.406151;3104004
677;13:28:22.937;1.5;15.408613;3103776
678;13:28:23.114;1.5;15.408096;3103892
679;13:28:23.286;3.1;15.409685;3104212
680;13:28:23.458;0.0;15.408315;3103936
681;13:28:23.632;0.0;15.406746;3103620
682;13:28:23.801;1.5;15.405654;3103400
683;13:28:23.978;1.5;15.404721;3103212
684;13:28:24.153;0.0;15.402378;3102740
685;13:28:24.328;1.5;15.404761;3103220
686;13:28:24.498;0.0;15.407342;3103520
687;13:28:24.669;0.0;15.407858;3103844
688;13:28:24.839;1.5;15.410042;3104284
689;13:28:25.014;1.5;15.409923;3104040
690;13:28:25.186;0.0;15.409486;3103732
691;13:28:25.358;0.0;15.408593;3103992
692;13:28:25.529;1.5;15.408911;3103836
693;13:28:25.702;1.6;15.406607;3103152
694;13:28:25.876;1.5;15.406488;3103568
695;13:28:26.049;1.5;15.405277;3103324
696;13:28:26.227;0.0;15.404522;3103172
697;13:28:26.396;1.5;15.404363;3103140
698;13:28:26.569;0.0;15.404761;3103220
699;13:28:26.742;1.5;15.403172;3103176
700;13:28:26.915;0.0;15.405992;3103248
701;13:28:27.093;0.0;15.408494;3103752
702;13:28:27.266;0.0;15.405674;3103404
703;13:28:27.435;0.0;15.407818;3103616
704;13:28:27.604;1.5;15.407977;3103868
705;13:28:27.778;1.5;15.408434;3103960
706;13:28:27.951;0.0;15.406508;3103612
707;13:28:28.128;1.5;15.407878;3103848
708;13:28:28.305;1.6;15.406786;3103408
709;13:28:28.475;0.0;15.405376;3103344
710;13:28:28.649;3.0;15.410777;3104212
711;13:28:28.825;1.6;15.409447;3103944
712;13:28:28.998;0.0;15.407262;3103724
713;13:28:29.173;0.0;15.406945;3103660
714;13:28:29.350;1.5;15.407382;3103748
715;13:28:29.523;1.5;15.407461;3103764
716;13:28:29.694;1.5;15.409228;3104120
717;13:28:29.865;0.0;15.409546;3104184
718;13:28:30.037;1.6;15.407699;3103812
719;13:28:30.217;1.5;15.407382;3103748
720;13:28:30.393;0.0;15.406945;3103660
721;13:28:30.568;1.5;15.409963;3104268
722;13:28:30.742;0.0;15.409923;3104316
723;13:28:30.915;1.6;15.409923;3104260
724;13:28:31.086;1.5;15.407421;3103780
725;13:28:31.259;0.0;15.404919;3103032
726;13:28:31.440;0.0;15.404284;3103124
727;13:28:31.609;1.5;15.403728;3102792
728;13:28:31.785;1.5;15.403966;3103352
729;13:28:31.960;1.6;15.407640;3103580
730;13:28:32.133;0.0;15.405138;3103296
731;13:28:32.305;1.6;15.403807;3103028
732;13:28:32.474;0.0;15.403966;3103108
733;13:28:32.643;1.5;15.405654;3103180
734;13:28:32.816;1.5;15.403728;3103392
735;13:28:32.988;0.0;15.406389;3103548
736;13:28:33.161;0.0;15.407362;3103784
737;13:28:33.331;0.0;15.408573;3103768
738;13:28:33.504;3.0;15.406329;3103536
739;13:28:33.675;1.5;15.407123;3103696
740;13:28:33.848;1.5;15.407640;3103800
741;13:28:34.022;3.0;15.405654;3103628
742;13:28:34.191;0.0;15.404324;3103132
743;13:28:34.365;0.0;15.407461;3104040
744;13:28:34.536;0.0;15.406051;3103708
745;13:28:34.711;1.5;15.408672;3104008
746;13:28:34.883;1.5;15.407461;3103544
747;13:28:35.057;3.1;15.406647;3103600
748;13:28:35.238;1.5;15.405892;3103448
749;13:28:35.410;1.5;15.407143;3103480
750;13:28:35.583;2.8;15.406170;3103284
751;13:28:35.759;1.5;15.402715;3102808
752;13:28:35.927;3.0;15.406051;3103480
753;13:28:36.100;1.5;15.405118;3103292
754;13:28:36.273;0.0;15.405197;3103552
755;13:28:36.444;0.0;15.407461;3103764
756;13:28:36.616;1.6;15.405753;3103696
757;13:28:36.786;1.5;15.404344;3103672
758;13:28:36.960;1.5;15.406766;3103624
759;13:28:37.135;1.5;15.408057;3103444
760;13:28:37.311;3.0;15.405833;3103216
761;13:28:37.487;1.5;15.403172;3103224
762;13:28:37.665;3.0;15.404741;3103684
763;13:28:37.837;1.5;15.403708;3103420
764;13:28:38.007;0.0;15.404224;3103356
765;13:28:38.177;0.0;15.403271;3102920
766;13:28:38.349;1.6;15.404284;3103124
767;13:28:38.522;0.0;15.406984;3103668
768;13:28:38.694;3.0;15.407183;3103708
769;13:28:38.866;1.5;15.406012;3103472
770;13:28:39.042;1.6;15.405475;3103184
771;13:28:39.210;1.5;15.405297;3103328
772;13:28:39.382;0.0;15.407282;3103728
773;13:28:39.554;3.0;15.407302;3103292
774;13:28:39.724;1.5;15.404205;3103108
775;13:28:39.897;1.5;15.405475;3103144
776;13:28:40.066;0.0;15.403331;3102932
777;13:28:40.238;0.0;15.402616;3102788
778;13:28:40.411;1.6;15.406012;3103252
779;13:28:40.583;1.5;15.409189;3103892
780;13:28:40.755;3.1;15.408017;3103876
781;13:28:40.929;1.5;15.405595;3103388
782;13:28:41.111;6.1;15.406965;3103664
783;13:28:41.288;0.0;15.406051;3103480
784;13:28:41.461;1.5;15.406170;3103504
785;13:28:41.634;0.0;15.407183;3103708
786;13:28:41.809;0.0;15.405436;3103608
787;13:28:41.984;1.6;15.405237;3103584
788;13:28:42.156;1.5;15.407461;3103764
789;13:28:42.327;0.0;15.407779;3103828
790;13:28:42.495;1.5;15.406607;3103592
791;13:28:42.667;1.5;15.408057;3104256
792;13:28:42.840;1.6;15.405078;3102956
793;13:28:43.013;0.0;15.402914;3102628
794;13:28:43.183;1.6;15.403629;3102992
795;13:28:43.353;0.0;15.404800;3103008
796;13:28:43.522;1.5;15.405277;3103600
797;13:28:43.692;3.0;15.405595;3103388
798;13:28:43.866;0.0;15.405912;3103712
799;13:28:44.040;0.0;15.406349;3103784
800;13:28:44.215;3.0;15.409407;3104156
801;13:28:44.390;0.0;15.408116;3103896
802;13:28:44.564;2.9;15.408077;3103968
803;13:28:44.740;4.3;15.407262;3103724
804;13:28:44.917;1.5;15.406051;3103480
805;13:28:45.087;0.0;15.407064;3103464
806;13:28:45.263;1.6;15.406984;3103228
807;13:28:45.437;1.5;15.405495;3103368
808;13:28:45.613;1.5;15.406706;3103612
809;13:28:45.793;1.5;15.405813;3103212
810;13:28:45.971;1.5;15.404403;3103148
811;13:28:46.146;1.5;15.405654;3103400
812;13:28:46.322;0.0;15.406865;3103644
813;13:28:46.496;1.5;15.406865;3103424
814;13:28:46.672;1.5;15.405773;3103204
815;13:28:46.852;1.5;15.406567;3103584
816;13:28:47.024;0.0;15.405714;3103412
817;13:28:47.196;0.0;15.403629;3102992
818;13:28:47.369;0.0;15.401901;3102644
819;13:28:47.543;1.5;15.403351;3102976
820;13:28:47.713;0.0;15.404602;3103188
821;13:28:47.887;1.6;15.404701;3103428
822;13:28:48.058;0.0;15.408613;3103996
823;13:28:48.231;0.0;15.407203;3103712
824;13:28:48.405;1.6;15.410837;3104224
825;13:28:48.576;0.0;15.407064;3103684
826;13:28:48.749;1.6;15.407838;3104124
827;13:28:48.926;0.0;15.406786;3103628
828;13:28:49.097;0.0;15.407421;3103756
829;13:28:49.269;0.0;15.405932;3103424
830;13:28:49.445;0.0;15.407818;3103836
831;13:28:49.619;1.6;15.405158;3103300
832;13:28:49.793;1.5;15.403827;3103032
833;13:28:49.964;1.6;15.406647;3103600
834;13:28:50.134;1.5;15.406726;3103884
835;13:28:50.306;1.6;15.409546;3104184
836;13:28:50.476;0.0;15.409010;3103856
837;13:28:50.649;0.0;15.408434;3103960
838;13:28:50.820;1.5;15.407600;3103572
839;13:28:50.993;0.0;15.405654;3103180
840;13:28:51.176;1.5;15.404542;3103176
841;13:28:51.350;0.0;15.403251;3102916
842;13:28:51.522;0.0;15.401842;3102900
843;13:28:51.693;3.1;15.404224;3102892
844;13:28:51.864;3.1;15.403847;3103320
845;13:28:52.034;0.0;15.404522;3103172
846;13:28:52.205;0.0;15.405297;3103108
847;13:28:52.379;0.0;15.405456;3103376
848;13:28:52.550;0.0;15.405654;3103448
849;13:28:52.720;0.0;15.402457;3103284
850;13:28:52.894;3.1;15.403927;3103052
851;13:28:53.069;0.0;15.405495;3103368
852;13:28:53.244;2.9;15.403887;3103044
853;13:28:53.427;1.5;15.406548;3103360
854;13:28:53.599;0.0;15.405614;3103652
855;13:28:53.773;0.0;15.404502;3103412
856;13:28:53.945;1.5;15.407957;3103864
857;13:28:54.121;1.5;15.405138;3103296
858;13:28:54.294;1.5;15.406587;3103628
859;13:28:54.469;0.0;15.407719;3103816
860;13:28:54.643;0.0;15.407799;3103832
861;13:28:54.820;1.5;15.406706;3103612
862;13:28:54.995;0.0;15.406389;3103548
863;13:28:55.164;0.0;15.406548;3103360
864;13:28:55.338;1.5;15.405694;3103188
865;13:28:55.510;0.0;15.405813;3103660
866;13:28:55.685;1.5;15.406091;3104024
867;13:28:55.859;0.0;15.406766;3103624
868;13:28:56.033;0.0;15.408057;3103884
869;13:28:56.204;0.0;15.405614;3103392
870;13:28:56.377;0.0;15.407640;3103800
871;13:28:56.547;1.5;15.407163;3103704
872;13:28:56.725;1.5;15.404185;3103104
873;13:28:56.900;3.1;15.408216;3103916
874;13:28:57.070;1.4;15.407004;3103672
875;13:28:57.244;1.5;15.407084;3103956
876;13:28:57.419;0.0;15.408374;3103948
877;13:28:57.594;0.0;15.407203;3103712
878;13:28:57.766;0.0;15.407084;3103468
879;13:28:57.941;4.5;15.406726;3103616
880;13:28:58.111;0.0;15.405972;3103464
881;13:28:58.284;1.5;15.407759;3103824
882;13:28:58.458;0.0;15.406508;3103572
883;13:28:58.628;1.5;15.404780;3103224
884;13:28:58.803;2.9;15.405257;3103320
885;13:28:58.973;1.5;15.402437;3102752
886;13:28:59.144;2.9;15.403529;3102980
887;13:28:59.317;0.0;15.404780;3103248
888;13:28:59.494;0.0;15.402120;3102688
889;13:28:59.664;0.0;15.402120;3102468
890;13:28:59.835;3.0;15.404165;3103100
891;13:29:00.007;5.5;15.408116;3103896
892;13:29:00.179;2.7;15.404820;3103232
893;13:29:00.350;0.0;15.405138;3103296
894;13:29:00.519;0.0;15.406548;3103360
895;13:29:00.688;0.0;15.407799;3103832
896;13:29:00.861;3.0;15.409566;3103968
897;13:29:01.035;0.0;15.409208;3104116
898;13:29:01.208;1.5;15.408116;3103676
899;13:29:01.383;1.5;15.407143;3103700
900;13:29:01.552;0.0;15.406409;3103332
901;13:29:01.726;0.0;15.405436;3103356
902;13:29:01.895;2.9;15.404264;3103504
903;13:29:02.071;1.5;15.407382;3103748
904;13:29:02.248;3.0;15.407501;3104000
905;13:29:02.422;1.5;15.405932;3103708
906;13:29:02.596;1.5;15.406567;3103584
907;13:29:02.772;1.5;15.406448;3103560
908;13:29:02.945;1.5;15.406508;3103572
909;13:29:03.114;1.5;15.407878;3103848
910;13:29:03.287;11.0;15.407183;3103708
911;13:29:03.461;2.7;15.405158;3103300
912;13:29:03.630;5.7;15.403748;3103016
913;13:29:03.799;4.4;15.403589;3102984
914;13:29:03.971;0.0;15.406250;3103520
915;13:29:04.146;1.5;15.406409;3103332
916;13:29:04.322;1.6;15.406885;3103648
917;13:29:04.495;2.9;15.405952;3103460
918;13:29:04.672;1.5;15.405952;3103752
919;13:29:04.842;1.6;15.406230;3103296
920;13:29:05.011;1.5;15.404046;3103076
921;13:29:05.181;0.0;15.404224;3103112
922;13:29:05.349;0.0;15.403331;3102932
923;13:29:05.518;0.0;15.403132;3102892
924;13:29:05.687;0.0;15.403132;3102892
925;13:29:05.857;0.0;15.401723;3102656
926;13:29:06.027;0.0;15.403251;3102916
927;13:29:06.196;1.5;15.402973;3102640
928;13:29:06.365;0.0;15.400869;3102436
929;13:29:06.534;0.0;15.401762;3102616
930;13:29:06.705;0.0;15.402973;3102860
931;13:29:06.875;1.3;15.403132;3102892
932;13:29:07.045;1.3;15.403331;3102932
933;13:29:07.214;0.0;15.402973;3102860
934;13:29:07.383;1.5;15.402934;3102852
935;13:29:07.553;0.0;15.405436;3103136
936;13:29:07.722;1.6;15.404383;3103144
937;13:29:07.893;1.5;15.402239;3102712
938;13:29:08.062;1.6;15.404741;3103216
939;13:29:08.231;1.5;15.404741;3102996
940;13:29:08.401;0.0;15.405058;3103060
941;13:29:08.571;0.0;15.403490;3102744
942;13:29:08.741;0.0;15.402398;3102744
943;13:29:08.910;1.6;15.403490;3102964
944;13:29:09.079;0.0;15.403728;3103012
945;13:29:09.250;1.5;15.403331;3102932
946;13:29:09.420;0.0;15.403331;3102932
947;13:29:09.589;0.0;15.403331;3102932
948;13:29:09.758;0.0;15.403331;3102932
949;13:29:09.928;1.5;15.403629;3102992
950;13:29:10.097;1.5;15.403629;3102992
951;13:29:10.267;1.6;15.402378;3102740
952;13:29:10.437;1.5;15.403629;3102992
953;13:29:10.607;0.0;15.403629;3102992
954;13:29:10.777;0.0;15.404880;3103024
955;13:29:10.947;1.4;15.403827;3102876
956;13:29:11.121;1.5;15.404840;3103236
957;13:29:11.292;0.0;15.403589;3102764
958;13:29:11.460;0.0;15.403629;3102992
959;13:29:11.630;0.0;15.403589;3102984
960;13:29:11.800;0.0;15.403907;3103048
961;13:29:11.969;1.5;15.402815;3102828
962;13:29:12.138;0.0;15.404840;3103228
963;13:29:12.309;0.0;15.404999;3103048
964;13:29:12.478;0.0;15.403589;3102984
965;13:29:12.648;1.5;15.402338;3102732
966;13:29:12.817;0.0;15.402338;3102732
967;13:29:12.987;1.6;15.404919;3103252
968;13:29:13.157;0.0;15.402457;3102756
969;13:29:13.328;1.6;15.399955;3102252
970;13:29:13.497;0.0;15.401067;3102696
971;13:29:13.667;0.0;15.402318;3102728
972;13:29:13.836;0.0;15.402080;3102680
973;13:29:14.006;0.0;15.402159;3102696
974;13:29:14.175;0.0;15.403529;3102972
975;13:29:14.345;0.0;15.403529;3102752
976;13:29:14.514;0.0;15.402120;3102688
977;13:29:14.685;0.0;15.403529;3102972
978;13:29:14.855;0.0;15.403371;3102940
979;13:29:15.024;1.6;15.403688;3103004
980;13:29:15.193;1.5;15.402120;3102468
981;13:29:15.362;0.0;15.404622;3103192
982;13:29:15.533;0.0;15.403371;3102940
983;13:29:15.704;1.6;15.403331;3102932
984;13:29:15.874;0.0;15.404622;3102972
985;13:29:16.044;0.0;15.403529;3102972
986;13:29:16.213;0.0;15.403529;3102972
987;13:29:16.383;0.0;15.403371;3102940
988;13:29:16.553;0.0;15.404622;3102972
989;13:29:16.722;1.6;15.404622;3102972
990;13:29:16.893;1.5;15.404780;3103004
991;13:29:17.062;1.6;15.403728;3103012
992;13:29:17.233;0.0;15.405873;3103224
993;13:29:17.403;1.6;15.403529;3102972
994;13:29:17.574;0.0;15.403728;3103012
995;13:29:17.743;0.0;15.402278;3102720
996;13:29:17.913;1.6;15.404542;3102956
997;13:29:18.082;0.0;15.403609;3102988
998;13:29:18.252;0.0;15.403291;3102704
999;13:29:18.421;0.0;15.401881;3102640
1000;13:29:18.590;0.0;15.401881;3102640
1001;13:29:18.758;0.0;15.401881;3102640
1002;13:29:18.927;0.0;15.401881;3102640
1003;13:29:19.096;1.6;15.403212;3102688
1004;13:29:19.265;1.6;15.401881;3102640
1005;13:29:19.435;1.5;15.401881;3102420
1006;13:29:19.604;1.3;15.401881;3102640
1007;13:29:19.773;0.0;15.403132;3102892
1008;13:29:19.942;1.5;15.403132;3102892
1009;13:29:20.112;0.0;15.403212;3102908
1010;13:29:20.281;0.0;15.403132;3102672
1011;13:29:20.451;1.5;15.403291;3102924
1012;13:29:20.622;0.0;15.403251;3102916
1013;13:29:20.792;0.0;15.403132;3102940
1014;13:29:20.961;0.0;15.402040;3102672
1015;13:29:21.131;0.0;15.403271;3102700
1016;13:29:21.301;0.0;15.404363;3102920
1017;13:29:21.470;0.0;15.404363;3103140
1018;13:29:21.641;1.6;15.405654;3103180
1019;13:29:21.810;0.0;15.404641;3103236
1020;13:29:21.981;0.0;15.404721;3103212
1021;13:29:22.151;0.0;15.403470;3102740
1022;13:29:22.320;0.0;15.404721;3102992
1023;13:29:22.489;0.0;15.403311;3102928
1024;13:29:22.659;1.6;15.405813;3103432
1025;13:29:22.828;1.5;15.403708;3103008
1026;13:29:22.998;0.0;15.404383;3103144
1027;13:29:23.168;0.0;15.404344;3102916
1028;13:29:23.337;0.0;15.402934;3102632
1029;13:29:23.507;0.0;15.402973;3102860
1030;13:29:23.675;0.0;15.402934;3102852
1031;13:29:23.845;0.0;15.404304;3103128
1032;13:29:24.015;0.0;15.404344;3103136
1033;13:29:24.185;1.6;15.403093;3102664
1034;13:29:24.355;0.0;15.401842;3102412
1035;13:29:24.525;1.5;15.403093;3102884
1036;13:29:24.694;0.0;15.404145;3103096
1037;13:29:24.864;1.6;15.402934;3102852
1038;13:29:25.033;0.0;15.402934;3102852
1039;13:29:25.204;0.0;15.404185;3103104
1040;13:29:25.375;0.0;15.404026;3103072
1041;13:29:25.544;0.0;15.404185;3103104
1042;13:29:25.714;0.0;15.404185;3103104
1043;13:29:25.884;1.5;15.405436;3103136
1044;13:29:26.056;0.0;15.409427;3103940
1045;13:29:26.226;0.0;15.406845;3103640
1046;13:29:26.397;1.4;15.406845;3103640
1047;13:29:26.567;0.0;15.408096;3103892
1048;13:29:26.737;2.9;15.408553;3103544
1049;13:29:26.908;4.4;15.407302;3103732
1050;13:29:27.078;1.6;15.408216;3103916
1051;13:29:27.251;4.5;15.412028;3104684
1052;13:29:27.421;1.5;15.409665;3104208
1053;13:29:27.592;3.0;15.412485;3104776
1054;13:29:27.762;3.0;15.413299;3104940
1055;13:29:27.933;0.0;15.415026;3105288
1056;13:29:28.105;3.1;15.410896;3104456
1057;13:29:28.278;1.5;15.410837;3104444
1058;13:29:28.450;3.1;15.414927;3105048
1059;13:29:28.620;1.5;15.409526;3104180
1060;13:29:28.792;3.0;15.409486;3104392
1061;13:29:28.962;4.5;15.409665;3104344
1062;13:29:29.133;1.5;15.413418;3104964
1063;13:29:29.303;0.0;15.411512;3104580
1064;13:29:29.473;0.0;15.411671;3104612
1065;13:29:29.643;0.0;15.411988;3104456
1066;13:29:29.812;1.5;15.410737;3104424
1067;13:29:29.982;1.4;15.410261;3104328
1068;13:29:30.153;1.5;15.409486;3104172
1069;13:29:30.324;4.2;15.408851;3104044
1070;13:29:30.495;0.0;15.410440;3104364
1071;13:29:30.665;1.4;15.409030;3103860
1072;13:29:30.834;0.0;15.410896;3104456
1073;13:29:31.004;0.0;15.410122;3104404
1074;13:29:31.174;1.5;15.411770;3104632
1075;13:29:31.344;1.5;15.410281;3104332
1076;13:29:31.513;0.0;15.410757;3104428
1077;13:29:31.682;1.4;15.410598;3104396
1078;13:29:31.852;3.1;15.411532;3104584
1079;13:29:32.022;0.0;15.410797;3104436
1080;13:29:32.192;1.5;15.409903;3104256
1081;13:29:32.362;0.0;15.411432;3104564
1082;13:29:32.532;0.0;15.407084;3103468
1083;13:29:32.702;0.0;15.409149;3104340
1084;13:29:32.873;1.6;15.412088;3105044
1085;13:29:33.045;4.7;15.413617;3105004
1086;13:29:33.216;1.5;15.415364;3105356
1087;13:29:33.385;1.6;15.410856;3104228
1088;13:29:33.555;1.4;15.411015;3104040
1089;13:29:33.724;1.5;15.412544;3104828
1090;13:29:33.894;1.5;15.412663;3104812
1091;13:29:34.063;0.0;15.414570;3105196
1092;13:29:34.233;3.1;15.415126;3105308
1093;13:29:34.404;1.6;15.414451;3105172
1094;13:29:34.575;0.0;15.414927;3105048
1095;13:29:34.744;0.0;15.412266;3104732
1096;13:29:34.914;0.0;15.411174;3104512
1097;13:29:35.083;1.5;15.411333;3104544
1098;13:29:35.252;1.5;15.418521;3105496
1099;13:29:35.422;0.0;15.418144;3105696
1100;13:29:35.593;0.0;15.415682;3105656
1101;13:29:35.763;1.5;15.418382;3105744
1102;13:29:35.933;1.6;15.417091;3105704
1103;13:29:36.104;1.5;15.415999;3105484
1104;13:29:36.273;0.0;15.414748;3105232
1105;13:29:36.443;1.5;15.414748;3105012
1106;13:29:36.614;0.0;15.414590;3105200
1107;13:29:36.783;0.0;15.415920;3105248
1108;13:29:36.953;0.0;15.414272;3105136
1109;13:29:37.123;1.5;15.413954;3105072
1110;13:29:37.293;0.0;15.414153;3104916
1111;13:29:37.462;0.0;15.416297;3105544
1112;13:29:37.632;1.5;15.415801;3105712
1113;13:29:37.802;0.0;15.415046;3105292
1114;13:29:37.972;0.0;15.412405;3104784
1115;13:29:38.144;1.6;15.412723;3105100
1116;13:29:38.316;1.5;15.415503;3105644
1117;13:29:38.486;1.6;15.416476;3105580
1118;13:29:38.655;1.5;15.415741;3105212
1119;13:29:38.825;0.0;15.417389;3105764
1120;13:29:38.994;0.0;15.415245;3105332
1121;13:29:39.164;0.0;15.415185;3105320
1122;13:29:39.337;4.3;15.413080;3104896
1123;13:29:39.507;1.5;15.415503;3105164
1124;13:29:39.677;1.4;15.413934;3104848
1125;13:29:39.846;0.0;15.416436;3105572
1126;13:29:40.015;0.0;15.416396;3105564
1127;13:29:40.185;1.6;15.415225;3105620
1128;13:29:40.354;0.0;15.415066;3105296
1129;13:29:40.528;1.5;15.413676;3105308
1130;13:29:40.698;1.5;15.414907;3105264
1131;13:29:40.869;1.6;15.415086;3105300
1132;13:29:41.040;1.5;15.415701;3105424
1133;13:29:41.210;0.0;15.414292;3105140
1134;13:29:41.379;0.0;15.415543;3105172
1135;13:29:41.549;0.0;15.415741;3105432
1136;13:29:41.718;0.0;15.415622;3105408
1137;13:29:41.887;0.0;15.414907;3105264
1138;13:29:42.057;0.0;15.415066;3105296
1139;13:29:42.227;0.0;15.415344;3105620
1140;13:29:42.398;1.6;15.414907;3105264
1141;13:29:42.568;0.0;15.414729;3105228
1142;13:29:42.738;1.5;15.414927;3105048
1143;13:29:42.908;1.5;15.413676;3105016
1144;13:29:43.078;0.0;15.412306;3104520
1145;13:29:43.247;1.5;15.412246;3104728
1146;13:29:43.417;0.0;15.414252;3104912
1147;13:29:43.587;1.6;15.416158;3105516
1148;13:29:43.757;1.6;15.416198;3105304
1149;13:29:43.928;1.5;15.416516;3105588
1150;13:29:44.100;1.6;15.415423;3105148
1151;13:29:44.271;1.6;15.415960;3105256
1152;13:29:44.441;0.0;15.414629;3105208
1153;13:29:44.611;0.0;15.414629;3104988
1154;13:29:44.780;1.5;15.412246;3104728
1155;13:29:44.950;0.0;15.413358;3105000
1156;13:29:45.120;0.0;15.412425;3104764
1157;13:29:45.290;0.0;15.412425;3104764
1158;13:29:45.459;3.0;15.410717;3104200
1159;13:29:45.631;1.6;15.412624;3105048
1160;13:29:45.802;0.0;15.416178;3105300
1161;13:29:45.972;0.0;15.413835;3105308
1162;13:29:46.142;1.5;15.412902;3104860
1163;13:29:46.313;1.6;15.416952;3105676
1164;13:29:46.482;1.6;15.418303;3105948
1165;13:29:46.652;1.5;15.416059;3105276
1166;13:29:46.822;1.5;15.417945;3105876
1167;13:29:46.992;1.5;15.416853;3105216
1168;13:29:47.163;0.0;15.413517;3104984
1169;13:29:47.333;3.0;15.415324;3105348
1170;13:29:47.503;0.0;15.414609;3104984
1171;13:29:47.672;0.0;15.412544;3104788
1172;13:29:47.841;1.5;15.412028;3104684
1173;13:29:48.011;0.0;15.411849;3104648
1174;13:29:48.181;0.0;15.413100;3104900
1175;13:29:48.352;1.5;15.415920;3105468
1176;13:29:48.522;1.5;15.415801;3105224
1177;13:29:48.692;0.0;15.413537;3104988
1178;13:29:48.861;0.0;15.412564;3104792
1179;13:29:49.030;0.0;15.414470;3105176
1180;13:29:49.201;0.0;15.415761;3105436
1181;13:29:49.370;0.0;15.415840;3105452
1182;13:29:49.540;0.0;15.415920;3105248
1183;13:29:49.709;0.0;15.415026;3105288
1184;13:29:49.879;0.0;15.413200;3104920
1185;13:29:50.049;1.5;15.412862;3104852
1186;13:29:50.219;1.3;15.414073;3105096
1187;13:29:50.390;1.5;15.416893;3105444
1188;13:29:50.562;1.5;15.414709;3105224
1189;13:29:50.731;0.0;15.416893;3105444
1190;13:29:50.900;0.0;15.415920;3105468
1191;13:29:51.071;1.4;15.416436;3105572
1192;13:29:51.243;0.0;15.414232;3105128
1193;13:29:51.414;1.6;15.413597;3105000
1194;13:29:51.584;2.9;15.414153;3104892
1195;13:29:51.756;0.0;15.412981;3104876
1196;13:29:51.927;1.6;15.416516;3105240
1197;13:29:52.097;0.0;15.413478;3104976
1198;13:29:52.268;3.0;15.415404;3105364
1199;13:29:52.437;0.0;15.416754;3105636
1200;13:29:52.606;0.0;15.415662;3105416
1201;13:29:52.775;1.5;15.417667;3105820
1202;13:29:52.945;0.0;15.415086;3105300
1203;13:29:53.114;0.0;15.413875;3105292
1204;13:29:53.284;3.0;15.413855;3104832
1205;13:29:53.455;0.0;15.413855;3104832
1206;13:29:53.625;1.6;15.416674;3105400
1207;13:29:53.794;0.0;15.415543;3105440
1208;13:29:53.964;0.0;15.416992;3105684
1209;13:29:54.133;1.6;15.416794;3105424
1210;13:29:54.303;1.5;15.415384;3105360
1211;13:29:54.473;1.6;15.417270;3105740
1212;13:29:54.643;0.0;15.415979;3105480
1213;13:29:54.813;1.6;15.413279;3104936
1214;13:29:54.983;0.0;15.413855;3105052
1215;13:29:55.153;1.5;15.413120;3105196
1216;13:29:55.323;1.5;15.413597;3105000
1217;13:29:55.492;0.0;15.414173;3105140
1218;13:29:55.661;1.6;15.415423;3105148
1219;13:29:55.830;0.0;15.415582;3105400
1220;13:29:56.000;1.6;15.418164;3105700
1221;13:29:56.170;0.0;15.416138;3105512
1222;13:29:56.340;1.6;15.416535;3105592
1223;13:29:56.512;1.5;15.413001;3104880
1224;13:29:56.683;0.0;15.414093;3104880
1225;13:29:56.853;1.5;15.416595;3105604
1226;13:29:57.023;1.6;15.412663;3104852
1227;13:29:57.193;3.1;15.412822;3104844
1228;13:29:57.362;0.0;15.415443;3105372
1229;13:29:57.532;0.0;15.413597;3105000
1230;13:29:57.703;0.0;15.414689;3105220
1231;13:29:57.873;0.0;15.414689;3105000
1232;13:29:58.043;0.0;15.414351;3105152
1233;13:29:58.216;1.5;15.416377;3105560
1234;13:29:58.386;0.0;15.416535;3105592
1235;13:29:58.555;0.0;15.414967;3105276
1236;13:29:58.725;0.0;15.414331;3105148
1237;13:29:58.895;3.0;15.414292;3105140
1238;13:29:59.065;1.6;15.416039;3105508
1239;13:29:59.235;0.0;15.415225;3105244
1240;13:29:59.406;0.0;15.416575;3105380
1241;13:29:59.577;1.6;15.414649;3105212
1242;13:29:59.746;0.0;15.415622;3105408
1243;13:29:59.917;0.0;15.417608;3105808
1244;13:30:00.086;1.6;15.414947;3105272
1245;13:30:00.255;0.0;15.414788;3105020
1246;13:30:00.425;0.0;15.415145;3105312
1247;13:30:00.594;1.5;15.413577;3104996
1248;13:30:00.764;0.0;15.414351;3105152
1249;13:30:00.933;0.0;15.415761;3105216
1250;13:30:01.102;0.0;15.415304;3105408
1251;13:30:01.272;0.0;15.416575;3105380
1252;13:30:01.442;1.6;15.417131;3105712
1253;13:30:01.613;0.0;15.416555;3105596
1254;13:30:01.783;1.6;15.416774;3105232
1255;13:30:01.953;0.0;15.413438;3104968
1256;13:30:02.123;0.0;15.412743;3104828
1257;13:30:02.293;0.0;15.417647;3105816
1258;13:30:02.462;0.0;15.416853;3105656
1259;13:30:02.632;0.0;15.414351;3105152
1260;13:30:02.801;0.0;15.415721;3105428
1261;13:30:02.970;1.5;15.417171;3105720
1262;13:30:03.140;0.0;15.414530;3105188
1263;13:30:03.309;0.0;15.413358;3105024
1264;13:30:03.478;3.1;15.415960;3105476
1265;13:30:03.648;1.5;15.415860;3105456
1266;13:30:03.818;0.0;15.414808;3105244
1267;13:30:03.988;0.0;15.415483;3105380
1268;13:30:04.157;0.0;15.411770;3104632
1269;13:30:04.328;0.0;15.414570;3104976
1270;13:30:04.498;0.0;15.417548;3105796
1271;13:30:04.668;0.0;15.416913;3105448
1272;13:30:04.838;1.5;15.417191;3105504
1273;13:30:05.008;0.0;15.415821;3105448
1274;13:30:05.177;0.0;15.414570;3105236
1275;13:30:05.346;0.0;15.416655;3105396
1276;13:30:05.515;0.0;15.415562;3105396
1277;13:30:05.684;1.6;15.414411;3105164
1278;13:30:05.854;0.0;15.413557;3104992
1279;13:30:06.023;1.6;15.412227;3105000
1280;13:30:06.194;0.0;15.414729;3105228
1281;13:30:06.364;1.5;15.414768;3105292
1282;13:30:06.533;0.0;15.414034;3104868
1283;13:30:06.702;0.0;15.413478;3104976
1284;13:30:06.870;1.3;15.413478;3104976
1285;13:30:07.041;0.0;15.413517;3105016
1286;13:30:07.211;0.0;15.413478;3104976
1287;13:30:07.380;1.5;15.414689;3105220
1288;13:30:07.550;0.0;15.414689;3105000
1289;13:30:07.720;0.0;15.412465;3104772
1290;13:30:07.889;1.5;15.413756;3105032
1291;13:30:08.058;0.0;15.415205;3105324
1292;13:30:08.228;0.0;15.415840;3105232
1293;13:30:08.397;1.5;15.413239;3104600
1294;13:30:08.567;0.0;15.412326;3104988
1295;13:30:08.738;0.0;15.414828;3105248
1296;13:30:08.907;0.0;15.414669;3104996
1297;13:30:09.076;0.0;15.412505;3104780
1298;13:30:09.245;0.0;15.412663;3104812
1299;13:30:09.414;0.0;15.413140;3104688
1300;13:30:09.584;1.6;15.412723;3104824
1301;13:30:09.754;0.0;15.412663;3104860
1302;13:30:09.923;1.5;15.410817;3104440
1303;13:30:10.093;1.5;15.411849;3104648
1304;13:30:10.262;1.6;15.414391;3105160
1305;13:30:10.432;0.0;15.415960;3105256
1306;13:30:10.602;0.0;15.415682;3105200
1307;13:30:10.770;1.5;15.412624;3104804
1308;13:30:10.940;0.0;15.410519;3104624
1309;13:30:11.110;0.0;15.413140;3104908
1310;13:30:11.279;0.0;15.413061;3105136
1311;13:30:11.450;1.6;15.416158;3105296
1312;13:30:11.619;0.0;15.414252;3104912
1313;13:30:11.789;3.1;15.414470;3105176
1314;13:30:11.959;3.1;15.414570;3105196
1315;13:30:12.128;1.5;15.413895;3105060
1316;13:30:12.298;1.5;15.413140;3104908
1317;13:30:12.467;1.6;15.413497;3104980
1318;13:30:12.636;1.5;15.413061;3104892
1319;13:30:12.805;0.0;15.413914;3105308
1320;13:30:12.977;0.0;15.415284;3105340
1321;13:30:13.152;0.0;15.415165;3105616
1322;13:30:13.329;0.0;15.415562;3105396
1323;13:30:13.504;1.6;15.413537;3105248
1324;13:30:13.675;1.5;15.416456;3105576
1325;13:30:13.849;1.5;15.419157;3105900
1326;13:30:14.027;1.5;15.417270;3105740
1327;13:30:14.202;1.6;15.416714;3105628
1328;13:30:14.374;3.1;15.420626;3106416
1329;13:30:14.549;1.6;15.413696;3105020
1330;13:30:14.722;1.8;15.415523;3105612
1331;13:30:14.893;1.5;15.413815;3104968
1332;13:30:15.063;1.6;15.412485;3104800
1333;13:30:15.233;0.0;15.413497;3105224
1334;13:30:15.402;1.6;15.415801;3105444
1335;13:30:15.571;0.0;15.416893;3105444
1336;13:30:15.740;0.0;15.416079;3105500
1337;13:30:15.909;0.0;15.414312;3105144
1338;13:30:16.078;0.0;15.416039;3105492
1339;13:30:16.246;0.0;15.417072;3105700
1340;13:30:16.415;0.0;15.412961;3105132
1341;13:30:16.585;1.6;15.413160;3104912
1342;13:30:16.755;1.5;15.412723;3104864
1343;13:30:16.924;0.0;15.413974;3104856
1344;13:30:17.093;0.0;15.411671;3104612
1345;13:30:17.262;1.5;15.410618;3104400
1346;13:30:17.437;0.0;15.412068;3104692
1347;13:30:17.613;1.6;15.415821;3105448
1348;13:30:17.783;1.5;15.417866;3105860
1349;13:30:17.956;1.6;15.418481;3106024
1350;13:30:18.126;0.0;15.415741;3105432
1351;13:30:18.301;0.0;15.414530;3105188
1352;13:30:18.481;3.0;15.416257;3105536
1353;13:30:18.653;0.0;15.418203;3106196
1354;13:30:18.824;1.5;15.417310;3105748
1355;13:30:18.994;1.6;15.416913;3105936
1356;13:30:19.164;1.5;15.419415;3106172
1357;13:30:19.339;1.5;15.419732;3106480
1358;13:30:19.509;1.6;15.420169;3106104
1359;13:30:19.679;0.0;15.420030;3106076
1360;13:30:19.848;1.5;15.421440;3106360
1361;13:30:20.017;0.0;15.420427;3106424
1362;13:30:20.186;0.0;15.421281;3106548
1363;13:30:20.356;1.6;15.421261;3106544
1364;13:30:20.525;1.5;15.421420;3106356
1365;13:30:20.696;1.6;15.420467;3106164
1366;13:30:20.866;1.5;15.423009;3106896
1367;13:30:21.035;0.0;15.421917;3106456
1368;13:30:21.205;1.5;15.422373;3106548
1369;13:30:21.374;1.5;15.421122;3106516
1370;13:30:21.544;0.0;15.420348;3106360
1371;13:30:21.713;0.0;15.420030;3106296
1372;13:30:21.883;0.0;15.418938;3105856
1373;13:30:22.052;0.0;15.420626;3106416
1374;13:30:22.222;0.0;15.419871;3106524
1375;13:30:22.393;1.6;15.421400;3106352
1376;13:30:22.562;1.6;15.421599;3106392
1377;13:30:22.730;0.0;15.421122;3106516
1378;13:30:22.904;1.4;15.419911;3106052
1379;13:30:23.081;0.0;15.419216;3106132
1380;13:30:23.250;1.7;15.418005;3105888
1381;13:30:23.422;0.0;15.418799;3105828
1382;13:30:23.591;4.6;15.421480;3106368
1383;13:30:23.760;3.0;15.416853;3105880
1384;13:30:23.932;0.0;15.419157;3106120
1385;13:30:24.102;0.0;15.420566;3106404
1386;13:30:24.272;1.6;15.420924;3106256
1387;13:30:24.442;0.0;15.422254;3106744
1388;13:30:24.613;0.0;15.417489;3105564
1389;13:30:24.785;1.5;15.415761;3105436
1390;13:30:24.954;0.0;15.415979;3105260
1391;13:30:25.124;1.6;15.417846;3106088
1392;13:30:25.297;0.0;15.423962;3107088
1393;13:30:25.474;1.6;15.416198;3105524
1394;13:30:25.647;3.2;15.417985;3105664
1395;13:30:25.824;0.0;15.417906;3105868
1396;13:30:25.998;1.5;15.419315;3106152
1397;13:30:26.168;0.0;15.418064;3105900
1398;13:30:26.340;0.0;15.418462;3105980
1399;13:30:26.509;1.6;15.417012;3105688
1400;13:30:26.681;1.6;15.417985;3105884
1401;13:30:26.855;1.6;15.417211;3105728
1402;13:30:27.027;0.0;15.417687;3105604
1403;13:30:27.198;1.5;15.416496;3105584
1404;13:30:27.367;0.0;15.417747;3105836
1405;13:30:27.536;1.5;15.416198;3105792
1406;13:30:27.706;0.0;15.417290;3105744
1407;13:30:27.875;1.6;15.417528;3105792
1408;13:30:28.044;1.5;15.419057;3105880
1409;13:30:28.214;0.0;15.417369;3105760
1410;13:30:28.383;1.6;15.418064;3105680
1411;13:30:28.555;1.6;15.418104;3105924
1412;13:30:28.725;1.6;15.418045;3106140
1413;13:30:28.896;3.0;15.419911;3106272
1414;13:30:29.065;0.0;15.418184;3105924
1415;13:30:29.235;0.0;15.418541;3105776
1416;13:30:29.407;0.0;15.417290;3105524
1417;13:30:29.577;0.0;15.418740;3105816
1418;13:30:29.746;0.0;15.417767;3105620
1419;13:30:29.915;1.5;15.415999;3105484
1420;13:30:30.085;0.0;15.413398;3105472
1421;13:30:30.255;3.0;15.413914;3105104
1422;13:30:30.424;1.5;15.415423;3105888
1423;13:30:30.594;1.6;15.414212;3105316
1424;13:30:30.765;1.6;15.416694;3105624
1425;13:30:30.934;0.0;15.417707;3105828
1426;13:30:31.104;0.0;15.416456;3105576
1427;13:30:31.273;0.0;15.415046;3105072
1428;13:30:31.442;0.0;15.416297;3105324
1429;13:30:31.611;1.6;15.417826;3105852
1430;13:30:31.781;0.0;15.420447;3106160
1431;13:30:31.951;0.0;15.418938;3105856
1432;13:30:32.120;0.0;15.420268;3106124
1433;13:30:32.289;1.6;15.419097;3106108
1434;13:30:32.458;1.5;15.418938;3105856
1435;13:30:32.635;1.5;15.418323;3105732
1436;13:30:32.804;1.6;15.414252;3105132
1437;13:30:32.974;3.1;15.419772;3105804
1438;13:30:33.144;3.0;15.421797;3106692
1439;13:30:33.317;0.0;15.422314;3106756
1440;13:30:33.491;3.0;15.421539;3106600
1441;13:30:33.668;2.9;15.416952;3105768
1442;13:30:33.846;1.5;15.418045;3105896
1443;13:30:34.015;1.5;15.420090;3106308
1444;13:30:34.185;2.9;15.417568;3106116
1445;13:30:34.357;0.0;15.421480;3106368
1446;13:30:34.530;0.0;15.421639;3106620
1447;13:30:34.704;3.1;15.420229;3106336
1448;13:30:34.873;1.5;15.418978;3106336
1449;13:30:35.042;1.6;15.418978;3106084
1450;13:30:35.211;3.0;15.417846;3105856
1451;13:30:35.385;1.5;15.416714;3105628
1452;13:30:35.553;1.5;15.417191;3105724
1453;13:30:35.726;3.1;15.419772;3106244
1454;13:30:35.899;0.0;15.419812;3106252
1455;13:30:36.073;3.0;15.419315;3106152
1456;13:30:36.245;1.5;15.418005;3105888
1457;13:30:36.417;0.0;15.418164;3105700
1458;13:30:36.591;0.0;15.415821;3105448
1459;13:30:36.760;3.0;15.415940;3105032
1460;13:30:36.930;1.5;15.416595;3105644
1461;13:30:37.106;1.6;15.417806;3105848
1462;13:30:37.275;0.0;15.416734;3105884
1463;13:30:37.449;0.0;15.420169;3106104
1464;13:30:37.624;0.0;15.416277;3105320
1465;13:30:37.793;1.5;15.414470;3105444
1466;13:30:37.965;0.0;15.417290;3106264
1467;13:30:38.138;1.5;15.419633;3106216
1468;13:30:38.309;0.0;15.416853;3105656
1469;13:30:38.481;1.5;15.417945;3105876
1470;13:30:38.656;1.5;15.418700;3106028
1471;13:30:38.831;0.0;15.421003;3106492
1472;13:30:39.005;0.0;15.418938;3105856
1473;13:30:39.964;0.0;15.415443;3105152
1474;13:30:40.134;0.0;15.415602;3105404
1475;13:30:40.302;1.6;15.414192;3105120
1476;13:30:40.472;1.6;15.415443;3105372
1477;13:30:40.642;0.0;15.415642;3105192
1478;13:30:40.813;1.5;15.414351;3105152
1479;13:30:40.984;0.0;15.415404;3105364
1480;13:30:41.154;0.0;15.415284;3105120
1481;13:30:41.325;0.0;15.414510;3105184
1482;13:30:41.496;0.0;15.415761;3105436
1483;13:30:41.666;1.6;15.414808;3105244
1484;13:30:41.837;1.6;15.414073;3105096
1485;13:30:42.008;0.0;15.413855;3104832
1486;13:30:42.179;1.6;15.413875;3105056
1487;13:30:42.349;0.0;15.412624;3104804
1488;13:30:42.519;1.6;15.415602;3105672
1489;13:30:42.689;0.0;15.410876;3104652
1490;13:30:42.859;3.2;15.413517;3104824
1491;13:30:43.028;1.5;15.412147;3104708
1492;13:30:43.198;0.0;15.414451;3105172
1493;13:30:43.368;1.5;15.413358;3104952
1494;13:30:43.537;0.0;15.413517;3105268
1495;13:30:43.706;0.0;15.415622;3105408
1496;13:30:43.875;1.4;15.416297;3105544
1497;13:30:44.046;1.6;15.416337;3105332
1498;13:30:44.216;0.0;15.415582;3105180
1499;13:30:44.386;1.6;15.414331;3104928
1500;13:30:44.555;0.0;15.414530;3105188
1501;13:30:44.725;0.0;15.413239;3104708
1502;13:30:44.894;0.0;15.414927;3105048
1503;13:30:45.063;0.0;15.414292;3104920
1504;13:30:45.233;1.5;15.416952;3105676
1505;13:30:45.403;0.0;15.415543;3105172
1506;13:30:45.572;1.6;15.414451;3105172
1507;13:30:45.742;0.0;15.415543;3105392
1508;13:30:45.911;3.1;15.418382;3105964
1509;13:30:46.080;3.1;15.413001;3105400
1510;13:30:46.250;1.5;15.410658;3104408
1511;13:30:46.419;1.5;15.411949;3104448
1512;13:30:46.588;1.5;15.415662;3105416
1513;13:30:46.758;0.0;15.417350;3105536
1514;13:30:46.927;1.5;15.419236;3106136
1515;13:30:47.103;3.2;15.416972;3105236
1516;13:30:47.274;1.6;15.415741;3105212
1517;13:30:47.448;10.0;15.417072;3105700
1518;13:30:47.626;7.6;15.421460;3107068
1519;13:30:47.810;35.9;15.423366;3106968
1520;13:30:47.993;6.2;15.422393;3106772
1521;13:30:48.167;1.5;15.421857;3106664
1522;13:30:48.337;0.0;15.420805;3106736
1523;13:30:48.507;1.6;15.421162;3106304
1524;13:30:48.679;1.6;15.421440;3106140
1525;13:30:48.849;0.0;15.418283;3105944
1526;13:30:49.018;1.6;15.422274;3106748
1527;13:30:49.189;0.0;15.421539;3106600
1528;13:30:49.359;0.0;15.421698;3106412
1529;13:30:49.529;0.0;15.419474;3106444
1530;13:30:49.698;1.6;15.421539;3106380
1531;13:30:49.867;0.0;15.420487;3106388
1532;13:30:50.036;1.6;15.421083;3106288
1533;13:30:50.206;0.0;15.420407;3106372
1534;13:30:50.375;1.6;15.418064;3105900
1535;13:30:50.544;1.4;15.419434;3106176
1536;13:30:50.713;0.0;15.417906;3105648
1537;13:30:50.882;0.0;15.416813;3105648
1538;13:30:51.051;0.0;15.418064;3105900
1539;13:30:51.219;0.0;15.417528;3106052
1540;13:30:51.389;0.0;15.417568;3105800
1541;13:30:51.558;0.0;15.421122;3106296
1542;13:30:51.728;0.0;15.417608;3106052
1543;13:30:51.898;1.6;15.420427;3106156
1544;13:30:52.070;0.0;15.418660;3106020
1545;13:30:52.240;1.6;15.418700;3105808
1546;13:30:52.409;0.0;15.417409;3106036
1547;13:30:52.578;1.6;15.421162;3106524
1548;13:30:52.747;0.0;15.420070;3106084
1549;13:30:52.917;0.0;15.420705;3106432
1550;13:30:53.087;0.0;15.421162;3106304
1551;13:30:53.257;1.5;15.419990;3106068
1552;13:30:53.427;0.0;15.418819;3106052
1553;13:30:53.597;0.0;15.422572;3106808
1554;13:30:53.766;0.0;15.422572;3106588
1555;13:30:53.935;1.5;15.421639;3106620
1556;13:30:54.104;3.1;15.419911;3106052
1557;13:30:54.273;0.0;15.418898;3106328
1558;13:30:54.442;0.0;15.420070;3106304
1559;13:30:54.611;0.0;15.419911;3106052
1560;13:30:54.781;0.0;15.419911;3106272
1561;13:30:54.949;3.0;15.420189;3106328
1562;13:30:55.118;1.6;15.419911;3106272
1563;13:30:55.287;0.0;15.418819;3105832
1564;13:30:55.457;1.6;15.419037;3106096
1565;13:30:55.627;1.5;15.421102;3106552
1566;13:30:55.796;0.0;15.420010;3106292
1567;13:30:55.966;0.0;15.418879;3106064
1568;13:30:56.135;0.0;15.418759;3106040
1569;13:30:56.305;0.0;15.419931;3105996
1570;13:30:56.475;1.5;15.418184;3105924
1571;13:30:56.644;0.0;15.419514;3106240
1572;13:30:56.814;0.0;15.420566;3106404
1573;13:30:56.983;1.5;15.420884;3106468
1574;13:30:57.152;0.0;15.419434;3105956
1575;13:30:57.321;0.0;15.418462;3106020
1576;13:30:57.490;0.0;15.419434;3105956
1577;13:30:57.659;1.5;15.418342;3105956
1578;13:30:57.828;1.4;15.414510;3105444
1579;13:30:57.997;0.0;15.418422;3105972
1580;13:30:58.166;1.6;15.418581;3106004
1581;13:30:58.334;1.3;15.418978;3106084
1582;13:30:58.503;1.5;15.416972;3105720
1583;13:30:58.673;0.0;15.418660;3106020
1584;13:30:58.842;0.0;15.418660;3105800
1585;13:30:59.011;1.5;15.419018;3105872
1586;13:30:59.180;0.0;15.415920;3105468
1587;13:30:59.349;0.0;15.417250;3105736
1588;13:30:59.518;0.0;15.418342;3105956
1589;13:30:59.687;1.5;15.417211;3105728
1590;13:30:59.856;0.0;15.418700;3105808
1591;13:31:00.025;0.0;15.418323;3105952
1592;13:31:00.194;0.0;15.418402;3105968
1593;13:31:00.364;3.1;15.422115;3106716
1594;13:31:00.533;0.0;15.419613;3106252
1595;13:31:00.702;1.6;15.420824;3106236
1596;13:31:00.871;0.0;15.419693;3106228
1597;13:31:01.039;1.6;15.420249;3106340
1598;13:31:01.208;0.0;15.420666;3106424
1599;13:31:01.377;0.0;15.420467;3106424
1600;13:31:01.546;1.6;15.417508;3105712
1601;13:31:01.716;4.5;15.418898;3106312
1602;13:31:01.886;0.0;15.420189;3106572
1603;13:31:02.056;3.1;15.417786;3105892
1604;13:31:02.226;1.6;15.416079;3105500
1605;13:31:02.394;1.5;15.419673;3106004
1606;13:31:02.564;1.5;15.421400;3106572
1607;13:31:02.733;1.6;15.421122;3106296
1608;13:31:02.902;0.0;15.420924;3106476
1609;13:31:03.071;1.6;15.420189;3106108
1610;13:31:03.241;1.6;15.417270;3105740
1611;13:31:03.410;0.0;15.420864;3106244
1612;13:31:03.580;0.0;15.419613;3105992
1613;13:31:03.750;1.5;15.419931;3106276
1614;13:31:03.919;0.0;15.419772;3106024
1615;13:31:04.089;0.0;15.420407;3106152
1616;13:31:04.258;0.0;15.421162;3106524
1617;13:31:04.427;0.0;15.418819;3106052
1618;13:31:04.596;0.0;15.418819;3106052
1619;13:31:04.765;0.0;15.417409;3105548
1620;13:31:04.934;1.6;15.418660;3106288
1621;13:31:05.103;0.0;15.416674;3105620
1622;13:31:05.272;0.0;15.417449;3106044
1623;13:31:05.442;0.0;15.417568;3105800
1624;13:31:05.612;0.0;15.420070;3106304
1625;13:31:05.782;1.5;15.418660;3105800
1626;13:31:05.951;1.5;15.417528;3105572
1627;13:31:06.121;0.0;15.419871;3106044
1628;13:31:06.290;0.0;15.418779;3106084
1629;13:31:06.459;1.6;15.417687;3105604
1630;13:31:06.628;0.0;15.416714;3105408
1631;13:31:06.797;1.5;15.415900;3105732
1632;13:31:06.965;0.0;15.416396;3105344
1633;13:31:07.134;0.0;15.421281;3106328
1634;13:31:07.303;1.4;15.420586;3106408
1635;13:31:07.473;0.0;15.420983;3106268
1636;13:31:07.641;0.0;15.418799;3106048
1637;13:31:07.810;0.0;15.420030;3106296
1638;13:31:07.980;1.3;15.421758;3106424
1639;13:31:08.149;3.1;15.420189;3106328
1640;13:31:08.318;0.0;15.419911;3106336
1641;13:31:08.486;0.0;15.419990;3106288
1642;13:31:08.655;0.0;15.418938;3106076
1643;13:31:08.823;0.0;15.417687;3105824
1644;13:31:08.992;1.4;15.417528;3105572
1645;13:31:09.161;1.6;15.417568;3105580
1646;13:31:09.330;1.4;15.420030;3106296
1647;13:31:09.499;0.0;15.418879;3106324
1648;13:31:09.668;1.4;15.419157;3105900
1649;13:31:09.837;0.0;15.418342;3105956
1650;13:31:10.006;0.0;15.419971;3106284
1651;13:31:10.174;1.6;15.421579;3106608
1652;13:31:10.344;0.0;15.421142;3106300
1653;13:31:10.513;1.5;15.419891;3106048
1654;13:31:10.682;0.0;15.419971;3106284
1655;13:31:10.851;0.0;15.417985;3106144
1656;13:31:11.020;1.5;15.418263;3105940
1657;13:31:11.189;1.6;15.417588;3105844
1658;13:31:11.359;0.0;15.421341;3106560
1659;13:31:11.528;0.0;15.420249;3106120
1660;13:31:11.697;1.5;15.418184;3105924
1661;13:31:11.866;0.0;15.420169;3106324
1662;13:31:12.035;1.6;15.420169;3106104
1663;13:31:12.206;0.0;15.420090;3106308
1664;13:31:12.375;0.0;15.419157;3105900
1665;13:31:12.544;0.0;15.417707;3105828
1666;13:31:12.713;0.0;15.416218;3105308
1667;13:31:12.882;1.5;15.415503;3105384
1668;13:31:13.051;1.6;15.415463;3105660
1669;13:31:13.220;0.0;15.417250;3105516
1670;13:31:13.389;1.4;15.419971;3106064
1671;13:31:13.558;0.0;15.420407;3106372
1672;13:31:13.728;1.3;15.418025;3105892
1673;13:31:13.897;3.0;15.420268;3106124
1674;13:31:14.067;0.0;15.418680;3106024
1675;13:31:14.236;0.0;15.420010;3106536
1676;13:31:14.405;1.6;15.420010;3106340
1677;13:31:14.574;0.0;15.420209;3106332
1678;13:31:14.743;1.5;15.420169;3106324
1679;13:31:14.913;3.1;15.420010;3106560
1680;13:31:15.083;1.5;15.420090;3106308
1681;13:31:15.252;1.6;15.418759;3106308
1682;13:31:15.422;0.0;15.421102;3106512
1683;13:31:15.592;1.6;15.420169;3106324
1684;13:31:15.761;1.5;15.421261;3106544
1685;13:31:15.930;0.0;15.420169;3106324
1686;13:31:16.100;3.1;15.420407;3106372
1687;13:31:16.269;0.0;15.418561;3106268
1688;13:31:16.438;1.6;15.419653;3106220
1689;13:31:16.608;1.4;15.418859;3106060
1690;13:31:16.777;0.0;15.418243;3105936
1691;13:31:16.947;0.0;15.417151;3105984
1692;13:31:17.116;0.0;15.419534;3106196
1693;13:31:17.285;1.6;15.419871;3106044
1694;13:31:17.454;1.5;15.418462;3105760
1695;13:31:17.622;0.0;15.419871;3106264
1696;13:31:17.791;0.0;15.419018;3106092
1697;13:31:17.960;0.0;15.418700;3106028
1698;13:31:18.129;1.4;15.419276;3105924
1699;13:31:18.299;1.5;15.418879;3106064
1700;13:31:18.469;4.6;15.421083;3106508
1701;13:31:18.639;3.1;15.422155;3106724
1702;13:31:18.809;1.4;15.422353;3106764
1703;13:31:18.980;0.0;15.420824;3106456
1704;13:31:19.149;0.0;15.420447;3106160
1705;13:31:19.319;1.5;15.419971;3106064
1706;13:31:19.488;1.6;15.419157;3106120
1707;13:31:19.657;0.0;15.418918;3105852
1708;13:31:19.827;0.0;15.417647;3105816
1709;13:31:19.997;0.0;15.417012;3105688
1710;13:31:20.166;0.0;15.417171;3105500
1711;13:31:20.335;1.6;15.417647;3105596
1712;13:31:20.504;1.4;15.416674;3105620
1713;13:31:20.673;0.0;15.416913;3105668
1714;13:31:20.843;1.6;15.417767;3105620
1715;13:31:21.013;0.0;15.417925;3105872
1716;13:31:21.183;1.6;15.418323;3105952
1717;13:31:21.373;0.0;15.420546;3106400
1718;13:31:21.541;0.0;15.420388;3106148
1719;13:31:21.710;0.0;15.420467;3106164
1720;13:31:21.880;0.0;15.420388;3106148
1721;13:31:22.049;0.0;15.420705;3106432
1722;13:31:22.218;1.5;15.421678;3106408
1723;13:31:22.387;0.0;15.420348;3106140
1724;13:31:22.557;0.0;15.418978;3106156
1725;13:31:22.727;0.0;15.421639;3106620
1726;13:31:22.896;0.0;15.422890;3106652
1727;13:31:23.065;1.5;15.419018;3105684
1728;13:31:23.235;3.0;15.417568;3105800
1729;13:31:23.404;0.0;15.416158;3105516
1730;13:31:23.573;1.6;15.415999;3105264
1731;13:31:23.742;0.0;15.415999;3105264
1732;13:31:23.911;1.5;15.414947;3105272
1733;13:31:24.081;0.0;15.416238;3105532
1734;13:31:24.250;1.5;15.416059;3105276
1735;13:31:24.421;1.5;15.416178;3105300
1736;13:31:24.589;0.0;15.414768;3105016
1737;13:31:24.759;0.0;15.413994;3105080
1738;13:31:24.928;0.0;15.413358;3104732
1739;13:31:25.097;0.0;15.411293;3104536
1740;13:31:25.266;0.0;15.416337;3105552
1741;13:31:25.435;1.5;15.415086;3105300
1742;13:31:25.604;0.0;15.413954;3104852
1743;13:31:25.774;0.0;15.413517;3104984
1744;13:31:25.943;0.0;15.414927;3105268
1745;13:31:26.113;1.4;15.413478;3104756
1746;13:31:26.283;1.6;15.415165;3105096
1747;13:31:26.452;0.0;15.413795;3104820
1748;13:31:26.621;1.5;15.412544;3104788
1749;13:31:26.791;1.3;15.411730;3104624
1750;13:31:26.960;1.6;15.413795;3105048
1751;13:31:27.130;1.5;15.413795;3105276
1752;13:31:27.299;1.6;15.412624;3104804
1753;13:31:27.469;0.0;15.416416;3105568
1754;13:31:27.638;0.0;15.413140;3104908
1755;13:31:27.807;0.0;15.416138;3105512
1756;13:31:27.977;0.0;15.417707;3105608
1757;13:31:28.146;1.5;15.413438;3104968
1758;13:31:28.315;0.0;15.414113;3105104
1759;13:31:28.485;0.0;15.415046;3105552
1760;13:31:28.654;0.0;15.415046;3105292
1761;13:31:28.822;0.0;15.413418;3104964
1762;13:31:28.991;0.0;15.413577;3104776
1763;13:31:29.160;1.4;15.413656;3104792
1764;13:31:29.331;1.5;15.414907;3105044
1765;13:31:29.501;0.0;15.414093;3105100
1766;13:31:29.670;1.4;15.413974;3105076
1767;13:31:29.840;1.6;15.415324;3105348
1768;13:31:30.009;0.0;15.415324;3105396
1769;13:31:30.178;1.6;15.415145;3105092
1770;13:31:30.347;0.0;15.414053;3105352
1771;13:31:30.517;1.5;15.413895;3105060
1772;13:31:30.686;0.0;15.417647;3105596
1773;13:31:30.856;1.5;15.416396;3105564
1774;13:31:31.026;1.6;15.416079;3105280
1775;13:31:31.194;1.5;15.416655;3105884
1776;13:31:31.363;0.0;15.415543;3105392
1777;13:31:31.532;1.6;15.418382;3105964
1778;13:31:31.701;0.0;15.417906;3105868
1779;13:31:31.871;0.0;15.414729;3104900
1780;13:31:32.042;0.0;15.412187;3104976
1781;13:31:32.212;3.1;15.412227;3104724
1782;13:31:32.381;3.2;15.411254;3104528
1783;13:31:32.551;0.0;15.416257;3105660
1784;13:31:32.723;1.5;15.413061;3105152
1785;13:31:32.893;1.6;15.418144;3105696
1786;13:31:33.061;1.5;15.415503;3105384
1787;13:31:33.231;0.0;15.414411;3105164
1788;13:31:33.399;0.0;15.413160;3105172
1789;13:31:33.568;3.0;15.414252;3105132
1790;13:31:33.738;4.5;15.412743;3104828
1791;13:31:33.908;3.1;15.413160;3104912
1792;13:31:34.078;0.0;15.411988;3104456
1793;13:31:34.248;1.5;15.412842;3104848
1794;13:31:34.419;3.1;15.412703;3104600
1795;13:31:34.589;4.7;15.425431;3107384
1796;13:31:34.759;1.5;15.423942;3107084
1797;13:31:34.929;1.5;15.424180;3107156
1798;13:31:35.098;0.0;15.423704;3107036
1799;13:31:35.267;1.4;15.423862;3106848
1800;13:31:35.437;1.6;15.422890;3106872
1801;13:31:35.606;0.0;15.423803;3107056
1802;13:31:35.776;1.5;15.422830;3106884
1803;13:31:35.946;0.0;15.423108;3106916
1804;13:31:36.115;3.0;15.421698;3106876
1805;13:31:36.287;3.0;15.425987;3107496
1806;13:31:36.457;0.0;15.425173;3107112
1807;13:31:36.626;0.0;15.425332;3107632
1808;13:31:36.796;1.5;15.425570;3107688
1809;13:31:36.965;0.0;15.421559;3106384
1810;13:31:37.134;0.0;15.425312;3107360
1811;13:31:37.303;1.5;15.424121;3107120
1812;13:31:37.473;1.6;15.425272;3107352
1813;13:31:37.642;0.0;15.425332;3107084
1814;13:31:37.812;2.9;15.423743;3107044
1815;13:31:37.981;0.0;15.423783;3107052
1816;13:31:38.150;1.6;15.426245;3107548
1817;13:31:38.320;0.0;15.426325;3107124
1818;13:31:38.489;0.0;15.422810;3106636
1819;13:31:38.659;1.5;15.423902;3107304
1820;13:31:38.829;0.0;15.426523;3107604
1821;13:31:38.998;1.5;15.426404;3107580
1822;13:31:39.167;0.0;15.426285;3107336
1823;13:31:39.335;3.0;15.425431;3107384
1824;13:31:39.504;1.5;15.424101;3106896
1825;13:31:39.673;0.0;15.425352;3107148
1826;13:31:39.842;0.0;15.424260;3107148
1827;13:31:40.011;1.5;15.424260;3107408
1828;13:31:40.181;0.0;15.424101;3107116
1829;13:31:40.350;0.0;15.423088;3106912
1830;13:31:40.519;1.5;15.424101;3106896
1831;13:31:40.689;1.6;15.421599;3106392
1832;13:31:40.858;0.0;15.420507;3106392
1833;13:31:41.026;0.0;15.423763;3107048
1834;13:31:41.197;0.0;15.423843;3107064
1835;13:31:41.366;1.6;15.425252;3107348
1836;13:31:41.535;0.0;15.424617;3107000
1837;13:31:41.705;1.5;15.424776;3107032
1838;13:31:41.874;1.6;15.423366;3106748
1839;13:31:42.043;1.5;15.424736;3107024
1840;13:31:42.213;0.0;15.425987;3107276
1841;13:31:42.383;0.0;15.424001;3107096
1842;13:31:42.552;1.5;15.422790;3106632
1843;13:31:42.721;0.0;15.426503;3107380
1844;13:31:42.890;0.0;15.425252;3107348
1845;13:31:43.060;0.0;15.425570;3107192
1846;13:31:43.229;0.0;15.424041;3106884
1847;13:31:43.398;0.0;15.425332;3107600
1848;13:31:43.567;0.0;15.426762;3107432
1849;13:31:43.737;1.5;15.427357;3107772
1850;13:31:43.907;0.0;15.425987;3107496
1851;13:31:44.076;1.4;15.424657;3107008
1852;13:31:44.245;1.6;15.424895;3107276
1853;13:31:44.415;0.0;15.424895;3107056
1854;13:31:44.584;3.0;15.424081;3107112
1855;13:31:44.754;1.5;15.422512;3107040
1856;13:31:44.923;0.0;15.425372;3107412
1857;13:31:45.093;3.2;15.422353;3106764
1858;13:31:45.262;1.5;15.424816;3107480
1859;13:31:45.433;1.5;15.426762;3107912
1860;13:31:45.602;0.0;15.425828;3107244
1861;13:31:45.772;2.9;15.423446;3106984
1862;13:31:45.943;3.1;15.425630;3107472
1863;13:31:46.112;1.5;15.424260;3107148
1864;13:31:46.281;0.0;15.427119;3107724
1865;13:31:46.450;3.1;15.425312;3107140
1866;13:31:46.621;0.0;15.424557;3107208
1867;13:31:46.790;0.0;15.421043;3106500
1868;13:31:46.961;0.0;15.425888;3107256
1869;13:31:47.131;1.6;15.423545;3107004
1870;13:31:47.300;0.0;15.423664;3107028
1871;13:31:47.469;0.0;15.424657;3107228
1872;13:31:47.639;1.6;15.423843;3107064
1873;13:31:47.808;1.5;15.427953;3107672
1874;13:31:47.978;1.6;15.425808;3107236
1875;13:31:48.146;0.0;15.425828;3107244
1876;13:31:48.316;1.5;15.424577;3107212
1877;13:31:48.485;0.0;15.424359;3107428
1878;13:31:48.655;0.0;15.424518;3107200
1879;13:31:48.825;1.5;15.426563;3107620
1880;13:31:48.996;0.0;15.425908;3107260
1881;13:31:49.166;0.0;15.425987;3107276
1882;13:31:49.335;1.5;15.425590;3107196
1883;13:31:49.505;0.0;15.423406;3106976
1884;13:31:49.674;0.0;15.423565;3106788
1885;13:31:49.843;0.0;15.420586;3106668
1886;13:31:50.013;0.0;15.424339;3107164
1887;13:31:50.181;1.4;15.423088;3106692
1888;13:31:50.351;0.0;15.423366;3106968
1889;13:31:50.520;0.0;15.421837;3106928
1890;13:31:50.689;0.0;15.423009;3106676
1891;13:31:50.858;0.0;15.422850;3106864
1892;13:31:51.027;0.0;15.424458;3107244
1893;13:31:51.196;0.0;15.424101;3106896
1894;13:31:51.365;1.6;15.423346;3106744
1895;13:31:51.535;0.0;15.423048;3106904
1896;13:31:51.706;0.0;15.425471;3107392
1897;13:31:51.878;1.5;15.427774;3107856
1898;13:31:52.054;1.5;15.428092;3107920
1899;13:31:52.224;0.0;15.427139;3107728
1900;13:31:52.395;1.5;15.435856;3109484
1901;13:31:52.574;1.6;15.431428;3108592
1902;13:31:52.748;1.8;15.430713;3108476
1903;13:31:52.923;1.8;15.425987;3107496
1904;13:31:53.096;0.0;15.423585;3107264
1905;13:31:53.265;3.0;15.427596;3107692
1906;13:31:53.434;1.5;15.425769;3107476
1907;13:31:53.603;3.0;15.425113;3107320
1908;13:31:53.773;1.5;15.427357;3107552
1909;13:31:53.942;1.5;15.427794;3107640
1910;13:31:54.111;0.0;15.427794;3107860
1911;13:31:54.281;0.0;15.427794;3107860
1912;13:31:54.451;0.0;15.427059;3107712
1913;13:31:54.619;1.5;15.426702;3107420
1914;13:31:54.788;1.5;15.426980;3107696
1915;13:31:54.957;0.0;15.425292;3107356
1916;13:31:55.126;1.5;15.425292;3107404
1917;13:31:55.294;1.5;15.427834;3107648
1918;13:31:55.463;1.6;15.426901;3107680
1919;13:31:55.632;1.5;15.425570;3107192
1920;13:31:55.801;0.0;15.425848;3107248
1921;13:31:55.970;0.0;15.426047;3107508
1922;13:31:56.139;1.5;15.424041;3107144
1923;13:31:56.307;0.0;15.424041;3106884
1924;13:31:56.476;1.5;15.424518;3106980
1925;13:31:56.646;1.5;15.429760;3108036
1926;13:31:56.816;1.6;15.427933;3107928
1927;13:31:56.985;1.5;15.429383;3108180
1928;13:31:57.155;1.5;15.429065;3108392
1929;13:31:57.330;1.6;15.431348;3108576
1930;13:31:57.506;1.5;15.433473;3109004
1931;13:31:57.676;0.0;15.433433;3109356
1932;13:31:57.845;3.1;15.429025;3107780
1933;13:31:58.015;3.0;15.428727;3108048
1934;13:31:58.185;0.0;15.428985;3108140
1935;13:31:58.354;0.0;15.429144;3108132
1936;13:31:58.523;1.5;15.428092;3107920
1937;13:31:58.692;0.0;15.430356;3108156
1938;13:31:58.861;1.6;15.430356;3108156
1939;13:31:59.030;0.0;15.428946;3108092
1940;13:31:59.198;0.0;15.430356;3108156
1941;13:31:59.368;0.0;15.428310;3107744
1942;13:31:59.538;1.5;15.428628;3108028
1943;13:31:59.708;0.0;15.427854;3107872
1944;13:31:59.877;0.0;15.428926;3108120
1945;13:32:00.046;1.6;15.430197;3108124
1946;13:32:00.214;0.0;15.432699;3108848
1947;13:32:00.383;1.6;15.431527;3108612
1948;13:32:00.554;1.5;15.431448;3108376
1949;13:32:00.724;0.0;15.430852;3108256
1950;13:32:00.893;0.0;15.431309;3108568
1951;13:32:01.063;2.9;15.430991;3108544
1952;13:32:01.232;1.5;15.429899;3108284
1953;13:32:01.402;0.0;15.431468;3108600
1954;13:32:01.571;0.0;15.430217;3108348
1955;13:32:01.742;1.3;15.429899;3108284
1956;13:32:01.911;0.0;15.428648;3108032
1957;13:32:02.080;0.0;15.427675;3107616
1958;13:32:02.249;3.1;15.428767;3108056
1959;13:32:02.418;1.6;15.430415;3108388
1960;13:32:02.588;0.0;15.429224;3107928
1961;13:32:02.757;0.0;15.429879;3108060
1962;13:32:02.926;0.0;15.428469;3108264
1963;13:32:03.095;0.0;15.429939;3108072
1964;13:32:03.264;3.1;15.427556;3108072
1965;13:32:03.433;1.5;15.430375;3108380
1966;13:32:03.602;0.0;15.429105;3108124
1967;13:32:03.771;1.5;15.427020;3107728
1968;13:32:03.940;0.0;15.428271;3107736
1969;13:32:04.110;0.0;15.430495;3108404
1970;13:32:04.279;1.5;15.429601;3108004
1971;13:32:04.449;1.5;15.429839;3108052
1972;13:32:04.618;0.0;15.428549;3107792
1973;13:32:04.788;0.0;15.429800;3108044
1974;13:32:04.957;0.0;15.428688;3108040
1975;13:32:05.126;0.0;15.431190;3108544
1976;13:32:05.295;2.9;15.431626;3108828
1977;13:32:05.464;1.6;15.431587;3108624
1978;13:32:05.633;1.6;15.431805;3108700
1979;13:32:05.803;0.0;15.430455;3108396
1980;13:32:05.973;0.0;15.432301;3108548
1981;13:32:06.143;1.4;15.432500;3108588
1982;13:32:06.314;3.1;15.431368;3108580
1983;13:32:06.484;1.6;15.431845;3108960
1984;13:32:06.653;1.6;15.432024;3108712
1985;13:32:06.822;1.6;15.432103;3108728
1986;13:32:06.991;1.6;15.432202;3108748
1987;13:32:07.161;0.0;15.431686;3108644
1988;13:32:07.331;0.0;15.432004;3108488
1989;13:32:07.500;0.0;15.427635;3107828
1990;13:32:07.669;0.0;15.429085;3108120
1991;13:32:07.839;3.2;15.429363;3107956
1992;13:32:08.009;4.3;15.430574;3108420
1993;13:32:08.178;0.0;15.429561;3108216
1994;13:32:08.348;1.6;15.428310;3107964
1995;13:32:08.517;0.0;15.427218;3107744
1996;13:32:08.686;0.0;15.429561;3108264
1997;13:32:08.855;1.5;15.428151;3107972
1998;13:32:09.024;1.5;15.427973;3107896
1999;13:32:09.194;1.5;15.429939;3108292
2000;13:32:09.363;0.0;15.430336;3108152
2001;13:32:09.533;0.0;15.432440;3108796
2002;13:32:09.703;3.1;15.431388;3108584
2003;13:32:09.872;3.0;15.431686;3108644
2004;13:32:10.042;1.6;15.433413;3108772
2005;13:32:10.214;4.8;15.431547;3108616
2006;13:32:10.385;1.6;15.429482;3107980
2007;13:32:10.555;0.0;15.427159;3107732
2008;13:32:10.725;1.5;15.428529;3107788
2009;13:32:10.895;0.0;15.428271;3107848
2010;13:32:11.066;3.2;15.426245;3107548
2011;13:32:11.237;0.0;15.431448;3108596
2012;13:32:11.415;4.5;15.428231;3107948
2013;13:32:11.589;6.2;15.430435;3108392
2014;13:32:11.763;1.5;15.431607;3108628
2015;13:32:11.933;0.0;15.431448;3108596
2016;13:32:12.104;3.2;15.429045;3108112
2017;13:32:12.276;3.2;15.431924;3108692
2018;13:32:12.449;6.2;15.428568;3108016
2019;13:32:12.621;1.5;15.427377;3107556
2020;13:32:12.791;4.7;15.427874;3107656
2021;13:32:12.960;3.1;15.425312;3107360
2022;13:32:13.129;1.6;15.425312;3107360
2023;13:32:13.299;1.5;15.424061;3106888
2024;13:32:13.468;0.0;15.422850;3107188
2025;13:32:13.637;1.4;15.423684;3107032
2026;13:32:13.806;1.6;15.426007;3107500
2027;13:32:13.976;4.5;15.426007;3107280
2028;13:32:14.145;1.5;15.426523;3107604
2029;13:32:14.315;1.5;15.426464;3107372
2030;13:32:14.485;4.3;15.425848;3107744
2031;13:32:14.654;1.5;15.426265;3107812
2032;13:32:14.823;0.0;15.427556;3107592
2033;13:32:14.992;1.6;15.427596;3107600
2034;13:32:15.162;1.6;15.423902;3107320
2035;13:32:15.330;0.0;15.426245;3107328
2036;13:32:15.498;0.0;15.430078;3108320
2037;13:32:15.667;1.6;15.426245;3107548
2038;13:32:15.836;3.0;15.425590;3107668
2039;13:32:16.009;1.6;15.426980;3107476
2040;13:32:16.179;0.0;15.427576;3107816
2041;13:32:16.348;0.0;15.428052;3107912
2042;13:32:16.522;1.6;15.433374;3108984
2043;13:32:16.692;2.9;15.431904;3108688
2044;13:32:16.864;0.0;15.433731;3109056
2045;13:32:17.033;1.6;15.431368;3108580
2046;13:32:17.203;2.9;15.430554;3108196
2047;13:32:17.373;2.9;15.427973;3107896
2048;13:32:17.545;1.4;15.432877;3108664
2049;13:32:17.715;0.0;15.433195;3108948
2050;13:32:17.885;2.7;15.431368;3108580
2051;13:32:18.057;3.1;15.427913;3107884
2052;13:32:18.230;1.5;15.427913;3108396
2053;13:32:18.404;1.5;15.428707;3107824
2054;13:32:18.579;3.1;15.434506;3108992
2055;13:32:18.749;0.0;15.433135;3108936
2056;13:32:18.918;0.0;15.434108;3109180
2057;13:32:19.087;2.7;15.434823;3109528
2058;13:32:19.260;4.2;15.433473;3108784
2059;13:32:19.429;0.0;15.431070;3108300
2060;13:32:19.598;1.5;15.433354;3108980
2061;13:32:19.771;3.1;15.432500;3108588
2062;13:32:19.940;0.0;15.431090;3108524
2063;13:32:20.112;1.6;15.429661;3108016
2064;13:32:20.283;3.1;15.428628;3108288
2065;13:32:20.454;3.2;15.428787;3108320
2066;13:32:20.626;4.1;15.431209;3108548
2067;13:32:20.799;4.3;15.429244;3108176
2068;13:32:20.969;0.0;15.428231;3107948
2069;13:32:21.138;1.6;15.428231;3107948
2070;13:32:21.307;2.9;15.430217;3108348
2071;13:32:21.485;3.0;15.430375;3108380
2072;13:32:21.658;3.0;15.430852;3108860
2073;13:32:21.830;4.5;15.427318;3107764
2074;13:32:22.007;3.0;15.431329;3108868
2075;13:32:22.186;2.9;15.431984;3108484
2076;13:32:22.362;4.6;15.431686;3108644
2077;13:32:22.533;2.9;15.429720;3108248
2078;13:32:22.703;0.0;15.430514;3108408
2079;13:32:22.873;1.5;15.431090;3108524
2080;13:32:23.045;4.5;15.432738;3108720
2081;13:32:23.217;3.1;15.428926;3108088
2082;13:32:23.386;1.6;15.429323;3108168
2083;13:32:23.557;3.7;15.435062;3108884
2084;13:32:23.730;1.9;15.431428;3108592
2085;13:32:23.903;1.9;15.430673;3108440
2086;13:32:24.076;0.0;15.430375;3107996
2087;13:32:24.249;1.6;15.430991;3108284
2088;13:32:24.421;4.8;15.426861;3107452
2089;13:32:24.591;0.0;15.430892;3108264
2090;13:32:24.760;0.0;15.430693;3108444
2091;13:32:24.929;0.0;15.430614;3108208
2092;13:32:25.098;1.5;15.430495;3108404
2093;13:32:25.266;1.6;15.429462;3108196
2094;13:32:25.437;3.1;15.429244;3108152
2095;13:32:25.608;4.6;15.431964;3108700
2096;13:32:25.777;1.7;15.430415;3108452
2097;13:32:25.949;1.9;15.430733;3108684
2098;13:32:26.121;1.9;15.431845;3108644
2099;13:32:26.294;0.0;15.427139;3107728
2100;13:32:26.466;3.6;15.424617;3107472
2101;13:32:26.637;4.7;15.427476;3107796
2102;13:32:26.807;3.1;15.428866;3108076
2103;13:32:26.980;0.0;15.428350;3107972
2104;13:32:27.155;1.6;15.429105;3108124
2105;13:32:27.324;4.6;15.431031;3108536
2106;13:32:27.493;0.0;15.430792;3108244
2107;13:32:27.662;0.0;15.432560;3108600
2108;13:32:27.831;0.0;15.430653;3108436
2109;13:32:28.006;3.2;15.429581;3108488
2110;13:32:28.177;1.6;15.429859;3108276
2111;13:32:28.350;0.0;15.430574;3108200
2112;13:32:28.519;1.5;15.429482;3108460
2113;13:32:28.688;1.5;15.431051;3108296
2114;13:32:28.857;0.0;15.430574;3108200
2115;13:32:29.026;0.0;15.429680;3108240
2116;13:32:29.195;1.5;15.429244;3108184
2117;13:32:29.365;1.5;15.429164;3107916
2118;13:32:29.534;0.0;15.426821;3107664
2119;13:32:29.702;1.6;15.429720;3108248
2120;13:32:29.872;0.0;15.431666;3108688
2121;13:32:30.042;0.0;15.431666;3108640
2122;13:32:30.212;1.5;15.431348;3108576
2123;13:32:30.381;0.0;15.430296;3108404
2124;13:32:30.550;1.6;15.431130;3108532
2125;13:32:30.720;1.6;15.432977;3108904
2126;13:32:30.890;0.0;15.430693;3108444
2127;13:32:31.059;2.9;15.430971;3108500
2128;13:32:31.228;0.0;15.429442;3108192
2129;13:32:31.398;1.4;15.428350;3107972
2130;13:32:31.567;0.0;15.429124;3108168
2131;13:32:31.736;0.0;15.429323;3107948
2132;13:32:31.905;1.6;15.428886;3107860
2133;13:32:32.073;0.0;15.426702;3107640
2134;13:32:32.243;0.0;15.425213;3107364
2135;13:32:32.413;1.5;15.426424;3107584
2136;13:32:32.581;0.0;15.430058;3108096
2137;13:32:32.750;0.0;15.430058;3108316
2138;13:32:32.918;1.6;15.432123;3108512
2139;13:32:33.087;0.0;15.430058;3108316
2140;13:32:33.317;0.0;15.428568;3108016
2141;13:32:33.493;1.5;15.429740;3108512
2142;13:32:33.663;1.4;15.429740;3108252
2143;13:32:33.832;1.5;15.429641;3108492
2144;13:32:34.002;0.0;15.430951;3108276
2145;13:32:34.171;0.0;15.429958;3108572
2146;13:32:34.341;1.5;15.427377;3108260
2147;13:32:34.511;3.1;15.431527;3108612
2148;13:32:34.681;1.4;15.430594;3108204
2149;13:32:34.850;3.1;15.427913;3108136
2150;13:32:35.020;1.4;15.428946;3108352
2151;13:32:35.189;0.0;15.430157;3108116
2152;13:32:35.358;0.0;15.431408;3108588
2153;13:32:35.527;1.5;15.431487;3108384
2154;13:32:35.696;1.6;15.430832;3108252
2155;13:32:35.866;3.0;15.432202;3108528
2156;13:32:36.037;0.0;15.432818;3108652
2157;13:32:36.207;3.2;15.429204;3107924
