ID; Time; CPU %; MEM %; MEM KiB
1;21:35:43.203;20.3;23.780127;4790400
2;21:35:43.379;0.0;23.781497;4790456
3;21:35:43.556;2.9;23.783224;4791024
4;21:35:43.735;4.2;23.786779;4792008
5;21:35:43.909;3.1;23.788188;4791804
6;21:35:44.081;1.6;23.791584;4792328
7;21:35:44.258;0.0;23.792755;4793188
8;21:35:44.435;1.4;23.789797;4792128
9;21:35:44.606;1.5;23.790452;4792480
10;21:35:44.777;4.5;23.792577;4792908
11;21:35:44.953;3.0;23.789578;4792304
12;21:35:45.127;0.0;23.792517;4792936
13;21:35:45.302;1.6;23.789777;4792344
14;21:35:45.480;1.5;23.803399;4795088
15;21:35:45.660;1.6;23.808244;4796064
16;21:35:45.837;4.6;23.792338;4792860
17;21:35:46.009;1.6;23.794304;4792816
18;21:35:46.181;1.4;23.802108;4794608
19;21:35:46.359;1.5;23.807866;4795988
20;21:35:46.536;0.0;23.791207;4792616
21;21:35:46.714;0.0;23.791544;4792944
22;21:35:46.887;1.8;23.789022;4792416
23;21:35:47.061;1.8;23.792120;4792816
24;21:35:47.234;1.8;23.790452;4792480
25;21:35:47.407;1.6;23.789638;4792316
26;21:35:47.582;1.7;23.791505;4792692
27;21:35:47.755;1.5;23.797461;4794184
28;21:35:47.936;4.4;23.798494;4794032
29;21:35:48.113;3.1;23.787077;4792040
30;21:35:48.288;0.0;23.794781;4793352
31;21:35:48.458;1.6;23.791266;4792644
32;21:35:48.628;1.5;23.806020;4796004
33;21:35:48.799;1.5;23.844799;4803428
34;21:35:48.970;5.6;23.868806;4807936
35;21:35:49.145;3.2;23.898154;4814624
36;21:35:49.316;3.1;23.928931;4820376
37;21:35:49.486;1.6;23.972139;4829080
38;21:35:49.656;3.0;24.002758;4835304
39;21:35:49.826;1.5;24.043265;4843408
40;21:35:49.996;1.3;24.095964;4854024
41;21:35:50.167;0.0;24.139053;4862704
42;21:35:50.336;1.5;24.169155;4868768
43;21:35:50.506;1.5;24.209503;4876896
44;21:35:50.677;0.0;24.209464;4876668
45;21:35:50.848;1.5;24.208332;4876660
46;21:35:51.018;1.6;24.208133;4876904
47;21:35:51.188;1.6;24.206426;4876056
48;21:35:51.357;1.5;24.204956;4876232
49;21:35:51.527;0.0;24.207240;4876440
50;21:35:51.698;0.0;24.206922;4876376
51;21:35:51.870;0.0;24.228347;4880692
52;21:35:52.039;1.5;24.289962;4893104
53;21:35:52.210;3.1;24.332892;4901752
54;21:35:52.379;4.6;24.588484;4957548
55;21:35:52.552;1.5;24.796183;4995080
56;21:35:52.723;1.6;24.796024;4995048
57;21:35:52.893;0.0;24.794654;4994552
58;21:35:53.065;0.0;24.835281;5002956
59;21:35:53.235;0.0;24.875669;5011180
60;21:35:53.406;1.5;24.874378;5010832
61;21:35:53.576;0.0;24.874537;5011124
62;21:35:53.747;0.0;24.875986;5011156
63;21:35:53.917;1.5;24.877972;5011556
64;21:35:54.087;0.0;24.878012;5011564
65;21:35:54.258;1.6;24.877396;5011440
66;21:35:54.428;0.0;24.877495;5011460
67;21:35:54.598;1.5;24.878846;5011292
68;21:35:54.768;0.0;24.877793;5011300
69;21:35:54.938;0.0;24.876741;5011308
70;21:35:55.108;1.5;24.873385;5010560
71;21:35:55.280;4.6;24.878568;5011944
72;21:35:55.451;0.0;24.881189;5012204
73;21:35:55.621;1.6;24.876622;5011552
74;21:35:55.792;6.0;24.876661;5011544
75;21:35:55.967;0.0;24.879282;5011820
76;21:35:56.137;2.9;24.879084;5012048
77;21:35:56.308;3.0;24.881745;5012096
78;21:35:56.478;0.0;24.880335;5011812
79;21:35:56.648;1.5;24.879282;5011820
80;21:35:56.819;0.0;24.879124;5011568
81;21:35:56.990;1.6;24.877873;5011536
82;21:35:57.160;0.0;24.879441;5011916
83;21:35:57.333;0.0;24.881983;5012364
84;21:35:57.505;1.6;24.884564;5012884
85;21:35:57.676;1.5;24.887146;5013404
86;21:35:57.849;1.5;24.885418;5013316
87;21:35:58.020;0.0;24.885458;5013064
88;21:35:58.190;1.5;24.886987;5013372
89;21:35:58.361;0.0;24.886669;5013308
90;21:35:58.531;0.0;24.885100;5012992
91;21:35:58.700;0.0;24.886193;5012992
92;21:35:58.870;3.1;25.262850;5091136
93;21:35:59.042;3.1;25.293112;5095696
94;21:35:59.213;1.5;25.296944;5095736
95;21:35:59.384;0.0;25.294283;5095420
96;21:35:59.554;0.0;25.292834;5095176
97;21:35:59.724;0.0;25.295335;5095412
98;21:35:59.894;0.0;25.296487;5095840
99;21:36:00.064;1.6;25.296209;5095808
100;21:36:00.234;1.5;25.297659;5095880
101;21:36:00.404;1.5;25.295137;5095640
102;21:36:00.574;1.5;25.293886;5095120
103;21:36:00.744;1.5;25.293032;5095168
104;21:36:00.914;1.5;25.295832;5096000
105;21:36:01.084;3.0;25.296070;5095560
106;21:36:01.254;1.5;25.296269;5095820
107;21:36:01.424;1.5;25.296586;5095884
108;21:36:01.593;1.5;25.296884;5095944
109;21:36:01.764;3.0;25.295792;5095504
110;21:36:01.935;3.1;25.295792;5095504
111;21:36:02.105;1.5;25.293727;5095308
112;21:36:02.275;3.0;25.295137;5095844
113;21:36:02.449;1.6;25.295613;5095688
114;21:36:02.625;0.0;25.292000;5094960
115;21:36:02.797;1.6;25.304489;5097256
116;21:36:02.976;3.4;25.294204;5095664
117;21:36:03.147;0.0;25.296706;5095908
118;21:36:03.320;1.8;25.293409;5095468
119;21:36:03.493;0.0;25.293588;5095280
120;21:36:03.665;1.9;25.293886;5095696
121;21:36:03.838;1.8;25.295316;5095408
122;21:36:04.013;1.6;25.298929;5096796
123;21:36:04.189;1.6;25.306673;5097696
124;21:36:04.367;4.5;25.299863;5096324
125;21:36:04.538;1.5;25.302940;5097164
126;21:36:04.716;6.0;25.294899;5095544
127;21:36:04.890;3.1;25.288803;5094576
128;21:36:05.065;1.6;25.291781;5095312
129;21:36:05.239;3.3;25.295534;5095672
130;21:36:05.410;3.2;25.295375;5095640
131;21:36:05.582;0.0;25.296805;5095708
132;21:36:05.755;5.8;25.294601;5095260
133;21:36:05.926;3.2;25.294422;5095448
134;21:36:06.100;1.6;25.297361;5096040
135;21:36:06.275;3.2;25.294680;5095260
136;21:36:06.448;1.6;25.292873;5095360
137;21:36:06.622;4.8;25.292059;5094752
138;21:36:06.794;3.1;25.288128;5094616
139;21:36:06.967;3.1;25.291801;5095164
140;21:36:07.138;3.2;25.292675;5095344
141;21:36:07.310;3.2;25.297520;5095852
142;21:36:07.483;4.6;25.294065;5095380
143;21:36:07.655;1.6;25.291880;5094936
144;21:36:07.829;1.6;25.297897;5096148
145;21:36:08.002;1.5;25.297619;5096092
146;21:36:08.175;4.6;25.296428;5095852
147;21:36:08.349;7.8;25.294323;5095428
148;21:36:08.523;1.5;25.294442;5095452
149;21:36:08.695;3.1;25.293985;5095612
150;21:36:08.869;1.5;25.293727;5095308
151;21:36:09.041;4.5;25.294164;5095396
152;21:36:09.213;0.0;25.293151;5095484
153;21:36:09.386;4.5;25.296030;5095816
154;21:36:09.559;3.0;25.293667;5095296
155;21:36:09.730;1.6;25.293985;5095360
156;21:36:09.905;3.2;25.295673;5095700
157;21:36:10.078;1.6;25.294422;5095448
158;21:36:10.250;3.0;25.293330;5095008
159;21:36:10.423;1.5;25.294640;5095272
160;21:36:10.595;1.5;25.291285;5095040
161;21:36:10.770;1.5;25.293389;5095240
162;21:36:10.946;2.8;25.291305;5094828
163;21:36:11.121;2.9;25.293370;5095236
164;21:36:11.299;1.5;25.294223;5095188
165;21:36:11.473;3.1;25.288545;5094368
166;21:36:11.646;2.9;25.291920;5094944
167;21:36:11.820;3.0;25.294124;5095168
168;21:36:11.995;1.4;25.289359;5094652
169;21:36:12.170;3.2;25.293449;5095744
170;21:36:12.344;3.0;25.296229;5095812
171;21:36:12.519;2.9;25.296884;5095944
172;21:36:12.692;1.5;25.297480;5096064
173;21:36:12.869;0.0;25.294978;5095560
174;21:36:13.043;4.5;25.293409;5095244
175;21:36:13.216;3.2;25.296269;5095820
176;21:36:13.388;2.8;25.294879;5095540
177;21:36:13.562;3.0;25.294660;5095496
178;21:36:13.737;3.1;25.294561;5095476
179;21:36:13.910;1.6;25.291722;5094904
180;21:36:14.084;3.0;25.293092;5095180
181;21:36:14.257;1.5;25.293290;5094780
182;21:36:14.429;1.6;25.293409;5095244
183;21:36:14.603;3.1;25.292794;5095120
184;21:36:14.777;3.1;25.294998;5095564
185;21:36:14.950;1.6;25.291563;5094648
186;21:36:15.123;1.5;25.292059;5094752
187;21:36:15.294;2.8;25.291861;5095172
188;21:36:15.467;3.1;25.292297;5095020
189;21:36:15.639;1.5;25.290709;5094700
190;21:36:15.816;1.5;25.296567;5095880
191;21:36:15.991;1.6;25.294799;5095580
192;21:36:16.166;0.0;25.296725;5095692
193;21:36:16.339;4.3;25.291344;5094876
194;21:36:16.510;10.0;25.294104;5095384
195;21:36:16.683;4.2;25.290868;5095112
196;21:36:16.856;5.5;25.293389;5095000
197;21:36:17.031;1.5;25.294323;5095208
198;21:36:17.202;1.6;25.294323;5095428
199;21:36:17.374;6.0;25.292595;5095324
200;21:36:17.545;0.0;25.293330;5094788
201;21:36:17.715;0.0;25.384034;5113500
202;21:36:17.884;0.0;25.497653;5136388
203;21:36:18.054;1.5;25.598683;5156520
204;21:36:18.223;3.1;25.688553;5174500
205;21:36:18.395;4.3;25.743079;5187876
206;21:36:18.565;1.6;25.816826;5200684
207;21:36:18.736;1.5;25.897880;5219028
208;21:36:18.906;1.6;25.987910;5235416
209;21:36:19.076;1.5;26.074563;5252384
210;21:36:19.246;2.9;26.152738;5268352
211;21:36:19.417;2.9;26.187686;5274844
212;21:36:19.587;0.0;26.204743;5278828
213;21:36:19.758;0.0;26.236950;5285316
214;21:36:19.929;1.5;26.284447;5294884
215;21:36:20.100;1.5;26.315998;5301280
216;21:36:20.271;1.6;26.339787;5306032
217;21:36:20.441;1.5;26.403049;5318776
218;21:36:20.612;1.5;26.469926;5332028
219;21:36:20.782;1.6;26.582056;5354868
220;21:36:20.951;4.6;26.624231;5363584
221;21:36:21.123;0.0;26.623099;5363104
222;21:36:21.293;0.0;26.624310;5363348
223;21:36:21.464;1.5;26.626971;5363664
224;21:36:21.634;1.5;26.633464;5365192
225;21:36:21.804;4.5;26.705642;5379732
226;21:36:21.974;0.0;26.914890;5421932
227;21:36:22.145;1.5;26.914890;5421664
228;21:36:22.314;1.5;26.913917;5421468
229;21:36:22.484;1.6;26.912924;5421488
230;21:36:22.654;0.0;26.913083;5421520
231;21:36:22.824;0.0;26.912964;5421496
232;21:36:22.994;1.3;26.912924;5421268
233;21:36:23.164;1.4;26.934389;5425812
234;21:36:23.335;1.5;26.935600;5425836
235;21:36:23.505;1.5;26.936395;5426216
236;21:36:23.676;1.6;26.935600;5426056
237;21:36:23.846;0.0;26.935402;5425796
238;21:36:24.016;1.5;26.936454;5426008
239;21:36:24.186;1.5;26.934925;5425920
240;21:36:24.356;0.0;26.936176;5426172
241;21:36:24.528;0.0;26.939512;5426788
242;21:36:24.698;0.0;26.934250;5425784
243;21:36:24.870;1.5;26.933317;5425376
244;21:36:25.040;3.1;26.932284;5425388
245;21:36:25.216;1.5;26.934727;5425880
246;21:36:25.394;3.2;26.931689;5425520
247;21:36:25.565;1.5;26.933078;5425548
248;21:36:25.738;0.0;26.933237;5425580
249;21:36:25.909;0.0;26.933297;5425592
250;21:36:26.081;0.0;26.935620;5425840
251;21:36:26.251;1.5;26.936633;5426264
252;21:36:26.423;1.6;26.936633;5426264
253;21:36:26.594;1.5;26.934568;5425848
254;21:36:26.764;1.5;26.935620;5425620
255;21:36:26.934;0.0;26.932800;5425784
256;21:36:27.104;1.6;26.936315;5425980
257;21:36:27.274;1.6;26.937248;5426388
258;21:36:27.444;4.5;26.933793;5425692
259;21:36:27.625;1.6;26.936017;5426140
260;21:36:27.795;3.0;26.934965;5425976
261;21:36:27.966;0.0;26.935481;5425812
262;21:36:28.136;1.5;26.934925;5425920
263;21:36:28.306;1.5;26.934965;5426148
264;21:36:28.476;1.6;26.936375;5426212
265;21:36:28.646;0.0;26.936772;5426292
266;21:36:28.816;1.5;26.935521;5426040
267;21:36:28.986;0.0;26.935680;5426340
268;21:36:29.158;1.5;26.935680;5426072
269;21:36:29.330;0.0;26.938142;5426348
270;21:36:29.502;4.2;26.938420;5426624
271;21:36:29.675;0.0;26.936931;5426324
272;21:36:29.847;3.0;26.940564;5426836
273;21:36:30.018;1.6;26.940723;5427184
274;21:36:30.190;1.5;26.939949;5426932
275;21:36:30.361;0.0;26.938182;5426584
276;21:36:30.532;3.0;26.937129;5426364
277;21:36:30.702;1.6;26.937943;5426528
278;21:36:30.873;1.5;26.935600;5426316
279;21:36:31.043;0.0;26.935878;5426356
280;21:36:31.212;1.5;26.937487;5426436
281;21:36:31.382;1.5;26.936196;5425956
282;21:36:31.553;0.0;26.937447;5426688
283;21:36:31.724;0.0;26.932761;5425996
284;21:36:31.894;1.6;26.937209;5426380
285;21:36:32.065;3.0;26.937963;5426784
286;21:36:32.240;10.1;26.937467;5426432
287;21:36:32.411;2.8;26.941458;5427236
288;21:36:32.587;4.3;26.942749;5427496
289;21:36:32.761;7.0;26.939830;5426908
290;21:36:32.934;7.1;26.940922;5426908
291;21:36:33.107;10.0;26.941101;5427164
292;21:36:33.279;8.6;26.941180;5426936
293;21:36:33.452;8.2;26.938321;5426164
294;21:36:33.626;7.1;26.935918;5426120
295;21:36:33.800;5.9;26.935481;5426396
296;21:36:33.974;1.5;26.935600;5426056
297;21:36:34.146;0.0;26.935441;5426024
298;21:36:34.320;4.6;26.941200;5426964
299;21:36:34.495;2.9;26.940763;5427384
300;21:36:34.669;2.9;26.938559;5426652
301;21:36:34.842;3.0;26.939274;5426156
302;21:36:35.017;1.6;26.937089;5426592
303;21:36:35.191;0.0;26.939611;5427260
304;21:36:35.365;1.7;26.941537;5426812
305;21:36:35.538;1.8;26.939770;5426896
306;21:36:35.713;1.9;26.938797;5426700
307;21:36:35.886;1.9;26.935978;5425912
308;21:36:36.059;0.0;26.938182;5426576
309;21:36:36.234;0.0;26.937705;5426480
310;21:36:36.406;1.9;26.938976;5426516
311;21:36:36.579;0.0;26.937248;5426388
312;21:36:36.752;1.9;26.935044;5425944
313;21:36:36.925;0.0;26.938062;5426332
314;21:36:37.099;1.8;26.949460;5428848
315;21:36:37.272;1.8;26.950830;5430912
316;21:36:37.445;0.0;26.959130;5430796
317;21:36:37.617;1.8;26.965365;5432052
318;21:36:37.792;1.8;26.968383;5432660
319;21:36:37.964;1.8;26.976604;5434540
320;21:36:38.138;0.0;26.978748;5434736
321;21:36:38.310;1.8;26.990384;5436872
322;21:36:38.483;3.1;26.994097;5437620
323;21:36:38.662;3.2;26.999598;5438948
324;21:36:38.836;1.7;26.999459;5438920
325;21:36:39.010;0.0;27.007759;5440592
326;21:36:39.184;0.0;27.008990;5440840
327;21:36:39.359;0.0;27.018680;5443272
328;21:36:39.531;1.8;27.023088;5443680
329;21:36:39.704;0.0;27.029482;5444968
330;21:36:39.878;1.9;27.030256;5445124
331;21:36:40.051;0.0;27.039489;5447120
332;21:36:40.224;1.7;27.041535;5446956
333;21:36:40.398;1.5;27.092228;5457608
334;21:36:40.568;0.0;27.101958;5459568
335;21:36:40.741;3.2;27.194410;5478192
336;21:36:40.911;1.5;27.296472;5499012
337;21:36:41.082;0.0;27.421469;5523712
338;21:36:41.251;0.0;27.496506;5538968
339;21:36:41.423;0.0;27.590269;5557936
340;21:36:41.594;0.0;27.707601;5583848
341;21:36:41.764;1.5;27.819829;5603960
342;21:36:41.934;1.6;27.877651;5615828
343;21:36:42.104;4.5;27.927015;5626080
344;21:36:42.275;1.5;27.929834;5626120
345;21:36:42.445;1.5;27.928484;5626068
346;21:36:42.618;0.0;27.930212;5626416
347;21:36:42.789;1.5;27.931463;5626448
348;21:36:42.959;0.0;27.941470;5628684
349;21:36:43.130;0.0;27.942721;5628936
350;21:36:43.300;2.9;27.941629;5628496
351;21:36:43.471;1.5;27.940219;5628212
352;21:36:43.641;0.0;27.953205;5631048
353;21:36:43.812;1.5;27.952888;5633000
354;21:36:43.983;1.5;27.973360;5635148
355;21:36:44.154;6.9;27.984360;5637600
356;21:36:44.329;6.0;27.993991;5639264
357;21:36:44.501;10.6;28.266580;5698768
358;21:36:44.673;6.1;28.382701;5717568
359;21:36:44.844;3.0;28.382741;5717576
360;21:36:45.015;4.4;28.383813;5717572
361;21:36:45.186;4.4;28.382503;5717796
362;21:36:45.356;1.5;28.383396;5717708
363;21:36:45.528;1.5;28.381013;5717488
364;21:36:45.699;0.0;28.383674;5717764
365;21:36:45.870;0.0;28.382066;5717220
366;21:36:46.040;1.6;28.380815;5717188
367;21:36:46.210;0.0;28.380974;5717220
368;21:36:46.380;1.5;28.379564;5716936
369;21:36:46.550;0.0;28.380815;5716968
370;21:36:46.720;1.5;28.380815;5717188
371;21:36:46.890;4.6;28.379743;5716896
372;21:36:47.063;3.0;28.379087;5716840
373;21:36:47.239;1.5;28.380994;5717224
374;21:36:47.411;1.5;28.385024;5718036
375;21:36:47.587;4.2;28.385541;5718140
376;21:36:47.762;1.5;28.383813;5717792
377;21:36:47.936;0.0;28.386514;5718604
378;21:36:48.114;1.5;28.385183;5717848
379;21:36:48.294;3.1;28.384230;5717876
380;21:36:48.466;1.4;28.384429;5717916
381;21:36:48.638;0.0;28.385918;5718468
382;21:36:48.808;4.2;28.384071;5717844
383;21:36:48.987;4.3;28.386295;5717744
384;21:36:49.161;1.6;28.382800;5717368
385;21:36:49.332;1.5;28.382721;5717352
386;21:36:49.503;1.5;28.380537;5717132
387;21:36:49.674;1.5;28.384310;5717672
388;21:36:49.850;4.5;28.384230;5717908
389;21:36:50.020;3.0;28.385779;5717980
390;21:36:50.191;2.9;28.385898;5718212
391;21:36:50.368;7.5;28.384190;5718144
392;21:36:50.542;1.5;28.386236;5718280
393;21:36:50.714;6.8;28.386593;5718620
394;21:36:50.886;14.1;28.388261;5718716
395;21:36:51.063;9.0;28.391021;5719244
396;21:36:51.237;4.3;28.391815;5719404
397;21:36:51.411;6.2;28.388043;5718644
398;21:36:51.587;5.9;28.389929;5719248
399;21:36:51.759;0.0;28.399758;5721068
400;21:36:51.936;4.8;28.398467;5720744
401;21:36:52.109;5.6;28.385521;5718136
402;21:36:52.283;2.9;28.385997;5718232
403;21:36:52.454;3.1;28.395628;5720172
404;21:36:52.631;2.9;28.404325;5721924
405;21:36:52.809;4.6;28.389830;5718784
406;21:36:52.984;4.1;28.387487;5718532
407;21:36:53.157;2.9;28.391398;5718880
408;21:36:53.331;1.4;28.389373;5718912
409;21:36:53.504;2.8;28.398785;5720808
410;21:36:53.679;4.1;28.400731;5721200
411;21:36:53.853;3.1;28.402280;5721512
412;21:36:54.025;3.1;28.400592;5721172
413;21:36:54.196;1.5;28.400929;5721020
414;21:36:54.368;4.5;28.397633;5720836
415;21:36:54.540;1.5;28.400790;5721212
416;21:36:54.711;0.0;28.407522;5722568
417;21:36:54.882;1.5;28.418125;5724704
418;21:36:55.052;2.9;28.454324;5731996
419;21:36:55.223;4.8;28.474696;5736368
420;21:36:55.393;0.0;28.510041;5743220
421;21:36:55.563;1.5;28.549059;5751080
422;21:36:55.733;1.5;28.579400;5757240
423;21:36:55.902;1.5;28.633211;5768032
424;21:36:56.072;0.0;28.673559;5776160
425;21:36:56.241;0.0;28.714046;5784568
426;21:36:56.411;0.0;28.746770;5790908
427;21:36:56.580;1.5;28.767341;5795052
428;21:36:56.750;1.6;28.768374;5794820
429;21:36:56.920;0.0;28.767639;5795112
430;21:36:57.089;0.0;28.767758;5795136
431;21:36:57.258;1.5;28.766666;5794916
432;21:36:57.428;1.5;28.766666;5794916
433;21:36:57.597;0.0;28.767262;5795036
434;21:36:57.767;0.0;28.769069;5795400
435;21:36:57.937;0.0;28.809020;5803228
436;21:36:58.107;0.0;28.869225;5815836
437;21:36:58.278;1.5;28.912274;5824248
438;21:36:58.449;4.7;29.332616;5908860
439;21:36:58.622;1.5;29.353326;5913096
440;21:36:58.793;3.0;29.352909;5912792
441;21:36:58.964;1.5;29.381482;5920816
442;21:36:59.135;1.5;29.401299;5922760
443;21:36:59.306;1.5;29.443137;5930968
444;21:36:59.477;0.0;29.444467;5931456
445;21:36:59.647;0.0;29.444308;5931424
446;21:36:59.817;1.5;29.444269;5931416
447;21:36:59.988;0.0;29.445539;5931672
448;21:37:00.160;0.0;29.442680;5931544
449;21:37:00.331;1.4;29.446115;5931788
450;21:37:00.502;1.5;29.447585;5931864
451;21:37:00.672;0.0;29.446572;5931880
452;21:37:00.842;0.0;29.443097;5930960
453;21:37:01.012;0.0;29.441330;5930824
454;21:37:01.182;3.1;29.439424;5930644
455;21:37:01.358;1.5;29.440853;5930728
456;21:37:01.528;1.5;29.445659;5931696
457;21:37:01.699;1.5;29.445718;5931488
458;21:37:01.875;1.5;29.443176;5931716
459;21:37:02.053;2.9;29.447088;5931984
460;21:37:02.223;3.1;29.447088;5931764
461;21:37:02.393;0.0;29.447684;5932104
462;21:37:02.563;0.0;29.447485;5932064
463;21:37:02.734;1.5;29.447446;5931836
464;21:37:02.904;0.0;29.446274;5931820
465;21:37:03.074;0.0;29.443018;5931408
466;21:37:03.245;1.4;29.445440;5931652
467;21:37:03.422;3.2;29.445559;5931928
468;21:37:03.593;4.3;29.446771;5931920
469;21:37:03.763;0.0;29.447009;5931968
470;21:37:03.934;1.5;29.447128;5931992
471;21:37:04.105;0.0;29.446651;5931896
472;21:37:04.275;1.5;29.448021;5932204
473;21:37:04.445;1.5;29.448021;5932172
474;21:37:04.615;0.0;29.448160;5931980
475;21:37:04.786;1.6;29.552050;5955144
476;21:37:04.958;3.0;29.856946;6014792
477;21:37:05.131;0.0;29.859785;6015120
478;21:37:05.302;1.5;29.859825;6015128
479;21:37:05.473;0.0;29.858415;6014884
480;21:37:05.643;0.0;29.858415;6014624
481;21:37:05.813;4.5;29.858515;6014656
482;21:37:05.983;1.6;29.856807;6014520
483;21:37:06.153;0.0;29.857740;6014488
484;21:37:06.324;1.5;29.859190;6015000
485;21:37:06.494;1.4;29.857740;6014708
486;21:37:06.665;3.1;29.860024;6015168
487;21:37:06.835;1.6;29.859051;6014972
488;21:37:07.006;0.0;29.858376;6014844
489;21:37:07.176;1.6;29.860699;6015304
490;21:37:07.346;1.6;29.860858;6015336
491;21:37:07.516;0.0;29.860699;6015304
492;21:37:07.687;3.0;29.859607;6015084
493;21:37:07.862;1.5;29.859766;6015116
494;21:37:08.034;1.4;29.857264;6014856
495;21:37:08.204;1.5;29.857879;6014736
496;21:37:08.379;0.0;29.859368;6014816
497;21:37:08.556;7.1;29.863280;6015824
498;21:37:08.726;0.0;29.862823;6015732
499;21:37:08.901;6.0;29.866199;6016412
500;21:37:09.079;1.5;29.859567;6015076
501;21:37:09.252;1.6;29.858733;6014908
502;21:37:09.429;1.6;29.861453;6015456
503;21:37:09.601;0.0;29.860560;6015276
504;21:37:09.776;4.5;29.863360;6015620
505;21:37:09.951;3.2;29.860778;6015596
506;21:37:10.129;4.4;29.860659;6015296
507;21:37:10.303;4.3;29.861910;6015548
508;21:37:10.477;3.1;29.861930;6015332
509;21:37:10.652;0.0;29.859349;6015276
510;21:37:10.826;1.6;29.855139;6014496
511;21:37:10.998;1.6;29.858773;6014916
512;21:37:11.172;2.9;29.858773;6014916
513;21:37:11.345;1.6;29.861692;6015520
514;21:37:11.519;4.5;29.865504;6016272
515;21:37:11.696;5.6;29.865127;6015756
516;21:37:11.871;4.5;29.861811;6015528
517;21:37:12.048;2.9;29.860878;6015600
518;21:37:12.226;3.0;29.860858;6015360
519;21:37:12.401;5.6;29.861314;6015428
520;21:37:12.574;3.2;29.861314;6015704
521;21:37:12.749;1.5;29.862883;6015744
522;21:37:12.924;5.9;29.859071;6015236
523;21:37:13.097;6.2;29.863657;6015900
524;21:37:13.272;4.4;29.860937;6015352
525;21:37:13.446;6.1;29.861017;6015368
526;21:37:13.620;7.5;29.860699;6015320
527;21:37:13.794;8.8;29.860123;6014968
528;21:37:13.969;4.5;29.860123;6015188
529;21:37:14.142;8.8;29.860679;6015300
530;21:37:14.319;7.9;29.860361;6015236
531;21:37:14.493;6.5;29.860222;6015208
532;21:37:14.667;7.0;29.860838;6015332
533;21:37:14.842;6.0;29.862307;6015408
534;21:37:15.016;4.5;29.861930;6015552
535;21:37:15.188;4.5;29.863181;6015804
536;21:37:15.362;4.7;29.857403;6014640
537;21:37:15.536;7.6;29.858395;6015124
538;21:37:15.710;4.6;29.859726;6015108
539;21:37:15.885;4.5;29.862605;6015924
540;21:37:16.060;9.9;29.863439;6016100
541;21:37:16.233;1.6;29.859170;6014996
542;21:37:16.406;6.3;29.861255;6015416
543;21:37:16.580;3.0;29.859805;6015488
544;21:37:16.753;4.6;29.860322;6015456
545;21:37:16.927;3.1;29.861672;6015500
546;21:37:17.103;2.8;29.860183;6015200
547;21:37:17.277;4.4;29.860123;6015188
548;21:37:17.450;2.9;29.860659;6015528
549;21:37:17.626;3.0;29.856469;6014768
550;21:37:17.801;1.7;29.858177;6015040
551;21:37:17.973;0.0;29.859587;6015080
552;21:37:18.145;1.7;29.861314;6015208
553;21:37:18.319;1.5;29.861156;6015396
554;21:37:18.493;3.0;29.858495;6014860
555;21:37:18.666;0.0;29.858018;6014764
556;21:37:18.842;3.0;29.857403;6014640
557;21:37:19.016;1.6;29.857879;6014736
558;21:37:19.190;1.6;29.855993;6014356
559;21:37:19.365;3.1;29.861473;6015460
560;21:37:19.538;1.6;29.859428;6014828
561;21:37:19.713;1.6;29.862724;6015492
562;21:37:19.886;3.2;29.861235;6014964
563;21:37:20.062;1.6;29.857879;6014736
564;21:37:20.238;1.6;29.860997;6015364
565;21:37:20.413;1.6;29.861950;6015556
566;21:37:20.588;1.7;29.860163;6014976
567;21:37:20.764;1.6;29.860322;6015228
568;21:37:20.937;3.1;29.861414;6015448
569;21:37:21.115;3.0;29.859845;6015132
570;21:37:21.291;0.0;29.861533;6015408
571;21:37:21.467;1.6;29.860163;6015004
572;21:37:21.643;1.7;29.859368;6014816
573;21:37:21.819;0.0;29.860778;6015320
574;21:37:21.994;3.2;29.860659;6015296
575;21:37:22.169;3.0;29.860441;6015472
576;21:37:22.343;1.6;29.857661;6014952
577;21:37:22.520;1.6;29.859488;6015060
578;21:37:22.695;0.0;29.860421;6015248
579;21:37:22.869;1.5;29.863697;6015688
580;21:37:23.047;1.6;29.859130;6014988
581;21:37:23.221;1.6;29.860878;6015120
582;21:37:23.397;1.5;29.860878;6015120
583;21:37:23.574;1.6;29.858673;6014896
584;21:37:23.749;1.5;29.860242;6015380
585;21:37:23.926;6.1;29.861314;6015428
586;21:37:24.102;0.0;29.860997;6015144
587;21:37:24.276;1.5;29.858951;6014952
588;21:37:24.451;3.0;29.861036;6015640
589;21:37:24.625;4.3;29.862923;6015752
590;21:37:24.800;1.5;29.860183;6015488
591;21:37:24.979;1.6;29.860659;6015296
592;21:37:25.154;1.6;29.860401;6015244
593;21:37:25.329;3.2;29.860103;6015184
594;21:37:25.505;1.5;29.859329;6015028
595;21:37:25.680;5.7;29.859627;6015088
596;21:37:25.854;3.0;29.858673;6015164
597;21:37:26.027;1.5;29.856450;6015128
598;21:37:26.203;4.5;29.857323;6014624
599;21:37:26.379;1.6;29.860024;6014948
600;21:37:26.552;1.6;29.858812;6014924
601;21:37:26.726;4.5;29.858991;6014960
602;21:37:26.899;3.0;29.859924;6015148
603;21:37:27.073;3.1;29.861036;6015280
604;21:37:27.249;4.3;29.858157;6014792
605;21:37:27.426;3.0;29.857859;6014732
606;21:37:27.602;1.5;29.858177;6014796
607;21:37:27.775;1.5;29.857959;6014752
608;21:37:27.950;1.6;29.856847;6014752
609;21:37:28.124;7.6;29.862903;6015264
610;21:37:28.296;5.9;29.860480;6014820
611;21:37:28.471;4.2;29.856489;6014828
612;21:37:28.647;3.1;29.857919;6014784
613;21:37:28.821;4.7;29.859468;6015388
614;21:37:28.996;3.2;29.857363;6015160
615;21:37:29.170;4.3;29.861811;6015528
616;21:37:29.345;1.5;29.856906;6014808
617;21:37:29.516;4.3;29.857621;6014684
618;21:37:29.688;4.5;29.857720;6014324
619;21:37:29.860;1.5;29.858256;6014592
620;21:37:30.030;0.0;29.924140;6028084
621;21:37:30.200;0.0;30.025547;6050420
622;21:37:30.370;0.0;30.130529;6069660
623;21:37:30.539;1.5;30.239302;6091240
624;21:37:30.711;5.9;30.279710;6099712
625;21:37:30.882;0.0;30.353517;6114028
626;21:37:31.053;1.5;30.442414;6132584
627;21:37:31.223;1.4;30.524521;6149280
628;21:37:31.393;0.0;30.606866;6165616
629;21:37:31.564;1.5;30.691732;6182964
630;21:37:31.733;0.0;30.723225;6188980
631;21:37:31.904;0.0;30.752751;6195080
632;21:37:32.075;0.0;30.784621;6201424
633;21:37:32.247;1.6;30.824890;6209788
634;21:37:32.418;0.0;30.866350;6218140
635;21:37:32.588;1.5;30.886882;6222284
636;21:37:32.759;1.5;30.925880;6230148
637;21:37:32.929;0.0;31.019285;6248948
638;21:37:33.099;1.6;31.125517;6270096
639;21:37:33.270;3.0;31.175238;6280112
640;21:37:33.442;0.0;31.176687;6280460
641;21:37:33.612;1.6;31.174583;6279980
642;21:37:33.783;1.6;31.174106;6279884
643;21:37:33.954;1.5;31.186179;6282316
644;21:37:34.124;4.3;31.243068;6296076
645;21:37:34.295;0.0;31.462164;6337912
646;21:37:34.465;1.6;31.460774;6337916
647;21:37:34.635;1.5;31.461211;6337720
648;21:37:34.805;1.5;31.462462;6337972
649;21:37:34.975;0.0;31.463713;6338004
650;21:37:35.146;0.0;31.464070;6338076
651;21:37:35.316;0.0;31.463316;6338144
652;21:37:35.487;1.5;31.483450;6342200
653;21:37:35.659;1.5;31.482299;6341968
654;21:37:35.830;0.0;31.482299;6341968
655;21:37:36.000;3.1;31.481564;6341820
656;21:37:36.172;0.0;31.478883;6341368
657;21:37:36.342;1.6;31.480194;6341544
658;21:37:36.514;0.0;31.482338;6341976
659;21:37:36.686;1.5;31.479102;6341104
660;21:37:36.856;1.5;31.479260;6341616
661;21:37:37.026;6.2;31.479320;6341368
662;21:37:37.198;3.2;31.479995;6341756
663;21:37:37.369;3.1;31.479916;6341488
664;21:37:37.541;1.5;31.478585;6340892
665;21:37:37.712;1.5;31.479340;6341372
666;21:37:37.883;1.6;31.476858;6341124
667;21:37:38.054;1.5;31.479141;6341332
668;21:37:38.226;0.0;31.478268;6341260
669;21:37:38.396;1.6;31.479519;6341408
670;21:37:38.566;1.4;31.480770;6341660
671;21:37:38.736;1.5;31.485277;6342380
672;21:37:38.906;0.0;31.484125;6342336
673;21:37:39.076;0.0;31.482974;6341884
674;21:37:39.247;1.5;31.484185;6342128
675;21:37:39.417;0.0;31.480114;6341528
676;21:37:39.590;0.0;31.478983;6341300
677;21:37:39.760;4.5;31.481405;6341568
678;21:37:39.932;1.5;31.480313;6341568
679;21:37:40.103;1.5;31.480631;6341884
680;21:37:40.273;1.5;31.480988;6341484
681;21:37:40.443;1.6;31.481584;6341824
682;21:37:40.613;3.0;31.481425;6341792
683;21:37:40.783;0.0;31.481425;6341792
684;21:37:40.952;1.6;31.480551;6341616
685;21:37:41.122;3.1;31.481643;6341836
686;21:37:41.293;1.5;31.486449;6342720
687;21:37:41.464;0.0;31.487918;6343100
688;21:37:41.637;2.9;31.487600;6343036
689;21:37:41.806;1.6;31.487561;6343028
690;21:37:41.978;2.8;31.486588;6342832
691;21:37:42.150;1.6;31.486627;6342840
692;21:37:42.322;0.0;31.486786;6342872
693;21:37:42.493;1.5;31.485098;6342532
694;21:37:42.665;1.5;31.484959;6342504
695;21:37:42.835;0.0;31.484959;6342504
696;21:37:43.004;0.0;31.483867;6342284
697;21:37:43.174;0.0;31.485337;6342580
698;21:37:43.344;3.1;31.482318;6341972
699;21:37:43.514;4.5;31.485456;6342604
700;21:37:43.684;1.5;31.483688;6342248
701;21:37:43.855;0.0;31.483688;6342500
702;21:37:44.026;1.6;31.484066;6342324
703;21:37:44.200;3.0;31.491353;6343572
704;21:37:44.374;0.0;31.492703;6343844
705;21:37:44.553;1.5;31.498978;6345260
706;21:37:44.732;6.8;31.490440;6343608
707;21:37:44.905;2.7;31.491214;6343544
708;21:37:45.078;5.6;31.486290;6342772
709;21:37:45.251;2.9;31.487799;6343076
710;21:37:45.426;4.2;31.485992;6342712
711;21:37:45.600;4.4;31.487104;6342936
712;21:37:45.772;2.8;31.488236;6343164
713;21:37:45.944;1.4;31.491909;6343904
714;21:37:46.118;4.2;31.487938;6342956
715;21:37:46.290;4.3;31.491512;6343824
716;21:37:46.464;2.9;31.491850;6343724
717;21:37:46.642;0.0;31.488672;6343252
718;21:37:46.815;1.5;31.487739;6343064
719;21:37:46.987;3.0;31.492723;6344068
720;21:37:47.165;2.9;31.490857;6343692
721;21:37:47.338;1.6;31.489844;6343268
722;21:37:47.511;1.4;31.487600;6343036
723;21:37:47.684;0.0;31.487024;6342920
724;21:37:47.858;1.5;31.487719;6343228
725;21:37:48.037;4.3;31.486230;6342768
726;21:37:48.211;2.9;31.491413;6343804
727;21:37:48.389;2.9;31.491631;6343628
728;21:37:48.563;0.0;31.494490;6344424
729;21:37:48.747;1.4;31.492008;6343924
730;21:37:48.921;2.7;31.490241;6343568
731;21:37:49.095;1.4;31.493299;6344032
732;21:37:49.272;2.9;31.490956;6343712
733;21:37:49.446;4.2;31.491730;6343868
734;21:37:49.623;2.9;31.498084;6344928
735;21:37:49.799;4.2;31.494332;6344172
736;21:37:49.974;5.7;31.495920;6344712
737;21:37:50.152;3.0;31.509740;6347496
738;21:37:50.327;4.1;31.508549;6346944
739;21:37:50.500;4.0;31.510197;6347588
740;21:37:50.673;8.2;31.521853;6349936
741;21:37:50.845;4.1;31.522071;6349980
742;21:37:51.018;5.6;31.526876;6350948
743;21:37:51.191;4.0;31.528683;6351312
744;21:37:51.364;2.9;31.541213;6353836
745;21:37:51.537;5.7;31.542762;6354400
746;21:37:51.717;6.0;31.543516;6354300
747;21:37:51.889;3.1;31.553047;6356220
748;21:37:52.066;3.0;31.555847;6356784
749;21:37:52.239;3.1;31.554119;6356216
750;21:37:52.412;2.9;31.559818;6357584
751;21:37:52.591;3.0;31.561188;6358012
752;21:37:52.766;10.1;31.572209;6360080
753;21:37:52.938;7.2;31.574036;6360448
754;21:37:53.113;8.3;31.581402;6361932
755;21:37:53.287;8.8;31.627390;6371196
756;21:37:53.457;1.6;31.638331;6373400
757;21:37:53.629;4.5;31.718630;6389576
758;21:37:53.799;0.0;31.821527;6410084
759;21:37:53.970;0.0;31.943982;6434972
760;21:37:54.140;0.0;32.043880;6455040
761;21:37:54.312;4.5;32.114132;6469248
762;21:37:54.483;0.0;32.239784;6494560
763;21:37:54.652;1.5;32.344249;6515604
764;21:37:54.822;1.6;32.403977;6527636
765;21:37:54.994;2.7;32.472383;6541416
766;21:37:55.165;3.0;32.472939;6541804
767;21:37:55.336;1.4;32.473137;6541568
768;21:37:55.506;1.6;32.471410;6541472
769;21:37:55.676;1.5;32.472958;6541532
770;21:37:55.847;1.6;32.483542;6543664
771;21:37:56.017;1.6;32.483542;6543664
772;21:37:56.187;1.5;32.483542;6543664
773;21:37:56.358;1.5;32.487295;6544420
774;21:37:56.528;1.5;32.487295;6544420
775;21:37:56.699;1.5;32.487295;6544420
776;21:37:56.869;0.0;32.505980;6548184
777;21:37:57.040;0.0;32.517119;6550280
778;21:37:57.210;1.6;32.540868;6555212
779;21:37:57.380;1.5;32.909583;6631504
780;21:37:57.551;0.0;32.922251;6632064
781;21:37:57.722;1.5;32.922251;6631892
782;21:37:57.893;1.6;32.919670;6631520
783;21:37:58.065;1.5;32.920107;6631608
784;21:37:58.235;1.5;32.920265;6631640
785;21:37:58.405;0.0;32.919332;6631452
786;21:37:58.575;4.6;32.916751;6630812
787;21:37:58.746;1.5;32.917446;6631324
788;21:37:58.916;0.0;32.916949;6630972
789;21:37:59.087;1.4;32.918181;6631220
790;21:37:59.258;1.4;32.918478;6631280
791;21:37:59.428;1.5;32.918002;6631184
792;21:37:59.598;0.0;32.918161;6630996
793;21:37:59.768;0.0;32.918419;6631048
794;21:37:59.938;0.0;32.916235;6630828
795;21:38:00.108;0.0;32.918478;6631280
796;21:38:00.283;1.6;32.921894;6631968
797;21:38:00.454;1.6;32.923184;6632228
798;21:38:00.631;3.0;32.922589;6632108
799;21:38:00.810;1.5;32.920365;6631360
800;21:38:00.988;6.2;32.919590;6631504
801;21:38:01.162;4.5;32.922688;6632128
802;21:38:01.335;3.2;32.920504;6631688
803;21:38:01.504;3.1;32.924376;6632248
804;21:38:01.676;1.5;32.923423;6632056
805;21:38:01.856;3.1;32.918081;6631200
806;21:38:02.027;1.6;32.918856;6631356
807;21:38:02.197;0.0;32.917644;6631112
808;21:38:02.368;0.0;32.916612;6631156
809;21:38:02.540;3.0;32.920762;6631740
810;21:38:02.713;3.0;32.922489;6632088
811;21:38:02.887;1.5;32.923740;6632340
812;21:38:03.061;3.2;32.924296;6632720
813;21:38:03.234;3.3;32.928486;6633296
814;21:38:03.405;1.4;32.927593;6633116
815;21:38:03.576;3.1;32.927096;6633276
816;21:38:03.746;1.6;32.930412;6633684
817;21:38:03.919;1.5;32.929141;6633428
818;21:38:04.095;1.6;32.927295;6633056
819;21:38:04.268;6.2;32.934403;6634488
820;21:38:04.439;1.5;32.947787;6637184
821;21:38:04.619;4.8;32.948581;6636956
822;21:38:04.795;1.6;32.937322;6635076
823;21:38:04.967;1.5;32.940857;6635788
824;21:38:05.145;3.0;32.937560;6635156
825;21:38:05.318;1.6;32.936528;6634916
826;21:38:05.492;1.5;32.940142;6635644
827;21:38:05.665;0.0;32.939566;6635528
828;21:38:05.838;1.5;32.941373;6635892
829;21:38:06.010;1.5;32.939566;6635308
830;21:38:06.185;0.0;32.938474;6635308
831;21:38:06.359;1.5;32.939050;6635424
832;21:38:06.533;0.0;32.942346;6636120
833;21:38:06.711;3.0;32.948799;6637388
834;21:38:06.887;1.6;32.948819;6637392
835;21:38:07.058;1.5;32.937362;6635032
836;21:38:07.230;0.0;32.937223;6635056
837;21:38:07.401;1.5;32.937680;6635148
838;21:38:07.571;0.0;32.947787;6637184
839;21:38:07.741;1.5;32.983171;6644312
840;21:38:07.911;1.6;33.030032;6653752
841;21:38:08.081;4.5;33.045183;6656504
842;21:38:08.253;3.2;33.085869;6665000
843;21:38:08.427;2.8;33.117440;6671360
844;21:38:08.598;1.5;33.158881;6679960
845;21:38:08.767;0.0;33.199388;6687868
846;21:38:08.938;0.0;33.241146;6696280
847;21:38:09.107;0.0;33.282785;6704668
848;21:38:09.278;0.0;33.323372;6712844
849;21:38:09.447;0.0;33.353693;6718952
850;21:38:09.617;0.0;33.364356;6721100
851;21:38:09.787;0.0;33.364395;6721108
852;21:38:09.956;0.0;33.368148;6721892
853;21:38:10.126;1.6;33.367731;6721780
854;21:38:10.295;1.6;33.367632;6721760
855;21:38:10.465;3.1;33.364018;6721316
856;21:38:10.636;3.0;33.374641;6723424
857;21:38:10.806;0.0;33.387151;6725544
858;21:38:10.976;1.5;33.447634;6737876
859;21:38:11.146;0.0;33.496779;6748076
860;21:38:11.315;1.5;33.718039;6792348
861;21:38:11.486;1.5;33.944662;6838104
862;21:38:11.658;0.0;33.945913;6838104
863;21:38:11.828;1.5;33.957171;6840520
864;21:38:11.999;0.0;33.999366;6849020
865;21:38:12.169;0.0;34.041700;6857816
866;21:38:12.339;1.5;34.042177;6857644
867;21:38:12.509;0.0;34.042077;6857624
868;21:38:12.680;1.5;34.041065;6857420
869;21:38:12.850;0.0;34.041521;6857512
870;21:38:13.021;1.6;34.042157;6857640
871;21:38:13.191;0.0;34.043408;6857892
872;21:38:13.362;1.6;34.043050;6857820
873;21:38:13.533;0.0;34.044004;6858012
874;21:38:13.704;0.0;34.044004;6858012
875;21:38:13.873;2.8;34.039774;6857432
876;21:38:14.046;0.0;34.038325;6856160
877;21:38:14.216;4.7;34.033599;6855916
878;21:38:14.389;0.0;34.036001;6856400
879;21:38:14.560;0.0;34.036835;6856568
880;21:38:14.731;4.5;34.039357;6857076
881;21:38:14.903;0.0;34.038066;6856816
882;21:38:15.073;0.0;34.038543;6856912
883;21:38:15.244;1.5;34.036816;6856564
884;21:38:15.414;1.6;34.040688;6857344
885;21:38:15.583;0.0;34.040608;6857328
886;21:38:15.753;0.0;34.040529;6857312
887;21:38:15.923;0.0;34.039397;6857084
888;21:38:16.093;1.5;34.039139;6857300
889;21:38:16.263;0.0;34.042892;6857788
890;21:38:16.434;4.7;34.046724;6858560
891;21:38:16.605;1.5;34.045195;6858252
892;21:38:16.775;1.5;34.044480;6858108
893;21:38:16.945;1.6;34.044520;6858116
894;21:38:17.115;0.0;34.045771;6858368
895;21:38:17.286;0.0;34.045076;6858228
896;21:38:17.455;1.6;34.047061;6858480
897;21:38:17.625;1.5;34.046128;6858440
898;21:38:17.794;4.6;34.252814;6902384
899;21:38:17.965;1.6;34.448718;6939540
900;21:38:18.137;1.5;34.448718;6939392
901;21:38:18.306;1.5;34.447467;6939288
902;21:38:18.477;1.5;34.448679;6939532
903;21:38:18.647;0.0;34.449235;6939644
904;21:38:18.817;1.4;34.447865;6939368
905;21:38:18.987;0.0;34.445978;6938988
906;21:38:19.157;1.5;34.448480;6939492
907;21:38:19.327;1.6;34.449195;6939636
908;21:38:19.498;0.0;34.448679;6939532
909;21:38:19.668;0.0;34.450128;6939824
910;21:38:19.838;0.0;34.456045;6941016
911;21:38:20.008;1.6;34.455589;6940924
912;21:38:20.178;0.0;34.453226;6940448
913;21:38:20.347;1.5;34.453822;6940568
914;21:38:20.518;0.0;34.454338;6940672
915;21:38:20.692;3.0;34.453087;6940420
916;21:38:20.864;1.6;34.451836;6940168
917;21:38:21.035;1.5;34.452571;6940316
918;21:38:21.205;1.6;34.454338;6940672
919;21:38:21.380;3.0;34.454854;6940776
920;21:38:21.555;1.6;34.455847;6940976
921;21:38:21.731;3.3;34.454219;6940648
922;21:38:21.905;0.0;34.452948;6940392
923;21:38:22.077;3.1;34.455609;6940968
924;21:38:22.254;3.2;34.452273;6940256
925;21:38:22.426;1.6;34.453921;6940756
926;21:38:22.600;1.6;34.450883;6939976
927;21:38:22.772;1.5;34.449632;6939936
928;21:38:22.945;3.0;34.457535;6941316
929;21:38:23.116;1.5;34.457118;6941232
930;21:38:23.287;3.1;34.455728;6940952
931;21:38:23.459;0.0;34.459004;6941612
932;21:38:23.632;0.0;34.461486;6942112
933;21:38:23.807;1.5;34.461943;6941908
934;21:38:23.980;3.0;34.460354;6941884
935;21:38:24.153;1.5;34.466351;6943092
936;21:38:24.325;1.5;34.465259;6942872
937;21:38:24.498;4.5;34.463770;6942792
938;21:38:24.673;3.1;34.463710;6942800
939;21:38:24.848;3.1;34.462221;6942112
940;21:38:25.025;4.5;34.460970;6942008
941;21:38:25.201;4.7;34.462320;6942280
942;21:38:25.375;4.6;34.464484;6942864
943;21:38:25.550;1.5;34.461625;6941992
944;21:38:25.725;4.2;34.460156;6942160
945;21:38:25.898;2.9;34.463075;6942432
946;21:38:26.069;4.1;34.460354;6942036
947;21:38:26.242;6.8;34.462578;6942332
948;21:38:26.414;5.6;34.459878;6941940
949;21:38:26.586;8.3;34.459421;6941948
950;21:38:26.760;2.7;34.462201;6942256
951;21:38:26.932;2.8;34.461029;6942020
952;21:38:27.106;4.3;34.462082;6942056
953;21:38:27.278;2.9;34.462439;6942320
954;21:38:27.452;3.2;34.462876;6942392
955;21:38:27.625;1.5;34.467205;6942968
956;21:38:27.797;4.5;34.464842;6942788
957;21:38:27.971;3.0;34.465914;6943176
958;21:38:28.146;1.5;34.467205;6943264
959;21:38:28.319;0.0;34.465517;6942704
960;21:38:28.492;4.8;34.465775;6942976
961;21:38:28.665;0.0;34.465974;6942864
962;21:38:28.839;4.6;34.464504;6942888
963;21:38:29.013;0.0;34.465299;6942932
964;21:38:29.187;3.0;34.463154;6942448
965;21:38:29.361;0.0;34.461307;6942076
966;21:38:29.537;3.2;34.464802;6942648
967;21:38:29.710;3.2;34.466113;6943296
968;21:38:29.883;1.7;34.464882;6942648
969;21:38:30.057;1.5;34.464465;6942424
970;21:38:30.231;1.5;34.463929;6942604
971;21:38:30.403;1.3;34.463611;6942380
972;21:38:30.576;2.8;34.463988;6942616
973;21:38:30.748;1.4;34.461625;6942140
974;21:38:30.922;2.9;34.462578;6942492
975;21:38:31.095;2.9;34.465914;6943136
976;21:38:31.268;2.9;34.463770;6942636
977;21:38:31.441;2.9;34.464465;6942564
978;21:38:31.615;1.5;34.461923;6942200
979;21:38:31.789;2.9;34.464266;6942524
980;21:38:31.961;0.0;34.465100;6942840
981;21:38:32.134;1.4;34.464465;6942712
982;21:38:32.306;2.9;34.465994;6942724
983;21:38:32.477;2.9;34.463710;6942412
984;21:38:32.650;3.0;34.460354;6942144
985;21:38:32.824;4.2;34.462380;6942292
986;21:38:32.996;2.9;34.464286;6942676
987;21:38:33.169;9.7;34.455887;6940688
988;21:38:33.344;0.0;34.455351;6941200
989;21:38:33.515;6.8;34.458667;6941236
990;21:38:33.687;4.2;34.458647;6941904
991;21:38:33.859;1.6;34.459223;6941656
992;21:38:34.034;4.4;34.458428;6941496
993;21:38:34.211;4.3;34.456621;6941132
994;21:38:34.386;3.2;34.457078;6941232
995;21:38:34.559;8.6;34.460037;6941820
996;21:38:34.733;7.4;34.459659;6941744
997;21:38:34.909;7.7;34.460811;6941976
998;21:38:35.083;5.8;34.461288;6942072
999;21:38:35.258;4.2;34.460195;6941852
1000;21:38:35.433;4.6;34.455986;6940988
1001;21:38:35.608;1.5;34.456760;6941160
1002;21:38:35.779;6.0;34.450744;6939948
1003;21:38:35.950;4.4;34.451379;6940076
1004;21:38:36.121;0.0;34.450704;6939940
1005;21:38:36.291;0.0;34.544466;6958828
1006;21:38:36.462;0.0;34.658621;6981824
1007;21:38:36.633;1.4;34.758599;7002720
1008;21:38:36.805;3.2;34.851547;7020720
1009;21:38:36.976;4.3;34.914889;7033724
1010;21:38:37.148;1.6;34.985102;7047592
1011;21:38:37.317;0.0;35.068876;7064384
1012;21:38:37.487;0.0;35.151261;7080928
1013;21:38:37.659;1.6;35.243693;7099684
1014;21:38:37.830;3.0;35.315315;7114112
1015;21:38:38.000;2.9;35.345576;7120140
1016;21:38:38.171;1.5;35.366664;7124456
1017;21:38:38.340;3.1;35.406695;7132780
1018;21:38:38.512;3.0;35.438366;7138476
1019;21:38:38.684;3.1;35.478297;7147204
1020;21:38:38.854;1.5;35.499305;7151176
1021;21:38:39.025;1.5;35.499762;7151096
1022;21:38:39.196;3.0;35.580896;7168020
1023;21:38:39.366;1.4;35.674142;7186396
1024;21:38:39.535;1.6;35.770227;7205684
1025;21:38:39.706;1.6;35.773940;7206500
1026;21:38:39.878;1.6;35.773940;7206500
1027;21:38:40.048;1.5;35.774059;7206376
1028;21:38:40.218;3.1;35.780989;7207920
1029;21:38:40.389;4.6;35.783074;7208340
1030;21:38:40.559;1.5;36.060291;7264292
1031;21:38:40.729;1.5;36.059655;7264056
1032;21:38:40.899;1.5;36.061422;7264412
1033;21:38:41.071;0.0;36.060390;7264056
1034;21:38:41.241;1.5;36.061641;7264456
1035;21:38:41.411;0.0;36.062971;7264428
1036;21:38:41.581;1.5;36.060767;7264280
1037;21:38:41.751;0.0;36.080564;7268268
1038;21:38:41.921;0.0;36.079829;7268120
1039;21:38:42.091;1.5;36.079313;7268016
1040;21:38:42.260;0.0;36.081815;7268520
1041;21:38:42.430;0.0;36.081815;7268520
1042;21:38:42.600;0.0;36.079313;7268016
1043;21:38:42.770;0.0;36.079313;7268016
1044;21:38:42.940;1.6;36.085012;7269392
1045;21:38:43.111;1.5;36.088050;7269776
1046;21:38:43.282;1.5;36.089996;7270020
1047;21:38:43.454;4.5;36.083979;7268956
1048;21:38:43.627;1.6;36.083344;7268828
1049;21:38:43.798;3.0;36.082848;7268580
1050;21:38:43.970;2.8;36.079849;7268040
1051;21:38:44.142;0.0;36.078797;7268156
1052;21:38:44.313;1.5;36.079055;7267964
1053;21:38:44.484;3.0;36.081061;7268612
1054;21:38:44.655;1.5;36.081398;7268436
1055;21:38:44.825;1.5;36.089083;7270132
1056;21:38:44.996;0.0;36.089678;7269956
1057;21:38:45.166;0.0;36.088467;7269840
1058;21:38:45.335;3.0;36.086978;7269560
1059;21:38:45.505;0.0;36.087216;7269608
1060;21:38:45.675;1.6;36.088427;7270104
1061;21:38:45.844;1.5;36.090691;7270308
1062;21:38:46.014;3.0;36.090909;7270056
1063;21:38:46.185;3.0;36.090254;7270472
1064;21:38:46.355;3.1;36.090711;7270016
1065;21:38:46.525;1.5;36.091386;7270152
1066;21:38:46.697;0.0;36.092538;7270532
1067;21:38:46.867;1.5;36.091584;7270192
1068;21:38:47.036;0.0;36.090036;7270028
1069;21:38:47.206;0.0;36.088924;7269952
1070;21:38:47.376;1.5;36.090790;7270180
1071;21:38:47.547;3.2;36.089539;7269928
1072;21:38:47.720;1.4;36.090949;7270612
1073;21:38:47.895;1.6;36.095814;7271192
1074;21:38:48.068;5.8;36.094523;7271364
1075;21:38:48.243;3.0;36.093669;7270908
1076;21:38:48.414;3.1;36.091386;7270708
1077;21:38:48.585;1.4;36.094007;7270828
1078;21:38:48.756;0.0;36.095079;7270896
1079;21:38:48.926;0.0;36.093808;7270788
1080;21:38:49.096;3.0;36.091902;7270820
1081;21:38:49.268;0.0;36.091783;7271040
1082;21:38:49.438;0.0;36.093034;7270780
1083;21:38:49.608;3.0;36.091227;7270416
1084;21:38:49.777;1.5;36.091743;7270944
1085;21:38:49.954;3.1;36.096191;7271268
1086;21:38:50.124;1.6;36.094940;7271164
1087;21:38:50.294;1.5;36.094801;7271136
1088;21:38:50.466;1.6;36.094762;7271128
1089;21:38:50.636;3.1;36.095953;7271480
1090;21:38:50.812;0.0;36.096648;7271392
1091;21:38:50.985;1.6;36.097323;7271904
1092;21:38:51.161;1.6;36.095516;7271280
1093;21:38:51.338;3.2;36.094245;7271024
1094;21:38:51.511;0.0;36.093193;7270812
1095;21:38:51.684;0.0;36.096628;7271504
1096;21:38:51.859;1.8;36.095595;7271148
1097;21:38:52.032;1.6;36.097065;7271852
1098;21:38:52.211;3.2;36.095695;7271368
1099;21:38:52.384;1.7;36.096946;7271568
1100;21:38:52.558;0.0;36.098713;7271796
1101;21:38:52.731;0.0;36.094900;7271968
1102;21:38:52.903;1.6;36.099686;7271988
1103;21:38:53.077;0.0;36.099170;7271884
1104;21:38:53.250;0.0;36.100480;7271980
1105;21:38:53.424;1.7;36.098495;7271880
1106;21:38:53.598;0.0;36.098375;7271856
1107;21:38:53.770;1.9;36.100361;7271788
1108;21:38:53.943;0.0;36.101334;7272304
1109;21:38:54.117;1.7;36.099150;7271864
1110;21:38:54.290;3.1;36.095973;7271372
1111;21:38:54.466;1.8;36.097522;7271388
1112;21:38:54.638;1.7;36.097025;7271584
1113;21:38:54.813;1.7;36.092756;7270944
1114;21:38:54.986;3.4;36.095417;7271416
1115;21:38:55.158;3.5;36.099606;7272104
1116;21:38:55.331;1.6;36.098971;7271828
1117;21:38:55.503;3.4;36.096469;7271472
1118;21:38:55.677;3.6;36.095556;7271288
1119;21:38:55.850;3.1;36.102307;7272648
1120;21:38:56.023;4.7;36.100341;7272224
1121;21:38:56.201;4.5;36.097343;7271488
1122;21:38:56.375;1.8;36.097482;7271676
1123;21:38:56.548;3.2;36.107887;7273772
1124;21:38:56.724;1.8;36.108681;7273932
1125;21:38:56.896;3.4;36.115412;7275288
1126;21:38:57.070;3.1;36.113943;7275260
1127;21:38:57.243;1.7;36.128855;7277996
1128;21:38:57.417;1.7;36.129014;7277728
1129;21:38:57.591;3.3;36.137711;7279780
1130;21:38:57.764;1.6;36.138088;7280004
1131;21:38:57.938;0.0;36.144720;7281580
1132;21:38:58.111;3.0;36.147024;7281924
1133;21:38:58.286;1.6;36.160824;7284436
1134;21:38:58.458;3.0;36.161281;7284232
1135;21:38:58.631;1.5;36.175577;7287260
1136;21:38:58.806;1.6;36.172202;7286728
1137;21:38:58.979;1.6;36.181375;7288428
1138;21:38:59.152;1.5;36.179032;7287944
1139;21:38:59.326;1.4;36.193011;7290920
1140;21:38:59.506;1.5;36.192694;7290860
1141;21:38:59.686;4.6;36.214198;7294892
1142;21:38:59.857;1.6;36.243844;7301160
1143;21:39:00.033;4.7;36.325712;7317652
1144;21:39:00.203;0.0;36.412604;7335156
1145;21:39:00.373;0.0;36.526660;7358132
1146;21:39:00.543;1.5;36.637340;7380220
1147;21:39:00.715;3.0;36.709300;7395168
1148;21:39:00.886;1.6;36.834892;7420224
1149;21:39:01.056;1.6;36.937649;7442940
1150;21:39:01.225;1.6;36.997537;7453344
1151;21:39:01.396;3.1;37.068186;7467220
1152;21:39:01.566;3.1;37.070688;7467280
1153;21:39:01.735;1.6;37.070410;7467668
1154;21:39:01.906;1.5;37.070549;7467940
1155;21:39:02.076;1.5;37.071581;7467904
1156;21:39:02.247;0.0;37.080120;7469624
1157;21:39:02.418;3.0;37.079842;7469568
1158;21:39:02.588;2.9;37.081966;7469996
1159;21:39:02.759;1.5;37.081073;7469668
1160;21:39:02.930;1.5;37.079246;7469448
1161;21:39:03.100;1.5;37.091239;7471864
1162;21:39:03.271;0.0;37.101465;7473924
1163;21:39:03.442;3.0;37.120647;7477640
1164;21:39:03.613;2.9;37.131151;7482188
1165;21:39:03.783;1.5;37.388551;7533772
1166;21:39:03.954;0.0;37.522006;7558344
1167;21:39:04.125;1.6;37.529412;7559540
1168;21:39:04.294;0.0;37.525501;7559344
1169;21:39:04.464;1.5;37.528420;7559888
1170;21:39:04.635;0.0;37.525302;7559564
1171;21:39:04.806;1.6;37.527665;7559780
1172;21:39:04.976;1.5;37.526295;7559504
1173;21:39:05.146;1.5;37.525262;7559000
1174;21:39:05.316;1.5;37.524011;7559044
1175;21:39:05.486;1.5;37.522244;7558540
1176;21:39:05.656;0.0;37.522760;7559036
1177;21:39:05.826;0.0;37.524607;7559164
1178;21:39:05.996;1.6;37.532311;7560272
1179;21:39:06.166;1.5;37.526930;7559900
1180;21:39:06.336;3.0;37.531954;7560644
1181;21:39:06.513;1.5;37.531636;7560432
1182;21:39:06.684;4.3;37.533006;7560708
1183;21:39:06.861;1.5;37.532192;7560692
1184;21:39:07.039;1.5;37.532192;7560692
1185;21:39:07.216;1.5;37.535826;7561424
1186;21:39:07.395;3.2;37.538407;7561944
1187;21:39:07.569;0.0;37.538487;7561828
1188;21:39:07.739;1.6;37.542140;7562696
1189;21:39:07.909;2.9;37.540472;7562360
1190;21:39:08.082;1.5;37.536620;7561584
1191;21:39:08.260;6.3;37.457472;7545420
Build Completed
