ID; Time; Network interface; TBPS; RBPS
1;16:17:47.032;enp0s25;0;1150
2;16:17:48.042;enp0s25;0;568
3;16:17:49.049;enp0s25;4301;8849
4;16:17:50.065;enp0s25;59815;1804068
5;16:17:51.072;enp0s25;2126;11780
6;16:17:52.080;enp0s25;25051;883996
7;16:17:53.087;enp0s25;152040;7166872
8;16:17:54.095;enp0s25;153014;7163570
9;16:17:55.109;enp0s25;150150;7048074
10;16:17:56.117;enp0s25;129092;7163576
11;16:17:57.125;enp0s25;152390;7166478
12;16:17:58.133;enp0s25;151270;7165024
13;16:17:59.142;enp0s25;7770;377624
14;16:18:00.150;enp0s25;0;64
15;16:18:01.157;enp0s25;0;0
16;16:18:02.164;enp0s25;0;64
17;16:18:03.170;enp0s25;0;0
18;16:18:04.177;enp0s25;0;64
19;16:18:05.183;enp0s25;64;2712
20;16:18:06.193;enp0s25;0;2540
21;16:18:07.203;enp0s25;0;760
22;16:18:08.210;enp0s25;0;1688
23;16:18:09.217;enp0s25;0;504
24;16:18:10.224;enp0s25;0;192
25;16:18:11.231;enp0s25;0;1150
26;16:18:12.238;enp0s25;1907;6480
27;16:18:13.246;enp0s25;0;0
28;16:18:14.260;enp0s25;0;64
29;16:18:15.268;enp0s25;0;0
30;16:18:16.282;enp0s25;64;128
31;16:18:17.298;enp0s25;0;64
32;16:18:18.312;enp0s25;0;504
33;16:18:19.321;enp0s25;0;64
34;16:18:20.327;enp0s25;0;2442
35;16:18:21.335;enp0s25;844;5758
36;16:18:22.342;enp0s25;0;0
37;16:18:23.348;enp0s25;0;898
38;16:18:24.355;enp0s25;0;466
39;16:18:25.363;enp0s25;6151;142832
40;16:18:26.378;enp0s25;48291;1637165
41;16:18:27.390;enp0s25;140460;6024042
42;16:18:28.398;enp0s25;138220;6192342
43;16:18:29.411;enp0s25;145212;7026886
44;16:18:30.421;enp0s25;152250;7163442
45;16:18:31.428;enp0s25;138116;7160470
46;16:18:32.436;enp0s25;133239;6192635
47;16:18:33.444;enp0s25;141948;6763220
48;16:18:34.456;enp0s25;150220;7013160
49;16:18:35.465;enp0s25;130966;6356763
50;16:18:36.472;enp0s25;139081;6399644
51;16:18:37.480;enp0s25;118370;5551390
52;16:18:38.488;enp0s25;87873;4607765
53;16:18:39.503;enp0s25;56776;2566389
54;16:18:40.517;enp0s25;32171;777453
55;16:18:41.531;enp0s25;48268;1571921
56;16:18:42.542;enp0s25;47683;1664193
57;16:18:43.551;enp0s25;109004;4214381
58;16:18:44.558;enp0s25;0;0
59;16:18:45.565;enp0s25;0;316
60;16:18:46.572;enp0s25;0;0
61;16:18:47.578;enp0s25;0;64
62;16:18:48.586;enp0s25;0;0
63;16:18:49.593;enp0s25;64;128
64;16:18:50.600;enp0s25;0;0
65;16:18:51.607;enp0s25;0;64
66;16:18:52.614;enp0s25;0;0
67;16:18:53.624;enp0s25;0;64
68;16:18:54.634;enp0s25;0;0
69;16:18:55.642;enp0s25;0;64
70;16:18:56.649;enp0s25;0;0
71;16:18:57.657;enp0s25;0;64
72;16:18:58.664;enp0s25;0;0
73;16:18:59.671;enp0s25;0;530
74;16:19:00.678;enp0s25;64;64
75;16:19:01.685;enp0s25;0;64
76;16:19:02.691;enp0s25;127901;4201208
77;16:19:03.698;enp0s25;70;134
78;16:19:04.709;enp0s25;0;0
79;16:19:05.716;enp0s25;0;64
80;16:19:06.724;enp0s25;0;107
81;16:19:07.731;enp0s25;0;171
82;16:19:08.738;enp0s25;0;0
83;16:19:09.744;enp0s25;0;64
84;16:19:10.751;enp0s25;4285;85001
85;16:19:11.761;enp0s25;9928;430431
86;16:19:12.771;enp0s25;5212;181790
87;16:19:13.783;enp0s25;2612;83603
88;16:19:14.790;enp0s25;3892;168290
89;16:19:15.804;enp0s25;9632;356209
90;16:19:16.819;enp0s25;21788;795990
91;16:19:17.829;enp0s25;2678;86261
92;16:19:18.843;enp0s25;0;0
93;16:19:19.855;enp0s25;20892;844327
94;16:19:20.872;enp0s25;0;1008
95;16:19:21.885;enp0s25;11602;448226
96;16:19:22.894;enp0s25;12786;413380
97;16:19:23.911;enp0s25;0;274
98;16:19:24.931;enp0s25;13034;415801
99;16:19:25.941;enp0s25;26992;1036309
100;16:19:26.952;enp0s25;26118;1010901
101;16:19:27.962;enp0s25;30370;1224152
102;16:19:28.974;enp0s25;14712;658255
103;16:19:29.990;enp0s25;5732;174899
104;16:19:30.999;enp0s25;20934;729122
105;16:19:32.010;enp0s25;26030;1048536
106;16:19:33.023;enp0s25;27130;1255340
107;16:19:34.032;enp0s25;24932;1237968
108;16:19:35.043;enp0s25;16316;482503
109;16:19:36.054;enp0s25;41528;1945386
110;16:19:37.066;enp0s25;25410;1034633
111;16:19:38.074;enp0s25;26510;1093086
112;16:19:39.081;enp0s25;10124;479880
113;16:19:40.095;enp0s25;6394;247190
114;16:19:41.106;enp0s25;26062;990062
115;16:19:42.114;enp0s25;2328;43928
116;16:19:43.126;enp0s25;3910;80578
117;16:19:44.136;enp0s25;8036;146986
118;16:19:45.150;enp0s25;3252;91308
119;16:19:46.166;enp0s25;6494;157216
120;16:19:47.174;enp0s25;7446;227619
121;16:19:48.184;enp0s25;17116;725961
122;16:19:49.194;enp0s25;824;17121
123;16:19:50.207;enp0s25;13098;459916
124;16:19:51.216;enp0s25;15678;517183
125;16:19:52.225;enp0s25;3294;51744
126;16:19:53.236;enp0s25;13848;440348
127;16:19:54.246;enp0s25;4288;135939
128;16:19:55.257;enp0s25;3268;43472
129;16:19:56.268;enp0s25;16540;534123
130;16:19:57.281;enp0s25;8104;215753
131;16:19:58.296;enp0s25;19472;917304
132;16:19:59.306;enp0s25;8366;261948
133;16:20:00.322;enp0s25;9012;337495
134;16:20:01.330;enp0s25;2724;64892
135;16:20:02.342;enp0s25;6064;171894
136;16:20:03.355;enp0s25;14876;392804
137;16:20:04.363;enp0s25;5994;209293
138;16:20:05.373;enp0s25;26682;1099844
139;16:20:06.389;enp0s25;10554;398402
140;16:20:07.402;enp0s25;15110;472590
141;16:20:08.412;enp0s25;8158;302169
142;16:20:09.421;enp0s25;11434;269040
143;16:20:10.429;enp0s25;12706;334693
144;16:20:11.439;enp0s25;37296;1686623
145;16:20:12.449;enp0s25;11910;534184
146;16:20:13.457;enp0s25;17624;511606
147;16:20:14.464;enp0s25;7834;206036
148;16:20:15.481;enp0s25;21964;862786
149;16:20:16.493;enp0s25;16160;412540
150;16:20:17.504;enp0s25;14240;311495
151;16:20:18.514;enp0s25;20374;647225
152;16:20:19.522;enp0s25;11786;217942
153;16:20:20.531;enp0s25;15004;355494
154;16:20:21.543;enp0s25;6154;108192
155;16:20:22.555;enp0s25;8936;174366
156;16:20:23.566;enp0s25;7642;230071
157;16:20:24.580;enp0s25;15388;554070
158;16:20:25.594;enp0s25;12374;420646
159;16:20:26.603;enp0s25;7594;149273
160;16:20:27.611;enp0s25;12352;248507
161;16:20:28.621;enp0s25;2458;27900
162;16:20:29.632;enp0s25;3486;55392
163;16:20:30.640;enp0s25;6304;66395
164;16:20:31.647;enp0s25;5396;177948
165;16:20:32.661;enp0s25;22086;1073596
166;16:20:33.674;enp0s25;28768;1169492
167;16:20:34.683;enp0s25;49764;2342265
168;16:20:35.692;enp0s25;25108;1087755
169;16:20:36.703;enp0s25;53060;2505724
170;16:20:37.711;enp0s25;18782;675039
171;16:20:38.723;enp0s25;3182;64587
172;16:20:39.737;enp0s25;10498;284740
173;16:20:40.747;enp0s25;9544;176794
174;16:20:41.758;enp0s25;15830;402203
175;16:20:42.767;enp0s25;19406;572018
176;16:20:43.775;enp0s25;22590;785532
177;16:20:44.787;enp0s25;9160;177723
178;16:20:45.801;enp0s25;10266;186018
179;16:20:46.814;enp0s25;3468;83518
180;16:20:47.824;enp0s25;12646;264459
181;16:20:48.831;enp0s25;19064;599558
182;16:20:49.841;enp0s25;17184;491234
183;16:20:50.850;enp0s25;65358;3205814
184;16:20:51.862;enp0s25;2140;81372
185;16:20:52.934;enp0s25;49516;2474230
186;16:20:53.954;enp0s25;20976;947425
187;16:20:54.966;enp0s25;11322;346361
188;16:20:55.979;enp0s25;14972;368978
189;16:20:56.990;enp0s25;8694;204199
190;16:20:58.001;enp0s25;43728;1957307
191;16:20:59.012;enp0s25;14108;303805
192;16:21:00.021;enp0s25;15314;394054
193;16:21:01.028;enp0s25;6650;124641
194;16:21:02.035;enp0s25;23778;826014
195;16:21:03.048;enp0s25;17129;471958
196;16:21:04.057;enp0s25;41976;1904182
197;16:21:05.065;enp0s25;97376;5202273
198;16:21:06.076;enp0s25;4786;112986
199;16:21:07.087;enp0s25;9046;134634
200;16:21:08.095;enp0s25;13540;308955
201;16:21:09.107;enp0s25;60072;2913643
202;16:21:10.115;enp0s25;13162;324592
203;16:21:11.122;enp0s25;0;107
204;16:21:12.129;enp0s25;10169;491
205;16:21:13.135;enp0s25;730;7625
206;16:21:14.142;enp0s25;0;64
207;16:21:15.149;enp0s25;0;0
208;16:21:16.156;enp0s25;0;64
209;16:21:17.163;enp0s25;0;0
210;16:21:18.171;enp0s25;0;64
211;16:21:19.178;enp0s25;0;0
212;16:21:20.185;enp0s25;0;64
213;16:21:21.192;enp0s25;0;0
214;16:21:22.199;enp0s25;0;64
215;16:21:23.207;enp0s25;64;64
216;16:21:24.214;enp0s25;0;64
217;16:21:25.221;enp0s25;0;0
218;16:21:26.228;enp0s25;0;64
219;16:21:27.235;enp0s25;0;0
220;16:21:28.242;enp0s25;0;64
221;16:21:29.249;enp0s25;0;0
222;16:21:30.256;enp0s25;0;64
223;16:21:31.263;enp0s25;2642;3845
224;16:21:32.269;enp0s25;186557;3711164
225;16:21:33.279;enp0s25;121453;7123487
226;16:21:34.286;enp0s25;108534;4839930
227;16:21:35.292;enp0s25;75549;2391061
228;16:21:36.299;enp0s25;66338;1138409
229;16:21:37.305;enp0s25;68712;1387813
230;16:21:38.312;enp0s25;62351;2529128
231;16:21:39.319;enp0s25;80165;1381109
232;16:21:40.325;enp0s25;38825;434053
233;16:21:41.332;enp0s25;32913;189474
234;16:21:42.339;enp0s25;54897;784107
235;16:21:43.345;enp0s25;29969;263551
236;16:21:44.352;enp0s25;57258;815844
237;16:21:45.359;enp0s25;65290;1247625
238;16:21:46.369;enp0s25;35263;1072591
239;16:21:47.381;enp0s25;73876;1214772
240;16:21:48.399;enp0s25;30827;275438
241;16:21:49.406;enp0s25;50275;1011563
242;16:21:50.413;enp0s25;30786;186930
243;16:21:51.419;enp0s25;32031;2141402
244;16:21:52.426;enp0s25;26132;357671
245;16:21:53.433;enp0s25;19929;41265
246;16:21:54.439;enp0s25;23278;91515
247;16:21:55.446;enp0s25;26255;481594
248;16:21:56.452;enp0s25;83269;1597163
249;16:21:57.460;enp0s25;69481;1389326
250;16:21:58.466;enp0s25;65578;1044356
251;16:21:59.473;enp0s25;37473;361168
252;16:22:00.480;enp0s25;35371;315309
253;16:22:01.487;enp0s25;55030;448661
254;16:22:02.495;enp0s25;38392;312879
255;16:22:03.504;enp0s25;27645;274280
256;16:22:04.521;enp0s25;57289;678100
257;16:22:05.528;enp0s25;60151;1011318
258;16:22:06.535;enp0s25;44813;977881
259;16:22:07.542;enp0s25;41563;920320
260;16:22:08.549;enp0s25;51867;784194
261;16:22:09.556;enp0s25;15234;108754
262;16:22:10.562;enp0s25;2768;99113
263;16:22:11.569;enp0s25;0;64
264;16:22:12.576;enp0s25;0;107
265;16:22:13.582;enp0s25;0;171
266;16:22:14.589;enp0s25;0;0
267;16:22:15.595;enp0s25;0;64
268;16:22:16.602;enp0s25;0;0
269;16:22:17.609;enp0s25;248;315
270;16:22:18.617;enp0s25;123486;3701803
271;16:22:19.625;enp0s25;164;128
272;16:22:20.632;enp0s25;1920;960
273;16:22:21.638;enp0s25;90764;1807420
274;16:22:22.645;enp0s25;30944;543818
275;16:22:23.651;enp0s25;8096;136814
276;16:22:24.658;enp0s25;24282;141489
277;16:22:25.665;enp0s25;69200;1248630
278;16:22:26.676;enp0s25;1920;960
279;16:22:27.682;enp0s25;19367;396561
280;16:22:28.690;enp0s25;156122;4366775
281;16:22:29.697;enp0s25;117132;2457414
282;16:22:30.711;enp0s25;113078;2540980
283;16:22:31.728;enp0s25;6664;158580
284;16:22:32.742;enp0s25;844;8986
285;16:22:33.751;enp0s25;79126;2061735
286;16:22:34.762;enp0s25;6527;62656
287;16:22:35.769;enp0s25;20940;300538
288;16:22:36.776;enp0s25;145549;3307879
289;16:22:37.783;enp0s25;256;8344
290;16:22:38.789;enp0s25;0;0
291;16:22:40.320;enp0s25;37691;452245
292;16:22:41.336;enp0s25;73284;1822708
293;16:22:42.346;enp0s25;109048;2535669
294;16:22:43.353;enp0s25;19400;375818
295;16:22:44.367;enp0s25;20192;375486
296;16:22:45.379;enp0s25;39556;841446
297;16:22:46.390;enp0s25;17056;244272
298;16:22:47.398;enp0s25;37760;867968
299;16:22:48.407;enp0s25;52594;664283
300;16:22:49.414;enp0s25;150151;2681820
301;16:22:50.421;enp0s25;15566;366684
302;16:22:51.428;enp0s25;64;128
303;16:22:52.434;enp0s25;0;0
304;16:22:53.441;enp0s25;3534;4300
305;16:22:54.448;enp0s25;0;128
306;16:22:55.454;enp0s25;0;64
307;16:22:56.461;enp0s25;0;0
308;16:22:57.468;enp0s25;0;64
309;16:22:58.475;enp0s25;0;0
310;16:22:59.482;enp0s25;0;64
311;16:23:00.488;enp0s25;0;0
312;16:23:01.495;enp0s25;0;64
313;16:23:02.502;enp0s25;64;64
314;16:23:03.516;enp0s25;0;64
315;16:23:04.524;enp0s25;0;0
316;16:23:05.532;enp0s25;0;64
317;16:23:06.539;enp0s25;0;0
318;16:23:07.546;enp0s25;0;64
319;16:23:08.552;enp0s25;0;0
320;16:23:09.559;enp0s25;0;64
321;16:23:10.566;enp0s25;0;0
322;16:23:11.572;enp0s25;0;64
323;16:23:12.579;enp0s25;0;0
324;16:23:13.585;enp0s25;64;128
325;16:23:14.592;enp0s25;0;107
326;16:23:15.598;enp0s25;0;171
327;16:23:16.605;enp0s25;0;0
328;16:23:17.612;enp0s25;0;64
329;16:23:18.618;enp0s25;0;0
330;16:23:19.625;enp0s25;0;64
331;16:23:20.632;enp0s25;0;0
332;16:23:21.639;enp0s25;0;64
333;16:23:22.646;enp0s25;0;0
334;16:23:23.655;enp0s25;11417;224749
335;16:23:24.662;enp0s25;7553;25442
336;16:23:25.669;enp0s25;19871;444974
337;16:23:26.676;enp0s25;12661;279565
338;16:23:27.682;enp0s25;0;64
339;16:23:28.689;enp0s25;0;0
340;16:23:29.696;enp0s25;0;64
341;16:23:30.702;enp0s25;0;0
342;16:23:31.709;enp0s25;0;64
343;16:23:32.716;enp0s25;0;0
344;16:23:33.722;enp0s25;0;64
345;16:23:34.729;enp0s25;0;0
346;16:23:35.736;enp0s25;204;299
347;16:23:36.743;enp0s25;17018;398961
348;16:23:37.750;enp0s25;41252;1596619
349;16:23:38.757;enp0s25;48954;1922349
350;16:23:39.764;enp0s25;36554;1387643
351;16:23:40.771;enp0s25;0;0
352;16:23:41.782;enp0s25;0;64
353;16:23:42.791;enp0s25;0;0
354;16:23:43.798;enp0s25;0;64
355;16:23:44.805;enp0s25;0;0
356;16:23:45.814;enp0s25;0;171
357;16:23:46.822;enp0s25;64;171
358;16:23:47.829;enp0s25;0;64
359;16:23:48.835;enp0s25;0;0
360;16:23:49.842;enp0s25;0;64
361;16:23:50.849;enp0s25;0;0
362;16:23:51.855;enp0s25;0;64
363;16:23:52.862;enp0s25;19062;478922
364;16:23:53.872;enp0s25;23424;888441
365;16:23:54.880;enp0s25;0;0
366;16:23:55.887;enp0s25;0;64
367;16:23:56.893;enp0s25;0;0
368;16:23:57.900;enp0s25;64;128
369;16:23:58.908;enp0s25;8766;228452
370;16:23:59.917;enp0s25;149048;6204095
371;16:24:00.925;enp0s25;0;0
372;16:24:01.932;enp0s25;0;64
373;16:24:02.938;enp0s25;0;0
374;16:24:03.945;enp0s25;197;219
375;16:24:04.960;enp0s25;8230;180578
376;16:24:05.973;enp0s25;4900;145699
377;16:24:06.982;enp0s25;0;0
378;16:24:07.988;enp0s25;0;64
379;16:24:08.995;enp0s25;64;64
380;16:24:10.005;enp0s25;0;456
381;16:24:11.015;enp0s25;0;0
382;16:24:12.022;enp0s25;0;64
383;16:24:13.030;enp0s25;2400;6997
384;16:24:14.040;enp0s25;19851;275338
385;16:24:15.048;enp0s25;17358;288968
386;16:24:16.054;enp0s25;18065;501490
387;16:24:17.061;enp0s25;13891;172847
388;16:24:18.068;enp0s25;108627;2628832
389;16:24:19.074;enp0s25;105234;3649713
390;16:24:20.081;enp0s25;71652;1607765
391;16:24:21.090;enp0s25;51905;1351434
392;16:24:22.097;enp0s25;11881;291094
393;16:24:23.103;enp0s25;0;0
394;16:24:24.110;enp0s25;1940;4834
395;16:24:25.116;enp0s25;15417;152789
396;16:24:26.123;enp0s25;64614;1499461
397;16:24:27.130;enp0s25;2563;5479
398;16:24:28.137;enp0s25;3326;51742
399;16:24:29.144;enp0s25;12742;177992
400;16:24:30.157;enp0s25;25807;732922
401;16:24:31.164;enp0s25;37893;1141364
402;16:24:32.170;enp0s25;32290;1156076
403;16:24:33.178;enp0s25;138880;5637332
404;16:24:34.185;enp0s25;8954;181895
405;16:24:35.195;enp0s25;124938;5033116
406;16:24:36.203;enp0s25;16400;507699
407;16:24:37.211;enp0s25;10041;264929
408;16:24:38.217;enp0s25;0;64
409;16:24:39.224;enp0s25;0;0
410;16:24:40.230;enp0s25;0;64
411;16:24:41.237;enp0s25;0;0
412;16:24:42.244;enp0s25;64;128
413;16:24:43.251;enp0s25;0;0
414;16:24:44.258;enp0s25;420;539
415;16:24:45.264;enp0s25;0;0
416;16:24:46.271;enp0s25;0;64
417;16:24:47.279;enp0s25;0;0
418;16:24:48.291;enp0s25;4301;9405
419;16:24:49.306;enp0s25;58091;1814489
420;16:24:50.313;enp0s25;0;0
421;16:24:51.320;enp0s25;67437;3001536
422;16:24:52.335;enp0s25;148346;7161988
423;16:24:53.345;enp0s25;143920;6743020
424;16:24:54.353;enp0s25;152320;7157370
425;16:24:55.361;enp0s25;122940;7163576
426;16:24:56.370;enp0s25;152460;7163442
427;16:24:57.377;enp0s25;120540;5780250
428;16:24:58.385;enp0s25;0;0
429;16:24:59.392;enp0s25;0;64
430;16:25:00.398;enp0s25;0;0
431;16:25:01.405;enp0s25;0;64
432;16:25:02.412;enp0s25;0;0
433;16:25:03.419;enp0s25;64;128
434;16:25:04.425;enp0s25;0;0
435;16:25:05.432;enp0s25;0;64
436;16:25:06.439;enp0s25;0;0
437;16:25:07.446;enp0s25;0;64
438;16:25:08.453;enp0s25;0;0
439;16:25:09.471;enp0s25;0;64
440;16:25:10.487;enp0s25;0;0
441;16:25:11.496;enp0s25;0;64
442;16:25:12.503;enp0s25;0;0
443;16:25:13.510;enp0s25;0;64
444;16:25:14.517;enp0s25;64;64
445;16:25:15.524;enp0s25;0;64
446;16:25:16.531;enp0s25;844;4164
447;16:25:17.537;enp0s25;0;64
448;16:25:18.544;enp0s25;0;0
449;16:25:19.551;enp0s25;296;336
450;16:25:20.560;enp0s25;109287;4740639
451;16:25:21.572;enp0s25;122572;7163506
452;16:25:22.581;enp0s25;153650;7151298
453;16:25:23.589;enp0s25;152670;7092160
454;16:25:24.597;enp0s25;123254;6210138
455;16:25:25.607;enp0s25;146533;6812107
456;16:25:26.615;enp0s25;152110;7155852
457;16:25:27.630;enp0s25;152390;7160470
458;16:25:28.638;enp0s25;144628;6978246
459;16:25:29.647;enp0s25;144879;6476301
460;16:25:30.654;enp0s25;108780;5105034
461;16:25:31.662;enp0s25;153415;7155916
462;16:25:32.670;enp0s25;89807;3026093
463;16:25:33.677;enp0s25;98046;3733834
464;16:25:34.691;enp0s25;79488;3042351
465;16:25:35.700;enp0s25;0;64
466;16:25:36.706;enp0s25;64;64
467;16:25:37.713;enp0s25;0;64
468;16:25:38.720;enp0s25;0;0
469;16:25:39.727;enp0s25;0;64
470;16:25:40.734;enp0s25;0;0
471;16:25:41.741;enp0s25;0;64
472;16:25:42.749;enp0s25;0;0
473;16:25:43.756;enp0s25;0;64
474;16:25:44.768;enp0s25;0;0
475;16:25:45.774;enp0s25;0;64
476;16:25:46.782;enp0s25;0;0
477;16:25:47.789;enp0s25;64;128
478;16:25:48.796;enp0s25;0;0
479;16:25:49.803;enp0s25;0;171
480;16:25:50.810;enp0s25;0;107
481;16:25:51.816;enp0s25;0;64
482;16:25:52.823;enp0s25;75661;1984246
483;16:25:53.830;enp0s25;50068;2185218
484;16:25:54.837;enp0s25;0;0
485;16:25:55.843;enp0s25;0;64
486;16:25:56.850;enp0s25;0;0
487;16:25:57.857;enp0s25;0;64
488;16:25:58.864;enp0s25;64;64
489;16:25:59.870;enp0s25;0;64
490;16:26:00.877;enp0s25;20123;739133
491;16:26:01.885;enp0s25;12376;471438
492;16:26:02.900;enp0s25;5154;203332
493;16:26:03.911;enp0s25;1644;55410
494;16:26:04.927;enp0s25;23476;812082
495;16:26:05.936;enp0s25;26606;1123123
496;16:26:06.947;enp0s25;20758;689148
497;16:26:07.960;enp0s25;25612;933664
498;16:26:08.973;enp0s25;25834;1026126
499;16:26:09.984;enp0s25;26172;934961
500;16:26:10.993;enp0s25;30046;1300821
501;16:26:12.000;enp0s25;1834;22322
502;16:26:13.009;enp0s25;21260;807036
503;16:26:14.018;enp0s25;24394;1005666
504;16:26:15.026;enp0s25;36384;1713776
505;16:26:16.039;enp0s25;30326;1256172
506;16:26:17.049;enp0s25;44100;1986612
507;16:26:18.060;enp0s25;0;64
508;16:26:19.075;enp0s25;19438;832664
509;16:26:20.085;enp0s25;26914;1076307
510;16:26:21.096;enp0s25;23688;970370
511;16:26:22.107;enp0s25;25078;958719
512;16:26:23.119;enp0s25;772;16923
513;16:26:24.131;enp0s25;6222;123607
514;16:26:25.144;enp0s25;14964;338788
515;16:26:26.153;enp0s25;8464;239664
516;16:26:27.168;enp0s25;17628;725644
517;16:26:28.182;enp0s25;2802;60676
518;16:26:29.195;enp0s25;1858;58555
519;16:26:30.213;enp0s25;21594;805937
520;16:26:31.220;enp0s25;3840;73881
521;16:26:32.230;enp0s25;2760;45706
522;16:26:33.241;enp0s25;19162;594660
523;16:26:34.255;enp0s25;17938;555233
524;16:26:35.266;enp0s25;29830;1176803
525;16:26:36.278;enp0s25;17062;519052
526;16:26:37.288;enp0s25;11872;317860
527;16:26:38.298;enp0s25;6928;252346
528;16:26:39.307;enp0s25;27508;1141026
529;16:26:40.317;enp0s25;21340;712391
530;16:26:41.329;enp0s25;20064;667736
531;16:26:42.346;enp0s25;8986;236265
532;16:26:43.363;enp0s25;7908;175263
533;16:26:44.374;enp0s25;15918;465373
534;16:26:45.383;enp0s25;43302;1995687
535;16:26:46.396;enp0s25;17994;541829
536;16:26:47.405;enp0s25;3018;82302
537;16:26:48.419;enp0s25;21458;803656
538;16:26:49.428;enp0s25;15704;429011
539;16:26:50.436;enp0s25;10250;240959
540;16:26:51.446;enp0s25;12656;332245
541;16:26:52.454;enp0s25;15612;514611
542;16:26:53.470;enp0s25;5390;123339
543;16:26:54.485;enp0s25;14300;341764
544;16:26:55.504;enp0s25;9074;160416
545;16:26:56.515;enp0s25;2556;37119
546;16:26:57.524;enp0s25;15102;385404
547;16:26:58.532;enp0s25;16022;553696
548;16:26:59.546;enp0s25;17900;558881
549;16:27:00.562;enp0s25;2966;33041
550;16:27:01.573;enp0s25;12226;238422
551;16:27:02.581;enp0s25;10234;124600
552;16:27:03.592;enp0s25;30542;1273944
553;16:27:04.601;enp0s25;29510;1156332
554;16:27:05.609;enp0s25;18964;849069
555;16:27:06.621;enp0s25;13270;627207
556;16:27:07.630;enp0s25;29148;1346488
557;16:27:08.639;enp0s25;38736;1743420
558;16:27:09.649;enp0s25;42078;1901670
559;16:27:10.658;enp0s25;11610;304810
560;16:27:11.667;enp0s25;11934;322319
561;16:27:12.678;enp0s25;9580;159202
562;16:27:13.696;enp0s25;12670;358065
563;16:27:14.713;enp0s25;6748;200127
564;16:27:15.720;enp0s25;15184;470192
565;16:27:16.729;enp0s25;19774;640834
566;16:27:17.740;enp0s25;12056;210762
567;16:27:18.755;enp0s25;9432;193767
568;16:27:19.762;enp0s25;4458;62431
569;16:27:20.771;enp0s25;15470;473860
570;16:27:21.784;enp0s25;16066;405637
571;16:27:22.797;enp0s25;21864;788696
572;16:27:23.806;enp0s25;21354;1026104
573;16:27:24.814;enp0s25;21540;1044862
574;16:27:25.821;enp0s25;67086;3306615
575;16:27:26.836;enp0s25;21178;955201
576;16:27:27.851;enp0s25;8040;282592
577;16:27:28.860;enp0s25;15022;401187
578;16:27:29.870;enp0s25;3036;33653
579;16:27:30.881;enp0s25;3702;108566
580;16:27:31.889;enp0s25;44654;1964797
581;16:27:32.895;enp0s25;3998;110015
582;16:27:33.904;enp0s25;14180;312916
583;16:27:34.912;enp0s25;15176;390271
584;16:27:35.922;enp0s25;4460;85833
585;16:27:36.936;enp0s25;676;10007
586;16:27:37.945;enp0s25;11058;322705
587;16:27:38.958;enp0s25;11544;476712
588;16:27:39.969;enp0s25;11309;188076
589;16:27:40.981;enp0s25;32822;1362037
590;16:27:41.992;enp0s25;114370;6119174
591;16:27:42.999;enp0s25;8636;168206
592;16:27:44.006;enp0s25;7264;144470
593;16:27:45.016;enp0s25;13438;329193
594;16:27:46.023;enp0s25;36948;1858951
595;16:27:47.038;enp0s25;26706;1106103
596;16:27:48.048;enp0s25;7252;188036
597;16:27:49.056;enp0s25;64;64
598;16:27:50.063;enp0s25;10169;4439
599;16:27:51.069;enp0s25;602;3477
600;16:27:52.076;enp0s25;0;64
601;16:27:53.082;enp0s25;0;0
602;16:27:54.090;enp0s25;0;171
603;16:27:55.097;enp0s25;0;107
604;16:27:56.104;enp0s25;0;64
605;16:27:57.115;enp0s25;0;0
606;16:27:58.122;enp0s25;0;64
607;16:27:59.129;enp0s25;0;0
608;16:28:00.136;enp0s25;64;128
609;16:28:01.143;enp0s25;0;0
610;16:28:02.149;enp0s25;0;64
611;16:28:03.157;enp0s25;0;0
612;16:28:04.164;enp0s25;0;64
613;16:28:05.171;enp0s25;0;0
614;16:28:06.178;enp0s25;0;64
615;16:28:07.185;enp0s25;0;0
616;16:28:08.193;enp0s25;0;64
617;16:28:09.200;enp0s25;83289;1354394
618;16:28:10.208;enp0s25;143284;4341149
619;16:28:11.215;enp0s25;85288;7160531
620;16:28:12.221;enp0s25;105170;3253265
621;16:28:13.229;enp0s25;94000;2222760
622;16:28:14.236;enp0s25;76753;1030973
623;16:28:15.243;enp0s25;106061;3608728
624;16:28:16.250;enp0s25;56122;801739
625;16:28:17.257;enp0s25;48394;914337
626;16:28:18.264;enp0s25;28257;319987
627;16:28:19.271;enp0s25;63791;753295
628;16:28:20.278;enp0s25;30278;258853
629;16:28:21.285;enp0s25;55263;749669
630;16:28:22.292;enp0s25;47545;503499
631;16:28:23.306;enp0s25;53728;1112074
632;16:28:24.315;enp0s25;63942;1501881
633;16:28:25.322;enp0s25;48962;766402
634;16:28:26.329;enp0s25;41721;484304
635;16:28:27.336;enp0s25;54325;825482
636;16:28:28.343;enp0s25;22660;293042
637;16:28:29.351;enp0s25;23247;2082943
638;16:28:30.358;enp0s25;36193;231507
639;16:28:31.365;enp0s25;29191;116422
640;16:28:32.372;enp0s25;23547;506714
641;16:28:33.379;enp0s25;88255;1857950
642;16:28:34.386;enp0s25;48264;1122987
643;16:28:35.393;enp0s25;55553;914545
644;16:28:36.402;enp0s25;45188;426681
645;16:28:37.410;enp0s25;37763;306102
646;16:28:38.418;enp0s25;26629;239696
647;16:28:39.425;enp0s25;16876;137359
648;16:28:40.432;enp0s25;52608;436981
649;16:28:41.439;enp0s25;37567;292585
650;16:28:42.445;enp0s25;36047;623206
651;16:28:43.453;enp0s25;46726;1450611
652;16:28:44.459;enp0s25;47935;680944
653;16:28:45.466;enp0s25;63384;1388988
654;16:28:46.473;enp0s25;31367;245745
655;16:28:47.480;enp0s25;18025;195191
656;16:28:48.486;enp0s25;0;0
657;16:28:49.493;enp0s25;0;64
658;16:28:50.500;enp0s25;0;0
659;16:28:51.507;enp0s25;0;64
660;16:28:52.517;enp0s25;0;0
661;16:28:53.523;enp0s25;0;64
662;16:28:54.530;enp0s25;64;64
663;16:28:55.537;enp0s25;0;64
664;16:28:56.544;enp0s25;89460;2550065
665;16:28:57.557;enp0s25;34726;1109335
666;16:28:58.564;enp0s25;1920;960
667;16:28:59.571;enp0s25;91778;1827191
668;16:29:00.577;enp0s25;32358;554985
669;16:29:01.586;enp0s25;20013;188083
670;16:29:02.593;enp0s25;77711;1307408
671;16:29:03.600;enp0s25;0;64
672;16:29:04.608;enp0s25;3219;4184
673;16:29:05.621;enp0s25;62624;2114844
674;16:29:06.630;enp0s25;106580;2662601
675;16:29:07.642;enp0s25;7938;115951
676;16:29:08.655;enp0s25;217726;5114546
677;16:29:09.664;enp0s25;71852;1993168
678;16:29:10.670;enp0s25;23772;430798
679;16:29:11.678;enp0s25;80123;1685734
680;16:29:12.687;enp0s25;75692;1623919
681;16:29:13.694;enp0s25;0;64
682;16:29:14.701;enp0s25;1920;960
683;16:29:15.708;enp0s25;90251;1945680
684;16:29:16.717;enp0s25;11776;347464
685;16:29:17.731;enp0s25;87884;2050709
686;16:29:18.743;enp0s25;15642;361527
687;16:29:19.755;enp0s25;11606;263738
688;16:29:20.771;enp0s25;12880;271804
689;16:29:21.780;enp0s25;56704;1225773
690;16:29:22.791;enp0s25;7734;115894
691;16:29:23.803;enp0s25;41234;967668
692;16:29:24.813;enp0s25;0;0
693;16:29:25.820;enp0s25;81492;1182603
694;16:29:26.827;enp0s25;113907;2155778
695;16:29:27.839;enp0s25;12416;425796
696;16:29:28.849;enp0s25;0;0
697;16:29:29.856;enp0s25;0;64
698;16:29:30.863;enp0s25;3534;4364
699;16:29:31.878;enp0s25;0;64
700;16:29:32.887;enp0s25;0;0
701;16:29:33.894;enp0s25;0;64
702;16:29:34.901;enp0s25;0;0
703;16:29:35.907;enp0s25;0;64
704;16:29:36.914;enp0s25;0;0
705;16:29:37.920;enp0s25;0;64
706;16:29:38.927;enp0s25;64;64
707;16:29:39.933;enp0s25;0;64
708;16:29:40.940;enp0s25;0;0
709;16:29:41.947;enp0s25;0;64
710;16:29:42.959;enp0s25;0;0
711;16:29:43.965;enp0s25;0;64
712;16:29:44.972;enp0s25;0;0
713;16:29:45.978;enp0s25;0;64
714;16:29:46.985;enp0s25;0;210
715;16:29:47.992;enp0s25;0;274
716;16:29:48.998;enp0s25;0;0
717;16:29:50.005;enp0s25;64;128
718;16:29:51.011;enp0s25;0;210
719;16:29:52.018;enp0s25;0;64
720;16:29:53.024;enp0s25;0;0
721;16:29:54.031;enp0s25;0;64
722;16:29:55.037;enp0s25;0;0
723;16:29:56.814;enp0s25;0;0
724;16:29:57.821;enp0s25;0;64
725;16:29:58.827;enp0s25;0;0
726;16:29:59.834;enp0s25;0;64
727;16:30:00.841;enp0s25;326;336
728;16:30:01.848;enp0s25;11211;223955
729;16:30:02.854;enp0s25;1661;2575
730;16:30:03.861;enp0s25;23744;412405
731;16:30:04.869;enp0s25;14439;331470
732;16:30:05.876;enp0s25;344;478
733;16:30:06.882;enp0s25;0;0
734;16:30:07.889;enp0s25;0;64
735;16:30:08.896;enp0s25;0;0
736;16:30:09.903;enp0s25;0;64
737;16:30:10.909;enp0s25;0;0
738;16:30:11.916;enp0s25;64;128
739;16:30:12.932;enp0s25;0;0
740;16:30:13.940;enp0s25;140;235
741;16:30:14.947;enp0s25;5100;75627
742;16:30:15.954;enp0s25;95593;2915709
743;16:30:16.961;enp0s25;69037;2137199
744;16:30:17.968;enp0s25;9240;230237
745;16:30:18.975;enp0s25;0;0
746;16:30:19.981;enp0s25;0;64
747;16:30:20.988;enp0s25;0;0
748;16:30:21.994;enp0s25;0;64
749;16:30:23.001;enp0s25;64;64
750;16:30:24.009;enp0s25;0;64
751;16:30:25.015;enp0s25;0;0
752;16:30:26.022;enp0s25;0;64
753;16:30:27.029;enp0s25;0;0
754;16:30:28.035;enp0s25;0;64
755;16:30:29.042;enp0s25;44534;1370271
756;16:30:30.049;enp0s25;64;128
757;16:30:31.057;enp0s25;0;0
758;16:30:32.064;enp0s25;0;64
759;16:30:33.071;enp0s25;0;0
760;16:30:34.078;enp0s25;64;128
761;16:30:35.084;enp0s25;0;0
762;16:30:36.091;enp0s25;0;64
763;16:30:37.098;enp0s25;51365;1933285
764;16:30:38.105;enp0s25;87552;4464467
765;16:30:39.113;enp0s25;0;0
766;16:30:40.119;enp0s25;0;274
767;16:30:41.126;enp0s25;0;210
768;16:30:42.133;enp0s25;5036;104448
769;16:30:43.143;enp0s25;8651;221632
770;16:30:44.150;enp0s25;0;274
771;16:30:45.158;enp0s25;64;64
772;16:30:46.165;enp0s25;0;64
773;16:30:47.172;enp0s25;0;0
774;16:30:48.178;enp0s25;0;64
775;16:30:49.185;enp0s25;0;0
776;16:30:50.192;enp0s25;1966;6723
777;16:30:51.199;enp0s25;19103;262720
778;16:30:52.206;enp0s25;19940;302049
779;16:30:53.212;enp0s25;17155;501356
780;16:30:54.219;enp0s25;14101;172803
781;16:30:55.225;enp0s25;97950;2529179
782;16:30:56.233;enp0s25;142690;4284695
783;16:30:57.241;enp0s25;58659;1613243
784;16:30:58.248;enp0s25;24740;773193
785;16:30:59.264;enp0s25;11233;119171
786;16:31:00.271;enp0s25;57636;1531384
787;16:31:01.282;enp0s25;9851;92721
788;16:31:02.292;enp0s25;17266;236634
789;16:31:03.300;enp0s25;2563;5543
790;16:31:04.307;enp0s25;5670;89044
791;16:31:05.314;enp0s25;14651;211675
792;16:31:06.320;enp0s25;24683;709071
793;16:31:07.327;enp0s25;34834;1093948
794;16:31:08.338;enp0s25;54970;2015580
795;16:31:09.345;enp0s25;125994;4777440
796;16:31:10.353;enp0s25;9024;181831
797;16:31:11.362;enp0s25;129160;5033151
798;16:31:12.370;enp0s25;16470;507564
799;16:31:13.378;enp0s25;10247;264993
800;16:31:14.384;enp0s25;0;0
801;16:31:15.391;enp0s25;0;64
802;16:31:16.397;enp0s25;0;0
803;16:31:17.404;enp0s25;0;64
804;16:31:18.410;enp0s25;64;64
805;16:31:19.418;enp0s25;0;64
806;16:31:20.425;enp0s25;420;475
807;16:31:21.437;enp0s25;0;64
808;16:31:22.452;enp0s25;0;0
809;16:31:23.462;enp0s25;0;64
810;16:31:24.469;enp0s25;5491;52119
811;16:31:25.479;enp0s25;59001;1770708
812;16:31:26.487;enp0s25;0;0
813;16:31:27.494;enp0s25;66157;2887686
814;16:31:28.510;enp0s25;143974;7172550
815;16:31:29.520;enp0s25;147694;6820502
816;16:31:30.528;enp0s25;153930;7163442
817;16:31:31.535;enp0s25;147580;7048208
818;16:31:32.543;enp0s25;153860;7164960
819;16:31:33.551;enp0s25;125650;5933568
820;16:31:34.558;enp0s25;0;0
821;16:31:35.573;enp0s25;0;64
822;16:31:36.582;enp0s25;0;0
823;16:31:37.589;enp0s25;0;64
824;16:31:38.599;enp0s25;0;0
825;16:31:39.606;enp0s25;0;64
826;16:31:40.612;enp0s25;64;64
827;16:31:41.619;enp0s25;0;1368
828;16:31:42.626;enp0s25;0;3888
829;16:31:43.633;enp0s25;0;1688
830;16:31:44.640;enp0s25;0;1150
831;16:31:45.647;enp0s25;0;64
832;16:31:46.653;enp0s25;0;504
833;16:31:47.668;enp0s25;0;1214
834;16:31:48.679;enp0s25;0;0
835;16:31:49.688;enp0s25;0;64
836;16:31:50.695;enp0s25;64;64
837;16:31:51.702;enp0s25;0;64
838;16:31:52.709;enp0s25;844;4164
839;16:31:53.716;enp0s25;0;458
840;16:31:54.723;enp0s25;0;0
841;16:31:55.729;enp0s25;0;64
842;16:31:56.736;enp0s25;61092;2123685
843;16:31:57.743;enp0s25;140784;7163506
844;16:31:58.751;enp0s25;152040;7081470
845;16:31:59.759;enp0s25;153790;7163506
846;16:32:00.767;enp0s25;151750;7166478
847;16:32:01.780;enp0s25;147513;6795409
848;16:32:02.788;enp0s25;153440;7164960
849;16:32:03.796;enp0s25;153580;7161988
850;16:32:04.803;enp0s25;149598;7128528
851;16:32:05.813;enp0s25;156919;7013603
852;16:32:06.822;enp0s25;115570;5384346
853;16:32:07.830;enp0s25;155725;7163506
854;16:32:08.839;enp0s25;89091;3122651
855;16:32:09.848;enp0s25;100070;3558130
856;16:32:10.858;enp0s25;92758;3889465
857;16:32:11.865;enp0s25;0;64
858;16:32:12.872;enp0s25;64;64
859;16:32:13.878;enp0s25;0;64
860;16:32:14.886;enp0s25;0;0
861;16:32:15.894;enp0s25;0;64
862;16:32:16.902;enp0s25;0;0
863;16:32:17.909;enp0s25;0;64
864;16:32:18.916;enp0s25;0;1644
865;16:32:19.923;enp0s25;0;3544
866;16:32:20.930;enp0s25;0;760
867;16:32:21.938;enp0s25;0;1214
868;16:32:22.944;enp0s25;0;504
869;16:32:23.951;enp0s25;64;128
870;16:32:24.959;enp0s25;0;1150
871;16:32:25.966;enp0s25;0;64
872;16:32:26.973;enp0s25;0;0
873;16:32:27.983;enp0s25;0;64
874;16:32:28.990;enp0s25;55571;1484824
875;16:32:30.001;enp0s25;68282;2684640
876;16:32:31.008;enp0s25;0;0
877;16:32:32.015;enp0s25;0;568
878;16:32:33.021;enp0s25;0;0
879;16:32:34.028;enp0s25;0;64
880;16:32:35.035;enp0s25;64;64
881;16:32:36.042;enp0s25;0;64
882;16:32:37.049;enp0s25;16417;612594
883;16:32:38.060;enp0s25;26906;1003488
884;16:32:39.069;enp0s25;24984;987003
885;16:32:40.077;enp0s25;28544;1063769
886;16:32:41.086;enp0s25;20716;657255
887;16:32:42.094;enp0s25;29682;1196859
888;16:32:43.105;enp0s25;28754;1051506
889;16:32:44.112;enp0s25;34488;1458030
890;16:32:45.121;enp0s25;18548;601113
891;16:32:46.131;enp0s25;26822;1029107
892;16:32:47.142;enp0s25;26154;1121959
893;16:32:48.157;enp0s25;40756;1998306
894;16:32:49.171;enp0s25;10048;310683
895;16:32:50.182;enp0s25;45020;2003662
896;16:32:51.191;enp0s25;192;8195
897;16:32:52.198;enp0s25;31716;1312102
898;16:32:53.205;enp0s25;18768;754283
899;16:32:54.217;enp0s25;19988;784177
900;16:32:55.230;enp0s25;15632;663834
901;16:32:56.237;enp0s25;6482;215815
902;16:32:57.251;enp0s25;6238;124380
903;16:32:58.261;enp0s25;15720;367420
904;16:32:59.270;enp0s25;2252;19005
905;16:33:00.283;enp0s25;6890;201084
906;16:33:01.293;enp0s25;19082;761024
907;16:33:02.305;enp0s25;10240;338103
908;16:33:03.316;enp0s25;8486;306286
909;16:33:04.327;enp0s25;17682;472978
910;16:33:05.342;enp0s25;16708;518280
911;16:33:06.350;enp0s25;18444;567701
912;16:33:07.362;enp0s25;33534;1355697
913;16:33:08.371;enp0s25;11992;372903
914;16:33:09.386;enp0s25;9954;318182
915;16:33:10.396;enp0s25;16876;516302
916;16:33:11.404;enp0s25;27450;1112294
917;16:33:12.412;enp0s25;24062;846560
918;16:33:13.420;enp0s25;11168;352057
919;16:33:14.435;enp0s25;11746;282135
920;16:33:15.448;enp0s25;19014;551669
921;16:33:16.456;enp0s25;15054;692201
922;16:33:17.466;enp0s25;38334;1607464
923;16:33:18.475;enp0s25;16238;441233
924;16:33:19.487;enp0s25;10706;406750
925;16:33:20.494;enp0s25;12962;444277
926;16:33:21.506;enp0s25;10304;318222
927;16:33:22.519;enp0s25;11412;221728
928;16:33:23.529;enp0s25;19232;559409
929;16:33:24.539;enp0s25;17306;464162
930;16:33:25.548;enp0s25;15892;380739
931;16:33:26.557;enp0s25;3090;49428
932;16:33:27.574;enp0s25;10328;177690
933;16:33:28.583;enp0s25;23096;782918
934;16:33:29.595;enp0s25;7148;249464
935;16:33:30.604;enp0s25;16526;412585
936;16:33:31.613;enp0s25;12480;212164
937;16:33:32.622;enp0s25;13938;319316
938;16:33:33.631;enp0s25;39822;1715668
939;16:33:34.642;enp0s25;11226;475695
940;16:33:35.652;enp0s25;50708;2341328
941;16:33:36.660;enp0s25;22386;954626
942;16:33:37.676;enp0s25;28416;1321092
943;16:33:38.687;enp0s25;43980;1978231
944;16:33:39.702;enp0s25;3896;58351
945;16:33:40.716;enp0s25;6136;124752
946;16:33:41.725;enp0s25;10062;265786
947;16:33:42.739;enp0s25;5872;110407
948;16:33:43.750;enp0s25;3014;36823
949;16:33:44.764;enp0s25;13970;373061
950;16:33:45.775;enp0s25;5506;186445
951;16:33:46.783;enp0s25;18630;576915
952;16:33:47.797;enp0s25;20952;681029
953;16:33:48.812;enp0s25;13252;229299
954;16:33:49.822;enp0s25;6778;136253
955;16:33:50.839;enp0s25;8718;162412
956;16:33:51.850;enp0s25;21632;698579
957;16:33:52.860;enp0s25;5474;121526
958;16:33:53.875;enp0s25;36596;1644125
959;16:33:54.883;enp0s25;8012;332865
960;16:33:55.897;enp0s25;32258;1646515
961;16:33:56.912;enp0s25;2332;100955
962;16:33:57.924;enp0s25;48754;2415557
963;16:33:58.939;enp0s25;20538;955074
964;16:33:59.954;enp0s25;10090;320888
965;16:34:00.967;enp0s25;15692;393135
966;16:34:01.980;enp0s25;23078;896974
967;16:34:02.988;enp0s25;33266;1341527
968;16:34:03.996;enp0s25;16398;441708
969;16:34:05.005;enp0s25;5182;127472
970;16:34:06.023;enp0s25;8528;137343
971;16:34:07.038;enp0s25;8036;234878
972;16:34:08.051;enp0s25;21681;690253
973;16:34:09.063;enp0s25;3020;30609
974;16:34:10.071;enp0s25;28354;1076650
975;16:34:11.079;enp0s25;120898;6252137
976;16:34:12.087;enp0s25;13366;397182
977;16:34:13.099;enp0s25;14908;334551
978;16:34:14.108;enp0s25;3476;51162
979;16:34:15.116;enp0s25;57568;2903163
980;16:34:16.123;enp0s25;13168;324732
981;16:34:17.130;enp0s25;0;0
982;16:34:18.137;enp0s25;10169;4439
983;16:34:19.144;enp0s25;602;3477
984;16:34:20.151;enp0s25;0;64
985;16:34:21.158;enp0s25;0;0
986;16:34:22.165;enp0s25;0;64
987;16:34:23.172;enp0s25;0;0
988;16:34:24.179;enp0s25;0;64
989;16:34:25.186;enp0s25;64;64
990;16:34:26.193;enp0s25;0;64
991;16:34:27.199;enp0s25;0;0
992;16:34:28.207;enp0s25;0;64
993;16:34:29.215;enp0s25;0;0
994;16:34:30.222;enp0s25;0;64
995;16:34:31.230;enp0s25;0;0
996;16:34:32.237;enp0s25;0;64
997;16:34:33.244;enp0s25;0;0
998;16:34:34.251;enp0s25;0;64
999;16:34:35.258;enp0s25;0;0
1000;16:34:36.265;enp0s25;64;128
1001;16:34:37.272;enp0s25;46990;423764
1002;16:34:38.280;enp0s25;121486;6215983
1003;16:34:39.287;enp0s25;138832;7169564
1004;16:34:40.303;enp0s25;70081;1669662
1005;16:34:41.311;enp0s25;134458;2895553
1006;16:34:42.319;enp0s25;47715;758950
1007;16:34:43.326;enp0s25;120345;3210307
1008;16:34:44.334;enp0s25;48474;896195
1009;16:34:45.341;enp0s25;69314;1304212
1010;16:34:46.348;enp0s25;44192;386907
1011;16:34:47.355;enp0s25;34586;527509
1012;16:34:48.362;enp0s25;53871;538366
1013;16:34:49.369;enp0s25;45676;729202
1014;16:34:50.376;enp0s25;30848;417436
1015;16:34:51.383;enp0s25;96478;2024375
1016;16:34:52.390;enp0s25;46803;798426
1017;16:34:53.398;enp0s25;47814;683101
1018;16:34:54.412;enp0s25;54760;1025225
1019;16:34:55.419;enp0s25;30290;224844
1020;16:34:56.427;enp0s25;34794;641185
1021;16:34:57.434;enp0s25;37391;1838423
1022;16:34:58.440;enp0s25;18227;114112
1023;16:34:59.448;enp0s25;12597;93317
1024;16:35:00.455;enp0s25;44851;466747
1025;16:35:01.462;enp0s25;39418;459376
1026;16:35:02.468;enp0s25;102746;2546081
1027;16:35:03.476;enp0s25;38307;606077
1028;16:35:04.483;enp0s25;55743;731395
1029;16:35:05.490;enp0s25;45078;364725
1030;16:35:06.498;enp0s25;30581;304237
1031;16:35:07.506;enp0s25;50291;413077
1032;16:35:08.512;enp0s25;40466;322310
1033;16:35:09.519;enp0s25;15404;140254
1034;16:35:10.526;enp0s25;51640;730888
1035;16:35:11.533;enp0s25;57357;1732634
1036;16:35:12.541;enp0s25;39268;587484
1037;16:35:13.548;enp0s25;33471;523346
1038;16:35:14.555;enp0s25;61077;878802
1039;16:35:15.562;enp0s25;3216;99299
1040;16:35:16.569;enp0s25;0;0
1041;16:35:17.577;enp0s25;0;64
1042;16:35:18.584;enp0s25;0;0
1043;16:35:19.591;enp0s25;0;64
1044;16:35:20.600;enp0s25;64;64
1045;16:35:21.607;enp0s25;0;64
1046;16:35:22.614;enp0s25;0;0
1047;16:35:23.620;enp0s25;3424;11434
1048;16:35:24.635;enp0s25;123794;3714668
1049;16:35:25.644;enp0s25;0;64
1050;16:35:26.651;enp0s25;2091;1245
1051;16:35:27.658;enp0s25;90459;1802388
1052;16:35:28.668;enp0s25;19588;338716
1053;16:35:29.678;enp0s25;31823;395506
1054;16:35:30.699;enp0s25;57134;606911
1055;16:35:31.709;enp0s25;30073;705774
1056;16:35:32.716;enp0s25;1998;960
1057;16:35:33.722;enp0s25;80685;2637899
1058;16:35:34.729;enp0s25;0;0
1059;16:35:35.741;enp0s25;91890;2215814
1060;16:35:36.753;enp0s25;158150;3709646
1061;16:35:37.761;enp0s25;85234;2312937
1062;16:35:38.778;enp0s25;57999;1290465
1063;16:35:39.786;enp0s25;42450;1044954
1064;16:35:40.793;enp0s25;69283;1370141
1065;16:35:41.800;enp0s25;51371;1108012
1066;16:35:42.807;enp0s25;64;64
1067;16:35:43.814;enp0s25;1920;1024
1068;16:35:44.820;enp0s25;99483;2242847
1069;16:35:45.830;enp0s25;72954;1702384
1070;16:35:46.839;enp0s25;36298;1108773
1071;16:35:47.854;enp0s25;18468;334854
1072;16:35:48.861;enp0s25;35186;708662
1073;16:35:49.871;enp0s25;36160;565328
1074;16:35:50.881;enp0s25;41402;878626
1075;16:35:51.889;enp0s25;14721;168378
1076;16:35:52.895;enp0s25;137490;2119435
1077;16:35:53.902;enp0s25;58537;1483047
1078;16:35:54.909;enp0s25;0;0
1079;16:35:55.915;enp0s25;0;64
1080;16:35:56.922;enp0s25;1920;960
1081;16:35:57.931;enp0s25;1614;3468
1082;16:35:58.946;enp0s25;0;0
1083;16:35:59.955;enp0s25;0;64
1084;16:36:00.962;enp0s25;0;0
1085;16:36:01.969;enp0s25;0;64
1086;16:36:02.975;enp0s25;0;0
1087;16:36:03.982;enp0s25;64;1432
1088;16:36:04.988;enp0s25;0;2956
1089;16:36:05.996;enp0s25;0;1688
1090;16:36:07.002;enp0s25;0;1150
1091;16:36:08.009;enp0s25;0;171
1092;16:36:09.015;enp0s25;0;611
1093;16:36:10.022;enp0s25;0;1214
1094;16:36:11.029;enp0s25;0;0
1095;16:36:12.036;enp0s25;0;64
1096;16:36:13.043;enp0s25;0;954
1097;16:36:14.051;enp0s25;0;862
1098;16:36:15.061;enp0s25;64;64
1099;16:36:16.068;enp0s25;0;862
1100;16:36:17.075;enp0s25;0;0
1101;16:36:18.082;enp0s25;0;64
1102;16:36:19.089;enp0s25;0;2442
1103;16:36:20.096;enp0s25;0;2660
1104;16:36:21.103;enp0s25;0;268
1105;16:36:22.110;enp0s25;0;898
1106;16:36:23.117;enp0s25;0;412
1107;16:36:24.124;enp0s25;0;1166
1108;16:36:25.131;enp0s25;0;0
1109;16:36:26.138;enp0s25;64;128
1110;16:36:27.145;enp0s25;1730;4057
1111;16:36:28.152;enp0s25;10198;219968
1112;16:36:29.159;enp0s25;70;2163
1113;16:36:30.165;enp0s25;26538;467996
1114;16:36:31.172;enp0s25;8067;250235
1115;16:36:32.179;enp0s25;4594;29806
1116;16:36:33.185;enp0s25;0;0
1117;16:36:34.192;enp0s25;0;64
1118;16:36:35.201;enp0s25;0;0
1119;16:36:36.208;enp0s25;0;64
1120;16:36:37.216;enp0s25;64;64
1121;16:36:38.223;enp0s25;0;64
1122;16:36:39.229;enp0s25;0;107
1123;16:36:40.236;enp0s25;140;342
1124;16:36:41.242;enp0s25;0;0
1125;16:36:42.249;enp0s25;37270;885992
1126;16:36:43.257;enp0s25;90254;2790645
1127;16:36:44.263;enp0s25;46984;1691495
1128;16:36:45.270;enp0s25;0;0
1129;16:36:46.277;enp0s25;0;64
1130;16:36:47.283;enp0s25;0;0
1131;16:36:48.290;enp0s25;64;128
1132;16:36:49.297;enp0s25;0;0
1133;16:36:50.304;enp0s25;0;64
1134;16:36:51.310;enp0s25;0;64
1135;16:36:52.318;enp0s25;0;0
1136;16:36:53.325;enp0s25;0;64
1137;16:36:54.378;enp0s25;0;0
1138;16:36:55.385;enp0s25;114;64
1139;16:36:56.392;enp0s25;41443;1370335
1140;16:36:57.399;enp0s25;0;64
1141;16:36:58.406;enp0s25;0;412
1142;16:36:59.413;enp0s25;64;128
1143;16:37:00.419;enp0s25;0;0
1144;16:37:01.426;enp0s25;0;64
1145;16:37:02.432;enp0s25;0;394
1146;16:37:03.440;enp0s25;94590;3965832
1147;16:37:04.448;enp0s25;47552;2427247
1148;16:37:05.455;enp0s25;0;64
1149;16:37:06.462;enp0s25;0;0
1150;16:37:07.468;enp0s25;0;64
1151;16:37:08.475;enp0s25;12031;325602
1152;16:37:09.487;enp0s25;0;64
1153;16:37:10.494;enp0s25;64;64
1154;16:37:11.501;enp0s25;0;64
1155;16:37:12.508;enp0s25;0;0
1156;16:37:13.514;enp0s25;0;64
1157;16:37:14.521;enp0s25;0;0
1158;16:37:15.528;enp0s25;0;64
1159;16:37:16.534;enp0s25;2987;8333
1160;16:37:17.541;enp0s25;20643;288464
1161;16:37:18.548;enp0s25;15629;283030
1162;16:37:19.555;enp0s25;17995;502876
1163;16:37:20.561;enp0s25;17301;193766
1164;16:37:21.569;enp0s25;110652;2644811
1165;16:37:22.576;enp0s25;112056;3685465
1166;16:37:23.586;enp0s25;62828;1810035
1167;16:37:24.594;enp0s25;13661;285360
1168;16:37:25.604;enp0s25;12395;264871
1169;16:37:26.614;enp0s25;46046;895978
1170;16:37:27.622;enp0s25;21359;294529
1171;16:37:28.629;enp0s25;0;0
1172;16:37:29.635;enp0s25;2306;6966
1173;16:37:31.088;enp0s25;34148;944995
1174;16:37:32.108;enp0s25;7004;110954
1175;16:37:33.120;enp0s25;23959;598331
1176;16:37:34.126;enp0s25;21541;570270
1177;16:37:35.134;enp0s25;26844;800098
1178;16:37:36.142;enp0s25;74220;2805524
1179;16:37:37.150;enp0s25;96928;3988668
1180;16:37:38.157;enp0s25;4278;45902
1181;16:37:39.165;enp0s25;77362;2855620
1182;16:37:40.172;enp0s25;74009;2715937
1183;16:37:41.184;enp0s25;11447;284309
1184;16:37:42.190;enp0s25;2397;70946
1185;16:37:43.197;enp0s25;64;421
1186;16:37:44.203;enp0s25;0;64
1187;16:37:45.210;enp0s25;0;386
1188;16:37:46.217;enp0s25;0;308
1189;16:37:47.223;enp0s25;0;726
1190;16:37:48.230;enp0s25;0;64
1191;16:37:49.237;enp0s25;420;566
1192;16:37:50.244;enp0s25;0;64
