ID; Time; Network interface; TBPS; RBPS
1;20:40:00.397;enp0s25;0;0
2;20:40:01.405;enp0s25;0;150
3;20:40:02.413;enp0s25;4069;8917
4;20:40:03.429;enp0s25;66609;1814217
5;20:40:04.439;enp0s25;70;304
6;20:40:05.447;enp0s25;3927;32365
7;20:40:06.465;enp0s25;14721;548138
8;20:40:07.479;enp0s25;14840;631552
9;20:40:08.488;enp0s25;14700;628559
10;20:40:09.503;enp0s25;14700;625587
11;20:40:10.517;enp0s25;13224;531364
12;20:40:11.529;enp0s25;9380;397780
13;20:40:12.543;enp0s25;12618;482788
14;20:40:13.553;enp0s25;14350;610236
15;20:40:14.567;enp0s25;14700;625480
16;20:40:15.583;enp0s25;14700;628452
17;20:40:16.598;enp0s25;10570;452428
18;20:40:17.614;enp0s25;14490;621034
19;20:40:18.626;enp0s25;14840;631552
20;20:40:19.636;enp0s25;14630;625416
21;20:40:20.647;enp0s25;13020;560206
22;20:40:21.662;enp0s25;10774;476716
23;20:40:22.678;enp0s25;13440;581458
24;20:40:23.690;enp0s25;13580;576840
25;20:40:24.698;enp0s25;14770;631552
26;20:40:25.713;enp0s25;14770;628452
27;20:40:26.729;enp0s25;14770;637636
28;20:40:27.746;enp0s25;14764;630916
29;20:40:28.759;enp0s25;14000;590566
30;20:40:29.772;enp0s25;13510;577990
31;20:40:30.780;enp0s25;12740;551602
32;20:40:31.797;enp0s25;10290;468694
33;20:40:32.813;enp0s25;13294;563306
34;20:40:33.829;enp0s25;13720;584430
35;20:40:34.841;enp0s25;14910;634588
36;20:40:35.850;enp0s25;14770;631488
37;20:40:36.863;enp0s25;14910;637624
38;20:40:37.876;enp0s25;14490;611754
39;20:40:38.888;enp0s25;12950;556156
40;20:40:39.902;enp0s25;11760;505601
41;20:40:40.913;enp0s25;10990;479859
42;20:40:41.930;enp0s25;10360;473616
43;20:40:42.947;enp0s25;14700;631552
44;20:40:43.963;enp0s25;14764;628516
45;20:40:44.979;enp0s25;14770;631638
46;20:40:45.991;enp0s25;14350;613272
47;20:40:47.000;enp0s25;13370;560206
48;20:40:48.014;enp0s25;13860;596746
49;20:40:49.031;enp0s25;14770;631552
50;20:40:50.046;enp0s25;14580;644236
51;20:40:51.060;enp0s25;10570;470644
52;20:40:52.069;enp0s25;12180;544962
53;20:40:53.080;enp0s25;14350;605746
54;20:40:54.090;enp0s25;13580;579876
55;20:40:55.103;enp0s25;14694;628580
56;20:40:56.119;enp0s25;14770;631488
57;20:40:57.130;enp0s25;14700;628516
58;20:40:58.141;enp0s25;14700;631488
59;20:40:59.153;enp0s25;11130;470644
60;20:41:00.170;enp0s25;13440;579876
61;20:41:01.184;enp0s25;10430;475198
62;20:41:02.199;enp0s25;9940;452364
63;20:41:03.209;enp0s25;13020;554134
64;20:41:04.227;enp0s25;14210;608718
65;20:41:05.245;enp0s25;14700;625874
66;20:41:06.262;enp0s25;15044;637624
67;20:41:07.280;enp0s25;14770;634588
68;20:41:08.292;enp0s25;14840;637560
69;20:41:09.302;enp0s25;14000;593602
70;20:41:10.312;enp0s25;9940;428183
71;20:41:11.328;enp0s25;10500;473787
72;20:41:12.345;enp0s25;10080;473228
73;20:41:13.357;enp0s25;14280;615054
74;20:41:14.366;enp0s25;13370;566608
75;20:41:15.382;enp0s25;13650;582976
76;20:41:16.400;enp0s25;14554;619408
77;20:41:17.416;enp0s25;14834;631616
78;20:41:18.434;enp0s25;14910;634696
79;20:41:19.448;enp0s25;14700;631552
80;20:41:20.460;enp0s25;11830;522192
81;20:41:21.468;enp0s25;10360;478234
82;20:41:22.482;enp0s25;10710;479688
83;20:41:23.499;enp0s25;8680;389298
84;20:41:24.509;enp0s25;0;1644
85;20:41:25.516;enp0s25;0;3544
86;20:41:26.523;enp0s25;0;760
87;20:41:27.530;enp0s25;64;1278
88;20:41:28.536;enp0s25;0;654
89;20:41:29.543;enp0s25;0;0
90;20:41:30.549;enp0s25;0;1214
91;20:41:31.556;enp0s25;0;0
92;20:41:32.563;enp0s25;0;64
93;20:41:33.569;enp0s25;0;0
94;20:41:34.576;enp0s25;0;64
95;20:41:35.584;enp0s25;0;0
96;20:41:36.600;enp0s25;0;64
97;20:41:37.608;enp0s25;0;504
98;20:41:38.615;enp0s25;64;128
99;20:41:39.622;enp0s25;0;0
100;20:41:40.629;enp0s25;0;64
101;20:41:41.635;enp0s25;335;601
102;20:41:42.650;enp0s25;662;4170
103;20:41:43.659;enp0s25;0;0
104;20:41:44.666;enp0s25;0;64
105;20:41:45.673;enp0s25;0;0
106;20:41:46.685;enp0s25;0;458
107;20:41:47.703;enp0s25;0;0
108;20:41:48.716;enp0s25;10462;248099
109;20:41:49.727;enp0s25;23505;605047
110;20:41:50.739;enp0s25;14140;602710
111;20:41:51.755;enp0s25;14840;631488
112;20:41:52.771;enp0s25;14840;634588
113;20:41:53.788;enp0s25;14910;634524
114;20:41:54.800;enp0s25;9660;408406
115;20:41:55.812;enp0s25;10640;452364
116;20:41:56.829;enp0s25;14210;604228
117;20:41:57.841;enp0s25;13608;569250
118;20:41:58.857;enp0s25;14910;634588
119;20:41:59.874;enp0s25;12180;523710
120;20:42:00.885;enp0s25;13994;587594
121;20:42:01.894;enp0s25;13650;581394
122;20:42:02.911;enp0s25;14630;625480
123;20:42:03.926;enp0s25;14770;628452
124;20:42:04.944;enp0s25;10010;428266
125;20:42:05.958;enp0s25;11760;512010
126;20:42:06.969;enp0s25;14630;620168
127;20:42:07.978;enp0s25;13370;561292
128;20:42:08.992;enp0s25;14140;604732
129;20:42:10.007;enp0s25;14770;628452
130;20:42:11.021;enp0s25;14910;635738
131;20:42:12.034;enp0s25;14694;625480
132;20:42:13.045;enp0s25;14840;631745
133;20:42:14.056;enp0s25;14350;605789
134;20:42:15.067;enp0s25;9310;401210
135;20:42:16.081;enp0s25;12880;554070
136;20:42:17.095;enp0s25;14560;614854
137;20:42:18.109;enp0s25;13510;566386
138;20:42:19.124;enp0s25;11130;476716
139;20:42:20.141;enp0s25;14770;628452
140;20:42:21.158;enp0s25;14770;631552
141;20:42:22.176;enp0s25;14910;637560
142;20:42:23.191;enp0s25;14974;634652
143;20:42:24.201;enp0s25;12880;544962
144;20:42:25.208;enp0s25;9170;390190
145;20:42:26.224;enp0s25;12944;548062
146;20:42:27.238;enp0s25;14910;634588
147;20:42:28.255;enp0s25;14700;628452
148;20:42:29.266;enp0s25;11410;482788
149;20:42:30.278;enp0s25;14070;601128
150;20:42:31.294;enp0s25;14560;625938
151;20:42:32.311;enp0s25;14840;634636
152;20:42:33.325;enp0s25;14980;638384
153;20:42:34.339;enp0s25;13014;552248
154;20:42:35.351;enp0s25;9558;354262
155;20:42:36.365;enp0s25;12608;566214
156;20:42:37.381;enp0s25;14770;632702
157;20:42:38.396;enp0s25;15221;640596
158;20:42:39.409;enp0s25;15009;631622
159;20:42:40.423;enp0s25;14630;628452
160;20:42:41.435;enp0s25;14840;631552
161;20:42:42.446;enp0s25;13650;579876
162;20:42:43.458;enp0s25;13790;589155
163;20:42:44.474;enp0s25;12454;539565
164;20:42:45.491;enp0s25;12928;532882
165;20:42:46.505;enp0s25;14350;631488
166;20:42:47.515;enp0s25;14560;619408
167;20:42:48.525;enp0s25;13440;575494
168;20:42:49.543;enp0s25;139675;5300107
169;20:42:50.559;enp0s25;125806;5262970
170;20:42:51.574;enp0s25;134318;6079590
171;20:42:52.584;enp0s25;148509;7133146
172;20:42:53.591;enp0s25;135812;6106049
173;20:42:54.600;enp0s25;128712;6117604
174;20:42:55.608;enp0s25;133771;4704690
175;20:42:56.614;enp0s25;100696;5211601
176;20:42:57.622;enp0s25;19717;550491
177;20:42:58.635;enp0s25;25449;643034
178;20:42:59.646;enp0s25;18550;587945
179;20:43:00.658;enp0s25;14935;554134
180;20:43:01.673;enp0s25;18387;511989
181;20:43:02.691;enp0s25;16435;354403
182;20:43:03.705;enp0s25;18148;611754
183;20:43:04.714;enp0s25;12810;545026
184;20:43:05.728;enp0s25;11760;497904
185;20:43:06.741;enp0s25;13574;573932
186;20:43:07.752;enp0s25;13531;567732
187;20:43:08.764;enp0s25;13414;562256
188;20:43:09.775;enp0s25;13969;562929
189;20:43:10.787;enp0s25;15276;554456
190;20:43:11.803;enp0s25;14070;596574
191;20:43:12.812;enp0s25;10634;445912
192;20:43:13.821;enp0s25;0;0
193;20:43:14.828;enp0s25;0;171
194;20:43:15.913;enp0s25;0;107
195;20:43:16.926;enp0s25;0;64
196;20:43:17.933;enp0s25;64;64
197;20:43:18.941;enp0s25;0;236
198;20:43:19.948;enp0s25;0;0
199;20:43:20.957;enp0s25;0;64
200;20:43:21.963;enp0s25;0;0
201;20:43:22.971;enp0s25;0;64
202;20:43:23.978;enp0s25;0;0
203;20:43:24.984;enp0s25;0;64
204;20:43:25.992;enp0s25;0;0
205;20:43:26.999;enp0s25;0;64
206;20:43:28.009;enp0s25;0;0
207;20:43:29.016;enp0s25;64;128
208;20:43:30.023;enp0s25;0;0
209;20:43:31.031;enp0s25;0;64
210;20:43:32.040;enp0s25;0;0
211;20:43:33.052;enp0s25;2286;34102
212;20:43:34.066;enp0s25;13220;325845
213;20:43:35.082;enp0s25;15482;276340
214;20:43:36.098;enp0s25;12542;415932
215;20:43:37.108;enp0s25;9310;393226
216;20:43:38.126;enp0s25;10302;344372
217;20:43:39.141;enp0s25;10990;491902
218;20:43:40.158;enp0s25;10774;481376
219;20:43:41.171;enp0s25;11130;514298
220;20:43:42.181;enp0s25;13160;564696
221;20:43:43.197;enp0s25;7350;307956
222;20:43:44.207;enp0s25;0;1150
223;20:43:45.213;enp0s25;0;64
224;20:43:46.221;enp0s25;0;107
225;20:43:47.229;enp0s25;0;171
226;20:43:48.236;enp0s25;0;0
227;20:43:49.243;enp0s25;0;236
228;20:43:50.250;enp0s25;5231;128029
229;20:43:51.258;enp0s25;12946;551110
230;20:43:52.270;enp0s25;1674;60495
231;20:43:53.278;enp0s25;4724;188134
232;20:43:54.286;enp0s25;7204;254340
233;20:43:55.300;enp0s25;15212;568548
234;20:43:56.313;enp0s25;472;64
235;20:43:57.326;enp0s25;10888;370292
236;20:43:58.336;enp0s25;25816;1083826
237;20:43:59.346;enp0s25;24482;854285
238;20:44:00.356;enp0s25;26316;949596
239;20:44:01.367;enp0s25;28208;1089127
240;20:44:02.377;enp0s25;24178;891776
241;20:44:03.391;enp0s25;19508;886851
242;20:44:04.407;enp0s25;2432;122885
243;20:44:05.415;enp0s25;5924;257739
244;20:44:06.431;enp0s25;658;9863
245;20:44:07.448;enp0s25;20500;742347
246;20:44:08.456;enp0s25;12444;379718
247;20:44:09.469;enp0s25;16838;746135
248;20:44:10.483;enp0s25;0;0
249;20:44:11.493;enp0s25;8702;379913
250;20:44:12.508;enp0s25;46752;2199354
251;20:44:13.525;enp0s25;8754;255515
252;20:44:14.540;enp0s25;8956;258793
253;20:44:15.552;enp0s25;45014;1728512
254;20:44:16.567;enp0s25;14018;634548
255;20:44:17.580;enp0s25;18276;738096
256;20:44:18.589;enp0s25;0;236
257;20:44:19.603;enp0s25;13510;546029
258;20:44:20.614;enp0s25;15046;635421
259;20:44:21.631;enp0s25;4328;247334
260;20:44:22.640;enp0s25;17018;704866
261;20:44:23.651;enp0s25;9306;308348
262;20:44:24.662;enp0s25;1944;25718
263;20:44:25.676;enp0s25;6558;128521
264;20:44:26.691;enp0s25;5132;98732
265;20:44:27.706;enp0s25;7630;229260
266;20:44:28.719;enp0s25;6406;160467
267;20:44:29.728;enp0s25;1958;51568
268;20:44:30.743;enp0s25;1134;35164
269;20:44:31.759;enp0s25;10136;440846
270;20:44:32.774;enp0s25;8074;283629
271;20:44:33.786;enp0s25;12694;450095
272;20:44:34.797;enp0s25;11036;367026
273;20:44:35.805;enp0s25;8716;228658
274;20:44:36.811;enp0s25;5004;113655
275;20:44:37.824;enp0s25;14614;491790
276;20:44:38.839;enp0s25;962;13153
277;20:44:39.850;enp0s25;7996;173678
278;20:44:40.860;enp0s25;12580;404564
279;20:44:41.873;enp0s25;24744;1107056
280;20:44:42.888;enp0s25;1802;25475
281;20:44:43.906;enp0s25;17250;588287
282;20:44:44.918;enp0s25;14368;489565
283;20:44:45.927;enp0s25;14060;360549
284;20:44:46.935;enp0s25;28494;1111398
285;20:44:47.942;enp0s25;17878;616719
286;20:44:48.956;enp0s25;20990;689564
287;20:44:49.964;enp0s25;15204;361266
288;20:44:50.973;enp0s25;47688;2139499
289;20:44:51.981;enp0s25;15766;502241
290;20:44:52.991;enp0s25;10962;317298
291;20:44:54.002;enp0s25;4286;121689
292;20:44:55.009;enp0s25;20904;831399
293;20:44:56.020;enp0s25;4650;117234
294;20:44:57.029;enp0s25;16624;412986
295;20:44:58.036;enp0s25;16430;428273
296;20:44:59.045;enp0s25;11168;401000
297;20:45:00.056;enp0s25;4056;106913
298;20:45:01.066;enp0s25;7456;119775
299;20:45:02.077;enp0s25;13004;318629
300;20:45:03.085;enp0s25;6282;114404
301;20:45:04.100;enp0s25;6948;141486
302;20:45:05.113;enp0s25;19960;601966
303;20:45:06.120;enp0s25;17900;618132
304;20:45:07.127;enp0s25;10704;239642
305;20:45:08.135;enp0s25;11576;187286
306;20:45:09.146;enp0s25;14842;332735
307;20:45:10.160;enp0s25;39694;1712076
308;20:45:11.171;enp0s25;11162;473422
309;20:45:12.186;enp0s25;47234;2181206
310;20:45:13.196;enp0s25;29414;1269916
311;20:45:14.203;enp0s25;47682;2237694
312;20:45:15.212;enp0s25;21640;904324
313;20:45:16.230;enp0s25;9296;165273
314;20:45:17.241;enp0s25;9038;243781
315;20:45:18.258;enp0s25;6126;121175
316;20:45:19.273;enp0s25;4414;60522
317;20:45:20.287;enp0s25;11740;358459
318;20:45:21.299;enp0s25;13288;361110
319;20:45:22.306;enp0s25;12666;417252
320;20:45:23.320;enp0s25;15980;541138
321;20:45:24.332;enp0s25;3612;87046
322;20:45:25.346;enp0s25;10442;177843
323;20:45:26.359;enp0s25;1876;23516
324;20:45:27.374;enp0s25;6336;137199
325;20:45:28.387;enp0s25;5154;94792
326;20:45:29.397;enp0s25;19360;569804
327;20:45:30.405;enp0s25;10990;291714
328;20:45:31.420;enp0s25;8816;256398
329;20:45:32.430;enp0s25;40718;1548199
330;20:45:33.445;enp0s25;40100;1962717
331;20:45:34.457;enp0s25;68652;3298991
332;20:45:35.468;enp0s25;21794;676201
333;20:45:36.480;enp0s25;4898;162423
334;20:45:37.489;enp0s25;2686;35920
335;20:45:38.501;enp0s25;3840;61631
336;20:45:39.517;enp0s25;37512;1972888
337;20:45:40.528;enp0s25;9812;214120
338;20:45:41.542;enp0s25;2002;48660
339;20:45:42.557;enp0s25;13960;414333
340;20:45:43.569;enp0s25;4728;125567
341;20:45:44.579;enp0s25;9020;134276
342;20:45:45.592;enp0s25;2214;24572
343;20:45:46.607;enp0s25;4946;122965
344;20:45:47.617;enp0s25;23992;801646
345;20:45:48.633;enp0s25;3798;45589
346;20:45:49.648;enp0s25;27256;1050708
347;20:45:50.659;enp0s25;108608;6190017
348;20:45:51.668;enp0s25;9684;389980
349;20:45:52.680;enp0s25;2036;31117
350;20:45:53.697;enp0s25;1636;11726
351;20:45:54.714;enp0s25;1738;28743
352;20:45:55.731;enp0s25;2624;43706
353;20:45:56.742;enp0s25;1712;22575
354;20:45:57.751;enp0s25;11608;278568
355;20:45:58.766;enp0s25;13850;529552
356;20:45:59.776;enp0s25;47194;2372483
357;20:46:00.792;enp0s25;5010;129484
358;20:46:01.805;enp0s25;8024;195570
359;20:46:02.820;enp0s25;64;128
360;20:46:03.827;enp0s25;0;0
361;20:46:04.834;enp0s25;0;64
362;20:46:05.841;enp0s25;0;0
363;20:46:06.847;enp0s25;0;64
364;20:46:07.854;enp0s25;0;0
365;20:46:08.861;enp0s25;0;64
366;20:46:09.868;enp0s25;0;0
367;20:46:10.875;enp0s25;0;1368
368;20:46:11.882;enp0s25;0;3460
369;20:46:12.889;enp0s25;0;1184
370;20:46:13.895;enp0s25;64;2168
371;20:46:14.902;enp0s25;0;1366
372;20:46:15.908;enp0s25;0;0
373;20:46:16.915;enp0s25;0;2012
374;20:46:17.922;enp0s25;0;0
375;20:46:18.928;enp0s25;0;64
376;20:46:19.935;enp0s25;0;172
377;20:46:20.941;enp0s25;0;1363
378;20:46:21.948;enp0s25;0;107
379;20:46:22.955;enp0s25;128;128
380;20:46:23.961;enp0s25;0;0
381;20:46:24.968;enp0s25;64;128
382;20:46:25.975;enp0s25;0;0
383;20:46:26.981;enp0s25;0;64
384;20:46:27.988;enp0s25;0;0
385;20:46:28.995;enp0s25;0;64
386;20:46:30.001;enp0s25;0;0
387;20:46:31.008;enp0s25;0;64
388;20:46:32.014;enp0s25;0;0
389;20:46:33.021;enp0s25;0;150
390;20:46:34.028;enp0s25;0;0
391;20:46:35.034;enp0s25;0;64
392;20:46:36.041;enp0s25;64;64
393;20:46:37.047;enp0s25;0;64
394;20:46:38.054;enp0s25;0;0
395;20:46:39.061;enp0s25;0;64
396;20:46:40.068;enp0s25;0;0
397;20:46:41.074;enp0s25;0;64
398;20:46:42.081;enp0s25;0;0
399;20:46:43.087;enp0s25;0;64
400;20:46:44.094;enp0s25;0;1644
401;20:46:45.101;enp0s25;0;3544
402;20:46:46.107;enp0s25;0;760
403;20:46:47.114;enp0s25;64;1278
404;20:46:48.120;enp0s25;0;504
405;20:46:49.127;enp0s25;0;64
406;20:46:50.133;enp0s25;0;1322
407;20:46:51.140;enp0s25;0;64
408;20:46:52.147;enp0s25;0;501
409;20:46:53.153;enp0s25;0;171
410;20:46:54.160;enp0s25;0;0
411;20:46:55.166;enp0s25;0;64
412;20:46:56.173;enp0s25;0;0
413;20:46:57.179;enp0s25;0;64
414;20:46:58.186;enp0s25;64;64
415;20:46:59.193;enp0s25;0;64
416;20:47:00.199;enp0s25;0;0
417;20:47:01.206;enp0s25;0;64
418;20:47:02.212;enp0s25;0;0
419;20:47:03.219;enp0s25;0;64
420;20:47:04.225;enp0s25;0;0
421;20:47:05.232;enp0s25;0;64
422;20:47:06.239;enp0s25;0;0
423;20:47:07.245;enp0s25;0;64
424;20:47:08.252;enp0s25;0;0
425;20:47:09.258;enp0s25;64;128
426;20:47:10.265;enp0s25;0;0
427;20:47:11.272;enp0s25;0;64
428;20:47:12.278;enp0s25;0;0
429;20:47:13.285;enp0s25;0;64
430;20:47:14.291;enp0s25;0;0
431;20:47:15.298;enp0s25;0;64
432;20:47:16.304;enp0s25;0;86
433;20:47:17.311;enp0s25;0;64
434;20:47:18.318;enp0s25;0;0
435;20:47:19.324;enp0s25;0;64
436;20:47:20.331;enp0s25;64;236
437;20:47:21.337;enp0s25;0;64
438;20:47:22.344;enp0s25;0;107
439;20:47:23.350;enp0s25;0;171
440;20:47:24.357;enp0s25;0;0
441;20:47:25.363;enp0s25;0;64
442;20:47:26.370;enp0s25;0;0
443;20:47:27.377;enp0s25;0;64
444;20:47:28.383;enp0s25;0;0
445;20:47:29.390;enp0s25;0;64
446;20:47:30.396;enp0s25;0;0
447;20:47:31.403;enp0s25;64;128
448;20:47:32.410;enp0s25;0;0
449;20:47:33.416;enp0s25;0;64
450;20:47:34.423;enp0s25;0;0
451;20:47:35.429;enp0s25;0;64
452;20:47:36.436;enp0s25;0;0
453;20:47:37.443;enp0s25;0;64
454;20:47:38.449;enp0s25;0;0
455;20:47:39.456;enp0s25;0;64
456;20:47:40.462;enp0s25;0;0
457;20:47:41.469;enp0s25;0;64
458;20:47:42.478;enp0s25;64;64
459;20:47:43.485;enp0s25;0;64
460;20:47:44.492;enp0s25;0;0
461;20:47:45.499;enp0s25;0;64
462;20:47:46.507;enp0s25;0;0
463;20:47:47.514;enp0s25;0;64
464;20:47:48.522;enp0s25;0;0
465;20:47:49.529;enp0s25;0;236
466;20:47:50.536;enp0s25;0;64
467;20:47:51.547;enp0s25;0;0
468;20:47:52.555;enp0s25;0;64
469;20:47:53.564;enp0s25;64;171
470;20:47:54.571;enp0s25;0;171
471;20:47:55.577;enp0s25;0;0
472;20:47:56.584;enp0s25;0;64
473;20:47:57.593;enp0s25;0;0
474;20:47:58.600;enp0s25;0;64
475;20:47:59.606;enp0s25;0;0
476;20:48:00.613;enp0s25;0;150
477;20:48:01.619;enp0s25;0;0
478;20:48:02.626;enp0s25;0;64
479;20:48:03.632;enp0s25;0;0
480;20:48:04.639;enp0s25;64;128
481;20:48:05.645;enp0s25;0;0
482;20:48:06.652;enp0s25;0;64
483;20:48:07.659;enp0s25;0;0
484;20:48:08.665;enp0s25;0;64
485;20:48:09.672;enp0s25;0;1644
486;20:48:10.679;enp0s25;0;3544
487;20:48:11.685;enp0s25;0;760
488;20:48:12.692;enp0s25;0;1214
489;20:48:13.699;enp0s25;0;504
490;20:48:14.705;enp0s25;0;64
491;20:48:15.712;enp0s25;64;1214
492;20:48:16.718;enp0s25;0;64
493;20:48:17.725;enp0s25;0;0
494;20:48:18.731;enp0s25;0;64
495;20:48:19.738;enp0s25;0;172
496;20:48:20.745;enp0s25;0;64
497;20:48:21.751;enp0s25;0;0
498;20:48:22.757;enp0s25;0;568
499;20:48:23.764;enp0s25;0;0
500;20:48:24.771;enp0s25;0;171
501;20:48:25.777;enp0s25;64;171
502;20:48:26.784;enp0s25;0;64
503;20:48:27.791;enp0s25;0;0
504;20:48:28.798;enp0s25;0;64
505;20:48:29.804;enp0s25;0;0
506;20:48:30.811;enp0s25;0;64
507;20:48:31.817;enp0s25;0;0
508;20:48:32.824;enp0s25;0;64
509;20:48:33.831;enp0s25;0;0
510;20:48:34.837;enp0s25;0;64
511;20:48:35.844;enp0s25;0;0
512;20:48:36.851;enp0s25;370;890
513;20:48:37.858;enp0s25;11098;4958
514;20:48:38.864;enp0s25;0;64
515;20:48:39.872;enp0s25;0;0
516;20:48:40.879;enp0s25;0;64
517;20:48:41.885;enp0s25;0;0
518;20:48:42.892;enp0s25;0;64
519;20:48:43.898;enp0s25;0;86
520;20:48:44.906;enp0s25;0;64
521;20:48:45.913;enp0s25;0;0
522;20:48:46.920;enp0s25;0;64
523;20:48:47.927;enp0s25;809;5194
524;20:48:48.934;enp0s25;0;64
525;20:48:49.941;enp0s25;0;676
526;20:48:50.948;enp0s25;0;64
527;20:48:51.956;enp0s25;0;0
528;20:48:52.963;enp0s25;0;64
529;20:48:53.970;enp0s25;0;0
530;20:48:54.977;enp0s25;1092;64
531;20:48:55.984;enp0s25;2248;22553
532;20:48:56.992;enp0s25;9604;3937
533;20:48:57.998;enp0s25;135679;2475643
534;20:48:59.006;enp0s25;145168;7109096
535;20:49:00.013;enp0s25;84145;5004223
536;20:49:01.020;enp0s25;56229;1370442
537;20:49:02.026;enp0s25;67694;1101735
538;20:49:03.033;enp0s25;35160;446223
539;20:49:04.040;enp0s25;60333;919935
540;20:49:05.047;enp0s25;22035;123324
541;20:49:06.053;enp0s25;49755;654744
542;20:49:07.063;enp0s25;37002;347059
543;20:49:08.070;enp0s25;40569;556086
544;20:49:09.078;enp0s25;73014;1547795
545;20:49:10.085;enp0s25;33173;302275
546;20:49:11.096;enp0s25;60712;1043402
547;20:49:12.105;enp0s25;48260;690860
548;20:49:13.113;enp0s25;29864;544038
549;20:49:14.122;enp0s25;36997;449010
550;20:49:15.132;enp0s25;18427;165063
551;20:49:16.139;enp0s25;7238;60767
552;20:49:17.146;enp0s25;28050;77511
553;20:49:18.155;enp0s25;19511;99753
554;20:49:19.162;enp0s25;45581;945606
555;20:49:20.170;enp0s25;88678;2160554
556;20:49:21.177;enp0s25;66095;1062799
557;20:49:22.184;enp0s25;29055;283881
558;20:49:23.191;enp0s25;45566;411483
559;20:49:24.198;enp0s25;41460;367189
560;20:49:25.205;enp0s25;34522;225351
561;20:49:26.212;enp0s25;40646;411104
562;20:49:27.219;enp0s25;40893;316338
563;20:49:28.226;enp0s25;26026;512176
564;20:49:29.233;enp0s25;51956;1258815
565;20:49:30.239;enp0s25;46209;855147
566;20:49:31.246;enp0s25;46430;802632
567;20:49:32.253;enp0s25;49390;758612
568;20:49:33.260;enp0s25;54510;1627793
569;20:49:34.266;enp0s25;47009;1483606
570;20:49:35.273;enp0s25;71557;3202641
571;20:49:36.280;enp0s25;51879;964182
572;20:49:37.287;enp0s25;35399;482401
573;20:49:38.294;enp0s25;15779;2255670
574;20:49:39.301;enp0s25;0;64
575;20:49:40.311;enp0s25;0;372
576;20:49:41.319;enp0s25;0;64
577;20:49:42.326;enp0s25;0;0
578;20:49:43.333;enp0s25;64;128
579;20:49:44.340;enp0s25;0;0
580;20:49:45.346;enp0s25;0;64
581;20:49:46.353;enp0s25;0;0
582;20:49:47.360;enp0s25;0;64
583;20:49:48.366;enp0s25;59694;1646616
584;20:49:49.374;enp0s25;60072;2041734
585;20:49:50.381;enp0s25;0;172
586;20:49:51.388;enp0s25;1998;1024
587;20:49:52.396;enp0s25;45947;919125
588;20:49:53.410;enp0s25;45478;908100
589;20:49:54.418;enp0s25;6912;108739
590;20:49:55.425;enp0s25;24446;397578
591;20:49:56.432;enp0s25;23187;262306
592;20:49:57.440;enp0s25;65764;1139562
593;20:49:58.446;enp0s25;1920;2691
594;20:49:59.453;enp0s25;56163;1502224
595;20:50:00.470;enp0s25;29620;1087110
596;20:50:01.486;enp0s25;85212;2141635
597;20:50:02.495;enp0s25;5654;72061
598;20:50:03.503;enp0s25;180750;3960215
599;20:50:04.511;enp0s25;56072;1282326
600;20:50:05.521;enp0s25;54162;1970882
601;20:50:06.537;enp0s25;33052;573601
602;20:50:07.546;enp0s25;115182;2681778
603;20:50:08.554;enp0s25;1152;31651
604;20:50:09.560;enp0s25;1920;1464
605;20:50:10.573;enp0s25;42875;649105
606;20:50:11.606;enp0s25;50502;1425398
607;20:50:12.623;enp0s25;63058;1594356
608;20:50:13.634;enp0s25;14266;560982
609;20:50:14.649;enp0s25;10586;221220
610;20:50:15.664;enp0s25;11078;258160
611;20:50:16.674;enp0s25;19226;293130
612;20:50:17.683;enp0s25;15310;332092
613;20:50:18.697;enp0s25;10778;244924
614;20:50:19.714;enp0s25;12810;264075
615;20:50:20.729;enp0s25;23390;437526
616;20:50:21.743;enp0s25;6008;81671
617;20:50:22.757;enp0s25;9743;103273
618;20:50:23.766;enp0s25;38292;839867
619;20:50:24.772;enp0s25;64197;766469
620;20:50:25.779;enp0s25;78934;1306988
621;20:50:26.786;enp0s25;55644;1144821
622;20:50:27.793;enp0s25;64;64
623;20:50:28.799;enp0s25;1920;1131
624;20:50:29.806;enp0s25;0;107
625;20:50:30.813;enp0s25;0;64
626;20:50:31.819;enp0s25;0;0
627;20:50:32.826;enp0s25;0;64
628;20:50:33.833;enp0s25;0;0
629;20:50:34.840;enp0s25;0;64
630;20:50:35.847;enp0s25;0;0
631;20:50:36.853;enp0s25;0;64
632;20:50:37.860;enp0s25;0;0
633;20:50:38.869;enp0s25;64;3408
634;20:50:39.876;enp0s25;0;2604
635;20:50:40.882;enp0s25;0;64
636;20:50:41.889;enp0s25;0;1150
637;20:50:42.896;enp0s25;0;568
638;20:50:43.903;enp0s25;0;1150
639;20:50:44.910;enp0s25;0;64
640;20:50:45.917;enp0s25;0;0
641;20:50:46.924;enp0s25;0;64
642;20:50:47.933;enp0s25;0;0
643;20:50:48.939;enp0s25;64;522
644;20:50:49.950;enp0s25;0;0
645;20:50:50.958;enp0s25;0;236
646;20:50:51.971;enp0s25;0;0
647;20:50:53.022;enp0s25;0;64
648;20:50:54.029;enp0s25;0;2402
649;20:50:55.036;enp0s25;1281;5607
650;20:50:56.042;enp0s25;311;1801
651;20:50:57.049;enp0s25;0;311
652;20:50:58.056;enp0s25;0;0
653;20:50:59.063;enp0s25;10658;221447
654;20:51:00.070;enp0s25;784;2937
655;20:51:01.076;enp0s25;9594;107125
656;20:51:02.083;enp0s25;23748;612109
657;20:51:03.090;enp0s25;4843;29394
658;20:51:04.097;enp0s25;0;0
659;20:51:05.103;enp0s25;0;64
660;20:51:06.112;enp0s25;0;0
661;20:51:07.120;enp0s25;0;64
662;20:51:08.126;enp0s25;0;0
663;20:51:09.133;enp0s25;0;64
664;20:51:10.140;enp0s25;0;0
665;20:51:11.146;enp0s25;64;128
666;20:51:12.153;enp0s25;140;171
667;20:51:13.160;enp0s25;1629;4061
668;20:51:14.167;enp0s25;88748;2518218
669;20:51:15.174;enp0s25;72576;2351972
670;20:51:16.181;enp0s25;20174;463652
671;20:51:17.189;enp0s25;0;64
672;20:51:18.196;enp0s25;0;0
673;20:51:19.204;enp0s25;0;64
674;20:51:20.213;enp0s25;0;0
675;20:51:21.222;enp0s25;0;236
676;20:51:22.229;enp0s25;64;64
677;20:51:23.237;enp0s25;0;64
678;20:51:24.244;enp0s25;0;0
679;20:51:25.251;enp0s25;0;64
680;20:51:26.258;enp0s25;0;256
681;20:51:27.264;enp0s25;0;64
682;20:51:28.271;enp0s25;9298;234204
683;20:51:29.283;enp0s25;29248;1067565
684;20:51:30.291;enp0s25;0;0
685;20:51:31.298;enp0s25;0;171
686;20:51:32.305;enp0s25;0;107
687;20:51:33.312;enp0s25;64;128
688;20:51:34.319;enp0s25;53210;2005710
689;20:51:35.326;enp0s25;99162;4370386
690;20:51:36.340;enp0s25;192;1582
691;20:51:37.349;enp0s25;0;150
692;20:51:38.356;enp0s25;0;0
693;20:51:39.363;enp0s25;0;64
694;20:51:40.370;enp0s25;13713;325292
695;20:51:41.377;enp0s25;0;64
696;20:51:42.384;enp0s25;0;0
697;20:51:43.391;enp0s25;0;64
698;20:51:44.398;enp0s25;64;64
699;20:51:45.407;enp0s25;18171;415786
700;20:51:46.426;enp0s25;92502;1840336
701;20:51:47.436;enp0s25;77848;2175575
702;20:51:48.444;enp0s25;1412;46992
703;20:51:49.458;enp0s25;16784;336563
704;20:51:50.467;enp0s25;12758;247971
705;20:51:51.481;enp0s25;28780;468399
706;20:51:52.491;enp0s25;11026;246027
707;20:51:53.497;enp0s25;31382;617389
708;20:51:54.510;enp0s25;16775;208079
709;20:51:55.518;enp0s25;192;852
710;20:51:56.525;enp0s25;0;0
711;20:51:57.531;enp0s25;0;64
712;20:51:58.539;enp0s25;1920;960
713;20:51:59.545;enp0s25;0;0
714;20:52:00.552;enp0s25;2448;7039
715;20:52:01.559;enp0s25;3186;15531
716;20:52:02.565;enp0s25;2767;27959
717;20:52:03.572;enp0s25;4771;29988
718;20:52:04.579;enp0s25;16648;306967
719;20:52:05.585;enp0s25;4979;86621
720;20:52:06.592;enp0s25;5795;77441
721;20:52:07.599;enp0s25;69311;1505382
722;20:52:08.605;enp0s25;82376;2460338
723;20:52:09.612;enp0s25;50725;1045044
724;20:52:10.619;enp0s25;420;539
725;20:52:11.625;enp0s25;0;0
726;20:52:12.632;enp0s25;11174;157910
727;20:52:13.638;enp0s25;51801;1320708
728;20:52:14.645;enp0s25;4435;21318
729;20:52:15.652;enp0s25;2524;10865
730;20:52:16.659;enp0s25;4200;58181
731;20:52:17.665;enp0s25;8360;103752
732;20:52:18.672;enp0s25;9803;140999
733;20:52:19.679;enp0s25;24353;506319
734;20:52:20.687;enp0s25;0;150
735;20:52:21.699;enp0s25;420;647
736;20:52:22.706;enp0s25;8971;109421
737;20:52:23.714;enp0s25;3025;14621
738;20:52:24.721;enp0s25;3230;24208
739;20:52:25.731;enp0s25;10391;182803
740;20:52:26.749;enp0s25;87290;2870955
741;20:52:27.758;enp0s25;568;947
742;20:52:28.765;enp0s25;33514;625890
743;20:52:29.771;enp0s25;0;0
744;20:52:30.780;enp0s25;420;539
745;20:52:31.786;enp0s25;5178;25345
746;20:52:32.796;enp0s25;5261;41696
747;20:52:33.806;enp0s25;19918;360205
748;20:52:34.816;enp0s25;5061;34031
749;20:52:35.823;enp0s25;2182;4520
750;20:52:36.834;enp0s25;9144;112956
751;20:52:37.842;enp0s25;1155;553
752;20:52:38.851;enp0s25;24374;420690
753;20:52:39.862;enp0s25;69526;1758904
754;20:52:40.870;enp0s25;140;64
755;20:52:41.877;enp0s25;2710;6762
756;20:52:42.888;enp0s25;24330;563098
757;20:52:43.896;enp0s25;420;475
758;20:52:44.904;enp0s25;4075;15953
759;20:52:45.912;enp0s25;3819;31340
760;20:52:46.919;enp0s25;3193;51703
761;20:52:47.927;enp0s25;4686;29946
762;20:52:48.934;enp0s25;2953;15808
763;20:52:49.941;enp0s25;9074;140999
764;20:52:50.947;enp0s25;64;214
765;20:52:51.955;enp0s25;5640;51130
766;20:52:52.962;enp0s25;420;539
767;20:52:53.969;enp0s25;6097;67996
768;20:52:54.979;enp0s25;0;64
769;20:52:55.992;enp0s25;2463;8046
770;20:52:57.004;enp0s25;2520;14941
771;20:52:58.016;enp0s25;6675;67475
772;20:52:59.024;enp0s25;3234;5456
773;20:53:00.036;enp0s25;3032;42737
774;20:53:01.045;enp0s25;5398;34026
775;20:53:02.052;enp0s25;5206;55923
776;20:53:03.061;enp0s25;21031;413226
777;20:53:04.071;enp0s25;350;582
778;20:53:05.078;enp0s25;3489;17855
779;20:53:06.088;enp0s25;5196;108603
780;20:53:07.096;enp0s25;10658;133519
781;20:53:08.103;enp0s25;2244;4520
782;20:53:09.115;enp0s25;3367;29844
783;20:53:10.123;enp0s25;22857;383197
784;20:53:11.132;enp0s25;2119;22686
785;20:53:12.139;enp0s25;7614;83353
786;20:53:13.146;enp0s25;3435;33193
787;20:53:14.157;enp0s25;16734;295590
788;20:53:15.172;enp0s25;3337;13867
789;20:53:16.187;enp0s25;2291;21586
790;20:53:17.197;enp0s25;7681;75841
791;20:53:18.210;enp0s25;10862;256551
792;20:53:19.218;enp0s25;420;539
793;20:53:20.225;enp0s25;4698;26950
794;20:53:21.231;enp0s25;2360;5480
795;20:53:22.238;enp0s25;99743;3389427
796;20:53:23.253;enp0s25;85241;3159438
797;20:53:24.261;enp0s25;4300;18995
798;20:53:25.268;enp0s25;0;64
799;20:53:26.275;enp0s25;568;553
800;20:53:27.281;enp0s25;5223;38519
801;20:53:28.288;enp0s25;7646;88254
802;20:53:29.295;enp0s25;4714;64946
803;20:53:30.302;enp0s25;80513;2149371
804;20:53:31.316;enp0s25;84700;2807630
805;20:53:32.323;enp0s25;5362;42433
806;20:53:33.334;enp0s25;14560;279457
807;20:53:34.342;enp0s25;5073;39871
808;20:53:35.349;enp0s25;420;646
809;20:53:36.356;enp0s25;3775;29948
810;20:53:37.369;enp0s25;17830;333016
811;20:53:38.379;enp0s25;420;475
812;20:53:39.386;enp0s25;0;64
813;20:53:40.398;enp0s25;0;0
814;20:53:41.405;enp0s25;226;293
815;20:53:42.415;enp0s25;9513;150744
816;20:53:43.426;enp0s25;52259;1614881
817;20:53:44.433;enp0s25;0;0
818;20:53:45.446;enp0s25;3641;23251
819;20:53:46.457;enp0s25;12971;479758
820;20:53:47.469;enp0s25;14770;631552
821;20:53:48.480;enp0s25;14910;637646
822;20:53:49.491;enp0s25;13160;557170
823;20:53:50.497;enp0s25;14770;631488
824;20:53:51.504;enp0s25;14630;619580
825;20:53:52.516;enp0s25;13300;558624
826;20:53:53.530;enp0s25;14420;613336
827;20:53:54.547;enp0s25;14630;625480
828;20:53:55.562;enp0s25;13090;557106
829;20:53:56.571;enp0s25;12944;543572
830;20:53:57.583;enp0s25;13300;560142
831;20:53:58.597;enp0s25;14420;613336
832;20:53:59.615;enp0s25;14840;634524
833;20:54:00.629;enp0s25;13930;590566
834;20:54:01.639;enp0s25;13860;588984
835;20:54:02.656;enp0s25;14840;631552
836;20:54:03.671;enp0s25;14840;634524
837;20:54:04.688;enp0s25;10570;449392
838;20:54:05.702;enp0s25;12950;554177
839;20:54:06.710;enp0s25;11200;476823
840;20:54:07.724;enp0s25;14764;628516
841;20:54:08.739;enp0s25;14770;631552
842;20:54:09.756;enp0s25;14560;614790
843;20:54:10.769;enp0s25;13230;557170
844;20:54:11.780;enp0s25;14280;610236
845;20:54:12.793;enp0s25;15120;643696
846;20:54:13.808;enp0s25;14770;631488
847;20:54:14.823;enp0s25;10984;458564
848;20:54:15.839;enp0s25;10360;443256
849;20:54:16.856;enp0s25;13160;560206
850;20:54:17.864;enp0s25;14840;634524
851;20:54:18.874;enp0s25;15114;640724
852;20:54:19.885;enp0s25;13230;560142
853;20:54:20.903;enp0s25;14560;622444
854;20:54:21.919;enp0s25;14910;634696
855;20:54:22.935;enp0s25;14980;637624
856;20:54:23.946;enp0s25;14770;631488
857;20:54:24.955;enp0s25;11270;479752
858;20:54:25.969;enp0s25;11060;466026
859;20:54:26.984;enp0s25;11970;508594
860;20:54:28.001;enp0s25;14630;625416
861;20:54:29.018;enp0s25;14910;634588
862;20:54:30.030;enp0s25;15204;637624
863;20:54:31.039;enp0s25;14770;631552
864;20:54:32.051;enp0s25;14910;632826
865;20:54:33.066;enp0s25;14980;637624
866;20:54:34.078;enp0s25;14070;593538
867;20:54:35.088;enp0s25;13300;570832
868;20:54:36.097;enp0s25;9450;399234
869;20:54:37.111;enp0s25;11970;514773
870;20:54:38.120;enp0s25;13440;573911
871;20:54:39.134;enp0s25;14350;610300
872;20:54:40.147;enp0s25;11964;513148
873;20:54:41.162;enp0s25;14980;637624
874;20:54:42.172;enp0s25;14700;625416
875;20:54:43.182;enp0s25;14140;593602
876;20:54:44.196;enp0s25;13440;573804
877;20:54:45.211;enp0s25;12180;520738
878;20:54:46.225;enp0s25;10878;390126
879;20:54:47.239;enp0s25;12670;551098
880;20:54:48.249;enp0s25;14840;637560
881;20:54:49.262;enp0s25;14980;633070
882;20:54:50.274;enp0s25;13020;554070
883;20:54:51.290;enp0s25;14624;622508
884;20:54:52.304;enp0s25;14630;637732
885;20:54:53.316;enp0s25;14280;611818
886;20:54:54.326;enp0s25;13160;561660
887;20:54:55.344;enp0s25;12950;557170
888;20:54:56.361;enp0s25;7760;248952
889;20:54:57.372;enp0s25;8936;373492
890;20:54:58.386;enp0s25;8674;375010
891;20:54:59.398;enp0s25;13020;567796
892;20:55:00.414;enp0s25;13230;560142
893;20:55:01.432;enp0s25;13510;575386
894;20:55:02.448;enp0s25;13644;578966
895;20:55:03.458;enp0s25;13300;570272
896;20:55:04.470;enp0s25;4270;172202
897;20:55:05.477;enp0s25;0;1214
898;20:55:06.487;enp0s25;0;504
899;20:55:07.495;enp0s25;0;171
900;20:55:08.501;enp0s25;0;1257
901;20:55:09.508;enp0s25;0;458
902;20:55:10.515;enp0s25;0;0
903;20:55:11.521;enp0s25;0;64
904;20:55:12.528;enp0s25;0;0
905;20:55:13.534;enp0s25;64;128
906;20:55:14.541;enp0s25;0;0
907;20:55:15.548;enp0s25;0;86
908;20:55:16.561;enp0s25;0;64
909;20:55:17.573;enp0s25;0;0
910;20:55:18.582;enp0s25;0;64
911;20:55:19.589;enp0s25;0;0
912;20:55:20.596;enp0s25;0;64
913;20:55:21.602;enp0s25;0;0
914;20:55:22.611;enp0s25;647;808
915;20:55:23.624;enp0s25;350;3921
916;20:55:24.632;enp0s25;64;128
917;20:55:25.638;enp0s25;0;0
918;20:55:26.646;enp0s25;0;64
919;20:55:27.658;enp0s25;0;0
920;20:55:28.668;enp0s25;0;64
921;20:55:29.676;enp0s25;10856;257199
922;20:55:30.685;enp0s25;21971;579171
923;20:55:31.701;enp0s25;13090;557106
924;20:55:32.718;enp0s25;13930;592084
925;20:55:33.731;enp0s25;13230;566214
926;20:55:34.745;enp0s25;13020;551098
927;20:55:35.755;enp0s25;11474;485824
928;20:55:36.770;enp0s25;10566;449392
929;20:55:37.787;enp0s25;12670;554070
930;20:55:38.803;enp0s25;13370;566385
931;20:55:39.817;enp0s25;13818;584887
932;20:55:40.827;enp0s25;9660;408406
933;20:55:41.842;enp0s25;14000;601128
934;20:55:42.856;enp0s25;13090;557170
935;20:55:43.873;enp0s25;12880;551034
936;20:55:44.886;enp0s25;13930;593602
937;20:55:45.898;enp0s25;11130;496386
938;20:55:46.907;enp0s25;10320;399362
939;20:55:47.922;enp0s25;13090;557106
940;20:55:48.936;enp0s25;13720;582976
941;20:55:49.948;enp0s25;13510;579876
942;20:55:50.959;enp0s25;12950;551098
943;20:55:51.968;enp0s25;12880;551206
944;20:55:52.984;enp0s25;11480;488860
945;20:55:54.000;enp0s25;12320;526746
946;20:55:55.013;enp0s25;13510;575386
947;20:55:56.027;enp0s25;11130;505494
948;20:55:57.035;enp0s25;11970;523774
949;20:55:58.042;enp0s25;13504;579940
950;20:55:59.055;enp0s25;13160;560292
951;20:56:00.072;enp0s25;13020;554070
952;20:56:01.082;enp0s25;13090;554134
953;20:56:02.096;enp0s25;14210;602646
954;20:56:03.106;enp0s25;13020;554134
955;20:56:04.121;enp0s25;12740;551034
956;20:56:05.139;enp0s25;12880;557170
957;20:56:06.153;enp0s25;8824;382536
958;20:56:07.163;enp0s25;7746;347686
959;20:56:08.174;enp0s25;14198;604292
960;20:56:09.182;enp0s25;13300;570832
961;20:56:10.197;enp0s25;12880;548105
962;20:56:11.208;enp0s25;12880;554241
963;20:56:12.217;enp0s25;13160;560142
964;20:56:13.232;enp0s25;14210;608782
965;20:56:14.243;enp0s25;13020;554070
966;20:56:15.255;enp0s25;13020;557170
967;20:56:16.265;enp0s25;8554;371910
968;20:56:17.281;enp0s25;11316;484306
969;20:56:18.300;enp0s25;14140;604164
970;20:56:19.311;enp0s25;12804;545090
971;20:56:20.325;enp0s25;13160;560142
972;20:56:21.336;enp0s25;10570;452428
973;20:56:22.351;enp0s25;12950;557278
974;20:56:23.368;enp0s25;14480;602710
975;20:56:24.380;enp0s25;13020;558624
976;20:56:25.395;enp0s25;12740;551098
977;20:56:26.409;enp0s25;10500;476652
978;20:56:27.417;enp0s25;13090;554134
979;20:56:28.434;enp0s25;13020;547998
980;20:56:29.450;enp0s25;14070;602710
981;20:56:30.461;enp0s25;13014;551098
982;20:56:31.477;enp0s25;12880;551098
983;20:56:32.488;enp0s25;13090;554070
984;20:56:33.503;enp0s25;13860;596638
985;20:56:34.513;enp0s25;12944;548062
986;20:56:35.528;enp0s25;11480;491896
987;20:56:36.542;enp0s25;9870;446292
988;20:56:37.552;enp0s25;16306;599495
989;20:56:38.567;enp0s25;13403;559629
990;20:56:39.577;enp0s25;13440;572286
991;20:56:40.586;enp0s25;12880;551205
992;20:56:41.598;enp0s25;10564;452535
993;20:56:42.607;enp0s25;13020;551184
994;20:56:43.622;enp0s25;12880;547998
995;20:56:44.638;enp0s25;14490;620926
996;20:56:45.651;enp0s25;10710;467544
997;20:56:46.667;enp0s25;8610;399298
998;20:56:47.676;enp0s25;7978;276276
999;20:56:48.694;enp0s25;11550;505558
1000;20:56:49.709;enp0s25;11410;497904
1001;20:56:50.725;enp0s25;11830;517702
1002;20:56:51.737;enp0s25;7630;329406
1003;20:56:52.746;enp0s25;11404;496686
1004;20:56:53.760;enp0s25;12600;538890
1005;20:56:54.778;enp0s25;12320;522256
1006;20:56:55.795;enp0s25;10710;458436
1007;20:56:56.804;enp0s25;7034;273304
1008;20:56:57.820;enp0s25;8190;355212
1009;20:56:58.834;enp0s25;12110;522256
1010;20:56:59.849;enp0s25;11550;496386
1011;20:57:00.861;enp0s25;12040;522256
1012;20:57:01.870;enp0s25;11550;499422
1013;20:57:02.885;enp0s25;12250;525292
1014;20:57:03.901;enp0s25;11614;494932
1015;20:57:04.915;enp0s25;11970;516184
1016;20:57:05.924;enp0s25;9212;318844
1017;20:57:06.942;enp0s25;4760;208030
1018;20:57:07.956;enp0s25;9030;397960
1019;20:57:08.970;enp0s25;11690;514234
1020;20:57:09.983;enp0s25;7420;322966
1021;20:57:10.992;enp0s25;12600;537436
1022;20:57:12.008;enp0s25;11900;503069
1023;20:57:13.024;enp0s25;11970;509851
1024;20:57:14.037;enp0s25;12460;534336
1025;20:57:15.048;enp0s25;12314;517766
1026;20:57:16.064;enp0s25;9724;411378
1027;20:57:17.082;enp0s25;9538;408406
1028;20:57:18.098;enp0s25;11830;520674
1029;20:57:19.116;enp0s25;11760;507076
1030;20:57:20.128;enp0s25;10150;442242
1031;20:57:21.143;enp0s25;10290;444838
1032;20:57:22.158;enp0s25;7675;281815
1033;20:57:23.175;enp0s25;18270;566450
1034;20:57:24.187;enp0s25;13020;554464
1035;20:57:25.195;enp0s25;12767;532025
1036;20:57:26.209;enp0s25;14488;541990
1037;20:57:27.225;enp0s25;10010;317326
1038;20:57:28.241;enp0s25;14420;622380
1039;20:57:29.254;enp0s25;10932;441662
1040;20:57:30.264;enp0s25;10118;383533
1041;20:57:31.280;enp0s25;7739;259605
1042;20:57:32.296;enp0s25;9899;400000
1043;20:57:33.312;enp0s25;8697;306508
1044;20:57:34.325;enp0s25;10385;414488
1045;20:57:35.336;enp0s25;14804;631125
1046;20:57:36.352;enp0s25;12314;545450
1047;20:57:37.371;enp0s25;12880;552218
1048;20:57:38.388;enp0s25;12880;549148
1049;20:57:39.403;enp0s25;14490;624466
1050;20:57:40.413;enp0s25;13090;557106
1051;20:57:41.428;enp0s25;13230;564392
1052;20:57:42.448;enp0s25;13440;566321
1053;20:57:43.466;enp0s25;9730;420657
1054;20:57:44.481;enp0s25;13650;587466
1055;20:57:45.492;enp0s25;10920;476716
1056;20:57:46.503;enp0s25;11690;532818
1057;20:57:47.517;enp0s25;12524;535982
1058;20:57:48.528;enp0s25;13020;557610
1059;20:57:49.542;enp0s25;13090;554134
1060;20:57:50.556;enp0s25;12740;545026
1061;20:57:51.566;enp0s25;14000;607594
1062;20:57:52.575;enp0s25;13160;564932
1063;20:57:53.588;enp0s25;13090;557106
1064;20:57:54.603;enp0s25;13090;559486
1065;20:57:55.618;enp0s25;10046;433756
1066;20:57:56.627;enp0s25;10710;477476
1067;20:57:57.641;enp0s25;7982;276326
1068;20:57:58.656;enp0s25;11839;461710
1069;20:57:59.671;enp0s25;8698;327782
1070;20:58:00.684;enp0s25;12880;552248
1071;20:58:01.694;enp0s25;12880;551034
1072;20:58:02.711;enp0s25;13020;554134
1073;20:58:03.728;enp0s25;14420;608718
1074;20:58:04.742;enp0s25;12950;553010
1075;20:58:05.754;enp0s25;10780;467544
1076;20:58:06.765;enp0s25;11410;509392
1077;20:58:07.773;enp0s25;13650;585516
1078;20:58:08.786;enp0s25;9660;409252
1079;20:58:09.801;enp0s25;10713;407681
1080;20:58:10.812;enp0s25;4012;100981
1081;20:58:11.822;enp0s25;2855;45733
1082;20:58:12.839;enp0s25;3670;87835
1083;20:58:13.856;enp0s25;2905;46232
1084;20:58:14.868;enp0s25;5835;192266
1085;20:58:15.883;enp0s25;2470;40791
1086;20:58:16.893;enp0s25;2023;44176
1087;20:58:17.909;enp0s25;3985;82668
1088;20:58:18.923;enp0s25;2686;49239
1089;20:58:19.939;enp0s25;5627;189348
1090;20:58:20.949;enp0s25;3734;83239
1091;20:58:21.960;enp0s25;4004;107808
1092;20:58:22.973;enp0s25;14611;381353
1093;20:58:23.988;enp0s25;6010;183586
1094;20:58:25.000;enp0s25;11443;475307
1095;20:58:26.009;enp0s25;4279;117772
1096;20:58:27.029;enp0s25;2435;39593
1097;20:58:28.049;enp0s25;3712;73026
1098;20:58:29.065;enp0s25;5028;155745
1099;20:58:30.077;enp0s25;3384;57753
1100;20:58:31.088;enp0s25;4750;136078
1101;20:58:32.102;enp0s25;4953;140461
1102;20:58:33.115;enp0s25;3912;89033
1103;20:58:34.130;enp0s25;3979;85358
1104;20:58:35.139;enp0s25;9364;302685
1105;20:58:36.150;enp0s25;10920;398110
1106;20:58:37.165;enp0s25;14700;628516
1107;20:58:38.179;enp0s25;13790;582912
1108;20:58:39.191;enp0s25;13790;589048
1109;20:58:40.202;enp0s25;15443;637790
1110;20:58:41.214;enp0s25;12372;500154
1111;20:58:42.230;enp0s25;13298;522813
1112;20:58:43.247;enp0s25;5028;140337
1113;20:58:44.258;enp0s25;7875;266660
1114;20:58:45.271;enp0s25;12880;548169
1115;20:58:46.287;enp0s25;5938;240610
1116;20:58:47.302;enp0s25;128;64
1117;20:58:48.309;enp0s25;64;0
1118;20:58:49.316;enp0s25;0;64
1119;20:58:50.324;enp0s25;64;0
1120;20:58:51.332;enp0s25;0;64
1121;20:58:52.339;enp0s25;0;86
1122;20:58:53.351;enp0s25;64;300
1123;20:58:54.358;enp0s25;64;0
1124;20:58:55.366;enp0s25;0;64
1125;20:58:56.373;enp0s25;0;0
1126;20:58:57.381;enp0s25;0;64
1127;20:58:58.390;enp0s25;0;0
1128;20:58:59.397;enp0s25;0;64
1129;20:59:00.406;enp0s25;0;0
1130;20:59:01.420;enp0s25;0;64
1131;20:59:02.428;enp0s25;64;0
1132;20:59:03.437;enp0s25;0;64
1133;20:59:04.443;enp0s25;64;64
1134;20:59:05.450;enp0s25;257;364
1135;20:59:06.459;enp0s25;5153;133732
1136;20:59:07.473;enp0s25;16380;533945
1137;20:59:08.485;enp0s25;12740;541926
1138;20:59:09.497;enp0s25;13160;560206
1139;20:59:10.508;enp0s25;13090;560142
1140;20:59:11.517;enp0s25;13020;551098
1141;20:59:12.531;enp0s25;12646;519156
1142;20:59:13.541;enp0s25;14634;586012
1143;20:59:14.554;enp0s25;5180;211818
1144;20:59:15.641;enp0s25;64;171
1145;20:59:16.652;enp0s25;0;171
1146;20:59:17.659;enp0s25;0;0
1147;20:59:18.665;enp0s25;64;64
1148;20:59:19.672;enp0s25;0;1644
1149;20:59:20.679;enp0s25;0;3184
1150;20:59:21.685;enp0s25;3425;61603
1151;20:59:22.702;enp0s25;0;1214
1152;20:59:23.718;enp0s25;12906;552865
1153;20:59:24.733;enp0s25;1840;66274
1154;20:59:25.745;enp0s25;1808;61768
1155;20:59:26.754;enp0s25;64;128
1156;20:59:27.770;enp0s25;17556;471182
1157;20:59:28.786;enp0s25;4642;203362
1158;20:59:29.794;enp0s25;11298;410963
1159;20:59:30.803;enp0s25;1406;45072
1160;20:59:31.815;enp0s25;22768;927946
1161;20:59:32.827;enp0s25;15550;566040
1162;20:59:33.842;enp0s25;10732;371627
1163;20:59:34.860;enp0s25;8474;270548
1164;20:59:35.876;enp0s25;0;86
1165;20:59:36.887;enp0s25;2768;87618
1166;20:59:37.902;enp0s25;896;48588
1167;20:59:38.910;enp0s25;1352;45387
1168;20:59:39.924;enp0s25;2808;90956
1169;20:59:40.937;enp0s25;23990;916677
1170;20:59:41.947;enp0s25;4608;167533
1171;20:59:42.964;enp0s25;10262;432405
1172;20:59:43.974;enp0s25;0;64
1173;20:59:44.986;enp0s25;6324;239087
1174;20:59:46.003;enp0s25;0;0
1175;20:59:47.015;enp0s25;3770;133238
1176;20:59:48.026;enp0s25;19586;730908
1177;20:59:49.036;enp0s25;1920;71008
1178;20:59:50.046;enp0s25;29860;1286969
1179;20:59:51.061;enp0s25;1858;23705
1180;20:59:52.075;enp0s25;1186;12576
1181;20:59:53.087;enp0s25;6382;268892
1182;20:59:54.097;enp0s25;21424;705111
1183;20:59:55.112;enp0s25;2884;96159
1184;20:59:56.128;enp0s25;5600;302461
1185;20:59:57.144;enp0s25;2960;123479
1186;20:59:58.157;enp0s25;9194;388126
1187;20:59:59.170;enp0s25;11452;531284
1188;21:00:00.186;enp0s25;64;64
1189;21:00:01.201;enp0s25;1242;36418
1190;21:00:02.216;enp0s25;1114;32295
1191;21:00:03.229;enp0s25;0;64
1192;21:00:04.239;enp0s25;35274;1829381
1193;21:00:05.248;enp0s25;4210;133895
1194;21:00:06.260;enp0s25;9726;296817
1195;21:00:07.278;enp0s25;0;64
1196;21:00:08.294;enp0s25;524;3371
1197;21:00:09.305;enp0s25;844;17054
1198;21:00:10.317;enp0s25;2316;41746
1199;21:00:11.333;enp0s25;682;7624
1200;21:00:12.350;enp0s25;0;0
1201;21:00:13.364;enp0s25;678;9524
1202;21:00:14.375;enp0s25;39720;1928437
1203;21:00:15.388;enp0s25;2660;87367
1204;21:00:16.399;enp0s25;0;0
1205;21:00:17.416;enp0s25;10846;505544
1206;21:00:18.430;enp0s25;9600;421094
1207;21:00:19.442;enp0s25;0;150
1208;21:00:20.455;enp0s25;19312;773523
1209;21:00:21.465;enp0s25;24306;1077116
1210;21:00:22.482;enp0s25;5566;184670
1211;21:00:23.499;enp0s25;13702;584215
1212;21:00:24.516;enp0s25;8102;243420
1213;21:00:25.530;enp0s25;772;16987
1214;21:00:26.540;enp0s25;7854;142443
1215;21:00:27.552;enp0s25;7862;194261
1216;21:00:28.569;enp0s25;9802;248014
1217;21:00:29.579;enp0s25;2486;51632
1218;21:00:30.586;enp0s25;1262;35251
1219;21:00:31.598;enp0s25;1028;28732
1220;21:00:32.607;enp0s25;9108;412155
1221;21:00:33.624;enp0s25;7684;283311
1222;21:00:34.641;enp0s25;1844;39895
1223;21:00:35.657;enp0s25;964;21465
1224;21:00:36.669;enp0s25;4036;87960
1225;21:00:37.683;enp0s25;7852;328420
1226;21:00:38.690;enp0s25;18210;561426
1227;21:00:39.705;enp0s25;5702;121259
1228;21:00:40.720;enp0s25;15282;497728
1229;21:00:41.730;enp0s25;16292;538276
1230;21:00:42.737;enp0s25;27014;1137219
1231;21:00:43.745;enp0s25;10102;270378
1232;21:00:44.753;enp0s25;11074;342371
1233;21:00:45.769;enp0s25;1494;60466
1234;21:00:46.787;enp0s25;8834;231289
1235;21:00:47.796;enp0s25;6788;253599
1236;21:00:48.806;enp0s25;23736;862516
1237;21:00:49.815;enp0s25;18566;629051
1238;21:00:50.826;enp0s25;7462;308516
1239;21:00:51.845;enp0s25;6328;185521
1240;21:00:52.854;enp0s25;7372;263667
1241;21:00:53.865;enp0s25;19252;569472
1242;21:00:54.874;enp0s25;12302;304336
1243;21:00:55.884;enp0s25;15328;402740
1244;21:00:56.896;enp0s25;54282;1793539
1245;21:00:57.910;enp0s25;8554;271717
1246;21:00:58.921;enp0s25;16202;467441
1247;21:00:59.929;enp0s25;13592;451274
1248;21:01:00.937;enp0s25;17590;585464
1249;21:01:01.949;enp0s25;5920;225749
1250;21:01:02.961;enp0s25;11458;246782
1251;21:01:03.969;enp0s25;16266;415947
1252;21:01:04.977;enp0s25;5240;164269
1253;21:01:05.992;enp0s25;4736;199265
1254;21:01:07.010;enp0s25;5174;141727
1255;21:01:08.023;enp0s25;14732;330612
1256;21:01:09.033;enp0s25;10236;187702
1257;21:01:10.042;enp0s25;6038;115072
1258;21:01:11.059;enp0s25;7026;123770
1259;21:01:12.068;enp0s25;5674;192394
1260;21:01:13.083;enp0s25;4922;127811
1261;21:01:14.094;enp0s25;10146;426380
1262;21:01:15.107;enp0s25;13354;435152
1263;21:01:16.117;enp0s25;6034;130334
1264;21:01:17.127;enp0s25;10556;186519
1265;21:01:18.137;enp0s25;11610;183988
1266;21:01:19.150;enp0s25;27758;1278974
1267;21:01:20.159;enp0s25;29726;1167045
1268;21:01:21.166;enp0s25;10206;442913
1269;21:01:22.173;enp0s25;53104;2487767
1270;21:01:23.183;enp0s25;6728;264997
1271;21:01:24.199;enp0s25;49828;2367521
1272;21:01:25.209;enp0s25;26012;968228
1273;21:01:26.226;enp0s25;3320;56380
1274;21:01:27.237;enp0s25;7264;180038
1275;21:01:28.246;enp0s25;4926;132687
1276;21:01:29.254;enp0s25;3226;69746
1277;21:01:30.263;enp0s25;15398;347273
1278;21:01:31.272;enp0s25;2440;65848
1279;21:01:32.287;enp0s25;546;2851
1280;21:01:33.298;enp0s25;10004;263687
1281;21:01:34.308;enp0s25;14830;494767
1282;21:01:35.317;enp0s25;8492;341356
1283;21:01:36.325;enp0s25;11460;298242
1284;21:01:37.337;enp0s25;12194;206126
1285;21:01:38.346;enp0s25;10996;203410
1286;21:01:39.355;enp0s25;19246;590466
1287;21:01:40.364;enp0s25;5290;151403
1288;21:01:41.372;enp0s25;4646;117006
1289;21:01:42.386;enp0s25;14550;358002
1290;21:01:43.401;enp0s25;27092;1372607
1291;21:01:44.411;enp0s25;41280;2015618
1292;21:01:45.424;enp0s25;30222;1735418
1293;21:01:46.435;enp0s25;15716;756155
1294;21:01:47.446;enp0s25;20330;930303
1295;21:01:48.458;enp0s25;11542;369561
1296;21:01:49.473;enp0s25;15724;372748
1297;21:01:50.484;enp0s25;31222;1341522
1298;21:01:51.495;enp0s25;24370;894992
1299;21:01:52.506;enp0s25;8608;193265
1300;21:01:53.517;enp0s25;1898;46330
1301;21:01:54.530;enp0s25;13642;355969
1302;21:01:55.539;enp0s25;13690;336086
1303;21:01:56.553;enp0s25;5584;162964
1304;21:01:57.563;enp0s25;17466;516871
1305;21:01:58.571;enp0s25;1294;13463
1306;21:01:59.578;enp0s25;3272;46906
1307;21:02:00.595;enp0s25;9024;407781
1308;21:02:01.609;enp0s25;13070;546780
1309;21:02:02.625;enp0s25;3876;77524
1310;21:02:03.634;enp0s25;118340;6189482
1311;21:02:04.641;enp0s25;9390;432496
1312;21:02:05.651;enp0s25;1104;32369
1313;21:02:06.668;enp0s25;5808;80563
1314;21:02:07.675;enp0s25;14246;319528
1315;21:02:08.685;enp0s25;57504;2902981
1316;21:02:09.692;enp0s25;12714;313592
1317;21:02:10.708;enp0s25;256;11398
1318;21:02:11.717;enp0s25;64;64
1319;21:02:12.723;enp0s25;0;64
1320;21:02:13.730;enp0s25;0;0
1321;21:02:14.736;enp0s25;0;64
1322;21:02:15.743;enp0s25;0;0
1323;21:02:16.750;enp0s25;0;64
1324;21:02:17.756;enp0s25;0;0
1325;21:02:18.763;enp0s25;0;64
1326;21:02:19.769;enp0s25;0;0
1327;21:02:20.776;enp0s25;0;64
1328;21:02:21.782;enp0s25;0;107
1329;21:02:22.789;enp0s25;64;235
1330;21:02:23.795;enp0s25;0;172
1331;21:02:24.802;enp0s25;0;64
1332;21:02:25.809;enp0s25;0;0
1333;21:02:26.815;enp0s25;0;64
1334;21:02:27.822;enp0s25;0;0
1335;21:02:28.828;enp0s25;0;64
1336;21:02:29.835;enp0s25;0;86
1337;21:02:30.842;enp0s25;128;128
1338;21:02:31.848;enp0s25;0;0
1339;21:02:32.855;enp0s25;0;64
1340;21:02:33.861;enp0s25;64;64
1341;21:02:34.868;enp0s25;0;64
1342;21:02:35.875;enp0s25;0;0
1343;21:02:36.881;enp0s25;0;64
1344;21:02:37.888;enp0s25;0;0
1345;21:02:38.894;enp0s25;0;64
1346;21:02:39.901;enp0s25;0;0
1347;21:02:40.907;enp0s25;0;64
1348;21:02:41.914;enp0s25;0;0
1349;21:02:42.921;enp0s25;0;64
1350;21:02:43.927;enp0s25;0;0
1351;21:02:44.934;enp0s25;64;128
1352;21:02:45.940;enp0s25;0;0
1353;21:02:46.947;enp0s25;0;64
1354;21:02:47.953;enp0s25;0;0
1355;21:02:48.960;enp0s25;0;64
1356;21:02:49.966;enp0s25;0;0
1357;21:02:50.973;enp0s25;0;64
1358;21:02:51.979;enp0s25;0;0
1359;21:02:52.986;enp0s25;0;171
1360;21:02:53.993;enp0s25;0;279
1361;21:02:54.999;enp0s25;0;64
1362;21:02:56.006;enp0s25;64;64
1363;21:02:57.012;enp0s25;0;64
1364;21:02:58.019;enp0s25;0;247
1365;21:02:59.026;enp0s25;0;64
1366;21:03:00.032;enp0s25;0;0
1367;21:03:01.039;enp0s25;0;64
1368;21:03:02.045;enp0s25;0;0
1369;21:03:03.052;enp0s25;0;64
1370;21:03:04.059;enp0s25;0;0
1371;21:03:05.065;enp0s25;0;64
1372;21:03:06.072;enp0s25;0;0
1373;21:03:07.078;enp0s25;64;128
1374;21:03:08.085;enp0s25;0;0
1375;21:03:09.091;enp0s25;0;64
1376;21:03:10.098;enp0s25;0;0
1377;21:03:11.105;enp0s25;0;64
1378;21:03:12.112;enp0s25;0;0
1379;21:03:13.118;enp0s25;0;150
1380;21:03:14.125;enp0s25;0;0
1381;21:03:15.131;enp0s25;0;1018
1382;21:03:16.138;enp0s25;0;798
1383;21:03:17.144;enp0s25;0;64
1384;21:03:18.151;enp0s25;64;862
1385;21:03:19.158;enp0s25;0;64
1386;21:03:20.165;enp0s25;0;0
1387;21:03:21.178;enp0s25;0;64
1388;21:03:22.185;enp0s25;0;798
1389;21:03:23.193;enp0s25;0;64
1390;21:03:24.200;enp0s25;0;279
1391;21:03:25.207;enp0s25;0;171
1392;21:03:26.218;enp0s25;0;0
1393;21:03:27.225;enp0s25;0;64
1394;21:03:28.231;enp0s25;0;0
1395;21:03:29.238;enp0s25;64;128
1396;21:03:30.245;enp0s25;0;0
1397;21:03:31.251;enp0s25;0;64
1398;21:03:32.258;enp0s25;0;0
1399;21:03:33.265;enp0s25;0;64
1400;21:03:34.271;enp0s25;0;0
1401;21:03:35.278;enp0s25;0;64
1402;21:03:36.285;enp0s25;0;1304
1403;21:03:37.291;enp0s25;0;3524
1404;21:03:38.298;enp0s25;0;1120
1405;21:03:39.305;enp0s25;0;1214
1406;21:03:40.311;enp0s25;64;568
1407;21:03:41.318;enp0s25;0;64
1408;21:03:42.325;enp0s25;0;1150
1409;21:03:43.331;enp0s25;0;64
1410;21:03:44.338;enp0s25;0;0
1411;21:03:45.345;enp0s25;0;64
1412;21:03:46.352;enp0s25;0;0
1413;21:03:47.359;enp0s25;0;64
1414;21:03:48.365;enp0s25;0;0
1415;21:03:49.372;enp0s25;0;756
1416;21:03:50.378;enp0s25;0;0
1417;21:03:51.385;enp0s25;64;396
1418;21:03:52.392;enp0s25;0;0
1419;21:03:53.398;enp0s25;0;332
1420;21:03:54.405;enp0s25;0;172
1421;21:03:55.411;enp0s25;0;64
1422;21:03:56.418;enp0s25;0;296
1423;21:03:57.425;enp0s25;0;274
1424;21:03:58.431;enp0s25;0;0
1425;21:03:59.438;enp0s25;0;64
1426;21:04:00.445;enp0s25;0;604
1427;21:04:01.452;enp0s25;0;64
1428;21:04:02.458;enp0s25;64;64
1429;21:04:03.465;enp0s25;0;64
1430;21:04:04.471;enp0s25;0;0
1431;21:04:05.478;enp0s25;0;64
1432;21:04:06.485;enp0s25;0;0
1433;21:04:07.491;enp0s25;0;64
1434;21:04:08.498;enp0s25;0;0
1435;21:04:09.504;enp0s25;0;64
1436;21:04:10.511;enp0s25;0;0
1437;21:04:11.518;enp0s25;0;64
1438;21:04:12.525;enp0s25;0;0
1439;21:04:13.531;enp0s25;64;128
1440;21:04:14.538;enp0s25;0;0
1441;21:04:15.544;enp0s25;0;64
1442;21:04:16.551;enp0s25;0;64
1443;21:04:17.557;enp0s25;0;0
1444;21:04:18.564;enp0s25;0;64
1445;21:04:19.570;enp0s25;0;0
1446;21:04:20.577;enp0s25;0;64
1447;21:04:21.584;enp0s25;0;0
1448;21:04:22.590;enp0s25;0;64
1449;21:04:23.597;enp0s25;0;0
1450;21:04:24.603;enp0s25;64;300
1451;21:04:25.610;enp0s25;0;380
1452;21:04:26.617;enp0s25;94;158
1453;21:04:27.623;enp0s25;0;0
1454;21:04:28.630;enp0s25;0;1982
1455;21:04:29.636;enp0s25;0;2398
1456;21:04:30.643;enp0s25;0;962
1457;21:04:31.650;enp0s25;64;632
1458;21:04:32.656;enp0s25;0;1786
1459;21:04:33.663;enp0s25;0;0
1460;21:04:34.669;enp0s25;64;128
1461;21:04:35.676;enp0s25;0;0
1462;21:04:36.682;enp0s25;0;1982
1463;21:04:37.689;enp0s25;0;2398
1464;21:04:38.696;enp0s25;0;1400
1465;21:04:39.702;enp0s25;0;0
1466;21:04:40.709;enp0s25;0;150
1467;21:04:41.715;enp0s25;0;0
1468;21:04:42.722;enp0s25;0;64
1469;21:04:43.729;enp0s25;0;0
1470;21:04:44.735;enp0s25;0;64
1471;21:04:45.748;enp0s25;64;64
1472;21:04:46.756;enp0s25;992;1306
1473;21:04:47.767;enp0s25;10412;4689
1474;21:04:48.776;enp0s25;0;64
1475;21:04:49.788;enp0s25;0;1500
1476;21:04:50.795;enp0s25;0;2880
1477;21:04:51.803;enp0s25;0;1336
1478;21:04:52.811;enp0s25;0;64
1479;21:04:53.818;enp0s25;0;0
1480;21:04:54.825;enp0s25;0;236
1481;21:04:55.836;enp0s25;0;0
1482;21:04:56.844;enp0s25;64;128
1483;21:04:57.854;enp0s25;809;5130
1484;21:04:58.862;enp0s25;0;64
1485;21:04:59.869;enp0s25;0;0
1486;21:05:00.877;enp0s25;0;64
1487;21:05:01.884;enp0s25;0;0
1488;21:05:02.891;enp0s25;0;64
1489;21:05:03.898;enp0s25;0;0
1490;21:05:04.905;enp0s25;0;64
1491;21:05:05.912;enp0s25;12938;28171
1492;21:05:06.919;enp0s25;13539;110998
1493;21:05:07.926;enp0s25;41859;436567
1494;21:05:08.933;enp0s25;156642;5984013
1495;21:05:09.940;enp0s25;110236;5245808
1496;21:05:10.947;enp0s25;147453;3409609
1497;21:05:11.954;enp0s25;56496;915390
1498;21:05:12.961;enp0s25;85934;1252002
1499;21:05:13.968;enp0s25;47174;737348
1500;21:05:14.975;enp0s25;44570;460944
1501;21:05:15.982;enp0s25;32576;439976
1502;21:05:16.989;enp0s25;50771;508272
1503;21:05:17.995;enp0s25;40504;582258
1504;21:05:19.002;enp0s25;36622;462158
1505;21:05:20.009;enp0s25;79407;1483445
1506;21:05:21.016;enp0s25;43502;791597
1507;21:05:22.022;enp0s25;45678;608964
1508;21:05:23.029;enp0s25;55064;801454
1509;21:05:24.036;enp0s25;20373;240053
1510;21:05:25.043;enp0s25;28511;381607
1511;21:05:26.050;enp0s25;17025;87266
1512;21:05:27.057;enp0s25;20428;104293
1513;21:05:28.064;enp0s25;38319;486469
1514;21:05:29.071;enp0s25;55713;897610
1515;21:05:30.078;enp0s25;109759;2316926
1516;21:05:31.085;enp0s25;34322;562901
1517;21:05:32.092;enp0s25;50231;497475
1518;21:05:33.099;enp0s25;40379;303482
1519;21:05:34.106;enp0s25;37034;318347
1520;21:05:35.112;enp0s25;48438;388722
1521;21:05:36.119;enp0s25;36408;262609
1522;21:05:37.126;enp0s25;33016;488283
1523;21:05:38.133;enp0s25;41906;458653
1524;21:05:39.140;enp0s25;68943;1736881
1525;21:05:40.146;enp0s25;35368;526884
1526;21:05:41.154;enp0s25;43932;777141
1527;21:05:42.161;enp0s25;57748;598763
1528;21:05:43.168;enp0s25;47909;1778664
1529;21:05:44.175;enp0s25;54274;4085971
1530;21:05:45.182;enp0s25;64025;1174243
1531;21:05:46.192;enp0s25;28324;299376
1532;21:05:47.199;enp0s25;39732;1453755
1533;21:05:48.206;enp0s25;16479;1070871
1534;21:05:49.213;enp0s25;0;64
1535;21:05:50.220;enp0s25;0;0
1536;21:05:51.226;enp0s25;0;64
1537;21:05:52.233;enp0s25;64;64
1538;21:05:53.240;enp0s25;0;64
1539;21:05:54.247;enp0s25;0;0
1540;21:05:55.254;enp0s25;0;236
1541;21:05:56.261;enp0s25;0;0
1542;21:05:57.267;enp0s25;226;293
1543;21:05:58.280;enp0s25;82727;1994999
1544;21:05:59.289;enp0s25;50830;1692048
1545;21:06:00.297;enp0s25;0;0
1546;21:06:01.303;enp0s25;1920;1024
1547;21:06:02.310;enp0s25;92417;1828626
1548;21:06:03.318;enp0s25;17096;306394
1549;21:06:04.328;enp0s25;19178;303280
1550;21:06:05.338;enp0s25;16967;155382
1551;21:06:06.344;enp0s25;69238;1140570
1552;21:06:07.351;enp0s25;1920;1110
1553;21:06:08.357;enp0s25;14447;280507
1554;21:06:09.368;enp0s25;74320;2416581
1555;21:06:10.377;enp0s25;88708;2093920
1556;21:06:11.384;enp0s25;54172;1416059
1557;21:06:12.391;enp0s25;126006;3632451
1558;21:06:13.401;enp0s25;64762;1807150
1559;21:06:14.410;enp0s25;28505;488583
1560;21:06:15.420;enp0s25;73675;1625354
1561;21:06:16.427;enp0s25;44512;1544991
1562;21:06:17.434;enp0s25;448;11889
1563;21:06:18.441;enp0s25;3209;4182
1564;21:06:19.457;enp0s25;92464;2086702
1565;21:06:20.474;enp0s25;74490;2173700
1566;21:06:21.490;enp0s25;6336;194603
1567;21:06:22.505;enp0s25;20500;477753
1568;21:06:23.514;enp0s25;11478;221589
1569;21:06:24.524;enp0s25;10884;183587
1570;21:06:25.539;enp0s25;47506;1130361
1571;21:06:26.547;enp0s25;4486;47479
1572;21:06:27.559;enp0s25;9354;136843
1573;21:06:28.571;enp0s25;35581;866361
1574;21:06:29.580;enp0s25;13284;168937
1575;21:06:30.588;enp0s25;115585;1796213
1576;21:06:31.595;enp0s25;38877;1232953
1577;21:06:32.602;enp0s25;0;64
1578;21:06:33.609;enp0s25;0;0
1579;21:06:34.615;enp0s25;1920;1024
1580;21:06:35.622;enp0s25;0;0
1581;21:06:36.629;enp0s25;64;128
1582;21:06:37.635;enp0s25;0;0
1583;21:06:38.642;enp0s25;0;64
1584;21:06:39.649;enp0s25;0;0
1585;21:06:40.655;enp0s25;0;64
1586;21:06:41.662;enp0s25;0;0
1587;21:06:42.669;enp0s25;0;64
1588;21:06:43.676;enp0s25;0;0
1589;21:06:44.682;enp0s25;0;64
1590;21:06:45.689;enp0s25;0;0
1591;21:06:46.696;enp0s25;0;64
1592;21:06:47.703;enp0s25;64;64
1593;21:06:48.710;enp0s25;0;64
1594;21:06:49.716;enp0s25;0;0
1595;21:06:50.723;enp0s25;0;150
1596;21:06:51.730;enp0s25;0;0
1597;21:06:52.736;enp0s25;0;64
1598;21:06:53.743;enp0s25;0;0
1599;21:06:54.750;enp0s25;0;64
1600;21:06:55.757;enp0s25;0;172
1601;21:06:56.763;enp0s25;0;64
1602;21:06:57.770;enp0s25;0;0
1603;21:06:58.777;enp0s25;0;64
1604;21:06:59.783;enp0s25;0;0
1605;21:07:00.790;enp0s25;1592;3446
1606;21:07:01.797;enp0s25;0;0
1607;21:07:02.805;enp0s25;0;64
1608;21:07:03.863;enp0s25;0;0
1609;21:07:04.870;enp0s25;11589;224205
1610;21:07:05.877;enp0s25;6650;10763
1611;21:07:06.883;enp0s25;19922;458304
1612;21:07:07.890;enp0s25;9362;191332
1613;21:07:08.897;enp0s25;2992;89490
1614;21:07:09.903;enp0s25;0;0
1615;21:07:10.910;enp0s25;0;64
1616;21:07:11.917;enp0s25;0;0
1617;21:07:12.924;enp0s25;0;64
1618;21:07:13.931;enp0s25;0;0
1619;21:07:14.937;enp0s25;0;64
1620;21:07:15.944;enp0s25;0;0
1621;21:07:16.951;enp0s25;70;64
1622;21:07:17.957;enp0s25;70;171
1623;21:07:18.964;enp0s25;35636;866732
1624;21:07:19.971;enp0s25;74359;2364834
1625;21:07:20.978;enp0s25;66304;2136017
1626;21:07:21.984;enp0s25;0;0
1627;21:07:22.993;enp0s25;0;64
1628;21:07:24.000;enp0s25;0;0
1629;21:07:25.009;enp0s25;0;64
1630;21:07:26.016;enp0s25;0;172
1631;21:07:27.026;enp0s25;0;64
1632;21:07:28.033;enp0s25;0;0
1633;21:07:29.039;enp0s25;0;64
1634;21:07:30.048;enp0s25;0;0
1635;21:07:31.058;enp0s25;64;128
1636;21:07:32.065;enp0s25;0;0
1637;21:07:33.072;enp0s25;31832;972016
1638;21:07:34.085;enp0s25;6336;317695
1639;21:07:35.092;enp0s25;0;64
1640;21:07:36.101;enp0s25;0;0
1641;21:07:37.110;enp0s25;0;64
1642;21:07:38.117;enp0s25;0;0
1643;21:07:39.124;enp0s25;0;64
1644;21:07:40.130;enp0s25;111690;4266070
1645;21:07:41.142;enp0s25;45952;2128265
1646;21:07:42.149;enp0s25;64;64
1647;21:07:43.155;enp0s25;0;64
1648;21:07:44.162;enp0s25;0;0
1649;21:07:45.169;enp0s25;2122;47056
1650;21:07:46.185;enp0s25;9981;285286
1651;21:07:47.194;enp0s25;0;64
1652;21:07:48.201;enp0s25;0;1150
1653;21:07:49.208;enp0s25;0;624
1654;21:07:50.214;enp0s25;0;1150
1655;21:07:51.221;enp0s25;73743;1604103
1656;21:07:52.229;enp0s25;79344;1669119
1657;21:07:53.236;enp0s25;26180;1206225
1658;21:07:54.244;enp0s25;17552;390416
1659;21:07:55.254;enp0s25;7222;154364
1660;21:07:56.263;enp0s25;15648;288602
1661;21:07:57.277;enp0s25;11278;197597
1662;21:07:58.291;enp0s25;14188;292651
1663;21:07:59.299;enp0s25;25676;574728
1664;21:08:00.309;enp0s25;17564;227286
1665;21:08:01.321;enp0s25;3765;17923
1666;21:08:02.328;enp0s25;0;0
1667;21:08:03.334;enp0s25;0;64
1668;21:08:04.344;enp0s25;1984;1024
1669;21:08:05.351;enp0s25;0;64
1670;21:08:06.358;enp0s25;0;0
1671;21:08:07.366;enp0s25;4829;22385
1672;21:08:08.374;enp0s25;3094;27157
1673;21:08:09.384;enp0s25;420;773
1674;21:08:10.390;enp0s25;18730;269901
1675;21:08:11.397;enp0s25;12335;216759
1676;21:08:12.404;enp0s25;7709;128736
1677;21:08:13.411;enp0s25;34683;756176
1678;21:08:14.417;enp0s25;56075;945072
1679;21:08:15.427;enp0s25;99065;2709863
1680;21:08:16.435;enp0s25;23362;603985
1681;21:08:17.442;enp0s25;420;1019
1682;21:08:18.449;enp0s25;78;0
1683;21:08:19.455;enp0s25;2010;4911
1684;21:08:20.462;enp0s25;51101;1320204
1685;21:08:21.469;enp0s25;420;539
1686;21:08:22.475;enp0s25;3289;12619
1687;21:08:23.486;enp0s25;3542;13219
1688;21:08:24.499;enp0s25;4978;64462
1689;21:08:25.508;enp0s25;8354;103776
1690;21:08:26.515;enp0s25;10007;140999
1691;21:08:27.521;enp0s25;27993;506383
1692;21:08:28.528;enp0s25;0;0
1693;21:08:29.534;enp0s25;490;539
1694;21:08:30.541;enp0s25;8621;109832
1695;21:08:31.548;enp0s25;5127;36511
1696;21:08:32.555;enp0s25;5961;76020
1697;21:08:33.565;enp0s25;89780;2480172
1698;21:08:34.574;enp0s25;14602;448834
1699;21:08:35.582;enp0s25;31708;625898
1700;21:08:36.589;enp0s25;420;539
1701;21:08:37.596;enp0s25;4962;24934
1702;21:08:38.602;enp0s25;2742;13550
1703;21:08:39.614;enp0s25;21947;394673
1704;21:08:40.622;enp0s25;2887;14247
1705;21:08:41.628;enp0s25;3084;20734
1706;21:08:42.635;enp0s25;9307;100540
1707;21:08:43.644;enp0s25;2859;17007
1708;21:08:44.655;enp0s25;16097;220803
1709;21:08:45.663;enp0s25;69144;1962771
1710;21:08:46.670;enp0s25;420;539
1711;21:08:47.676;enp0s25;15560;223462
1712;21:08:48.684;enp0s25;13784;329750
1713;21:08:49.692;enp0s25;2248;4520
1714;21:08:50.701;enp0s25;2667;15032
1715;21:08:52.932;enp0s25;4348;51781
1716;21:08:53.949;enp0s25;4756;29176
1717;21:08:54.956;enp0s25;2805;15122
1718;21:08:55.962;enp0s25;9521;141643
1719;21:08:56.969;enp0s25;0;64
1720;21:08:57.976;enp0s25;5710;51044
1721;21:08:58.982;enp0s25;204;128
1722;21:08:59.989;enp0s25;4687;46043
1723;21:09:01.002;enp0s25;1760;22414
1724;21:09:02.011;enp0s25;1155;623
1725;21:09:03.022;enp0s25;2948;18468
1726;21:09:04.031;enp0s25;6395;67475
1727;21:09:05.037;enp0s25;2437;5308
1728;21:09:06.046;enp0s25;3922;46482
1729;21:09:07.053;enp0s25;4984;33728
1730;21:09:08.060;enp0s25;4767;56082
1731;21:09:09.066;enp0s25;20490;413612
1732;21:09:10.079;enp0s25;64;64
1733;21:09:11.085;enp0s25;2871;14322
1734;21:09:12.105;enp0s25;7984;112348
1735;21:09:13.111;enp0s25;8348;133519
1736;21:09:14.118;enp0s25;420;475
1737;21:09:15.127;enp0s25;5681;42941
1738;21:09:16.134;enp0s25;4123;34292
1739;21:09:17.146;enp0s25;21957;371402
1740;21:09:18.154;enp0s25;4750;26599
1741;21:09:19.166;enp0s25;3290;50545
1742;21:09:20.173;enp0s25;19749;328244
1743;21:09:21.180;enp0s25;2246;4648
1744;21:09:22.192;enp0s25;3796;34281
1745;21:09:23.201;enp0s25;21419;333506
1746;21:09:24.208;enp0s25;0;0
1747;21:09:25.214;enp0s25;1295;4584
1748;21:09:26.226;enp0s25;3296;23552
1749;21:09:27.234;enp0s25;4179;18840
1750;21:09:28.244;enp0s25;166752;4962870
1751;21:09:29.256;enp0s25;44084;1600079
1752;21:09:30.264;enp0s25;0;0
1753;21:09:31.273;enp0s25;0;64
1754;21:09:32.279;enp0s25;2496;5386
1755;21:09:33.287;enp0s25;3429;33750
1756;21:09:34.299;enp0s25;11846;159053
1757;21:09:35.309;enp0s25;3649;41558
1758;21:09:36.317;enp0s25;80232;2564048
1759;21:09:37.326;enp0s25;64564;2118892
1760;21:09:38.338;enp0s25;8750;265389
1761;21:09:39.346;enp0s25;21952;330327
1762;21:09:40.354;enp0s25;498;475
1763;21:09:41.362;enp0s25;5083;39764
1764;21:09:42.369;enp0s25;420;475
1765;21:09:43.376;enp0s25;13147;167251
1766;21:09:44.385;enp0s25;8561;196254
1767;21:09:45.394;enp0s25;0;150
1768;21:09:46.406;enp0s25;0;0
1769;21:09:47.413;enp0s25;0;64
1770;21:09:48.426;enp0s25;2724;4713
1771;21:09:49.434;enp0s25;57439;1806598
1772;21:09:50.441;enp0s25;3025;12274
1773;21:09:51.448;enp0s25;335;558
1774;21:09:52.455;enp0s25;12643;323403
1775;21:09:53.462;enp0s25;14140;602710
1776;21:09:54.469;enp0s25;13294;564760
1777;21:09:55.476;enp0s25;14630;625480
1778;21:09:56.483;enp0s25;13300;560314
1779;21:09:57.490;enp0s25;14210;604228
1780;21:09:58.497;enp0s25;14910;637560
1781;21:09:59.509;enp0s25;14700;628516
1782;21:10:00.524;enp0s25;13020;551034
1783;21:10:01.539;enp0s25;14350;611818
1784;21:10:02.553;enp0s25;14840;631552
1785;21:10:03.564;enp0s25;10920;462990
1786;21:10:04.578;enp0s25;13790;587530
1787;21:10:05.593;enp0s25;14834;634588
1788;21:10:06.610;enp0s25;14770;628516
1789;21:10:07.625;enp0s25;14840;634524
1790;21:10:08.640;enp0s25;14420;608782
1791;21:10:09.652;enp0s25;13440;566214
1792;21:10:10.666;enp0s25;13860;590566
1793;21:10:11.683;enp0s25;14700;625416
1794;21:10:12.696;enp0s25;14630;625480
1795;21:10:13.711;enp0s25;14630;625416
1796;21:10:14.728;enp0s25;14490;611818
1797;21:10:15.738;enp0s25;13090;554070
1798;21:10:16.750;enp0s25;14834;628580
1799;21:10:17.766;enp0s25;14700;625416
1800;21:10:18.783;enp0s25;14700;628516
1801;21:10:19.796;enp0s25;14630;625416
1802;21:10:20.813;enp0s25;10500;446356
1803;21:10:21.824;enp0s25;14700;625416
1804;21:10:22.839;enp0s25;14904;634652
1805;21:10:23.853;enp0s25;14770;631488
1806;21:10:24.867;enp0s25;14770;628516
1807;21:10:25.880;enp0s25;13790;578358
1808;21:10:26.894;enp0s25;13580;581630
1809;21:10:27.901;enp0s25;14694;622530
1810;21:10:28.915;enp0s25;14770;628516
1811;21:10:29.927;enp0s25;14770;631488
1812;21:10:30.938;enp0s25;11480;485824
1813;21:10:31.954;enp0s25;14070;601128
1814;21:10:32.968;enp0s25;14700;625480
1815;21:10:33.979;enp0s25;14630;625416
1816;21:10:34.989;enp0s25;15210;637624
1817;21:10:35.999;enp0s25;14560;614790
1818;21:10:37.011;enp0s25;13090;554134
1819;21:10:38.026;enp0s25;14554;619408
1820;21:10:39.039;enp0s25;14910;634588
1821;21:10:40.050;enp0s25;14630;625416
1822;21:10:41.063;enp0s25;14210;601192
1823;21:10:42.072;enp0s25;10850;464508
1824;21:10:43.087;enp0s25;14770;628516
1825;21:10:44.105;enp0s25;16100;690690
1826;21:10:45.118;enp0s25;14000;593602
1827;21:10:46.127;enp0s25;13300;567344
1828;21:10:47.138;enp0s25;14700;629394
1829;21:10:48.152;enp0s25;14700;626176
1830;21:10:49.168;enp0s25;14764;629730
1831;21:10:50.179;enp0s25;13790;581818
1832;21:10:51.190;enp0s25;13580;578422
1833;21:10:52.207;enp0s25;11620;502090
1834;21:10:53.220;enp0s25;14770;631552
1835;21:10:54.236;enp0s25;14700;628846
1836;21:10:55.254;enp0s25;14630;622444
1837;21:10:56.270;enp0s25;14770;627106
1838;21:10:57.281;enp0s25;13440;567796
1839;21:10:58.290;enp0s25;13370;582912
1840;21:10:59.312;enp0s25;14980;637624
1841;21:11:00.330;enp0s25;14904;631552
1842;21:11:01.347;enp0s25;14560;619408
1843;21:11:02.363;enp0s25;12950;552552
1844;21:11:03.377;enp0s25;12180;519220
1845;21:11:04.389;enp0s25;12874;550710
1846;21:11:05.401;enp0s25;13160;553494
1847;21:11:06.416;enp0s25;14070;601888
1848;21:11:07.429;enp0s25;3220;132922
1849;21:11:08.439;enp0s25;0;424
1850;21:11:09.446;enp0s25;0;458
1851;21:11:10.453;enp0s25;0;0
1852;21:11:11.459;enp0s25;64;128
1853;21:11:12.466;enp0s25;0;86
1854;21:11:13.473;enp0s25;0;64
1855;21:11:14.480;enp0s25;0;0
1856;21:11:15.486;enp0s25;0;64
1857;21:11:16.493;enp0s25;0;0
1858;21:11:17.500;enp0s25;0;64
1859;21:11:18.507;enp0s25;0;0
1860;21:11:19.513;enp0s25;0;64
1861;21:11:20.523;enp0s25;0;0
1862;21:11:21.537;enp0s25;0;64
1863;21:11:22.544;enp0s25;64;64
1864;21:11:23.551;enp0s25;0;64
1865;21:11:24.557;enp0s25;0;64
1866;21:11:25.564;enp0s25;997;4493
1867;21:11:26.571;enp0s25;0;236
1868;21:11:27.579;enp0s25;0;0
1869;21:11:28.585;enp0s25;0;64
1870;21:11:29.599;enp0s25;0;0
1871;21:11:30.616;enp0s25;0;64
1872;21:11:31.625;enp0s25;5154;129459
1873;21:11:32.634;enp0s25;21654;535219
1874;21:11:33.643;enp0s25;14101;557170
1875;21:11:34.658;enp0s25;14630;625480
1876;21:11:35.675;enp0s25;14560;619344
1877;21:11:36.690;enp0s25;14490;619408
1878;21:11:37.699;enp0s25;14910;633006
1879;21:11:38.710;enp0s25;13370;563224
1880;21:11:39.723;enp0s25;13860;591800
1881;21:11:40.739;enp0s25;14938;632450
1882;21:11:41.754;enp0s25;14560;622948
1883;21:11:42.762;enp0s25;11130;478000
1884;21:11:43.771;enp0s25;13580;578358
1885;21:11:44.790;enp0s25;14764;625544
1886;21:11:45.807;enp0s25;14630;623594
1887;21:11:46.820;enp0s25;14840;631552
1888;21:11:47.831;enp0s25;14700;628452
1889;21:11:48.843;enp0s25;14630;622444
1890;21:11:49.856;enp0s25;14630;622380
1891;21:11:50.869;enp0s25;14350;608782
1892;21:11:51.881;enp0s25;13370;563564
1893;21:11:52.894;enp0s25;12040;513148
1894;21:11:53.905;enp0s25;14000;601128
1895;21:11:54.913;enp0s25;14700;628516
1896;21:11:55.923;enp0s25;14764;626004
1897;21:11:56.937;enp0s25;14140;596810
1898;21:11:57.947;enp0s25;13230;558624
1899;21:11:58.960;enp0s25;14000;598156
1900;21:11:59.968;enp0s25;14770;628452
1901;21:12:00.986;enp0s25;14700;625480
1902;21:12:02.001;enp0s25;14630;622380
1903;21:12:03.018;enp0s25;14770;631552
1904;21:12:04.035;enp0s25;12040;514602
1905;21:12:05.048;enp0s25;14490;617890
1906;21:12:06.055;enp0s25;14554;619408
1907;21:12:07.068;enp0s25;14490;619408
1908;21:12:08.082;enp0s25;14560;619344
1909;21:12:09.099;enp0s25;14560;622444
1910;21:12:10.110;enp0s25;14070;595056
1911;21:12:11.121;enp0s25;13510;570832
1912;21:12:12.137;enp0s25;13580;578358
1913;21:12:13.151;enp0s25;14070;601192
1914;21:12:14.167;enp0s25;12110;525628
1915;21:12:15.184;enp0s25;14700;630914
1916;21:12:16.196;enp0s25;14630;626752
1917;21:12:17.207;enp0s25;14204;596702
1918;21:12:18.216;enp0s25;13370;564696
1919;21:12:19.233;enp0s25;13784;586076
1920;21:12:20.248;enp0s25;14690;610236
1921;21:12:21.262;enp0s25;14700;625480
1922;21:12:22.276;enp0s25;14770;628452
1923;21:12:23.285;enp0s25;14490;619408
1924;21:12:24.297;enp0s25;11900;507012
1925;21:12:25.315;enp0s25;14000;601192
1926;21:12:26.327;enp0s25;13790;584430
1927;21:12:27.338;enp0s25;13440;574040
1928;21:12:28.347;enp0s25;14694;622444
1929;21:12:29.362;enp0s25;14770;628516
1930;21:12:30.379;enp0s25;10850;467544
1931;21:12:31.395;enp0s25;10920;463054
1932;21:12:32.411;enp0s25;7804;294492
1933;21:12:33.423;enp0s25;8510;211066
1934;21:12:34.435;enp0s25;6360;244398
1935;21:12:35.450;enp0s25;7350;315808
1936;21:12:36.466;enp0s25;15289;554134
1937;21:12:37.482;enp0s25;12804;555652
1938;21:12:38.493;enp0s25;12670;552552
1939;21:12:39.507;enp0s25;12454;545176
1940;21:12:40.523;enp0s25;12670;554070
1941;21:12:41.540;enp0s25;12600;551098
1942;21:12:42.554;enp0s25;12110;526810
1943;21:12:43.562;enp0s25;11620;502584
1944;21:12:44.576;enp0s25;12600;554498
1945;21:12:45.592;enp0s25;12810;557866
1946;21:12:46.606;enp0s25;12810;561356
1947;21:12:47.617;enp0s25;12670;554494
1948;21:12:48.632;enp0s25;12740;557170
1949;21:12:49.646;enp0s25;12600;555220
1950;21:12:50.665;enp0s25;12804;560270
1951;21:12:51.679;enp0s25;12670;554070
1952;21:12:52.688;enp0s25;12740;555652
1953;21:12:53.702;enp0s25;12740;554070
1954;21:12:54.717;enp0s25;12740;555652
1955;21:12:55.734;enp0s25;12740;557106
1956;21:12:56.745;enp0s25;12670;554730
1957;21:12:57.754;enp0s25;12530;552552
1958;21:12:58.769;enp0s25;12460;551098
1959;21:12:59.786;enp0s25;12460;551034
1960;21:13:00.803;enp0s25;12670;554134
1961;21:13:01.817;enp0s25;12594;549580
1962;21:13:02.826;enp0s25;10990;476716
1963;21:13:03.841;enp0s25;10220;447810
1964;21:13:04.858;enp0s25;12740;551098
1965;21:13:05.874;enp0s25;13160;569250
1966;21:13:06.883;enp0s25;13090;564760
1967;21:13:07.899;enp0s25;13160;566214
1968;21:13:08.913;enp0s25;12670;551098
1969;21:13:09.930;enp0s25;13090;563178
1970;21:13:10.946;enp0s25;13020;563242
1971;21:13:11.957;enp0s25;13160;563572
1972;21:13:12.973;enp0s25;12734;549644
1973;21:13:13.990;enp0s25;13129;560142
1974;21:13:15.004;enp0s25;13160;566278
1975;21:13:16.018;enp0s25;13020;563178
1976;21:13:17.028;enp0s25;13269;565480
1977;21:13:18.043;enp0s25;12600;547278
1978;21:13:19.064;enp0s25;9590;420242
1979;21:13:20.080;enp0s25;12230;477412
1980;21:13:21.095;enp0s25;10119;365700
1981;21:13:22.103;enp0s25;14937;551458
1982;21:13:23.115;enp0s25;14978;565924
1983;21:13:24.130;enp0s25;14048;566300
1984;21:13:25.144;enp0s25;12965;548062
1985;21:13:26.155;enp0s25;12670;551034
1986;21:13:27.167;enp0s25;12810;558860
1987;21:13:28.180;enp0s25;12950;561660
1988;21:13:29.194;enp0s25;13020;564760
1989;21:13:30.208;enp0s25;12810;561660
1990;21:13:31.217;enp0s25;12670;554134
1991;21:13:32.233;enp0s25;12670;554070
1992;21:13:33.250;enp0s25;12950;557170
1993;21:13:34.266;enp0s25;13084;566278
1994;21:13:35.280;enp0s25;12880;566278
1995;21:13:36.290;enp0s25;12950;560142
1996;21:13:37.305;enp0s25;12810;555778
1997;21:13:38.322;enp0s25;12740;555952
1998;21:13:39.338;enp0s25;9246;393986
1999;21:13:40.354;enp0s25;10780;477802
2000;21:13:41.366;enp0s25;13160;560630
2001;21:13:42.382;enp0s25;13370;572286
2002;21:13:43.396;enp0s25;12810;552248
2003;21:13:44.412;enp0s25;13370;564696
2004;21:13:45.425;enp0s25;13450;566342
2005;21:13:46.432;enp0s25;14417;569250
2006;21:13:47.447;enp0s25;13815;561340
2007;21:13:48.465;enp0s25;15037;559842
2008;21:13:49.480;enp0s25;13370;569314
2009;21:13:50.493;enp0s25;13230;569674
2010;21:13:51.503;enp0s25;13090;561724
2011;21:13:52.521;enp0s25;13230;560142
2012;21:13:53.534;enp0s25;13300;566278
2013;21:13:54.549;enp0s25;13300;575322
2014;21:13:55.560;enp0s25;12950;555588
2015;21:13:56.576;enp0s25;13504;569378
2016;21:13:57.585;enp0s25;16317;571010
2017;21:13:58.596;enp0s25;14436;269091
2018;21:13:59.610;enp0s25;27867;714959
2019;21:14:00.623;enp0s25;16384;575118
2020;21:14:01.639;enp0s25;17749;617040
2021;21:14:02.654;enp0s25;15316;309680
2022;21:14:03.668;enp0s25;22474;689399
2023;21:14:04.679;enp0s25;13650;578422
2024;21:14:05.689;enp0s25;13790;588984
2025;21:14:06.704;enp0s25;14630;625480
2026;21:14:07.722;enp0s25;15205;637710
2027;21:14:08.740;enp0s25;13904;578422
2028;21:14:09.754;enp0s25;14809;590044
2029;21:14:10.765;enp0s25;17306;650978
2030;21:14:11.773;enp0s25;14560;628452
2031;21:14:12.789;enp0s25;5442;218387
2032;21:14:13.798;enp0s25;64;0
2033;21:14:14.805;enp0s25;64;64
2034;21:14:15.811;enp0s25;0;0
2035;21:14:16.820;enp0s25;64;64
2036;21:14:17.830;enp0s25;0;0
2037;21:14:18.839;enp0s25;64;128
2038;21:14:19.850;enp0s25;0;0
2039;21:14:20.858;enp0s25;64;64
2040;21:14:21.870;enp0s25;0;0
2041;21:14:22.876;enp0s25;0;64
2042;21:14:23.890;enp0s25;0;0
2043;21:14:24.897;enp0s25;0;458
2044;21:14:25.907;enp0s25;0;0
2045;21:14:26.918;enp0s25;0;64
2046;21:14:27.929;enp0s25;0;172
2047;21:14:28.937;enp0s25;64;64
2048;21:14:29.943;enp0s25;64;64
2049;21:14:30.950;enp0s25;0;64
2050;21:14:31.959;enp0s25;658;572
2051;21:14:32.970;enp0s25;18620;474813
2052;21:14:33.983;enp0s25;13440;573804
2053;21:14:35.000;enp0s25;14490;619408
2054;21:14:36.016;enp0s25;14910;634524
2055;21:14:37.031;enp0s25;14910;637624
2056;21:14:38.044;enp0s25;14840;631488
2057;21:14:39.053;enp0s25;13720;581458
2058;21:14:40.068;enp0s25;70;70
2059;21:14:41.075;enp0s25;64;128
2060;21:14:42.082;enp0s25;0;0
2061;21:14:43.089;enp0s25;0;64
2062;21:14:44.095;enp0s25;0;0
2063;21:14:45.102;enp0s25;64;64
2064;21:14:46.109;enp0s25;0;0
2065;21:14:47.116;enp0s25;14633;557544
2066;21:14:48.130;enp0s25;3474;121328
2067;21:14:49.143;enp0s25;1738;60559
2068;21:14:50.153;enp0s25;8238;313905
2069;21:14:51.161;enp0s25;4138;160623
2070;21:14:52.178;enp0s25;6414;261322
2071;21:14:53.196;enp0s25;23412;813207
2072;21:14:54.206;enp0s25;32634;1338069
2073;21:14:55.218;enp0s25;11430;368709
2074;21:14:56.226;enp0s25;0;3861
2075;21:14:57.241;enp0s25;19428;666877
2076;21:14:58.254;enp0s25;31426;1219338
2077;21:14:59.263;enp0s25;9262;373271
2078;21:15:00.277;enp0s25;2636;107303
2079;21:15:01.290;enp0s25;1086;29668
2080;21:15:02.300;enp0s25;1986;71456
2081;21:15:03.317;enp0s25;0;64
2082;21:15:04.330;enp0s25;1998;74023
2083;21:15:05.346;enp0s25;27796;1150021
2084;21:15:06.360;enp0s25;16826;664094
2085;21:15:07.373;enp0s25;23406;812412
2086;21:15:08.384;enp0s25;7170;219388
2087;21:15:09.400;enp0s25;16776;776011
2088;21:15:10.410;enp0s25;31328;1381277
2089;21:15:11.423;enp0s25;37570;1599953
2090;21:15:12.430;enp0s25;520;3891
2091;21:15:13.442;enp0s25;44448;2070368
2092;21:15:14.454;enp0s25;31938;1339093
2093;21:15:15.462;enp0s25;2404;100145
2094;21:15:16.474;enp0s25;0;0
2095;21:15:17.492;enp0s25;18172;730473
2096;21:15:18.506;enp0s25;6572;303903
2097;21:15:19.519;enp0s25;24630;964575
2098;21:15:20.532;enp0s25;8870;262818
2099;21:15:21.540;enp0s25;1536;31192
2100;21:15:22.547;enp0s25;4234;94693
2101;21:15:23.561;enp0s25;1880;20222
2102;21:15:24.577;enp0s25;3794;47640
2103;21:15:25.592;enp0s25;3254;126112
2104;21:15:26.601;enp0s25;5576;146035
2105;21:15:27.613;enp0s25;1172;10325
2106;21:15:28.631;enp0s25;1144;9067
2107;21:15:29.643;enp0s25;1146;12001
2108;21:15:30.657;enp0s25;3338;138146
2109;21:15:31.668;enp0s25;3092;86697
2110;21:15:32.682;enp0s25;17116;724048
2111;21:15:33.696;enp0s25;1844;39889
2112;21:15:34.711;enp0s25;2240;59838
2113;21:15:35.724;enp0s25;6220;238782
2114;21:15:36.854;enp0s25;2252;93484
2115;21:15:37.863;enp0s25;7748;246962
2116;21:15:38.874;enp0s25;8082;221345
2117;21:15:39.887;enp0s25;6350;134378
2118;21:15:40.897;enp0s25;9080;341973
2119;21:15:41.912;enp0s25;3070;112559
2120;21:15:42.921;enp0s25;3264;37365
2121;21:15:43.937;enp0s25;1438;21735
2122;21:15:44.953;enp0s25;1178;11499
2123;21:15:45.965;enp0s25;4130;138550
2124;21:15:46.980;enp0s25;5962;249204
2125;21:15:47.996;enp0s25;3066;120639
2126;21:15:49.014;enp0s25;1832;17754
2127;21:15:50.030;enp0s25;4926;159219
2128;21:15:51.045;enp0s25;21154;960649
2129;21:15:52.058;enp0s25;8990;266498
2130;21:15:53.075;enp0s25;3162;77973
2131;21:15:54.089;enp0s25;8184;250766
2132;21:15:55.105;enp0s25;12000;318448
2133;21:15:56.122;enp0s25;4540;227089
2134;21:15:57.136;enp0s25;2452;25452
2135;21:15:58.146;enp0s25;21412;838694
2136;21:15:59.165;enp0s25;7380;260917
2137;21:16:00.174;enp0s25;582;6427
2138;21:16:01.190;enp0s25;5656;188795
2139;21:16:02.206;enp0s25;3220;89825
2140;21:16:03.219;enp0s25;6472;261387
2141;21:16:04.228;enp0s25;4126;114238
2142;21:16:05.244;enp0s25;5746;172261
2143;21:16:06.259;enp0s25;960;23658
2144;21:16:07.273;enp0s25;15536;535854
2145;21:16:08.282;enp0s25;4248;115958
2146;21:16:09.290;enp0s25;8536;190536
2147;21:16:10.297;enp0s25;12568;399523
2148;21:16:11.305;enp0s25;5914;155870
2149;21:16:12.319;enp0s25;512;5935
2150;21:16:13.329;enp0s25;47544;2147231
2151;21:16:14.341;enp0s25;6292;180740
2152;21:16:15.350;enp0s25;8356;211020
2153;21:16:16.358;enp0s25;5270;147265
2154;21:16:17.368;enp0s25;2612;84935
2155;21:16:18.384;enp0s25;10962;405805
2156;21:16:19.399;enp0s25;11158;372819
2157;21:16:20.407;enp0s25;1746;40632
2158;21:16:21.423;enp0s25;4120;136029
2159;21:16:22.434;enp0s25;10632;301020
2160;21:16:23.447;enp0s25;514;5397
2161;21:16:24.461;enp0s25;2944;56414
2162;21:16:25.471;enp0s25;5160;118373
2163;21:16:26.487;enp0s25;10140;250324
2164;21:16:27.499;enp0s25;17136;539760
2165;21:16:28.510;enp0s25;2664;18742
2166;21:16:29.530;enp0s25;15752;376214
2167;21:16:30.545;enp0s25;1286;14676
2168;21:16:31.558;enp0s25;12718;228594
2169;21:16:32.575;enp0s25;12806;341298
2170;21:16:33.584;enp0s25;9964;380672
2171;21:16:34.593;enp0s25;6346;255232
2172;21:16:35.602;enp0s25;13410;406288
2173;21:16:36.615;enp0s25;1616;10606
2174;21:16:37.631;enp0s25;12416;248265
2175;21:16:38.643;enp0s25;2982;35157
2176;21:16:39.652;enp0s25;2898;47887
2177;21:16:40.670;enp0s25;6304;66175
2178;21:16:41.686;enp0s25;24860;1086501
2179;21:16:42.698;enp0s25;23006;839506
2180;21:16:43.714;enp0s25;9490;447112
2181;21:16:44.723;enp0s25;47296;2227746
2182;21:16:45.732;enp0s25;49076;2250778
2183;21:16:46.739;enp0s25;34284;1536996
2184;21:16:47.746;enp0s25;17956;623904
2185;21:16:48.761;enp0s25;506;2837
2186;21:16:49.777;enp0s25;3004;61554
2187;21:16:50.792;enp0s25;2366;67043
2188;21:16:51.807;enp0s25;4904;125238
2189;21:16:52.822;enp0s25;3182;61373
2190;21:16:53.832;enp0s25;1812;44875
2191;21:16:54.848;enp0s25;5406;85774
2192;21:16:55.859;enp0s25;3194;72146
2193;21:16:56.867;enp0s25;11384;314682
2194;21:16:57.877;enp0s25;9502;260866
2195;21:16:58.885;enp0s25;2744;98150
2196;21:16:59.895;enp0s25;9882;365956
2197;21:17:00.909;enp0s25;2408;51817
2198;21:17:01.928;enp0s25;16914;595644
2199;21:17:02.938;enp0s25;10708;191399
2200;21:17:03.945;enp0s25;10390;205887
2201;21:17:04.954;enp0s25;7618;106088
2202;21:17:05.963;enp0s25;22148;699937
2203;21:17:06.970;enp0s25;3734;91564
2204;21:17:07.977;enp0s25;10368;280994
2205;21:17:08.990;enp0s25;1818;20191
2206;21:17:10.008;enp0s25;32288;1485306
2207;21:17:11.024;enp0s25;7480;332952
2208;21:17:12.032;enp0s25;3778;187206
2209;21:17:13.047;enp0s25;29788;1536913
2210;21:17:14.064;enp0s25;2190;87942
2211;21:17:15.079;enp0s25;61234;3044497
2212;21:17:16.089;enp0s25;6700;274650
2213;21:17:17.101;enp0s25;4896;207380
2214;21:17:18.111;enp0s25;5222;118481
2215;21:17:19.120;enp0s25;7178;177222
2216;21:17:20.138;enp0s25;1280;19643
2217;21:17:21.147;enp0s25;19728;663004
2218;21:17:22.157;enp0s25;31758;1530029
2219;21:17:23.169;enp0s25;10648;240163
2220;21:17:24.180;enp0s25;5028;132433
2221;21:17:25.189;enp0s25;3638;90531
2222;21:17:26.205;enp0s25;1512;24773
2223;21:17:27.218;enp0s25;5902;201540
2224;21:17:28.231;enp0s25;776;13998
2225;21:17:29.243;enp0s25;2806;76268
2226;21:17:30.252;enp0s25;3148;66844
2227;21:17:31.260;enp0s25;2554;35865
2228;21:17:32.274;enp0s25;1228;13780
2229;21:17:33.290;enp0s25;3942;78048
2230;21:17:34.304;enp0s25;1866;29792
2231;21:17:35.317;enp0s25;6462;211582
2232;21:17:36.327;enp0s25;12908;510193
2233;21:17:37.342;enp0s25;10136;184234
2234;21:17:38.355;enp0s25;1544;28020
2235;21:17:39.364;enp0s25;21326;941431
2236;21:17:40.371;enp0s25;37048;1656725
2237;21:17:41.380;enp0s25;93856;4909152
2238;21:17:42.389;enp0s25;7838;171578
2239;21:17:43.401;enp0s25;3198;46322
2240;21:17:44.416;enp0s25;4066;88774
2241;21:17:45.432;enp0s25;648;10750
2242;21:17:46.447;enp0s25;5776;151145
2243;21:17:47.458;enp0s25;2884;52747
2244;21:17:48.468;enp0s25;23392;1031017
2245;21:17:49.476;enp0s25;44140;2013089
2246;21:17:50.491;enp0s25;6124;143031
2247;21:17:51.502;enp0s25;1964;52923
2248;21:17:52.510;enp0s25;0;0
2249;21:17:53.516;enp0s25;0;64
2250;21:17:54.523;enp0s25;0;0
2251;21:17:55.530;enp0s25;0;64
2252;21:17:56.537;enp0s25;0;0
2253;21:17:57.544;enp0s25;0;64
2254;21:17:58.551;enp0s25;64;236
2255;21:17:59.557;enp0s25;0;64
2256;21:18:00.564;enp0s25;0;64
2257;21:18:01.571;enp0s25;0;0
2258;21:18:02.578;enp0s25;0;64
2259;21:18:03.584;enp0s25;0;0
2260;21:18:04.591;enp0s25;0;64
2261;21:18:05.597;enp0s25;0;0
2262;21:18:06.604;enp0s25;0;64
2263;21:18:07.610;enp0s25;0;0
2264;21:18:08.618;enp0s25;0;64
2265;21:18:09.625;enp0s25;64;64
2266;21:18:10.631;enp0s25;128;128
2267;21:18:11.638;enp0s25;0;2648
2268;21:18:12.644;enp0s25;0;2460
2269;21:18:13.651;enp0s25;0;760
2270;21:18:14.658;enp0s25;0;649
2271;21:18:15.665;enp0s25;64;266
2272;21:18:16.671;enp0s25;0;458
2273;21:18:17.678;enp0s25;0;0
2274;21:18:18.685;enp0s25;0;64
2275;21:18:19.691;enp0s25;0;0
2276;21:18:20.698;enp0s25;64;128
2277;21:18:21.704;enp0s25;0;0
2278;21:18:22.711;enp0s25;0;64
2279;21:18:23.719;enp0s25;0;0
2280;21:18:24.725;enp0s25;0;64
2281;21:18:25.734;enp0s25;0;0
2282;21:18:26.741;enp0s25;0;64
2283;21:18:27.747;enp0s25;0;0
2284;21:18:28.754;enp0s25;0;236
2285;21:18:29.760;enp0s25;0;0
2286;21:18:30.767;enp0s25;0;150
2287;21:18:31.773;enp0s25;64;64
2288;21:18:32.780;enp0s25;0;64
2289;21:18:33.787;enp0s25;0;0
2290;21:18:34.793;enp0s25;0;64
2291;21:18:35.800;enp0s25;0;0
2292;21:18:36.806;enp0s25;0;64
2293;21:18:37.813;enp0s25;0;0
2294;21:18:38.819;enp0s25;0;64
2295;21:18:39.826;enp0s25;0;0
2296;21:18:40.832;enp0s25;0;64
2297;21:18:41.839;enp0s25;0;0
2298;21:18:42.846;enp0s25;64;128
2299;21:18:43.852;enp0s25;0;1304
2300;21:18:44.859;enp0s25;0;3240
2301;21:18:45.865;enp0s25;0;1120
2302;21:18:46.872;enp0s25;0;64
2303;21:18:47.879;enp0s25;0;1574
2304;21:18:48.886;enp0s25;0;64
2305;21:18:49.892;enp0s25;0;1150
2306;21:18:50.900;enp0s25;0;64
2307;21:18:51.907;enp0s25;0;0
2308;21:18:52.916;enp0s25;0;64
2309;21:18:53.923;enp0s25;64;64
2310;21:18:54.930;enp0s25;0;64
2311;21:18:55.938;enp0s25;0;0
2312;21:18:56.945;enp0s25;0;488
2313;21:18:57.952;enp0s25;0;0
2314;21:18:58.962;enp0s25;0;236
2315;21:18:59.969;enp0s25;0;0
2316;21:19:00.976;enp0s25;0;64
2317;21:19:01.982;enp0s25;0;0
2318;21:19:02.990;enp0s25;0;64
2319;21:19:03.997;enp0s25;0;0
2320;21:19:05.003;enp0s25;64;128
2321;21:19:06.010;enp0s25;0;0
2322;21:19:07.017;enp0s25;0;64
2323;21:19:08.023;enp0s25;0;0
2324;21:19:09.030;enp0s25;0;64
2325;21:19:10.037;enp0s25;0;0
2326;21:19:11.043;enp0s25;0;64
2327;21:19:12.050;enp0s25;0;0
2328;21:19:13.057;enp0s25;0;64
2329;21:19:14.063;enp0s25;0;0
2330;21:19:15.070;enp0s25;0;150
2331;21:19:16.076;enp0s25;64;64
2332;21:19:17.083;enp0s25;0;64
2333;21:19:18.090;enp0s25;0;0
2334;21:19:19.096;enp0s25;0;64
2335;21:19:20.103;enp0s25;0;0
2336;21:19:21.109;enp0s25;0;64
2337;21:19:22.117;enp0s25;0;0
2338;21:19:23.124;enp0s25;0;64
2339;21:19:24.131;enp0s25;0;424
2340;21:19:25.138;enp0s25;0;64
2341;21:19:26.144;enp0s25;0;0
2342;21:19:27.151;enp0s25;64;128
2343;21:19:28.158;enp0s25;0;394
2344;21:19:29.164;enp0s25;0;236
2345;21:19:30.171;enp0s25;0;0
2346;21:19:31.178;enp0s25;0;64
2347;21:19:32.185;enp0s25;0;0
2348;21:19:33.191;enp0s25;0;64
2349;21:19:34.198;enp0s25;0;0
2350;21:19:35.205;enp0s25;0;64
2351;21:19:36.211;enp0s25;0;0
2352;21:19:37.218;enp0s25;0;64
2353;21:19:38.225;enp0s25;64;64
2354;21:19:39.232;enp0s25;0;64
2355;21:19:40.238;enp0s25;0;0
2356;21:19:41.245;enp0s25;0;64
2357;21:19:42.251;enp0s25;0;0
2358;21:19:43.258;enp0s25;0;64
2359;21:19:44.265;enp0s25;0;0
2360;21:19:45.272;enp0s25;0;64
2361;21:19:46.279;enp0s25;0;0
2362;21:19:47.285;enp0s25;0;64
2363;21:19:48.292;enp0s25;0;0
2364;21:19:49.299;enp0s25;64;128
2365;21:19:50.305;enp0s25;0;0
2366;21:19:51.312;enp0s25;0;64
2367;21:19:52.319;enp0s25;0;0
2368;21:19:53.326;enp0s25;0;64
2369;21:19:54.333;enp0s25;0;0
2370;21:19:55.339;enp0s25;0;64
2371;21:19:56.346;enp0s25;0;0
2372;21:19:57.353;enp0s25;0;64
2373;21:19:58.359;enp0s25;0;86
2374;21:19:59.366;enp0s25;0;236
2375;21:20:00.372;enp0s25;64;64
2376;21:20:01.379;enp0s25;0;64
2377;21:20:02.385;enp0s25;0;0
2378;21:20:03.392;enp0s25;0;64
2379;21:20:04.399;enp0s25;0;0
2380;21:20:05.405;enp0s25;0;64
2381;21:20:06.412;enp0s25;0;0
2382;21:20:07.418;enp0s25;0;64
2383;21:20:08.425;enp0s25;0;1644
2384;21:20:09.431;enp0s25;0;3464
2385;21:20:10.438;enp0s25;0;867
2386;21:20:11.445;enp0s25;64;1385
2387;21:20:12.451;enp0s25;0;424
2388;21:20:13.458;enp0s25;0;64
2389;21:20:14.465;enp0s25;0;1150
2390;21:20:15.471;enp0s25;0;64
2391;21:20:16.478;enp0s25;0;0
2392;21:20:17.485;enp0s25;0;64
2393;21:20:18.491;enp0s25;0;0
2394;21:20:19.498;enp0s25;0;64
2395;21:20:20.505;enp0s25;0;0
2396;21:20:21.512;enp0s25;64;128
2397;21:20:22.518;enp0s25;0;0
2398;21:20:23.525;enp0s25;0;1018
2399;21:20:24.532;enp0s25;0;2464
2400;21:20:25.539;enp0s25;0;962
2401;21:20:26.546;enp0s25;164;2158
2402;21:20:27.553;enp0s25;10984;1301
2403;21:20:28.560;enp0s25;192;5139
2404;21:20:29.567;enp0s25;0;172
2405;21:20:30.574;enp0s25;0;1278
2406;21:20:31.581;enp0s25;0;0
2407;21:20:32.588;enp0s25;64;128
2408;21:20:33.595;enp0s25;0;0
2409;21:20:34.602;enp0s25;0;64
2410;21:20:35.609;enp0s25;0;0
2411;21:20:36.616;enp0s25;0;450
2412;21:20:37.623;enp0s25;0;0
2413;21:20:38.631;enp0s25;745;5194
2414;21:20:39.638;enp0s25;0;0
2415;21:20:40.646;enp0s25;0;64
2416;21:20:41.653;enp0s25;0;86
2417;21:20:42.660;enp0s25;0;64
2418;21:20:43.668;enp0s25;64;64
2419;21:20:44.675;enp0s25;0;64
2420;21:20:45.683;enp0s25;13002;25130
2421;21:20:46.690;enp0s25;0;64
2422;21:20:47.697;enp0s25;29811;263043
2423;21:20:48.703;enp0s25;138935;3777468
2424;21:20:49.711;enp0s25;132123;7160838
2425;21:20:50.719;enp0s25;89052;3831138
2426;21:20:51.727;enp0s25;86930;1339939
2427;21:20:52.734;enp0s25;52688;815763
2428;21:20:53.741;enp0s25;47794;864230
2429;21:20:54.748;enp0s25;40646;406522
2430;21:20:55.755;enp0s25;28395;365123
2431;21:20:56.761;enp0s25;55726;619181
2432;21:20:57.768;enp0s25;33787;518144
2433;21:20:58.777;enp0s25;49309;716820
2434;21:20:59.785;enp0s25;58363;1096710
2435;21:21:00.793;enp0s25;45910;749595
2436;21:21:01.800;enp0s25;52462;806311
2437;21:21:02.807;enp0s25;37918;713821
2438;21:21:03.815;enp0s25;35970;323162
2439;21:21:04.823;enp0s25;26133;313703
2440;21:21:05.833;enp0s25;17906;187303
2441;21:21:06.840;enp0s25;22683;105171
2442;21:21:07.850;enp0s25;15979;46483
2443;21:21:08.857;enp0s25;19418;489898
2444;21:21:09.867;enp0s25;102810;1947411
2445;21:21:10.875;enp0s25;60953;1238763
2446;21:21:11.884;enp0s25;54052;750815
2447;21:21:12.894;enp0s25;36728;377343
2448;21:21:13.901;enp0s25;48278;407563
2449;21:21:14.908;enp0s25;41687;337905
2450;21:21:15.914;enp0s25;34567;271328
2451;21:21:16.922;enp0s25;40341;352923
2452;21:21:17.929;enp0s25;46653;630672
2453;21:21:18.936;enp0s25;47832;1380591
2454;21:21:19.943;enp0s25;43251;623318
2455;21:21:20.949;enp0s25;66731;1182697
2456;21:21:21.956;enp0s25;38462;483332
2457;21:21:22.963;enp0s25;45962;943779
2458;21:21:23.970;enp0s25;111403;4901435
2459;21:21:24.977;enp0s25;45879;955514
2460;21:21:25.984;enp0s25;30818;356426
2461;21:21:26.991;enp0s25;33695;1100390
2462;21:21:27.997;enp0s25;14000;1633734
2463;21:21:29.004;enp0s25;0;236
2464;21:21:30.011;enp0s25;0;0
2465;21:21:31.018;enp0s25;0;64
2466;21:21:32.024;enp0s25;0;954
2467;21:21:33.031;enp0s25;0;2566
2468;21:21:34.038;enp0s25;0;459
2469;21:21:35.045;enp0s25;0;632
2470;21:21:36.052;enp0s25;0;898
2471;21:21:37.058;enp0s25;0;502
2472;21:21:38.065;enp0s25;2269;7034
2473;21:21:39.078;enp0s25;122186;3714800
2474;21:21:40.087;enp0s25;0;880
2475;21:21:41.093;enp0s25;1920;1370
2476;21:21:42.100;enp0s25;45711;908101
2477;21:21:43.113;enp0s25;52924;1020679
2478;21:21:44.122;enp0s25;29270;454716
2479;21:21:45.129;enp0s25;5268;112663
2480;21:21:46.139;enp0s25;59076;663405
2481;21:21:47.155;enp0s25;21273;526430
2482;21:21:48.162;enp0s25;3219;4182
2483;21:21:49.176;enp0s25;32528;780678
2484;21:21:50.183;enp0s25;42390;1762013
2485;21:21:51.195;enp0s25;76310;1764968
2486;21:21:52.204;enp0s25;18582;456337
2487;21:21:53.213;enp0s25;129030;3085444
2488;21:21:54.225;enp0s25;86150;2091590
2489;21:21:55.235;enp0s25;73490;1977670
2490;21:21:56.246;enp0s25;33446;581933
2491;21:21:57.261;enp0s25;125812;2735285
2492;21:21:58.268;enp0s25;1344;38447
2493;21:21:59.275;enp0s25;1920;1426
2494;21:22:00.281;enp0s25;48381;848160
2495;21:22:01.297;enp0s25;137486;3670755
2496;21:22:02.307;enp0s25;33306;632297
2497;21:22:03.323;enp0s25;13252;240747
2498;21:22:04.331;enp0s25;25082;465729
2499;21:22:05.337;enp0s25;38606;723126
2500;21:22:06.344;enp0s25;7786;99207
2501;21:22:07.351;enp0s25;40493;838233
2502;21:22:08.358;enp0s25;21811;168307
2503;21:22:09.366;enp0s25;131505;2357923
2504;21:22:10.373;enp0s25;22468;694110
2505;21:22:11.380;enp0s25;0;64
2506;21:22:12.386;enp0s25;64;64
2507;21:22:13.393;enp0s25;1920;1024
2508;21:22:14.400;enp0s25;0;0
2509;21:22:15.406;enp0s25;0;64
2510;21:22:16.413;enp0s25;0;424
2511;21:22:17.420;enp0s25;0;64
2512;21:22:18.427;enp0s25;0;0
2513;21:22:19.433;enp0s25;0;64
2514;21:22:20.440;enp0s25;0;0
2515;21:22:21.447;enp0s25;0;64
2516;21:22:22.454;enp0s25;0;0
2517;21:22:23.461;enp0s25;64;128
2518;21:22:24.467;enp0s25;0;0
2519;21:22:25.474;enp0s25;0;64
2520;21:22:26.481;enp0s25;0;0
2521;21:22:27.488;enp0s25;0;64
2522;21:22:28.494;enp0s25;0;0
2523;21:22:29.501;enp0s25;0;236
2524;21:22:30.508;enp0s25;0;0
2525;21:22:31.514;enp0s25;0;64
2526;21:22:32.521;enp0s25;0;0
2527;21:22:33.528;enp0s25;0;64
2528;21:22:34.535;enp0s25;64;64
2529;21:22:35.541;enp0s25;0;64
2530;21:22:36.548;enp0s25;0;0
2531;21:22:37.555;enp0s25;0;64
2532;21:22:38.561;enp0s25;0;64
2533;21:22:40.412;enp0s25;1592;3382
2534;21:22:41.424;enp0s25;0;64
2535;21:22:42.432;enp0s25;0;972
2536;21:22:43.439;enp0s25;1890;7497
2537;21:22:44.446;enp0s25;10338;221532
2538;21:22:45.452;enp0s25;134;2839
2539;21:22:46.459;enp0s25;21055;362532
2540;21:22:47.466;enp0s25;14753;376721
2541;21:22:48.472;enp0s25;2458;8666
2542;21:22:49.479;enp0s25;0;649
2543;21:22:50.486;enp0s25;0;0
2544;21:22:51.493;enp0s25;0;64
2545;21:22:52.500;enp0s25;0;394
2546;21:22:53.507;enp0s25;0;150
2547;21:22:54.513;enp0s25;0;548
2548;21:22:55.520;enp0s25;0;2356
2549;21:22:56.527;enp0s25;64;1322
2550;21:22:57.533;enp0s25;140;1463
2551;21:22:58.540;enp0s25;17065;403154
2552;21:22:59.547;enp0s25;82506;2567424
2553;21:23:00.554;enp0s25;79044;2363583
2554;21:23:01.561;enp0s25;70;134
2555;21:23:02.568;enp0s25;0;64
2556;21:23:03.575;enp0s25;0;0
2557;21:23:04.582;enp0s25;0;64
2558;21:23:05.589;enp0s25;0;0
2559;21:23:06.596;enp0s25;0;64
2560;21:23:07.602;enp0s25;64;64
2561;21:23:08.609;enp0s25;0;64
2562;21:23:09.616;enp0s25;0;0
2563;21:23:10.623;enp0s25;0;64
2564;21:23:11.630;enp0s25;0;0
2565;21:23:12.636;enp0s25;594;496
2566;21:23:13.643;enp0s25;41344;1369583
2567;21:23:14.650;enp0s25;0;64
2568;21:23:15.657;enp0s25;0;0
2569;21:23:16.663;enp0s25;0;64
2570;21:23:17.670;enp0s25;0;0
2571;21:23:18.677;enp0s25;0;64
2572;21:23:19.684;enp0s25;45850;1659606
2573;21:23:20.692;enp0s25;93184;4731635
2574;21:23:21.699;enp0s25;0;0
2575;21:23:22.707;enp0s25;0;64
2576;21:23:23.714;enp0s25;0;0
2577;21:23:24.721;enp0s25;93;64
2578;21:23:25.730;enp0s25;6929;164368
2579;21:23:26.742;enp0s25;7041;161898
2580;21:23:27.751;enp0s25;0;0
2581;21:23:28.758;enp0s25;64;1100
2582;21:23:29.765;enp0s25;0;3298
2583;21:23:30.772;enp0s25;0;898
2584;21:23:31.778;enp0s25;98503;2256691
2585;21:23:32.788;enp0s25;98892;2277802
2586;21:23:33.797;enp0s25;6426;67915
2587;21:23:34.806;enp0s25;16742;376965
2588;21:23:35.816;enp0s25;19886;345365
2589;21:23:36.824;enp0s25;49606;1056844
2590;21:23:37.831;enp0s25;17116;227139
2591;21:23:38.845;enp0s25;3829;18411
2592;21:23:39.855;enp0s25;64;64
2593;21:23:40.862;enp0s25;0;64
2594;21:23:41.868;enp0s25;1920;1384
2595;21:23:42.875;enp0s25;0;64
2596;21:23:43.881;enp0s25;0;0
2597;21:23:44.888;enp0s25;4059;10897
2598;21:23:45.895;enp0s25;2382;15673
2599;21:23:46.901;enp0s25;1750;23744
2600;21:23:47.908;enp0s25;4701;29988
2601;21:23:48.915;enp0s25;25384;459944
2602;21:23:49.921;enp0s25;2949;28693
2603;21:23:50.928;enp0s25;32483;658949
2604;21:23:51.935;enp0s25;45492;997332
2605;21:23:52.942;enp0s25;121808;3020281
2606;21:23:53.949;enp0s25;20002;406993
2607;21:23:54.955;enp0s25;420;539
2608;21:23:55.962;enp0s25;0;0
2609;21:23:56.969;enp0s25;2675;4911
2610;21:23:57.976;enp0s25;53734;1320749
2611;21:23:58.983;enp0s25;4925;21793
2612;21:23:59.990;enp0s25;6382;68204
2613;21:24:00.996;enp0s25;420;539
2614;21:24:02.003;enp0s25;8418;103752
2615;21:24:03.011;enp0s25;9671;140999
2616;21:24:04.020;enp0s25;24975;506319
2617;21:24:05.027;enp0s25;0;64
2618;21:24:06.039;enp0s25;0;0
2619;21:24:07.050;enp0s25;420;539
2620;21:24:08.061;enp0s25;9181;109357
2621;21:24:09.070;enp0s25;3472;15109
2622;21:24:10.082;enp0s25;2643;22854
2623;21:24:11.090;enp0s25;68234;1708999
2624;21:24:12.100;enp0s25;24452;1286498
2625;21:24:13.109;enp0s25;31492;625969
2626;21:24:14.117;enp0s25;0;0
2627;21:24:15.125;enp0s25;3666;12227
2628;21:24:16.134;enp0s25;2290;13735
2629;21:24:17.142;enp0s25;24751;407818
2630;21:24:18.149;enp0s25;2249;4520
2631;21:24:19.158;enp0s25;3512;30463
2632;21:24:20.166;enp0s25;6281;44176
2633;21:24:21.178;enp0s25;5745;73375
2634;21:24:22.187;enp0s25;12387;154673
2635;21:24:23.195;enp0s25;75534;2013424
2636;21:24:24.202;enp0s25;64;64
2637;21:24:25.212;enp0s25;2613;7221
2638;21:24:26.225;enp0s25;26177;563034
2639;21:24:27.236;enp0s25;420;539
2640;21:24:28.244;enp0s25;4285;15889
2641;21:24:29.254;enp0s25;4402;35071
2642;21:24:30.269;enp0s25;3380;48144
2643;21:24:31.277;enp0s25;4896;28090
2644;21:24:32.285;enp0s25;3843;18379
2645;21:24:33.302;enp0s25;8050;137205
2646;21:24:34.309;enp0s25;0;0
2647;21:24:35.316;enp0s25;5774;51172
2648;21:24:36.322;enp0s25;420;475
2649;21:24:37.329;enp0s25;6237;68060
2650;21:24:38.336;enp0s25;0;0
2651;21:24:39.343;enp0s25;3633;11777
2652;21:24:40.356;enp0s25;1778;11210
2653;21:24:41.368;enp0s25;6947;67936
2654;21:24:42.377;enp0s25;5519;50776
2655;21:24:43.383;enp0s25;568;617
2656;21:24:44.390;enp0s25;5326;34397
2657;21:24:45.397;enp0s25;9227;117843
2658;21:24:46.406;enp0s25;16654;338072
2659;21:24:47.414;enp0s25;420;539
2660;21:24:48.420;enp0s25;9327;112479
2661;21:24:49.427;enp0s25;498;1462
2662;21:24:50.434;enp0s25;10440;133455
2663;21:24:51.441;enp0s25;3679;17379
2664;21:24:52.451;enp0s25;2562;26037
2665;21:24:53.459;enp0s25;24556;405561
2666;21:24:54.466;enp0s25;498;876
2667;21:24:55.472;enp0s25;7472;83732
2668;21:24:56.480;enp0s25;4100;33207
2669;21:24:57.491;enp0s25;16460;292448
2670;21:24:58.500;enp0s25;5348;37851
2671;21:24:59.507;enp0s25;2245;4584
2672;21:25:00.522;enp0s25;19314;318117
2673;21:25:01.530;enp0s25;420;539
2674;21:25:02.537;enp0s25;4768;26950
2675;21:25:03.543;enp0s25;2360;5308
2676;21:25:04.550;enp0s25;78107;2795690
2677;21:25:05.561;enp0s25;94104;3772308
2678;21:25:06.569;enp0s25;0;64
2679;21:25:07.576;enp0s25;0;0
2680;21:25:08.583;enp0s25;562;603
2681;21:25:09.591;enp0s25;5433;38533
2682;21:25:10.599;enp0s25;11986;159117
2683;21:25:11.606;enp0s25;568;553
2684;21:25:12.620;enp0s25;98625;2648429
2685;21:25:13.634;enp0s25;60594;2308071
2686;21:25:14.641;enp0s25;13498;182577
2687;21:25:15.650;enp0s25;6790;137311
2688;21:25:16.657;enp0s25;5273;40550
2689;21:25:17.664;enp0s25;420;1733
2690;21:25:18.671;enp0s25;4568;34240
2691;21:25:19.685;enp0s25;16961;327763
2692;21:25:20.693;enp0s25;420;1689
2693;21:25:21.701;enp0s25;0;1982
