ID; Time; Network interface; TBPS; RBPS
1;13:01:07.483;enp0s25;0;0
2;13:01:08.500;enp0s25;0;64
3;13:01:09.518;enp0s25;0;0
4;13:01:10.529;enp0s25;64;128
5;13:01:11.537;enp0s25;0;0
6;13:01:12.544;enp0s25;0;64
7;13:01:13.555;enp0s25;0;0
8;13:01:14.569;enp0s25;0;64
9;13:01:15.578;enp0s25;0;0
10;13:01:16.595;enp0s25;0;64
11;13:01:17.621;enp0s25;3010;5244
12;13:01:18.631;enp0s25;89006;2157851
13;13:01:19.638;enp0s25;22074;730389
14;13:01:20.645;enp0s25;0;1462
15;13:01:21.656;enp0s25;72214;1559662
16;13:01:22.664;enp0s25;140;670
17;13:01:23.675;enp0s25;0;1398
18;13:01:24.685;enp0s25;0;64
19;13:01:25.694;enp0s25;0;1714
20;13:01:26.703;enp0s25;77906;2617464
21;13:01:27.713;enp0s25;164680;7100502
22;13:01:28.722;enp0s25;179367;7055441
23;13:01:29.737;enp0s25;187616;7167100
24;13:01:30.748;enp0s25;162124;7183776
25;13:01:31.764;enp0s25;212292;7173764
26;13:01:32.775;enp0s25;181942;7168130
27;13:01:33.785;enp0s25;196696;7166478
28;13:01:34.796;enp0s25;210046;7182116
29;13:01:35.811;enp0s25;201252;7167996
30;13:01:36.823;enp0s25;169144;6692996
31;13:01:37.839;enp0s25;152916;7032894
32;13:01:38.853;enp0s25;204504;7178826
33;13:01:39.866;enp0s25;147534;6537616
34;13:01:40.876;enp0s25;199429;7169578
35;13:01:41.885;enp0s25;164603;6690152
36;13:01:42.900;enp0s25;195606;7169642
37;13:01:43.911;enp0s25;192408;7180140
38;13:01:44.925;enp0s25;201870;7168130
39;13:01:45.935;enp0s25;198520;7169514
40;13:01:46.946;enp0s25;155794;6830750
41;13:01:47.956;enp0s25;196772;7155852
42;13:01:48.969;enp0s25;160653;6869352
43;13:01:49.979;enp0s25;209024;7042004
44;13:01:51.015;enp0s25;208073;7052917
45;13:01:52.023;enp0s25;157049;7023846
46;13:01:53.032;enp0s25;157373;7167254
47;13:01:54.042;enp0s25;156372;6960176
48;13:01:55.050;enp0s25;147217;6195483
49;13:01:56.058;enp0s25;124999;5142648
50;13:01:57.072;enp0s25;156468;5700273
51;13:01:58.082;enp0s25;192287;7175684
52;13:01:59.094;enp0s25;215637;7174598
53;13:02:00.106;enp0s25;182201;7172479
54;13:02:01.116;enp0s25;125649;5452118
55;13:02:02.124;enp0s25;106045;4680738
56;13:02:03.134;enp0s25;66278;2861648
57;13:02:04.143;enp0s25;36779;1349767
58;13:02:05.157;enp0s25;103655;4542027
59;13:02:06.164;enp0s25;12556;286270
60;13:02:07.171;enp0s25;15283;394647
61;13:02:08.184;enp0s25;30379;1155740
62;13:02:09.197;enp0s25;12169;268031
63;13:02:10.211;enp0s25;16461;454718
64;13:02:11.224;enp0s25;14205;352988
65;13:02:12.235;enp0s25;24850;847911
66;13:02:13.244;enp0s25;82459;3565082
67;13:02:14.257;enp0s25;28286;1061086
68;13:02:15.265;enp0s25;8967;347510
69;13:02:16.272;enp0s25;3647;82027
70;13:02:17.280;enp0s25;4056;97566
71;13:02:18.287;enp0s25;11146;414281
72;13:02:19.312;enp0s25;11155;414114
73;13:02:20.324;enp0s25;9702;355057
74;13:02:21.332;enp0s25;3298;58075
75;13:02:22.339;enp0s25;2952;58393
76;13:02:23.347;enp0s25;5479;170188
77;13:02:24.363;enp0s25;3283;71610
78;13:02:25.381;enp0s25;4056;110602
79;13:02:26.395;enp0s25;5696;171396
80;13:02:27.405;enp0s25;3257;66022
81;13:02:28.413;enp0s25;4154;85838
82;13:02:29.427;enp0s25;56234;2526277
83;13:02:30.438;enp0s25;32823;1462307
84;13:02:31.453;enp0s25;7783;266587
85;13:02:32.463;enp0s25;5324;151298
86;13:02:33.471;enp0s25;21496;983392
87;13:02:34.477;enp0s25;0;64
88;13:02:35.485;enp0s25;0;0
89;13:02:36.492;enp0s25;0;64
90;13:02:37.500;enp0s25;0;0
91;13:02:38.506;enp0s25;64;128
92;13:02:39.524;enp0s25;0;0
93;13:02:40.533;enp0s25;0;64
94;13:02:41.567;enp0s25;0;0
95;13:02:42.575;enp0s25;0;64
96;13:02:43.588;enp0s25;0;0
97;13:02:44.596;enp0s25;0;64
98;13:02:45.616;enp0s25;0;0
99;13:02:46.626;enp0s25;0;64
100;13:02:47.639;enp0s25;0;0
101;13:02:48.650;enp0s25;0;64
102;13:02:49.664;enp0s25;64;64
103;13:02:50.677;enp0s25;0;64
104;13:02:51.689;enp0s25;0;0
105;13:02:52.700;enp0s25;0;64
106;13:02:53.711;enp0s25;0;0
107;13:02:54.724;enp0s25;0;64
108;13:02:55.734;enp0s25;0;0
109;13:02:56.742;enp0s25;0;64
110;13:02:57.751;enp0s25;0;0
111;13:02:58.759;enp0s25;0;3074
112;13:02:59.766;enp0s25;0;2154
113;13:03:00.774;enp0s25;64;488
114;13:03:01.782;enp0s25;0;1022
115;13:03:02.790;enp0s25;0;810
116;13:03:03.797;enp0s25;0;1022
117;13:03:04.815;enp0s25;0;2254
118;13:03:05.825;enp0s25;0;3034
119;13:03:06.834;enp0s25;0;1822
120;13:03:07.841;enp0s25;0;568
121;13:03:08.855;enp0s25;0;1928
122;13:03:09.868;enp0s25;0;550
123;13:03:10.877;enp0s25;64;128
124;13:03:11.885;enp0s25;0;0
125;13:03:12.892;enp0s25;0;64
126;13:03:13.899;enp0s25;0;0
127;13:03:14.906;enp0s25;0;64
128;13:03:15.915;enp0s25;0;0
129;13:03:16.922;enp0s25;0;64
130;13:03:17.929;enp0s25;0;0
131;13:03:18.936;enp0s25;0;64
132;13:03:19.943;enp0s25;0;0
133;13:03:20.951;enp0s25;2159;3739
134;13:03:21.965;enp0s25;47266;576851
135;13:03:22.973;enp0s25;102599;2593642
136;13:03:23.981;enp0s25;127352;2299995
137;13:03:24.990;enp0s25;98472;1569818
138;13:03:26.005;enp0s25;64319;675898
139;13:03:27.017;enp0s25;207491;2355582
140;13:03:28.062;enp0s25;49924;1300384
141;13:03:29.093;enp0s25;5760;2944
142;13:03:30.101;enp0s25;0;0
143;13:03:31.110;enp0s25;49913;1244724
144;13:03:32.118;enp0s25;254684;5199012
145;13:03:33.130;enp0s25;151104;3221136
146;13:03:34.145;enp0s25;148046;4014908
147;13:03:35.158;enp0s25;57846;1235915
148;13:03:36.177;enp0s25;60200;1077740
149;13:03:37.187;enp0s25;56240;1066769
150;13:03:38.198;enp0s25;55812;1205556
151;13:03:39.206;enp0s25;78890;1415939
152;13:03:40.216;enp0s25;70457;1306212
153;13:03:41.237;enp0s25;73644;1979532
154;13:03:42.245;enp0s25;111640;1436130
155;13:03:43.266;enp0s25;317697;4879950
156;13:03:44.318;enp0s25;202610;4835482
157;13:03:45.337;enp0s25;15360;638162
158;13:03:46.346;enp0s25;0;0
159;13:03:47.354;enp0s25;0;64
160;13:03:48.364;enp0s25;3840;1984
161;13:03:49.372;enp0s25;1920;960
162;13:03:50.380;enp0s25;0;64
163;13:03:51.401;enp0s25;0;0
164;13:03:52.421;enp0s25;0;64
165;13:03:53.427;enp0s25;1833;1371
166;13:03:54.439;enp0s25;266392;6067157
167;13:03:55.456;enp0s25;186363;7166904
168;13:03:56.466;enp0s25;247584;7172614
169;13:03:57.486;enp0s25;192774;7169772
170;13:03:58.498;enp0s25;207827;7165164
171;13:03:59.508;enp0s25;200278;7152886
172;13:04:00.517;enp0s25;194389;6829546
173;13:04:01.524;enp0s25;196762;6871986
174;13:04:02.537;enp0s25;187057;6624616
175;13:04:03.550;enp0s25;182460;6191922
176;13:04:04.643;enp0s25;114480;3996958
177;13:04:05.655;enp0s25;174732;6014316
178;13:04:06.665;enp0s25;167319;6014498
179;13:04:07.674;enp0s25;179740;6191100
180;13:04:08.682;enp0s25;169834;6005152
181;13:04:09.692;enp0s25;172714;6083194
182;13:04:10.706;enp0s25;166962;7072772
183;13:04:11.718;enp0s25;179070;7172550
184;13:04:12.729;enp0s25;178144;7212082
185;13:04:13.744;enp0s25;178738;7165156
186;13:04:14.752;enp0s25;131158;5511922
187;13:04:15.761;enp0s25;185860;7164960
188;13:04:16.771;enp0s25;196850;7169578
189;13:04:17.783;enp0s25;168558;7168060
190;13:04:18.793;enp0s25;166786;7158952
191;13:04:19.802;enp0s25;174218;7166944
192;13:04:20.812;enp0s25;179228;7160470
193;13:04:21.825;enp0s25;154790;7164960
194;13:04:22.834;enp0s25;159544;7157434
195;13:04:23.844;enp0s25;156412;7160406
196;13:04:24.943;enp0s25;136584;5630326
197;13:04:25.955;enp0s25;175692;6659466
198;13:04:26.965;enp0s25;183488;6677746
199;13:04:27.973;enp0s25;172526;6357448
200;13:04:28.987;enp0s25;181248;6811330
201;13:04:29.998;enp0s25;178746;6708042
202;13:04:31.005;enp0s25;176498;6893302
203;13:04:32.015;enp0s25;149122;7171032
204;13:04:33.027;enp0s25;173694;6958576
205;13:04:34.039;enp0s25;179282;6651876
206;13:04:35.048;enp0s25;183306;6890266
207;13:04:36.055;enp0s25;153760;6732330
208;13:04:37.070;enp0s25;168354;6809812
209;13:04:38.082;enp0s25;130670;5599902
210;13:04:39.092;enp0s25;195368;6793792
211;13:04:40.103;enp0s25;167652;7005780
212;13:04:41.110;enp0s25;196798;6946432
213;13:04:42.119;enp0s25;180876;6788566
214;13:04:43.133;enp0s25;168526;7108858
215;13:04:44.146;enp0s25;171986;7166478
216;13:04:45.159;enp0s25;164052;7174132
217;13:04:46.170;enp0s25;172812;6835554
218;13:04:47.178;enp0s25;167562;6759154
219;13:04:48.187;enp0s25;125004;5467552
220;13:04:49.197;enp0s25;173054;7172494
221;13:04:50.210;enp0s25;169846;7194416
222;13:04:51.226;enp0s25;177918;6940360
223;13:04:52.242;enp0s25;165502;6694380
224;13:04:53.257;enp0s25;164832;7146808
225;13:04:54.267;enp0s25;163920;7164960
226;13:04:55.275;enp0s25;152252;7128592
227;13:04:56.288;enp0s25;156866;6853770
228;13:04:57.304;enp0s25;175444;6753646
229;13:04:58.314;enp0s25;114302;5279604
230;13:04:59.325;enp0s25;156294;7091596
231;13:05:00.334;enp0s25;186022;7113134
232;13:05:01.343;enp0s25;163648;6884138
233;13:05:02.358;enp0s25;161598;6789110
234;13:05:03.373;enp0s25;162614;7133082
235;13:05:04.384;enp0s25;168698;7161988
236;13:05:05.392;enp0s25;152871;7110312
237;13:05:06.402;enp0s25;164254;6744538
238;13:05:07.417;enp0s25;158492;6940296
239;13:05:08.426;enp0s25;152406;7124038
240;13:05:09.436;enp0s25;115292;5264424
241;13:05:10.447;enp0s25;162708;7125991
242;13:05:11.458;enp0s25;130683;5603892
243;13:05:12.467;enp0s25;229016;7176274
244;13:05:13.477;enp0s25;219626;7167118
245;13:05:14.486;enp0s25;201390;7157434
246;13:05:15.494;enp0s25;167421;7083685
247;13:05:16.509;enp0s25;187704;6576110
248;13:05:17.524;enp0s25;189102;7030934
249;13:05:18.536;enp0s25;176008;7157434
250;13:05:19.544;enp0s25;179968;7155852
251;13:05:20.553;enp0s25;202002;7172614
252;13:05:21.566;enp0s25;179092;6834990
253;13:05:22.579;enp0s25;190936;7169294
254;13:05:23.591;enp0s25;190198;7166422
255;13:05:24.602;enp0s25;184534;7170500
256;13:05:25.620;enp0s25;177480;7172922
257;13:05:26.633;enp0s25;161828;7163506
258;13:05:27.640;enp0s25;166220;7156224
259;13:05:28.654;enp0s25;159122;7181722
260;13:05:29.671;enp0s25;153602;7166478
261;13:05:30.684;enp0s25;159034;7166542
262;13:05:31.692;enp0s25;111462;4854936
263;13:05:32.708;enp0s25;185832;6637328
264;13:05:33.715;enp0s25;140230;6009788
265;13:05:34.727;enp0s25;174734;6433731
266;13:05:35.741;enp0s25;179614;6746492
267;13:05:36.754;enp0s25;177596;6814366
268;13:05:37.763;enp0s25;140966;6378150
269;13:05:38.773;enp0s25;180349;6405181
270;13:05:39.782;enp0s25;142224;6359297
271;13:05:40.802;enp0s25;151090;6688372
272;13:05:41.812;enp0s25;159196;7167996
273;13:05:42.822;enp0s25;158936;7161988
274;13:05:43.829;enp0s25;149034;6871986
275;13:05:44.838;enp0s25;164296;6901634
276;13:05:45.855;enp0s25;152340;6582190
277;13:05:46.866;enp0s25;155972;7024280
278;13:05:47.875;enp0s25;156966;7167996
279;13:05:48.888;enp0s25;158876;7168060
280;13:05:49.898;enp0s25;140564;6093252
281;13:05:50.908;enp0s25;145710;6674710
282;13:05:51.918;enp0s25;158632;7201392
283;13:05:52.932;enp0s25;159192;7165024
284;13:05:53.941;enp0s25;158950;7164960
285;13:05:54.949;enp0s25;150884;6610954
286;13:05:55.959;enp0s25;150536;6732466
287;13:05:56.968;enp0s25;160356;7166997
288;13:05:57.991;enp0s25;159010;7153676
289;13:05:59.001;enp0s25;156098;7150609
290;13:06:00.011;enp0s25;128118;5809233
291;13:06:01.025;enp0s25;153806;6885712
292;13:06:02.034;enp0s25;157016;7150662
293;13:06:03.050;enp0s25;158782;7167742
294;13:06:04.060;enp0s25;157856;7166478
295;13:06:05.070;enp0s25;153516;6418168
296;13:06:06.081;enp0s25;145596;6577494
297;13:06:07.091;enp0s25;158820;7164524
298;13:06:08.101;enp0s25;158802;7169310
299;13:06:09.120;enp0s25;158760;7164904
300;13:06:10.129;enp0s25;129908;5647510
301;13:06:11.137;enp0s25;152734;6944914
302;13:06:12.147;enp0s25;158074;7169514
303;13:06:13.156;enp0s25;158628;7166542
304;13:06:14.166;enp0s25;156204;7162482
305;13:06:15.192;enp0s25;159676;7197036
306;13:06:16.210;enp0s25;156346;7084104
307;13:06:17.218;enp0s25;160090;7168060
308;13:06:18.227;enp0s25;157461;7168628
309;13:06:19.235;enp0s25;159530;7164860
310;13:06:20.244;enp0s25;155520;7166824
311;13:06:21.252;enp0s25;159007;7209476
312;13:06:22.267;enp0s25;150454;7163442
313;13:06:23.275;enp0s25;159740;7165024
314;13:06:24.285;enp0s25;139834;6676164
315;13:06:25.311;enp0s25;148793;6695962
316;13:06:26.322;enp0s25;122430;5486052
317;13:06:27.330;enp0s25;156426;6688372
318;13:06:28.339;enp0s25;144925;6589638
319;13:06:29.347;enp0s25;144809;6512916
320;13:06:30.355;enp0s25;147404;6635014
321;13:06:31.372;enp0s25;159435;7160752
322;13:06:32.380;enp0s25;148496;6597722
323;13:06:33.402;enp0s25;150040;6799122
324;13:06:34.418;enp0s25;160510;7163506
325;13:06:35.426;enp0s25;159880;7163442
326;13:06:36.434;enp0s25;112750;5182516
327;13:06:37.443;enp0s25;142946;6462126
328;13:06:38.451;enp0s25;146140;6659530
329;13:06:39.459;enp0s25;161140;7167996
330;13:06:40.478;enp0s25;160714;7180268
331;13:06:41.496;enp0s25;160020;7128646
332;13:06:42.506;enp0s25;142798;6471850
333;13:06:43.515;enp0s25;157010;7051540
334;13:06:44.526;enp0s25;159110;7165024
335;13:06:45.535;enp0s25;159110;7161924
336;13:06:46.545;enp0s25;147320;6727840
337;13:06:47.553;enp0s25;114870;5127804
338;13:06:48.560;enp0s25;156148;7190830
339;13:06:49.575;enp0s25;152044;7186212
340;13:06:50.587;enp0s25;151128;7166542
341;13:06:51.596;enp0s25;158614;7121002
342;13:06:52.606;enp0s25;140664;6564632
343;13:06:53.615;enp0s25;135928;6157752
344;13:06:54.623;enp0s25;24978;1176386
345;13:06:55.637;enp0s25;0;568
346;13:06:56.647;enp0s25;0;1928
347;13:06:57.655;enp0s25;0;0
348;13:06:58.662;enp0s25;0;64
349;13:06:59.671;enp0s25;0;1714
350;13:07:00.680;enp0s25;0;64
351;13:07:01.687;enp0s25;0;0
352;13:07:02.694;enp0s25;64;128
353;13:07:03.742;enp0s25;0;0
354;13:07:04.755;enp0s25;0;64
355;13:07:05.767;enp0s25;0;466
356;13:07:06.774;enp0s25;0;64
357;13:07:07.782;enp0s25;0;0
358;13:07:08.841;enp0s25;0;64
359;13:07:09.851;enp0s25;0;0
360;13:07:10.867;enp0s25;0;64
361;13:07:11.877;enp0s25;0;0
362;13:07:12.892;enp0s25;0;64
363;13:07:13.903;enp0s25;64;64
364;13:07:14.913;enp0s25;0;64
365;13:07:15.921;enp0s25;0;0
366;13:07:16.928;enp0s25;0;64
367;13:07:17.944;enp0s25;0;0
368;13:07:18.957;enp0s25;0;64
369;13:07:19.970;enp0s25;0;0
370;13:07:20.978;enp0s25;0;64
371;13:07:21.984;enp0s25;0;0
372;13:07:22.993;enp0s25;0;64
373;13:07:24.002;enp0s25;0;0
374;13:07:25.016;enp0s25;64;678
375;13:07:26.028;enp0s25;0;0
376;13:07:27.035;enp0s25;0;64
377;13:07:28.044;enp0s25;0;0
378;13:07:29.059;enp0s25;0;64
379;13:07:30.069;enp0s25;0;0
380;13:07:31.079;enp0s25;0;64
381;13:07:32.090;enp0s25;0;0
382;13:07:33.099;enp0s25;0;64
383;13:07:34.106;enp0s25;0;954
384;13:07:35.114;enp0s25;64;3860
385;13:07:36.122;enp0s25;0;1398
386;13:07:37.129;enp0s25;0;632
387;13:07:38.136;enp0s25;0;1864
388;13:07:39.143;enp0s25;0;64
389;13:07:40.159;enp0s25;0;0
390;13:07:41.185;enp0s25;0;1778
391;13:07:42.213;enp0s25;0;0
392;13:07:43.231;enp0s25;0;64
393;13:07:44.244;enp0s25;0;0
394;13:07:45.276;enp0s25;0;64
395;13:07:46.285;enp0s25;64;64
396;13:07:47.296;enp0s25;0;530
397;13:07:48.304;enp0s25;0;0
398;13:07:49.312;enp0s25;0;64
399;13:07:50.329;enp0s25;0;0
400;13:07:51.346;enp0s25;0;64
401;13:07:52.356;enp0s25;0;0
402;13:07:53.363;enp0s25;0;0
403;13:07:54.401;enp0s25;0;64
404;13:07:55.409;enp0s25;0;0
405;13:07:56.422;enp0s25;0;64
406;13:07:57.430;enp0s25;64;64
407;13:07:58.437;enp0s25;0;64
408;13:07:59.454;enp0s25;0;0
409;13:08:00.468;enp0s25;0;64
410;13:08:01.505;enp0s25;0;0
411;13:08:02.519;enp0s25;0;64
412;13:08:03.526;enp0s25;0;0
413;13:08:04.532;enp0s25;0;64
414;13:08:05.543;enp0s25;0;0
415;13:08:06.557;enp0s25;0;64
416;13:08:07.565;enp0s25;0;0
417;13:08:08.577;enp0s25;64;128
418;13:08:09.595;enp0s25;0;0
419;13:08:10.606;enp0s25;0;64
420;13:08:11.615;enp0s25;0;0
421;13:08:12.633;enp0s25;0;64
422;13:08:13.646;enp0s25;0;0
423;13:08:15.095;enp0s25;0;64
424;13:08:16.107;enp0s25;0;0
425;13:08:17.114;enp0s25;0;64
426;13:08:18.126;enp0s25;0;0
427;13:08:19.136;enp0s25;64;678
428;13:08:20.149;enp0s25;0;0
429;13:08:21.160;enp0s25;0;64
430;13:08:22.171;enp0s25;0;0
431;13:08:23.180;enp0s25;0;64
432;13:08:24.189;enp0s25;0;0
433;13:08:25.238;enp0s25;0;64
434;13:08:26.256;enp0s25;0;0
435;13:08:27.265;enp0s25;0;1018
436;13:08:28.274;enp0s25;0;2872
437;13:08:29.284;enp0s25;0;1462
438;13:08:30.478;enp0s25;64;678
439;13:08:31.492;enp0s25;0;0
440;13:08:32.507;enp0s25;0;64
441;13:08:33.522;enp0s25;0;0
442;13:08:34.532;enp0s25;0;64
443;13:08:35.544;enp0s25;0;0
444;13:08:36.554;enp0s25;0;64
445;13:08:37.564;enp0s25;0;0
446;13:08:38.577;enp0s25;0;64
447;13:08:39.586;enp0s25;0;0
448;13:08:40.641;enp0s25;0;1018
449;13:08:41.650;enp0s25;64;4334
450;13:08:42.663;enp0s25;0;1462
451;13:08:43.672;enp0s25;0;568
452;13:08:44.679;enp0s25;0;1928
453;13:08:45.695;enp0s25;0;0
454;13:08:46.709;enp0s25;0;64
455;13:08:47.721;enp0s25;0;1714
456;13:08:48.735;enp0s25;0;64
457;13:08:49.751;enp0s25;0;0
458;13:08:50.856;enp0s25;0;64
459;13:08:51.876;enp0s25;0;0
460;13:08:52.892;enp0s25;64;128
461;13:08:53.903;enp0s25;0;466
462;13:08:54.915;enp0s25;0;64
463;13:08:55.980;enp0s25;0;0
464;13:08:56.992;enp0s25;0;64
465;13:08:58.003;enp0s25;0;0
466;13:08:59.016;enp0s25;0;64
467;13:09:00.027;enp0s25;0;0
468;13:09:01.073;enp0s25;0;64
469;13:09:02.089;enp0s25;0;0
470;13:09:03.102;enp0s25;0;64
471;13:09:04.109;enp0s25;64;64
472;13:09:05.123;enp0s25;0;64
473;13:09:06.167;enp0s25;0;0
474;13:09:07.182;enp0s25;0;64
475;13:09:08.203;enp0s25;0;0
476;13:09:09.219;enp0s25;0;64
477;13:09:10.231;enp0s25;0;0
478;13:09:11.275;enp0s25;0;64
479;13:09:12.295;enp0s25;0;0
480;13:09:13.304;enp0s25;0;64
481;13:09:14.324;enp0s25;64;64
482;13:09:15.341;enp0s25;0;64
483;13:09:16.381;enp0s25;0;64
484;13:09:17.394;enp0s25;0;0
485;13:09:18.409;enp0s25;0;64
486;13:09:19.418;enp0s25;0;0
487;13:09:20.433;enp0s25;0;64
488;13:09:21.454;enp0s25;0;466
489;13:09:22.469;enp0s25;0;64
490;13:09:23.479;enp0s25;0;0
491;13:09:24.486;enp0s25;0;64
492;13:09:25.493;enp0s25;64;64
493;13:09:26.562;enp0s25;0;64
494;13:09:27.581;enp0s25;0;0
495;13:09:28.590;enp0s25;0;64
496;13:09:29.599;enp0s25;0;0
497;13:09:30.607;enp0s25;0;64
498;13:09:31.623;enp0s25;0;0
499;13:09:32.632;enp0s25;0;64
500;13:09:33.644;enp0s25;0;0
501;13:09:34.657;enp0s25;0;64
502;13:09:35.666;enp0s25;0;0
503;13:09:36.805;enp0s25;64;128
504;13:09:37.815;enp0s25;0;0
505;13:09:38.823;enp0s25;0;64
506;13:09:39.833;enp0s25;0;0
507;13:09:40.849;enp0s25;0;64
508;13:09:41.858;enp0s25;0;0
509;13:09:42.866;enp0s25;0;64
510;13:09:43.873;enp0s25;0;550
511;13:09:44.881;enp0s25;0;64
512;13:09:45.888;enp0s25;0;0
513;13:09:46.895;enp0s25;0;64
514;13:09:47.902;enp0s25;64;64
515;13:09:48.910;enp0s25;0;64
516;13:09:49.918;enp0s25;0;0
517;13:09:50.925;enp0s25;0;64
518;13:09:51.934;enp0s25;0;0
519;13:09:52.941;enp0s25;0;2254
520;13:09:53.951;enp0s25;0;3114
521;13:09:54.960;enp0s25;0;2012
522;13:09:55.969;enp0s25;0;0
523;13:09:56.980;enp0s25;0;64
524;13:09:57.990;enp0s25;0;0
525;13:09:59.001;enp0s25;64;128
526;13:10:00.014;enp0s25;0;0
527;13:10:01.025;enp0s25;0;64
528;13:10:02.040;enp0s25;0;0
529;13:10:03.049;enp0s25;0;64
530;13:10:04.065;enp0s25;0;0
531;13:10:05.081;enp0s25;0;1636
532;13:10:06.090;enp0s25;0;3652
533;13:10:07.098;enp0s25;0;1462
534;13:10:08.111;enp0s25;0;0
535;13:10:09.120;enp0s25;0;64
536;13:10:10.130;enp0s25;64;64
537;13:10:11.142;enp0s25;0;64
538;13:10:12.150;enp0s25;0;0
539;13:10:13.157;enp0s25;0;64
540;13:10:14.171;enp0s25;0;0
541;13:10:15.184;enp0s25;0;64
542;13:10:16.197;enp0s25;0;954
543;13:10:17.206;enp0s25;0;4334
544;13:10:18.214;enp0s25;0;1398
545;13:10:19.224;enp0s25;0;614
546;13:10:20.232;enp0s25;64;64
547;13:10:21.241;enp0s25;0;64
548;13:10:22.250;enp0s25;0;0
549;13:10:23.257;enp0s25;0;64
550;13:10:24.266;enp0s25;0;0
551;13:10:25.279;enp0s25;0;64
552;13:10:26.287;enp0s25;0;0
553;13:10:27.299;enp0s25;0;1018
554;13:10:28.307;enp0s25;0;2872
555;13:10:29.314;enp0s25;0;1462
556;13:10:30.322;enp0s25;0;1948
557;13:10:31.330;enp0s25;64;128
558;13:10:32.338;enp0s25;0;0
559;13:10:33.349;enp0s25;0;64
560;13:10:34.356;enp0s25;0;0
561;13:10:35.363;enp0s25;0;0
562;13:10:36.375;enp0s25;0;64
563;13:10:37.382;enp0s25;0;0
564;13:10:38.389;enp0s25;0;64
565;13:10:39.396;enp0s25;0;0
566;13:10:40.403;enp0s25;0;1082
567;13:10:41.411;enp0s25;0;4206
568;13:10:42.423;enp0s25;64;1526
569;13:10:43.430;enp0s25;0;568
570;13:10:44.437;enp0s25;0;1928
571;13:10:45.444;enp0s25;0;0
572;13:10:46.460;enp0s25;0;64
573;13:10:47.478;enp0s25;0;1714
574;13:10:48.495;enp0s25;0;64
575;13:10:49.504;enp0s25;0;0
576;13:10:50.512;enp0s25;0;64
577;13:10:51.520;enp0s25;0;0
578;13:10:52.527;enp0s25;0;64
579;13:10:53.534;enp0s25;64;530
580;13:10:54.541;enp0s25;0;64
581;13:10:55.549;enp0s25;0;0
582;13:10:56.556;enp0s25;0;64
583;13:10:57.576;enp0s25;0;0
584;13:10:58.585;enp0s25;0;64
585;13:10:59.592;enp0s25;0;0
586;13:11:00.600;enp0s25;0;64
587;13:11:01.608;enp0s25;0;0
588;13:11:02.616;enp0s25;0;64
589;13:11:03.624;enp0s25;0;0
590;13:11:04.631;enp0s25;64;128
591;13:11:05.641;enp0s25;0;0
592;13:11:06.650;enp0s25;0;64
593;13:11:07.660;enp0s25;0;0
594;13:11:08.669;enp0s25;0;64
595;13:11:09.677;enp0s25;0;0
596;13:11:10.686;enp0s25;0;64
597;13:11:11.694;enp0s25;0;0
598;13:11:12.705;enp0s25;0;64
599;13:11:13.713;enp0s25;0;550
600;13:11:14.722;enp0s25;0;64
601;13:11:15.730;enp0s25;64;64
602;13:11:16.737;enp0s25;0;64
603;13:11:17.808;enp0s25;0;0
604;13:11:18.822;enp0s25;0;64
605;13:11:19.832;enp0s25;0;0
606;13:11:20.849;enp0s25;0;64
607;13:11:21.863;enp0s25;0;0
608;13:11:23.156;enp0s25;0;4334
609;13:11:24.171;enp0s25;0;1398
610;13:11:25.178;enp0s25;0;614
611;13:11:26.186;enp0s25;0;568
612;13:11:27.193;enp0s25;64;3000
613;13:11:28.298;enp0s25;0;1398
614;13:11:29.308;enp0s25;0;2030
615;13:11:30.316;enp0s25;0;0
616;13:11:31.323;enp0s25;0;1462
617;13:11:32.335;enp0s25;0;0
618;13:11:33.343;enp0s25;0;1778
619;13:11:34.355;enp0s25;0;0
620;13:11:35.364;enp0s25;0;0
621;13:11:36.372;enp0s25;0;64
622;13:11:37.380;enp0s25;64;64
623;13:11:38.886;enp0s25;0;64
624;13:11:39.894;enp0s25;0;466
625;13:11:40.902;enp0s25;0;64
626;13:11:41.910;enp0s25;0;0
627;13:11:42.918;enp0s25;0;64
628;13:11:43.926;enp0s25;0;0
629;13:11:44.935;enp0s25;0;64
630;13:11:45.956;enp0s25;0;0
631;13:11:46.993;enp0s25;0;64
632;13:11:48.035;enp0s25;0;0
633;13:11:49.061;enp0s25;64;128
634;13:11:50.084;enp0s25;0;0
635;13:11:51.091;enp0s25;0;64
636;13:11:52.101;enp0s25;0;0
637;13:11:53.109;enp0s25;0;64
638;13:11:54.117;enp0s25;0;0
639;13:11:56.156;enp0s25;0;0
640;13:11:57.164;enp0s25;0;64
641;13:11:58.174;enp0s25;0;0
642;13:11:59.185;enp0s25;0;400
643;13:12:00.195;enp0s25;64;64
644;13:12:01.217;enp0s25;0;64
645;13:12:02.226;enp0s25;0;0
646;13:12:03.235;enp0s25;0;64
647;13:12:04.252;enp0s25;0;0
648;13:12:05.297;enp0s25;0;64
649;13:12:06.326;enp0s25;0;0
650;13:12:07.359;enp0s25;0;530
651;13:12:08.369;enp0s25;0;2674
652;13:12:09.388;enp0s25;0;3198
653;13:12:10.417;enp0s25;64;522
654;13:12:11.481;enp0s25;0;0
655;13:12:12.499;enp0s25;0;64
656;13:12:13.515;enp0s25;0;0
657;13:12:14.522;enp0s25;0;64
658;13:12:15.535;enp0s25;0;0
659;13:12:16.546;enp0s25;0;64
660;13:12:17.555;enp0s25;0;0
661;13:12:18.562;enp0s25;0;64
662;13:12:19.572;enp0s25;0;0
663;13:12:20.580;enp0s25;0;64
664;13:12:21.587;enp0s25;64;64
665;13:12:22.603;enp0s25;0;64
666;13:12:23.618;enp0s25;0;0
667;13:12:24.627;enp0s25;0;64
668;13:12:25.634;enp0s25;0;0
669;13:12:26.649;enp0s25;0;64
670;13:12:27.665;enp0s25;0;0
671;13:12:28.673;enp0s25;0;64
672;13:12:29.680;enp0s25;0;0
673;13:12:30.694;enp0s25;0;64
674;13:12:31.710;enp0s25;0;0
675;13:12:32.725;enp0s25;64;128
676;13:12:33.734;enp0s25;0;0
677;13:12:34.750;enp0s25;0;3798
678;13:12:35.757;enp0s25;0;2282
679;13:12:36.764;enp0s25;0;64
680;13:12:37.771;enp0s25;0;1150
681;13:12:38.778;enp0s25;0;450
682;13:12:39.791;enp0s25;0;1150
683;13:12:40.802;enp0s25;0;64
684;13:12:41.818;enp0s25;0;0
685;13:12:42.857;enp0s25;0;458
686;13:12:43.887;enp0s25;64;2254
687;13:12:44.895;enp0s25;0;5036
688;13:12:45.904;enp0s25;0;5058
689;13:12:46.912;enp0s25;0;824
690;13:12:47.920;enp0s25;0;394
691;13:12:48.929;enp0s25;0;64
692;13:12:49.937;enp0s25;0;0
693;13:12:50.950;enp0s25;0;64
694;13:12:51.958;enp0s25;0;0
695;13:12:52.965;enp0s25;0;64
696;13:12:53.973;enp0s25;0;0
697;13:12:54.988;enp0s25;64;128
698;13:12:56.003;enp0s25;0;0
699;13:12:57.013;enp0s25;0;64
700;13:12:58.028;enp0s25;0;0
701;13:12:59.039;enp0s25;0;64
702;13:13:00.046;enp0s25;0;0
703;13:13:01.054;enp0s25;0;64
704;13:13:02.093;enp0s25;0;0
705;13:13:03.101;enp0s25;0;64
706;13:13:04.110;enp0s25;0;0
707;13:13:05.120;enp0s25;0;64
708;13:13:06.127;enp0s25;64;64
709;13:13:07.143;enp0s25;0;64
710;13:13:08.151;enp0s25;0;0
711;13:13:09.159;enp0s25;0;64
712;13:13:10.167;enp0s25;0;0
713;13:13:11.176;enp0s25;0;64
714;13:13:12.183;enp0s25;0;0
715;13:13:13.210;enp0s25;0;64
716;13:13:14.219;enp0s25;0;0
717;13:13:15.235;enp0s25;0;64
718;13:13:16.242;enp0s25;0;0
719;13:13:17.262;enp0s25;64;128
720;13:13:18.268;enp0s25;0;0
721;13:13:19.280;enp0s25;0;64
722;13:13:20.287;enp0s25;0;0
723;13:13:21.296;enp0s25;0;64
724;13:13:22.310;enp0s25;0;0
725;13:13:23.320;enp0s25;0;64
726;13:13:24.330;enp0s25;0;0
727;13:13:25.344;enp0s25;0;1670
728;13:13:26.353;enp0s25;0;3362
729;13:13:27.362;enp0s25;0;824
730;13:13:28.374;enp0s25;0;1278
731;13:13:29.387;enp0s25;0;386
732;13:13:30.398;enp0s25;0;1018
733;13:13:31.409;enp0s25;0;5420
734;13:13:32.424;enp0s25;0;1462
735;13:13:33.436;enp0s25;0;568
736;13:13:34.450;enp0s25;0;1928
737;13:13:35.462;enp0s25;0;0
738;13:13:36.470;enp0s25;0;64
739;13:13:38.298;enp0s25;0;0
740;13:13:39.315;enp0s25;64;128
741;13:13:40.324;enp0s25;0;0
742;13:13:41.331;enp0s25;0;64
743;13:13:42.338;enp0s25;0;0
744;13:13:43.345;enp0s25;0;530
745;13:13:44.358;enp0s25;0;0
746;13:13:45.366;enp0s25;0;0
747;13:13:46.374;enp0s25;0;458
748;13:13:47.381;enp0s25;0;0
749;13:13:48.422;enp0s25;0;64
750;13:13:49.432;enp0s25;64;64
751;13:13:50.446;enp0s25;0;64
752;13:13:51.464;enp0s25;0;1606
753;13:13:52.475;enp0s25;0;3506
754;13:13:53.485;enp0s25;0;760
755;13:13:54.494;enp0s25;0;1214
756;13:13:55.506;enp0s25;0;466
757;13:13:56.515;enp0s25;0;64
758;13:13:57.525;enp0s25;0;1150
759;13:13:58.545;enp0s25;0;458
760;13:13:59.553;enp0s25;0;0
761;13:14:00.561;enp0s25;64;128
762;13:14:01.591;enp0s25;0;0
763;13:14:02.602;enp0s25;0;64
764;13:14:03.610;enp0s25;0;0
765;13:14:04.632;enp0s25;0;64
766;13:14:05.640;enp0s25;0;0
767;13:14:06.654;enp0s25;0;64
768;13:14:07.661;enp0s25;0;0
769;13:14:08.670;enp0s25;0;64
770;13:14:09.685;enp0s25;0;0
771;13:14:10.695;enp0s25;0;64
772;13:14:11.704;enp0s25;64;64
773;13:14:12.718;enp0s25;0;64
774;13:14:13.727;enp0s25;0;0
775;13:14:14.737;enp0s25;0;64
776;13:14:15.746;enp0s25;0;0
777;13:14:16.755;enp0s25;0;64
778;13:14:17.763;enp0s25;0;3242
779;13:14:18.771;enp0s25;0;2630
780;13:14:19.779;enp0s25;0;0
781;13:14:20.788;enp0s25;0;1214
782;13:14:21.800;enp0s25;0;466
783;13:14:22.808;enp0s25;64;2348
784;13:14:23.816;enp0s25;0;856
785;13:14:24.823;enp0s25;0;458
786;13:14:25.861;enp0s25;0;856
787;13:14:26.869;enp0s25;0;64
788;13:14:27.876;enp0s25;0;0
789;13:14:28.890;enp0s25;0;64
790;13:14:29.897;enp0s25;0;856
791;13:14:30.911;enp0s25;0;64
792;13:14:31.923;enp0s25;0;0
793;13:14:32.930;enp0s25;0;64
794;13:14:33.942;enp0s25;64;64
795;13:14:34.951;enp0s25;0;64
796;13:14:35.964;enp0s25;0;0
797;13:14:36.978;enp0s25;0;64
798;13:14:37.989;enp0s25;0;0
799;13:14:39.002;enp0s25;0;64
800;13:14:40.009;enp0s25;0;0
801;13:14:41.021;enp0s25;0;64
802;13:14:42.030;enp0s25;0;0
803;13:14:43.044;enp0s25;0;64
804;13:14:44.061;enp0s25;0;0
805;13:14:45.071;enp0s25;64;128
806;13:14:46.083;enp0s25;0;0
807;13:14:47.091;enp0s25;0;64
808;13:14:48.106;enp0s25;0;0
809;13:14:49.160;enp0s25;0;64
810;13:14:50.174;enp0s25;0;0
811;13:14:51.183;enp0s25;0;64
812;13:14:52.190;enp0s25;0;492
813;13:14:53.197;enp0s25;0;632
814;13:14:54.204;enp0s25;0;2872
815;13:14:55.218;enp0s25;0;1848
816;13:14:56.231;enp0s25;64;2030
817;13:14:57.242;enp0s25;0;64
818;13:14:58.252;enp0s25;0;1864
819;13:14:59.266;enp0s25;0;64
820;13:15:00.278;enp0s25;0;1714
821;13:15:01.291;enp0s25;0;614
822;13:15:02.302;enp0s25;0;0
823;13:15:03.316;enp0s25;0;64
824;13:15:04.335;enp0s25;0;0
825;13:15:05.350;enp0s25;0;64
826;13:15:06.360;enp0s25;0;0
827;13:15:07.374;enp0s25;64;64
828;13:15:08.384;enp0s25;0;64
829;13:15:09.398;enp0s25;0;0
830;13:15:10.406;enp0s25;0;64
831;13:15:11.416;enp0s25;0;0
832;13:15:12.431;enp0s25;0;64
833;13:15:13.442;enp0s25;0;0
834;13:15:14.459;enp0s25;0;64
835;13:15:15.473;enp0s25;0;0
836;13:15:16.488;enp0s25;0;64
837;13:15:17.545;enp0s25;64;1636
838;13:15:18.564;enp0s25;0;3716
839;13:15:19.573;enp0s25;0;1398
840;13:15:20.580;enp0s25;0;632
841;13:15:21.586;enp0s25;0;1864
842;13:15:22.658;enp0s25;0;64
843;13:15:23.669;enp0s25;0;0
844;13:15:24.676;enp0s25;0;1778
845;13:15:25.684;enp0s25;0;0
846;13:15:26.692;enp0s25;0;64
847;13:15:27.775;enp0s25;0;0
848;13:15:28.783;enp0s25;64;128
849;13:15:29.790;enp0s25;0;0
850;13:15:30.806;enp0s25;0;530
851;13:15:31.815;enp0s25;0;0
852;13:15:32.823;enp0s25;0;64
853;13:15:33.832;enp0s25;0;0
854;13:15:34.852;enp0s25;0;64
855;13:15:35.859;enp0s25;0;0
856;13:15:36.867;enp0s25;0;64
857;13:15:37.923;enp0s25;0;0
858;13:15:38.934;enp0s25;0;64
859;13:15:39.942;enp0s25;64;64
860;13:15:40.952;enp0s25;0;64
861;13:15:41.961;enp0s25;0;0
862;13:15:42.973;enp0s25;0;64
863;13:15:43.986;enp0s25;0;0
864;13:15:44.995;enp0s25;0;64
865;13:15:46.003;enp0s25;0;0
866;13:15:47.010;enp0s25;0;64
867;13:15:48.089;enp0s25;0;0
868;13:15:49.097;enp0s25;0;64
869;13:15:50.104;enp0s25;0;0
870;13:15:51.111;enp0s25;64;128
871;13:15:52.122;enp0s25;94;0
872;13:15:53.132;enp0s25;0;64
873;13:15:54.150;enp0s25;0;0
874;13:15:55.163;enp0s25;0;64
875;13:15:56.176;enp0s25;0;0
876;13:15:57.188;enp0s25;64;128
877;13:15:58.203;enp0s25;0;466
878;13:15:59.219;enp0s25;0;64
879;13:16:00.229;enp0s25;0;0
880;13:16:01.244;enp0s25;0;64
881;13:16:02.258;enp0s25;64;64
882;13:16:03.272;enp0s25;0;64
883;13:16:04.281;enp0s25;0;0
884;13:16:05.296;enp0s25;0;64
885;13:16:06.310;enp0s25;0;0
886;13:16:07.320;enp0s25;0;64
887;13:16:08.523;enp0s25;0;64
888;13:16:09.539;enp0s25;0;0
889;13:16:10.554;enp0s25;0;64
890;13:16:11.564;enp0s25;0;0
891;13:16:12.580;enp0s25;64;128
892;13:16:13.594;enp0s25;0;0
893;13:16:14.610;enp0s25;0;128
894;13:16:15.620;enp0s25;0;0
895;13:16:16.628;enp0s25;0;64
896;13:16:17.635;enp0s25;0;0
897;13:16:18.649;enp0s25;0;64
898;13:16:19.658;enp0s25;0;0
899;13:16:20.666;enp0s25;0;64
900;13:16:21.677;enp0s25;0;0
901;13:16:22.690;enp0s25;0;64
902;13:16:23.707;enp0s25;64;64
903;13:16:24.723;enp0s25;94;158
904;13:16:25.732;enp0s25;0;0
905;13:16:26.747;enp0s25;0;556
906;13:16:27.762;enp0s25;0;0
907;13:16:28.772;enp0s25;0;64
908;13:16:29.787;enp0s25;0;0
909;13:16:30.803;enp0s25;0;64
910;13:16:31.815;enp0s25;0;0
911;13:16:32.830;enp0s25;0;64
912;13:16:33.846;enp0s25;0;0
913;13:16:34.860;enp0s25;64;128
914;13:16:35.867;enp0s25;0;0
915;13:16:36.882;enp0s25;0;64
916;13:16:37.896;enp0s25;0;0
917;13:16:38.909;enp0s25;0;64
918;13:16:39.917;enp0s25;0;0
919;13:16:40.931;enp0s25;0;64
920;13:16:41.948;enp0s25;0;0
921;13:16:42.957;enp0s25;0;64
922;13:16:43.967;enp0s25;0;0
923;13:16:44.980;enp0s25;0;64
924;13:16:45.987;enp0s25;64;64
925;13:16:46.995;enp0s25;0;64
926;13:16:48.019;enp0s25;0;0
927;13:16:49.039;enp0s25;306;826
928;13:16:50.046;enp0s25;1981;8645
929;13:16:51.060;enp0s25;11823;1400
930;13:16:52.075;enp0s25;11777;5766
931;13:16:53.083;enp0s25;0;64
932;13:16:54.091;enp0s25;0;0
933;13:16:55.100;enp0s25;0;64
934;13:16:56.115;enp0s25;0;0
935;13:16:57.126;enp0s25;64;128
936;13:16:58.134;enp0s25;0;0
937;13:16:59.157;enp0s25;0;64
938;13:17:00.165;enp0s25;0;0
939;13:17:01.173;enp0s25;0;64
940;13:17:02.181;enp0s25;0;0
941;13:17:03.189;enp0s25;11393;640
942;13:17:04.509;enp0s25;0;64
943;13:17:05.529;enp0s25;0;0
944;13:17:06.538;enp0s25;0;64
945;13:17:07.567;enp0s25;0;0
946;13:17:08.577;enp0s25;64;128
947;13:17:09.586;enp0s25;0;0
948;13:17:10.594;enp0s25;57799;734180
949;13:17:11.602;enp0s25;67111;840099
950;13:17:12.621;enp0s25;185591;3222755
951;13:17:13.641;enp0s25;224617;3197872
952;13:17:14.674;enp0s25;250511;4754944
953;13:17:15.699;enp0s25;209224;4278475
954;13:17:16.758;enp0s25;293676;6998693
955;13:17:17.790;enp0s25;134359;3649332
956;13:17:18.821;enp0s25;160068;3368425
957;13:17:19.842;enp0s25;103159;1221331
958;13:17:20.890;enp0s25;191599;4218360
959;13:17:21.904;enp0s25;135465;2319038
960;13:17:22.944;enp0s25;133461;1932252
961;13:17:23.955;enp0s25;91588;978983
962;13:17:24.968;enp0s25;100252;1024125
963;13:17:25.982;enp0s25;98989;1118655
964;13:17:26.991;enp0s25;104113;2233295
965;13:17:28.038;enp0s25;112567;1132049
966;13:17:29.077;enp0s25;134543;2989222
967;13:17:30.102;enp0s25;146752;2657603
968;13:17:31.110;enp0s25;153400;2765216
969;13:17:32.157;enp0s25;130125;3084905
970;13:17:33.179;enp0s25;143514;2393144
971;13:17:34.186;enp0s25;134734;2246411
972;13:17:35.196;enp0s25;120870;1860530
973;13:17:36.205;enp0s25;133203;2209394
974;13:17:37.213;enp0s25;85263;2108520
975;13:17:38.223;enp0s25;140499;3178693
976;13:17:39.236;enp0s25;100549;1861323
977;13:17:40.282;enp0s25;83021;983437
978;13:17:41.309;enp0s25;113152;1415823
979;13:17:42.318;enp0s25;126063;2376920
980;13:17:43.344;enp0s25;93940;1193069
981;13:17:44.361;enp0s25;113955;1921936
982;13:17:45.390;enp0s25;132345;4019437
983;13:17:46.411;enp0s25;188243;5923759
984;13:17:47.424;enp0s25;209224;6768395
985;13:17:48.461;enp0s25;209999;6851870
986;13:17:49.501;enp0s25;182393;5783387
987;13:17:50.548;enp0s25;166777;4858440
988;13:17:51.586;enp0s25;138750;4140225
989;13:17:52.604;enp0s25;121436;2429340
990;13:17:53.613;enp0s25;144110;3596002
991;13:17:54.650;enp0s25;90949;2082996
992;13:17:55.693;enp0s25;108683;3523872
993;13:17:56.746;enp0s25;87233;3678391
994;13:17:57.781;enp0s25;32501;392443
995;13:17:58.791;enp0s25;74911;3084058
996;13:17:59.815;enp0s25;0;0
997;13:18:00.823;enp0s25;1407;26528
998;13:18:01.832;enp0s25;8654;422603
999;13:18:02.844;enp0s25;13516;455358
1000;13:18:03.868;enp0s25;23679;885672
1001;13:18:04.878;enp0s25;18205;916891
1002;13:18:05.916;enp0s25;46591;1587645
1003;13:18:06.932;enp0s25;36775;1729639
1004;13:18:07.941;enp0s25;49076;2136754
1005;13:18:08.950;enp0s25;64552;2948725
1006;13:18:09.963;enp0s25;74144;4445748
1007;13:18:10.979;enp0s25;64154;2988157
1008;13:18:11.987;enp0s25;80815;3973893
1009;13:18:13.023;enp0s25;104901;4842309
1010;13:18:14.034;enp0s25;47552;2347062
1011;13:18:15.041;enp0s25;50677;3848489
1012;13:18:16.066;enp0s25;24213;1240475
1013;13:18:17.082;enp0s25;8761;304970
1014;13:18:18.092;enp0s25;0;0
1015;13:18:19.101;enp0s25;0;64
1016;13:18:20.116;enp0s25;0;0
1017;13:18:21.126;enp0s25;0;64
1018;13:18:22.136;enp0s25;0;0
1019;13:18:23.156;enp0s25;0;64
1020;13:18:24.166;enp0s25;0;0
1021;13:18:25.175;enp0s25;64;128
1022;13:18:26.191;enp0s25;0;0
1023;13:18:27.225;enp0s25;0;64
1024;13:18:28.293;enp0s25;0;0
1025;13:18:29.321;enp0s25;0;64
1026;13:18:30.340;enp0s25;0;0
1027;13:18:31.348;enp0s25;0;64
1028;13:18:32.357;enp0s25;0;0
1029;13:18:33.365;enp0s25;0;64
1030;13:18:34.373;enp0s25;0;64
1031;13:18:35.381;enp0s25;0;0
1032;13:18:36.398;enp0s25;64;128
1033;13:18:37.428;enp0s25;0;0
1034;13:18:38.436;enp0s25;0;64
1035;13:18:39.446;enp0s25;0;0
1036;13:18:40.458;enp0s25;0;64
1037;13:18:41.474;enp0s25;0;0
1038;13:18:42.489;enp0s25;0;64
1039;13:18:43.498;enp0s25;0;0
1040;13:18:44.516;enp0s25;0;64
1041;13:18:45.529;enp0s25;0;0
1042;13:18:46.544;enp0s25;0;64
1043;13:18:47.561;enp0s25;64;64
1044;13:18:48.576;enp0s25;0;64
1045;13:18:49.584;enp0s25;0;0
1046;13:18:50.601;enp0s25;0;64
1047;13:18:51.614;enp0s25;0;0
1048;13:18:52.627;enp0s25;0;64
1049;13:18:53.642;enp0s25;0;0
1050;13:18:54.655;enp0s25;0;64
1051;13:18:55.671;enp0s25;0;0
1052;13:18:56.679;enp0s25;0;64
1053;13:18:57.694;enp0s25;64;64
1054;13:18:58.710;enp0s25;0;64
1055;13:18:59.722;enp0s25;0;0
1056;13:19:00.739;enp0s25;0;64
1057;13:19:01.753;enp0s25;0;0
1058;13:19:02.767;enp0s25;0;64
1059;13:19:03.777;enp0s25;0;0
1060;13:19:04.790;enp0s25;0;64
1061;13:19:05.798;enp0s25;1593;3382
1062;13:19:06.806;enp0s25;3030;6640
1063;13:19:07.815;enp0s25;0;0
1064;13:19:08.823;enp0s25;64;128
1065;13:19:09.831;enp0s25;0;0
1066;13:19:10.844;enp0s25;0;64
