ID; Time; Network interface; TBPS; RBPS
1;14:49:27.758;enp0s25;64;128
2;14:49:28.769;enp0s25;0;0
3;14:49:29.775;enp0s25;4091;9015
4;14:49:30.791;enp0s25;61171;1813750
5;14:49:31.801;enp0s25;0;64
6;14:49:32.807;enp0s25;58091;2438294
7;14:49:33.815;enp0s25;150922;7165024
8;14:49:34.822;enp0s25;148190;6973692
9;14:49:35.830;enp0s25;148330;6958576
10;14:49:36.838;enp0s25;148630;7163442
11;14:49:37.846;enp0s25;152110;7152990
12;14:49:38.854;enp0s25;134044;6399552
13;14:49:39.861;enp0s25;0;824
14;14:49:40.869;enp0s25;0;834
15;14:49:41.875;enp0s25;0;476
16;14:49:42.882;enp0s25;0;0
17;14:49:43.893;enp0s25;0;898
18;14:49:44.900;enp0s25;0;0
19;14:49:45.911;enp0s25;0;316
20;14:49:46.918;enp0s25;0;0
21;14:49:47.924;enp0s25;0;64
22;14:49:48.931;enp0s25;0;0
23;14:49:49.938;enp0s25;64;128
24;14:49:50.952;enp0s25;0;412
25;14:49:51.967;enp0s25;0;64
26;14:49:52.976;enp0s25;0;0
27;14:49:53.983;enp0s25;0;64
28;14:49:54.990;enp0s25;182;165
29;14:49:55.998;enp0s25;662;4063
30;14:49:57.006;enp0s25;0;0
31;14:49:58.013;enp0s25;0;64
32;14:49:59.020;enp0s25;0;0
33;14:50:00.026;enp0s25;0;64
34;14:50:01.033;enp0s25;2043;3973
35;14:50:02.048;enp0s25;6507;108365
36;14:50:03.060;enp0s25;53560;1699207
37;14:50:04.070;enp0s25;23512;546568
38;14:50:05.080;enp0s25;128230;5770830
39;14:50:06.095;enp0s25;142481;5602996
40;14:50:07.107;enp0s25;139796;6414746
41;14:50:08.115;enp0s25;152320;7142254
42;14:50:09.123;enp0s25;146554;7101204
43;14:50:10.131;enp0s25;133379;6186952
44;14:50:11.139;enp0s25;147204;6914554
45;14:50:12.147;enp0s25;152390;7157434
46;14:50:13.155;enp0s25;120300;7131564
47;14:50:14.172;enp0s25;107289;4751993
48;14:50:15.180;enp0s25;118720;5571060
49;14:50:16.187;enp0s25;143195;6634225
50;14:50:17.195;enp0s25;90022;3935624
51;14:50:18.210;enp0s25;28748;712586
52;14:50:19.217;enp0s25;47886;1508796
53;14:50:20.233;enp0s25;34629;969014
54;14:50:21.243;enp0s25;93272;4590122
55;14:50:22.255;enp0s25;6356;396985
56;14:50:23.265;enp0s25;0;458
57;14:50:24.272;enp0s25;0;1590
58;14:50:25.279;enp0s25;0;3490
59;14:50:26.286;enp0s25;0;760
60;14:50:27.294;enp0s25;0;1214
61;14:50:28.301;enp0s25;0;450
62;14:50:29.309;enp0s25;0;64
63;14:50:30.316;enp0s25;0;1150
64;14:50:31.324;enp0s25;0;64
65;14:50:32.331;enp0s25;0;0
66;14:50:33.337;enp0s25;64;128
67;14:50:34.345;enp0s25;0;0
68;14:50:35.352;enp0s25;0;64
69;14:50:36.359;enp0s25;0;0
70;14:50:37.367;enp0s25;0;514
71;14:50:38.376;enp0s25;0;394
72;14:50:39.383;enp0s25;0;64
73;14:50:40.390;enp0s25;0;0
74;14:50:41.397;enp0s25;0;64
75;14:50:42.404;enp0s25;85243;2477596
76;14:50:43.417;enp0s25;31360;1644810
77;14:50:44.427;enp0s25;64;64
78;14:50:45.434;enp0s25;0;64
79;14:50:46.441;enp0s25;0;0
80;14:50:47.447;enp0s25;0;64
81;14:50:48.454;enp0s25;0;0
82;14:50:49.461;enp0s25;0;64
83;14:50:50.468;enp0s25;21998;821054
84;14:50:51.475;enp0s25;23530;895281
85;14:50:52.487;enp0s25;3070;107474
86;14:50:53.503;enp0s25;23598;974508
87;14:50:54.516;enp0s25;26538;981566
88;14:50:55.527;enp0s25;21822;711975
89;14:50:56.536;enp0s25;31582;1259583
90;14:50:57.547;enp0s25;26008;943636
91;14:50:58.558;enp0s25;11960;446973
92;14:50:59.573;enp0s25;27174;1205684
93;14:51:00.588;enp0s25;11784;387669
94;14:51:01.600;enp0s25;20888;721433
95;14:51:02.613;enp0s25;32048;1395711
96;14:51:03.625;enp0s25;43316;2040847
97;14:51:04.636;enp0s25;18728;573889
98;14:51:05.647;enp0s25;39028;1838551
99;14:51:06.658;enp0s25;34276;1478748
100;14:51:07.669;enp0s25;30242;1241648
101;14:51:08.678;enp0s25;19140;765658
102;14:51:09.690;enp0s25;10678;299880
103;14:51:10.703;enp0s25;13404;295080
104;14:51:11.712;enp0s25;14574;393571
105;14:51:12.723;enp0s25;20046;758022
106;14:51:13.732;enp0s25;7566;277624
107;14:51:14.743;enp0s25;22206;694615
108;14:51:15.756;enp0s25;19458;608208
109;14:51:16.765;enp0s25;17454;553634
110;14:51:17.773;enp0s25;32834;1339729
111;14:51:18.780;enp0s25;14310;396084
112;14:51:19.789;enp0s25;7700;260937
113;14:51:20.801;enp0s25;14578;371544
114;14:51:21.818;enp0s25;33078;1368144
115;14:51:22.832;enp0s25;23176;781979
116;14:51:23.843;enp0s25;19704;574989
117;14:51:24.851;enp0s25;13358;347839
118;14:51:25.857;enp0s25;46232;2221637
119;14:51:26.863;enp0s25;19614;560121
120;14:51:27.870;enp0s25;23066;779497
121;14:51:28.877;enp0s25;16272;475281
122;14:51:29.890;enp0s25;6046;182908
123;14:51:30.899;enp0s25;13402;304649
124;14:51:31.908;enp0s25;22356;702601
125;14:51:32.918;enp0s25;14468;280384
126;14:51:33.931;enp0s25;14920;352655
127;14:51:34.940;enp0s25;14856;365736
128;14:51:35.947;enp0s25;23766;789515
129;14:51:36.956;enp0s25;17332;453999
130;14:51:37.966;enp0s25;13228;227654
131;14:51:38.977;enp0s25;14010;282234
132;14:51:39.984;enp0s25;40974;1757122
133;14:51:40.990;enp0s25;43512;1960700
134;14:51:41.997;enp0s25;39666;1785960
135;14:51:43.003;enp0s25;50658;2322865
136;14:51:44.012;enp0s25;29730;1142727
137;14:51:45.021;enp0s25;15626;405028
138;14:51:46.029;enp0s25;13818;288036
139;14:51:47.040;enp0s25;14870;407865
140;14:51:48.050;enp0s25;20542;635922
141;14:51:49.059;enp0s25;19156;576775
142;14:51:50.066;enp0s25;9620;160194
143;14:51:51.077;enp0s25;13050;233804
144;14:51:52.086;enp0s25;18880;620284
145;14:51:53.094;enp0s25;4066;91723
146;14:51:54.103;enp0s25;15782;398946
147;14:51:55.113;enp0s25;30682;1459354
148;14:51:56.127;enp0s25;42710;2057095
149;14:51:57.145;enp0s25;64320;3266533
150;14:51:58.156;enp0s25;4572;179992
151;14:51:59.165;enp0s25;8462;282615
152;14:52:00.175;enp0s25;15800;409005
153;14:52:01.184;enp0s25;6152;129007
154;14:52:02.200;enp0s25;41222;1907667
155;14:52:03.212;enp0s25;14010;316673
156;14:52:04.222;enp0s25;19070;513532
157;14:52:05.231;enp0s25;13610;254158
158;14:52:06.241;enp0s25;24281;809149
159;14:52:07.255;enp0s25;26144;1010499
160;14:52:08.269;enp0s25;64838;3634767
161;14:52:09.284;enp0s25;55232;2972523
162;14:52:10.294;enp0s25;3500;55785
163;14:52:11.303;enp0s25;13624;295167
164;14:52:12.311;enp0s25;38564;1661830
165;14:52:13.320;enp0s25;34296;1506504
166;14:52:14.328;enp0s25;5068;118174
167;14:52:15.335;enp0s25;0;64
168;14:52:16.342;enp0s25;10169;4375
169;14:52:17.348;enp0s25;602;3541
170;14:52:18.355;enp0s25;0;0
171;14:52:19.362;enp0s25;0;64
172;14:52:20.370;enp0s25;0;0
173;14:52:21.376;enp0s25;0;64
174;14:52:22.384;enp0s25;0;0
175;14:52:23.392;enp0s25;64;128
176;14:52:24.400;enp0s25;0;0
177;14:52:25.407;enp0s25;0;64
178;14:52:26.414;enp0s25;0;0
179;14:52:27.421;enp0s25;0;64
180;14:52:28.427;enp0s25;0;0
181;14:52:29.434;enp0s25;0;64
182;14:52:30.441;enp0s25;0;0
183;14:52:31.448;enp0s25;0;64
184;14:52:32.454;enp0s25;0;0
185;14:52:33.461;enp0s25;0;64
186;14:52:34.471;enp0s25;64;64
187;14:52:35.478;enp0s25;118394;1991528
188;14:52:36.491;enp0s25;161376;7161128
189;14:52:37.498;enp0s25;84584;5877391
190;14:52:38.506;enp0s25;138716;2898641
191;14:52:39.513;enp0s25;50690;889117
192;14:52:40.520;enp0s25;43812;550719
193;14:52:41.527;enp0s25;152867;3778942
194;14:52:42.534;enp0s25;52121;811180
195;14:52:43.540;enp0s25;68616;1026152
196;14:52:44.547;enp0s25;33511;254802
197;14:52:45.554;enp0s25;38699;581789
198;14:52:46.561;enp0s25;58362;639548
199;14:52:47.568;enp0s25;44918;705086
200;14:52:48.580;enp0s25;51713;1027946
201;14:52:49.588;enp0s25;66076;1365108
202;14:52:50.600;enp0s25;36093;839389
203;14:52:51.607;enp0s25;43170;609161
204;14:52:52.614;enp0s25;53498;931000
205;14:52:53.620;enp0s25;28690;297019
206;14:52:54.627;enp0s25;22073;2155091
207;14:52:55.634;enp0s25;26850;140446
208;14:52:56.640;enp0s25;29157;90389
209;14:52:57.647;enp0s25;27861;543822
210;14:52:58.654;enp0s25;98660;2132244
211;14:52:59.661;enp0s25;47130;809849
212;14:53:00.668;enp0s25;50297;971465
213;14:53:01.675;enp0s25;49097;482569
214;14:53:02.681;enp0s25;17096;124451
215;14:53:03.688;enp0s25;36950;321095
216;14:53:04.695;enp0s25;37651;320894
217;14:53:05.702;enp0s25;44703;370290
218;14:53:06.708;enp0s25;51551;570756
219;14:53:07.715;enp0s25;32536;404135
220;14:53:08.722;enp0s25;50909;1495566
221;14:53:09.729;enp0s25;57082;900553
222;14:53:10.736;enp0s25;56249;956232
223;14:53:11.743;enp0s25;40602;347360
224;14:53:12.750;enp0s25;768;72417
225;14:53:13.757;enp0s25;0;64
226;14:53:14.764;enp0s25;0;0
227;14:53:15.771;enp0s25;0;64
228;14:53:16.778;enp0s25;0;0
229;14:53:17.785;enp0s25;0;64
230;14:53:18.792;enp0s25;64;64
231;14:53:19.800;enp0s25;0;64
232;14:53:20.807;enp0s25;9268;114841
233;14:53:21.818;enp0s25;105118;3582310
234;14:53:22.826;enp0s25;960;0
235;14:53:23.834;enp0s25;22758;202150
236;14:53:24.846;enp0s25;91492;1985912
237;14:53:25.853;enp0s25;28879;320623
238;14:53:26.860;enp0s25;55622;572130
239;14:53:27.867;enp0s25;29711;738360
240;14:53:28.874;enp0s25;2492;1030
241;14:53:29.882;enp0s25;114725;3314395
242;14:53:30.890;enp0s25;63316;1515393
243;14:53:31.907;enp0s25;107312;2334288
244;14:53:32.925;enp0s25;110340;3104514
245;14:53:33.935;enp0s25;47408;1643218
246;14:53:34.942;enp0s25;28338;431157
247;14:53:35.949;enp0s25;105017;2108124
248;14:53:36.963;enp0s25;50266;1166055
249;14:53:37.971;enp0s25;0;64
250;14:53:38.978;enp0s25;1998;960
251;14:53:39.985;enp0s25;95485;2174987
252;14:53:41.001;enp0s25;92646;2475781
253;14:53:42.011;enp0s25;37652;734248
254;14:53:43.018;enp0s25;25594;467896
255;14:53:44.025;enp0s25;27596;575424
256;14:53:45.032;enp0s25;21777;244610
257;14:53:46.039;enp0s25;40800;865318
258;14:53:47.046;enp0s25;73918;939386
259;14:53:48.053;enp0s25;136701;2785406
260;14:53:49.060;enp0s25;1728;47118
261;14:53:50.066;enp0s25;0;64
262;14:53:51.073;enp0s25;0;394
263;14:53:52.080;enp0s25;3598;4364
264;14:53:53.086;enp0s25;0;128
265;14:53:54.093;enp0s25;0;64
266;14:53:55.100;enp0s25;0;0
267;14:53:56.107;enp0s25;0;64
268;14:53:57.113;enp0s25;0;0
269;14:53:58.120;enp0s25;0;64
270;14:53:59.126;enp0s25;0;0
271;14:54:00.133;enp0s25;0;64
272;14:54:01.140;enp0s25;0;0
273;14:54:02.146;enp0s25;0;1986
274;14:54:03.153;enp0s25;64;3158
275;14:54:04.163;enp0s25;0;824
276;14:54:05.170;enp0s25;0;1150
277;14:54:06.177;enp0s25;0;514
278;14:54:07.184;enp0s25;0;0
279;14:54:08.190;enp0s25;0;1214
280;14:54:09.197;enp0s25;0;0
281;14:54:10.204;enp0s25;0;64
282;14:54:11.210;enp0s25;0;0
283;14:54:12.217;enp0s25;0;64
284;14:54:13.223;enp0s25;0;954
285;14:54:14.230;enp0s25;64;926
286;14:54:15.236;enp0s25;0;450
287;14:54:16.243;enp0s25;0;798
288;14:54:17.250;enp0s25;0;64
289;14:54:18.256;enp0s25;0;0
290;14:54:19.263;enp0s25;0;64
291;14:54:20.270;enp0s25;0;798
292;14:54:21.285;enp0s25;0;64
293;14:54:22.293;enp0s25;4231;8711
294;14:54:23.299;enp0s25;59454;1804154
295;14:54:24.306;enp0s25;49831;1326952
296;14:54:25.314;enp0s25;75398;2837958
297;14:54:26.323;enp0s25;0;0
298;14:54:27.335;enp0s25;0;64
299;14:54:28.343;enp0s25;0;0
300;14:54:29.355;enp0s25;0;64
301;14:54:30.363;enp0s25;0;0
302;14:54:31.370;enp0s25;0;64
303;14:54:32.377;enp0s25;78;0
304;14:54:33.384;enp0s25;11780;224819
305;14:54:34.391;enp0s25;6885;12250
306;14:54:35.398;enp0s25;26441;539687
307;14:54:36.406;enp0s25;204;268
308;14:54:37.416;enp0s25;0;64
309;14:54:38.425;enp0s25;0;0
310;14:54:39.432;enp0s25;140;235
311;14:54:40.439;enp0s25;36919;867029
312;14:54:41.445;enp0s25;60505;2152314
313;14:54:42.458;enp0s25;68964;2322527
314;14:54:43.474;enp0s25;70;204
315;14:54:44.482;enp0s25;0;0
316;14:54:45.491;enp0s25;0;64
317;14:54:46.499;enp0s25;64;64
318;14:54:47.506;enp0s25;331;373
319;14:54:48.519;enp0s25;41003;1370026
320;14:54:49.528;enp0s25;0;64
321;14:54:50.535;enp0s25;0;0
322;14:54:51.542;enp0s25;0;64
323;14:54:52.549;enp0s25;0;0
324;14:54:53.556;enp0s25;100770;3650088
325;14:54:54.565;enp0s25;53952;2749063
326;14:54:55.572;enp0s25;0;64
327;14:54:56.579;enp0s25;0;0
328;14:54:57.589;enp0s25;64;128
329;14:54:58.596;enp0s25;10259;246474
330;14:54:59.609;enp0s25;1050;42975
331;14:55:00.618;enp0s25;0;0
332;14:55:01.625;enp0s25;0;64
333;14:55:02.632;enp0s25;399;325
334;14:55:03.641;enp0s25;111896;4758462
335;14:55:04.655;enp0s25;135423;6630694
336;14:55:05.664;enp0s25;153090;7137700
337;14:55:06.672;enp0s25;153720;7155852
338;14:55:07.679;enp0s25;140070;7155916
339;14:55:08.687;enp0s25;124925;6273478
340;14:55:09.693;enp0s25;151270;7155916
341;14:55:10.701;enp0s25;152460;7161924
342;14:55:11.710;enp0s25;148478;7146808
343;14:55:12.718;enp0s25;156639;7080261
344;14:55:13.726;enp0s25;114100;5366194
345;14:55:14.734;enp0s25;137581;6498989
346;14:55:15.741;enp0s25;90235;2985587
347;14:55:16.750;enp0s25;94324;3412975
348;14:55:17.760;enp0s25;81462;3162057
349;14:55:18.772;enp0s25;0;0
350;14:55:19.783;enp0s25;64;128
351;14:55:20.790;enp0s25;0;2594
352;14:55:22.164;enp0s25;0;1184
353;14:55:23.176;enp0s25;0;1150
354;14:55:24.183;enp0s25;0;514
355;14:55:25.192;enp0s25;0;0
356;14:55:26.199;enp0s25;0;1214
357;14:55:27.206;enp0s25;0;0
358;14:55:28.214;enp0s25;0;64
359;14:55:29.223;enp0s25;0;0
360;14:55:30.232;enp0s25;0;64
361;14:55:31.240;enp0s25;64;128
362;14:55:32.248;enp0s25;0;0
363;14:55:33.255;enp0s25;0;514
364;14:55:34.262;enp0s25;0;0
365;14:55:35.269;enp0s25;0;64
366;14:55:36.276;enp0s25;0;0
367;14:55:37.283;enp0s25;98572;2307131
368;14:55:38.290;enp0s25;112548;2773883
369;14:55:39.298;enp0s25;7788;149103
370;14:55:40.305;enp0s25;53614;1044247
371;14:55:41.320;enp0s25;28668;437564
372;14:55:42.329;enp0s25;30597;662135
373;14:55:43.335;enp0s25;10851;132836
374;14:55:44.343;enp0s25;147814;2405370
375;14:55:45.350;enp0s25;78303;1876362
376;14:55:46.356;enp0s25;0;0
377;14:55:47.363;enp0s25;0;1214
378;14:55:48.371;enp0s25;1920;960
379;14:55:49.378;enp0s25;0;64
380;14:55:50.384;enp0s25;0;0
381;14:55:51.391;enp0s25;0;64
382;14:55:52.398;enp0s25;3424;10728
383;14:55:53.405;enp0s25;22580;336654
384;14:55:54.412;enp0s25;10939;169623
385;14:55:55.420;enp0s25;20935;556761
386;14:55:56.427;enp0s25;444;234
387;14:55:57.434;enp0s25;34831;459802
388;14:55:58.441;enp0s25;169244;4585926
389;14:55:59.449;enp0s25;110687;3518279
390;14:56:00.458;enp0s25;29532;794584
391;14:56:01.476;enp0s25;6717;85215
392;14:56:02.483;enp0s25;9713;244868
393;14:56:03.490;enp0s25;56515;1361150
394;14:56:04.504;enp0s25;23117;294273
395;14:56:05.511;enp0s25;148;142
396;14:56:06.518;enp0s25;3754;15493
397;14:56:07.530;enp0s25;6922;72854
398;14:56:08.542;enp0s25;20817;584603
399;14:56:09.555;enp0s25;35555;1050482
400;14:56:10.570;enp0s25;19183;550074
401;14:56:11.577;enp0s25;149811;6024093
402;14:56:12.585;enp0s25;13370;541071
403;14:56:13.596;enp0s25;103410;3984488
404;14:56:14.604;enp0s25;48578;1693788
405;14:56:15.615;enp0s25;9897;264993
406;14:56:16.622;enp0s25;0;0
407;14:56:17.629;enp0s25;0;64
408;14:56:18.636;enp0s25;0;0
409;14:56:19.643;enp0s25;0;3290
410;14:56:20.650;enp0s25;0;2346
411;14:56:21.656;enp0s25;0;64
412;14:56:22.663;enp0s25;420;1625
413;14:56:23.671;enp0s25;1525;3813
414;14:56:24.678;enp0s25;0;1150
