ID; Time; CPU %; MEM %; MEM KiB
1;14:49:27.758;2.9;25.238367;5084156
2;14:49:27.929;3.0;25.238367;5084408
3;14:49:28.103;3.0;25.242517;5085552
4;14:49:28.274;4.5;25.241286;5084744
5;14:49:28.449;0.0;25.241703;5084828
6;14:49:28.621;3.0;25.243073;5085104
7;14:49:28.791;0.0;25.242934;5084856
8;14:49:28.961;1.5;25.244185;5085328
9;14:49:29.132;1.6;25.242616;5085012
10;14:49:29.301;0.0;25.243232;5085136
11;14:49:29.471;1.5;25.242140;5084916
12;14:49:29.640;0.0;25.240849;5084656
13;14:49:29.810;3.1;25.240412;5084568
14;14:49:29.981;0.0;25.242636;5085292
15;14:49:30.156;0.0;25.242597;5085008
16;14:49:30.332;1.5;25.241187;5085016
17;14:49:30.509;0.0;25.245138;5085520
18;14:49:30.686;3.0;25.247104;5085696
19;14:49:30.864;1.5;25.244602;5085412
20;14:49:31.033;10.4;25.242636;5085016
21;14:49:31.202;2.9;25.239122;5084088
22;14:49:31.372;0.0;25.242894;5085124
23;14:49:31.541;3.1;25.241127;5084964
24;14:49:31.718;1.6;25.242577;5084784
25;14:49:31.889;0.0;25.240373;5084560
26;14:49:32.059;0.0;25.249407;5086160
27;14:49:32.228;1.6;25.280364;5092396
28;14:49:32.397;2.9;25.679062;5175728
29;14:49:32.568;1.5;25.702195;5177592
30;14:49:32.738;0.0;25.703644;5177664
31;14:49:32.908;1.6;25.702354;5177624
32;14:49:33.078;3.0;25.702235;5177600
33;14:49:33.254;3.1;25.704578;5177852
34;14:49:33.432;3.2;25.706385;5178500
35;14:49:33.605;1.9;25.706166;5178644
36;14:49:33.778;1.6;25.713275;5179824
37;14:49:33.955;6.2;25.710713;5179308
38;14:49:34.130;0.0;25.706901;5178540
39;14:49:34.301;0.0;25.707377;5178636
40;14:49:34.473;0.0;25.706126;5178384
41;14:49:34.645;2.0;25.707774;5178716
42;14:49:34.816;1.9;25.707040;5178568
43;14:49:34.989;0.0;25.707616;5178464
44;14:49:35.161;0.0;25.704875;5177912
45;14:49:35.333;0.0;25.705749;5178308
46;14:49:35.506;0.0;25.708013;5178764
47;14:49:35.678;1.9;25.706643;5178488
48;14:49:35.849;0.0;25.711468;5179460
49;14:49:36.020;1.9;25.708708;5178904
50;14:49:36.193;1.8;25.705173;5178192
51;14:49:36.366;0.0;25.707139;5178368
52;14:49:36.538;1.8;25.706841;5178528
53;14:49:36.709;0.0;25.707080;5178576
54;14:49:36.881;1.8;25.706543;5178468
55;14:49:37.053;1.8;25.705273;5178212
56;14:49:37.226;3.4;25.706603;5178524
57;14:49:37.397;1.9;25.709184;5179000
58;14:49:37.569;0.0;25.706107;5178872
59;14:49:37.741;0.0;25.710336;5179232
60;14:49:37.913;0.0;25.711309;5179428
61;14:49:38.084;0.0;25.707973;5178524
62;14:49:38.256;0.0;25.708132;5178568
63;14:49:38.427;0.0;25.705690;5178296
64;14:49:38.600;0.0;25.705531;5178264
65;14:49:38.772;1.7;25.706543;5178468
66;14:49:38.943;0.0;25.707894;5178740
67;14:49:39.115;1.7;25.706941;5178548
68;14:49:39.287;0.0;25.707099;5178580
69;14:49:39.459;1.6;25.707735;5178708
70;14:49:39.630;3.3;25.712202;5179608
71;14:49:39.800;1.4;25.711766;5179520
72;14:49:39.969;1.5;25.723342;5181696
73;14:49:40.139;3.0;25.790457;5195372
74;14:49:40.310;1.5;25.933463;5223960
75;14:49:40.480;1.5;26.087510;5255212
76;14:49:40.649;0.0;26.274042;5292788
77;14:49:40.819;4.8;26.366315;5310664
78;14:49:40.989;0.0;26.362681;5310896
79;14:49:41.161;2.9;26.361490;5310604
80;14:49:41.330;2.9;26.394590;5317072
81;14:49:41.500;3.0;26.487618;5335720
82;14:49:41.672;1.6;26.554117;5349140
83;14:49:41.842;1.5;26.614163;5361304
84;14:49:42.012;0.0;26.617718;5362020
85;14:49:42.182;1.6;26.616824;5362084
86;14:49:42.352;1.3;26.618155;5362108
87;14:49:42.521;1.6;26.620696;5362472
88;14:49:42.690;4.5;26.627090;5364160
89;14:49:42.861;1.4;26.629314;5364608
90;14:49:43.031;1.6;26.630148;5364860
91;14:49:43.201;2.9;26.630347;5364564
92;14:49:43.370;1.5;26.639143;5366336
93;14:49:43.540;0.0;26.638805;5366048
94;14:49:43.709;1.5;26.650402;5368604
95;14:49:43.878;1.6;26.650521;5368628
96;14:49:44.047;1.5;26.649230;5368368
97;14:49:44.216;0.0;26.661601;5370640
98;14:49:44.385;0.0;26.661144;5370668
99;14:49:44.554;0.0;26.660648;5370668
100;14:49:44.724;1.4;26.659238;5370384
101;14:49:44.893;1.5;26.658443;5370224
102;14:49:45.062;0.0;26.658404;5370392
103;14:49:45.231;1.5;26.657272;5370232
104;14:49:45.401;0.0;26.661064;5370752
105;14:49:45.570;0.0;26.659972;5370532
106;14:49:45.741;1.5;26.660747;5370540
107;14:49:45.910;0.0;26.659536;5370444
108;14:49:46.080;1.6;26.661819;5370316
109;14:49:46.250;0.0;26.659317;5370400
110;14:49:46.420;1.6;26.661422;5370604
111;14:49:46.591;0.0;26.659198;5370620
112;14:49:46.761;3.0;26.660389;5370396
113;14:49:46.930;1.6;26.660548;5370428
114;14:49:47.100;0.0;26.659456;5370528
115;14:49:47.269;0.0;26.659377;5370192
116;14:49:47.438;1.5;26.660449;5370628
117;14:49:47.608;1.5;26.660707;5370680
118;14:49:47.777;1.5;26.659833;5370504
119;14:49:47.946;1.5;26.659397;5370196
120;14:49:48.116;1.6;26.657470;5370364
121;14:49:48.285;0.0;26.803892;5401432
122;14:49:48.454;0.0;26.853335;5409484
123;14:49:48.623;0.0;26.915704;5421828
124;14:49:48.792;3.1;27.038238;5446404
125;14:49:48.962;1.5;27.034664;5446012
126;14:49:49.131;0.0;27.033572;5445792
127;14:49:49.301;0.0;27.034823;5445824
128;14:49:49.471;1.5;27.033354;5445748
129;14:49:49.642;1.4;27.037385;5446560
130;14:49:49.811;1.6;27.037841;5446652
131;14:49:49.981;1.5;27.036015;5446064
132;14:49:50.154;0.0;27.036590;5446400
133;14:49:50.328;1.5;27.036590;5446180
134;14:49:50.507;0.0;27.036948;5446252
135;14:49:50.684;0.0;27.037762;5446636
136;14:49:50.859;1.4;27.041872;5447244
137;14:49:51.037;1.5;27.037504;5446584
138;14:49:51.205;1.5;27.038278;5446740
139;14:49:51.382;2.9;27.036948;5446472
140;14:49:51.557;1.6;27.038199;5446724
141;14:49:51.726;3.0;27.037782;5446420
142;14:49:51.904;1.4;27.038854;5446856
143;14:49:52.081;0.0;27.038000;5446684
144;14:49:52.251;1.6;27.036352;5446352
145;14:49:52.421;0.0;27.066018;5452328
146;14:49:52.590;1.6;27.067626;5452432
147;14:49:52.760;1.6;27.068063;5452740
148;14:49:52.929;3.1;27.068063;5452520
149;14:49:53.099;0.0;27.066534;5452432
150;14:49:53.268;0.0;27.067686;5452664
151;14:49:53.438;1.5;27.067507;5452628
152;14:49:53.608;0.0;27.067010;5452528
153;14:49:53.777;0.0;27.086450;5456224
154;14:49:53.947;0.0;27.085636;5456700
155;14:49:54.117;1.6;27.087244;5456384
156;14:49:54.287;0.0;27.085437;5456240
157;14:49:54.456;0.0;27.085338;5456220
158;14:49:54.626;0.0;27.086569;5456468
159;14:49:54.796;0.0;27.087979;5456752
160;14:49:54.965;1.5;27.086132;5456380
161;14:49:55.134;3.1;27.086410;5456436
162;14:49:55.305;0.0;27.084742;5456100
163;14:49:55.476;1.5;27.083869;5455776
164;14:49:55.645;0.0;27.082340;5455616
165;14:49:55.815;0.0;27.087125;5456580
166;14:49:55.986;1.5;27.088356;5456828
167;14:49:56.162;1.5;27.087701;5456696
168;14:49:56.333;4.5;27.086053;5456364
169;14:49:56.503;1.5;27.085437;5456240
170;14:49:56.674;0.0;27.090997;5457712
171;14:49:56.844;0.0;27.091096;5457380
172;14:49:57.014;3.1;27.094651;5458096
173;14:49:57.185;0.0;27.094889;5458144
174;14:49:57.355;0.0;27.094849;5458136
175;14:49:57.525;0.0;27.094849;5458136
176;14:49:57.694;1.5;27.097351;5458640
177;14:49:57.863;0.0;27.096100;5458388
178;14:49:58.034;1.5;27.095822;5458112
179;14:49:58.204;1.6;27.094472;5457840
180;14:49:58.374;0.0;27.093717;5457940
181;14:49:58.543;1.5;27.093777;5457920
182;14:49:58.713;0.0;27.093499;5457644
183;14:49:58.882;0.0;27.096557;5458480
184;14:49:59.051;0.0;27.098324;5458816
185;14:49:59.221;0.0;27.098979;5458748
186;14:49:59.392;3.2;27.094790;5458124
187;14:49:59.563;0.0;27.096914;5458332
188;14:49:59.741;3.2;27.095723;5458312
189;14:49:59.913;2.9;27.092864;5457736
190;14:50:00.088;3.1;27.090799;5457320
191;14:50:00.259;1.6;27.094035;5457972
192;14:50:00.429;0.0;27.094154;5457996
193;14:50:00.598;1.5;27.096219;5458412
194;14:50:00.767;0.0;27.094651;5458096
195;14:50:00.938;0.0;27.096696;5458360
196;14:50:01.108;2.9;27.094988;5458164
197;14:50:01.278;0.0;27.096200;5458408
198;14:50:01.447;0.0;27.096835;5458316
199;14:50:01.619;1.5;27.095028;5458172
200;14:50:01.789;1.4;27.094810;5458128
201;14:50:01.965;1.5;27.096180;5458404
202;14:50:02.141;0.0;27.096934;5458556
203;14:50:02.316;1.5;27.098026;5458556
204;14:50:02.493;1.5;27.095405;5458320
205;14:50:02.669;1.6;27.096894;5458548
206;14:50:02.846;1.5;27.097907;5458752
207;14:50:03.021;3.2;27.097570;5458464
208;14:50:03.192;1.6;27.096815;5458532
209;14:50:03.363;1.5;27.100508;5459056
210;14:50:03.533;1.5;27.100727;5459100
211;14:50:03.704;0.0;27.099059;5458984
212;14:50:03.874;2.9;27.105453;5460272
213;14:50:04.049;3.0;27.107299;5460636
214;14:50:04.226;1.5;27.109225;5461032
215;14:50:04.402;3.0;27.110516;5461292
216;14:50:04.579;3.1;27.110754;5461340
217;14:50:04.754;2.9;27.110059;5461200
218;14:50:04.933;3.2;27.109603;5461108
219;14:50:05.106;4.7;27.110973;5461164
220;14:50:05.279;3.0;27.109603;5461108
221;14:50:05.451;1.5;27.111072;5461404
222;14:50:05.624;0.0;27.112363;5461664
223;14:50:05.800;1.5;27.121517;5463508
224;14:50:05.976;3.1;27.128208;5464856
225;14:50:06.149;4.7;27.110615;5461312
226;14:50:06.324;1.4;27.108471;5460736
227;14:50:06.496;2.8;27.110774;5461504
228;14:50:06.673;0.0;27.118796;5462960
229;14:50:06.849;1.5;27.123979;5463852
230;14:50:07.025;3.1;27.107140;5460612
231;14:50:07.196;2.8;27.107339;5460692
232;14:50:07.369;3.0;27.110020;5461192
233;14:50:07.544;4.3;27.106684;5460520
234;14:50:07.715;5.3;27.107478;5460680
235;14:50:07.887;6.8;27.108332;5460852
236;14:50:08.059;4.0;27.111747;5461464
237;14:50:08.233;4.2;27.104579;5460128
238;14:50:08.404;1.5;27.105691;5460320
239;14:50:08.577;1.4;27.105850;5460604
240;14:50:08.750;1.4;27.109285;5461044
241;14:50:08.923;4.2;27.109603;5461108
242;14:50:09.096;1.5;27.110337;5461256
243;14:50:09.268;1.5;27.108352;5460856
244;14:50:09.441;4.5;27.110516;5461012
245;14:50:09.633;1.5;27.107617;5460488
246;14:50:09.806;1.4;27.106227;5460460
247;14:50:09.978;6.8;27.111668;5461524
248;14:50:10.149;4.4;27.110953;5461380
249;14:50:10.321;1.5;27.108650;5460916
250;14:50:10.493;5.8;27.108451;5460876
251;14:50:10.665;4.6;27.102911;5459760
252;14:50:10.839;2.9;27.104619;5460104
253;14:50:11.012;7.1;27.108570;5460900
254;14:50:11.184;1.5;27.106882;5460560
255;14:50:11.357;1.4;27.107716;5460728
256;14:50:11.528;3.9;27.106704;5460376
257;14:50:11.701;6.6;27.103904;5459740
258;14:50:11.883;5.6;27.104837;5460148
259;14:50:12.054;12.9;27.104718;5460384
260;14:50:12.226;11.1;27.103904;5459960
261;14:50:12.398;10.0;27.104738;5459908
262;14:50:12.569;7.6;27.105989;5460160
263;14:50:12.742;10.1;27.106207;5460204
264;14:50:12.914;11.4;27.105274;5460236
265;14:50:13.085;11.4;27.111688;5461964
266;14:50:13.257;2.9;27.120881;5463532
267;14:50:13.433;2.7;27.117605;5462720
268;14:50:13.607;1.4;27.117506;5462972
269;14:50:13.781;8.7;27.126620;5464696
270;14:50:13.954;7.5;27.126957;5464940
271;14:50:14.146;3.0;27.138474;5467176
272;14:50:14.318;3.0;27.137620;5466904
273;14:50:14.490;4.4;27.148482;5469192
274;14:50:14.663;3.3;27.148263;5469456
275;14:50:14.834;1.7;27.157953;5470848
276;14:50:15.005;1.5;27.162183;5472000
277;14:50:15.182;1.5;27.162917;5471848
278;14:50:15.357;0.0;27.160813;5471424
279;14:50:15.528;2.0;27.169391;5473152
280;14:50:15.699;1.8;27.170423;5473360
281;14:50:15.872;1.8;27.176142;5474512
282;14:50:16.044;1.9;27.179319;5475152
283;14:50:16.217;0.0;27.188870;5477288
284;14:50:16.389;1.9;27.198460;5479268
285;14:50:16.560;3.6;27.201955;5479560
286;14:50:16.735;5.1;27.208726;5481304
287;14:50:16.924;1.8;27.210176;5481368
288;14:50:17.097;1.9;27.223023;5483956
289;14:50:17.268;1.8;27.222705;5483892
290;14:50:17.439;0.0;27.233428;5486052
291;14:50:17.612;1.8;27.231144;5485592
292;14:50:17.788;1.5;27.231760;5485568
293;14:50:17.964;1.5;27.230469;5485960
294;14:50:18.140;1.5;27.234063;5486432
295;14:50:18.315;1.5;27.237895;5486952
296;14:50:18.491;4.4;27.238293;5487032
297;14:50:18.669;3.1;27.235334;5486436
298;14:50:18.843;4.5;27.235493;5486468
299;14:50:19.018;3.0;27.243952;5487952
300;14:50:19.198;7.7;27.242423;5487864
301;14:50:19.369;4.9;27.242323;5487844
302;14:50:19.546;3.3;27.241509;5487932
303;14:50:19.722;2.9;27.244091;5488200
304;14:50:19.902;0.0;27.245858;5488556
305;14:50:20.079;1.5;27.245699;5488840
306;14:50:20.256;0.0;27.247109;5488660
307;14:50:20.434;1.5;27.245898;5488564
308;14:50:20.611;5.8;27.248876;5489164
309;14:50:20.788;3.0;27.256183;5490636
310;14:50:20.964;4.6;27.255727;5490544
311;14:50:21.136;3.1;27.256699;5490740
312;14:50:21.308;3.2;27.254654;5490328
313;14:50:21.479;1.5;27.271334;5493688
314;14:50:21.658;1.5;27.277052;5494620
315;14:50:21.834;4.6;27.270182;5493708
316;14:50:22.010;2.9;27.271711;5493764
317;14:50:22.182;5.9;27.277211;5495124
318;14:50:22.359;3.0;27.326058;5504712
319;14:50:22.529;0.0;27.349946;5509524
320;14:50:22.698;1.5;27.388825;5517608
321;14:50:22.869;2.9;27.504806;5540720
322;14:50:23.042;3.1;27.498035;5539356
323;14:50:23.211;6.2;27.505601;5540816
324;14:50:23.387;2.9;27.508023;5541620
325;14:50:23.559;0.0;27.609390;5561788
326;14:50:23.728;1.5;27.733235;5586736
327;14:50:23.898;0.0;27.880829;5616468
328;14:50:24.068;0.0;28.077686;5656124
329;14:50:24.238;6.2;28.137116;5668348
330;14:50:24.415;3.0;28.140273;5668732
331;14:50:24.594;0.0;28.263403;5693536
332;14:50:24.764;4.6;28.264535;5693616
333;14:50:24.936;1.5;28.262371;5693108
334;14:50:25.108;1.5;28.436512;5728408
335;14:50:25.278;0.0;28.606583;5763928
336;14:50:25.449;4.7;28.696235;5780728
337;14:50:25.621;4.5;28.783564;5798572
338;14:50:25.791;3.0;28.784537;5798516
339;14:50:25.963;4.3;28.786006;5798812
340;14:50:26.133;4.6;28.784914;5798592
341;14:50:26.306;3.1;28.784974;5798604
342;14:50:26.477;1.5;28.783087;5798476
343;14:50:26.649;1.5;28.786403;5799144
344;14:50:26.822;3.1;28.890968;5819956
345;14:50:26.991;1.5;29.037032;5849476
346;14:50:27.162;4.5;29.048430;5851676
347;14:50:27.332;2.9;29.091300;5860312
348;14:50:27.503;4.5;29.089652;5859980
349;14:50:27.674;4.3;29.090585;5860168
350;14:50:27.844;3.1;29.090545;5860260
351;14:50:28.016;1.5;29.221320;5886504
352;14:50:28.188;3.0;29.222889;5886820
353;14:50:28.359;2.9;29.220784;5886068
354;14:50:28.531;5.9;29.222909;5886824
355;14:50:28.703;1.4;29.225331;5887312
356;14:50:28.873;1.6;29.220287;5886296
357;14:50:29.045;4.4;29.223325;5886580
358;14:50:29.218;3.1;29.223564;5886956
359;14:50:29.388;6.0;29.221479;5886788
360;14:50:29.559;1.6;29.231348;5888524
361;14:50:29.730;3.1;29.232459;5888748
362;14:50:29.900;4.5;29.251085;5892752
363;14:50:30.071;1.5;29.251978;5892680
364;14:50:30.241;3.1;29.253229;5893184
365;14:50:30.412;4.5;29.254580;5893456
366;14:50:30.584;3.0;29.258074;5893580
367;14:50:30.754;3.0;29.264329;5895428
368;14:50:30.926;1.5;29.265282;5895360
369;14:50:31.098;3.0;29.298800;5902036
370;14:50:31.268;1.5;29.348262;5912328
371;14:50:31.439;3.0;29.412300;5924976
372;14:50:31.609;1.5;29.411922;5924900
373;14:50:31.780;4.3;29.409917;5924496
374;14:50:32.055;3.0;29.409976;5924508
375;14:50:32.230;0.0;29.441965;5930952
376;14:50:32.400;3.0;29.442263;5931012
377;14:50:32.569;6.2;29.442204;5930736
378;14:50:32.741;3.0;29.445718;5931708
379;14:50:32.912;3.0;29.448041;5932176
380;14:50:33.083;1.5;29.447783;5932124
381;14:50:33.254;3.1;29.453403;5933256
382;14:50:33.424;1.6;29.464522;5935748
383;14:50:33.596;1.5;29.465594;5935712
384;14:50:33.768;2.9;29.471810;5937216
385;14:50:33.940;2.9;29.474550;5937548
386;14:50:34.110;3.0;29.481102;5938836
387;14:50:34.281;3.0;29.482095;5939572
388;14:50:34.452;1.5;29.496372;5942164
389;14:50:34.623;3.0;29.572125;5957172
390;14:50:34.794;1.5;29.583979;5959812
391;14:50:34.963;1.5;29.583522;5959392
392;14:50:35.135;2.9;29.585230;5959820
393;14:50:35.306;4.5;29.595277;5961836
394;14:50:35.477;4.6;29.597223;5962480
395;14:50:35.647;3.0;29.606437;5964084
396;14:50:35.818;3.0;29.658242;5974772
397;14:50:35.987;1.5;29.659493;5975024
398;14:50:36.157;5.9;29.657766;5974424
399;14:50:36.329;6.2;29.659791;5974832
400;14:50:36.500;6.0;29.661796;5975236
401;14:50:36.671;1.5;29.657428;5974608
402;14:50:36.841;0.0;29.659850;5975096
403;14:50:37.012;4.4;29.660506;5975228
404;14:50:37.183;1.5;29.664815;5975876
405;14:50:37.354;4.7;29.663246;5975528
406;14:50:37.526;2.9;29.660188;5974912
407;14:50:37.696;1.5;29.664417;5975764
408;14:50:37.865;0.0;29.670533;5976996
409;14:50:38.035;1.6;29.675815;5978060
410;14:50:38.204;1.5;29.686140;5980156
411;14:50:38.373;3.1;29.687391;5980392
412;14:50:38.543;0.0;29.707566;5984456
413;14:50:38.712;1.5;29.725675;5988104
414;14:50:38.882;0.0;29.748311;5992664
415;14:50:39.051;1.6;29.758279;5994672
416;14:50:39.220;3.0;29.769816;5996996
417;14:50:39.391;1.5;29.786197;6000548
418;14:50:39.561;3.0;29.797793;6002632
419;14:50:39.731;0.0;30.179614;6079548
420;14:50:39.901;0.0;30.178522;6079328
421;14:50:40.071;1.5;30.179673;6079560
422;14:50:40.240;3.0;30.180607;6079748
423;14:50:40.410;0.0;30.180269;6079680
424;14:50:40.579;0.0;30.179971;6079620
425;14:50:40.749;0.0;30.181262;6079880
426;14:50:40.919;1.5;30.198775;6083408
427;14:50:41.088;1.5;30.198041;6083040
428;14:50:41.259;0.0;30.198974;6083300
429;14:50:41.429;0.0;30.200384;6083992
430;14:50:41.599;1.5;30.203044;6084048
431;14:50:41.768;0.0;30.201635;6083984
432;14:50:41.938;1.4;30.200423;6083740
433;14:50:42.107;1.6;30.202091;6084268
434;14:50:42.278;1.5;30.201396;6083784
435;14:50:42.449;0.0;30.202548;6083948
436;14:50:42.619;3.1;30.200701;6084048
437;14:50:42.794;3.0;30.203322;6084324
438;14:50:42.973;1.6;30.204236;6084332
439;14:50:43.146;1.6;30.203958;6084452
440;14:50:43.317;1.5;30.210312;6085732
441;14:50:43.495;3.1;30.213310;6086336
442;14:50:43.664;1.5;30.202449;6084148
443;14:50:43.834;3.0;30.201813;6084020
444;14:50:44.005;3.1;30.201933;6084200
445;14:50:44.176;1.5;30.201178;6083564
446;14:50:44.346;1.5;30.201476;6083952
447;14:50:44.518;1.5;30.199987;6083904
448;14:50:44.687;3.0;30.201257;6083908
449;14:50:44.856;3.1;30.202965;6084252
450;14:50:45.026;1.5;30.199967;6083648
451;14:50:45.196;0.0;30.201218;6083900
452;14:50:45.365;1.5;30.201138;6083884
453;14:50:45.534;3.0;30.202310;6084372
454;14:50:45.704;0.0;30.362611;6116412
455;14:50:45.874;0.0;30.363902;6116672
456;14:50:46.043;0.0;30.365193;6116932
457;14:50:46.213;0.0;30.363902;6116672
458;14:50:46.383;1.4;30.365153;6116924
459;14:50:46.552;0.0;30.365153;6116924
460;14:50:46.721;0.0;30.365153;6116924
461;14:50:46.890;1.3;30.365034;6116900
462;14:50:47.060;1.5;30.365312;6117232
463;14:50:47.229;1.6;30.368250;6117328
464;14:50:47.399;1.6;30.366463;6116968
465;14:50:47.568;1.5;30.364815;6116856
466;14:50:47.737;0.0;30.362929;6116736
467;14:50:47.907;0.0;30.363981;6116688
468;14:50:48.077;0.0;30.368528;6117604
469;14:50:48.246;0.0;30.368528;6117604
470;14:50:48.415;1.6;30.368528;6117604
471;14:50:48.585;0.0;30.368409;6117580
472;14:50:48.754;0.0;30.367277;6117132
473;14:50:48.923;0.0;30.366126;6117120
474;14:50:49.092;1.4;30.365133;6116772
475;14:50:49.262;0.0;30.362611;6116412
476;14:50:49.431;1.5;30.360784;6116044
477;14:50:49.600;1.5;30.361460;6116064
478;14:50:49.769;0.0;30.360228;6115932
479;14:50:49.938;0.0;30.362651;6116420
480;14:50:50.107;0.0;30.363981;6116688
481;14:50:50.276;0.0;30.363981;6116948
482;14:50:50.445;3.0;30.366126;6117120
483;14:50:50.614;0.0;30.367317;6117644
484;14:50:50.789;3.1;30.369084;6117496
485;14:50:50.960;0.0;30.367575;6117412
486;14:50:51.132;3.1;30.370832;6117940
487;14:50:51.306;1.5;30.369839;6117648
488;14:50:51.477;1.5;30.370177;6117936
489;14:50:51.653;3.1;30.370335;6117968
490;14:50:51.823;1.5;30.369243;6117748
491;14:50:51.995;1.5;30.373195;6118544
492;14:50:52.171;1.5;30.373036;6118512
493;14:50:52.348;2.9;30.371626;6118228
494;14:50:52.525;0.0;30.373671;6118640
495;14:50:52.704;3.0;30.372381;6118380
496;14:50:52.880;0.0;30.372341;6118372
497;14:50:53.057;0.0;30.372182;6118340
498;14:50:53.233;1.5;30.372043;6118312
499;14:50:53.411;1.4;30.372202;6118344
500;14:50:53.590;3.0;30.372480;6118400
501;14:50:53.765;1.5;30.372480;6118400
502;14:50:53.938;1.5;30.370455;6117992
503;14:50:54.113;3.0;30.369660;6117832
504;14:50:54.291;1.5;30.370633;6118028
505;14:50:54.464;4.6;30.371308;6118164
506;14:50:54.637;0.0;30.371884;6118060
507;14:50:54.809;1.6;30.369879;6117876
508;14:50:54.979;3.1;30.370931;6118088
509;14:50:55.151;0.0;30.371408;6118184
510;14:50:55.323;1.6;30.372202;6118644
511;14:50:55.495;1.5;30.375021;6118912
512;14:50:55.666;1.5;30.372301;6118364
513;14:50:55.841;1.5;30.372043;6118312
514;14:50:56.014;0.0;30.372083;6118320
515;14:50:56.184;1.5;30.371904;6118284
516;14:50:56.358;1.6;30.370752;6118052
517;14:50:56.527;2.9;30.370951;6117872
518;14:50:56.702;1.6;30.368687;6117636
519;14:50:56.872;1.5;30.369938;6117888
520;14:50:57.045;1.5;30.371348;6118172
521;14:50:57.215;1.5;30.371666;6118236
522;14:50:57.393;1.6;30.374605;6119104
523;14:50:57.566;1.5;30.375319;6119072
524;14:50:57.738;1.6;30.376173;6119144
525;14:50:57.908;0.0;30.373790;6118664
526;14:50:58.081;1.6;30.373552;6118616
527;14:50:58.252;0.0;30.372142;6118584
528;14:50:58.425;1.6;30.375260;6118812
529;14:50:58.595;1.5;30.374168;6118740
530;14:50:58.772;0.0;30.373929;6118692
531;14:50:58.943;1.5;30.373929;6118692
532;14:50:59.120;1.5;30.375180;6118820
533;14:50:59.297;1.5;30.374565;6118820
534;14:50:59.474;1.5;30.373234;6118552
535;14:50:59.650;3.2;30.372996;6118504
536;14:50:59.824;0.0;30.367277;6117352
537;14:50:59.994;1.6;30.363286;6116800
538;14:51:00.168;0.0;30.364180;6116888
539;14:51:00.344;1.5;30.365629;6117272
540;14:51:00.521;2.9;30.367655;6117428
541;14:51:00.697;1.5;30.368787;6117656
542;14:51:00.872;0.0;30.364239;6116740
543;14:51:01.045;1.5;30.367059;6117156
544;14:51:01.222;0.0;30.367714;6117440
545;14:51:01.395;3.0;30.367675;6117684
546;14:51:01.570;3.0;30.368846;6117668
547;14:51:01.740;1.6;30.371110;6118432
548;14:51:01.909;0.0;30.370792;6118060
549;14:51:02.081;0.0;30.371229;6118148
550;14:51:02.252;1.5;30.369561;6117812
551;14:51:02.425;0.0;30.369720;6117844
552;14:51:02.602;1.6;30.367496;6117380
553;14:51:02.779;1.6;30.377523;6119536
554;14:51:02.952;1.5;30.377365;6119668
555;14:51:03.126;0.0;30.378298;6119572
556;14:51:03.298;3.2;30.378079;6119528
557;14:51:03.475;2.9;30.377464;6119184
558;14:51:03.650;0.0;30.376451;6119200
559;14:51:03.824;3.1;30.378020;6119296
560;14:51:03.998;3.1;30.376332;6119176
561;14:51:04.176;1.6;30.376014;6119364
562;14:51:04.346;0.0;30.379033;6119720
563;14:51:04.520;0.0;30.380403;6119996
564;14:51:04.692;1.5;30.379430;6119800
565;14:51:04.866;1.5;30.380601;6120036
566;14:51:05.040;1.5;30.383461;6120612
567;14:51:05.216;1.6;30.382229;6120364
568;14:51:05.386;0.0;30.383322;6120632
569;14:51:05.558;3.0;30.385049;6120932
570;14:51:05.732;1.6;30.382249;6120368
571;14:51:05.905;1.6;30.389120;6121532
572;14:51:06.078;0.0;30.389120;6121752
573;14:51:06.252;0.0;30.390450;6122020
574;14:51:06.429;0.0;30.390529;6122036
575;14:51:06.602;0.0;30.390847;6121880
576;14:51:06.772;1.6;30.386439;6121380
577;14:51:06.947;0.0;30.388186;6121564
578;14:51:07.123;0.0;30.388345;6121596
579;14:51:07.301;1.6;30.388544;6121636
580;14:51:07.476;1.5;30.388425;6121612
581;14:51:07.649;0.0;30.394600;6123236
582;14:51:07.819;0.0;30.395652;6123180
583;14:51:07.994;1.6;30.406176;6125188
584;14:51:08.164;2.9;30.416541;6127276
585;14:51:08.336;1.5;30.416383;6127244
586;14:51:08.510;0.0;30.422836;6128544
587;14:51:08.684;0.0;30.433122;6130616
588;14:51:08.853;0.0;30.443010;6132608
589;14:51:09.026;2.9;30.443050;6134664
590;14:51:09.207;1.5;30.454308;6134884
591;14:51:09.381;1.5;30.454348;6134892
592;14:51:09.557;0.0;30.457009;6135428
593;14:51:09.733;1.5;30.456652;6135356
594;14:51:09.909;1.6;30.457823;6135592
595;14:51:10.077;1.5;30.457088;6135444
596;14:51:10.251;3.1;30.465964;6137232
597;14:51:10.425;0.0;30.467374;6137516
598;14:51:10.598;3.1;30.468824;6137808
599;14:51:10.768;3.1;30.473629;6138776
600;14:51:10.939;1.5;30.468009;6137644
601;14:51:11.114;0.0;30.466699;6137632
602;14:51:11.289;1.5;30.469201;6137884
603;14:51:11.464;1.5;30.470611;6138168
604;14:51:11.640;1.5;30.469717;6137988
605;14:51:11.812;1.5;30.469241;6137892
606;14:51:11.983;1.6;30.470968;6138240
607;14:51:12.154;3.0;30.470293;6138104
608;14:51:12.323;1.5;30.475178;6139088
609;14:51:12.499;1.5;30.471405;6138328
610;14:51:12.673;1.5;30.481313;6140324
611;14:51:12.841;1.5;30.481035;6140268
612;14:51:13.018;1.6;30.480023;6140064
613;14:51:13.188;4.3;30.481869;6140436
614;14:51:13.360;1.5;30.480718;6140204
615;14:51:13.537;1.6;30.491917;6142460
616;14:51:13.708;2.9;30.490785;6142232
617;14:51:13.885;1.5;30.493326;6142744
618;14:51:14.063;0.0;30.493366;6143004
619;14:51:14.237;1.5;30.496305;6143124
620;14:51:14.413;3.1;30.494438;6143032
621;14:51:14.584;4.3;30.503215;6144956
622;14:51:14.761;1.5;30.510244;6146152
623;14:51:14.936;3.0;30.507405;6145100
624;14:51:15.107;3.1;30.505121;6145120
625;14:51:15.276;0.0;30.504188;6144932
626;14:51:15.449;0.0;30.515605;6147232
627;14:51:15.621;1.5;30.515605;6147232
628;14:51:15.794;1.5;30.517968;6147708
629;14:51:15.969;1.6;30.516062;6147852
630;14:51:16.140;3.0;30.521225;6148356
631;14:51:16.313;0.0;30.533893;6151168
632;14:51:16.487;1.5;30.535184;6151176
633;14:51:16.662;1.6;30.534271;6151008
634;14:51:16.830;1.5;30.533774;6150892
635;14:51:17.000;0.0;30.535025;6151144
636;14:51:17.173;1.6;30.532881;6150980
637;14:51:17.347;1.5;30.533119;6151012
638;14:51:17.521;1.5;30.535700;6151532
639;14:51:17.696;2.9;30.537170;6151576
640;14:51:17.871;1.5;30.544953;6153404
641;14:51:18.043;1.5;30.555100;6155188
642;14:51:18.215;1.6;30.556629;6155344
643;14:51:18.385;0.0;30.567550;6157696
644;14:51:18.556;0.0;30.572514;6158972
645;14:51:18.725;0.0;30.583197;6160848
646;14:51:18.901;1.5;30.591139;6162448
647;14:51:19.072;0.0;30.592430;6162708
648;14:51:19.245;0.0;30.591973;6162884
649;14:51:19.419;0.0;30.604721;6165184
650;14:51:19.593;1.5;30.604602;6165208
651;14:51:19.768;2.9;30.606131;6165468
652;14:51:19.948;1.5;30.605873;6165416
653;14:51:20.125;1.5;30.604662;6165080
654;14:51:20.305;1.5;30.604384;6165116
655;14:51:20.476;3.0;30.606449;6165312
656;14:51:20.649;1.5;30.607859;6165816
657;14:51:20.826;0.0;30.606767;6165596
658;14:51:20.998;1.6;30.603967;6165032
659;14:51:21.171;1.5;30.605218;6165284
660;14:51:21.342;1.5;30.606707;6165584
661;14:51:21.517;1.5;30.606469;6165536
662;14:51:21.694;1.5;30.605218;6165284
663;14:51:21.871;0.0;30.606131;6165300
664;14:51:22.043;1.5;30.613974;6167048
665;14:51:22.213;1.6;30.614173;6167088
666;14:51:22.386;1.5;30.616655;6167840
667;14:51:22.561;1.5;30.617906;6167840
668;14:51:22.735;1.5;30.616774;6167612
669;14:51:22.911;0.0;30.616337;6167524
670;14:51:23.081;1.5;30.619554;6168172
671;14:51:23.256;0.0;30.628768;6170028
672;14:51:23.427;1.6;30.627914;6169856
673;14:51:23.597;0.0;30.635122;6171308
674;14:51:23.771;3.0;30.647790;6173860
675;14:51:23.941;0.0;30.647711;6173696
676;14:51:24.114;1.5;30.658115;6175932
677;14:51:24.289;1.6;30.658413;6176884
678;14:51:24.462;1.5;30.665343;6177396
679;14:51:24.633;0.0;30.675430;6179460
680;14:51:24.802;1.5;30.676919;6179728
681;14:51:24.971;0.0;30.686232;6181384
682;14:51:25.141;1.6;30.684604;6181804
683;14:51:25.314;0.0;30.686490;6182168
684;14:51:25.485;0.0;30.688913;6182208
685;14:51:25.657;1.5;30.692030;6182624
686;14:51:25.839;1.5;30.693400;6182900
687;14:51:26.016;0.0;30.687721;6181904
688;14:51:26.190;0.0;30.687066;6181772
689;14:51:26.363;0.0;30.686748;6181708
690;14:51:26.535;1.5;30.694294;6185244
691;14:51:26.712;1.6;30.724932;6189400
692;14:51:26.883;0.0;30.725608;6189536
693;14:51:27.056;0.0;30.724853;6189384
694;14:51:27.232;3.0;30.724277;6189268
695;14:51:27.408;0.0;30.725766;6189568
696;14:51:27.582;0.0;30.726660;6189748
697;14:51:27.756;1.5;30.727256;6189868
698;14:51:27.925;0.0;30.726660;6189748
699;14:51:28.098;1.5;30.736449;6191720
700;14:51:28.271;0.0;30.738177;6191920
701;14:51:28.445;0.0;30.738514;6192136
702;14:51:28.617;1.5;30.736787;6191640
703;14:51:28.789;0.0;30.737422;6191620
704;14:51:28.962;0.0;30.737938;6192036
705;14:51:29.135;0.0;30.739507;6192344
706;14:51:29.308;0.0;30.739348;6192304
707;14:51:29.484;3.1;30.739189;6192272
708;14:51:29.654;1.5;30.739507;6192336
709;14:51:29.829;3.0;30.739666;6192368
710;14:51:30.000;1.6;30.740917;6192620
711;14:51:30.171;1.5;30.739984;6192432
712;14:51:30.350;3.0;30.737899;6192264
713;14:51:30.523;1.5;30.740480;6192532
714;14:51:30.700;1.5;30.740401;6192516
715;14:51:30.877;0.0;30.740282;6192492
716;14:51:31.051;0.0;30.746735;6193792
717;14:51:31.220;1.6;30.749336;6194316
718;14:51:31.392;1.5;30.749574;6194364
719;14:51:31.567;1.5;30.748959;6194240
720;14:51:31.740;1.5;30.749277;6194304
721;14:51:31.916;0.0;30.764506;6197372
722;14:51:32.090;1.6;30.764228;6197356
723;14:51:32.260;1.5;30.765102;6197492
724;14:51:32.433;3.0;30.766274;6197728
725;14:51:32.606;3.0;30.765956;6197664
726;14:51:32.780;0.0;30.767366;6197948
727;14:51:32.954;1.5;30.767525;6197760
728;14:51:33.130;1.5;30.766155;6197980
729;14:51:33.302;1.5;30.770027;6198484
730;14:51:33.472;0.0;30.770384;6198556
731;14:51:33.642;1.5;30.772528;6198620
732;14:51:33.817;3.0;30.768915;6198260
733;14:51:33.992;1.5;30.767644;6198004
734;14:51:34.166;1.5;30.770066;6198492
735;14:51:34.338;0.0;30.770066;6198492
736;14:51:34.508;0.0;30.780074;6200508
737;14:51:34.677;0.0;30.779419;6200376
738;14:51:34.848;1.4;30.779796;6200452
739;14:51:35.018;1.6;30.779796;6200452
740;14:51:35.191;1.5;30.779022;6200296
741;14:51:35.368;1.5;30.780431;6200580
742;14:51:35.538;1.5;30.780431;6200580
743;14:51:35.712;1.5;30.781365;6200768
744;14:51:35.886;3.1;30.781682;6200832
745;14:51:36.058;0.0;30.779439;6200160
746;14:51:36.228;1.6;30.781027;6200700
747;14:51:36.402;3.1;30.779776;6200448
748;14:51:36.574;0.0;30.779975;6200740
749;14:51:36.751;1.5;30.779578;6200408
750;14:51:36.924;1.5;30.779081;6200308
751;14:51:37.102;3.0;30.779736;6200440
752;14:51:37.274;0.0;30.780034;6200500
753;14:51:37.448;0.0;30.781126;6200720
754;14:51:37.624;0.0;30.781126;6200720
755;14:51:37.794;0.0;30.781305;6201040
756;14:51:37.964;0.0;30.785376;6201828
757;14:51:38.134;0.0;30.786646;6201832
758;14:51:38.306;1.5;30.785554;6201920
759;14:51:38.479;1.5;30.786031;6201708
760;14:51:38.654;1.5;30.786289;6201760
761;14:51:38.826;0.0;30.791809;6202872
762;14:51:38.998;1.5;30.792941;6203376
763;14:51:39.170;0.0;30.806662;6205864
764;14:51:39.346;1.5;30.806622;6205856
765;14:51:39.522;1.5;30.806463;6205604
766;14:51:39.695;3.0;30.815279;6207600
767;14:51:39.864;1.5;30.834759;6211524
768;14:51:40.040;0.0;30.841649;6212912
769;14:51:40.211;1.7;30.853563;6215312
770;14:51:40.381;1.6;30.855171;6215636
771;14:51:40.552;0.0;30.855687;6215740
772;14:51:40.729;1.6;30.858249;6216104
773;14:51:40.902;1.5;30.859123;6216432
774;14:51:41.085;1.5;30.856104;6215824
775;14:51:41.259;3.2;30.859043;6216416
776;14:51:41.432;1.6;30.859202;6216448
777;14:51:41.604;0.0;30.859202;6216700
778;14:51:41.778;1.6;30.857137;6216284
779;14:51:41.951;3.3;30.857633;6216132
780;14:51:42.121;1.6;30.858269;6216260
781;14:51:42.293;1.6;30.859361;6216480
782;14:51:42.477;0.0;30.879297;6220764
783;14:51:42.648;0.0;30.883050;6221252
784;14:51:42.821;1.5;30.883050;6221252
785;14:51:42.995;0.0;30.882116;6221460
786;14:51:43.165;1.5;30.882573;6221156
787;14:51:43.335;1.6;30.882692;6221180
788;14:51:43.506;1.6;30.883209;6221284
789;14:51:43.678;1.7;30.886147;6221876
790;14:51:43.857;0.0;30.885373;6221720
791;14:51:44.032;1.5;30.884757;6221484
792;14:51:44.208;1.5;30.883129;6221268
793;14:51:44.381;0.0;30.880012;6220640
794;14:51:44.556;0.0;30.890476;6222748
795;14:51:44.731;1.5;30.890794;6222812
796;14:51:44.904;0.0;30.894586;6223576
797;14:51:45.081;0.0;30.894130;6223484
798;14:51:45.255;1.6;30.893931;6223224
799;14:51:45.427;1.5;30.894130;6223484
800;14:51:45.595;1.5;30.893951;6223448
801;14:51:45.766;0.0;30.893792;6223416
802;14:51:45.937;1.6;30.893474;6223352
803;14:51:46.107;0.0;30.891429;6222940
804;14:51:46.278;1.5;30.897843;6224232
805;14:51:46.453;0.0;30.899094;6224736
806;14:51:46.627;0.0;30.899133;6224492
807;14:51:46.799;1.5;30.902569;6225184
808;14:51:46.972;3.0;30.901476;6224964
809;14:51:47.144;3.1;30.901258;6225180
810;14:51:47.318;0.0;30.902469;6225164
811;14:51:47.495;1.5;30.903800;6225432
812;14:51:47.673;1.6;30.903720;6225416
813;14:51:47.844;0.0;30.903879;6225448
814;14:51:48.014;1.6;30.906540;6225984
815;14:51:48.187;1.5;30.906778;6226032
816;14:51:48.359;1.5;30.906182;6225912
817;14:51:48.531;0.0;30.903462;6225616
818;14:51:48.705;0.0;30.905289;6225732
819;14:51:48.886;1.5;30.904912;6225480
820;14:51:49.062;0.0;30.905726;6225820
821;14:51:49.239;0.0;30.905210;6225716
822;14:51:49.415;1.5;30.905090;6225692
823;14:51:49.585;1.5;30.905289;6225732
824;14:51:49.759;3.0;30.905289;6225512
825;14:51:49.932;0.0;30.904395;6225552
826;14:51:50.110;1.5;30.905527;6225780
827;14:51:50.287;1.5;30.905368;6225748
828;14:51:50.459;1.5;30.903800;6225432
829;14:51:50.631;0.0;30.903045;6225280
830;14:51:50.803;0.0;30.903045;6225280
831;14:51:50.979;1.5;30.901834;6225036
832;14:51:51.149;1.5;30.902291;6224908
833;14:51:51.323;1.5;30.902410;6225152
834;14:51:51.499;1.6;30.902886;6225248
835;14:51:51.670;0.0;30.902926;6225256
836;14:51:51.841;1.5;30.902966;6225264
837;14:51:52.014;2.9;30.906719;6226020
838;14:51:52.187;0.0;30.906202;6225696
839;14:51:52.363;1.5;30.904971;6225668
840;14:51:52.541;1.5;30.904038;6225732
841;14:51:52.710;2.9;30.906242;6225924
842;14:51:52.884;3.0;30.907811;6226020
843;14:51:53.060;1.5;30.905587;6225572
844;14:51:53.233;1.5;30.904872;6225900
845;14:51:53.410;1.5;30.908545;6226388
846;14:51:53.586;0.0;30.907910;6226260
847;14:51:53.758;1.5;30.907791;6226236
848;14:51:53.932;1.6;30.906897;6225836
849;14:51:54.102;1.5;30.906957;6226068
850;14:51:54.277;1.6;30.906858;6226048
851;14:51:54.449;0.0;30.906699;6226016
852;14:51:54.617;2.9;30.904515;6225576
853;14:51:54.790;1.5;30.903879;6225448
854;14:51:54.965;0.0;30.906381;6226204
855;14:51:55.138;0.0;30.908724;6226424
856;14:51:55.309;2.9;30.907394;6226156
857;14:51:55.482;2.9;30.907870;6226104
858;14:51:55.656;0.0;30.906619;6226000
859;14:51:55.830;0.0;30.906659;6226008
860;14:51:56.006;1.4;30.906302;6225936
861;14:51:56.186;1.5;30.906063;6225888
862;14:51:56.357;4.3;30.904892;6225652
863;14:51:56.527;9.1;30.909399;6226560
864;14:51:56.700;5.8;30.906619;6226000
865;14:51:56.878;1.5;30.907374;6226152
866;14:51:57.051;3.0;30.908347;6226128
867;14:51:57.228;6.1;30.905190;6225712
868;14:51:57.400;11.0;30.905229;6225720
869;14:51:57.574;11.8;30.901774;6225024
870;14:51:57.744;1.5;30.900305;6224580
871;14:51:57.914;3.1;30.902847;6225240
872;14:51:58.088;4.4;30.905964;6226020
873;14:51:58.260;1.5;30.905190;6225712
874;14:51:58.437;0.0;30.905210;6225716
875;14:51:58.612;0.0;30.905289;6225732
876;14:51:58.789;2.9;30.903978;6225468
877;14:51:58.965;1.5;30.902171;6225104
878;14:51:59.139;1.5;30.903442;6225368
879;14:51:59.317;1.5;30.903522;6225376
880;14:51:59.492;0.0;30.904773;6225628
881;14:51:59.670;0.0;30.904693;6225612
882;14:51:59.840;0.0;30.904951;6225664
883;14:52:00.017;0.0;30.905388;6225752
884;14:52:00.187;1.6;30.905666;6225808
885;14:52:00.358;0.0;30.904137;6225500
886;14:52:00.532;1.6;30.904117;6225496
887;14:52:00.702;1.5;30.899352;6224788
888;14:52:00.876;0.0;30.901854;6225424
889;14:52:01.049;0.0;30.906937;6226064
890;14:52:01.227;0.0;30.907433;6226164
891;14:52:01.402;1.6;30.907394;6226156
892;14:52:01.577;3.1;30.907711;6226220
893;14:52:01.751;1.5;30.907791;6226236
894;14:52:01.925;0.0;30.907711;6226220
895;14:52:02.101;2.9;30.907711;6226220
896;14:52:02.276;1.5;30.909042;6226488
897;14:52:02.452;1.5;30.909280;6226536
898;14:52:02.627;0.0;30.908545;6226388
899;14:52:02.798;0.0;30.906599;6225792
900;14:52:02.973;0.0;30.907294;6226136
901;14:52:03.146;0.0;30.905587;6225792
902;14:52:03.315;1.5;30.905468;6226004
903;14:52:03.493;1.5;30.907433;6226164
904;14:52:03.669;0.0;30.906758;6226028
905;14:52:03.839;1.5;30.908287;6226336
906;14:52:04.013;1.6;30.910293;6226520
907;14:52:04.185;1.5;30.908109;6226300
908;14:52:04.360;1.6;30.909280;6226316
909;14:52:04.532;0.0;30.909439;6226268
910;14:52:04.702;1.6;30.910372;6226756
911;14:52:04.875;0.0;30.910372;6226756
912;14:52:05.057;1.5;30.909479;6226616
913;14:52:05.232;1.6;30.907731;6226004
914;14:52:05.402;1.6;30.906719;6226020
915;14:52:05.570;0.0;30.905607;6225796
916;14:52:05.741;1.5;30.906778;6226032
917;14:52:05.915;1.5;30.907294;6225620
918;14:52:06.086;0.0;30.904117;6225496
919;14:52:06.259;0.0;30.901437;6224956
920;14:52:06.438;1.5;30.898478;6224612
921;14:52:06.609;1.6;30.898577;6224380
922;14:52:06.778;0.0;30.902330;6225404
923;14:52:06.950;0.0;30.903740;6225420
924;14:52:07.122;1.5;30.903899;6225452
925;14:52:07.299;1.5;30.904058;6225484
926;14:52:07.468;4.4;30.904217;6225516
927;14:52:07.642;1.5;30.904058;6225336
928;14:52:07.815;0.0;30.904376;6225548
929;14:52:07.985;1.6;30.903422;6225356
930;14:52:08.156;1.5;30.904098;6225272
931;14:52:08.335;1.6;30.901278;6224924
932;14:52:08.509;0.0;30.901516;6224972
933;14:52:08.681;1.5;30.903343;6225592
934;14:52:08.851;0.0;30.904018;6225476
935;14:52:09.028;0.0;30.901099;6224888
936;14:52:09.199;3.2;30.902926;6225256
937;14:52:09.371;1.6;30.904336;6225540
938;14:52:09.544;1.6;30.904475;6225420
939;14:52:09.714;0.0;30.903224;6225316
940;14:52:09.885;0.0;30.903542;6225380
941;14:52:10.053;0.0;30.902608;6225192
942;14:52:10.225;3.0;30.902906;6225252
943;14:52:10.399;0.0;30.902708;6225212
944;14:52:10.576;2.9;30.901655;6225000
945;14:52:10.753;0.0;30.902509;6225172
946;14:52:10.929;1.5;30.902588;6225188
947;14:52:11.105;0.0;30.903879;6225448
948;14:52:11.286;1.5;30.905746;6225824
949;14:52:11.462;1.5;30.905587;6225792
950;14:52:11.637;1.5;30.905746;6225824
951;14:52:11.812;1.6;30.904356;6225544
952;14:52:11.987;1.6;30.904515;6225576
953;14:52:12.159;1.5;30.904951;6225664
954;14:52:12.333;0.0;30.904673;6225608
955;14:52:12.503;0.0;30.904634;6225600
956;14:52:12.674;0.0;30.904793;6225632
957;14:52:12.846;1.5;30.903542;6225380
958;14:52:13.020;5.6;30.903224;6225096
959;14:52:13.192;4.2;30.907970;6226272
960;14:52:13.364;3.0;30.907155;6226108
961;14:52:13.538;1.5;30.907314;6225920
962;14:52:13.709;0.0;30.905885;6225852
963;14:52:13.880;1.5;30.905964;6225868
964;14:52:14.061;0.0;30.901218;6224912
965;14:52:14.235;1.5;30.901854;6225040
966;14:52:14.407;1.5;30.902946;6225260
967;14:52:14.581;0.0;30.903621;6225396
968;14:52:14.752;1.4;30.903661;6225404
969;14:52:14.921;1.5;30.904912;6225656
970;14:52:15.090;1.5;30.904793;6225632
971;14:52:15.259;1.6;30.904832;6225640
972;14:52:15.428;0.0;30.904713;6225396
973;14:52:15.597;0.0;30.902747;6225220
974;14:52:15.765;1.4;30.901774;6224728
975;14:52:15.934;0.0;30.896135;6224140
976;14:52:16.103;1.5;30.898637;6224392
977;14:52:16.272;1.4;30.897902;6224244
978;14:52:16.442;0.0;30.899888;6224644
979;14:52:16.611;0.0;30.901139;6224896
980;14:52:16.780;0.0;30.901139;6224896
981;14:52:16.949;1.6;30.901139;6224896
982;14:52:17.118;0.0;30.902390;6225148
983;14:52:17.287;0.0;30.902430;6225156
984;14:52:17.457;0.0;30.903641;6225400
985;14:52:17.626;0.0;30.909896;6226660
986;14:52:17.796;1.5;30.910015;6226684
987;14:52:17.965;1.4;30.910015;6226684
988;14:52:18.135;0.0;30.908962;6226472
989;14:52:18.305;1.6;30.910253;6226732
990;14:52:18.475;1.6;30.909558;6226592
991;14:52:18.645;0.0;30.909518;6226584
992;14:52:18.814;0.0;30.909558;6226592
993;14:52:18.983;0.0;30.908049;6225808
994;14:52:19.153;0.0;30.905329;6225740
995;14:52:19.324;0.0;30.906540;6226236
996;14:52:19.494;0.0;30.911385;6226960
997;14:52:19.663;0.0;30.912954;6227276
998;14:52:19.832;1.5;30.912993;6227284
999;14:52:20.001;0.0;30.912993;6227284
1000;14:52:20.173;1.6;30.912815;6227248
1001;14:52:20.343;1.5;30.913251;6227336
1002;14:52:20.512;0.0;30.910988;6226880
1003;14:52:20.681;0.0;30.910352;6226872
1004;14:52:20.850;0.0;30.912537;6227040
1005;14:52:21.020;0.0;30.910610;6226804
1006;14:52:21.189;0.0;30.910452;6226772
1007;14:52:21.358;0.0;30.913053;6227296
1008;14:52:21.529;0.0;30.911881;6227060
1009;14:52:21.698;0.0;30.913053;6227296
1010;14:52:21.869;0.0;30.913053;6227296
1011;14:52:22.038;0.0;30.913053;6227296
1012;14:52:22.209;0.0;30.911961;6227076
1013;14:52:22.380;1.5;30.910551;6226792
1014;14:52:22.549;0.0;30.910551;6226572
1015;14:52:22.719;0.0;30.909300;6226540
1016;14:52:22.888;1.6;30.908069;6226292
1017;14:52:23.057;0.0;30.908069;6226324
1018;14:52:23.226;0.0;30.909578;6226376
1019;14:52:23.398;0.0;30.909538;6226588
1020;14:52:23.568;0.0;30.909538;6226588
1021;14:52:23.738;3.1;30.912040;6227092
1022;14:52:23.909;0.0;30.912060;6227096
1023;14:52:24.079;0.0;30.912060;6227080
1024;14:52:24.249;1.4;30.911345;6226952
1025;14:52:24.419;0.0;30.912080;6227100
1026;14:52:24.589;0.0;30.912120;6226960
1027;14:52:24.759;0.0;30.909578;6226596
1028;14:52:24.929;0.0;30.909578;6226596
1029;14:52:25.098;0.0;30.909578;6226596
1030;14:52:25.268;1.6;30.908843;6226448
1031;14:52:25.437;0.0;30.908327;6226344
1032;14:52:25.607;0.0;30.908327;6226344
1033;14:52:25.776;0.0;30.909538;6226588
1034;14:52:25.946;1.6;30.909578;6226596
1035;14:52:26.117;1.6;30.909578;6226596
1036;14:52:26.289;0.0;30.909618;6226604
1037;14:52:26.458;1.6;30.909578;6226596
1038;14:52:26.627;1.6;30.909578;6226596
1039;14:52:26.797;0.0;30.909578;6226596
1040;14:52:26.966;1.6;30.909717;6226624
1041;14:52:27.137;0.0;30.909399;6226560
1042;14:52:27.307;1.3;30.909399;6226560
1043;14:52:27.477;0.0;30.910829;6226848
1044;14:52:27.646;0.0;30.912239;6227132
1045;14:52:27.817;0.0;30.913390;6227364
1046;14:52:27.987;1.5;30.913470;6227380
1047;14:52:28.156;1.5;30.912219;6227128
1048;14:52:28.325;0.0;30.911127;6226908
1049;14:52:28.494;1.6;30.910988;6226880
1050;14:52:28.664;3.0;30.911147;6226912
1051;14:52:28.834;0.0;30.911008;6226884
1052;14:52:29.004;1.5;30.910988;6226880
1053;14:52:29.173;0.0;30.909896;6226660
1054;14:52:29.343;1.3;30.909896;6226660
1055;14:52:29.512;1.5;30.908665;6226412
1056;14:52:29.682;1.5;30.908526;6226164
1057;14:52:29.852;0.0;30.909796;6226760
1058;14:52:30.022;0.0;30.909757;6226632
1059;14:52:30.192;1.6;30.909757;6226632
1060;14:52:30.361;0.0;30.911047;6226892
1061;14:52:30.531;1.6;30.911544;6226992
1062;14:52:30.701;0.0;30.914939;6227676
1063;14:52:30.871;1.6;30.914125;6227512
1064;14:52:31.041;3.1;30.908208;6226320
1065;14:52:31.211;1.6;30.908208;6226320
1066;14:52:31.380;0.0;30.913212;6227328
1067;14:52:31.550;0.0;30.913212;6227328
1068;14:52:31.721;0.0;30.913212;6227328
1069;14:52:31.890;1.6;30.913212;6227328
1070;14:52:32.060;1.5;30.913251;6227336
1071;14:52:32.229;0.0;30.913212;6227328
1072;14:52:32.398;0.0;30.913212;6227328
1073;14:52:32.568;1.5;30.912120;6227108
1074;14:52:32.739;0.0;30.912298;6226924
1075;14:52:32.909;0.0;30.910948;6226872
1076;14:52:33.079;1.6;30.909638;6226608
1077;14:52:33.248;1.5;30.909717;6226476
1078;14:52:33.417;0.0;30.907970;6226272
1079;14:52:33.586;0.0;30.906500;6225976
1080;14:52:33.756;1.5;30.906083;6225892
1081;14:52:33.926;0.0;30.909836;6226648
1082;14:52:34.096;0.0;30.909737;6226628
1083;14:52:34.267;0.0;30.906222;6226180
1084;14:52:34.437;1.5;30.908486;6226376
1085;14:52:34.607;0.0;30.908883;6226456
1086;14:52:34.777;0.0;30.908029;6226284
1087;14:52:34.947;1.5;30.909121;6226504
1088;14:52:35.116;0.0;30.909161;6226512
1089;14:52:35.286;1.6;30.907751;6226488
1090;14:52:35.455;1.5;30.913053;6227296
1091;14:52:35.625;1.6;30.919466;6228588
1092;14:52:35.794;1.5;30.922703;6229240
1093;14:52:35.963;1.5;30.921611;6229020
1094;14:52:36.133;1.6;30.922246;6228560
1095;14:52:36.305;1.5;30.919605;6228616
1096;14:52:36.476;4.4;30.919129;6228520
1097;14:52:36.646;4.4;30.919923;6228680
1098;14:52:36.817;1.5;30.920221;6228740
1099;14:52:36.988;0.0;30.923001;6229300
1100;14:52:37.160;3.1;30.918871;6228468
1101;14:52:37.331;1.6;30.920221;6228740
1102;14:52:37.501;4.6;30.920459;6228788
1103;14:52:37.672;3.1;30.921412;6228980
1104;14:52:37.842;1.5;30.927131;6230132
1105;14:52:38.013;2.9;30.926655;6230036
1106;14:52:38.184;3.0;30.918851;6228464
1107;14:52:38.355;3.0;30.921988;6229096
1108;14:52:38.525;1.5;30.921075;6228912
1109;14:52:38.698;3.0;30.919288;6228552
1110;14:52:38.868;1.6;30.919049;6228284
1111;14:52:39.038;2.9;30.917183;6228128
1112;14:52:39.209;5.7;30.915436;6227776
1113;14:52:39.379;2.9;30.916766;6228044
1114;14:52:39.550;1.5;30.918851;6228464
1115;14:52:39.721;1.6;30.918851;6228464
1116;14:52:39.890;0.0;30.918851;6228464
1117;14:52:40.060;1.5;30.919367;6228568
1118;14:52:40.229;2.9;30.920102;6228716
1119;14:52:40.399;1.6;30.920300;6228756
1120;14:52:40.570;1.5;30.921115;6228920
1121;14:52:40.740;0.0;30.920439;6228784
1122;14:52:40.910;0.0;30.919506;6228596
1123;14:52:41.080;0.0;30.919268;6228548
1124;14:52:41.250;0.0;30.919268;6228548
1125;14:52:41.419;0.0;30.919586;6228612
1126;14:52:41.589;0.0;30.919725;6228640
1127;14:52:41.759;2.9;30.918771;6228448
1128;14:52:41.930;2.9;30.920479;6228792
1129;14:52:42.101;0.0;30.919625;6228620
1130;14:52:42.273;0.0;30.920420;6228780
1131;14:52:42.442;0.0;30.920578;6228812
1132;14:52:42.613;1.5;30.920400;6228776
1133;14:52:42.785;1.6;30.918831;6228460
1134;14:52:42.954;1.6;30.918831;6228460
1135;14:52:43.124;0.0;30.918831;6228476
1136;14:52:43.293;1.6;30.918831;6228240
1137;14:52:43.463;0.0;30.919069;6228288
1138;14:52:43.635;0.0;30.920340;6228764
1139;14:52:43.805;0.0;30.920658;6228828
1140;14:52:43.975;3.1;30.920817;6228860
1141;14:52:44.145;1.5;30.918394;6228624
1142;14:52:44.315;0.0;30.919248;6228324
1143;14:52:44.485;0.0;30.918156;6228324
1144;14:52:44.654;0.0;30.921750;6228828
1145;14:52:44.822;0.0;30.920499;6228796
1146;14:52:44.992;1.4;30.920817;6228860
1147;14:52:45.161;0.0;30.920976;6228892
1148;14:52:45.332;3.0;30.922703;6229240
1149;14:52:45.502;0.0;30.919566;6228608
1150;14:52:45.671;0.0;30.919208;6228536
1151;14:52:45.841;0.0;30.922763;6229252
1152;14:52:46.011;0.0;30.922306;6229160
1153;14:52:46.180;0.0;30.922544;6229208
1154;14:52:46.349;1.6;30.921571;6229012
1155;14:52:46.518;0.0;30.922743;6229248
1156;14:52:46.689;0.0;30.921988;6228876
1157;14:52:46.858;0.0;30.922187;6229136
1158;14:52:47.028;1.5;30.921571;6229012
1159;14:52:47.198;1.6;30.921254;6228948
1160;14:52:47.367;1.5;30.922425;6229184
1161;14:52:47.538;1.6;30.921095;6228916
1162;14:52:47.707;0.0;30.921095;6228916
1163;14:52:47.877;0.0;30.920003;6228696
1164;14:52:48.046;0.0;30.918910;6228476
1165;14:52:48.216;1.5;30.920519;6228652
1166;14:52:48.386;0.0;30.920678;6228832
1167;14:52:48.555;0.0;30.919665;6228628
1168;14:52:48.726;0.0;30.922246;6229148
1169;14:52:48.895;3.2;30.921929;6228864
1170;14:52:49.066;3.1;30.920876;6228872
1171;14:52:49.237;0.0;30.920439;6228784
1172;14:52:49.406;1.5;30.922624;6229224
1173;14:52:49.577;1.5;30.923259;6229352
1174;14:52:49.749;1.6;30.923100;6229320
1175;14:52:49.920;0.0;30.921035;6228904
1176;14:52:50.090;0.0;30.921671;6229032
1177;14:52:50.260;0.0;30.920737;6228844
1178;14:52:50.430;0.0;30.923120;6229324
1179;14:52:50.601;1.5;30.922683;6229236
1180;14:52:50.771;1.5;30.921432;6228984
1181;14:52:50.942;1.6;30.921254;6228948
1182;14:52:51.110;0.0;30.921254;6228948
1183;14:52:51.281;0.0;30.920519;6228800
1184;14:52:51.451;1.5;30.919943;6228684
1185;14:52:51.621;1.6;30.920340;6228764
1186;14:52:51.791;1.5;30.920181;6228732
1187;14:52:51.961;0.0;30.920817;6228860
1188;14:52:52.133;1.6;30.922107;6229120
1189;14:52:52.302;0.0;30.923299;6229360
1190;14:52:52.472;1.4;30.923458;6229392
1191;14:52:52.641;1.6;30.923219;6229344
1192;14:52:52.811;1.6;30.923259;6229512
1193;14:52:52.982;1.6;30.923696;6229440
1194;14:52:53.151;1.6;30.923378;6229376
1195;14:52:53.320;1.5;30.923378;6229376
1196;14:52:53.490;1.6;30.924172;6229536
1197;14:52:53.659;1.5;30.924331;6229568
1198;14:52:53.829;0.0;30.925741;6229852
1199;14:52:53.998;0.0;30.923239;6229348
1200;14:52:54.166;1.5;30.916984;6228456
1201;14:52:54.338;1.5;30.921829;6229064
1202;14:52:54.507;1.5;30.924331;6229348
1203;14:52:54.677;1.5;30.922882;6229276
1204;14:52:54.847;0.0;30.923438;6229388
1205;14:52:55.017;1.6;30.922683;6229648
1206;14:52:55.188;0.0;30.924391;6229580
1207;14:52:55.357;1.4;30.922604;6229252
1208;14:52:55.527;3.2;30.925423;6229788
1209;14:52:55.697;0.0;30.922743;6229248
1210;14:52:55.867;0.0;30.921293;6228956
1211;14:52:56.037;1.6;30.919804;6228656
1212;14:52:56.206;1.5;30.919804;6228656
1213;14:52:56.377;1.6;30.919963;6228688
1214;14:52:56.546;1.6;30.918871;6228720
1215;14:52:56.716;0.0;30.920360;6228768
1216;14:52:56.885;1.6;30.920221;6228740
1217;14:52:57.054;0.0;30.920221;6228740
1218;14:52:57.223;0.0;30.920221;6228740
1219;14:52:57.393;0.0;30.920062;6228960
1220;14:52:57.562;0.0;30.922405;6229280
1221;14:52:57.733;1.6;30.915356;6227760
1222;14:52:57.902;0.0;30.918493;6228644
1223;14:52:58.072;0.0;30.919744;6228644
1224;14:52:58.241;0.0;30.918831;6228460
1225;14:52:58.410;1.6;30.920082;6228712
1226;14:52:58.579;1.6;30.920082;6228712
1227;14:52:58.748;3.0;30.921333;6228964
1228;14:52:58.918;0.0;30.921651;6228808
1229;14:52:59.089;1.5;30.922604;6229488
1230;14:52:59.259;4.2;30.918950;6228484
1231;14:52:59.431;3.0;30.918553;6228656
1232;14:52:59.601;3.0;30.919804;6228656
1233;14:52:59.772;3.1;30.919943;6228684
1234;14:52:59.941;0.0;30.919725;6228420
1235;14:53:00.110;1.5;30.918891;6228472
1236;14:53:00.280;1.5;30.917461;6227960
1237;14:53:00.450;3.2;30.914204;6227680
1238;14:53:00.621;1.5;30.917461;6228184
1239;14:53:00.791;1.5;30.916865;6228064
1240;14:53:00.962;3.0;30.919685;6228632
1241;14:53:01.132;0.0;30.918752;6228444
1242;14:53:01.302;1.5;30.921452;6228988
1243;14:53:01.472;1.5;30.920519;6229036
1244;14:53:01.641;1.5;30.920360;6229060
1245;14:53:01.810;3.1;30.921412;6228980
1246;14:53:01.979;0.0;30.920003;6228696
1247;14:53:02.152;0.0;30.920479;6228792
1248;14:53:02.321;1.6;30.920360;6228768
1249;14:53:02.492;0.0;30.920281;6228752
1250;14:53:02.662;6.2;30.919903;6228676
1251;14:53:02.831;1.6;30.921949;6229340
1252;14:53:03.002;1.5;30.922941;6229288
1253;14:53:03.172;2.9;30.918910;6228668
1254;14:53:03.341;1.5;30.919943;6228684
1255;14:53:03.511;0.0;30.922127;6229124
1256;14:53:03.681;1.6;30.927290;6230164
1257;14:53:03.851;0.0;30.926218;6230200
1258;14:53:04.020;0.0;30.927667;6230240
1259;14:53:04.189;1.6;30.923875;6229728
1260;14:53:04.359;1.5;30.926674;6230040
1261;14:53:04.529;1.5;30.928124;6230332
1262;14:53:04.701;0.0;30.926992;6230104
1263;14:53:04.871;3.0;30.927945;6230296
1264;14:53:05.041;1.5;30.928779;6230464
1265;14:53:05.210;0.0;30.927330;6229952
1266;14:53:05.379;0.0;30.929315;6230572
1267;14:53:05.548;1.5;30.928223;6230352
1268;14:53:05.719;0.0;30.929633;6230416
1269;14:53:05.888;0.0;30.928402;6230388
1270;14:53:06.058;1.5;30.930745;6230860
1271;14:53:06.229;0.0;30.929712;6230652
1272;14:53:06.398;1.6;30.929355;6230360
1273;14:53:06.569;1.5;30.928025;6230312
1274;14:53:06.738;1.6;30.928025;6230312
1275;14:53:06.908;1.5;30.928025;6230092
1276;14:53:07.079;1.6;30.926456;6229776
1277;14:53:07.248;0.0;30.926575;6230020
1278;14:53:07.419;1.6;30.926059;6229916
1279;14:53:07.589;1.6;30.925463;6229648
1280;14:53:07.760;0.0;30.925761;6229856
1281;14:53:07.930;0.0;30.925443;6229792
1282;14:53:08.100;1.5;30.925443;6229792
1283;14:53:08.269;0.0;30.925284;6229760
1284;14:53:08.438;0.0;30.925761;6229856
1285;14:53:08.607;1.5;30.926555;6230016
1286;14:53:08.777;1.5;30.926238;6229952
1287;14:53:08.947;0.0;30.926396;6229984
1288;14:53:09.117;0.0;30.926039;6229692
1289;14:53:09.287;0.0;30.924033;6229508
1290;14:53:09.456;0.0;30.922524;6229204
1291;14:53:09.625;3.1;30.922842;6229268
1292;14:53:09.795;0.0;30.922961;6229292
1293;14:53:09.965;0.0;30.921929;6229084
1294;14:53:10.134;1.6;30.924748;6229652
1295;14:53:10.304;0.0;30.925682;6229840
1296;14:53:10.474;1.6;30.924887;6229680
1297;14:53:10.643;0.0;30.924887;6229680
1298;14:53:10.813;0.0;30.924887;6229460
1299;14:53:10.982;0.0;30.923835;6229468
1300;14:53:11.151;1.5;30.923517;6229404
1301;14:53:11.321;0.0;30.923994;6229500
1302;14:53:11.491;0.0;30.925543;6229812
1303;14:53:11.663;4.5;30.927151;6230136
1304;14:53:11.833;0.0;30.926774;6229840
1305;14:53:12.003;1.5;30.923736;6229448
1306;14:53:12.172;0.0;30.923795;6229460
1307;14:53:12.341;1.6;30.920420;6228780
1308;14:53:12.511;1.6;30.922921;6229284
1309;14:53:12.681;0.0;30.922921;6229284
1310;14:53:12.850;1.6;30.922921;6229284
1311;14:53:13.020;1.5;30.923041;6229088
1312;14:53:13.189;0.0;30.921671;6229032
1313;14:53:13.358;0.0;30.922921;6229284
1314;14:53:13.527;0.0;30.923080;6229316
1315;14:53:13.698;0.0;30.923080;6229096
1316;14:53:13.868;0.0;30.924093;6229520
1317;14:53:14.038;1.5;30.924053;6229512
1318;14:53:14.208;1.6;30.924669;6229636
1319;14:53:14.378;0.0;30.920142;6228724
1320;14:53:14.546;1.5;30.922107;6229000
1321;14:53:14.717;0.0;30.926595;6230024
1322;14:53:14.886;0.0;30.928918;6230492
1323;14:53:15.056;0.0;30.928918;6230492
1324;14:53:15.225;1.5;30.927786;6230264
1325;14:53:15.395;0.0;30.927985;6230304
1326;14:53:15.565;1.5;30.927647;6230236
1327;14:53:15.733;3.1;30.927469;6230048
1328;14:53:15.903;0.0;30.925304;6230024
1329;14:53:16.073;0.0;30.925840;6229872
1330;14:53:16.243;0.0;30.924232;6229548
1331;14:53:16.412;1.5;30.923080;6229568
1332;14:53:16.582;1.6;30.923378;6229376
1333;14:53:16.752;0.0;30.926198;6229944
1334;14:53:16.921;1.6;30.925900;6229884
1335;14:53:17.091;0.0;30.926297;6229964
1336;14:53:17.260;0.0;30.923994;6229500
1337;14:53:17.430;1.6;30.923994;6229500
1338;14:53:17.600;1.5;30.922286;6229156
1339;14:53:17.771;3.1;30.922902;6228876
1340;14:53:17.942;3.1;30.921730;6229044
1341;14:53:18.112;3.1;30.920757;6228848
1342;14:53:18.282;3.1;30.920916;6228804
1343;14:53:18.453;1.6;30.919665;6228628
1344;14:53:18.624;0.0;30.920916;6228732
1345;14:53:18.796;0.0;30.923418;6229384
1346;14:53:18.965;0.0;30.922683;6229488
1347;14:53:19.135;0.0;30.922326;6229016
1348;14:53:19.305;0.0;30.919764;6228648
1349;14:53:19.474;0.0;30.920281;6228752
1350;14:53:19.645;0.0;30.926138;6229784
1351;14:53:19.814;0.0;30.924808;6229664
1352;14:53:19.984;0.0;30.922941;6229288
1353;14:53:20.154;0.0;30.923537;6229408
1354;14:53:20.324;1.5;30.925265;6229536
1355;14:53:20.494;0.0;30.926615;6230028
1356;14:53:20.664;0.0;30.925880;6229880
1357;14:53:20.834;0.0;30.925920;6229888
1358;14:53:21.004;0.0;30.924073;6229368
1359;14:53:21.176;1.5;30.923140;6229328
1360;14:53:21.353;0.0;30.923259;6229352
1361;14:53:21.527;0.0;30.923219;6229344
1362;14:53:21.702;3.3;30.920320;6228760
1363;14:53:21.874;1.7;30.920698;6228884
1364;14:53:22.047;1.6;30.932532;6231220
1365;14:53:22.227;3.3;30.922048;6229108
1366;14:53:22.399;0.0;30.923299;6229360
1367;14:53:22.570;0.0;30.923299;6229360
1368;14:53:22.739;1.5;30.923497;6229400
1369;14:53:22.909;0.0;30.922207;6229140
1370;14:53:23.079;1.5;30.922207;6229140
1371;14:53:23.248;0.0;30.925602;6229824
1372;14:53:23.418;0.0;30.924987;6229700
1373;14:53:23.587;0.0;30.927171;6230140
1374;14:53:23.759;3.1;30.925384;6229780
1375;14:53:23.929;1.5;30.932611;6231236
1376;14:53:24.099;1.6;30.932472;6231460
1377;14:53:24.269;0.0;30.932492;6231244
1378;14:53:24.438;3.0;30.931738;6231060
1379;14:53:24.611;0.0;30.933306;6231376
1380;14:53:24.780;3.1;30.933148;6231344
1381;14:53:24.951;1.4;30.932750;6231044
1382;14:53:25.121;1.6;30.931321;6230976
1383;14:53:25.290;1.6;30.933982;6231512
1384;14:53:25.460;1.6;30.936483;6232016
1385;14:53:25.633;3.0;30.939819;6232688
1386;14:53:25.802;1.5;30.936086;6231936
1387;14:53:25.972;0.0;30.937000;6232120
1388;14:53:26.144;1.6;30.936086;6231788
1389;14:53:26.314;1.6;30.937417;6231984
1390;14:53:26.483;1.6;30.935451;6231808
1391;14:53:26.652;0.0;30.934696;6231656
1392;14:53:26.822;0.0;30.937317;6231964
1393;14:53:26.992;1.6;30.935213;6231760
1394;14:53:27.163;1.5;30.933704;6231456
1395;14:53:27.333;0.0;30.932929;6231300
1396;14:53:27.503;0.0;30.935511;6231820
1397;14:53:27.673;0.0;30.932850;6231284
1398;14:53:27.844;1.6;30.932036;6231120
1399;14:53:28.014;0.0;30.930983;6230908
1400;14:53:28.183;1.5;30.932234;6231160
1401;14:53:28.352;0.0;30.932234;6230940
1402;14:53:28.522;0.0;30.931142;6230940
1403;14:53:28.691;0.0;30.930983;6230580
1404;14:53:28.861;1.6;30.930348;6230780
1405;14:53:29.032;0.0;30.929812;6230376
1406;14:53:29.201;1.4;30.930427;6230796
1407;14:53:29.370;1.5;30.930785;6230868
1408;14:53:29.541;0.0;30.931519;6231016
1409;14:53:29.711;0.0;30.931519;6231016
1410;14:53:29.882;0.0;30.930348;6231032
1411;14:53:30.054;1.5;30.929812;6230672
1412;14:53:30.230;0.0;30.929057;6230520
1413;14:53:30.403;4.5;30.931281;6230968
1414;14:53:30.573;0.0;30.932552;6231224
1415;14:53:30.744;3.1;30.931559;6231024
1416;14:53:30.917;0.0;30.930368;6230784
1417;14:53:31.089;0.0;30.929693;6230648
1418;14:53:31.265;0.0;30.929037;6230516
1419;14:53:31.438;1.5;30.929077;6230376
1420;14:53:31.617;3.0;30.930566;6231044
1421;14:53:31.794;1.5;30.930844;6230880
1422;14:53:31.972;0.0;30.930884;6230888
1423;14:53:32.146;1.5;30.927608;6230228
1424;14:53:32.320;0.0;30.927449;6230196
1425;14:53:32.489;0.0;30.926357;6229976
1426;14:53:32.659;1.6;30.929434;6230596
1427;14:53:32.834;2.9;30.934061;6231528
1428;14:53:33.011;0.0;30.939263;6232576
1429;14:53:33.182;1.6;30.928620;6230432
1430;14:53:33.354;0.0;30.930249;6230540
1431;14:53:33.526;1.5;30.931698;6231052
1432;14:53:33.701;1.6;30.933227;6231360
1433;14:53:33.872;1.6;30.930010;6230384
1434;14:53:34.043;6.3;30.922405;6229716
1435;14:53:34.214;3.1;30.927409;6230188
1436;14:53:34.383;0.0;30.928481;6230404
1437;14:53:34.561;1.5;30.930368;6230784
1438;14:53:34.737;0.0;30.929037;6230516
1439;14:53:34.907;3.0;30.931539;6231020
1440;14:53:35.082;0.0;30.933187;6231352
1441;14:53:35.251;0.0;30.933187;6231132
1442;14:53:35.420;1.5;30.932095;6231132
1443;14:53:35.591;3.1;30.932413;6231196
1444;14:53:35.763;0.0;30.932095;6230912
1445;14:53:35.933;1.6;30.931063;6230924
1446;14:53:36.103;1.6;30.932453;6231204
1447;14:53:36.273;1.6;30.933088;6231112
1448;14:53:36.444;4.5;30.928084;6230324
1449;14:53:36.614;1.6;30.931380;6230988
1450;14:53:36.784;3.2;30.932353;6231184
1451;14:53:36.954;1.6;30.930030;6230716
1452;14:53:37.124;1.6;30.929891;6230688
1453;14:53:37.294;1.6;30.927687;6230244
1454;14:53:37.463;1.5;30.927429;6230192
1455;14:53:37.633;0.0;30.927270;6230160
1456;14:53:37.803;0.0;30.927469;6230200
1457;14:53:37.973;1.5;30.927627;6230232
1458;14:53:38.143;1.6;30.927588;6230224
1459;14:53:38.313;0.0;30.927548;6230216
1460;14:53:38.482;1.6;30.927627;6230232
1461;14:53:38.653;1.5;30.929712;6230652
1462;14:53:38.822;2.8;30.927270;6230160
1463;14:53:38.991;1.5;30.927707;6230248
1464;14:53:39.161;1.5;30.925960;6229896
1465;14:53:39.330;3.1;30.932055;6230936
1466;14:53:39.499;1.5;30.929832;6230676
1467;14:53:39.668;1.5;30.929712;6230432
1468;14:53:39.837;1.5;30.931102;6230932
1469;14:53:40.009;1.5;30.931380;6230988
1470;14:53:40.185;1.5;30.936642;6232048
1471;14:53:40.362;4.4;30.935133;6232116
1472;14:53:40.533;1.6;30.935610;6231840
1473;14:53:40.702;0.0;30.934200;6231556
1474;14:53:40.873;1.5;30.939740;6232672
1475;14:53:41.048;1.5;30.938866;6232276
1476;14:53:41.219;0.0;30.936722;6232064
1477;14:53:41.387;6.6;30.935788;6231508
1478;14:53:41.558;7.0;30.933843;6231528
1479;14:53:41.728;3.1;30.933366;6231388
1480;14:53:41.899;3.0;30.936742;6232068
1481;14:53:42.069;4.2;30.937873;6232296
1482;14:53:42.238;0.0;30.936662;6232052
1483;14:53:42.411;1.5;30.938390;6232400
1484;14:53:42.584;0.0;30.937675;6232256
1485;14:53:42.760;1.6;30.938251;6232372
1486;14:53:42.929;1.5;30.937615;6231876
1487;14:53:43.105;1.6;30.935927;6231904
1488;14:53:43.281;1.5;30.937159;6232152
1489;14:53:43.459;1.5;30.937556;6232232
1490;14:53:43.929;1.6;30.934200;6231808
1491;14:53:44.100;0.0;30.934081;6231532
1492;14:53:44.278;0.0;30.935332;6231784
1493;14:53:44.454;1.5;30.935332;6231784
1494;14:53:44.630;2.9;30.936583;6232036
1495;14:53:44.810;1.6;30.935649;6231848
1496;14:53:44.980;0.0;30.935332;6231784
1497;14:53:45.150;1.5;30.938787;6232480
1498;14:53:45.322;0.0;30.938827;6232488
1499;14:53:45.491;0.0;30.939303;6232584
1500;14:53:45.664;0.0;30.939462;6232616
1501;14:53:45.833;0.0;30.940594;6232844
1502;14:53:46.001;1.6;30.940077;6232740
1503;14:53:46.171;0.0;30.939720;6232668
1504;14:53:46.341;1.5;30.942262;6232960
1505;14:53:46.511;1.5;30.941189;6232964
1506;14:53:46.680;0.0;30.939482;6232620
1507;14:53:46.850;1.6;30.939939;6232712
1508;14:53:47.019;0.0;30.941189;6232964
1509;14:53:47.189;1.5;30.941031;6232712
1510;14:53:47.358;0.0;30.940018;6232728
1511;14:53:47.528;1.5;30.939978;6232720
1512;14:53:47.697;0.0;30.939978;6232872
1513;14:53:47.868;1.6;30.940653;6232856
1514;14:53:48.038;3.2;30.940415;6232808
1515;14:53:48.208;0.0;30.937020;6232124
1516;14:53:48.379;0.0;30.934915;6231876
1517;14:53:48.549;1.6;30.936444;6232260
1518;14:53:48.720;0.0;30.937655;6232252
1519;14:53:48.892;0.0;30.933584;6231432
1520;14:53:49.063;1.5;30.933644;6231444
1521;14:53:49.233;0.0;30.937298;6232180
1522;14:53:49.402;1.6;30.934597;6231232
1523;14:53:49.572;3.1;30.933048;6231088
1524;14:53:49.745;4.5;30.934577;6231632
1525;14:53:49.917;1.5;30.936523;6232276
1526;14:53:50.087;1.5;30.936761;6231852
1527;14:53:50.257;0.0;30.935530;6231604
1528;14:53:50.426;1.6;30.936801;6232080
1529;14:53:50.596;0.0;30.936642;6232048
1530;14:53:50.765;0.0;30.938330;6232388
1531;14:53:50.934;1.4;30.939581;6232640
1532;14:53:51.103;0.0;30.939581;6232420
1533;14:53:51.272;0.0;30.938429;6232408
1534;14:53:51.442;1.5;30.941090;6232944
1535;14:53:51.611;0.0;30.941090;6232944
1536;14:53:51.780;0.0;30.941090;6232724
1537;14:53:51.950;0.0;30.941249;6232976
1538;14:53:52.119;0.0;30.941269;6232980
1539;14:53:52.289;0.0;30.941269;6232980
1540;14:53:52.458;0.0;30.942242;6233176
1541;14:53:52.627;0.0;30.942083;6233144
1542;14:53:52.797;0.0;30.942083;6233144
1543;14:53:52.967;1.4;30.942162;6233160
1544;14:53:53.136;3.0;30.942083;6233144
1545;14:53:53.312;1.5;30.940832;6232892
1546;14:53:53.481;0.0;30.940633;6232632
1547;14:53:53.655;1.5;30.939263;6232576
1548;14:53:53.829;3.0;30.938608;6232444
1549;14:53:54.000;0.0;30.938926;6232508
1550;14:53:54.169;1.5;30.934657;6231648
1551;14:53:54.338;1.5;30.937159;6232152
1552;14:53:54.507;0.0;30.937159;6232404
1553;14:53:54.676;0.0;30.938410;6232184
1554;14:53:54.845;0.0;30.937178;6232156
1555;14:53:55.014;1.5;30.937178;6232156
1556;14:53:55.183;1.5;30.937178;6232156
1557;14:53:55.352;1.5;30.938429;6232188
1558;14:53:55.521;0.0;30.938449;6232412
1559;14:53:55.691;0.0;30.937754;6232272
1560;14:53:55.859;0.0;30.937377;6232196
1561;14:53:56.028;1.6;30.937615;6232244
1562;14:53:56.197;0.0;30.937397;6232200
1563;14:53:56.366;0.0;30.940117;6232748
1564;14:53:56.535;0.0;30.940097;6232744
1565;14:53:56.705;1.4;30.940097;6232524
1566;14:53:56.874;0.0;30.941507;6233028
1567;14:53:57.042;0.0;30.941309;6232988
1568;14:53:57.211;1.5;30.940157;6232756
1569;14:53:57.381;0.0;30.939958;6232716
1570;14:53:57.550;1.5;30.938171;6232356
1571;14:53:57.718;0.0;30.937655;6232104
1572;14:53:57.887;1.4;30.937655;6232300
1573;14:53:58.057;0.0;30.938648;6232452
1574;14:53:58.226;0.0;30.937893;6232300
1575;14:53:58.394;0.0;30.940395;6232804
1576;14:53:58.564;0.0;30.940395;6232804
1577;14:53:58.732;0.0;30.940395;6232804
1578;14:53:58.901;0.0;30.940395;6232584
1579;14:53:59.071;1.5;30.939303;6232364
1580;14:53:59.240;0.0;30.937159;6232152
1581;14:53:59.409;0.0;30.937159;6232152
1582;14:53:59.579;0.0;30.937337;6232188
1583;14:53:59.748;0.0;30.937337;6232188
1584;14:53:59.917;1.5;30.937397;6232200
1585;14:54:00.086;1.6;30.937278;6232176
1586;14:54:00.256;0.0;30.937357;6232192
1587;14:54:00.426;0.0;30.936265;6231972
1588;14:54:00.596;0.0;30.935094;6231736
1589;14:54:00.765;0.0;30.934955;6231708
1590;14:54:00.934;1.5;30.936205;6231960
1591;14:54:01.103;0.0;30.936205;6231968
1592;14:54:01.272;1.5;30.936205;6231960
1593;14:54:01.442;0.0;30.936205;6231960
1594;14:54:01.611;0.0;30.936245;6232008
1595;14:54:01.781;1.4;30.936106;6231940
1596;14:54:01.950;0.0;30.933763;6231720
1597;14:54:02.120;3.1;30.935312;6231720
1598;14:54:02.290;1.5;30.934180;6232056
1599;14:54:02.459;2.9;30.934617;6231892
1600;14:54:02.629;1.6;30.933108;6231336
1601;14:54:02.799;1.5;30.934260;6231820
1602;14:54:02.970;0.0;30.935669;6232120
1603;14:54:03.140;1.6;30.939383;6232380
1604;14:54:03.309;0.0;30.938132;6232200
1605;14:54:03.478;0.0;30.937973;6232316
1606;14:54:03.648;0.0;30.939343;6232592
1607;14:54:03.818;1.6;30.939224;6232568
1608;14:54:03.987;0.0;30.939224;6232568
1609;14:54:04.157;1.6;30.939661;6232656
1610;14:54:04.327;1.5;30.936841;6232340
1611;14:54:04.496;0.0;30.937000;6232120
1612;14:54:04.665;1.6;30.937000;6232120
1613;14:54:04.834;0.0;30.938370;6232176
1614;14:54:05.003;0.0;30.940713;6232868
1615;14:54:05.172;0.0;30.940832;6232892
1616;14:54:05.342;0.0;30.940792;6232884
1617;14:54:05.511;0.0;30.940951;6232916
1618;14:54:05.680;0.0;30.941070;6232720
1619;14:54:05.849;0.0;30.938628;6232448
1620;14:54:06.018;1.6;30.936642;6232048
1621;14:54:06.187;0.0;30.938271;6232376
1622;14:54:06.359;0.0;30.938310;6232384
1623;14:54:06.529;0.0;30.938350;6232392
1624;14:54:06.698;0.0;30.938290;6232380
1625;14:54:06.867;0.0;30.938251;6232372
1626;14:54:07.037;0.0;30.937238;6232168
1627;14:54:07.206;0.0;30.939621;6232648
1628;14:54:07.375;0.0;30.939283;6232580
1629;14:54:07.545;0.0;30.938191;6232360
1630;14:54:07.714;1.6;30.938032;6232328
1631;14:54:07.883;1.6;30.938251;6232372
1632;14:54:08.053;1.6;30.938092;6232340
1633;14:54:08.222;0.0;30.938251;6232372
1634;14:54:08.392;0.0;30.938251;6232372
1635;14:54:08.561;0.0;30.938251;6232152
1636;14:54:08.730;0.0;30.938271;6232376
1637;14:54:08.899;1.6;30.938112;6232344
1638;14:54:09.068;1.6;30.938390;6232400
1639;14:54:09.237;0.0;30.938271;6232376
1640;14:54:09.406;1.5;30.938231;6232368
1641;14:54:09.576;1.5;30.938231;6232368
1642;14:54:09.746;0.0;30.938231;6232628
1643;14:54:09.915;1.6;30.940892;6233164
1644;14:54:10.084;0.0;30.940355;6232644
1645;14:54:10.254;1.5;30.937715;6232044
1646;14:54:10.423;1.6;30.935689;6231856
1647;14:54:10.592;1.5;30.934716;6231660
1648;14:54:10.761;1.4;30.932790;6231052
1649;14:54:10.930;1.5;30.935014;6231988
1650;14:54:11.099;1.5;30.934359;6231588
1651;14:54:11.268;0.0;30.932512;6231216
1652;14:54:11.437;1.6;30.933247;6231364
1653;14:54:11.606;1.5;30.937000;6232120
1654;14:54:11.776;0.0;30.936066;6231932
1655;14:54:11.945;1.5;30.936881;6232096
1656;14:54:12.114;1.5;30.938171;6232356
1657;14:54:12.283;1.5;30.938132;6232348
1658;14:54:12.453;0.0;30.938132;6232348
1659;14:54:12.622;1.6;30.938132;6232348
1660;14:54:12.792;0.0;30.938171;6232356
1661;14:54:12.961;1.6;30.937973;6232316
1662;14:54:13.130;1.6;30.939224;6232568
1663;14:54:13.301;1.5;30.939065;6232388
1664;14:54:13.470;1.6;30.937814;6232284
1665;14:54:13.638;1.6;30.937814;6232284
1666;14:54:13.808;0.0;30.940395;6232804
1667;14:54:13.977;0.0;30.940296;6232784
1668;14:54:14.146;1.6;30.940336;6232792
1669;14:54:14.315;1.6;30.940296;6232784
1670;14:54:14.484;1.6;30.940296;6232564
1671;14:54:14.653;0.0;30.939025;6232528
1672;14:54:14.822;0.0;30.939025;6232528
1673;14:54:14.991;1.5;30.939025;6232528
1674;14:54:15.161;0.0;30.937973;6232096
1675;14:54:15.330;0.0;30.937993;6232320
1676;14:54:15.499;0.0;30.937993;6232320
1677;14:54:15.667;0.0;30.937993;6232320
1678;14:54:15.837;0.0;30.937834;6232288
1679;14:54:16.006;0.0;30.939005;6232524
1680;14:54:16.175;1.6;30.938032;6232328
1681;14:54:16.344;1.5;30.937993;6232100
1682;14:54:16.513;0.0;30.936761;6232072
1683;14:54:16.682;1.5;30.936722;6232064
1684;14:54:16.850;1.5;30.936761;6232072
1685;14:54:17.020;1.5;30.936920;6232356
1686;14:54:17.189;0.0;30.938211;6232144
1687;14:54:17.358;0.0;30.936960;6232112
1688;14:54:17.526;1.3;30.938807;6232484
1689;14:54:17.696;0.0;30.939541;6232632
1690;14:54:17.866;0.0;30.939581;6232640
1691;14:54:18.034;0.0;30.939422;6232608
1692;14:54:18.203;1.6;30.939700;6232664
1693;14:54:18.372;1.5;30.939740;6232672
1694;14:54:18.541;0.0;30.939700;6232664
1695;14:54:18.710;0.0;30.939700;6232664
1696;14:54:18.880;0.0;30.939541;6232632
1697;14:54:19.049;0.0;30.939700;6232664
1698;14:54:19.218;1.6;30.939581;6232640
1699;14:54:19.388;1.6;30.939561;6232636
1700;14:54:19.558;1.5;30.938390;6232400
1701;14:54:19.727;3.1;30.938390;6232252
1702;14:54:19.898;2.8;30.937953;6232312
1703;14:54:20.080;0.0;30.939581;6232640
1704;14:54:20.252;1.5;30.942460;6233000
1705;14:54:20.424;7.5;30.943394;6233628
1706;14:54:20.596;3.1;30.940534;6232612
1707;14:54:20.769;3.2;30.938350;6232392
1708;14:54:20.943;3.0;30.944108;6233552
1709;14:54:21.116;1.6;30.942162;6233160
1710;14:54:21.289;0.0;30.942182;6232944
1711;14:54:21.459;1.5;30.940276;6232632
1712;14:54:21.631;0.0;30.939442;6232612
1713;14:54:21.804;0.0;30.939383;6232600
1714;14:54:21.973;0.0;30.939541;6232632
1715;14:54:22.146;2.9;30.940137;6232752
1716;14:54:22.319;0.0;30.940137;6232752
1717;14:54:22.492;1.6;30.940058;6233004
1718;14:54:22.661;1.5;30.944486;6233628
1719;14:54:22.832;0.0;30.945776;6233888
1720;14:54:23.002;0.0;30.944605;6233652
1721;14:54:23.174;1.6;30.945955;6233924
1722;14:54:23.343;1.5;30.947365;6234208
1723;14:54:23.513;3.0;30.945995;6233932
1724;14:54:23.685;2.9;30.945955;6233924
1725;14:54:23.855;1.6;30.947146;6234164
1726;14:54:24.024;2.9;30.945240;6233560
1727;14:54:24.197;1.6;30.942659;6233260
1728;14:54:24.369;1.5;30.942023;6233132
1729;14:54:24.541;0.0;30.941904;6233108
1730;14:54:24.715;2.9;30.941428;6233012
1731;14:54:24.887;1.6;30.941507;6233384
1732;14:54:25.058;0.0;30.940594;6233112
1733;14:54:25.230;12.7;30.942341;6233196
1734;14:54:25.404;1.4;30.947762;6234464
1735;14:54:25.575;4.3;30.942242;6232956
1736;14:54:25.746;0.0;30.942043;6232988
1737;14:54:25.919;4.5;30.943354;6233652
1738;14:54:26.093;4.6;30.967916;6238364
1739;14:54:26.269;3.3;31.004353;6245940
1740;14:54:26.446;3.1;31.063049;6259528
1741;14:54:26.617;1.6;31.074029;6259724
1742;14:54:26.795;1.5;31.073950;6259968
1743;14:54:26.966;1.6;31.076253;6260172
1744;14:54:27.136;3.2;31.073553;6259628
1745;14:54:27.307;0.0;31.076293;6260180
1746;14:54:27.478;0.0;31.076055;6260132
1747;14:54:27.649;0.0;31.076055;6260132
1748;14:54:27.820;1.6;31.075876;6260096
1749;14:54:27.993;1.6;31.079132;6260752
1750;14:54:28.164;1.4;31.079291;6260564
1751;14:54:28.334;2.9;31.091543;6263252
1752;14:54:28.509;0.0;31.094045;6263756
1753;14:54:28.679;1.5;31.095296;6264008
1754;14:54:28.851;1.5;31.096467;6264244
1755;14:54:29.022;0.0;31.097758;6264284
1756;14:54:29.193;1.5;31.101193;6267228
1757;14:54:29.364;1.5;31.122698;6269528
1758;14:54:29.537;1.6;31.131534;6271560
1759;14:54:29.713;1.6;31.150457;6275120
1760;14:54:29.885;0.0;31.457696;6339028
1761;14:54:30.056;1.6;31.530729;6352000
1762;14:54:30.228;3.1;31.534541;6352272
1763;14:54:30.399;0.0;31.533628;6352088
1764;14:54:30.569;0.0;31.534203;6352424
1765;14:54:30.741;1.6;31.535295;6352644
1766;14:54:30.912;0.0;31.534243;6352432
1767;14:54:31.082;0.0;31.535137;6352612
1768;14:54:31.254;0.0;31.556185;6356852
1769;14:54:31.424;0.0;31.557753;6356800
1770;14:54:31.595;0.0;31.554000;6356412
1771;14:54:31.766;0.0;31.555251;6356664
1772;14:54:31.936;0.0;31.555490;6356712
1773;14:54:32.107;0.0;31.555529;6356720
1774;14:54:32.278;1.6;31.556502;6356916
1775;14:54:32.448;0.0;31.557753;6357168
1776;14:54:32.621;0.0;31.556522;6356920
1777;14:54:32.791;0.0;31.556522;6356920
1778;14:54:32.961;0.0;31.556363;6356888
1779;14:54:33.132;0.0;31.556522;6356920
1780;14:54:33.304;1.5;31.560474;6357716
1781;14:54:33.474;0.0;31.560116;6357644
1782;14:54:33.643;1.5;31.559262;6357472
1783;14:54:33.816;0.0;31.557515;6356900
1784;14:54:33.986;0.0;31.557416;6357100
1785;14:54:34.156;0.0;31.557634;6357144
1786;14:54:34.325;0.0;31.557972;6356840
1787;14:54:34.495;1.6;31.556661;6356800
1788;14:54:34.666;0.0;31.559719;6357564
1789;14:54:34.835;1.5;31.558845;6357388
1790;14:54:35.011;0.0;31.560096;6357640
1791;14:54:35.183;1.6;31.561407;6357904
1792;14:54:35.352;3.1;31.562161;6357988
1793;14:54:35.525;0.0;31.559759;6357824
1794;14:54:35.695;1.5;31.560354;6357692
1795;14:54:35.874;1.5;31.557952;6357208
1796;14:54:36.046;3.2;31.558389;6357296
1797;14:54:36.217;1.5;31.558389;6357564
1798;14:54:36.387;0.0;31.558071;6357232
1799;14:54:36.559;0.0;31.560414;6357484
1800;14:54:36.729;0.0;31.557932;6357204
1801;14:54:36.899;0.0;31.588451;6363352
1802;14:54:37.071;0.0;31.660332;6381904
1803;14:54:37.241;3.1;32.027438;6451784
1804;14:54:37.417;1.5;32.026684;6451900
1805;14:54:37.588;0.0;32.030437;6452388
1806;14:54:37.759;0.0;32.030477;6452396
1807;14:54:37.931;0.0;32.029206;6452140
1808;14:54:38.101;0.0;32.029206;6452140
1809;14:54:38.271;3.0;32.030457;6452392
1810;14:54:38.443;0.0;32.031708;6452424
1811;14:54:38.613;0.0;32.029245;6452148
1812;14:54:38.784;1.6;32.029484;6452196
1813;14:54:38.955;0.0;32.029245;6452148
1814;14:54:39.125;1.5;32.030496;6452180
1815;14:54:39.298;1.5;32.032422;6452788
1816;14:54:39.467;1.6;32.031410;6452584
1817;14:54:39.636;0.0;32.030437;6452388
1818;14:54:39.805;1.5;32.029940;6452140
1819;14:54:39.974;1.6;32.038459;6454004
1820;14:54:40.146;1.5;32.039094;6454132
1821;14:54:40.317;1.5;32.039055;6454124
1822;14:54:40.487;0.0;32.036632;6453636
1823;14:54:40.656;3.0;32.037248;6453792
1824;14:54:40.832;3.1;32.040663;6454716
1825;14:54:41.008;1.6;32.042847;6454888
1826;14:54:41.181;1.5;32.042212;6454760
1827;14:54:41.352;1.5;32.042410;6454800
1828;14:54:41.528;0.0;32.044714;6455264
1829;14:54:41.705;6.0;32.040345;6454680
1830;14:54:41.877;1.5;32.040901;6454496
1831;14:54:42.048;1.5;32.041735;6454976
1832;14:54:42.219;2.9;32.037823;6453876
1833;14:54:42.397;1.6;32.039472;6454208
1834;14:54:42.572;3.0;32.039174;6454684
1835;14:54:42.742;1.6;32.042569;6454832
1836;14:54:42.913;1.5;32.040921;6454752
1837;14:54:43.088;3.0;32.044158;6455152
1838;14:54:43.266;4.5;32.043304;6454980
1839;14:54:43.446;0.0;32.042013;6454720
1840;14:54:43.616;4.5;32.042470;6454812
1841;14:54:43.786;4.4;32.038538;6454020
1842;14:54:43.959;1.5;32.033594;6453276
1843;14:54:44.129;1.6;32.031549;6452612
1844;14:54:44.300;1.6;32.035580;6453424
1845;14:54:44.471;1.6;32.037545;6453820
1846;14:54:44.640;0.0;32.035858;6453480
1847;14:54:44.810;3.1;32.035024;6453312
1848;14:54:44.981;0.0;32.036275;6453816
1849;14:54:45.150;0.0;32.037526;6453816
1850;14:54:45.320;0.0;32.039769;6453940
1851;14:54:45.493;0.0;32.042192;6454456
1852;14:54:45.663;1.6;32.041954;6454708
1853;14:54:45.832;1.5;32.042271;6454772
1854;14:54:46.002;1.6;32.043522;6455024
1855;14:54:46.171;0.0;32.041914;6454700
1856;14:54:46.341;0.0;32.041914;6454700
1857;14:54:46.513;0.0;32.041914;6454700
1858;14:54:46.683;1.5;32.041715;6454660
1859;14:54:46.852;0.0;32.042053;6454728
1860;14:54:47.022;1.5;32.043403;6454780
1861;14:54:47.191;0.0;32.041596;6454636
1862;14:54:47.361;0.0;32.041874;6454692
1863;14:54:47.530;0.0;32.041517;6454620
1864;14:54:47.700;0.0;32.041437;6454604
1865;14:54:47.869;0.0;32.041358;6454588
1866;14:54:48.038;1.6;32.041040;6454524
1867;14:54:48.207;1.4;32.040822;6454480
1868;14:54:48.376;4.3;32.038995;6454112
1869;14:54:48.550;3.0;32.038916;6454332
1870;14:54:48.729;3.2;32.038638;6454292
1871;14:54:48.900;1.6;32.040722;6454460
1872;14:54:49.070;1.6;32.042470;6454812
1873;14:54:49.240;4.5;32.042251;6454768
1874;14:54:49.409;1.5;32.037049;6454004
1875;14:54:49.581;0.0;32.036870;6453532
1876;14:54:49.752;0.0;32.037307;6453772
1877;14:54:49.922;1.5;32.041060;6454528
1878;14:54:50.092;0.0;32.041060;6454528
1879;14:54:50.261;0.0;32.041060;6454308
1880;14:54:50.431;1.5;32.039968;6454308
1881;14:54:50.601;1.5;32.039928;6454300
1882;14:54:50.770;0.0;32.037982;6453908
1883;14:54:50.940;1.5;32.037982;6453908
1884;14:54:51.109;1.3;32.037823;6453876
1885;14:54:51.278;1.6;32.038022;6453916
1886;14:54:51.447;1.5;32.039630;6454492
1887;14:54:51.618;0.0;32.042093;6454516
1888;14:54:51.787;0.0;32.043105;6454720
1889;14:54:51.956;0.0;32.042132;6454744
1890;14:54:52.125;0.0;32.041894;6454476
1891;14:54:52.295;1.6;32.043105;6454940
1892;14:54:52.464;0.0;32.043105;6454940
1893;14:54:52.633;1.5;32.042946;6454908
1894;14:54:52.803;0.0;32.041695;6454656
1895;14:54:52.973;0.0;32.041576;6454632
1896;14:54:53.142;0.0;32.043661;6455052
1897;14:54:53.312;0.0;32.043641;6455048
1898;14:54:53.483;0.0;32.042907;6454900
1899;14:54:53.653;1.5;32.041080;6454532
1900;14:54:53.830;3.1;32.040663;6454448
1901;14:54:54.000;0.0;32.041556;6454628
1902;14:54:54.172;1.6;32.041179;6455000
1903;14:54:54.347;0.0;32.040861;6454596
1904;14:54:54.519;1.6;32.041576;6454732
1905;14:54:54.692;0.0;32.041993;6454716
1906;14:54:54.864;0.0;32.037684;6453848
1907;14:54:55.034;0.0;32.037029;6453716
1908;14:54:55.205;3.1;32.035441;6453248
1909;14:54:55.376;3.1;32.034547;6453216
1910;14:54:55.545;1.5;32.035163;6453340
1911;14:54:55.714;0.0;32.049400;6456208
1912;14:54:55.884;0.0;32.049201;6456168
1913;14:54:56.053;1.6;32.049201;6456168
1914;14:54:56.223;0.0;32.048308;6455988
1915;14:54:56.393;0.0;32.047712;6455648
1916;14:54:56.562;1.6;32.047930;6455912
1917;14:54:56.732;0.0;32.047930;6455912
1918;14:54:56.901;0.0;32.048089;6455944
1919;14:54:57.071;0.0;32.045885;6455500
1920;14:54:57.240;3.1;32.042132;6454744
1921;14:54:57.410;1.5;32.042867;6454892
1922;14:54:57.581;1.5;32.042549;6455096
1923;14:54:57.750;0.0;32.045726;6455468
1924;14:54:57.921;1.5;32.046461;6455616
1925;14:54:58.091;1.5;32.045210;6455364
1926;14:54:58.260;1.5;32.045806;6455484
1927;14:54:58.430;0.0;32.044714;6455264
1928;14:54:58.603;0.0;32.046362;6455596
1929;14:54:58.780;1.5;32.047613;6456108
1930;14:54:58.957;3.0;32.047553;6455836
1931;14:54:59.134;1.4;32.049042;6456136
1932;14:54:59.311;1.4;32.050651;6456460
1933;14:54:59.490;3.2;32.049261;6456180
1934;14:54:59.661;0.0;32.053411;6457016
1935;14:54:59.830;4.7;32.051107;6456552
1936;14:55:00.000;3.0;32.048367;6456000
1937;14:55:00.171;1.6;32.047434;6456064
1938;14:55:00.341;0.0;32.049420;6456212
1939;14:55:00.510;0.0;32.050671;6456464
1940;14:55:00.679;1.5;32.051922;6456716
1941;14:55:00.850;1.6;32.051882;6456708
1942;14:55:01.019;1.5;32.053808;6456944
1943;14:55:01.188;0.0;32.051604;6456432
1944;14:55:01.358;0.0;32.051306;6456592
1945;14:55:01.527;1.6;32.052557;6456844
1946;14:55:01.697;0.0;32.052557;6456844
1947;14:55:01.866;1.5;32.052557;6456844
1948;14:55:02.036;1.6;32.052557;6456844
1949;14:55:02.206;0.0;32.051465;6456624
1950;14:55:02.377;0.0;32.050273;6456384
1951;14:55:02.546;0.0;32.053709;6457076
1952;14:55:02.715;1.6;32.053391;6457012
1953;14:55:02.886;0.0;32.051842;6456700
1954;14:55:03.056;1.6;32.050651;6456460
1955;14:55:03.227;0.0;32.049102;6456148
1956;14:55:03.396;1.6;32.050611;6456232
1957;14:55:03.565;4.5;32.051882;6456708
1958;14:55:03.739;4.6;32.052239;6456560
1959;14:55:03.912;1.5;32.052041;6456740
1960;14:55:04.086;2.9;32.051564;6456644
1961;14:55:04.257;1.5;32.055714;6457480
1962;14:55:04.434;4.5;32.057124;6457764
1963;14:55:04.608;1.5;32.065067;6459364
1964;14:55:04.784;6.0;32.052438;6456652
1965;14:55:04.957;4.3;32.053014;6456936
1966;14:55:05.128;9.2;32.051882;6456708
1967;14:55:05.302;5.2;32.052239;6456780
1968;14:55:05.474;7.6;32.054423;6457220
1969;14:55:05.645;9.3;32.054066;6457148
1970;14:55:05.817;8.2;32.055456;6457428
1971;14:55:05.990;11.4;32.055456;6457428
1972;14:55:06.161;13.9;32.056985;6457888
1973;14:55:06.333;13.0;32.055099;6457356
1974;14:55:06.504;6.6;32.054106;6457156
1975;14:55:06.676;11.8;32.054423;6457176
1976;14:55:06.849;9.0;32.053053;6456944
1977;14:55:07.021;8.8;32.054920;6457320
1978;14:55:07.193;6.2;32.054086;6457432
1979;14:55:07.367;1.5;32.055357;6457188
1980;14:55:07.541;6.1;32.054126;6457160
1981;14:55:07.712;0.0;32.052875;6456908
1982;14:55:07.884;0.0;32.055099;6457356
1983;14:55:08.055;3.3;32.053212;6457160
1984;14:55:08.229;0.0;32.054443;6457476
1985;14:55:08.401;1.6;32.058156;6457972
1986;14:55:08.572;0.0;32.057045;6457748
1987;14:55:08.744;1.6;32.060301;6458404
1988;14:55:08.921;1.7;32.057978;6457936
1989;14:55:09.095;0.0;32.054622;6456092
1990;14:55:09.267;3.5;32.050134;6456576
1991;14:55:09.441;1.9;32.051068;6456544
1992;14:55:09.612;1.9;32.051862;6456988
1993;14:55:09.786;0.0;32.052517;6456936
1994;14:55:09.958;0.0;32.056072;6457552
1995;14:55:10.130;3.6;32.056230;6457584
1996;14:55:10.303;2.0;32.055317;6457400
1997;14:55:10.476;0.0;32.056707;6457680
1998;14:55:10.648;1.9;32.052716;6456876
1999;14:55:10.819;1.9;32.050770;6456484
2000;14:55:10.991;1.9;32.050154;6456360
2001;14:55:11.164;1.8;32.052974;6456928
2002;14:55:11.337;1.9;32.053669;6457068
2003;14:55:11.510;1.9;32.054900;6457096
2004;14:55:11.682;0.0;32.050631;6456616
2005;14:55:11.853;0.0;32.052140;6456760
2006;14:55:12.025;0.0;32.051941;6456500
2007;14:55:12.198;3.6;32.051385;6456608
2008;14:55:12.370;3.3;32.050949;6456772
2009;14:55:12.541;0.0;32.053609;6456904
2010;14:55:12.713;5.4;32.054523;6456836
2011;14:55:12.883;3.4;32.051822;6457084
2012;14:55:13.058;1.7;32.053768;6457708
2013;14:55:13.231;1.8;32.053232;6457276
2014;14:55:13.402;0.0;32.057203;6457484
2015;14:55:13.573;1.8;32.056131;6457564
2016;14:55:13.746;0.0;32.055694;6457476
2017;14:55:13.917;1.6;32.057481;6457836
2018;14:55:14.093;1.6;32.056945;6457728
2019;14:55:14.266;0.0;32.055337;6457184
2020;14:55:14.438;3.4;32.054503;6457236
2021;14:55:14.610;0.0;32.055694;6457716
2022;14:55:14.782;3.3;32.057303;6457800
2023;14:55:14.954;4.6;32.066198;6459548
2024;14:55:15.130;0.0;32.063260;6459000
2025;14:55:15.307;3.0;32.063756;6459296
2026;14:55:15.477;0.0;32.062128;6458880
2027;14:55:15.649;0.0;32.064868;6459324
2028;14:55:15.821;3.2;32.065047;6459212
2029;14:55:15.992;3.1;32.064233;6459196
2030;14:55:16.164;4.7;32.064928;6458964
2031;14:55:16.339;6.3;32.060936;6458532
2032;14:55:16.510;3.1;32.061989;6459248
2033;14:55:16.682;3.0;32.064292;6459208
2034;14:55:16.859;3.0;32.063339;6458996
2035;14:55:17.036;1.6;32.066178;6459588
2036;14:55:17.212;6.6;32.063994;6459228
2037;14:55:17.384;4.4;32.061195;6458584
2038;14:55:17.555;1.4;32.064471;6459244
2039;14:55:17.728;6.1;32.070150;6460388
2040;14:55:17.900;3.2;32.063875;6458620
2041;14:55:18.079;3.0;32.061691;6458536
2042;14:55:18.251;0.0;32.058494;6458300
2043;14:55:18.420;4.6;32.059407;6458224
2044;14:55:18.591;3.0;32.101424;6466808
2045;14:55:18.762;3.1;32.104720;6467744
2046;14:55:18.933;4.5;32.120824;6470624
2047;14:55:19.104;1.5;32.119156;6470260
2048;14:55:19.275;4.5;32.250069;6496876
2049;14:55:19.449;1.6;32.415831;6530024
2050;14:55:19.618;1.6;32.571387;6561628
2051;14:55:19.791;1.6;32.747057;6596536
2052;14:55:19.961;3.1;32.746760;6596956
2053;14:55:20.132;2.9;32.819077;6611256
2054;14:55:20.301;3.1;32.874119;6622196
2055;14:55:20.471;5.8;32.875171;6622824
2056;14:55:20.642;3.1;32.946516;6638944
2057;14:55:20.813;0.0;33.100761;6668096
2058;14:55:20.982;0.0;33.295593;6706952
2059;14:55:21.152;4.5;33.324305;6713396
2060;14:55:21.321;4.5;33.407583;6729808
2061;14:55:21.492;1.5;33.406849;6729660
2062;14:55:22.165;4.4;33.404784;6729504
2063;14:55:22.341;2.9;33.403731;6729136
2064;14:55:22.513;4.4;33.402520;6728788
2065;14:55:22.683;4.5;33.405896;6729468
2066;14:55:22.855;1.5;33.410185;6730836
2067;14:55:23.027;1.6;33.421999;6732416
2068;14:55:23.197;3.0;33.584346;6765268
2069;14:55:23.368;1.5;33.678049;6784144
2070;14:55:23.540;1.5;33.706999;6789936
2071;14:55:23.710;1.6;33.705570;6789836
2072;14:55:23.882;2.9;33.704100;6789540
2073;14:55:24.052;3.1;33.702611;6789476
2074;14:55:24.224;3.0;33.703107;6789340
2075;14:55:24.396;0.0;33.857631;6820468
2076;14:55:24.567;4.4;33.856777;6820556
2077;14:55:24.739;4.5;33.860430;6821032
2078;14:55:24.909;3.0;33.859994;6820944
2079;14:55:25.080;4.6;33.862694;6821488
2080;14:55:25.251;4.3;33.861999;6821348
2081;14:55:25.424;3.0;33.864243;6821800
2082;14:55:25.594;3.0;33.860152;6821488
2083;14:55:25.766;3.1;33.863766;6821704
2084;14:55:25.937;1.5;33.870736;6822812
2085;14:55:26.108;3.0;33.869822;6822924
2086;14:55:26.281;2.9;33.866348;6822224
2087;14:55:26.453;3.0;33.876574;6824560
2088;14:55:26.625;4.5;33.881955;6825368
2089;14:55:26.796;1.6;33.891267;6827244
2090;14:55:26.966;2.9;33.891307;6827252
2091;14:55:27.160;4.5;33.910826;6831184
2092;14:55:27.334;3.1;33.923733;6833784
2093;14:55:27.504;1.5;33.925004;6833712
2094;14:55:27.675;4.5;33.943927;6837816
2095;14:55:27.845;0.0;34.017316;6852308
2096;14:55:28.015;1.5;34.057387;6860708
2097;14:55:28.185;4.4;34.057506;6860732
2098;14:55:28.355;2.9;34.057625;6860608
2099;14:55:28.526;1.5;34.067593;6862764
2100;14:55:28.696;1.6;34.075953;6864708
2101;14:55:28.866;3.0;34.088859;6867292
2102;14:55:29.037;1.5;34.088403;6867068
2103;14:55:29.208;3.0;34.091262;6867628
2104;14:55:29.378;4.5;34.092533;6867492
2105;14:55:29.550;4.5;34.102163;6869972
2106;14:55:29.722;1.5;34.095313;6868592
2107;14:55:29.894;3.1;34.094419;6868420
2108;14:55:30.065;1.6;34.112449;6871920
2109;14:55:30.236;3.0;34.104367;6870172
2110;14:55:30.407;4.4;34.117909;6873144
2111;14:55:30.578;4.6;34.126527;6874880
2112;14:55:30.749;1.5;34.127202;6874772
2113;14:55:30.919;3.0;34.137587;6876780
2114;14:55:31.091;3.0;34.227875;6895824
2115;14:55:31.262;3.1;34.228252;6894516
2116;14:55:31.433;5.8;34.225929;6894912
2117;14:55:31.604;3.0;34.228867;6895512
2118;14:55:31.776;4.3;34.235996;6896948
2119;14:55:31.947;1.5;34.236770;6897216
2120;14:55:32.119;2.9;34.250511;6898988
2121;14:55:32.293;1.6;34.281070;6905472
2122;14:55:32.464;1.4;34.279601;6905472
2123;14:55:32.634;7.1;34.277238;6905708
2124;14:55:32.806;3.0;34.280474;6906168
2125;14:55:32.978;4.6;34.281408;6905948
2126;14:55:33.148;3.1;34.278588;6905268
2127;14:55:33.318;0.0;34.281249;6905996
2128;14:55:33.489;5.8;34.281130;6906024
2129;14:55:33.661;7.5;34.282341;6906528
2130;14:55:33.834;5.8;34.282301;6906692
2131;14:55:34.006;1.6;34.283155;6906188
2132;14:55:34.176;3.0;34.283016;6906160
2133;14:55:34.346;0.0;34.619762;6973996
2134;14:55:34.515;1.5;34.619464;6974032
2135;14:55:34.685;2.9;34.621232;6974536
2136;14:55:34.855;0.0;34.622006;6974448
2137;14:55:35.025;0.0;34.621966;6974440
2138;14:55:35.195;1.6;34.622522;6974552
2139;14:55:35.365;0.0;34.622125;6974324
2140;14:55:35.534;1.5;34.620139;6974072
2141;14:55:35.704;1.6;34.619623;6974236
2142;14:55:35.874;0.0;34.620914;6974080
2143;14:55:36.043;0.0;34.622125;6974472
2144;14:55:36.213;1.6;34.621251;6974000
2145;14:55:36.382;0.0;34.621966;6974292
2146;14:55:36.553;1.4;34.623217;6974692
2147;14:55:36.722;0.0;34.624468;6974796
2148;14:55:36.892;0.0;34.621966;6974292
2149;14:55:37.061;0.0;34.620676;6974032
2150;14:55:37.230;1.5;34.623098;6974520
2151;14:55:37.404;1.6;34.622761;6974600
2152;14:55:37.574;1.6;34.624309;6974912
2153;14:55:37.747;1.5;34.619742;6973992
2154;14:55:37.918;1.6;34.621966;6974440
2155;14:55:38.089;0.0;34.623217;6974692
2156;14:55:38.258;0.0;34.625580;6975172
2157;14:55:38.433;0.0;34.624150;6974880
2158;14:55:38.604;0.0;34.623773;6974804
2159;14:55:38.778;1.6;34.623058;6974512
2160;14:55:38.948;0.0;34.624309;6975440
2161;14:55:39.122;3.0;34.625719;6975456
2162;14:55:39.293;1.5;34.622483;6974788
2163;14:55:39.468;1.5;34.623376;6974976
2164;14:55:39.643;1.5;34.625878;6975080
2165;14:55:39.819;1.5;34.625143;6975324
2166;14:55:39.997;1.5;34.628896;6976080
2167;14:55:40.173;1.6;34.629055;6975868
2168;14:55:40.346;1.5;34.627447;6975820
2169;14:55:40.519;1.6;34.627288;6975364
2170;14:55:40.688;1.5;34.625918;6975088
2171;14:55:40.862;1.5;34.625759;6975472
2172;14:55:41.036;0.0;34.626732;6975400
2173;14:55:41.209;1.6;34.627050;6975316
2174;14:55:41.385;0.0;34.624786;6975268
2175;14:55:41.559;1.5;34.626950;6975608
2176;14:55:41.732;0.0;34.628976;6975852
2177;14:55:41.905;0.0;34.628539;6975616
2178;14:55:42.077;1.6;34.627566;6975568
2179;14:55:42.249;0.0;34.626772;6975676
2180;14:55:42.418;0.0;34.628797;6975816
2181;14:55:42.588;1.6;34.628042;6975664
2182;14:55:42.758;3.1;34.623495;6974748
2183;14:55:42.927;0.0;34.634754;6977016
2184;14:55:43.097;1.4;34.633741;6976812
2185;14:55:43.266;0.0;34.647244;6979532
2186;14:55:43.437;1.6;34.657410;6981580
2187;14:55:43.607;0.0;34.657450;6981588
2188;14:55:43.777;0.0;34.657569;6981612
2189;14:55:43.947;1.5;34.677783;6985684
2190;14:55:44.117;3.1;34.676611;6985448
2191;14:55:44.286;3.0;34.681417;6986716
2192;14:55:44.457;3.1;34.680741;6986280
2193;14:55:44.628;3.0;34.679431;6985868
2194;14:55:44.799;2.9;34.679788;6986040
2195;14:55:44.971;3.1;34.679054;6985940
2196;14:55:45.142;1.6;34.678796;6985740
2197;14:55:45.313;3.1;34.710784;6992036
2198;14:55:45.483;0.0;34.729370;6996076
2199;14:55:45.653;1.6;34.789952;7008432
2200;14:55:45.824;1.6;34.792931;7008880
2201;14:55:45.997;1.5;34.793407;7008828
2202;14:55:46.165;0.0;34.791680;7008628
2203;14:55:46.335;0.0;34.790985;7008192
2204;14:55:46.504;0.0;34.791680;7008628
2205;14:55:46.675;0.0;34.792394;7008472
2206;14:55:46.844;0.0;34.790429;7008228
2207;14:55:47.013;1.4;34.789674;7008224
2208;14:55:47.183;0.0;34.791640;7008620
2209;14:55:47.353;1.5;34.794062;7008740
2210;14:55:47.523;0.0;34.791580;7008608
2211;14:55:47.693;0.0;34.790230;7008336
2212;14:55:47.863;1.5;34.789436;7008176
2213;14:55:48.033;0.0;34.789078;7008104
2214;14:55:48.202;1.6;34.787252;7007736
2215;14:55:48.372;0.0;34.787768;7007840
2216;14:55:48.543;0.0;34.787887;7007864
2217;14:55:48.713;1.5;34.787947;7008144
2218;14:55:48.882;1.5;34.789039;7008096
2219;14:55:49.052;0.0;34.790806;7008232
2220;14:55:49.222;1.6;34.788125;7008164
2221;14:55:49.392;1.5;34.787907;7007972
2222;14:55:49.563;0.0;34.788463;7007684
2223;14:55:49.732;0.0;34.785842;7007156
2224;14:55:49.901;0.0;34.787212;7007432
2225;14:55:50.071;0.0;34.785723;7007132
2226;14:55:50.241;1.5;34.786934;7007672
2227;14:55:50.410;0.0;34.786716;7007628
2228;14:55:50.579;0.0;34.787391;7007468
2229;14:55:50.748;0.0;34.786021;7007488
2230;14:55:50.917;0.0;34.787966;7007732
2231;14:55:51.087;0.0;34.787232;7007612
2232;14:55:51.257;0.0;34.788522;7008276
2233;14:55:51.427;1.5;34.799166;7010136
2234;14:55:51.596;0.0;34.799980;7010300
2235;14:55:51.766;3.1;34.800635;7010432
2236;14:55:51.935;1.6;34.800635;7010432
2237;14:55:52.105;0.0;34.799900;7009988
2238;14:55:52.275;0.0;34.801171;7010540
2239;14:55:52.444;0.0;34.800000;7010156
2240;14:55:52.614;1.5;34.801985;7010704
2241;14:55:52.784;0.0;34.799424;7010448
2242;14:55:52.953;1.6;34.799086;7009972
2243;14:55:53.123;0.0;34.799086;7010120
2244;14:55:53.293;1.6;34.799821;7010268
2245;14:55:53.464;0.0;34.800079;7010172
2246;14:55:53.634;1.6;34.799761;7010256
2247;14:55:53.804;1.5;34.802581;7010824
2248;14:55:53.973;1.6;34.801906;7010540
2249;14:55:54.143;1.5;34.799662;7009820
2250;14:55:54.315;2.9;34.797041;7009968
2251;14:55:54.487;3.0;34.797994;7009936
2252;14:55:54.657;1.6;34.799523;7010460
2253;14:55:54.827;3.1;34.798788;7009912
2254;14:55:54.997;1.5;34.795790;7009700
2255;14:55:55.167;3.1;34.796664;7009988
2256;14:55:55.337;1.6;34.802799;7010572
2257;14:55:55.507;0.0;34.801012;7010508
2258;14:55:55.677;0.0;34.799761;7010108
2259;14:55:55.846;1.5;34.801012;7010508
2260;14:55:56.017;3.0;34.801648;7010636
2261;14:55:56.186;5.9;34.802283;7010468
2262;14:55:56.358;1.6;34.801211;7010584
2263;14:55:56.528;0.0;34.800178;7010340
2264;14:55:56.698;0.0;34.800992;7010504
2265;14:55:56.868;1.5;34.799702;7010244
2266;14:55:57.037;0.0;34.799702;7010096
2267;14:55:57.207;0.0;34.800039;7010312
2268;14:55:57.376;1.6;34.800933;7010492
2269;14:55:57.545;1.5;34.801469;7010452
2270;14:55:57.715;1.5;34.798034;7009908
2271;14:55:57.885;0.0;34.800536;7010264
2272;14:55:58.054;0.0;34.801171;7010540
2273;14:55:58.225;4.4;34.801270;7010560
2274;14:55:58.396;4.7;34.800833;7010472
2275;14:55:58.566;3.2;34.801846;7010380
2276;14:55:58.737;4.6;34.801211;7010548
2277;14:55:58.909;4.8;34.800893;7010324
2278;14:55:59.080;1.5;34.800119;7010328
2279;14:55:59.251;3.0;34.798113;7010076
2280;14:55:59.423;6.8;34.802700;7010848
2281;14:55:59.602;3.1;34.797617;7010076
2282;14:55:59.776;7.6;34.797617;7010108
2283;14:55:59.949;5.7;34.799980;7010300
2284;14:56:00.121;1.5;34.802482;7010508
2285;14:56:00.291;1.5;34.801330;7010564
2286;14:56:00.461;4.5;34.801588;7010476
2287;14:56:00.632;1.5;34.797537;7010112
2288;14:56:00.805;3.2;34.801588;7010624
2289;14:56:00.975;2.7;34.800496;7010256
2290;14:56:01.145;4.7;34.800436;7010392
2291;14:56:01.315;11.3;34.799940;7010292
2292;14:56:01.486;3.0;34.802640;7010800
2293;14:56:01.658;1.6;34.802084;7010724
2294;14:56:01.827;0.0;34.800873;7010480
2295;14:56:01.996;1.5;34.800754;7010160
2296;14:56:02.166;1.6;34.797418;7010028
2297;14:56:02.335;3.1;34.800059;7010020
2298;14:56:02.507;4.4;34.801648;7010636
2299;14:56:02.677;1.5;34.800953;7010200
2300;14:56:02.847;2.9;34.802402;7010788
2301;14:56:03.017;0.0;34.800953;7010496
2302;14:56:03.186;1.5;34.800953;7010496
2303;14:56:03.356;0.0;34.803494;7011008
2304;14:56:03.526;0.0;34.801787;7010664
2305;14:56:03.697;0.0;34.802045;7010416
2306;14:56:03.870;1.6;34.798848;7010072
2307;14:56:04.040;0.0;34.800814;7010468
2308;14:56:04.209;0.0;34.799245;7010152
2309;14:56:04.380;3.1;34.798828;7010068
2310;14:56:04.548;0.0;34.800337;7010372
2311;14:56:04.721;0.0;34.801866;7010532
2312;14:56:04.895;1.5;34.800397;7010236
2313;14:56:05.065;0.0;34.799305;7010164
2314;14:56:05.237;1.6;34.800873;7010332
2315;14:56:05.410;0.0;34.798232;7010072
2316;14:56:05.579;0.0;34.799324;7010168
2317;14:56:05.748;1.4;34.797597;7009672
2318;14:56:05.917;0.0;34.795393;7009556
2319;14:56:06.086;1.5;34.797200;7009740
2320;14:56:06.256;0.0;34.795611;7009420
2321;14:56:06.427;1.5;34.798848;7009924
2322;14:56:06.601;1.4;34.797438;7009788
2323;14:56:06.770;0.0;34.800317;7010320
2324;14:56:06.939;1.6;34.799027;7010352
2325;14:56:07.109;0.0;34.802779;7010872
2326;14:56:07.278;1.6;34.802660;7011108
2327;14:56:07.450;2.9;34.803951;7011100
2328;14:56:07.619;1.6;34.800377;7010380
2329;14:56:07.788;3.1;34.799801;7010264
2330;14:56:07.957;5.6;34.799662;7010236
2331;14:56:08.129;1.5;34.799821;7010120
2332;14:56:08.298;1.5;34.797021;7009704
2333;14:56:08.468;1.6;34.798292;7009960
2334;14:56:08.641;3.1;34.800695;7010712
2335;14:56:08.813;3.0;34.800258;7010356
2336;14:56:08.984;1.6;34.795631;7009620
2337;14:56:09.155;3.1;34.796743;7009648
2338;14:56:09.324;0.0;34.797994;7009752
2339;14:56:09.494;4.5;34.797100;7009980
2340;14:56:09.665;3.1;34.798768;7010056
2341;14:56:09.837;3.0;34.796366;7009840
2342;14:56:10.007;1.5;34.797498;7010068
2343;14:56:10.179;7.2;34.797339;7009768
2344;14:56:10.359;3.3;34.798153;7009932
2345;14:56:10.531;4.5;34.799682;7010240
2346;14:56:10.701;3.1;34.802164;7010592
2347;14:56:10.870;1.5;34.801072;7010520
2348;14:56:11.041;3.1;34.800595;7010424
2349;14:56:11.211;4.5;34.797279;7009992
2350;14:56:11.383;3.0;34.800019;7010308
2351;14:56:11.553;1.6;34.800476;7010652
2352;14:56:11.727;4.6;34.799126;7009968
2353;14:56:11.900;1.6;34.798649;7009736
2354;14:56:12.073;4.5;34.797895;7009880
2355;14:56:12.245;1.5;34.797041;7009708
2356;14:56:12.418;0.0;34.799225;7010000
2357;14:56:12.592;0.0;34.799364;7010176
2358;14:56:12.763;1.6;34.797557;7009812
2359;14:56:12.932;0.0;34.797676;7009836
2360;14:56:13.101;0.0;34.797200;7009860
2361;14:56:13.270;0.0;34.798987;7010100
2362;14:56:13.441;0.0;34.799404;7010156
2363;14:56:13.610;6.0;34.799880;7010280
2364;14:56:13.785;6.1;34.797498;7010076
2365;14:56:13.956;4.4;34.799761;7010256
2366;14:56:14.127;4.3;34.801628;7010840
2367;14:56:14.299;5.7;34.800814;7010468
2368;14:56:14.470;5.5;34.798768;7010556
2369;14:56:14.643;0.0;34.799503;7009908
2370;14:56:14.813;4.7;34.800099;7010324
2371;14:56:14.986;3.1;34.801310;7010568
2372;14:56:15.157;0.0;34.802581;7010824
2373;14:56:15.328;1.3;34.801012;7010508
2374;14:56:15.502;3.1;34.803177;7010944
2375;14:56:15.675;0.0;34.801926;7010692
2376;14:56:15.844;1.5;34.800754;7010456
2377;14:56:16.014;1.5;34.803117;7010636
2378;14:56:16.188;4.6;34.796763;7009652
2379;14:56:16.360;1.5;34.800158;7010188
2380;14:56:16.530;0.0;34.799424;7010188
2381;14:56:16.700;2.9;34.798868;7010296
2382;14:56:16.869;1.6;34.798510;7010004
2383;14:56:17.039;1.6;34.800258;7010328
2384;14:56:17.209;1.5;34.799622;7010080
2385;14:56:17.379;0.0;34.798888;7010080
2386;14:56:17.549;3.0;34.799940;7009996
2387;14:56:17.719;0.0;34.800556;7010268
2388;14:56:17.888;0.0;34.800158;7010336
2389;14:56:18.057;0.0;34.801072;7010520
2390;14:56:18.227;0.0;34.801072;7010520
2391;14:56:18.396;0.0;34.799821;7010268
2392;14:56:18.564;0.0;34.799225;7010268
2393;14:56:18.733;1.6;34.799861;7009980
2394;14:56:18.902;1.5;34.801072;7010224
2395;14:56:19.071;0.0;34.800297;7010216
2396;14:56:19.241;1.5;34.798967;7010096
2397;14:56:19.410;0.0;34.798967;7010096
2398;14:56:19.581;3.1;34.797716;7009844
2399;14:56:19.751;0.0;34.796942;7009688
2400;14:56:19.921;0.0;34.795730;7009444
2401;14:56:20.090;0.0;34.797716;7009844
2402;14:56:20.260;1.5;34.797716;7009696
2403;14:56:20.430;0.0;34.796465;7009860
2404;14:56:20.598;0.0;34.800158;7010336
2405;14:56:20.768;0.0;34.799900;7010284
2406;14:56:20.937;0.0;34.798649;7010032
2407;14:56:21.107;0.0;34.798649;7010032
2408;14:56:21.277;1.5;34.796783;7009916
2409;14:56:21.446;1.6;34.797557;7009812
2410;14:56:21.615;0.0;34.796187;7009388
2411;14:56:21.784;1.5;34.799404;7010184
2412;14:56:21.954;0.0;34.799662;7010088
2413;14:56:22.125;1.6;34.803613;7010736
2414;14:56:22.295;0.0;34.801211;7010664
2415;14:56:22.464;0.0;34.800019;7010552
2416;14:56:22.635;0.0;34.802422;7010644
2417;14:56:22.806;1.4;34.800635;7010676
2418;14:56:22.975;3.1;34.802521;7010812
2419;14:56:23.145;0.0;34.803157;7010940
2420;14:56:23.315;1.6;34.802204;7010748
2421;14:56:23.485;0.0;34.801270;7010264
2422;14:56:23.654;3.2;34.803415;7010844
2423;14:56:23.825;0.0;34.804328;7011028
2424;14:56:23.996;1.5;34.802501;7010512
2425;14:56:24.168;2.9;34.801945;7010696
2426;14:56:24.338;0.0;34.802422;7010792
2427;14:56:24.507;3.0;34.801945;7010696
2428;14:56:24.677;1.6;34.797577;7009816
