ID; Time; Network interface; TBPS; RBPS
1;08:03:51.022;enp0s25;0;898
2;08:03:52.033;enp0s25;7233;28670
3;08:03:53.044;enp0s25;25742;575863
4;08:03:54.053;enp0s25;99487;2437026
5;08:03:55.067;enp0s25;80265;4429524
6;08:03:56.077;enp0s25;4480;3363788
7;08:03:57.089;enp0s25;93381;4689674
8;08:03:58.098;enp0s25;147965;7137700
9;08:03:59.106;enp0s25;81016;3614240
10;08:04:00.116;enp0s25;0;64
11;08:04:01.122;enp0s25;548;344
12;08:04:02.138;enp0s25;0;64
13;08:04:03.156;enp0s25;0;0
14;08:04:04.168;enp0s25;0;64
15;08:04:05.184;enp0s25;0;0
16;08:04:06.202;enp0s25;0;64
17;08:04:07.218;enp0s25;0;0
18;08:04:08.232;enp0s25;64;64
19;08:04:09.243;enp0s25;0;64
20;08:04:10.252;enp0s25;0;0
21;08:04:11.259;enp0s25;0;64
22;08:04:12.266;enp0s25;0;0
23;08:04:13.280;enp0s25;0;64
24;08:04:14.289;enp0s25;0;0
25;08:04:15.297;enp0s25;1758;7245
26;08:04:16.310;enp0s25;182926;6510308
27;08:04:17.318;enp0s25;163380;7156010
28;08:04:18.326;enp0s25;160580;7091532
29;08:04:19.335;enp0s25;161834;7075182
30;08:04:20.344;enp0s25;150064;6974688
31;08:04:21.352;enp0s25;157500;6913334
32;08:04:22.359;enp0s25;150640;6654116
33;08:04:23.367;enp0s25;133672;6161338
34;08:04:24.378;enp0s25;52850;2328581
35;08:04:25.387;enp0s25;0;64
36;08:04:26.396;enp0s25;0;0
37;08:04:27.402;enp0s25;0;64
38;08:04:28.410;enp0s25;0;0
39;08:04:29.418;enp0s25;0;64
40;08:04:30.424;enp0s25;64;64
41;08:04:31.433;enp0s25;0;64
42;08:04:32.441;enp0s25;0;0
43;08:04:33.448;enp0s25;0;64
44;08:04:34.458;enp0s25;0;0
45;08:04:35.466;enp0s25;0;64
46;08:04:36.472;enp0s25;0;0
47;08:04:37.479;enp0s25;0;64
48;08:04:38.486;enp0s25;1823;7653
49;08:04:39.499;enp0s25;7329;14774
50;08:04:40.510;enp0s25;1152;750
51;08:04:41.516;enp0s25;1652;7400
52;08:04:42.526;enp0s25;4272;4345
53;08:04:43.534;enp0s25;8146;66944
54;08:04:44.544;enp0s25;0;0
55;08:04:45.551;enp0s25;0;64
56;08:04:46.558;enp0s25;0;0
57;08:04:47.565;enp0s25;484;730
58;08:04:48.574;enp0s25;138212;4284598
59;08:04:49.582;enp0s25;177030;7137462
60;08:04:50.590;enp0s25;162020;7137398
61;08:04:51.598;enp0s25;175210;7126322
62;08:04:52.606;enp0s25;176324;7128550
63;08:04:53.614;enp0s25;176190;7128550
64;08:04:54.622;enp0s25;176050;7129600
65;08:04:55.630;enp0s25;174860;7122980
66;08:04:56.638;enp0s25;175980;7122916
67;08:04:57.645;enp0s25;173950;7092902
68;08:04:58.653;enp0s25;176260;7136284
69;08:04:59.660;enp0s25;176470;7137462
70;08:05:00.667;enp0s25;60550;2450668
71;08:05:01.674;enp0s25;0;64
72;08:05:02.688;enp0s25;0;0
73;08:05:03.696;enp0s25;64;128
74;08:05:04.703;enp0s25;0;0
75;08:05:05.710;enp0s25;0;64
76;08:05:06.717;enp0s25;0;0
77;08:05:07.724;enp0s25;0;64
78;08:05:08.731;enp0s25;0;0
79;08:05:09.740;enp0s25;0;64
80;08:05:10.751;enp0s25;0;0
81;08:05:11.766;enp0s25;0;64
82;08:05:12.782;enp0s25;2510;11076
83;08:05:13.792;enp0s25;44606;866933
84;08:05:14.801;enp0s25;96325;3573033
85;08:05:15.808;enp0s25;144818;6453222
86;08:05:16.820;enp0s25;147588;6368290
87;08:05:17.830;enp0s25;146759;7139218
88;08:05:18.837;enp0s25;45307;1783542
89;08:05:19.844;enp0s25;70;134
90;08:05:20.853;enp0s25;548;344
91;08:05:21.860;enp0s25;0;64
92;08:05:22.866;enp0s25;0;0
93;08:05:23.873;enp0s25;0;64
94;08:05:24.880;enp0s25;0;0
95;08:05:25.886;enp0s25;2954;8329
96;08:05:26.894;enp0s25;129047;5047247
97;08:05:27.904;enp0s25;163380;7160504
98;08:05:28.912;enp0s25;162330;7131978
99;08:05:29.920;enp0s25;163030;7154512
100;08:05:30.928;enp0s25;163310;7163436
101;08:05:31.937;enp0s25;161910;7169492
102;08:05:32.945;enp0s25;162330;7157444
103;08:05:33.953;enp0s25;161140;7120058
104;08:05:34.969;enp0s25;38500;1729052
105;08:05:35.978;enp0s25;64;128
106;08:05:36.986;enp0s25;0;0
107;08:05:37.999;enp0s25;0;64
108;08:05:39.010;enp0s25;0;0
109;08:05:40.021;enp0s25;0;64
110;08:05:41.030;enp0s25;0;0
111;08:05:42.039;enp0s25;0;64
112;08:05:43.046;enp0s25;0;0
113;08:05:44.052;enp0s25;0;64
114;08:05:45.059;enp0s25;1168;7297
115;08:05:46.071;enp0s25;8626;15334
116;08:05:47.079;enp0s25;274;344
117;08:05:48.096;enp0s25;1958;7601
118;08:05:49.104;enp0s25;0;0
119;08:05:50.115;enp0s25;0;64
120;08:05:51.128;enp0s25;0;0
121;08:05:52.138;enp0s25;9296;33902
122;08:05:53.145;enp0s25;2997;37179
123;08:05:54.152;enp0s25;0;64
124;08:05:55.158;enp0s25;0;0
125;08:05:56.165;enp0s25;0;64
126;08:05:57.172;enp0s25;13268;215719
127;08:05:58.179;enp0s25;181924;7035038
128;08:05:59.187;enp0s25;156594;6412184
129;08:06:00.195;enp0s25;170590;7137462
130;08:06:01.203;enp0s25;170590;7137398
131;08:06:02.211;enp0s25;170380;7137462
132;08:06:03.219;enp0s25;169960;7129600
133;08:06:04.227;enp0s25;163116;7136348
134;08:06:05.235;enp0s25;170590;7136348
135;08:06:06.243;enp0s25;171290;7137398
136;08:06:07.251;enp0s25;170100;7137462
137;08:06:08.258;enp0s25;164982;7075014
138;08:06:09.266;enp0s25;169814;7147552
139;08:06:10.279;enp0s25;3080;141419
140;08:06:11.286;enp0s25;0;64
141;08:06:12.293;enp0s25;70;0
142;08:06:13.300;enp0s25;0;134
143;08:06:14.307;enp0s25;0;0
144;08:06:15.315;enp0s25;0;64
145;08:06:16.322;enp0s25;0;0
146;08:06:17.329;enp0s25;0;64
147;08:06:18.336;enp0s25;925;556
148;08:06:19.343;enp0s25;36454;673948
149;08:06:20.355;enp0s25;75997;2508939
150;08:06:21.363;enp0s25;142253;6397562
151;08:06:22.370;enp0s25;137536;6030928
152;08:06:23.378;enp0s25;145655;7069390
153;08:06:24.386;enp0s25;81869;3535246
154;08:06:25.393;enp0s25;70;134
155;08:06:26.399;enp0s25;548;344
156;08:06:27.406;enp0s25;0;64
157;08:06:28.412;enp0s25;70;70
158;08:06:29.419;enp0s25;0;64
159;08:06:30.426;enp0s25;0;0
160;08:06:31.438;enp0s25;4202;73647
161;08:06:32.450;enp0s25;168740;6809908
162;08:06:33.458;enp0s25;160440;7111070
163;08:06:34.467;enp0s25;161840;7157444
164;08:06:35.476;enp0s25;161560;7151516
165;08:06:36.484;enp0s25;161490;7157444
166;08:06:37.493;enp0s25;160510;7162002
167;08:06:38.501;enp0s25;161840;7160440
168;08:06:39.508;enp0s25;160370;7093713
169;08:06:40.517;enp0s25;140;70
170;08:06:41.524;enp0s25;0;64
171;08:06:42.531;enp0s25;64;64
172;08:06:43.540;enp0s25;0;64
173;08:06:44.547;enp0s25;0;0
174;08:06:45.557;enp0s25;0;64
175;08:06:46.563;enp0s25;0;0
176;08:06:47.572;enp0s25;1893;8302
177;08:06:48.578;enp0s25;8111;14679
178;08:06:49.585;enp0s25;2496;7976
179;08:06:50.592;enp0s25;0;0
180;08:06:51.598;enp0s25;11949;70425
181;08:06:52.605;enp0s25;484;655
182;08:06:53.612;enp0s25;64;128
183;08:06:54.618;enp0s25;0;0
184;08:06:55.625;enp0s25;0;64
185;08:06:56.632;enp0s25;131948;4084642
186;08:06:57.639;enp0s25;175630;7137532
187;08:06:58.653;enp0s25;160590;7139626
188;08:06:59.661;enp0s25;174930;7126322
189;08:07:00.668;enp0s25;160888;6486822
190;08:07:01.678;enp0s25;139790;5886440
191;08:07:02.685;enp0s25;164010;6821022
192;08:07:03.693;enp0s25;163878;7133006
193;08:07:04.701;enp0s25;146434;5878642
194;08:07:05.710;enp0s25;159320;6530332
195;08:07:06.724;enp0s25;165200;6815452
196;08:07:07.733;enp0s25;167860;6944740
197;08:07:08.740;enp0s25;169330;7070258
198;08:07:09.748;enp0s25;210;305
199;08:07:10.755;enp0s25;0;0
200;08:07:11.762;enp0s25;0;64
201;08:07:12.769;enp0s25;0;0
202;08:07:13.776;enp0s25;0;64
203;08:07:14.783;enp0s25;0;0
204;08:07:15.790;enp0s25;64;128
205;08:07:16.796;enp0s25;0;0
Build Completed
