ID; Time; CPU %; MEM %; MEM KiB
1;08:10:09.131;19.4;11.721164;2360956
2;08:10:09.305;0.0;11.725155;2361980
3;08:10:09.473;0.0;11.722038;2361352
4;08:10:09.644;1.6;11.726228;2362196
5;08:10:09.814;1.4;11.724758;2361680
6;08:10:09.984;1.4;11.723547;2362260
7;08:10:10.154;1.6;11.726148;2362432
8;08:10:10.323;1.5;11.727657;2362484
9;08:10:10.492;0.0;11.727022;2362136
10;08:10:10.662;0.0;11.735818;2364128
11;08:10:10.830;1.5;11.734528;2363648
12;08:10:10.999;1.5;11.732184;2363704
13;08:10:11.168;1.5;11.845029;2386100
14;08:10:11.338;6.1;12.049829;2427628
15;08:10:11.508;1.6;12.052410;2427904
16;08:10:11.677;0.0;12.053423;2428108
17;08:10:11.846;1.5;12.053423;2428108
18;08:10:12.016;1.5;12.052211;2427864
19;08:10:12.185;1.6;12.052569;2427936
20;08:10:12.354;0.0;12.051199;2427660
21;08:10:12.523;1.5;12.052172;2427636
22;08:10:12.692;1.4;12.050921;2427604
23;08:10:12.861;0.0;12.052172;2427856
24;08:10:13.030;0.0;12.053423;2428108
25;08:10:13.199;0.0;12.053582;2427920
26;08:10:13.368;1.6;12.051556;2427732
27;08:10:13.537;1.6;12.054912;2428188
28;08:10:13.707;1.5;12.051675;2427756
29;08:10:13.876;1.5;12.052291;2427880
30;08:10:14.046;1.6;12.053045;2428032
31;08:10:14.217;3.1;12.052331;2427888
32;08:10:14.386;4.5;12.053899;2427984
33;08:10:14.555;4.5;12.052053;2427832
34;08:10:14.724;1.6;12.054793;2428384
35;08:10:14.895;3.1;12.054753;2428156
36;08:10:15.069;1.5;12.058705;2429172
37;08:10:15.247;0.0;12.058943;2429000
38;08:10:15.422;1.5;12.060194;2429740
39;08:10:15.599;1.5;12.061445;2429724
40;08:10:15.772;5.7;12.057156;2429060
41;08:10:15.945;0.0;12.059677;2429368
42;08:10:16.117;3.8;12.057533;2428496
43;08:10:16.289;1.7;12.058466;2429124
44;08:10:16.467;0.0;12.068017;2431048
45;08:10:16.645;1.5;12.075841;2432624
46;08:10:16.824;7.4;12.059002;2429232
47;08:10:17.001;1.8;12.056481;2428724
48;08:10:17.174;3.2;12.060889;2429612
49;08:10:17.348;0.0;12.055071;2428932
50;08:10:17.519;0.0;12.056798;2428788
51;08:10:17.692;0.0;12.058526;2429144
52;08:10:17.862;0.0;12.061862;2429808
53;08:10:18.033;0.0;12.058526;2428916
54;08:10:18.204;0.0;12.058049;2429264
55;08:10:18.375;0.0;12.058168;2429064
56;08:10:18.546;1.6;12.059856;2429412
57;08:10:18.723;0.0;12.058724;2428928
58;08:10:18.899;0.0;12.057553;2429248
59;08:10:19.070;1.8;12.059201;2429052
60;08:10:19.242;0.0;12.062179;2429872
61;08:10:19.418;1.5;12.066945;2431060
62;08:10:19.594;1.6;12.063966;2429776
63;08:10:19.774;3.4;12.056083;2428644
64;08:10:19.946;3.4;12.056203;2428644
65;08:10:20.118;1.8;12.055071;2428440
66;08:10:20.289;0.0;12.056401;2428928
67;08:10:20.461;1.7;12.056143;2429144
68;08:10:20.633;1.7;12.057672;2428964
69;08:10:20.806;0.0;12.057513;2429168
70;08:10:20.977;0.0;12.059181;2429048
71;08:10:21.147;6.2;12.060154;2429244
72;08:10:21.327;1.7;12.061087;2429652
73;08:10:21.499;0.0;12.057573;2428944
74;08:10:21.669;0.0;12.057712;2428972
75;08:10:21.841;1.7;12.059955;2429424
76;08:10:22.012;1.7;12.061326;2429700
77;08:10:22.183;0.0;12.061048;2429644
78;08:10:22.355;1.6;12.059022;2429016
79;08:10:22.527;0.0;12.059757;2429164
80;08:10:22.698;0.0;12.055845;2428596
81;08:10:22.872;1.6;12.058069;2429044
82;08:10:23.045;0.0;12.056639;2428756
83;08:10:23.217;0.0;12.055230;2428252
84;08:10:23.390;0.0;12.055527;2428824
85;08:10:23.561;0.0;12.059916;2429196
86;08:10:23.733;1.6;12.057195;2428900
87;08:10:23.905;0.0;12.058963;2429224
88;08:10:24.076;0.0;12.058486;2429128
89;08:10:24.248;3.1;12.058566;2429144
90;08:10:24.422;1.5;12.061604;2429756
91;08:10:24.599;0.0;12.070440;2431584
92;08:10:24.776;1.6;12.057215;2429400
93;08:10:24.947;4.7;12.060869;2429388
94;08:10:25.123;4.5;12.060392;2429292
95;08:10:25.299;1.6;12.057732;2429300
96;08:10:25.470;0.0;12.060214;2429256
97;08:10:25.643;0.0;12.059280;2429068
98;08:10:25.814;1.6;12.060472;2429528
99;08:10:25.987;0.0;12.057871;2429004
100;08:10:26.157;2.9;12.057176;2428864
101;08:10:26.329;1.5;12.057255;2428880
102;08:10:26.501;2.9;12.059519;2429336
103;08:10:26.674;2.8;12.059280;2429288
104;08:10:26.846;1.5;12.062438;2429924
105;08:10:27.018;1.5;12.061584;2429532
106;08:10:27.196;3.0;12.058149;2429384
107;08:10:27.374;3.1;12.059439;2428880
108;08:10:27.550;1.5;12.056759;2428780
109;08:10:27.721;1.4;12.058466;2429124
110;08:10:27.894;2.9;12.056183;2428664
111;08:10:28.065;1.4;12.056441;2428716
112;08:10:28.237;3.1;12.055964;2428620
113;08:10:28.412;3.0;12.058089;2429316
114;08:10:28.589;1.6;12.059340;2429544
115;08:10:28.762;4.3;12.059658;2429364
116;08:10:28.941;3.1;12.057017;2428832
117;08:10:29.113;8.7;12.062418;2429700
118;08:10:29.292;4.8;12.060809;2429896
119;08:10:29.466;4.6;12.061206;2429676
120;08:10:29.641;4.6;12.055905;2429160
121;08:10:29.815;4.6;12.058804;2429192
122;08:10:29.986;6.0;12.058705;2429172
123;08:10:30.162;6.8;12.059797;2429408
124;08:10:30.337;3.0;12.058923;2428996
125;08:10:30.513;1.4;12.060114;2429464
126;08:10:30.692;4.5;12.061087;2429692
127;08:10:30.868;4.2;12.061206;2429456
128;08:10:31.048;1.5;12.060313;2429496
129;08:10:31.225;6.1;12.061465;2429728
130;08:10:31.400;6.0;12.059975;2429428
131;08:10:31.577;5.6;12.060650;2429564
132;08:10:31.754;6.2;12.060472;2429528
133;08:10:31.927;4.3;12.059995;2429432
134;08:10:32.099;1.4;12.054376;2428324
135;08:10:32.271;2.9;12.059955;2429204
136;08:10:32.445;3.0;12.061981;2429612
137;08:10:32.620;7.5;12.061584;2429752
138;08:10:32.792;5.6;12.061465;2429728
139;08:10:32.965;1.5;12.062795;2429776
140;08:10:33.135;1.6;12.061544;2429744
141;08:10:33.307;4.8;12.079177;2433296
142;08:10:33.479;3.1;12.087894;2435052
143;08:10:33.651;4.5;12.097047;2437148
144;08:10:33.822;3.1;12.096352;2436756
145;08:10:33.992;6.1;12.104196;2438580
146;08:10:34.164;3.0;12.229053;2463488
147;08:10:34.334;0.0;12.394100;2496980
148;08:10:34.504;1.5;12.559247;2530004
149;08:10:34.673;3.0;12.712122;2563060
150;08:10:34.842;5.8;12.722408;2563140
151;08:10:35.014;4.4;12.773200;2573348
152;08:10:35.184;6.0;12.845399;2587648
153;08:10:35.356;3.1;12.849271;2588208
154;08:10:35.528;3.2;12.879909;2594600
155;08:10:35.697;3.1;13.044122;2629980
156;08:10:35.866;0.0;13.229284;2664760
157;08:10:36.035;4.3;13.280057;2675208
158;08:10:36.208;2.9;13.368835;2693352
159;08:10:36.380;1.5;13.369034;2693816
160;08:10:36.552;4.6;13.369848;2693296
161;08:10:36.723;7.4;13.371834;2693476
162;08:10:36.896;3.0;13.370027;2693576
163;08:10:37.066;5.9;13.367704;2693108
164;08:10:37.236;5.9;13.379141;2695168
165;08:10:37.406;1.5;13.459560;2711368
166;08:10:37.576;0.0;13.637037;2746620
167;08:10:37.747;3.1;13.641207;2748212
168;08:10:37.917;1.6;13.670058;2754064
169;08:10:38.087;3.2;13.669721;2753948
170;08:10:38.258;5.6;13.670654;2753672
171;08:10:38.432;4.5;13.669324;2753876
172;08:10:38.605;4.6;13.772597;2774208
173;08:10:38.775;4.3;13.822655;2784756
174;08:10:38.946;4.2;13.822576;2784460
175;08:10:39.116;4.5;13.820193;2784016
176;08:10:39.286;6.2;13.825912;2785420
177;08:10:39.458;5.9;13.821623;2784304
178;08:10:39.629;7.5;13.822596;2784744
179;08:10:39.800;5.9;13.822139;2784348
180;08:10:39.973;7.4;13.822973;2784820
181;08:10:40.143;6.1;13.833775;2786996
182;08:10:40.313;6.2;13.834053;2786808
183;08:10:40.484;6.2;13.842691;2789052
184;08:10:40.657;4.7;13.844577;2788968
185;08:10:40.827;4.3;13.854088;2790844
186;08:10:40.999;7.4;13.856987;2791100
187;08:10:41.169;6.1;13.864354;2792912
188;08:10:41.341;3.1;13.877042;2795468
189;08:10:41.511;3.2;13.876486;2795356
190;08:10:41.682;6.2;13.884747;2797020
191;08:10:41.853;1.5;13.916656;2803448
192;08:10:42.023;1.5;14.010498;2822352
193;08:10:42.193;2.9;14.019393;2824168
194;08:10:42.364;7.1;14.018937;2824052
195;08:10:42.539;4.6;14.017745;2823812
196;08:10:42.709;3.2;14.029719;2826156
197;08:10:42.879;1.5;14.039667;2828228
198;08:10:43.050;5.9;14.039210;2828160
199;08:10:43.221;4.5;14.039429;2827960
200;08:10:43.393;6.0;14.035795;2827716
201;08:10:43.564;5.9;14.037125;2827960
202;08:10:43.735;5.8;14.048940;2829580
203;08:10:43.905;3.0;14.057379;2831796
204;08:10:44.074;6.0;14.058451;2832012
205;08:10:44.245;7.5;14.069511;2834240
206;08:10:44.416;7.2;14.080412;2836436
207;08:10:44.587;7.4;14.088732;2838356
208;08:10:44.757;7.6;14.089447;2838256
209;08:10:44.928;5.8;14.098839;2840148
210;08:10:45.098;7.1;14.098462;2840844
211;08:10:45.270;7.2;14.193316;2859440
212;08:10:45.440;3.1;14.192999;2859116
213;08:10:45.610;5.8;14.194766;2859724
214;08:10:45.781;6.1;14.195362;2859852
215;08:10:45.951;3.1;14.204476;2861428
216;08:10:46.122;2.9;14.205171;2861568
217;08:10:46.292;6.1;14.213173;2863104
218;08:10:46.463;0.0;14.245857;2869436
219;08:10:46.633;1.5;14.255606;2871508
220;08:10:46.804;4.5;14.254256;2871984
221;08:10:46.976;6.2;14.255010;2871852
222;08:10:47.146;3.1;14.256103;2871828
223;08:10:47.317;3.1;14.259498;2872512
224;08:10:47.488;1.5;14.258624;2872580
225;08:10:47.657;3.3;14.256599;2871928
226;08:10:47.827;6.2;14.257929;2872196
227;08:10:47.999;6.3;14.258188;2871920
228;08:10:48.171;7.5;14.256122;2871832
229;08:10:48.342;1.5;14.264065;2873432
230;08:10:48.512;0.0;14.265276;2873676
231;08:10:48.682;0.0;14.263330;2873064
232;08:10:48.852;0.0;14.262079;2873032
233;08:10:49.022;4.3;14.282254;2877144
234;08:10:49.192;1.5;14.284756;2877380
235;08:10:49.361;0.0;14.315215;2883736
236;08:10:49.532;0.0;14.323853;2885476
237;08:10:49.701;2.9;14.335211;2887764
238;08:10:49.870;3.2;14.345357;2889580
239;08:10:50.041;1.6;14.357291;2892212
240;08:10:50.211;1.6;14.375162;2896072
241;08:10:50.380;1.5;14.384733;2897984
242;08:10:50.550;1.5;14.767109;2974776
243;08:10:50.720;1.5;14.768519;2975052
244;08:10:50.889;1.6;14.768678;2975084
245;08:10:51.059;1.5;14.768678;2975084
246;08:10:51.229;1.5;14.769611;2975540
247;08:10:51.398;0.0;14.770127;2975376
248;08:10:51.567;1.6;14.769611;2975068
249;08:10:51.736;0.0;14.787442;2979132
250;08:10:51.904;0.0;14.787601;2978896
251;08:10:52.074;0.0;14.787760;2978944
252;08:10:52.243;0.0;14.786986;2979032
253;08:10:52.412;1.6;14.789646;2979568
254;08:10:52.581;0.0;14.788534;2978864
255;08:10:52.751;1.5;14.789011;2979180
256;08:10:52.920;0.0;14.787641;2978904
257;08:10:53.091;2.7;14.788852;2979148
258;08:10:53.261;0.0;14.790361;2979452
259;08:10:53.430;3.0;14.790758;2979532
260;08:10:53.599;1.6;14.790599;2979060
261;08:10:53.768;1.6;14.792049;2979572
262;08:10:53.940;1.5;14.793300;2980068
263;08:10:54.116;1.5;14.793221;2980028
264;08:10:54.295;2.9;14.791930;2979784
265;08:10:54.472;1.5;14.796080;2980604
266;08:10:54.648;1.6;14.794035;2980192
267;08:10:54.821;3.0;14.790580;2979496
268;08:10:54.991;1.5;14.791989;2979560
269;08:10:55.161;1.5;14.792029;2979568
270;08:10:55.330;0.0;14.791831;2979528
271;08:10:55.499;0.0;14.789567;2979292
272;08:10:55.669;0.0;14.788237;2979268
273;08:10:55.839;0.0;14.788753;2979128
274;08:10:56.008;1.5;14.786986;2978772
275;08:10:56.177;0.0;14.787740;2978924
276;08:10:56.347;1.5;14.788991;2979176
277;08:10:56.516;0.0;14.790321;2979224
278;08:10:56.684;1.5;14.791493;2979680
279;08:10:56.853;1.6;14.790480;2979696
280;08:10:57.022;0.0;14.790401;2979240
281;08:10:57.191;0.0;14.790321;2979444
282;08:10:57.360;0.0;14.788991;2979176
283;08:10:57.529;1.6;14.791731;2979728
284;08:10:57.698;0.0;14.789071;2979192
285;08:10:57.866;0.0;14.790163;2979460
286;08:10:58.035;0.0;14.789071;2979192
287;08:10:58.204;1.6;14.789051;2979188
288;08:10:58.372;0.0;14.840975;2989648
289;08:10:58.541;1.6;14.860713;2993404
290;08:10:58.710;0.0;14.861964;2993656
291;08:10:58.878;0.0;14.869787;2995452
292;08:10:59.047;1.6;14.899810;3001500
293;08:10:59.217;1.4;14.930230;3007676
294;08:10:59.386;1.5;14.960730;3013772
295;08:10:59.555;0.0;14.972187;3016080
296;08:10:59.724;1.5;14.970718;3015784
297;08:10:59.893;1.6;15.056498;3033064
298;08:11:00.063;0.0;15.098176;3041460
299;08:11:00.233;0.0;15.162531;3054424
300;08:11:00.402;0.0;15.192475;3060456
301;08:11:00.572;0.0;15.191383;3060472
302;08:11:00.743;1.4;15.190291;3060016
303;08:11:00.913;1.6;15.189973;3059732
304;08:11:01.082;0.0;15.208856;3063536
305;08:11:01.252;0.0;15.208777;3063740
306;08:11:01.421;0.0;15.229150;3067844
307;08:11:01.593;0.0;15.232863;3068592
308;08:11:01.763;1.6;15.231533;3068104
309;08:11:01.933;1.6;15.230242;3068348
310;08:11:02.102;0.0;15.233022;3068624
311;08:11:02.271;0.0;15.231890;3068396
312;08:11:02.441;2.6;15.230798;3068176
313;08:11:02.610;0.0;15.232803;3068580
314;08:11:02.780;1.5;15.242970;3070408
315;08:11:02.949;0.0;15.244221;3070880
316;08:11:03.119;0.0;15.252978;3074472
317;08:11:03.289;1.6;15.260801;3074220
318;08:11:03.459;0.0;15.261933;3074448
319;08:11:03.628;0.0;15.263184;3074700
320;08:11:03.798;0.0;15.263045;3074940
321;08:11:03.967;0.0;15.264574;3075240
322;08:11:04.137;0.0;15.264276;3074960
323;08:11:04.307;1.5;15.261933;3074708
324;08:11:04.476;1.5;15.263422;3074748
325;08:11:04.646;1.5;15.273191;3076716
326;08:11:04.816;1.5;15.274323;3076724
327;08:11:04.986;1.5;15.273549;3076788
328;08:11:05.155;3.1;15.270213;3076116
329;08:11:05.325;0.0;15.271623;3076180
330;08:11:05.494;1.4;15.289930;3080356
331;08:11:05.664;0.0;15.294339;3080756
332;08:11:05.835;0.0;15.315605;3085260
333;08:11:06.005;1.6;15.325771;3087308
334;08:11:06.175;1.5;15.334528;3088852
335;08:11:06.344;1.6;15.334369;3088820
336;08:11:06.515;1.5;15.336216;3089412
337;08:11:06.684;0.0;15.335620;3089292
338;08:11:06.854;0.0;15.335660;3089300
339;08:11:07.024;1.4;15.335620;3089072
340;08:11:07.193;0.0;15.336871;3089544
341;08:11:07.364;0.0;15.334647;3089096
342;08:11:07.533;0.0;15.355179;3093232
343;08:11:07.703;0.0;15.353293;3092632
344;08:11:07.872;1.5;15.373467;3096916
345;08:11:08.042;0.0;15.397473;3101752
346;08:11:08.211;0.0;15.396421;3101540
347;08:11:08.381;1.6;15.396222;3101280
348;08:11:08.550;0.0;15.397672;3101792
349;08:11:08.720;1.6;15.396381;3101532
350;08:11:08.891;1.5;15.406389;3103548
351;08:11:09.061;0.0;15.407640;3103800
352;08:11:09.231;0.0;15.406548;3103580
353;08:11:09.401;1.4;15.407640;3103580
354;08:11:09.571;1.6;15.406548;3103580
355;08:11:09.741;1.5;15.407640;3103800
356;08:11:09.910;0.0;15.406071;3103484
357;08:11:10.080;0.0;15.407282;3103508
358;08:11:10.250;1.5;15.405217;3103312
359;08:11:10.420;0.0;15.407282;3103728
360;08:11:10.590;0.0;15.407441;3103540
361;08:11:10.759;1.6;15.414947;3105272
362;08:11:10.929;0.0;15.414947;3105272
363;08:11:11.098;1.5;15.425391;3107376
364;08:11:11.268;0.0;15.425113;3107320
365;08:11:11.437;1.6;15.424339;3107164
366;08:11:11.607;1.6;15.446340;3111376
367;08:11:11.776;1.6;15.445129;3111352
368;08:11:11.945;0.0;15.445446;3111196
369;08:11:12.114;1.5;15.456387;3113660
370;08:11:12.284;0.0;15.456546;3113652
371;08:11:12.453;1.5;15.455136;3113368
372;08:11:12.622;0.0;15.466911;3115740
373;08:11:12.791;0.0;15.465343;3115424
374;08:11:12.960;0.0;15.464251;3115716
375;08:11:13.129;0.0;15.467845;3115708
376;08:11:13.299;0.0;15.465819;3115788
377;08:11:13.469;0.0;15.467845;3115928
378;08:11:13.638;1.5;15.468162;3116228
379;08:11:13.808;0.0;15.469294;3116000
380;08:11:13.978;1.5;15.466752;3115708
381;08:11:14.148;1.4;15.466594;3115676
382;08:11:14.317;0.0;15.469096;3116180
383;08:11:14.488;0.0;15.468003;3115740
384;08:11:14.657;1.6;15.477892;3117732
385;08:11:14.827;0.0;15.480513;3118480
386;08:11:14.997;1.6;15.480553;3118488
387;08:11:15.166;0.0;15.498185;3122040
388;08:11:15.335;1.5;15.497987;3121780
389;08:11:15.504;0.0;15.497987;3122000
390;08:11:15.673;1.5;15.530829;3128396
391;08:11:15.843;0.0;15.529737;3128396
392;08:11:16.013;0.0;15.529578;3128144
393;08:11:16.184;0.0;15.529737;3128176
394;08:11:16.355;0.0;15.529578;3128144
395;08:11:16.525;0.0;15.529896;3128484
396;08:11:16.696;0.0;15.528486;3128144
397;08:11:16.865;0.0;15.529578;3128144
398;08:11:17.034;1.5;15.528486;3128144
399;08:11:17.203;1.4;15.528327;3128112
400;08:11:17.372;1.6;15.528327;3128380
401;08:11:17.542;1.6;15.529539;3128356
402;08:11:17.712;0.0;15.530829;3128396
403;08:11:17.882;0.0;15.530055;3128460
404;08:11:18.051;0.0;15.529578;3128144
405;08:11:18.223;0.0;15.530988;3128648
406;08:11:18.392;1.5;15.530988;3128428
407;08:11:18.562;1.4;15.534463;3129640
408;08:11:18.732;1.6;15.537263;3129912
409;08:11:18.902;0.0;15.536786;3129816
410;08:11:19.073;1.6;15.536310;3129792
411;08:11:19.242;1.5;15.536469;3129532
412;08:11:19.411;0.0;15.534900;3129436
413;08:11:19.581;3.1;15.535178;3129492
414;08:11:19.750;1.6;15.537223;3129904
415;08:11:19.920;0.0;15.537720;3129564
416;08:11:20.091;1.6;15.536131;3129684
417;08:11:20.261;1.6;15.539129;3130068
418;08:11:20.432;0.0;15.538037;3130068
419;08:11:20.603;0.0;15.540976;3130660
420;08:11:20.773;0.0;15.538434;3130148
421;08:11:20.944;1.5;15.537680;3129996
422;08:11:21.113;1.5;15.536905;3129840
423;08:11:21.285;0.0;15.535535;3129824
424;08:11:21.455;1.6;15.537362;3129932
425;08:11:21.626;3.1;15.535118;3129480
426;08:11:21.796;1.5;15.532021;3129260
427;08:11:21.966;6.0;15.544987;3131484
428;08:11:22.136;0.0;15.548919;3132040
429;08:11:22.306;1.4;15.538673;3130196
430;08:11:22.476;1.5;15.536469;3129752
431;08:11:22.646;1.5;15.537759;3130012
432;08:11:22.816;3.1;15.538117;3130084
433;08:11:22.985;1.5;15.536786;3129816
434;08:11:23.154;1.5;15.536985;3129856
435;08:11:23.323;1.5;15.533510;3129400
436;08:11:23.493;1.6;15.536330;3129724
437;08:11:23.663;1.6;15.539209;3130304
438;08:11:23.833;0.0;15.538812;3130224
439;08:11:24.002;2.9;15.538971;3130256
440;08:11:24.172;3.1;15.538355;3130612
441;08:11:24.341;3.0;15.538514;3130432
442;08:11:24.511;0.0;15.539765;3130416
443;08:11:24.681;1.5;15.538355;3130132
444;08:11:24.851;1.5;15.537481;3130200
445;08:11:25.020;0.0;15.539963;3130456
446;08:11:25.190;0.0;15.536091;3129944
447;08:11:25.359;1.6;15.537640;3130208
448;08:11:25.529;1.6;15.539388;3130340
449;08:11:25.699;3.0;15.538097;3130080
450;08:11:25.868;1.5;15.537144;3129888
451;08:11:26.038;0.0;15.539805;3130204
452;08:11:26.208;0.0;15.538871;3130016
453;08:11:26.377;1.5;15.549812;3132220
454;08:11:26.546;1.6;15.547310;3131716
455;08:11:26.716;0.0;15.545742;3131620
456;08:11:26.885;0.0;15.545742;3131620
457;08:11:27.055;1.6;15.545583;3131368
458;08:11:27.225;0.0;15.544173;3131304
459;08:11:27.394;0.0;15.555749;3133416
460;08:11:27.563;1.5;15.556067;3133700
461;08:11:27.733;0.0;15.557636;3134016
462;08:11:27.904;1.6;15.560296;3134552
463;08:11:28.073;1.5;15.559284;3134348
464;08:11:28.243;1.5;15.559125;3134316
465;08:11:28.413;1.5;15.557636;3134016
466;08:11:28.582;2.9;15.557516;3133992
467;08:11:28.752;1.5;15.557119;3133692
468;08:11:28.922;1.6;15.556107;3133708
469;08:11:29.091;1.6;15.557477;3133984
470;08:11:29.261;1.5;15.556861;3133860
471;08:11:29.431;1.6;15.556702;3133608
472;08:11:29.602;1.4;15.559284;3134348
473;08:11:29.772;1.5;15.558390;3134168
474;08:11:29.941;1.5;15.556822;3133852
475;08:11:30.110;0.0;15.555868;3133440
476;08:11:30.280;0.0;15.553843;3133252
477;08:11:30.450;1.6;15.558072;3133884
478;08:11:30.620;1.5;15.556742;3133836
479;08:11:30.789;3.2;15.555332;3133552
480;08:11:30.960;0.0;15.554657;3133196
481;08:11:31.130;1.4;15.554200;3133324
482;08:11:31.301;0.0;15.558728;3134236
483;08:11:31.470;1.6;15.558609;3133992
484;08:11:31.639;0.0;15.557755;3134096
485;08:11:31.809;3.0;15.556385;3133764
486;08:11:31.982;0.0;15.557477;3134252
487;08:11:32.152;0.0;15.558966;3134284
488;08:11:32.321;1.6;15.557636;3134016
489;08:11:32.490;3.1;15.558569;3133984
490;08:11:32.660;3.0;15.556544;3133576
491;08:11:32.832;1.6;15.559681;3134428
492;08:11:33.003;1.6;15.558906;3134272
493;08:11:33.172;0.0;15.556385;3133544
494;08:11:33.341;0.0;15.554498;3133384
495;08:11:33.511;1.5;15.556742;3133836
496;08:11:33.682;3.1;15.555690;3133624
497;08:11:33.852;3.0;15.555173;3133520
498;08:11:34.021;1.5;15.557159;3133920
499;08:11:34.190;1.6;15.557318;3133952
500;08:11:34.359;0.0;15.559820;3134236
501;08:11:34.529;1.5;15.558410;3134172
502;08:11:34.699;1.6;15.558430;3134380
503;08:11:34.869;3.0;15.555968;3133680
504;08:11:35.039;1.5;15.554935;3133388
505;08:11:35.209;1.5;15.553446;3133172
506;08:11:35.379;1.6;15.558648;3134220
507;08:11:35.550;1.6;15.555630;3133392
508;08:11:35.719;1.5;15.556841;3133636
509;08:11:35.888;1.5;15.554697;3133668
510;08:11:36.058;3.0;15.553446;3133464
511;08:11:36.228;1.6;15.557159;3133700
512;08:11:36.398;3.0;15.559959;3134484
513;08:11:36.567;0.0;15.559542;3134180
514;08:11:36.736;0.0;15.559780;3134448
515;08:11:36.906;2.9;15.558887;3134316
516;08:11:37.076;3.1;15.558251;3134140
517;08:11:37.246;0.0;15.558569;3134204
518;08:11:37.416;0.0;15.558569;3134252
519;08:11:37.585;3.0;15.556841;3133856
520;08:11:37.755;1.6;15.557914;3134072
521;08:11:37.924;1.6;15.558152;3134120
522;08:11:38.094;0.0;15.557377;3133964
523;08:11:38.263;1.5;15.557040;3133676
524;08:11:38.433;1.5;15.553684;3133900
525;08:11:38.604;3.1;15.556385;3133764
526;08:11:38.775;0.0;15.557636;3133796
527;08:11:38.944;1.5;15.557159;3133920
528;08:11:39.113;0.0;15.554816;3133448
529;08:11:39.284;1.6;15.556980;3133884
530;08:11:39.454;1.5;15.555590;3133604
531;08:11:39.623;2.9;15.558708;3134232
532;08:11:39.792;3.1;15.556405;3133768
533;08:11:39.963;3.1;15.556643;3133816
534;08:11:40.134;1.4;15.558986;3134612
535;08:11:40.305;1.6;15.559800;3134452
536;08:11:40.475;0.0;15.560197;3134312
537;08:11:40.644;1.4;15.557894;3134068
538;08:11:40.814;1.6;15.561805;3134856
539;08:11:40.984;3.0;15.558827;3134036
540;08:11:41.154;0.0;15.557894;3134068
541;08:11:41.323;1.5;15.558053;3134100
542;08:11:41.493;1.5;15.558013;3133872
543;08:11:41.662;1.5;15.559582;3134408
544;08:11:41.833;3.1;15.561686;3134612
545;08:11:42.003;0.0;15.560018;3134276
546;08:11:42.173;0.0;15.560416;3134576
547;08:11:42.344;1.6;15.557258;3133940
548;08:11:42.513;0.0;15.556127;3133972
549;08:11:42.684;1.5;15.557735;3134036
550;08:11:42.853;0.0;15.557556;3134000
551;08:11:43.023;0.0;15.557874;3133844
552;08:11:43.193;3.3;15.561329;3134760
553;08:11:43.362;1.5;15.558331;3133936
554;08:11:43.532;0.0;15.557516;3133992
555;08:11:43.702;0.0;15.560654;3134404
556;08:11:43.872;1.6;15.556107;3133708
557;08:11:44.043;0.0;15.557814;3133612
558;08:11:44.213;1.5;15.555630;3133392
559;08:11:44.382;0.0;15.565658;3135632
560;08:11:44.552;0.0;15.563176;3135132
561;08:11:44.723;1.5;15.564427;3135384
562;08:11:44.894;0.0;15.563950;3135288
563;08:11:45.064;0.0;15.565241;3135548
564;08:11:45.234;3.0;15.566650;3135612
565;08:11:45.404;0.0;15.564466;3135392
566;08:11:45.572;1.6;15.566015;3136012
567;08:11:45.742;1.6;15.568517;3136208
568;08:11:45.910;1.6;15.571535;3136816
569;08:11:46.081;0.0;15.568775;3136260
570;08:11:46.251;1.5;15.568835;3136272
571;08:11:46.420;0.0;15.567584;3136020
572;08:11:46.589;1.6;15.565241;3135548
573;08:11:46.759;1.6;15.568994;3136304
574;08:11:46.931;1.5;15.568517;3136208
575;08:11:47.101;1.5;15.565975;3135696
576;08:11:47.271;0.0;15.566611;3135824
577;08:11:47.441;1.5;15.566134;3135728
578;08:11:47.612;3.1;15.573719;3137036
579;08:11:47.782;1.6;15.568358;3136176
580;08:11:47.952;1.6;15.566948;3135932
581;08:11:48.122;0.0;15.566809;3135864
582;08:11:48.292;1.6;15.568239;3136152
583;08:11:48.463;1.6;15.565241;3135312
584;08:11:48.633;0.0;15.564327;3135616
585;08:11:48.803;4.7;15.569589;3136424
586;08:11:48.975;1.6;15.568219;3135900
587;08:11:49.145;0.0;15.569152;3136596
588;08:11:49.315;3.1;15.571158;3136740
589;08:11:49.486;0.0;15.566591;3135820
590;08:11:49.656;1.5;15.569649;3136436
591;08:11:49.827;0.0;15.567941;3136092
592;08:11:49.997;3.0;15.566392;3136096
593;08:11:50.167;1.5;15.568438;3136240
594;08:11:50.337;1.5;15.566849;3135872
595;08:11:50.507;3.0;15.569391;3136384
596;08:11:50.677;3.0;15.565320;3135480
597;08:11:50.848;1.6;15.565916;3135616
598;08:11:51.018;1.5;15.568199;3136060
599;08:11:51.188;0.0;15.568735;3136504
600;08:11:51.358;1.5;15.567564;3135652
601;08:11:51.527;1.6;15.565380;3135576
602;08:11:51.697;4.5;15.564129;3135280
603;08:11:51.867;1.5;15.568060;3136116
604;08:11:52.036;0.0;15.566849;3135652
605;08:11:52.205;3.0;15.567604;3135804
606;08:11:52.374;1.5;15.568557;3136216
607;08:11:52.544;1.6;15.565261;3135552
608;08:11:52.714;1.6;15.565896;3135680
609;08:11:52.883;0.0;15.567762;3136056
610;08:11:53.053;1.6;15.566670;3135836
611;08:11:53.222;0.0;15.569351;3136376
612;08:11:53.391;2.9;15.567445;3135992
613;08:11:53.562;3.1;15.569530;3135932
614;08:11:53.732;0.0;15.568080;3136120
615;08:11:53.902;0.0;15.568358;3135956
616;08:11:54.071;1.5;15.567345;3136240
617;08:11:54.241;1.6;15.568398;3136184
618;08:11:54.411;1.5;15.567623;3136076
619;08:11:54.582;1.6;15.566571;3135816
620;08:11:54.751;3.1;15.568418;3136188
621;08:11:54.921;3.0;15.567405;3135984
622;08:11:55.090;0.0;15.567643;3135812
623;08:11:55.260;0.0;15.565598;3135912
624;08:11:55.431;0.0;15.569669;3136220
625;08:11:55.601;0.0;15.566849;3135872
626;08:11:55.771;1.5;15.571059;3136720
627;08:11:55.940;1.6;15.568815;3136268
628;08:11:56.109;1.6;15.570046;3136296
629;08:11:56.280;0.0;15.565141;3135528
630;08:11:56.450;1.5;15.566531;3135808
631;08:11:56.620;1.5;15.567941;3136092
632;08:11:56.790;1.5;15.567008;3135904
633;08:11:56.960;1.6;15.568021;3135888
634;08:11:57.130;1.5;15.568358;3135956
635;08:11:57.299;1.6;15.568239;3136152
636;08:11:57.469;0.0;15.570046;3136516
637;08:11:57.639;1.6;15.570443;3136596
638;08:11:57.810;1.6;15.571039;3136496
639;08:11:57.981;3.1;15.569629;3136432
640;08:11:58.151;0.0;15.567723;3136048
641;08:11:58.320;1.3;15.568914;3136300
642;08:11:58.490;1.5;15.568835;3136272
643;08:11:58.661;1.6;15.569927;3136492
644;08:11:58.831;1.6;15.566273;3135756
645;08:11:59.002;1.5;15.566114;3135504
646;08:11:59.171;1.5;15.563612;3135220
647;08:11:59.340;1.5;15.567206;3135944
648;08:11:59.510;1.5;15.567524;3136008
649;08:11:59.680;1.6;15.565280;3135800
650;08:11:59.849;0.0;15.568299;3136164
651;08:12:00.019;0.0;15.567822;3136068
652;08:12:00.190;0.0;15.567286;3135792
653;08:12:00.360;1.6;15.564268;3135132
654;08:12:00.530;0.0;15.563056;3135368
655;08:12:00.698;0.0;15.564307;3135400
656;08:12:00.868;1.5;15.565678;3135636
657;08:12:01.037;0.0;15.568040;3135892
658;08:12:01.206;1.5;15.566114;3135764
659;08:12:01.375;0.0;15.566154;3135512
660;08:12:01.545;1.6;15.566154;3135732
661;08:12:01.714;1.4;15.565022;3135284
662;08:12:01.883;0.0;15.564446;3135388
663;08:12:02.052;1.6;15.566273;3135756
664;08:12:02.222;0.0;15.565022;3135504
665;08:12:02.391;0.0;15.564983;3135276
666;08:12:02.561;1.6;15.565042;3135508
667;08:12:02.731;1.5;15.565042;3135508
668;08:12:02.900;1.6;15.565360;3135572
669;08:12:03.069;1.5;15.565042;3135508
670;08:12:03.238;1.6;15.566293;3135760
671;08:12:03.407;1.5;15.567544;3135792
672;08:12:03.576;1.5;15.563255;3135424
673;08:12:03.746;0.0;15.564605;3135420
674;08:12:03.916;1.4;15.564963;3135272
675;08:12:04.085;0.0;15.565360;3135352
676;08:12:04.254;1.5;15.563513;3135200
677;08:12:04.424;1.5;15.566035;3135708
678;08:12:04.594;0.0;15.564764;3135720
679;08:12:04.763;1.4;15.564268;3135612
680;08:12:04.933;3.1;15.562858;3135336
681;08:12:05.102;0.0;15.562798;3135300
682;08:12:05.271;1.5;15.565618;3135624
683;08:12:05.441;1.4;15.566710;3135844
684;08:12:05.610;1.4;15.566551;3135592
685;08:12:05.779;1.5;15.567802;3136064
686;08:12:05.948;1.6;15.566710;3135844
687;08:12:06.117;0.0;15.565618;3135428
688;08:12:06.287;0.0;15.564367;3135152
689;08:12:06.459;3.1;15.564367;3135632
690;08:12:06.629;1.5;15.564228;3135604
691;08:12:06.799;3.0;15.565578;3135244
692;08:12:06.968;1.6;15.567008;3135904
693;08:12:07.139;1.5;15.568855;3136056
694;08:12:07.309;2.9;15.569212;3136348
695;08:12:07.477;0.0;15.569093;3136324
696;08:12:07.647;1.5;15.568477;3136200
697;08:12:07.816;0.0;15.567226;3135948
698;08:12:07.984;3.1;15.565975;3135696
699;08:12:08.154;1.4;15.566293;3135760
700;08:12:08.323;0.0;15.566134;3135508
701;08:12:08.491;0.0;15.564228;3135612
702;08:12:08.660;3.2;15.567226;3135728
703;08:12:08.829;1.5;15.565817;3135664
704;08:12:08.998;1.5;15.565161;3135312
705;08:12:09.167;1.5;15.567524;3135788
706;08:12:09.339;0.0;15.567226;3135948
707;08:12:09.508;0.0;15.565975;3135956
708;08:12:09.677;3.2;15.563831;3135264
709;08:12:09.846;0.0;15.563831;3135264
710;08:12:10.014;1.3;15.564228;3135344
711;08:12:10.183;0.0;15.563652;3135276
712;08:12:10.352;0.0;15.563652;3135008
713;08:12:10.521;3.1;15.565102;3135520
714;08:12:10.690;0.0;15.564903;3135520
715;08:12:10.859;0.0;15.564149;3135108
716;08:12:11.028;3.2;15.563573;3134992
717;08:12:11.198;1.5;15.562560;3135008
718;08:12:11.367;3.1;15.563811;3135780
719;08:12:11.541;1.7;15.568894;3136284
720;08:12:11.710;1.6;15.569272;3136360
721;08:12:11.879;0.0;15.569113;3136328
722;08:12:12.048;1.8;15.568815;3136268
723;08:12:12.222;1.9;15.567564;3136016
724;08:12:12.391;0.0;15.568815;3136268
725;08:12:12.564;0.0;15.567842;3136072
726;08:12:12.733;0.0;15.569788;3136464
727;08:12:12.902;1.5;15.571237;3136756
728;08:12:13.079;1.5;15.569907;3136488
729;08:12:13.256;0.0;15.568656;3136236
730;08:12:13.431;1.4;15.569947;3136276
731;08:12:13.611;0.0;15.568656;3136236
732;08:12:13.782;2.9;15.567882;3135860
733;08:12:13.953;0.0;15.563970;3135520
734;08:12:14.123;1.6;15.563930;3135284
735;08:12:14.292;0.0;15.564804;3135460
736;08:12:14.462;0.0;15.565697;3135420
737;08:12:14.632;3.0;15.566313;3136016
738;08:12:14.809;1.5;15.568815;3136268
739;08:12:14.988;2.9;15.567643;3136032
740;08:12:15.166;0.0;15.568755;3136500
741;08:12:15.344;1.6;15.570284;3136564
742;08:12:15.517;1.5;15.570483;3136604
743;08:12:15.692;1.5;15.569510;3136408
744;08:12:15.867;0.0;15.569828;3136472
745;08:12:16.043;1.5;15.569550;3136416
746;08:12:16.220;1.5;15.570800;3136668
747;08:12:16.398;1.6;15.570761;3136660
748;08:12:16.570;1.4;15.568100;3136124
749;08:12:16.740;0.0;15.567782;3136296
750;08:12:16.909;1.4;15.569748;3136456
751;08:12:17.085;1.5;15.570840;3136676
752;08:12:17.255;0.0;15.567802;3136064
753;08:12:17.424;1.5;15.567882;3135856
754;08:12:17.593;4.6;15.565201;3135540
755;08:12:17.763;1.6;15.568557;3136484
756;08:12:17.933;0.0;15.570245;3136776
757;08:12:18.103;1.6;15.571158;3136740
758;08:12:18.273;1.6;15.571138;3136736
759;08:12:18.445;1.5;15.572488;3137008
760;08:12:18.617;1.6;15.566571;3136068
761;08:12:18.787;1.4;15.566233;3135980
762;08:12:18.957;3.0;15.568279;3135940
763;08:12:19.127;1.5;15.569232;3136360
764;08:12:19.301;0.0;15.573799;3137272
765;08:12:19.474;0.0;15.571416;3136572
766;08:12:19.643;1.5;15.572429;3137044
767;08:12:19.813;0.0;15.571893;3136888
768;08:12:19.985;0.0;15.571198;3136748
769;08:12:20.158;1.5;15.570483;3136384
770;08:12:20.335;3.1;15.570125;3136312
771;08:12:20.507;1.5;15.567782;3136060
772;08:12:20.676;0.0;15.567882;3136080
773;08:12:20.846;1.5;15.567961;3135876
774;08:12:21.017;0.0;15.567822;3136068
775;08:12:21.187;1.6;15.568914;3136288
776;08:12:21.356;0.0;15.568795;3136044
777;08:12:21.526;1.5;15.569708;3136608
778;08:12:21.695;1.5;15.569073;3136320
779;08:12:21.865;0.0;15.568676;3135912
780;08:12:22.034;3.0;15.566432;3135788
781;08:12:22.208;3.0;15.569113;3136000
782;08:12:22.377;3.1;15.567683;3136096
783;08:12:22.546;3.0;15.567743;3135832
784;08:12:22.715;1.5;15.566928;3135888
785;08:12:22.884;1.6;15.566968;3135896
786;08:12:23.053;1.5;15.565797;3135660
787;08:12:23.293;0.0;15.565618;3135868
788;08:12:23.463;1.6;15.568001;3136104
789;08:12:23.632;1.5;15.566690;3135888
790;08:12:23.802;1.5;15.567028;3135908
791;08:12:23.971;3.0;15.565558;3135612
792;08:12:24.141;0.0;15.569430;3136392
793;08:12:24.310;1.5;15.569351;3136156
794;08:12:24.479;1.5;15.567465;3136516
795;08:12:24.650;2.9;15.567842;3136332
796;08:12:24.820;1.5;15.572210;3136952
797;08:12:24.991;3.0;15.568696;3136024
798;08:12:25.163;0.0;15.571436;3136576
799;08:12:25.333;1.6;15.570463;3136600
800;08:12:25.502;6.0;15.569133;3136340
801;08:12:25.671;3.2;15.567226;3135508
802;08:12:25.842;1.6;15.566432;3136064
803;08:12:26.011;0.0;15.566750;3135852
804;08:12:26.186;2.9;15.566353;3136024
805;08:12:26.355;3.0;15.570503;3136608
806;08:12:26.523;1.6;15.568318;3136168
807;08:12:26.696;0.0;15.568001;3136104
808;08:12:26.865;1.6;15.570661;3136924
809;08:12:27.038;1.5;15.572071;3136924
810;08:12:27.207;0.0;15.568795;3136264
811;08:12:27.376;2.9;15.568318;3136168
812;08:12:27.545;5.8;15.565817;3135940
813;08:12:27.720;0.0;15.567961;3136096
814;08:12:27.897;1.5;15.571476;3136804
815;08:12:28.074;2.9;15.571912;3136892
816;08:12:28.252;1.5;15.574275;3137368
817;08:12:28.430;1.6;15.575923;3137480
818;08:12:28.601;2.9;15.574355;3137384
819;08:12:28.772;0.0;15.574672;3137228
820;08:12:28.945;0.0;15.573223;3136936
821;08:12:29.116;3.2;15.573461;3137204
822;08:12:29.287;1.5;15.574752;3137244
823;08:12:29.457;0.0;15.573898;3137072
824;08:12:29.626;1.5;15.572647;3137040
825;08:12:29.796;3.1;15.570284;3136824
826;08:12:29.965;0.0;15.572766;3136844
827;08:12:30.134;1.6;15.571674;3136624
828;08:12:30.304;0.0;15.568954;3136296
829;08:12:30.474;0.0;15.572548;3136800
830;08:12:30.644;0.0;15.570205;3136548
831;08:12:30.813;0.0;15.570046;3136296
832;08:12:30.984;0.0;15.571297;3136768
833;08:12:31.154;1.5;15.570522;3136612
834;08:12:31.324;1.5;15.570681;3136644
835;08:12:31.495;4.5;15.570999;3136708
836;08:12:31.665;0.0;15.570840;3136676
837;08:12:31.835;3.0;15.569768;3136460
838;08:12:32.005;1.4;15.571793;3136868
839;08:12:32.176;5.9;15.571873;3137160
840;08:12:32.346;0.0;15.571793;3136868
841;08:12:32.516;3.0;15.571952;3136680
842;08:12:32.686;2.9;15.571019;3136492
843;08:12:32.855;4.1;15.570383;3136584
844;08:12:33.025;1.5;15.569272;3136360
845;08:12:33.194;1.5;15.571237;3136756
846;08:12:33.364;1.6;15.569232;3136352
847;08:12:33.533;0.0;15.570483;3136384
848;08:12:33.702;1.5;15.569391;3136384
849;08:12:33.872;0.0;15.571734;3137124
850;08:12:34.041;0.0;15.571893;3136928
851;08:12:34.211;3.2;15.573461;3137204
852;08:12:34.380;0.0;15.573064;3137140
853;08:12:34.549;0.0;15.570721;3136604
854;08:12:34.719;0.0;15.570562;3136620
855;08:12:34.888;0.0;15.573223;3136936
856;08:12:35.058;1.5;15.569411;3136632
857;08:12:35.228;1.6;15.573441;3137200
858;08:12:35.397;0.0;15.572270;3136744
859;08:12:35.567;0.0;15.571912;3136892
860;08:12:35.736;0.0;15.570820;3136932
861;08:12:35.905;1.6;15.571952;3136680
862;08:12:36.074;2.7;15.573997;3137092
863;08:12:36.243;0.0;15.574474;3137188
864;08:12:36.413;1.5;15.571932;3136676
865;08:12:36.582;1.6;15.569450;3136396
866;08:12:36.751;0.0;15.572310;3136972
867;08:12:36.920;0.0;15.572270;3136744
868;08:12:37.089;0.0;15.570125;3136776
869;08:12:37.258;1.6;15.571654;3136840
870;08:12:37.427;3.1;15.571337;3136776
871;08:12:37.596;0.0;15.569331;3136200
872;08:12:37.766;1.5;15.567306;3135660
873;08:12:37.936;3.0;15.569847;3136980
874;08:12:38.105;3.0;15.569550;3136416
875;08:12:38.275;0.0;15.568716;3136248
876;08:12:38.444;0.0;15.567425;3135988
877;08:12:38.613;0.0;15.572647;3136632
878;08:12:38.783;1.6;15.570800;3136668
879;08:12:38.952;0.0;15.570483;3136604
880;08:12:39.121;1.5;15.570642;3136636
881;08:12:39.291;1.6;15.571039;3136496
882;08:12:39.461;0.0;15.570642;3136636
883;08:12:39.630;0.0;15.569391;3136164
884;08:12:39.799;1.6;15.568140;3136132
885;08:12:39.969;0.0;15.569589;3136204
886;08:12:40.138;0.0;15.572091;3136708
887;08:12:40.307;3.1;15.570999;3136488
888;08:12:40.477;0.0;15.568497;3136204
889;08:12:40.647;0.0;15.567127;3135928
890;08:12:40.816;0.0;15.565876;3135676
891;08:12:40.985;0.0;15.567127;3135708
892;08:12:41.154;1.5;15.565956;3135692
893;08:12:41.324;1.5;15.568418;3136188
894;08:12:41.493;0.0;15.568855;3136276
895;08:12:41.662;3.1;15.570880;3136684
896;08:12:41.831;1.6;15.569291;3136364
897;08:12:42.000;1.5;15.571674;3136624
898;08:12:42.170;1.3;15.569291;3136364
899;08:12:42.339;0.0;15.569609;3136428
900;08:12:42.508;1.6;15.571615;3136612
901;08:12:42.678;1.5;15.570364;3136360
902;08:12:42.847;0.0;15.569311;3136368
903;08:12:43.017;1.6;15.570364;3136848
904;08:12:43.186;1.5;15.570364;3136360
905;08:12:43.355;0.0;15.569272;3136360
906;08:12:43.525;1.5;15.570324;3136572
907;08:12:43.694;0.0;15.569232;3136612
908;08:12:43.863;1.6;15.570483;3136604
909;08:12:44.032;0.0;15.570324;3136572
910;08:12:44.201;0.0;15.570324;3136352
911;08:12:44.370;1.5;15.570324;3136572
912;08:12:44.540;1.6;15.569232;3136352
913;08:12:44.709;1.5;15.569232;3136352
914;08:12:44.878;0.0;15.569510;3136456
915;08:12:45.047;1.5;15.569232;3136400
916;08:12:45.217;1.5;15.567981;3136100
917;08:12:45.387;0.0;15.570463;3136600
918;08:12:45.557;1.6;15.569073;3136376
919;08:12:45.727;1.5;15.572985;3136888
920;08:12:45.897;0.0;15.571575;3136604
921;08:12:46.066;1.5;15.571575;3136824
922;08:12:46.236;1.4;15.570483;3136384
923;08:12:46.405;0.0;15.569073;3136320
924;08:12:46.574;1.5;15.569232;3136352
925;08:12:46.744;0.0;15.570642;3136636
926;08:12:46.914;1.4;15.571575;3136604
927;08:12:47.083;0.0;15.570483;3136384
928;08:12:47.252;1.4;15.568656;3136236
929;08:12:47.421;0.0;15.570026;3136512
930;08:12:47.591;0.0;15.569212;3136348
931;08:12:47.760;0.0;15.570304;3136568
932;08:12:47.929;1.5;15.570304;3136348
933;08:12:48.099;0.0;15.570463;3136600
934;08:12:48.269;1.6;15.570463;3136600
935;08:12:48.438;3.1;15.570304;3136348
936;08:12:48.607;1.6;15.569053;3136356
937;08:12:48.776;0.0;15.570264;3136560
938;08:12:48.946;1.5;15.571515;3136592
939;08:12:49.116;1.5;15.569013;3136088
940;08:12:49.285;1.6;15.569649;3136216
941;08:12:49.454;1.5;15.567782;3135840
942;08:12:49.624;1.6;15.571535;3136376
943;08:12:49.793;0.0;15.569033;3136312
944;08:12:49.963;1.6;15.570443;3136596
945;08:12:50.132;0.0;15.570284;3136564
946;08:12:50.301;1.6;15.570483;3136604
947;08:12:50.470;0.0;15.568100;3135904
948;08:12:50.639;0.0;15.567941;3136132
949;08:12:50.809;1.6;15.571515;3136592
950;08:12:50.979;1.5;15.571674;3136844
951;08:12:51.148;1.5;15.571019;3136712
952;08:12:51.318;3.1;15.571098;3136728
953;08:12:51.487;1.5;15.572131;3136496
954;08:12:51.657;0.0;15.568497;3136456
955;08:12:51.826;1.5;15.567246;3135952
956;08:12:51.996;0.0;15.567087;3135920
957;08:12:52.165;0.0;15.565995;3135700
958;08:12:52.334;0.0;15.570304;3136568
959;08:12:52.503;0.0;15.568497;3136204
960;08:12:52.673;0.0;15.570840;3136676
961;08:12:52.842;1.3;15.570840;3136456
962;08:12:53.011;3.1;15.572310;3137020
963;08:12:53.180;3.0;15.571078;3136724
964;08:12:53.350;1.6;15.567564;3136164
965;08:12:53.519;0.0;15.567365;3135648
966;08:12:53.689;3.0;15.568219;3136148
967;08:12:53.859;1.6;15.567246;3135952
968;08:12:54.029;3.1;15.569907;3136488
969;08:12:54.198;1.5;15.571158;3136520
970;08:12:54.368;1.6;15.571178;3136744
971;08:12:54.537;3.1;15.569828;3136472
972;08:12:54.707;1.4;15.568735;3136496
973;08:12:54.876;0.0;15.571078;3136724
974;08:12:55.045;6.7;15.572329;3136756
975;08:12:55.225;3.1;15.485517;3119488
