ID; Time; CPU %; MEM %; MEM KiB
1;14:01:19.161;20.9;14.690605;2959412
2;14:01:19.336;1.5;14.690982;2959676
3;14:01:19.509;3.0;14.694735;2960456
4;14:01:19.677;4.3;14.695291;2960300
5;14:01:19.847;4.5;14.697058;2961168
6;14:01:20.018;3.1;14.700375;2961104
7;14:01:20.198;1.6;14.698429;2960932
8;14:01:20.367;1.6;14.700514;2961352
9;14:01:20.537;5.6;14.699322;2961112
10;14:01:20.706;6.0;14.699044;2961072
11;14:01:20.876;6.2;14.700891;2961768
12;14:01:21.049;3.1;14.701447;2962160
13;14:01:21.221;1.5;14.711713;2963852
14;14:01:21.391;3.1;14.720291;2965336
15;14:01:21.565;6.0;14.705200;2962296
16;14:01:21.737;1.4;14.706192;2962496
17;14:01:21.907;2.8;14.706967;2962652
18;14:01:22.081;4.7;14.707126;2962464
19;14:01:22.256;2.7;14.703532;2961740
20;14:01:22.428;5.3;14.705398;2962116
21;14:01:22.600;4.1;14.701447;2961708
22;14:01:22.771;4.1;14.705954;2962228
23;14:01:22.945;2.7;14.702122;2961676
24;14:01:23.117;1.4;14.704723;2962500
25;14:01:23.288;2.8;14.704386;2962360
26;14:01:23.462;2.9;14.705557;2962368
27;14:01:23.631;1.6;14.705716;2962400
28;14:01:23.801;1.6;14.706967;2962652
29;14:01:23.970;1.6;14.706331;2962524
30;14:01:24.139;3.2;14.717491;2964772
31;14:01:24.309;4.8;14.736910;2968684
32;14:01:24.478;3.0;14.765822;2974752
33;14:01:24.647;1.6;14.809605;2983328
34;14:01:24.816;0.0;14.848861;2991496
35;14:01:24.984;1.5;14.880413;2999608
36;14:01:25.152;3.1;14.923740;3006100
37;14:01:25.320;0.0;14.962123;3013832
38;14:01:25.489;0.0;15.002670;3022000
39;14:01:25.657;0.0;15.041847;3030112
40;14:01:25.825;0.0;15.084836;3039032
41;14:01:25.994;0.0;15.116706;3045192
42;14:01:26.162;2.9;15.147364;3051368
43;14:01:26.331;0.0;15.147741;3051712
44;14:01:26.499;0.0;15.151494;3051760
45;14:01:26.667;0.0;15.148952;3051468
46;14:01:26.835;0.0;15.146967;3051068
47;14:01:27.003;0.0;15.147205;3051336
48;14:01:27.172;1.6;15.146570;3050988
49;14:01:27.340;1.5;15.147979;3051492
50;14:01:27.509;0.0;15.168432;3055392
51;14:01:27.678;1.6;15.227723;3067824
52;14:01:27.846;0.0;15.270573;3078204
53;14:01:28.015;3.1;15.640281;3154192
54;14:01:28.185;3.0;15.731601;3168840
55;14:01:28.356;1.6;15.730966;3168932
56;14:01:28.524;0.0;15.732138;3169168
57;14:01:28.693;0.0;15.772565;3177580
58;14:01:28.862;0.0;15.814006;3185660
59;14:01:29.031;1.5;15.814085;3185708
60;14:01:29.199;1.6;15.816746;3186212
61;14:01:29.368;0.0;15.815575;3185756
62;14:01:29.536;1.5;15.814165;3185692
63;14:01:29.705;0.0;15.812755;3185676
64;14:01:29.874;1.6;15.812953;3185448
65;14:01:30.042;3.0;15.816964;3186532
66;14:01:30.211;0.0;15.817242;3186312
67;14:01:30.379;1.5;15.814800;3185820
68;14:01:30.547;1.6;15.814741;3185856
69;14:01:30.715;0.0;15.812477;3185264
70;14:01:30.885;3.1;15.810392;3185176
71;14:01:31.056;3.0;15.812854;3185428
72;14:01:31.225;3.1;15.813827;3185404
73;14:01:31.394;3.1;15.814026;3185664
74;14:01:31.566;3.0;15.815158;3185892
75;14:01:31.740;0.0;15.813609;3185824
76;14:01:31.915;6.5;15.816845;3186012
77;14:01:32.088;0.0;15.815336;3186152
78;14:01:32.260;3.2;15.822087;3187352
79;14:01:32.438;1.7;15.820856;3187040
80;14:01:32.613;3.1;15.823358;3187468
81;14:01:32.791;3.3;15.817242;3186696
82;14:01:32.962;1.9;15.815773;3186508
83;14:01:33.133;0.0;15.818613;3186368
84;14:01:33.304;1.9;15.817481;3186140
85;14:01:33.475;0.0;15.815872;3185816
86;14:01:33.647;0.0;15.815853;3185592
87;14:01:33.821;0.0;15.816925;3186248
88;14:01:33.992;1.6;15.815158;3185892
89;14:01:34.163;0.0;15.819288;3186280
90;14:01:34.333;0.0;15.816130;3186088
91;14:01:34.504;3.6;15.817699;3186404
92;14:01:34.675;0.0;15.815972;3186516
93;14:01:34.847;1.9;15.818275;3186520
94;14:01:35.017;0.0;15.818593;3186584
95;14:01:35.189;1.7;15.817937;3186744
96;14:01:35.361;1.9;15.816766;3185996
97;14:01:35.531;1.9;15.815833;3186028
98;14:01:35.702;1.7;15.817699;3186184
99;14:01:35.873;3.3;15.815237;3185908
100;14:01:36.045;1.8;15.815733;3186008
101;14:01:36.215;1.7;15.814760;3185812
102;14:01:36.387;1.8;15.814661;3185552
103;14:01:36.558;0.0;15.814681;3186040
104;14:01:36.729;0.0;15.812874;3185432
105;14:01:36.900;0.0;15.818752;3186396
106;14:01:37.070;6.7;15.814363;3185956
107;14:01:37.243;1.7;15.815773;3186240
108;14:01:37.416;0.0;15.816587;3186180
109;14:01:37.586;0.0;15.815694;3186000
110;14:01:37.757;1.8;15.812298;3185316
111;14:01:37.929;1.7;15.812814;3185656
112;14:01:38.100;0.0;15.816964;3186256
113;14:01:38.272;1.7;15.815237;3185908
114;14:01:38.444;1.7;15.814919;3185844
115;14:01:38.616;1.6;15.818513;3186568
116;14:01:38.788;1.6;15.821234;3186896
117;14:01:38.958;0.0;15.818057;3186476
118;14:01:39.130;0.0;15.817739;3186520
119;14:01:39.300;0.0;15.815277;3185916
120;14:01:39.472;1.6;15.816726;3186008
121;14:01:39.644;0.0;15.820777;3187056
122;14:01:39.822;3.0;15.818652;3186848
123;14:01:39.992;4.7;15.820201;3186688
124;14:01:40.168;3.0;15.817123;3186124
125;14:01:40.339;0.0;15.814264;3186164
126;14:01:40.510;4.8;15.811564;3185620
127;14:01:40.680;4.5;15.814105;3186068
128;14:01:40.853;3.0;15.816428;3186148
129;14:01:41.025;0.0;15.814681;3185796
130;14:01:41.196;1.5;15.814641;3185788
131;14:01:41.368;1.5;15.815932;3186300
132;14:01:41.539;0.0;15.825761;3187864
133;14:01:41.710;1.4;15.829514;3189008
134;14:01:41.882;1.5;15.841348;3190948
135;14:01:42.054;1.4;15.837536;3190400
136;14:01:42.226;3.0;15.849053;3192760
137;14:01:42.398;5.8;15.860430;3195012
138;14:01:42.569;9.0;15.857094;3194120
139;14:01:42.741;4.2;15.869306;3196580
140;14:01:42.913;3.0;15.866447;3196256
141;14:01:43.085;1.4;15.876494;3198248
142;14:01:43.257;4.3;15.877348;3198420
143;14:01:43.430;4.5;15.875184;3197984
144;14:01:43.608;4.5;15.889818;3200932
145;14:01:43.786;7.8;15.889917;3200952
146;14:01:43.956;8.8;15.885926;3200832
147;14:01:44.127;4.5;15.888170;3200600
148;14:01:44.300;5.9;15.898436;3202668
149;14:01:44.476;4.5;15.898376;3202656
150;14:01:44.651;7.7;15.896986;3202356
151;14:01:44.822;6.1;15.895497;3201988
152;14:01:44.995;4.2;15.906736;3204120
153;14:01:45.167;2.9;15.916128;3206232
154;14:01:45.346;4.6;15.916644;3206336
155;14:01:45.523;5.9;15.919424;3207068
156;14:01:45.698;1.4;15.968906;3216644
157;14:01:45.866;1.5;15.998492;3223076
158;14:01:46.035;4.6;16.017336;3226564
159;14:01:46.206;4.5;16.066501;3236524
160;14:01:46.377;7.2;16.139215;3251416
161;14:01:46.548;3.1;16.149759;3253296
162;14:01:46.718;4.6;16.150613;3253712
163;14:01:46.889;3.0;16.157940;3254944
164;14:01:47.060;4.7;16.277218;3278752
165;14:01:47.230;3.0;16.388017;3303672
166;14:01:47.401;1.6;16.531580;3330212
167;14:01:47.572;1.6;16.729569;3370096
168;14:01:47.740;4.6;16.774782;3378984
169;14:01:47.912;1.6;16.769202;3378104
170;14:01:48.083;3.0;16.907046;3405872
171;14:01:48.254;6.1;16.909945;3406272
172;14:01:48.428;4.6;16.901466;3404724
173;14:01:48.598;1.6;17.064409;3439832
174;14:01:48.767;0.0;17.240774;3472856
175;14:01:48.935;6.2;17.322980;3490164
176;14:01:49.111;3.0;17.418291;3509080
177;14:01:49.281;4.7;17.414081;3508476
178;14:01:49.452;4.6;17.414836;3508700
179;14:01:49.622;1.6;17.417318;3508640
180;14:01:49.792;3.0;17.417378;3508896
181;14:01:49.963;4.6;17.416147;3508428
182;14:01:50.132;6.0;17.426571;3510764
183;14:01:50.303;4.6;17.520651;3529456
184;14:01:50.471;0.0;17.683474;3562280
185;14:01:50.641;1.5;17.679543;3561464
186;14:01:50.810;3.1;17.709903;3567824
187;14:01:50.981;7.2;17.712207;3568304
188;14:01:51.153;3.1;17.712961;3568196
189;14:01:51.323;4.6;17.715424;3568364
190;14:01:51.495;3.1;17.846377;3595316
191;14:01:51.666;4.7;17.878703;3601844
192;14:01:51.835;6.1;17.879954;3602080
193;14:01:52.004;6.2;17.881841;3602468
194;14:01:52.174;3.0;17.881464;3602140
195;14:01:52.344;3.0;17.882099;3602268
196;14:01:52.515;7.4;17.879855;3601816
197;14:01:52.686;4.6;17.877949;3601432
198;14:01:52.858;6.0;17.877433;3601024
199;14:01:53.029;7.4;17.876638;3601168
200;14:01:53.198;6.0;17.876936;3601228
201;14:01:53.369;6.1;17.886507;3602828
202;14:01:53.538;3.2;17.895184;3605264
203;14:01:53.710;5.8;17.895641;3604996
204;14:01:53.879;4.7;17.906423;3607696
205;14:01:54.050;3.0;17.907754;3607216
206;14:01:54.219;4.4;17.917285;3609600
207;14:01:54.391;4.6;17.928662;3611648
208;14:01:54.560;3.1;17.937161;3613360
209;14:01:54.730;1.5;18.008922;3627816
210;14:01:54.899;1.6;18.057968;3637696
211;14:01:55.068;2.9;18.060589;3638452
212;14:01:55.238;4.5;18.064878;3639088
213;14:01:55.408;3.1;18.060470;3638452
214;14:01:55.577;1.5;18.081796;3642496
215;14:01:55.746;6.2;18.084437;3643028
216;14:01:55.916;8.6;18.084178;3643220
217;14:01:56.086;4.6;18.081776;3642752
218;14:01:56.257;7.4;18.084159;3642912
219;14:01:56.427;3.1;18.096906;3645320
220;14:01:56.597;4.6;18.092399;3644632
221;14:01:56.767;4.5;18.101533;3646496
222;14:01:56.937;3.3;18.102347;3646936
223;14:01:57.108;4.8;18.125718;3651612
224;14:01:57.277;7.5;18.127128;3651408
225;14:01:57.449;4.5;18.137890;3654300
226;14:01:57.619;6.2;18.145118;3655252
227;14:01:57.790;4.6;18.144939;3655216
228;14:01:57.962;3.1;18.236855;3673732
229;14:01:58.132;4.5;18.237927;3674192
230;14:01:58.302;7.5;18.235326;3673668
231;14:01:58.473;6.2;18.238424;3676316
232;14:01:58.645;6.1;18.249166;3676472
233;14:01:58.815;3.1;18.259869;3678368
234;14:01:58.984;7.2;18.257009;3677792
235;14:01:59.155;3.1;18.297000;3685628
236;14:01:59.325;1.6;18.299443;3685824
237;14:01:59.495;4.7;18.296385;3685724
238;14:01:59.668;10.3;18.302600;3687000
239;14:01:59.838;6.2;18.303017;3687260
240;14:02:00.009;4.4;18.302679;3686992
241;14:02:00.178;1.5;18.302957;3687308
242;14:02:00.346;3.1;18.300435;3687036
243;14:02:00.516;6.1;18.300316;3686892
244;14:02:00.687;7.6;18.303573;3687424
245;14:02:00.858;6.1;18.300713;3686816
246;14:02:01.027;0.0;18.311793;3688852
247;14:02:01.196;1.6;18.313124;3688876
248;14:02:01.365;1.5;18.310542;3688408
249;14:02:01.534;1.6;18.308001;3688576
250;14:02:01.703;3.1;18.319319;3690124
251;14:02:01.872;0.0;18.329724;3692472
252;14:02:02.041;1.5;18.360958;3698732
253;14:02:02.209;3.1;18.372594;3701076
254;14:02:02.378;0.0;18.382919;3703156
255;14:02:02.549;0.0;18.394575;3707300
256;14:02:02.718;1.6;18.412446;3709104
257;14:02:02.889;3.0;18.432104;3713064
258;14:02:03.059;1.5;18.664067;3762060
259;14:02:03.230;0.0;18.811422;3789476
260;14:02:03.398;1.6;18.811780;3789328
261;14:02:03.567;1.5;18.821867;3791580
262;14:02:03.735;0.0;18.821787;3791344
263;14:02:03.903;0.0;18.821867;3791360
264;14:02:04.071;0.0;18.821867;3791360
265;14:02:04.240;1.6;18.819524;3791368
266;14:02:04.408;0.0;18.832351;3793984
267;14:02:04.578;0.0;18.832232;3793668
268;14:02:04.746;0.0;18.834694;3794392
269;14:02:04.915;1.6;18.834496;3793904
270;14:02:05.083;1.4;18.831259;3793472
271;14:02:05.252;1.6;18.831736;3793568
272;14:02:05.421;1.5;18.831815;3793364
273;14:02:05.589;1.5;18.831060;3793432
274;14:02:05.758;3.0;18.831219;3793464
275;14:02:05.927;1.5;18.829651;3793408
276;14:02:06.095;2.9;18.831855;3793860
277;14:02:06.269;0.0;18.835012;3794008
278;14:02:06.442;1.5;18.837474;3794724
279;14:02:06.618;3.1;18.839936;3795000
280;14:02:06.794;0.0;18.837673;3794764
281;14:02:06.970;1.6;18.836640;3794556
282;14:02:07.139;0.0;18.834118;3794080
283;14:02:07.309;1.5;18.834595;3794428
284;14:02:07.477;1.6;18.838745;3794980
285;14:02:07.645;1.6;18.836799;3794636
286;14:02:07.814;1.6;18.838209;3794872
287;14:02:07.982;0.0;18.840055;3795244
288;14:02:08.151;0.0;18.840016;3795016
289;14:02:08.320;0.0;18.838487;3794968
290;14:02:08.488;1.5;18.838487;3794976
291;14:02:08.657;1.6;18.840830;3795400
292;14:02:08.825;1.5;18.841147;3795464
293;14:02:08.994;0.0;18.840651;3795364
294;14:02:09.163;0.0;18.840532;3795120
295;14:02:09.333;0.0;18.839460;3795124
296;14:02:09.502;3.1;18.839658;3795164
297;14:02:09.670;0.0;18.837732;3794556
298;14:02:09.839;3.1;18.837732;3794776
299;14:02:10.006;0.0;18.836481;3794524
300;14:02:10.175;0.0;18.847422;3796996
301;14:02:10.343;0.0;18.847541;3796752
302;14:02:10.512;0.0;18.847859;3796816
303;14:02:10.680;0.0;18.877961;3802880
304;14:02:10.848;1.5;18.918508;3811048
305;14:02:11.018;1.6;18.921169;3811844
306;14:02:11.187;3.0;18.920613;3811252
307;14:02:11.355;0.0;18.939735;3815324
308;14:02:11.524;1.5;18.970314;3821484
309;14:02:11.692;1.6;19.000099;3827728
310;14:02:11.860;0.0;19.032822;3834076
311;14:02:12.028;0.0;19.032743;3834060
312;14:02:12.197;0.0;19.039176;3835624
313;14:02:12.366;0.0;19.140027;3855672
314;14:02:12.535;1.6;19.143979;3856688
315;14:02:12.704;0.0;19.226403;3873072
316;14:02:12.874;1.5;19.225430;3872876
317;14:02:13.042;1.6;19.226403;3873072
318;14:02:13.211;0.0;19.235378;3874880
319;14:02:13.381;1.5;19.255314;3878676
320;14:02:13.550;1.6;19.258332;3879504
321;14:02:13.719;1.5;19.278030;3883472
322;14:02:13.888;1.6;19.288355;3885552
323;14:02:14.058;1.5;19.288514;3885852
324;14:02:14.227;1.5;19.298204;3887536
325;14:02:14.396;0.0;19.298204;3887316
326;14:02:14.566;1.5;19.297152;3887332
327;14:02:14.735;0.0;19.295861;3887104
328;14:02:14.905;1.4;19.294769;3886844
329;14:02:15.074;1.5;19.298442;3887584
330;14:02:15.243;0.0;19.297231;3887340
331;14:02:15.412;0.0;19.297172;3887108
332;14:02:15.581;0.0;19.304797;3888904
333;14:02:15.751;1.6;19.305889;3889084
334;14:02:15.920;0.0;19.308788;3889668
335;14:02:16.090;0.0;19.308947;3889700
336;14:02:16.259;0.0;19.319272;3891780
337;14:02:16.427;0.0;19.318994;3891724
338;14:02:16.596;1.5;19.329319;3893804
339;14:02:16.766;1.6;19.331841;3894312
340;14:02:16.934;0.0;19.330709;3894084
341;14:02:17.103;0.0;19.329299;3893800
342;14:02:17.271;0.0;19.330630;3894068
343;14:02:17.441;0.0;19.329855;3893912
344;14:02:17.611;1.6;19.329339;3893588
345;14:02:17.780;0.0;19.350566;3898084
346;14:02:17.950;0.0;19.350566;3897864
347;14:02:18.119;0.0;19.400922;3908228
348;14:02:18.287;1.6;19.400922;3908228
349;14:02:18.457;0.0;19.420044;3914200
350;14:02:18.626;1.6;19.429118;3913908
351;14:02:18.795;1.6;19.431302;3914348
352;14:02:18.964;1.6;19.431461;3914380
353;14:02:19.133;0.0;19.430488;3914444
354;14:02:19.302;1.5;19.431461;3914380
355;14:02:19.471;0.0;19.432553;3914380
356;14:02:19.641;1.5;19.433486;3914568
357;14:02:19.809;3.1;19.429436;3913972
358;14:02:19.978;1.5;19.428383;3913540
359;14:02:20.147;0.0;19.427331;3913988
360;14:02:20.316;0.0;19.428304;3913744
361;14:02:20.485;0.0;19.428105;3913704
362;14:02:20.653;0.0;19.426378;3913356
363;14:02:20.823;0.0;19.427311;3913544
364;14:02:20.992;0.0;19.427609;3913604
365;14:02:21.161;0.0;19.426040;3913548
366;14:02:21.330;0.0;19.436048;3915564
367;14:02:21.499;1.5;19.446214;3917352
368;14:02:21.668;0.0;19.447465;3917604
369;14:02:21.838;0.0;19.447465;3917604
370;14:02:22.007;0.0;19.445122;3917392
371;14:02:22.176;0.0;19.467679;3921456
372;14:02:22.346;0.0;19.488251;3925820
373;14:02:22.514;1.5;19.488092;3925788
374;14:02:22.685;1.5;19.488707;3925912
375;14:02:22.855;1.6;19.488787;3925928
376;14:02:23.025;1.5;19.490157;3926204
377;14:02:23.194;1.4;19.489919;3926156
378;14:02:23.363;0.0;19.489958;3926164
379;14:02:23.532;3.1;19.490316;3926236
380;14:02:23.702;1.6;19.492460;3926936
381;14:02:23.870;1.5;19.492381;3926432
382;14:02:24.039;0.0;19.491209;3926196
383;14:02:24.207;0.0;19.510291;3930528
384;14:02:24.376;0.0;19.512634;3930512
385;14:02:24.546;0.0;19.512952;3930796
386;14:02:24.714;1.5;19.522801;3932560
387;14:02:24.884;0.0;19.521550;3932528
388;14:02:25.054;1.5;19.521550;3932528
389;14:02:25.223;1.6;19.521550;3932796
390;14:02:25.392;0.0;19.521629;3932804
391;14:02:25.562;0.0;19.523277;3932656
392;14:02:25.732;0.0;19.521550;3932308
393;14:02:25.902;1.5;19.522801;3933048
394;14:02:26.072;0.0;19.523039;3932828
395;14:02:26.240;0.0;19.522960;3932812
396;14:02:26.409;0.0;19.521550;3932308
397;14:02:26.577;4.5;19.534258;3935088
398;14:02:26.746;1.6;19.534218;3935340
399;14:02:26.916;0.0;19.534536;3934924
400;14:02:27.087;0.0;19.554234;3939112
401;14:02:27.256;0.0;19.554393;3939144
402;14:02:27.427;0.0;19.562951;3940868
403;14:02:27.595;0.0;19.583323;3944972
404;14:02:27.764;0.0;19.583323;3945020
405;14:02:27.934;1.5;19.582509;3944808
406;14:02:28.103;0.0;19.582549;3944816
407;14:02:28.272;1.6;19.582073;3944720
408;14:02:28.442;0.0;19.580980;3944500
409;14:02:28.611;1.3;19.582112;3944728
410;14:02:28.780;1.5;19.582073;3944720
411;14:02:28.951;1.6;19.582231;3944752
412;14:02:29.119;0.0;19.582073;3944720
413;14:02:29.288;0.0;19.582073;3944720
414;14:02:29.458;0.0;19.581020;3944508
415;14:02:29.627;1.6;19.584654;3945240
416;14:02:29.796;1.6;19.584574;3945004
417;14:02:29.966;1.5;19.583403;3945028
418;14:02:30.136;1.6;19.582073;3944720
419;14:02:30.305;1.6;19.582073;3944500
420;14:02:30.474;0.0;19.582073;3944720
421;14:02:30.643;0.0;19.590869;3946492
422;14:02:30.812;1.5;19.590512;3946644
423;14:02:30.981;1.5;19.588685;3946296
424;14:02:31.151;1.6;19.588903;3946096
425;14:02:31.322;1.6;19.587871;3945888
426;14:02:31.492;1.5;19.590829;3946484
427;14:02:31.661;1.6;19.588744;3946064
428;14:02:31.830;0.0;19.587871;3946156
429;14:02:32.000;1.5;19.584753;3945504
430;14:02:32.168;1.5;19.589817;3946280
431;14:02:32.337;1.5;19.587732;3945860
432;14:02:32.506;1.5;19.588228;3945960
433;14:02:32.676;3.1;19.590611;3946220
434;14:02:32.846;3.0;19.589201;3946156
435;14:02:33.015;2.9;19.587593;3946084
436;14:02:33.184;1.6;19.587632;3945840
437;14:02:33.355;3.1;19.589320;3946404
438;14:02:33.524;1.5;19.592179;3946756
439;14:02:33.693;1.6;19.587593;3945832
440;14:02:33.863;4.6;19.589201;3946212
441;14:02:34.032;1.6;19.591028;3946524
442;14:02:34.202;1.6;19.595833;3947492
443;14:02:34.371;1.6;19.590968;3946512
444;14:02:34.541;1.4;19.590909;3946500
445;14:02:34.710;1.5;19.590670;3946736
446;14:02:34.880;0.0;19.590273;3946600
447;14:02:35.048;1.5;19.590114;3946340
448;14:02:35.217;1.6;19.589241;3946164
449;14:02:35.388;0.0;19.590174;3946352
450;14:02:35.556;1.5;19.589558;3946008
451;14:02:35.725;3.0;19.591207;3946560
452;14:02:35.895;0.0;19.591048;3946740
453;14:02:36.064;1.5;19.590373;3946400
454;14:02:36.234;0.0;19.589241;3946164
455;14:02:36.402;1.5;19.588923;3946352
456;14:02:36.571;4.3;19.590968;3946512
457;14:02:36.739;3.0;19.593192;3946740
458;14:02:36.908;3.0;19.590690;3946012
459;14:02:37.077;0.0;19.589479;3946212
460;14:02:37.245;3.1;19.587434;3945848
461;14:02:37.414;1.5;19.587612;3945616
462;14:02:37.584;3.1;19.590154;3946592
463;14:02:37.754;1.6;19.586977;3945488
464;14:02:37.923;0.0;19.587275;3946012
465;14:02:38.092;0.0;19.591663;3946652
466;14:02:38.260;1.5;19.592934;3946908
467;14:02:38.429;0.0;19.591405;3946852
468;14:02:38.598;1.6;19.593867;3946876
469;14:02:38.767;1.5;19.591921;3946704
470;14:02:38.936;1.5;19.591544;3946408
471;14:02:39.105;1.6;19.590154;3946348
472;14:02:39.274;0.0;19.590750;3946468
473;14:02:39.444;1.5;19.590313;3946380
474;14:02:39.613;0.0;19.588744;3945844
475;14:02:39.782;1.6;19.589062;3945908
476;14:02:39.951;0.0;19.586223;3945816
477;14:02:40.122;0.0;19.590591;3946436
478;14:02:40.292;1.6;19.590750;3946468
479;14:02:40.461;1.6;19.600877;3948508
480;14:02:40.630;0.0;19.601969;3948508
481;14:02:40.799;0.0;19.598534;3948280
482;14:02:40.969;1.6;19.597263;3947780
483;14:02:41.138;1.4;19.596250;3947828
484;14:02:41.307;1.6;19.600182;3948148
485;14:02:41.475;0.0;19.599129;3948156
486;14:02:41.644;1.6;19.598653;3948424
487;14:02:41.816;0.0;19.601651;3948664
488;14:02:41.987;1.6;19.598673;3948064
489;14:02:42.156;0.0;19.599963;3948324
490;14:02:42.325;2.8;19.601194;3948352
491;14:02:42.494;1.5;19.603915;3948900
492;14:02:42.664;1.6;19.602088;3948816
493;14:02:42.833;0.0;19.601711;3948676
494;14:02:43.003;0.0;19.600718;3948256
495;14:02:43.172;0.0;19.598136;3947956
496;14:02:43.341;1.5;19.597918;3947912
497;14:02:43.510;1.5;19.596270;3947664
498;14:02:43.679;0.0;19.598414;3947792
499;14:02:43.847;1.6;19.595476;3947688
500;14:02:44.015;1.6;19.596727;3947916
501;14:02:44.184;0.0;19.598216;3947752
502;14:02:44.353;0.0;19.597422;3947592
503;14:02:44.522;0.0;19.595635;3947452
504;14:02:44.691;0.0;19.596727;3947892
505;14:02:44.862;0.0;19.599050;3947920
506;14:02:45.033;0.0;19.599070;3948144
507;14:02:45.204;1.5;19.596707;3947668
508;14:02:45.373;1.5;19.597640;3947856
509;14:02:45.542;0.0;19.599129;3948156
510;14:02:45.712;1.5;19.600102;3948352
511;14:02:45.881;1.6;19.599943;3948320
512;14:02:46.051;1.5;19.598871;3947884
513;14:02:46.221;1.5;19.597620;3947852
514;14:02:46.390;0.0;19.597620;3947852
515;14:02:46.560;0.0;19.596687;3947664
516;14:02:46.730;3.2;19.600063;3948344
517;14:02:46.899;3.0;19.599824;3948076
518;14:02:47.068;0.0;19.599308;3948192
519;14:02:47.237;1.5;19.597283;3948008
520;14:02:47.406;0.0;19.595039;3947356
521;14:02:47.575;0.0;19.594701;3947264
522;14:02:47.744;1.4;19.596389;3947848
523;14:02:47.912;1.5;19.596310;3947588
524;14:02:48.081;3.2;19.597024;3948060
525;14:02:48.250;1.5;19.599725;3948056
526;14:02:48.419;1.6;19.600678;3948468
527;14:02:48.587;0.0;19.598335;3947996
528;14:02:48.756;0.0;19.609752;3950296
529;14:02:48.925;1.6;19.608521;3950048
530;14:02:49.094;3.1;19.611142;3950356
531;14:02:49.263;3.1;19.608164;3949976
532;14:02:49.433;0.0;19.608938;3949912
533;14:02:49.602;3.1;19.608323;3950008
534;14:02:49.772;1.6;19.609931;3950112
535;14:02:49.941;1.5;19.606417;3949624
536;14:02:50.110;1.5;19.607628;3949868
537;14:02:50.278;1.5;19.607370;3949816
538;14:02:50.447;0.0;19.607112;3949544
539;14:02:50.616;1.6;19.606218;3949584
540;14:02:50.784;4.5;19.607509;3949624
541;14:02:50.953;0.0;19.607747;3950152
542;14:02:51.121;1.6;19.606933;3949728
543;14:02:51.289;0.0;19.607211;3949564
544;14:02:51.459;1.5;19.605821;3949504
545;14:02:51.627;0.0;19.607548;3949632
546;14:02:51.796;3.1;19.607787;3949680
547;14:02:51.965;0.0;19.607826;3949908
548;14:02:52.135;1.5;19.612592;3950868
549;14:02:52.303;1.6;19.609752;3950076
550;14:02:52.472;0.0;19.608164;3949976
551;14:02:52.642;1.5;19.610169;3950380
552;14:02:52.888;0.0;19.607251;3950060
553;14:02:53.064;0.0;19.609931;3950332
554;14:02:53.233;0.0;19.608065;3949956
555;14:02:53.403;1.5;19.610567;3950240
556;14:02:53.572;1.5;19.610884;3950272
557;14:02:53.742;0.0;19.609792;3950548
558;14:02:53.914;3.0;19.610070;3950596
559;14:02:54.083;3.1;19.608879;3949900
560;14:02:54.253;1.6;19.607826;3949908
561;14:02:54.423;1.4;19.610765;3950500
562;14:02:54.592;3.0;19.609256;3950196
563;14:02:54.761;1.5;19.608799;3950104
564;14:02:54.930;1.6;19.607926;3949928
565;14:02:55.100;1.6;19.606516;3949644
566;14:02:55.270;1.6;19.606516;3949424
567;14:02:55.438;1.5;19.607687;3949880
568;14:02:55.607;1.5;19.607151;3950040
569;14:02:55.776;3.0;19.610547;3950456
570;14:02:55.945;1.5;19.609038;3950152
571;14:02:56.113;1.6;19.609673;3950060
572;14:02:56.282;1.5;19.606834;3949940
573;14:02:56.452;1.6;19.607012;3949744
574;14:02:56.621;1.5;19.608243;3949992
575;14:02:56.790;1.6;19.607390;3949768
576;14:02:56.960;1.5;19.606516;3949644
577;14:02:57.130;0.0;19.606834;3949708
578;14:02:57.299;1.5;19.608243;3949992
579;14:02:57.468;1.5;19.608243;3949992
580;14:02:57.638;1.5;19.612632;3950656
581;14:02:57.809;4.5;19.608581;3949732
582;14:02:57.979;1.5;19.604232;3949444
583;14:02:58.147;1.5;19.605483;3949216
584;14:02:58.316;6.2;19.605166;3949372
585;14:02:58.485;3.1;19.607211;3950052
586;14:02:58.655;4.6;19.608819;3950108
587;14:02:58.825;4.6;19.611142;3950576
588;14:02:58.994;0.0;19.608899;3949904
589;14:02:59.163;1.4;19.611242;3950596
590;14:02:59.334;1.5;19.610447;3950436
591;14:02:59.504;3.0;19.609514;3950248
592;14:02:59.673;1.5;19.610169;3950380
593;14:02:59.843;1.4;19.609435;3950232
594;14:03:00.014;4.6;19.610011;3950572
595;14:03:00.184;0.0;19.608680;3950080
596;14:03:00.353;2.9;19.609415;3950228
597;14:03:00.522;3.0;19.608839;3949900
598;14:03:00.691;3.0;19.607747;3950208
599;14:03:00.861;4.4;19.609514;3950248
600;14:03:01.033;1.5;19.606933;3949508
601;14:03:01.202;1.5;19.605841;3949508
602;14:03:01.371;0.0;19.608799;3949824
603;14:03:01.541;2.9;19.610567;3950704
604;14:03:01.711;3.1;19.610606;3950468
605;14:03:01.882;1.6;19.609335;3949992
606;14:03:02.053;2.8;19.607151;3949552
607;14:03:02.223;1.6;19.607231;3949788
608;14:03:02.393;1.6;19.610090;3950036
609;14:03:02.562;0.0;19.606139;3949568
610;14:03:02.732;1.6;19.608740;3949764
611;14:03:02.902;0.0;19.609951;3950056
612;14:03:03.073;1.5;19.606695;3949932
613;14:03:03.243;1.6;19.607946;3950200
614;14:03:03.412;0.0;19.607668;3949908
615;14:03:03.581;3.0;19.607529;3949848
616;14:03:03.750;0.0;19.606675;3949676
617;14:03:03.919;1.6;19.607390;3950040
618;14:03:04.089;1.6;19.608323;3950008
619;14:03:04.258;1.6;19.607350;3949812
620;14:03:04.428;3.0;19.606695;3949680
621;14:03:04.598;1.5;19.610507;3950448
622;14:03:04.767;1.4;19.610348;3950196
623;14:03:04.936;1.6;19.606516;3949904
624;14:03:05.104;1.6;19.606953;3949732
625;14:03:05.274;1.6;19.608204;3949984
626;14:03:05.443;1.6;19.606913;3949504
627;14:03:05.611;0.0;19.607211;3949784
628;14:03:05.780;0.0;19.607529;3949848
629;14:03:05.949;1.5;19.608680;3950080
630;14:03:06.118;0.0;19.608224;3949768
631;14:03:06.288;1.6;19.607628;3949648
632;14:03:06.457;0.0;19.606536;3949440
633;14:03:06.626;4.6;19.607846;3949912
634;14:03:06.795;0.0;19.606258;3949592
635;14:03:06.964;1.6;19.606039;3949808
636;14:03:07.134;1.5;19.605483;3949704
637;14:03:07.303;0.0;19.606436;3949628
638;14:03:07.472;1.6;19.605940;3949308
639;14:03:07.641;0.0;19.603935;3949372
640;14:03:07.812;3.1;19.605523;3949444
641;14:03:07.984;1.5;19.603379;3949012
642;14:03:08.153;1.6;19.603319;3949000
643;14:03:08.322;0.0;19.603220;3949224
644;14:03:08.491;0.0;19.604709;3949280
645;14:03:08.660;1.6;19.603299;3948776
646;14:03:08.829;0.0;19.602048;3948744
647;14:03:08.998;0.0;19.606794;3949700
648;14:03:09.168;0.0;19.604868;3949312
649;14:03:09.336;0.0;19.605344;3949188
650;14:03:09.506;1.5;19.603140;3949004
651;14:03:09.675;0.0;19.604570;3949032
652;14:03:09.844;1.6;19.603160;3949024
653;14:03:10.018;0.0;19.601889;3948712
654;14:03:10.187;0.0;19.603001;3948936
655;14:03:10.357;1.5;19.604570;3949032
656;14:03:10.526;1.6;19.604074;3949152
657;14:03:10.695;1.4;19.604232;3949184
658;14:03:10.864;1.4;19.604312;3948980
659;14:03:11.033;0.0;19.603140;3948964
660;14:03:11.202;1.5;19.604352;3949208
661;14:03:11.370;0.0;19.605463;3949432
662;14:03:11.538;1.6;19.605463;3949212
663;14:03:11.707;0.0;19.605463;3949212
664;14:03:11.877;1.6;19.604193;3949176
665;14:03:12.046;0.0;19.606655;3949452
666;14:03:12.215;1.6;19.605861;3949512
667;14:03:12.384;0.0;19.604570;3949748
668;14:03:12.558;1.6;19.606714;3949684
669;14:03:12.728;0.0;19.606556;3949700
670;14:03:12.898;0.0;19.607509;3949844
671;14:03:13.067;1.6;19.606000;3949856
672;14:03:13.236;0.0;19.607807;3949904
673;14:03:13.404;0.0;19.608502;3949824
674;14:03:13.574;1.3;19.606158;3949352
675;14:03:13.743;1.5;19.606000;3949540
676;14:03:13.911;1.5;19.606397;3949684
677;14:03:14.080;0.0;19.604749;3949068
678;14:03:14.249;0.0;19.603736;3949328
679;14:03:14.418;1.5;19.606000;3949540
680;14:03:14.586;0.0;19.607092;3949540
681;14:03:14.755;0.0;19.607092;3949540
682;14:03:14.925;0.0;19.607846;3949952
683;14:03:15.093;1.6;19.607449;3949832
684;14:03:15.262;1.6;19.607251;3949572
685;14:03:15.431;0.0;19.607290;3949800
686;14:03:15.600;3.1;19.608541;3949968
687;14:03:15.769;0.0;19.606178;3949356
688;14:03:15.939;0.0;19.605305;3949400
689;14:03:16.107;1.6;19.607409;3949604
690;14:03:16.276;1.5;19.606278;3950032
691;14:03:16.446;1.5;19.609554;3950036
692;14:03:16.615;1.6;19.607469;3949776
693;14:03:16.785;1.6;19.604232;3949184
694;14:03:16.954;0.0;19.604669;3949272
695;14:03:17.123;3.1;19.605523;3949444
696;14:03:17.293;1.5;19.607131;3949548
697;14:03:17.462;1.5;19.604272;3949192
698;14:03:17.630;1.6;19.606615;3949664
699;14:03:17.799;1.6;19.607171;3949776
700;14:03:17.968;1.6;19.608283;3950236
701;14:03:18.137;0.0;19.607012;3949744
702;14:03:18.305;1.5;19.605007;3949120
703;14:03:18.474;0.0;19.603597;3948836
704;14:03:18.644;1.5;19.604709;3949516
705;14:03:18.813;0.0;19.607449;3949504
706;14:03:18.983;0.0;19.607648;3950116
707;14:03:19.152;1.6;19.605424;3949424
708;14:03:19.321;1.5;19.606516;3949644
709;14:03:19.489;1.6;19.605265;3949392
710;14:03:19.658;0.0;19.604371;3949212
711;14:03:19.827;1.5;19.603815;3949100
712;14:03:19.997;1.6;19.605483;3949692
713;14:03:20.166;0.0;19.605424;3949204
714;14:03:20.335;0.0;19.606516;3949644
715;14:03:20.503;0.0;19.606516;3949644
716;14:03:20.671;1.5;19.606873;3949976
717;14:03:20.840;1.6;19.606516;3949424
718;14:03:21.010;0.0;19.609474;3950020
719;14:03:21.178;0.0;19.607926;3949928
720;14:03:21.347;8.3;19.612314;3950812
721;14:03:21.517;4.6;19.608660;3950076
722;14:03:21.685;1.6;19.608402;3950292
723;14:03:21.854;4.3;19.608720;3950348
724;14:03:22.022;1.6;19.609117;3950460
725;14:03:22.191;1.6;19.610011;3950348
726;14:03:22.360;1.6;19.608422;3950028
727;14:03:22.529;1.6;19.606973;3949736
728;14:03:22.697;0.0;19.608839;3950112
729;14:03:22.866;0.0;19.609077;3950420
730;14:03:23.034;1.5;19.610289;3950404
731;14:03:23.203;1.6;19.610706;3950472
732;14:03:23.372;0.0;19.609415;3950008
733;14:03:23.541;1.5;19.610586;3950464
734;14:03:23.709;1.5;19.605781;3949168
735;14:03:23.878;0.0;19.606615;3949664
736;14:03:24.047;0.0;19.608919;3950128
737;14:03:24.216;0.0;19.609772;3950300
738;14:03:24.385;1.6;19.608621;3950572
739;14:03:24.556;0.0;19.608958;3950136
740;14:03:24.724;1.6;19.610130;3950372
741;14:03:24.894;1.5;19.609296;3950204
742;14:03:25.063;3.1;19.609296;3949984
743;14:03:25.232;0.0;19.610328;3950672
744;14:03:25.404;1.6;19.608978;3950180
745;14:03:25.573;1.4;19.609872;3950100
746;14:03:25.742;1.6;19.606258;3949592
747;14:03:25.910;1.6;19.606099;3949560
748;14:03:26.079;1.5;19.608601;3950324
749;14:03:26.257;1.5;19.611103;3950616
750;14:03:26.433;1.5;19.611103;3950348
751;14:03:26.609;0.0;19.611103;3950348
752;14:03:26.784;1.6;19.609435;3950232
753;14:03:26.962;0.0;19.608422;3950248
754;14:03:27.134;1.5;19.612830;3950696
755;14:03:27.303;3.0;19.611738;3950696
756;14:03:27.473;1.6;19.612374;3950604
757;14:03:27.641;0.0;19.610626;3950252
758;14:03:27.810;0.0;19.609852;3950316
759;14:03:27.979;2.9;19.609375;3950000
760;14:03:28.154;1.5;19.609335;3950212
761;14:03:28.330;0.0;19.609137;3950172
762;14:03:28.499;1.6;19.608065;3950220
763;14:03:28.669;1.5;19.608978;3950140
764;14:03:28.845;0.0;19.609296;3950472
765;14:03:29.019;1.5;19.612433;3950836
766;14:03:29.194;0.0;19.614161;3951184
767;14:03:29.370;0.0;19.614002;3951152
768;14:03:29.552;1.5;19.611321;3950840
769;14:03:29.724;1.6;19.611480;3950424
770;14:03:29.893;1.6;19.611162;3950580
771;14:03:30.066;1.5;19.614915;3951660
772;14:03:30.243;1.5;19.614280;3950768
773;14:03:30.416;1.5;19.612016;3950532
774;14:03:30.592;3.0;19.609117;3950168
775;14:03:30.769;0.0;19.612552;3950640
776;14:03:30.938;1.6;19.611182;3950600
777;14:03:31.106;3.2;19.610527;3950452
778;14:03:31.276;3.0;19.608502;3950044
779;14:03:31.445;0.0;19.609991;3950344
780;14:03:31.614;1.5;19.609554;3950256
781;14:03:31.783;0.0;19.610924;3950800
782;14:03:31.951;1.4;19.611162;3950580
783;14:03:32.120;1.6;19.610706;3950488
784;14:03:32.290;0.0;19.610189;3950384
785;14:03:32.460;0.0;19.608799;3950104
786;14:03:32.631;0.0;19.608919;3950128
787;14:03:32.800;0.0;19.610169;3950380
788;14:03:32.968;1.5;19.610249;3950396
789;14:03:33.138;1.6;19.613029;3950736
790;14:03:33.306;1.6;19.611540;3950656
791;14:03:33.475;1.5;19.610567;3950460
792;14:03:33.643;0.0;19.610527;3950232
793;14:03:33.812;0.0;19.611063;3950560
794;14:03:33.982;0.0;19.610507;3950448
795;14:03:34.151;0.0;19.613327;3951016
796;14:03:34.320;1.6;19.613009;3950952
797;14:03:34.488;0.0;19.614180;3951188
798;14:03:34.666;0.0;19.612771;3950904
799;14:03:34.835;3.0;19.612195;3950568
800;14:03:35.005;0.0;19.613049;3950960
801;14:03:35.174;1.5;19.613386;3951028
802;14:03:35.350;1.5;19.613386;3951028
803;14:03:35.526;0.0;19.614637;3951280
804;14:03:35.702;1.5;19.615729;3951500
805;14:03:35.874;0.0;19.613823;3950896
806;14:03:36.043;3.1;19.611659;3950904
807;14:03:36.214;4.8;19.611579;3950888
808;14:03:36.384;1.6;19.612135;3950784
809;14:03:36.558;1.5;19.611976;3951012
810;14:03:36.734;3.1;19.611361;3950400
811;14:03:36.903;3.0;19.612294;3950588
812;14:03:37.077;1.5;19.611837;3950716
813;14:03:37.250;1.5;19.614379;3951008
814;14:03:37.429;1.4;19.612969;3950944
815;14:03:37.606;0.0;19.612930;3950936
816;14:03:37.782;1.5;19.614220;3951236
817;14:03:37.956;0.0;19.614419;3951016
818;14:03:38.128;4.6;19.612612;3950872
819;14:03:38.298;1.5;19.615312;3951196
820;14:03:38.467;1.5;19.615729;3951280
821;14:03:38.636;0.0;19.614101;3951172
822;14:03:38.810;0.0;19.613962;3951144
823;14:03:38.980;1.5;19.612235;3950796
824;14:03:39.151;4.7;19.605523;3949444
825;14:03:39.322;0.0;19.605841;3949508
826;14:03:39.491;6.0;19.606297;3949624
827;14:03:39.660;4.5;19.604848;3949552
828;14:03:39.829;1.5;19.607211;3949708
829;14:03:39.998;0.0;19.611500;3950648
830;14:03:40.167;3.1;19.607191;3949780
831;14:03:40.337;3.1;19.608065;3950036
832;14:03:40.506;1.5;19.609772;3950568
833;14:03:40.680;0.0;19.612274;3950804
834;14:03:40.851;3.0;19.611540;3950436
835;14:03:41.028;1.6;19.610984;3950544
836;14:03:41.196;1.5;19.608641;3950332
837;14:03:41.365;1.6;19.613763;3951152
838;14:03:41.534;1.5;19.613962;3950924
839;14:03:41.702;0.0;19.613684;3951088
840;14:03:41.871;4.3;19.611798;3950708
841;14:03:42.040;4.5;19.611957;3950740
842;14:03:42.209;1.5;19.611877;3950724
843;14:03:42.378;1.6;19.611957;3950740
844;14:03:42.547;0.0;19.611162;3950580
845;14:03:42.716;0.0;19.609594;3950264
846;14:03:42.885;0.0;19.609395;3950492
847;14:03:43.054;1.6;19.610845;3950516
848;14:03:43.222;1.4;19.610964;3950320
849;14:03:43.391;3.1;19.610487;3950444
850;14:03:43.560;0.0;19.608243;3949896
851;14:03:43.730;4.4;19.609832;3950092
852;14:03:43.899;4.3;19.609752;3950296
853;14:03:44.068;4.1;19.608144;3949972
854;14:03:44.237;5.8;19.610308;3950408
855;14:03:44.407;2.9;19.608402;3950248
856;14:03:44.576;4.5;19.608660;3950368
857;14:03:44.746;3.0;19.611321;3950612
858;14:03:44.917;4.3;19.609752;3950556
859;14:03:45.086;0.0;19.610845;3950516
860;14:03:45.254;1.6;19.609752;3950296
861;14:03:45.422;0.0;19.608343;3950012
862;14:03:45.590;1.5;19.608343;3949792
863;14:03:45.759;1.6;19.609594;3950264
864;14:03:45.928;1.5;19.609594;3950044
865;14:03:46.096;0.0;19.609594;3950044
866;14:03:46.264;0.0;19.609752;3950296
867;14:03:46.432;4.5;19.612155;3950780
868;14:03:46.601;1.6;19.612572;3950644
869;14:03:46.770;1.6;19.611837;3950944
870;14:03:46.938;1.5;19.611877;3950504
871;14:03:47.106;0.0;19.611361;3950400
872;14:03:47.275;1.6;19.610586;3950464
873;14:03:47.443;0.0;19.611480;3950424
874;14:03:47.612;1.5;19.610368;3950420
875;14:03:47.780;0.0;19.612711;3950892
876;14:03:47.949;0.0;19.611698;3950688
877;14:03:48.117;1.4;19.609276;3950428
878;14:03:48.287;4.7;19.613148;3951272
879;14:03:48.456;1.6;19.613783;3950888
880;14:03:48.625;3.1;19.612215;3950572
881;14:03:48.794;1.5;19.612532;3950636
882;14:03:48.962;0.0;19.612453;3950840
883;14:03:49.131;1.6;19.612334;3950816
884;14:03:49.299;0.0;19.613664;3951084
885;14:03:49.468;0.0;19.612612;3950872
886;14:03:49.636;1.5;19.610805;3950508
887;14:03:49.806;0.0;19.613188;3950768
888;14:03:49.974;0.0;19.613863;3951320
889;14:03:50.142;0.0;19.613227;3950996
890;14:03:50.311;3.1;19.613585;3951068
891;14:03:50.479;0.0;19.612175;3950564
892;14:03:50.647;0.0;19.611242;3950596
893;14:03:50.816;1.5;19.610924;3950532
894;14:03:50.984;1.5;19.611083;3950564
895;14:03:51.153;0.0;19.613426;3950816
896;14:03:51.321;0.0;19.613664;3950864
897;14:03:51.491;1.5;19.610924;3950792
898;14:03:51.659;0.0;19.612175;3950784
899;14:03:51.829;1.4;19.611639;3950676
900;14:03:51.997;0.0;19.611718;3950968
901;14:03:52.165;1.5;19.611718;3950692
902;14:03:52.333;1.6;19.611957;3950764
903;14:03:52.502;0.0;19.610467;3950708
904;14:03:52.671;0.0;19.610308;3950440
905;14:03:52.839;1.5;19.610467;3950440
906;14:03:53.007;0.0;19.611599;3950668
907;14:03:53.175;1.6;19.614061;3950944
908;14:03:53.344;0.0;19.613247;3951000
909;14:03:53.512;0.0;19.612969;3950724
910;14:03:53.682;1.5;19.608104;3950036
911;14:03:53.852;0.0;19.611242;3950596
912;14:03:54.020;0.0;19.611142;3950356
913;14:03:54.189;1.6;19.611182;3950364
914;14:03:54.357;1.6;19.612354;3950600
915;14:03:54.526;1.5;19.610050;3950356
916;14:03:54.694;1.5;19.613724;3951096
917;14:03:54.862;3.0;19.613644;3951120
918;14:03:55.030;0.0;19.611460;3950640
919;14:03:55.200;0.0;19.611142;3950836
920;14:03:55.368;0.0;19.611659;3950680
921;14:03:55.536;1.6;19.611142;3950576
922;14:03:55.705;3.1;19.607469;3950356
923;14:03:55.873;1.6;19.608879;3950120
924;14:03:56.042;0.0;19.612473;3950844
925;14:03:56.210;0.0;19.611381;3950624
926;14:03:56.378;1.6;19.610289;3950404
927;14:03:56.547;1.6;19.609971;3950600
928;14:03:56.715;0.0;19.611381;3950624
929;14:03:56.885;1.4;19.611222;3950372
930;14:03:57.053;1.6;19.612513;3950900
931;14:03:57.221;0.0;19.612910;3950932
932;14:03:57.390;0.0;19.612294;3950808
933;14:03:57.558;0.0;19.612513;3950632
934;14:03:57.726;0.0;19.610130;3950640
935;14:03:57.895;1.6;19.611222;3950592
936;14:03:58.064;1.4;19.611262;3950892
937;14:03:58.233;0.0;19.612473;3950624
938;14:03:58.402;0.0;19.615094;3951372
939;14:03:58.570;1.5;19.613724;3950876
940;14:03:58.738;0.0;19.614955;3951124
941;14:03:58.907;0.0;19.612652;3950880
942;14:03:59.075;1.4;19.613902;3950912
943;14:03:59.243;0.0;19.612652;3950660
944;14:03:59.411;1.6;19.614260;3951204
945;14:03:59.580;0.0;19.612612;3950872
946;14:03:59.748;0.0;19.611162;3950580
947;14:03:59.916;3.0;19.609891;3950324
948;14:04:00.085;0.0;19.609852;3950316
949;14:04:00.254;0.0;19.611063;3950560
950;14:04:00.422;1.6;19.611301;3950388
951;14:04:00.590;0.0;19.611103;3950604
952;14:04:00.758;1.6;19.609991;3950344
953;14:04:00.927;0.0;19.612493;3950896
954;14:04:01.095;1.5;19.612652;3950880
955;14:04:01.265;0.0;19.611401;3950628
956;14:04:01.433;0.0;19.612493;3950628
957;14:04:01.602;1.4;19.611401;3950628
958;14:04:01.770;0.0;19.611440;3950636
959;14:04:01.938;1.4;19.610467;3950440
960;14:04:02.106;1.6;19.611917;3950764
961;14:04:02.274;0.0;19.611023;3950328
962;14:04:02.442;1.6;19.610189;3950384
963;14:04:02.611;0.0;19.608541;3949832
964;14:04:02.779;1.5;19.608819;3950108
965;14:04:02.947;0.0;19.609911;3950108
966;14:04:03.116;2.9;19.608621;3949848
967;14:04:03.285;1.6;19.611202;3950368
968;14:04:03.454;0.0;19.611401;3950408
969;14:04:03.622;1.6;19.611123;3950352
970;14:04:03.790;0.0;19.610189;3950384
971;14:04:03.959;0.0;19.613049;3950740
972;14:04:04.127;0.0;19.611957;3950740
973;14:04:04.297;1.6;19.613664;3950864
974;14:04:04.465;0.0;19.613128;3950976
975;14:04:04.634;3.1;19.612076;3950804
976;14:04:04.804;0.0;19.615292;3951412
977;14:04:04.973;1.4;19.613843;3951160
978;14:04:05.142;1.6;19.612592;3950868
979;14:04:05.312;1.5;19.612632;3950656
980;14:04:05.482;1.6;19.611778;3950704
981;14:04:05.650;1.6;19.612771;3951148
982;14:04:05.819;2.9;19.614141;3951180
983;14:04:05.988;1.5;19.613803;3951112
984;14:04:06.157;1.4;19.613267;3951004
985;14:04:06.333;6.2;19.529373;3934104
Build Completed
