ID; Time; CPU %; MEM %; MEM KiB
1;11:30:38.267;21.5;19.700516;3968580
2;11:30:38.447;0.0;19.703138;3969108
3;11:30:38.623;1.5;19.703416;3969408
4;11:30:38.799;4.4;19.709174;3970324
5;11:30:38.970;1.5;19.712291;3971196
6;11:30:39.140;6.2;19.714337;3971664
7;11:30:39.311;6.2;19.711994;3970892
8;11:30:39.485;1.5;19.714495;3971176
9;11:30:39.663;3.0;19.712609;3971016
10;11:30:39.835;3.1;19.713463;3971188
11;11:30:40.011;1.5;19.714793;3971236
12;11:30:40.184;1.7;19.715885;3971232
13;11:30:40.355;0.0;19.713642;3971224
14;11:30:40.525;0.0;19.716561;3971812
15;11:30:40.694;0.0;19.722934;3973096
16;11:30:40.871;1.6;19.711239;3970272
17;11:30:41.041;1.7;19.706990;3969884
18;11:30:41.211;1.7;19.711199;3970732
19;11:30:41.386;0.0;19.721207;3972748
20;11:30:41.562;1.5;19.728832;3974284
21;11:30:41.738;0.0;19.710901;3970672
22;11:30:41.912;0.0;19.709472;3970628
23;11:30:42.085;0.0;19.713383;3971172
24;11:30:42.255;0.0;19.712788;3970832
25;11:30:42.426;1.6;19.710663;3970624
26;11:30:42.598;3.6;19.708201;3970128
27;11:30:42.768;1.6;19.713145;3971348
28;11:30:42.938;1.6;19.714198;3971336
29;11:30:43.110;0.0;19.716144;3971496
30;11:30:43.294;3.0;19.724602;3973432
31;11:30:43.484;4.6;19.725992;3974180
32;11:30:43.657;7.9;19.732585;3975544
33;11:30:43.828;4.7;19.765586;3981948
34;11:30:43.996;1.5;19.803651;3989356
35;11:30:44.165;1.3;19.836375;3995948
36;11:30:44.333;0.0;19.877974;4004328
37;11:30:44.501;1.6;19.910499;4010660
38;11:30:44.669;0.0;19.949676;4018772
39;11:30:44.838;3.0;19.988773;4026496
40;11:30:45.006;1.5;20.029618;4034876
41;11:30:45.174;1.5;20.070522;4043360
42;11:30:45.342;1.5;20.110434;4051048
43;11:30:45.510;3.0;20.151279;4059628
44;11:30:45.679;3.1;20.150385;4059204
45;11:30:45.847;1.5;20.151636;4059456
46;11:30:46.016;0.0;20.150107;4059148
47;11:30:46.186;0.0;20.147248;4059024
48;11:30:46.354;0.0;20.149591;4059044
49;11:30:46.523;1.5;20.148618;4058848
50;11:30:46.692;1.5;20.149849;4059348
51;11:30:46.860;1.6;20.149293;4058984
52;11:30:47.029;1.6;20.189999;4067184
53;11:30:47.198;0.0;20.252864;4079848
54;11:30:47.366;0.0;20.293531;4087820
55;11:30:47.535;7.9;20.710537;4171416
56;11:30:47.706;0.0;20.739348;4178100
57;11:30:47.875;0.0;20.741930;4178368
58;11:30:48.044;1.6;20.782358;4186512
59;11:30:48.213;1.6;20.783549;4186752
60;11:30:48.382;1.5;20.822488;4194596
61;11:30:48.551;1.6;20.822011;4194500
62;11:30:48.720;0.0;20.820859;4194268
63;11:30:48.889;0.0;20.821117;4194320
64;11:30:49.058;1.5;20.822368;4194572
65;11:30:49.227;3.0;20.823699;4194840
66;11:30:49.396;0.0;20.823619;4194824
67;11:30:49.565;1.5;20.823143;4194728
68;11:30:49.733;0.0;20.823441;4194788
69;11:30:49.902;0.0;20.823361;4194772
70;11:30:50.070;0.0;20.822269;4194552
71;11:30:50.238;4.7;20.820125;4194276
72;11:30:50.413;1.5;20.819529;4194000
73;11:30:50.591;3.0;20.820978;4194072
74;11:30:50.761;1.5;20.821892;4194256
75;11:30:50.930;0.0;20.824255;4194952
76;11:30:51.099;1.5;20.822190;4194536
77;11:30:51.269;1.6;20.825665;4195236
78;11:30:51.438;0.0;20.824235;4194948
79;11:30:51.606;0.0;20.824950;4195092
80;11:30:51.774;0.0;20.823183;4194736
81;11:30:51.944;1.5;20.821654;4194812
82;11:30:52.113;0.0;20.823838;4194868
83;11:30:52.282;3.1;20.820621;4194144
84;11:30:52.461;1.4;20.823858;4195116
85;11:30:52.637;1.4;20.827213;4195548
86;11:30:52.807;3.0;20.826280;4195360
87;11:30:52.977;1.6;20.826419;4195388
88;11:30:53.147;0.0;20.825406;4195604
89;11:30:53.317;1.6;20.828425;4195792
90;11:30:53.486;1.5;20.828464;4195580
91;11:30:53.654;0.0;20.829080;4195924
92;11:30:53.823;0.0;20.829080;4195704
93;11:30:53.993;1.6;20.828067;4195720
94;11:30:54.162;1.5;20.828067;4195720
95;11:30:54.331;3.1;20.830887;4196288
96;11:30:54.499;1.5;20.830649;4196240
97;11:30:54.673;3.2;20.830708;4196252
98;11:30:54.843;8.7;20.829755;4196060
99;11:30:55.013;11.3;20.827551;4195616
100;11:30:55.183;1.4;20.827750;4195656
101;11:30:55.353;11.0;20.822845;4195108
102;11:30:55.524;12.7;20.827412;4195368
103;11:30:55.695;4.3;20.821376;4194372
104;11:30:55.866;8.7;20.829100;4195928
105;11:30:56.038;6.8;20.826240;4195132
106;11:30:56.211;3.1;20.827630;4195632
107;11:30:56.383;1.5;20.828425;4195572
108;11:30:56.553;3.1;20.824731;4194828
109;11:30:56.724;0.0;20.824215;4194944
110;11:30:56.897;1.7;20.825307;4195164
111;11:30:57.069;1.8;20.829656;4195820
112;11:30:57.240;3.6;20.828008;4195708
113;11:30:57.413;1.8;20.829139;4195936
114;11:30:57.585;0.0;20.831165;4195904
115;11:30:57.757;1.8;20.828524;4195444
116;11:30:57.928;1.9;20.825228;4195148
117;11:30:58.100;1.9;20.826975;4195500
118;11:30:58.271;1.9;20.827035;4195664
119;11:30:58.441;1.9;20.823361;4194772
120;11:30:58.612;1.8;20.825426;4195156
121;11:30:58.782;0.0;20.827551;4195616
122;11:30:58.954;3.6;20.827968;4195700
123;11:30:59.127;1.8;20.828643;4195836
124;11:30:59.297;0.0;20.829854;4195928
125;11:30:59.470;1.9;20.828901;4195828
126;11:30:59.640;3.2;20.829417;4195992
127;11:30:59.810;1.9;20.829338;4195756
128;11:30:59.981;1.9;20.828226;4195752
129;11:31:00.152;0.0;20.827074;4195452
130;11:31:00.323;0.0;20.824850;4194672
131;11:31:00.494;1.9;20.827372;4194988
132;11:31:00.666;0.0;20.826856;4195476
133;11:31:00.836;1.8;20.825029;4195108
134;11:31:01.008;0.0;20.826836;4195640
135;11:31:01.183;1.7;20.827174;4195496
136;11:31:01.356;0.0;20.824731;4195048
137;11:31:01.527;1.8;20.826379;4195160
138;11:31:01.699;0.0;20.824255;4194952
139;11:31:01.869;1.9;20.825526;4195376
140;11:31:02.042;1.7;20.824056;4195072
141;11:31:02.214;0.0;20.825962;4195296
142;11:31:02.386;0.0;20.828266;4195540
143;11:31:02.559;1.9;20.825526;4195652
144;11:31:02.731;1.8;20.827491;4195604
145;11:31:02.904;0.0;20.856740;4201276
146;11:31:03.075;1.5;20.865278;4203216
147;11:31:03.245;2.9;20.976256;4225572
148;11:31:03.416;1.6;21.050500;4240528
149;11:31:03.585;1.5;21.163761;4264896
150;11:31:03.754;1.5;21.276486;4285792
151;11:31:03.924;3.2;21.338300;4298756
152;11:31:04.093;0.0;21.444254;4321864
153;11:31:04.262;3.0;21.557515;4342664
154;11:31:04.430;4.5;21.630170;4357132
155;11:31:04.598;0.0;21.721232;4375644
156;11:31:04.767;4.3;21.732848;4377984
157;11:31:04.938;1.5;21.744067;4380024
158;11:31:05.106;1.5;21.742955;4380020
159;11:31:05.275;0.0;21.741942;4379816
160;11:31:05.444;0.0;21.745874;4380876
161;11:31:05.613;1.6;21.744841;4380180
162;11:31:05.782;0.0;21.744782;4380388
163;11:31:05.951;3.1;21.752526;4381948
164;11:31:06.119;1.5;21.754233;4382292
165;11:31:06.289;3.1;21.754233;4382292
166;11:31:06.458;1.6;21.762355;4383700
167;11:31:06.627;1.5;21.780186;4387520
168;11:31:06.796;1.6;21.790551;4389532
169;11:31:06.965;1.6;21.811797;4393888
170;11:31:07.134;1.6;22.183888;4468844
171;11:31:07.302;0.0;22.184007;4468868
172;11:31:07.472;3.0;22.185139;4469096
173;11:31:07.641;0.0;22.183173;4468700
174;11:31:07.810;0.0;22.184762;4469020
175;11:31:07.979;1.6;22.185933;4469256
176;11:31:08.147;1.6;22.185695;4469208
177;11:31:08.315;0.0;22.218379;4475792
178;11:31:08.484;1.5;22.218935;4475904
179;11:31:08.653;1.6;22.219074;4475932
180;11:31:08.822;0.0;22.218359;4475788
181;11:31:08.991;0.0;22.218141;4475744
182;11:31:09.160;0.0;22.220643;4476248
183;11:31:09.329;1.6;22.221893;4476500
184;11:31:09.498;0.0;22.219352;4475988
185;11:31:09.671;1.5;22.223264;4476776
186;11:31:09.844;1.5;22.222946;4476492
187;11:31:10.019;0.0;22.220106;4475920
188;11:31:10.195;1.5;22.219054;4475928
189;11:31:10.370;3.1;22.223939;4476912
190;11:31:10.544;2.9;22.224991;4477124
191;11:31:10.722;4.8;22.225607;4477248
192;11:31:10.892;1.5;22.226877;4477504
193;11:31:11.064;3.0;22.226441;4477416
194;11:31:11.246;1.6;22.226004;4477328
195;11:31:11.418;6.1;22.224495;4477024
196;11:31:11.595;3.2;22.223641;4476524
197;11:31:11.766;6.2;22.221794;4476480
198;11:31:11.942;3.0;22.226421;4477040
199;11:31:12.116;5.9;22.227414;4477612
200;11:31:12.288;1.5;22.225666;4477260
201;11:31:12.462;5.6;22.225090;4477144
202;11:31:12.635;7.9;22.232199;4478576
203;11:31:12.806;3.0;22.231663;4478468
204;11:31:12.977;0.0;22.240082;4480164
205;11:31:13.147;0.0;22.248183;4481796
206;11:31:13.323;4.5;22.234224;4478984
207;11:31:13.492;6.2;22.234324;4479156
208;11:31:13.666;8.2;22.235793;4479300
209;11:31:13.839;0.0;22.243577;4480648
210;11:31:14.015;1.4;22.251142;4482392
211;11:31:14.191;4.6;22.237521;4479648
212;11:31:14.361;8.8;22.237640;4479452
213;11:31:14.532;7.6;22.234046;4478948
214;11:31:14.704;5.9;22.236647;4479472
215;11:31:14.876;1.5;22.236647;4479676
216;11:31:15.048;3.0;22.238871;4480052
217;11:31:15.220;5.6;22.239546;4480056
218;11:31:15.390;1.5;22.239149;4479976
219;11:31:15.560;0.0;22.238772;4479900
220;11:31:15.731;0.0;22.236369;4479416
221;11:31:15.900;1.5;22.239347;4479796
222;11:31:16.070;3.3;22.235416;4479224
223;11:31:16.241;4.5;22.243140;4481224
224;11:31:16.412;1.5;22.284918;4488756
225;11:31:16.581;1.5;22.314961;4495500
226;11:31:16.751;0.0;22.357474;4503812
227;11:31:16.919;0.0;22.399152;4512208
228;11:31:17.087;1.5;22.429414;4518336
229;11:31:17.255;1.6;22.474686;4527424
230;11:31:17.423;0.0;22.516862;4537716
231;11:31:17.591;0.0;22.555026;4543388
232;11:31:17.759;1.5;22.598631;4552460
233;11:31:17.927;0.0;22.638622;4560448
234;11:31:18.096;0.0;22.635564;4559832
235;11:31:18.264;1.6;22.637867;4560296
236;11:31:18.432;0.0;22.637351;4559892
237;11:31:18.601;1.5;22.634472;4559864
238;11:31:18.770;0.0;22.635723;4559864
239;11:31:18.937;1.5;22.632744;4559264
240;11:31:19.106;1.6;22.631374;4558768
241;11:31:19.275;1.6;22.643208;4561372
242;11:31:19.443;0.0;22.705379;4573896
243;11:31:19.612;0.0;22.757344;4583996
244;11:31:19.780;0.0;22.980650;4628604
245;11:31:19.951;3.1;23.195338;4672596
246;11:31:20.120;0.0;23.197840;4673100
247;11:31:20.288;0.0;23.205147;4674824
248;11:31:20.461;1.5;23.250221;4683652
249;11:31:20.631;1.4;23.289756;4691616
250;11:31:20.799;0.0;23.289875;4691640
251;11:31:20.968;0.0;23.289100;4691484
252;11:31:21.136;0.0;23.291086;4691736
253;11:31:21.306;0.0;23.289001;4691464
254;11:31:21.474;1.5;23.288227;4691308
255;11:31:21.642;1.5;23.289160;4691496
256;11:31:21.811;0.0;23.289120;4691488
257;11:31:21.980;1.5;23.290431;4691752
258;11:31:22.148;0.0;23.290629;4691792
259;11:31:22.317;0.0;23.290212;4691708
260;11:31:22.486;1.6;23.288703;4690672
261;11:31:22.657;6.0;23.288922;4691448
262;11:31:22.829;3.1;23.288822;4691208
263;11:31:23.000;1.4;23.287274;4691116
264;11:31:23.169;3.0;23.285606;4690780
265;11:31:23.345;0.0;23.286340;4690928
266;11:31:23.515;1.5;23.284990;4690656
267;11:31:23.684;1.6;23.284712;4690600
268;11:31:23.853;1.6;23.283620;4690380
269;11:31:24.022;0.0;23.283719;4690400
270;11:31:24.191;0.0;23.285109;4690680
271;11:31:24.359;1.6;23.284434;4690544
272;11:31:24.529;0.0;23.294978;4692668
273;11:31:24.702;4.4;23.295514;4692776
274;11:31:24.872;3.1;23.297242;4693124
275;11:31:25.041;0.0;23.298492;4693376
276;11:31:25.209;1.5;23.298890;4693456
277;11:31:25.379;0.0;23.296785;4693032
278;11:31:25.548;1.3;23.297500;4693176
279;11:31:25.716;0.0;23.297539;4693184
280;11:31:25.886;1.4;23.299207;4693520
281;11:31:26.055;3.1;23.299207;4693300
282;11:31:26.224;7.5;23.707338;4774976
283;11:31:26.395;4.5;23.704002;4775316
284;11:31:26.563;3.1;23.709085;4776088
285;11:31:26.732;0.0;23.709006;4776072
286;11:31:26.901;1.5;23.708033;4775876
287;11:31:27.069;1.6;23.708132;4775676
288;11:31:27.238;0.0;23.710515;4776156
289;11:31:27.408;3.0;23.709562;4776288
290;11:31:27.576;1.5;23.710117;4776108
291;11:31:27.744;1.5;23.708132;4775748
292;11:31:27.914;1.4;23.706603;4775840
293;11:31:28.082;1.5;23.706881;4775644
294;11:31:28.250;0.0;23.706484;4775344
295;11:31:28.419;0.0;23.706643;4775596
296;11:31:28.588;0.0;23.706643;4775596
297;11:31:28.756;1.6;23.707060;4775680
298;11:31:28.924;1.5;23.707020;4775672
299;11:31:29.094;0.0;23.707318;4775732
300;11:31:29.263;1.6;23.707199;4775708
301;11:31:29.432;3.0;23.706067;4775480
302;11:31:29.601;3.0;23.704319;4775128
303;11:31:29.778;1.5;23.704180;4775100
304;11:31:29.954;3.1;23.704022;4775068
305;11:31:30.126;0.0;23.704339;4775132
306;11:31:30.296;1.6;23.708628;4775996
307;11:31:30.472;1.8;23.705114;4775288
308;11:31:30.642;1.9;23.705471;4775360
309;11:31:30.813;1.9;23.708330;4775496
310;11:31:30.984;1.7;23.709423;4776408
311;11:31:31.159;1.7;23.708569;4776016
312;11:31:31.333;0.0;23.707377;4775744
313;11:31:31.504;1.8;23.710971;4776468
314;11:31:31.674;0.0;23.710534;4776380
315;11:31:31.845;1.8;23.711468;4776568
316;11:31:32.016;1.8;23.708688;4775804
317;11:31:32.187;3.8;23.707278;4775724
318;11:31:32.358;3.5;23.707298;4775728
319;11:31:32.529;1.8;23.707397;4775748
320;11:31:32.700;1.8;23.709979;4775880
321;11:31:32.869;0.0;23.708311;4775784
322;11:31:33.040;1.8;23.706007;4775468
323;11:31:33.211;1.9;23.705670;4775400
324;11:31:33.381;1.7;23.702731;4774808
325;11:31:33.552;1.6;23.704300;4775156
326;11:31:33.725;1.8;23.706583;4775584
327;11:31:33.895;1.6;23.705987;4775464
328;11:31:34.066;1.6;23.710137;4776672
329;11:31:34.237;0.0;23.711011;4776108
330;11:31:34.408;5.1;23.705173;4774972
331;11:31:34.578;3.3;23.706821;4775884
332;11:31:34.749;1.6;23.707377;4776060
333;11:31:34.920;1.6;23.709899;4776252
334;11:31:35.093;1.6;23.709264;4776124
335;11:31:35.263;0.0;23.710991;4776252
336;11:31:35.433;1.6;23.709562;4776184
337;11:31:35.604;3.0;23.707199;4775708
338;11:31:35.777;1.6;23.704161;4775348
339;11:31:35.948;2.9;23.706186;4775504
340;11:31:36.118;1.5;23.706404;4775372
341;11:31:36.289;1.5;23.705491;4775364
342;11:31:36.459;2.9;23.707298;4775728
343;11:31:36.631;1.5;23.708271;4775856
344;11:31:36.802;2.9;23.709899;4776252
345;11:31:36.974;1.5;23.709581;4776188
346;11:31:37.144;4.1;23.712719;4776820
347;11:31:37.316;2.9;23.713493;4776976
348;11:31:37.487;6.8;23.711706;4776908
349;11:31:37.658;2.8;23.707139;4776208
350;11:31:37.829;4.3;23.710495;4776152
351;11:31:38.002;4.2;23.708251;4775768
352;11:31:38.174;2.9;23.712381;4776600
353;11:31:38.344;6.2;23.711964;4776668
354;11:31:38.515;4.1;23.711805;4776636
355;11:31:38.686;6.7;23.711984;4776672
356;11:31:38.856;7.6;23.713692;4777016
357;11:31:39.029;2.8;23.712500;4776776
358;11:31:39.200;2.9;23.712282;4776732
359;11:31:39.372;2.8;23.710733;4776420
360;11:31:39.544;5.6;23.710098;4776144
361;11:31:39.716;4.3;23.710594;4776392
362;11:31:39.894;1.5;23.707119;4776104
363;11:31:40.065;1.5;23.709006;4776072
364;11:31:40.236;1.5;23.708172;4775904
365;11:31:40.407;0.0;23.709145;4775880
366;11:31:40.576;0.0;23.708787;4775876
367;11:31:40.748;3.0;23.707695;4775808
368;11:31:40.918;0.0;23.710673;4776408
369;11:31:41.088;2.9;23.713851;4777048
370;11:31:41.258;0.0;23.712560;4776788
371;11:31:41.430;0.0;23.712242;4776724
372;11:31:41.600;2.9;23.709720;4776216
373;11:31:41.771;1.5;23.708311;4775932
374;11:31:41.943;0.0;23.709760;4776224
375;11:31:42.113;1.5;23.710316;4775752
376;11:31:42.286;4.5;23.707159;4775952
377;11:31:42.456;2.9;23.704756;4775468
378;11:31:42.626;1.5;23.705630;4775896
379;11:31:42.797;3.1;23.709045;4776080
380;11:31:42.969;3.0;23.777113;4789792
381;11:31:43.138;1.5;23.881757;4810872
382;11:31:43.306;0.0;23.983680;4831404
383;11:31:43.474;1.5;24.086160;4853812
384;11:31:43.644;6.2;24.124304;4859404
385;11:31:43.812;1.5;24.202678;4875520
386;11:31:43.982;1.5;24.283414;4891784
387;11:31:44.151;0.0;24.366970;4908616
388;11:31:44.320;3.1;24.447925;4925176
389;11:31:44.488;1.5;24.540119;4943748
390;11:31:44.656;3.0;24.578620;4951072
391;11:31:44.826;1.6;24.604632;4956996
392;11:31:44.995;1.5;24.629215;4961444
393;11:31:45.165;3.2;24.671092;4969880
394;11:31:45.334;0.0;24.721230;4980344
395;11:31:45.502;1.5;24.744422;4984568
396;11:31:45.672;1.5;24.776232;4993160
397;11:31:45.842;1.6;24.856512;5007328
398;11:31:46.010;1.5;24.959885;5027836
399;11:31:46.178;4.5;25.032024;5042588
400;11:31:46.347;2.9;25.031944;5042276
401;11:31:46.516;1.5;25.030733;5042588
402;11:31:46.685;1.5;25.033394;5042568
403;11:31:46.853;1.5;25.043640;5044928
404;11:31:47.022;1.5;25.039807;5044400
405;11:31:47.192;1.5;25.319704;5100540
406;11:31:47.361;0.0;25.319228;5100296
407;11:31:47.529;3.0;25.317202;5100280
408;11:31:47.698;0.0;25.320578;5100716
409;11:31:47.866;1.5;25.321710;5100944
410;11:31:48.034;0.0;25.320598;5100572
411;11:31:48.203;1.5;25.319347;5100728
412;11:31:48.371;0.0;25.338667;5104360
413;11:31:48.539;0.0;25.337516;5103832
414;11:31:48.708;1.6;25.337694;5104164
415;11:31:48.877;1.6;25.338270;5104280
416;11:31:49.046;1.5;25.340653;5104612
417;11:31:49.214;0.0;25.341229;5104876
418;11:31:49.382;0.0;25.340752;5104580
419;11:31:49.550;1.5;25.340693;5104472
420;11:31:49.719;3.2;25.350363;5106944
421;11:31:49.887;1.5;25.352944;5107088
422;11:31:50.056;0.0;25.349727;5107100
423;11:31:50.225;1.5;25.352746;5107308
424;11:31:50.396;1.6;25.351097;5106968
425;11:31:50.565;3.1;25.345121;5105484
426;11:31:50.738;4.6;25.342301;5105352
427;11:31:50.908;9.1;25.262379;5088948
Build Completed
