ID; Time; CPU %; MEM %; MEM KiB
1;10:51:18.875;23.5;19.483425;3924848
2;10:51:19.047;24.3;19.554968;3939260
3;10:51:19.215;20.6;19.587215;3945536
4;10:51:19.383;14.9;19.642099;3957064
5;10:51:19.552;3.0;19.645812;3957560
6;10:51:19.724;18.8;19.740229;3976580
7;10:51:19.894;19.4;19.745611;3977444
8;10:51:20.063;1.5;19.744240;3977444
9;10:51:20.235;0.0;19.745491;3977640
10;10:51:20.405;1.4;19.744240;3977388
11;10:51:20.575;4.6;19.745293;3977380
12;10:51:20.744;1.5;19.742811;3977344
13;10:51:20.919;19.0;19.687570;3965752
14;10:51:21.087;4.7;19.687074;3965872
15;10:51:21.256;3.2;19.685068;3965468
16;10:51:21.426;3.1;19.688066;3966072
17;10:51:21.596;2.9;19.690648;3966592
18;10:51:21.769;4.7;19.694520;3967372
19;10:51:21.942;1.7;19.693328;3966912
20;10:51:22.112;3.1;19.693150;3967096
21;10:51:22.281;3.1;19.696208;3967492
22;10:51:22.450;4.5;19.690330;3966308
23;10:51:22.619;0.0;19.693050;3967076
24;10:51:22.793;3.1;19.693626;3967192
25;10:51:22.966;3.6;19.690310;3966304
26;10:51:23.137;1.7;19.689258;3966312
27;10:51:23.306;1.5;19.692494;3966964
28;10:51:23.480;4.6;19.700973;3968672
29;10:51:23.654;7.7;19.685862;3965408
30;10:51:23.826;0.0;19.685247;3965504
31;10:51:23.998;0.0;19.689377;3966336
32;10:51:24.173;3.1;19.696029;3967456
33;10:51:24.348;4.5;19.701728;3969092
34;10:51:24.526;6.1;19.687371;3965712
35;10:51:24.702;2.0;19.685644;3965584
36;10:51:24.874;2.0;19.686438;3965744
37;10:51:25.044;1.9;19.682110;3964872
38;10:51:25.215;5.8;19.683658;3965436
39;10:51:25.387;3.4;19.681792;3964808
40;10:51:25.556;0.0;19.706950;3969656
41;10:51:25.726;1.6;19.726648;3973844
42;10:51:25.896;3.3;19.760602;3980684
43;10:51:26.066;3.3;19.781908;3984976
44;10:51:26.236;3.3;19.798389;3988076
45;10:51:26.406;1.7;19.817590;3992164
46;10:51:26.575;1.5;19.849261;3998324
47;10:51:26.744;1.5;19.890384;4006828
48;10:51:26.912;2.9;19.921063;4013252
49;10:51:27.080;0.0;19.954362;4019496
50;10:51:27.249;0.0;19.993499;4027600
51;10:51:27.418;1.5;20.036826;4036328
52;10:51:27.587;1.6;20.065916;4044204
53;10:51:27.755;1.6;20.116470;4052372
54;10:51:27.924;1.6;20.157494;4060636
55;10:51:28.092;0.0;20.186782;4066536
56;10:51:28.261;1.6;20.225284;4074292
57;10:51:28.430;1.6;20.223636;4073960
58;10:51:28.599;1.6;20.225363;4074308
59;10:51:28.767;3.1;20.225562;4074348
60;10:51:28.935;1.6;20.230268;4075296
61;10:51:29.103;3.1;20.230307;4075304
62;10:51:29.272;0.0;20.228838;4074788
63;10:51:29.442;3.1;20.228858;4075012
64;10:51:29.611;0.0;20.237952;4076844
65;10:51:29.779;1.5;20.301056;4089556
66;10:51:29.948;3.0;20.352484;4099916
67;10:51:30.116;3.2;20.580060;4145256
68;10:51:30.287;7.1;20.819787;4194052
69;10:51:30.457;0.0;20.822368;4194572
70;10:51:30.626;3.0;20.820641;4194020
71;10:51:30.795;0.0;20.860592;4202272
72;10:51:30.963;1.5;20.904415;4211100
73;10:51:31.132;1.6;20.904971;4211212
74;10:51:31.301;1.4;20.904971;4211212
75;10:51:31.470;3.0;20.904098;4211036
76;10:51:31.638;3.0;20.903581;4210932
77;10:51:31.807;1.6;20.903581;4210932
78;10:51:31.976;1.6;20.902291;4210672
79;10:51:32.145;0.0;20.903164;4210848
80;10:51:32.314;0.0;20.903840;4210984
81;10:51:32.482;0.0;20.903800;4210976
82;10:51:32.651;1.5;20.903939;4211004
83;10:51:32.820;18.5;20.959676;4222232
84;10:51:32.989;7.8;20.961185;4222536
85;10:51:33.158;0.0;20.962734;4222628
86;10:51:33.327;1.5;20.962893;4222880
87;10:51:33.496;7.5;20.873896;4205204
88;10:51:33.670;6.1;20.880409;4206264
89;10:51:33.839;10.4;20.881561;4206772
90;10:51:34.009;1.6;20.880528;4206068
91;10:51:34.182;1.5;20.879079;4205996
92;10:51:34.350;0.0;20.882414;4206668
93;10:51:34.519;1.5;20.885055;4207200
94;10:51:34.687;1.5;20.883785;4206944
95;10:51:34.856;3.1;21.015890;4235604
96;10:51:35.026;3.0;21.095792;4249652
97;10:51:35.195;3.2;21.095991;4249692
98;10:51:35.364;1.5;21.095832;4249660
99;10:51:35.533;0.0;21.096150;4249724
100;10:51:35.703;0.0;21.097182;4249932
101;10:51:35.873;0.0;21.099486;4250176
102;10:51:36.042;1.5;21.097738;4250320
103;10:51:36.218;5.9;21.101749;4250852
104;10:51:36.393;4.5;21.098314;4250160
105;10:51:36.570;3.0;21.099486;4250396
106;10:51:36.748;3.2;21.099863;4250472
107;10:51:36.917;1.6;21.099863;4250472
108;10:51:37.085;3.2;21.098791;4250256
109;10:51:37.254;0.0;21.097500;4249776
110;10:51:37.422;3.1;21.097401;4249976
111;10:51:37.591;1.5;21.105304;4251836
112;10:51:37.760;3.0;21.352656;4301396
113;10:51:37.930;0.0;21.351782;4301220
114;10:51:38.100;1.6;21.352576;4301380
115;10:51:38.269;3.1;21.351405;4301144
116;10:51:38.438;1.5;21.351544;4300952
117;10:51:38.608;3.1;21.353728;4301612
118;10:51:38.785;6.1;21.355257;4301920
119;10:51:38.955;4.3;21.356329;4301912
120;10:51:39.128;2.9;21.360301;4302936
121;10:51:39.306;7.4;21.357580;4302388
122;10:51:39.476;4.1;21.357124;4302296
123;10:51:39.648;7.7;21.354264;4301720
124;10:51:39.820;6.4;21.354522;4301772
125;10:51:39.991;9.9;21.356349;4302140
126;10:51:40.162;11.0;21.353609;4301588
127;10:51:40.332;10.8;21.354363;4301672
128;10:51:40.504;12.9;21.354959;4301860
129;10:51:40.677;15.7;21.353847;4301636
130;10:51:40.848;14.7;21.357699;4302412
131;10:51:41.022;13.9;21.356826;4302456
132;10:51:41.192;12.0;21.355853;4302040
133;10:51:41.364;5.5;21.357163;4302524
134;10:51:41.535;16.4;21.355277;4301924
135;10:51:41.706;4.3;21.357163;4302304
136;10:51:41.878;4.6;21.356786;4302228
137;10:51:42.050;6.0;21.356647;4302568
138;10:51:42.222;6.1;21.355416;4301952
139;10:51:42.395;3.1;21.358176;4302508
140;10:51:42.567;1.6;21.357163;4302304
141;10:51:42.737;3.3;21.357004;4302272
142;10:51:42.908;1.9;21.355039;4302128
143;10:51:43.080;3.7;21.356508;4302172
144;10:51:43.250;3.8;21.360956;4303068
145;10:51:43.421;0.0;21.360301;4302936
146;10:51:43.594;1.9;21.360181;4302692
147;10:51:43.766;1.9;21.357918;4302616
148;10:51:43.938;3.6;21.358255;4302664
149;10:51:44.112;1.9;21.356012;4302004
150;10:51:44.284;1.9;21.357580;4302664
151;10:51:44.456;3.6;21.358295;4302364
152;10:51:44.628;3.7;21.359963;4302868
153;10:51:44.799;1.9;21.361174;4303112
154;10:51:44.971;5.6;21.359486;4302252
155;10:51:45.144;3.6;21.358136;4302280
156;10:51:45.314;1.8;21.357997;4302472
157;10:51:45.486;1.9;21.355356;4301940
158;10:51:45.658;1.9;21.356290;4302384
159;10:51:45.831;0.0;21.356687;4302208
160;10:51:46.002;1.9;21.360440;4302964
161;10:51:46.176;1.9;21.359129;4302700
162;10:51:46.347;5.6;21.357481;4302148
163;10:51:46.520;1.9;21.355753;4302060
164;10:51:46.692;3.5;21.360241;4302924
165;10:51:46.863;0.0;21.354999;4302452
166;10:51:47.034;0.0;21.357124;4302148
167;10:51:47.204;0.0;21.356707;4302212
168;10:51:47.373;0.0;21.355873;4302296
169;10:51:47.543;1.6;21.375253;4305948
170;10:51:47.713;1.5;21.487740;4328608
171;10:51:47.882;1.5;21.600306;4351284
172;10:51:48.050;3.1;21.670757;4365476
173;10:51:48.222;1.4;21.784475;4388644
174;10:51:48.390;1.6;21.885981;4411108
175;10:51:48.559;6.2;21.955638;4422836
176;10:51:48.728;1.5;22.042907;4440444
177;10:51:48.896;4.5;22.055059;4442892
178;10:51:49.065;1.6;22.057720;4443428
179;10:51:49.233;1.6;22.056628;4443208
180;10:51:49.402;0.0;22.068979;4445956
181;10:51:49.571;3.1;22.069654;4445832
182;10:51:49.740;1.5;22.070905;4446084
183;10:51:49.909;0.0;22.071064;4446116
184;10:51:50.077;3.1;22.070011;4445904
185;10:51:50.246;1.5;22.071342;4446172
186;10:51:50.415;3.2;22.081349;4448188
187;10:51:50.584;1.6;22.091357;4450204
188;10:51:50.752;1.5;22.110558;4454072
189;10:51:50.922;3.1;22.130931;4458428
190;10:51:51.091;2.9;22.140978;4460752
191;10:51:51.260;0.0;22.521190;4536792
192;10:51:51.429;1.5;22.520912;4536736
193;10:51:51.598;1.5;22.518450;4536240
194;10:51:51.768;1.3;22.520992;4536532
195;10:51:51.937;0.0;22.519880;4536308
196;10:51:52.106;1.6;22.522660;4536868
197;10:51:52.276;1.6;22.521726;4536900
198;10:51:52.445;0.0;22.523255;4536988
199;10:51:52.614;0.0;22.542973;4541180
200;10:51:52.782;1.5;22.545614;4541712
201;10:51:52.951;1.5;22.545733;4541736
202;10:51:53.120;1.6;22.545733;4541516
203;10:51:53.289;3.2;22.544740;4541536
204;10:51:53.457;3.0;22.543906;4541368
205;10:51:53.626;0.0;22.543866;4541140
206;10:51:53.931;0.0;22.543509;4541068
207;10:51:54.101;16.9;22.628852;4558528
208;10:51:54.270;23.1;22.642593;4561408
209;10:51:54.441;3.2;22.644400;4561612
210;10:51:54.610;1.6;22.643824;4561496
211;10:51:54.780;1.5;22.645075;4561748
212;10:51:54.952;4.5;22.644042;4561540
213;10:51:55.124;4.5;22.647180;4562172
214;10:51:55.301;5.9;22.645254;4561784
215;10:51:55.477;3.1;22.646842;4562104
216;10:51:55.652;4.5;22.647080;4562152
217;10:51:55.828;4.8;22.648550;4562448
218;10:51:55.998;8.7;22.542238;4541284
219;10:51:56.167;3.2;22.546368;4541864
220;10:51:56.336;4.8;22.558421;4544292
221;10:51:56.505;3.0;22.557170;4543820
222;10:51:56.674;1.6;22.557051;4544016
223;10:51:56.843;3.1;22.557270;4543840
224;10:51:57.012;3.1;22.554331;4543468
225;10:51:57.185;7.5;22.542973;4541180
226;10:51:57.357;4.7;22.552047;4543008
227;10:51:57.528;3.1;22.546349;4541856
228;10:51:57.700;4.5;22.552921;4543184
229;10:51:57.878;4.5;22.555443;4543692
230;10:51:58.051;4.6;22.551968;4542992
231;10:51:58.223;1.6;22.559891;4544368
232;10:51:58.393;3.1;22.557409;4544088
233;10:51:58.569;1.6;22.557131;4544032
234;10:51:58.746;4.3;22.560149;4544640
235;10:51:58.918;5.8;22.561022;4544816
236;10:51:59.090;5.8;22.558938;4544396
237;10:51:59.265;5.3;22.562075;4545028
238;10:51:59.434;10.5;22.558342;4544056
239;10:51:59.604;2.9;22.563544;4545468
240;10:51:59.777;2.7;22.574426;4547676
241;10:51:59.954;3.1;22.559950;4544600
242;10:52:00.124;8.1;22.559275;4544464
243;10:52:00.297;13.0;22.562452;4545104
244;10:52:00.468;6.5;22.564517;4545520
245;10:52:00.642;11.3;22.564080;4545836
246;10:52:00.813;8.7;22.560447;4545156
247;10:52:00.984;4.9;22.561340;4544920
248;10:52:01.156;6.5;22.565450;4545680
249;10:52:01.328;1.6;22.565232;4545916
250;10:52:01.499;1.6;22.565391;4545696
251;10:52:01.670;4.7;22.564716;4545340
252;10:52:01.839;0.0;22.574287;4547488
253;10:52:02.009;1.6;22.603098;4553292
254;10:52:02.179;4.9;22.624206;4557396
255;10:52:02.348;1.6;22.653176;4563160
256;10:52:02.518;1.7;22.665368;4566096
257;10:52:02.689;1.6;22.696940;4572196
258;10:52:02.858;3.0;22.738023;4580472
259;10:52:03.026;0.0;22.769297;4586772
260;10:52:03.194;3.1;22.809646;4594900
261;10:52:03.363;1.6;22.840761;4601168
262;10:52:03.531;0.0;22.880017;4609076
263;10:52:03.699;1.5;22.912264;4615424
264;10:52:03.868;1.6;22.950269;4623228
265;10:52:04.036;0.0;22.992405;4631496
266;10:52:04.206;0.0;23.029675;4639072
267;10:52:04.374;1.5;23.062319;4647848
268;10:52:04.543;3.1;23.103621;4653900
269;10:52:04.712;1.5;23.101854;4653764
270;10:52:04.881;0.0;23.103105;4654016
271;10:52:05.050;0.0;23.101615;4653568
272;10:52:05.220;4.5;23.098319;4653052
273;10:52:05.389;1.6;23.101000;4653592
274;10:52:05.558;3.0;23.100027;4653396
275;10:52:05.727;0.0;23.098160;4653020
276;10:52:05.896;0.0;23.119625;4657344
277;10:52:06.066;1.6;23.183940;4670300
278;10:52:06.235;1.6;23.225897;4678532
279;10:52:06.404;4.7;23.456630;4725712
280;10:52:06.575;4.6;23.688394;4772172
281;10:52:06.744;3.0;23.692028;4772652
282;10:52:06.913;1.6;23.693319;4772912
283;10:52:07.082;3.1;23.736209;4781552
284;10:52:07.251;1.5;23.776518;4789672
285;10:52:07.420;3.1;23.776379;4789644
286;10:52:07.589;0.0;23.774393;4789244
287;10:52:07.758;3.0;23.777054;4789412
288;10:52:07.927;1.5;23.775644;4789496
289;10:52:08.096;1.5;23.775485;4789244
290;10:52:08.266;1.6;23.773301;4789024
291;10:52:08.435;3.1;23.773023;4788968
292;10:52:08.604;3.1;23.773261;4788796
293;10:52:08.774;0.0;23.772745;4788912
294;10:52:08.943;1.6;23.773261;4788796
295;10:52:09.111;7.9;23.777332;4790164
296;10:52:09.281;4.5;23.782951;4790672
297;10:52:09.450;3.1;23.779774;4790328
298;10:52:09.619;7.9;23.772308;4789328
299;10:52:09.790;18.8;23.874629;4809436
300;10:52:09.959;6.3;23.869545;4808412
301;10:52:10.128;0.0;23.873358;4809180
302;10:52:10.297;1.5;23.875701;4809432
303;10:52:10.466;1.5;23.873100;4809128
304;10:52:10.634;3.0;23.873020;4809112
305;10:52:10.803;1.5;23.876634;4810108
306;10:52:10.971;1.6;24.081871;4852148
307;10:52:11.141;3.0;24.085683;4851732
308;10:52:11.310;1.6;24.091442;4853112
309;10:52:11.480;1.6;24.089277;4852676
310;10:52:11.649;0.0;24.089436;4852708
311;10:52:11.818;1.5;24.091005;4853024
312;10:52:11.987;1.5;24.090707;4852964
313;10:52:12.156;3.1;24.093983;4853624
314;10:52:12.325;3.0;24.090826;4852988
315;10:52:12.495;1.4;24.090568;4853196
316;10:52:12.664;1.6;24.090905;4853004
317;10:52:12.832;3.1;24.100357;4855020
318;10:52:13.002;7.0;24.413454;4918632
319;10:52:13.173;3.1;24.415619;4918668
320;10:52:13.346;1.5;24.418498;4918996
321;10:52:13.516;3.2;24.419868;4919052
322;10:52:13.685;1.5;24.418319;4918960
323;10:52:13.854;0.0;24.420821;4919464
324;10:52:14.023;0.0;24.420781;4919456
325;10:52:14.192;1.5;24.422429;4919868
326;10:52:14.363;3.1;24.421278;4919556
327;10:52:14.532;0.0;24.420662;4919432
328;10:52:14.702;3.0;24.422191;4919740
329;10:52:14.870;3.1;24.422151;4919732
330;10:52:15.039;4.5;24.303707;4897156
331;10:52:15.209;7.7;24.328012;4900768
332;10:52:15.381;3.1;24.329223;4901012
333;10:52:15.551;0.0;24.329302;4901028
334;10:52:15.719;7.2;24.329759;4901120
335;10:52:15.892;4.7;24.329997;4901168
336;10:52:16.061;1.6;24.329918;4901152
337;10:52:16.230;4.7;24.329878;4901144
338;10:52:16.399;1.6;24.329144;4900996
339;10:52:16.568;1.6;24.329104;4900988
340;10:52:16.737;1.6;24.328012;4900768
341;10:52:16.906;1.6;24.327714;4900708
342;10:52:17.075;1.6;24.327654;4900776
343;10:52:17.244;3.0;24.328290;4900824
344;10:52:17.415;4.4;24.330633;4901296
345;10:52:17.590;4.5;24.330672;4901304
346;10:52:17.760;3.8;24.330037;4901176
347;10:52:17.931;1.7;24.332003;4901572
348;10:52:18.103;3.4;24.323048;4899936
349;10:52:18.274;1.9;24.323901;4899940
350;10:52:18.445;1.8;24.324894;4900392
351;10:52:18.616;4.8;24.323961;4900204
352;10:52:18.790;1.7;24.326562;4900476
353;10:52:18.962;3.6;24.327555;4900676
354;10:52:19.131;0.0;24.327694;4900864
355;10:52:19.303;1.7;24.326284;4900672
356;10:52:19.475;1.8;24.328310;4900608
357;10:52:19.647;1.9;24.329163;4901000
358;10:52:19.819;1.7;24.332221;4901616
359;10:52:19.989;3.5;24.330474;4901264
360;10:52:20.160;0.0;24.332360;4901644
361;10:52:20.332;3.6;24.332360;4901644
362;10:52:20.504;3.5;24.330395;4901500
363;10:52:20.675;0.0;24.330494;4901520
364;10:52:20.846;3.4;24.334525;4901784
365;10:52:21.017;1.7;24.332678;4901664
366;10:52:21.190;0.0;24.333730;4901920
367;10:52:21.362;6.8;24.335597;4902296
368;10:52:21.534;1.7;24.335239;4902076
369;10:52:21.706;1.6;24.332499;4901672
370;10:52:21.879;4.8;24.333433;4901860
371;10:52:22.051;1.6;24.334386;4902052
372;10:52:22.221;1.6;24.333115;4901796
373;10:52:22.391;1.6;24.333413;4901856
374;10:52:22.562;1.6;24.333353;4901844
375;10:52:22.732;1.6;24.335716;4902596
376;10:52:22.902;1.6;24.335557;4902464
377;10:52:23.073;3.0;24.335498;4902276
378;10:52:23.245;1.5;24.335815;4902340
379;10:52:23.415;0.0;24.333969;4901960
380;10:52:23.586;1.6;24.333969;4901968
381;10:52:23.757;1.5;24.333472;4902164
382;10:52:23.928;4.4;24.335279;4902232
383;10:52:24.102;1.5;24.332738;4901720
384;10:52:24.272;1.4;24.332976;4902020
385;10:52:24.443;2.9;24.333393;4902184
386;10:52:24.616;2.9;24.332599;4901692
387;10:52:24.787;1.5;24.332599;4901692
388;10:52:24.958;4.3;24.331228;4901684
389;10:52:25.130;2.9;24.332281;4901628
390;10:52:25.301;4.3;24.332777;4901580
391;10:52:25.472;1.5;24.331606;4901492
392;10:52:25.643;4.4;24.333016;4901776
393;10:52:25.816;6.8;24.334743;4902124
394;10:52:25.991;2.8;24.335676;4902160
395;10:52:26.162;3.0;24.335835;4902496
396;10:52:26.333;4.1;24.332837;4901740
397;10:52:26.504;5.9;24.333651;4901904
398;10:52:26.676;6.6;24.334386;4902052
399;10:52:26.848;5.6;24.332658;4901704
400;10:52:27.020;4.2;24.333969;4901968
401;10:52:27.192;2.9;24.334564;4902088
402;10:52:27.365;5.5;24.335041;4902184
403;10:52:27.536;4.4;24.335041;4902184
404;10:52:27.707;9.1;24.333194;4901812
405;10:52:27.880;1.4;24.333631;4901900
406;10:52:28.051;1.5;24.335855;4902196
407;10:52:28.221;2.9;24.336193;4902568
408;10:52:28.394;2.9;24.338079;4902948
409;10:52:28.565;1.5;24.337722;4902724
410;10:52:28.736;0.0;24.337404;4902512
411;10:52:28.907;4.4;24.334147;4902004
412;10:52:29.078;1.5;24.332221;4901616
413;10:52:29.250;1.5;24.331784;4901932
414;10:52:29.422;3.0;24.336332;4902444
415;10:52:29.593;4.3;24.335378;4902252
416;10:52:29.768;6.2;24.343698;4904180
417;10:52:29.937;3.1;24.346081;4904408
418;10:52:30.106;4.7;24.349437;4905084
419;10:52:30.275;1.6;24.347531;4904700
420;10:52:30.444;1.6;24.346955;4904584
421;10:52:30.612;1.6;24.378566;4910952
422;10:52:30.781;1.6;24.492602;4933924
423;10:52:30.949;3.1;24.573597;4950240
424;10:52:31.118;4.7;24.644286;4964308
425;10:52:31.287;4.6;24.729589;4981916
426;10:52:31.456;1.6;24.783897;4992604
427;10:52:31.625;1.6;24.876706;5011300
428;10:52:31.794;3.0;24.944854;5024700
429;10:52:31.963;1.6;25.048326;5046124
430;10:52:32.132;3.1;25.104400;5059184
431;10:52:32.301;3.1;25.142029;5065000
432;10:52:32.470;3.1;25.175050;5071400
433;10:52:32.639;3.0;25.207674;5077972
434;10:52:32.809;1.5;25.234858;5083448
435;10:52:32.979;1.6;25.277767;5092092
436;10:52:33.148;3.1;25.299709;5096512
437;10:52:33.317;3.1;25.341626;5105208
438;10:52:33.487;1.4;25.434594;5123684
439;10:52:33.656;0.0;25.527244;5142348
440;10:52:33.825;6.1;25.575952;5152160
441;10:52:33.994;4.8;25.574781;5152176
442;10:52:34.163;1.6;25.577362;5152444
443;10:52:34.333;0.0;25.577362;5152552
444;10:52:34.502;3.1;25.578653;5152704
445;10:52:34.671;0.0;25.578276;5152628
446;10:52:34.841;4.5;25.858887;5209156
447;10:52:35.010;1.5;25.858967;5209172
448;10:52:35.179;1.5;25.861548;5209692
449;10:52:35.348;1.6;25.861548;5209692
450;10:52:35.516;1.5;25.861509;5209464
451;10:52:35.686;1.6;25.861806;5209744
452;10:52:35.856;4.6;25.862005;5209784
453;10:52:36.025;0.0;25.861926;5209768
454;10:52:36.194;1.6;25.872549;5211908
455;10:52:36.363;1.6;25.872271;5211852
456;10:52:36.532;0.0;25.872390;5211876
457;10:52:36.701;1.6;25.872231;5211844
458;10:52:36.870;1.6;25.872191;5211836
459;10:52:37.038;3.0;25.872032;5211804
460;10:52:37.207;1.6;25.873522;5212104
461;10:52:37.376;1.6;25.873561;5212112
462;10:52:37.546;7.5;25.870226;5211692
463;10:52:37.716;6.2;25.899911;5217420
464;10:52:37.884;1.5;25.902552;5218204
465;10:52:38.053;1.5;25.905094;5218464
466;10:52:38.222;3.0;25.905252;5218496
467;10:52:38.390;0.0;25.905372;5218520
468;10:52:38.561;1.6;25.902075;5217856
469;10:52:38.729;0.0;25.902671;5217976
470;10:52:38.898;1.6;25.905292;5218620
471;10:52:39.068;1.5;25.905292;5218284
472;10:52:39.237;8.1;25.899017;5217240
473;10:52:39.407;5.0;25.902909;5217876
474;10:52:39.576;1.6;25.898104;5217308
475;10:52:39.747;10.9;25.895106;5216712
476;10:52:39.956;23.4;25.980171;5233588
477;10:52:40.132;1.5;25.976557;5233372
478;10:52:40.303;3.2;25.983408;5233912
479;10:52:40.474;1.6;25.976180;5232784
480;10:52:40.644;4.5;25.971990;5231612
481;10:52:40.829;15.4;25.976597;5232868
482;10:52:41.006;1.5;25.973499;5232244
483;10:52:41.176;12.5;25.896416;5217220
484;10:52:41.350;6.1;25.895999;5216632
485;10:52:41.519;4.7;25.896873;5216808
486;10:52:41.688;3.1;25.901658;5217772
487;10:52:41.857;1.6;25.902333;5217908
488;10:52:42.027;1.6;25.895979;5216408
489;10:52:42.199;14.1;25.966986;5231940
490;10:52:42.368;14.1;25.975882;5232724
491;10:52:42.537;6.3;25.871874;5211928
492;10:52:42.707;7.7;25.901083;5217932
493;10:52:42.876;6.0;25.902016;5217844
494;10:52:43.050;4.6;25.901023;5217644
495;10:52:43.220;4.5;25.904021;5218248
496;10:52:43.389;14.1;25.954199;5228608
497;10:52:43.558;7.8;25.971255;5231792
498;10:52:43.727;1.5;25.973638;5232272
499;10:52:43.896;1.4;25.976259;5232800
500;10:52:44.065;3.2;25.840838;5205300
501;10:52:44.238;6.2;25.617373;5160504
Build Completed
