ID; Time; CPU %; MEM %; MEM KiB
1;15:31:16.041;1.5;25.246429;5085820
2;15:31:16.212;1.6;25.247342;5085744
3;15:31:16.381;5.9;25.243252;5085392
4;15:31:16.551;4.4;25.242616;5084792
5;15:31:16.728;1.5;25.241485;5085044
6;15:31:16.898;1.5;25.244225;5085556
7;15:31:17.069;0.0;25.246349;5085544
8;15:31:17.241;1.5;25.247402;5085756
9;15:31:17.410;1.6;25.245674;5085408
10;15:31:17.581;0.0;25.244880;5085468
11;15:31:17.751;1.5;25.244960;5085264
12;15:31:17.920;1.6;25.242815;5085344
13;15:31:18.090;1.6;25.241743;5084836
14;15:31:18.261;1.5;25.242994;5085088
15;15:31:18.434;1.5;25.245416;5085576
16;15:31:18.609;0.0;25.244086;5085308
17;15:31:18.786;0.0;25.245456;5085584
18;15:31:18.961;1.5;25.247998;5086096
19;15:31:19.138;2.9;25.246747;5085844
20;15:31:19.312;1.6;25.248653;5086228
21;15:31:19.486;1.5;25.246627;5085820
22;15:31:19.662;1.5;25.247720;5085820
23;15:31:19.837;1.5;25.246627;5085820
24;15:31:20.012;3.1;25.248057;5086376
25;15:31:20.183;0.0;25.246568;5086052
26;15:31:20.352;0.0;25.247819;5086060
27;15:31:20.528;1.5;25.249149;5086108
28;15:31:20.697;0.0;25.247501;5085996
29;15:31:20.866;0.0;25.257906;5088092
30;15:31:21.034;0.0;25.275578;5091432
31;15:31:21.203;6.1;25.508813;5140700
32;15:31:21.375;4.5;25.706047;5178368
33;15:31:21.545;3.0;25.705888;5178116
34;15:31:21.716;1.5;25.705114;5178440
35;15:31:21.887;2.9;25.708271;5178848
36;15:31:22.063;2.8;25.707496;5178960
37;15:31:22.240;3.0;25.711627;5179272
38;15:31:22.415;1.6;25.707973;5178756
39;15:31:22.587;0.0;25.713215;5179812
40;15:31:22.761;1.5;25.713275;5179824
41;15:31:22.936;1.6;25.707179;5178848
42;15:31:23.107;3.1;25.706881;5178868
43;15:31:23.282;1.6;25.710971;5179360
44;15:31:23.460;1.5;25.708926;5178948
45;15:31:23.629;0.0;25.709879;5179140
46;15:31:23.808;3.1;25.708648;5178892
47;15:31:23.981;2.9;25.711785;5179524
48;15:31:24.156;1.7;25.707516;5178900
49;15:31:24.330;0.0;25.715558;5180284
50;15:31:24.501;0.0;25.721197;5181200
51;15:31:24.677;3.1;25.714208;5180280
52;15:31:24.851;3.2;25.711091;5179384
53;15:31:25.023;3.0;25.712262;5179620
54;15:31:25.202;3.4;25.707834;5178508
55;15:31:25.372;0.0;25.705531;5178264
56;15:31:25.544;1.7;25.706265;5178764
57;15:31:25.718;1.7;25.708926;5178948
58;15:31:25.890;0.0;25.713712;5180268
59;15:31:26.065;3.3;25.709879;5179140
60;15:31:26.238;3.1;25.707437;5178192
61;15:31:26.420;1.6;25.708787;5179196
62;15:31:26.596;1.7;25.708509;5178864
63;15:31:26.769;1.6;25.706464;5178452
64;15:31:26.944;3.3;25.707437;5178868
65;15:31:27.116;0.0;25.707993;5178540
66;15:31:27.287;1.7;25.710157;5178984
67;15:31:27.460;1.8;25.709542;5179216
68;15:31:27.634;1.8;25.711408;5179228
69;15:31:27.808;0.0;25.708906;5178944
70;15:31:27.979;1.6;25.710713;5179084
71;15:31:28.151;1.6;25.708986;5178960
72;15:31:28.323;0.0;25.707973;5178536
73;15:31:28.495;1.7;25.708291;5178600
74;15:31:28.667;0.0;25.710157;5179244
75;15:31:28.842;1.7;25.713017;5179332
76;15:31:29.015;3.2;25.710276;5179220
77;15:31:29.188;0.0;25.707814;5178724
78;15:31:29.359;1.7;25.708231;5178808
79;15:31:29.530;1.6;25.704915;5178280
80;15:31:29.708;0.0;25.709363;5179704
81;15:31:29.880;1.5;25.711785;5179732
82;15:31:30.051;1.5;25.784818;5194236
83;15:31:30.222;3.0;25.812061;5201772
84;15:31:30.393;0.0;26.006178;5238608
85;15:31:30.563;1.4;26.151071;5267796
86;15:31:30.732;1.4;26.355553;5311224
87;15:31:30.901;8.8;26.363376;5310784
88;15:31:31.073;3.0;26.362900;5310384
89;15:31:31.245;4.4;26.363138;5310516
90;15:31:31.417;0.0;26.450844;5328656
91;15:31:31.587;3.0;26.511883;5340700
92;15:31:31.758;0.0;26.582334;5355044
93;15:31:31.928;0.0;26.612237;5360696
94;15:31:32.098;3.1;26.616745;5361604
95;15:31:32.267;1.6;26.615236;5361412
96;15:31:32.437;0.0;26.615553;5361584
97;15:31:32.607;0.0;26.616447;5361764
98;15:31:32.776;0.0;26.621292;5362984
99;15:31:32.944;1.5;26.620081;5362740
100;15:31:33.113;1.6;26.622384;5362960
101;15:31:33.282;1.5;26.621729;5362828
102;15:31:33.451;1.4;26.622185;5362920
103;15:31:33.621;1.5;26.623436;5363172
104;15:31:33.790;0.0;26.646589;5367836
105;15:31:33.958;1.6;26.646589;5367616
106;15:31:34.127;3.1;26.654571;5369560
107;15:31:34.297;0.0;26.654929;5369296
108;15:31:34.466;1.5;26.656120;5369756
109;15:31:34.635;1.4;26.656259;5369784
110;15:31:34.805;1.5;26.655942;5369500
111;15:31:34.975;0.0;26.654432;5369416
112;15:31:35.145;0.0;26.652665;5369060
113;15:31:35.314;0.0;26.654015;5369332
114;15:31:35.483;3.1;26.656100;5369752
115;15:31:35.653;0.0;26.657550;5370100
116;15:31:35.823;0.0;26.657431;5370020
117;15:31:35.994;0.0;26.658682;5370272
118;15:31:36.163;3.0;26.658642;5370264
119;15:31:36.334;0.0;26.658642;5370044
120;15:31:36.503;2.9;26.658741;5370324
121;15:31:36.673;0.0;26.658046;5369972
122;15:31:36.843;1.6;26.653241;5369552
123;15:31:37.013;1.6;26.653678;5369264
124;15:31:37.183;1.6;26.653499;5369472
125;15:31:37.351;1.6;26.654274;5369164
126;15:31:37.520;0.0;26.655386;5369608
127;15:31:37.689;1.5;26.654015;5369332
128;15:31:37.858;1.5;26.653638;5369256
129;15:31:38.027;1.6;26.653380;5369204
130;15:31:38.195;3.0;26.654849;5369752
131;15:31:38.366;1.6;26.819599;5404484
132;15:31:38.536;1.5;26.870948;5413032
133;15:31:38.706;1.5;26.922733;5423464
134;15:31:38.876;2.9;27.036292;5446264
135;15:31:39.047;3.1;27.037424;5446568
136;15:31:39.217;1.6;27.036729;5446428
137;15:31:39.386;0.0;27.036888;5446460
138;15:31:39.555;1.5;27.035161;5446112
139;15:31:39.724;0.0;27.036273;5446336
140;15:31:39.893;1.5;27.035339;5445928
141;15:31:40.062;0.0;27.034088;5446148
142;15:31:40.237;0.0;27.034406;5445960
143;15:31:40.414;0.0;27.036511;5446384
144;15:31:40.588;1.5;27.035121;5446104
145;15:31:40.764;1.5;27.036570;5446396
146;15:31:40.941;1.5;27.037980;5446680
147;15:31:41.118;1.5;27.039053;5446896
148;15:31:41.293;1.5;27.038139;5446712
149;15:31:41.472;0.0;27.038258;5446736
150;15:31:41.649;1.5;27.037960;5446676
151;15:31:41.824;1.5;27.033751;5446072
152;15:31:42.003;1.5;27.038179;5446964
153;15:31:42.180;0.0;27.038358;5446756
154;15:31:42.349;0.0;27.037186;5446372
155;15:31:42.517;0.0;27.065799;5452284
156;15:31:42.686;0.0;27.068122;5452752
157;15:31:42.857;1.6;27.067030;5452532
158;15:31:43.027;1.6;27.065640;5452252
159;15:31:43.196;3.0;27.064528;5452028
160;15:31:43.365;0.0;27.064648;5451832
161;15:31:43.535;0.0;27.063714;5451644
162;15:31:43.705;0.0;27.081903;5455528
163;15:31:43.874;0.0;27.085080;5456168
164;15:31:44.043;0.0;27.085278;5456208
165;15:31:44.212;0.0;27.084881;5456128
166;15:31:44.381;0.0;27.084583;5456068
167;15:31:44.551;1.6;27.086569;5456468
168;15:31:44.719;1.4;27.085517;5456256
169;15:31:44.888;1.5;27.084802;5456112
170;15:31:45.057;0.0;27.085159;5456184
171;15:31:45.227;1.5;27.083670;5455884
172;15:31:45.396;1.4;27.081962;5455540
173;15:31:45.565;0.0;27.084564;5456316
174;15:31:45.735;3.0;27.085894;5456372
175;15:31:45.906;0.0;27.085596;5456272
176;15:31:46.079;0.0;27.087681;5456692
177;15:31:46.249;1.6;27.088992;5456956
178;15:31:46.419;2.9;27.087939;5456744
179;15:31:46.588;1.6;27.093956;5458292
180;15:31:46.758;1.5;27.096835;5458536
181;15:31:46.927;0.0;27.096557;5458260
182;15:31:47.096;0.0;27.096200;5458408
183;15:31:47.265;1.5;27.096875;5458324
184;15:31:47.434;0.0;27.095624;5458072
185;15:31:47.605;1.5;27.096577;5458484
186;15:31:47.775;1.5;27.096736;5458516
187;15:31:47.944;0.0;27.095445;5458036
188;15:31:48.113;0.0;27.094611;5458088
189;15:31:48.282;0.0;27.099794;5459360
190;15:31:48.451;0.0;27.096616;5458492
191;15:31:48.620;0.0;27.096974;5458564
192;15:31:48.789;1.6;27.095624;5458292
193;15:31:48.958;0.0;27.098801;5458932
194;15:31:49.128;1.5;27.098443;5458860
195;15:31:49.299;0.0;27.097907;5458532
196;15:31:49.469;1.6;27.100707;5459316
197;15:31:49.640;1.5;27.095326;5458232
198;15:31:49.810;4.8;27.096755;5458300
199;15:31:49.982;4.7;27.094333;5458032
200;15:31:50.154;3.1;27.095564;5458060
201;15:31:50.325;0.0;27.095663;5458080
202;15:31:50.496;0.0;27.093519;5457868
203;15:31:50.667;1.6;27.097252;5458620
204;15:31:50.836;0.0;27.096120;5458392
205;15:31:51.005;1.6;27.096994;5458568
206;15:31:51.175;1.6;27.094988;5458164
207;15:31:51.345;1.6;27.095445;5458036
208;15:31:51.514;1.6;27.093499;5457864
209;15:31:51.685;0.0;27.097212;5458612
210;15:31:51.858;3.0;27.096041;5458376
211;15:31:52.037;1.5;27.097450;5458660
212;15:31:52.211;1.5;27.098006;5459108
213;15:31:52.384;1.5;27.100409;5459256
214;15:31:52.562;1.6;27.100508;5459276
215;15:31:52.732;0.0;27.098900;5458732
216;15:31:52.902;0.0;27.102315;5459640
217;15:31:53.072;1.5;27.100469;5459696
218;15:31:53.241;0.0;27.104122;5460004
219;15:31:53.410;3.0;27.110258;5461240
220;15:31:53.580;1.5;27.109265;5461040
221;15:31:53.755;2.9;27.108451;5460656
222;15:31:53.934;1.5;27.106942;5460572
223;15:31:54.114;1.6;27.111231;5461436
224;15:31:54.290;4.2;27.113832;5461960
225;15:31:54.469;3.0;27.112561;5461704
226;15:31:54.644;7.5;27.110020;5460896
227;15:31:54.816;1.4;27.108590;5460904
228;15:31:54.989;1.4;27.107577;5460700
229;15:31:55.165;1.5;27.116811;5462560
230;15:31:55.341;1.5;27.126481;5464288
231;15:31:55.518;3.0;27.107855;5460756
232;15:31:55.690;2.7;27.106346;5460476
233;15:31:55.861;4.4;27.116533;5462504
234;15:31:56.040;1.5;27.124475;5463884
235;15:31:56.218;3.1;27.110873;5461364
236;15:31:56.391;4.3;27.112105;5461392
237;15:31:56.561;10.3;27.107716;5460728
238;15:31:56.733;7.8;27.109940;5461116
239;15:31:56.906;3.0;27.108789;5460944
240;15:31:57.079;2.9;27.107935;5460772
241;15:31:57.252;4.3;27.111489;5461268
242;15:31:57.424;4.2;27.111410;5461304
243;15:31:57.595;2.9;27.112482;5461688
244;15:31:57.767;2.8;27.110814;5461352
245;15:31:57.939;3.4;27.109027;5460992
246;15:31:58.112;4.6;27.109483;5460864
247;15:31:58.285;3.2;27.108848;5460956
248;15:31:58.457;6.8;27.110278;5461496
249;15:31:58.629;5.3;27.111668;5461524
250;15:31:58.800;5.6;27.108511;5461040
251;15:31:58.972;6.9;27.113673;5461928
252;15:31:59.145;4.5;27.112641;5461720
253;15:31:59.317;1.7;27.111330;5461456
254;15:31:59.491;0.0;27.108153;5461100
255;15:31:59.664;3.2;27.110099;5461208
256;15:31:59.836;7.9;27.110873;5461364
257;15:32:00.010;5.6;27.107994;5460564
258;15:32:00.189;10.8;27.110397;5461048
259;15:32:00.360;13.2;27.109940;5460956
260;15:32:00.531;4.8;27.107200;5460784
261;15:32:00.704;6.6;27.107081;5460600
262;15:32:00.875;0.0;27.109444;5461076
263;15:32:01.047;1.9;27.110536;5461296
264;15:32:01.218;1.9;27.109325;5461052
265;15:32:01.390;6.7;27.108034;5460672
266;15:32:01.560;1.9;27.111370;5461464
267;15:32:01.733;3.3;27.110695;5461328
268;15:32:01.905;3.1;27.109742;5461396
269;15:32:02.077;1.8;27.109404;5461068
270;15:32:02.248;1.8;27.109662;5461120
271;15:32:02.420;0.0;27.117823;5462764
272;15:32:02.592;1.9;27.119590;5462900
273;15:32:02.764;0.0;27.128268;5464868
274;15:32:02.937;1.8;27.128844;5464984
275;15:32:03.108;1.8;27.135634;5466352
276;15:32:03.282;5.5;27.137958;5466600
277;15:32:03.453;1.9;27.145285;5468548
278;15:32:03.626;6.7;27.148581;5468960
279;15:32:03.798;1.6;27.156365;5470308
280;15:32:03.972;1.9;27.155809;5470416
281;15:32:04.143;1.7;27.167484;5473020
282;15:32:04.315;3.7;27.171873;5473652
283;15:32:04.486;1.9;27.178286;5474944
284;15:32:04.658;0.0;27.178902;5475068
285;15:32:04.831;1.7;27.189485;5477352
286;15:32:05.002;1.7;27.187222;5476744
287;15:32:05.174;0.0;27.196276;5478804
288;15:32:05.347;1.8;27.209223;5481176
289;15:32:05.519;5.2;27.211407;5481876
290;15:32:05.694;0.0;27.210930;5481300
291;15:32:05.869;1.5;27.210374;5481408
292;15:32:06.046;3.0;27.217801;5482608
293;15:32:06.220;3.3;27.218595;5482952
294;15:32:06.392;1.6;27.218615;5483068
295;15:32:06.565;0.0;27.226319;5484848
296;15:32:06.737;0.0;27.226001;5484656
297;15:32:06.910;0.0;27.233170;5486000
298;15:32:07.083;4.4;27.234222;5486488
299;15:32:07.254;1.5;27.238233;5487020
300;15:32:07.429;2.9;27.239305;5487236
301;15:32:07.605;1.5;27.240973;5487572
302;15:32:07.780;3.0;27.242125;5487804
303;15:32:07.958;4.3;27.240874;5487552
304;15:32:08.134;6.2;27.239841;5487344
305;15:32:08.308;1.5;27.244349;5488252
306;15:32:08.480;5.7;27.250107;5489820
307;15:32:08.654;1.6;27.251179;5489628
308;15:32:08.824;3.0;27.251854;5489764
309;15:32:09.000;1.6;27.248241;5489288
310;15:32:09.175;2.9;27.249253;5489240
311;15:32:09.353;2.9;27.252152;5489824
312;15:32:09.525;3.0;27.256759;5490752
313;15:32:09.701;4.4;27.256501;5490700
314;15:32:09.877;1.5;27.256699;5490740
315;15:32:10.057;1.5;27.256898;5490560
316;15:32:10.232;6.2;27.256461;5490692
317;15:32:10.404;1.6;27.262021;5491812
318;15:32:10.580;3.0;27.259837;5491372
319;15:32:10.756;3.1;27.259678;5491728
320;15:32:10.928;1.6;27.262339;5491876
321;15:32:11.099;3.3;27.269924;5493496
322;15:32:11.272;0.0;27.276874;5494804
323;15:32:11.450;1.5;27.279733;5495380
324;15:32:11.629;3.3;27.281957;5495828
325;15:32:11.802;0.0;27.340315;5507584
326;15:32:11.972;3.0;27.352209;5509980
327;15:32:12.143;4.5;27.412176;5522596
328;15:32:12.313;3.1;27.503893;5540536
329;15:32:12.485;3.1;27.506752;5541112
330;15:32:12.656;4.3;27.514675;5542892
331;15:32:12.827;1.5;27.515469;5543120
332;15:32:12.997;3.0;27.627619;5565712
333;15:32:13.166;1.5;27.750967;5590308
334;15:32:13.335;0.0;27.895105;5619344
335;15:32:13.505;1.6;28.094544;5659520
336;15:32:13.675;3.1;28.146052;5669676
337;15:32:13.846;3.1;28.141921;5669380
338;15:32:14.021;2.9;28.266263;5694112
339;15:32:14.193;1.6;28.259968;5693104
340;15:32:14.365;2.9;28.260902;5693284
341;15:32:14.535;1.6;28.438180;5731012
342;15:32:14.705;1.4;28.613692;5763952
343;15:32:14.875;4.7;28.705032;5782792
344;15:32:15.046;4.5;28.787932;5799452
345;15:32:15.217;2.9;28.786979;5799260
346;15:32:15.388;3.0;28.788270;5799268
347;15:32:15.559;5.9;28.786801;5799224
348;15:32:15.730;3.1;28.790196;5799656
349;15:32:15.900;3.1;28.787297;5799500
350;15:32:16.071;2.9;28.797404;5801360
351;15:32:16.241;1.4;28.896329;5821288
352;15:32:16.410;1.6;29.039335;5850292
353;15:32:16.582;1.5;29.052599;5852768
354;15:32:16.752;1.6;29.098150;5861944
355;15:32:16.923;6.0;29.094358;5860928
356;15:32:17.093;1.5;29.097277;5861768
357;15:32:17.263;3.0;29.097912;5861644
358;15:32:17.435;1.5;29.231745;5889180
359;15:32:17.605;2.7;29.231804;5888616
360;15:32:17.775;3.0;29.233035;5889116
361;15:32:17.947;3.0;29.231328;5888772
362;15:32:18.117;3.0;29.232142;5888684
363;15:32:18.289;1.5;29.232440;5889012
364;15:32:18.459;4.5;29.235537;5889040
365;15:32:18.633;3.1;29.235815;5889676
366;15:32:18.802;4.6;29.235140;5889288
367;15:32:18.973;3.0;29.240521;5890296
368;15:32:19.144;2.9;29.238675;5890252
369;15:32:19.314;3.0;29.258968;5894088
370;15:32:19.485;4.5;29.258650;5894024
371;15:32:19.654;2.9;29.270743;5896132
372;15:32:19.825;1.5;29.267506;5895808
373;15:32:19.997;1.5;29.264647;5895484
374;15:32:20.168;2.9;29.275985;5897516
375;15:32:20.338;4.5;29.275905;5897752
376;15:32:20.509;4.3;29.309264;5904220
377;15:32:20.679;1.6;29.367384;5915928
378;15:32:20.849;1.5;29.417323;5925988
379;15:32:21.019;1.5;29.419825;5926492
380;15:32:21.188;4.5;29.421354;5926800
381;15:32:21.359;3.0;29.433129;5929424
382;15:32:21.529;1.6;29.453720;5933320
383;15:32:21.698;3.0;29.455388;5933540
384;15:32:21.870;1.5;29.451139;5932800
385;15:32:22.041;3.0;29.451238;5932820
386;15:32:22.211;4.2;29.454395;5933456
387;15:32:22.382;3.1;29.453442;5933188
388;15:32:22.553;3.0;29.460888;5934764
389;15:32:22.724;1.5;29.470698;5936740
390;15:32:22.894;2.9;29.472008;5937004
391;15:32:23.066;4.4;29.476913;5937992
392;15:32:23.237;3.1;29.477290;5938068
393;15:32:23.407;1.6;29.487377;5940100
394;15:32:23.577;4.7;29.490078;5940896
395;15:32:23.748;3.1;29.498119;5942792
396;15:32:23.920;4.6;29.591902;5961156
397;15:32:24.090;1.4;29.589420;5960656
398;15:32:24.259;4.5;29.593768;5962052
399;15:32:24.429;4.6;29.594741;5961980
400;15:32:24.599;4.4;29.605900;5963976
401;15:32:24.770;1.5;29.602823;5965372
402;15:32:24.941;3.0;29.615193;5965848
403;15:32:25.113;1.5;29.666046;5976092
404;15:32:25.283;3.1;29.665331;5975620
405;15:32:25.453;4.5;29.663166;5975512
406;15:32:25.624;4.2;29.665152;5976164
407;15:32:25.795;4.6;29.666423;5975840
408;15:32:25.965;1.6;29.666423;5976168
409;15:32:26.134;1.6;29.666324;5976148
410;15:32:26.305;2.9;29.665033;5976140
411;15:32:26.475;3.1;29.664795;5976092
412;15:32:26.646;3.1;29.664993;5976132
413;15:32:26.817;1.6;29.667555;5976396
414;15:32:26.986;0.0;29.666165;5976116
415;15:32:27.156;0.0;29.677443;5978388
416;15:32:27.325;3.0;29.678813;5978664
417;15:32:27.494;1.6;29.691402;5981200
418;15:32:27.664;1.6;29.701688;5983272
419;15:32:27.834;0.0;29.724523;5987872
420;15:32:28.005;3.0;29.737033;5990392
421;15:32:28.174;0.0;29.758061;5994628
422;15:32:28.343;0.0;29.766500;5996580
423;15:32:28.513;1.5;29.774621;5997964
424;15:32:28.682;1.6;29.798866;6003476
425;15:32:28.853;0.0;29.918858;6031636
426;15:32:29.025;0.0;30.186663;6080968
427;15:32:29.195;3.1;30.188311;6081300
428;15:32:29.364;1.5;30.188311;6081300
429;15:32:29.533;0.0;30.189562;6081552
430;15:32:29.702;0.0;30.188768;6081392
431;15:32:29.871;0.0;30.188907;6081420
432;15:32:30.042;0.0;30.188827;6081404
433;15:32:30.212;1.6;30.210094;6085688
434;15:32:30.381;0.0;30.210133;6085696
435;15:32:30.551;1.5;30.210133;6085696
436;15:32:30.721;0.0;30.210054;6085680
437;15:32:30.890;1.5;30.211265;6085704
438;15:32:31.059;0.0;30.210332;6085516
439;15:32:31.228;0.0;30.208823;6085432
440;15:32:31.397;1.5;30.209260;6085520
441;15:32:31.567;1.5;30.210709;6085812
442;15:32:31.737;1.5;30.210113;6085692
443;15:32:31.907;1.5;30.211523;6085976
444;15:32:32.086;1.5;30.212774;6086228
445;15:32:32.259;1.5;30.209895;6085800
446;15:32:32.433;0.0;30.213271;6086328
447;15:32:32.605;1.5;30.213449;6086364
448;15:32:32.782;3.0;30.216309;6086940
449;15:32:32.953;1.5;30.217480;6087028
450;15:32:33.128;0.0;30.217480;6087184
451;15:32:33.306;2.9;30.212159;6086104
452;15:32:33.475;0.0;30.209816;6085632
453;15:32:33.645;1.6;30.210848;6085840
454;15:32:33.815;1.5;30.203402;6084592
455;15:32:33.985;1.5;30.204554;6084572
456;15:32:34.155;0.0;30.203600;6084380
457;15:32:34.326;1.6;30.203918;6084444
458;15:32:34.495;1.6;30.204276;6084516
459;15:32:34.665;1.6;30.205527;6085020
460;15:32:34.835;0.0;30.205546;6084772
461;15:32:35.004;0.0;30.206638;6084992
462;15:32:35.173;1.5;30.204871;6084636
463;15:32:35.343;0.0;30.366900;6117276
464;15:32:35.513;1.5;30.369521;6117804
465;15:32:35.682;1.5;30.370613;6118024
466;15:32:35.852;0.0;30.371825;6118120
467;15:32:36.021;0.0;30.371785;6118300
468;15:32:36.190;0.0;30.370871;6118076
469;15:32:36.360;0.0;30.370871;6118076
470;15:32:36.529;1.6;30.370871;6118344
471;15:32:36.699;0.0;30.374823;6118724
472;15:32:36.867;0.0;30.372321;6118220
473;15:32:37.036;0.0;30.371090;6118120
474;15:32:37.206;0.0;30.370494;6118260
475;15:32:37.375;1.4;30.371626;6118228
476;15:32:37.544;0.0;30.371110;6118124
477;15:32:37.713;1.5;30.370752;6118052
478;15:32:37.883;1.5;30.370792;6118060
479;15:32:38.053;1.5;30.370633;6118028
480;15:32:38.222;1.6;30.370514;6118004
481;15:32:38.391;1.6;30.370593;6118020
482;15:32:38.561;1.5;30.370713;6118044
483;15:32:38.731;0.0;30.369680;6117836
484;15:32:38.901;0.0;30.369402;6117780
485;15:32:39.070;1.5;30.369521;6117804
486;15:32:39.240;0.0;30.369521;6117804
487;15:32:39.410;0.0;30.369521;6117844
488;15:32:39.579;1.5;30.370812;6118064
489;15:32:39.749;0.0;30.368330;6117824
490;15:32:39.918;0.0;30.367198;6117588
491;15:32:40.088;1.5;30.371983;6118300
492;15:32:40.257;0.0;30.371983;6117932
493;15:32:40.430;1.5;30.370951;6118092
494;15:32:40.602;3.0;30.374585;6118824
495;15:32:40.774;1.5;30.375875;6119084
496;15:32:40.950;1.6;30.374783;6118864
497;15:32:41.127;3.0;30.374565;6118820
498;15:32:41.300;0.0;30.374168;6118740
499;15:32:41.473;5.7;30.374327;6118772
500;15:32:41.654;3.0;30.375697;6119048
501;15:32:41.828;1.5;30.374942;6118896
502;15:32:41.997;1.6;30.374406;6118788
503;15:32:42.170;1.5;30.374962;6118680
504;15:32:42.343;3.1;30.374545;6118816
505;15:32:42.516;1.6;30.374188;6118744
506;15:32:42.686;4.7;30.372698;6118444
507;15:32:42.856;1.5;30.370772;6118056
508;15:32:43.025;3.2;30.435901;6131176
509;15:32:43.197;1.6;30.446803;6133372
510;15:32:43.367;4.5;30.449940;6134004
511;15:32:43.540;1.5;30.453534;6134728
512;15:32:43.713;3.0;30.455818;6135456
513;15:32:43.887;1.5;30.457922;6135612
514;15:32:44.059;3.0;30.459650;6135960
515;15:32:44.235;0.0;30.460126;6136056
516;15:32:44.408;2.9;30.459809;6135992
517;15:32:44.584;0.0;30.460087;6136048
518;15:32:44.757;1.5;30.458637;6135756
519;15:32:44.931;4.5;30.459233;6135876
520;15:32:45.106;3.0;30.458796;6135788
521;15:32:45.277;1.5;30.458101;6135648
522;15:32:45.451;3.0;30.456890;6135404
523;15:32:45.623;4.3;30.458319;6135692
524;15:32:45.797;1.6;30.460524;6136136
525;15:32:45.968;2.9;30.459114;6136104
526;15:32:46.141;1.6;30.459114;6136120
527;15:32:46.314;4.5;30.460404;6136112
528;15:32:46.488;1.5;30.460524;6136136
529;15:32:46.662;2.9;30.458260;6135680
530;15:32:46.837;1.5;30.456731;6135372
531;15:32:47.008;3.1;30.385049;6120712
532;15:32:47.182;3.0;30.382349;6120388
533;15:32:47.354;0.0;30.383341;6120368
534;15:32:47.524;0.0;30.380025;6119920
535;15:32:47.697;1.5;30.377722;6119624
536;15:32:47.873;0.0;30.377940;6119500
537;15:32:48.048;0.0;30.376372;6119184
538;15:32:48.224;2.9;30.375359;6118980
539;15:32:48.401;0.0;30.374029;6118712
540;15:32:48.577;1.5;30.372063;6118316
541;15:32:48.753;1.5;30.373850;6118528
542;15:32:48.931;0.0;30.372837;6118472
543;15:32:49.105;0.0;30.374009;6118568
544;15:32:49.279;1.6;30.373354;6118576
545;15:32:49.451;0.0;30.371348;6118172
546;15:32:49.625;1.6;30.372440;6118392
547;15:32:49.799;1.5;30.372579;6118092
548;15:32:49.969;1.6;30.371209;6118144
549;15:32:50.141;0.0;30.372222;6118348
550;15:32:50.316;1.6;30.369223;6117996
551;15:32:50.489;0.0;30.371844;6118272
552;15:32:50.658;1.5;30.373691;6118644
553;15:32:50.834;1.5;30.373413;6118368
554;15:32:51.008;0.0;30.371547;6118244
555;15:32:51.178;0.0;30.370216;6118196
556;15:32:51.352;1.5;30.373314;6118568
557;15:32:51.525;0.0;30.372142;6118332
558;15:32:51.698;1.6;30.384850;6120672
559;15:32:51.871;0.0;30.382368;6120392
560;15:32:52.044;1.6;30.382448;6120408
561;15:32:52.219;1.6;30.383858;6120472
562;15:32:52.393;0.0;30.381495;6120216
563;15:32:52.572;1.6;30.382170;6120352
564;15:32:52.742;1.5;30.381773;6120272
565;15:32:52.919;0.0;30.381733;6120264
566;15:32:53.093;1.5;30.383262;6120572
567;15:32:53.266;0.0;30.383580;6120636
568;15:32:53.439;0.0;30.383818;6120684
569;15:32:53.611;0.0;30.383024;6120304
570;15:32:53.782;0.0;30.382726;6120464
571;15:32:53.959;0.0;30.399783;6123900
572;15:32:54.130;0.0;30.401192;6124184
573;15:32:54.302;1.6;30.401192;6124184
574;15:32:54.475;0.0;30.402205;6124388
575;15:32:54.649;1.6;30.412769;6126516
576;15:32:54.822;3.0;30.413861;6126736
577;15:32:54.996;1.5;30.434869;6130968
578;15:32:55.169;1.5;30.434472;6130668
579;15:32:55.346;1.5;30.434551;6130904
580;15:32:55.521;1.5;30.434670;6130928
581;15:32:55.697;1.5;30.436001;6131196
582;15:32:55.873;1.4;30.433936;6130780
583;15:32:56.049;1.6;30.428892;6129764
584;15:32:56.222;1.5;30.429071;6129800
585;15:32:56.398;1.5;30.432903;6130572
586;15:32:56.577;1.5;30.432903;6130352
587;15:32:56.755;0.0;30.434035;6130648
588;15:32:56.926;0.0;30.436179;6131232
589;15:32:57.100;0.0;30.435048;6131004
590;15:32:57.275;1.5;30.442812;6132568
591;15:32:57.449;1.6;30.442970;6132876
592;15:32:57.618;1.5;30.444122;6132832
593;15:32:57.792;6.0;30.445889;6133188
594;15:32:58.082;1.5;30.452998;6134732
595;15:32:58.259;0.0;30.450516;6133900
596;15:32:58.429;0.0;30.450238;6134316
597;15:32:58.605;3.1;30.453574;6134736
598;15:32:58.776;3.0;30.451390;6134076
599;15:32:58.951;3.1;30.450734;6134164
600;15:32:59.126;3.0;30.453236;6134668
601;15:32:59.299;3.1;30.464813;6137000
602;15:32:59.474;0.0;30.464813;6137000
603;15:32:59.647;1.5;30.465130;6137064
604;15:32:59.826;1.4;30.475138;6139080
605;15:33:00.000;0.0;30.475237;6139360
606;15:33:00.171;1.5;30.478930;6139624
607;15:33:00.349;0.0;30.477838;6139624
608;15:33:00.525;1.5;30.477838;6139256
609;15:33:00.703;1.5;30.476012;6139412
610;15:33:00.881;1.5;30.477004;6139456
611;15:33:01.057;0.0;30.478355;6139760
612;15:33:01.228;0.0;30.478950;6139848
613;15:33:01.398;0.0;30.488481;6141548
614;15:33:01.568;0.0;30.489554;6141984
615;15:33:01.742;0.0;30.498469;6143576
616;15:33:01.914;1.6;30.519398;6147996
617;15:33:02.086;1.5;30.520490;6147996
618;15:33:02.260;1.4;30.529167;6149896
619;15:33:02.434;4.4;30.531471;6150208
620;15:33:02.610;0.0;30.532583;6150652
621;15:33:02.787;1.5;30.532742;6150684
622;15:33:02.961;3.0;30.535720;6151284
623;15:33:03.135;0.0;30.536296;6151660
624;15:33:03.306;1.5;30.537706;6151684
625;15:33:03.486;1.5;30.537467;6151636
626;15:33:03.659;3.1;30.539115;6152196
627;15:33:03.835;0.0;30.541081;6152364
628;15:33:04.013;3.0;30.542610;6152672
629;15:33:04.185;1.5;30.541856;6152520
630;15:33:04.356;1.5;30.541260;6152180
631;15:33:04.533;0.0;30.545112;6153328
632;15:33:04.707;2.9;30.545350;6153224
633;15:33:04.879;1.5;30.543524;6153284
634;15:33:05.050;4.7;30.538937;6152184
635;15:33:05.220;0.0;30.541955;6152540
636;15:33:05.394;0.0;30.542154;6152580
637;15:33:05.564;3.1;30.542948;6152992
638;15:33:05.733;1.5;30.550732;6154308
639;15:33:05.906;1.5;30.564949;6157172
640;15:33:06.081;0.0;30.565803;6157344
641;15:33:06.253;0.0;30.574639;6159124
642;15:33:06.428;1.6;30.576942;6159588
643;15:33:06.601;1.5;30.577419;6159684
644;15:33:06.775;9.6;30.585461;6161084
645;15:33:06.949;1.5;30.585560;6161324
646;15:33:07.123;4.5;30.585322;6161276
647;15:33:07.293;1.5;30.586850;6161584
648;15:33:07.465;0.0;30.587009;6161616
649;15:33:07.637;2.9;30.587009;6161616
650;15:33:07.812;1.5;30.587009;6161616
651;15:33:07.988;0.0;30.586096;6161448
652;15:33:08.157;0.0;30.585977;6161056
653;15:33:08.332;1.5;30.585560;6161324
654;15:33:08.506;1.5;30.590246;6162048
655;15:33:08.679;1.6;30.595488;6163324
656;15:33:08.850;0.0;30.594197;6163064
657;15:33:09.032;3.0;30.596719;6163572
658;15:33:09.206;3.0;30.598745;6163980
659;15:33:09.380;1.6;30.599142;6164060
660;15:33:09.550;1.5;30.598665;6163964
661;15:33:09.724;1.5;30.605158;6165548
662;15:33:09.899;0.0;30.605178;6165276
663;15:33:10.076;1.5;30.607799;6166024
664;15:33:10.252;3.1;30.608732;6166252
665;15:33:10.424;0.0;30.610063;6166260
666;15:33:10.598;1.5;30.610142;6166276
667;15:33:10.771;1.6;30.616556;6167568
668;15:33:10.944;0.0;30.615722;6167180
669;15:33:11.120;0.0;30.631845;6170924
670;15:33:11.293;0.0;30.635122;6171308
671;15:33:11.463;1.5;30.635439;6171372
672;15:33:11.636;1.6;30.646619;6173624
673;15:33:11.811;0.0;30.655316;6175156
674;15:33:11.984;1.6;30.666137;6177556
675;15:33:12.157;0.0;30.665820;6177492
676;15:33:12.332;0.0;30.668103;6177952
677;15:33:12.509;0.0;30.667825;6177896
678;15:33:12.677;0.0;30.667984;6177928
679;15:33:12.851;1.5;30.668262;6177764
680;15:33:13.026;3.1;30.668798;6178092
681;15:33:13.199;1.5;30.668739;6178080
682;15:33:13.376;1.5;30.666753;6177720
683;15:33:13.549;1.5;30.673623;6179064
684;15:33:13.723;1.5;30.674993;6179340
685;15:33:13.896;0.0;30.676522;6179648
686;15:33:14.068;2.9;30.677356;6179816
687;15:33:14.244;2.9;30.677595;6179864
688;15:33:14.419;1.6;30.676463;6179636
689;15:33:14.592;0.0;30.676026;6179548
690;15:33:14.768;0.0;30.675788;6179500
691;15:33:14.944;1.5;30.675708;6179484
692;15:33:15.124;0.0;30.676026;6179548
693;15:33:15.301;1.5;30.675907;6179524
694;15:33:15.477;0.0;30.675986;6179540
695;15:33:15.651;0.0;30.676860;6179716
696;15:33:15.824;0.0;30.677654;6179876
697;15:33:15.992;1.7;30.681526;6180656
698;15:33:16.164;0.0;30.707538;6185896
699;15:33:16.336;0.0;30.709663;6186624
700;15:33:16.505;1.5;30.707697;6185928
701;15:33:16.678;0.0;30.707498;6185888
702;15:33:16.852;0.0;30.711291;6186684
703;15:33:17.024;1.5;30.711172;6186628
704;15:33:17.198;0.0;30.710616;6186516
705;15:33:17.373;0.0;30.710576;6186508
706;15:33:17.545;0.0;30.712800;6186956
707;15:33:17.718;1.5;30.714567;6187092
708;15:33:17.892;3.1;30.713019;6187000
709;15:33:18.063;1.5;30.713972;6187444
710;15:33:18.237;0.0;30.712840;6186964
711;15:33:18.411;0.0;30.711847;6186764
712;15:33:18.588;0.0;30.713733;6187396
713;15:33:18.766;0.0;30.714945;6187168
714;15:33:18.943;1.4;30.715719;6187396
715;15:33:19.120;1.5;30.716474;6187368
716;15:33:19.289;1.5;30.713892;6187176
717;15:33:19.462;1.5;30.712522;6186752
718;15:33:19.634;1.5;30.711430;6186956
719;15:33:19.806;0.0;30.712721;6186940
720;15:33:19.974;0.0;30.713019;6187000
721;15:33:20.149;1.5;30.714548;6187128
722;15:33:20.321;1.6;30.715441;6187488
723;15:33:20.494;0.0;30.716692;6187740
724;15:33:20.668;0.0;30.718916;6188188
725;15:33:20.839;1.5;30.719949;6188396
726;15:33:21.016;1.6;30.719988;6188404
727;15:33:21.187;1.6;30.717586;6187920
728;15:33:21.359;0.0;30.718161;6188036
729;15:33:21.534;3.0;30.716732;6187748
730;15:33:21.708;2.9;30.715461;6187492
731;15:33:21.883;0.0;30.714706;6187340
732;15:33:22.057;1.5;30.716533;6187708
733;15:33:22.234;1.4;30.715957;6187372
734;15:33:22.412;0.0;30.715262;6187452
735;15:33:22.584;1.5;30.714051;6187208
736;15:33:22.756;1.5;30.714051;6187208
737;15:33:22.934;0.0;30.713773;6187152
738;15:33:23.104;2.9;30.713416;6187080
739;15:33:23.277;1.5;30.713356;6187068
740;15:33:23.456;1.5;30.712939;6186984
741;15:33:23.625;0.0;30.722828;6188976
742;15:33:23.797;0.0;30.739328;6192300
743;15:33:23.970;0.0;30.739448;6192176
744;15:33:24.140;1.6;30.744451;6193332
745;15:33:24.311;0.0;30.743717;6193036
746;15:33:24.483;0.0;30.743598;6192940
747;15:33:24.657;1.6;30.742009;6192620
748;15:33:24.830;1.5;30.741870;6192664
749;15:33:25.003;0.0;30.745464;6193536
750;15:33:25.174;1.5;30.744273;6193296
751;15:33:25.349;1.5;30.744312;6193304
752;15:33:25.522;0.0;30.744154;6193272
753;15:33:25.697;0.0;30.744233;6193392
754;15:33:25.867;0.0;30.747211;6193668
755;15:33:26.041;1.5;30.747569;6193960
756;15:33:26.216;1.5;30.742029;6192844
757;15:33:26.385;0.0;30.743439;6193128
758;15:33:26.555;1.5;30.742267;6192892
759;15:33:26.728;1.5;30.742208;6192880
760;15:33:26.907;0.0;30.747728;6193992
761;15:33:27.081;1.6;30.751659;6194784
762;15:33:27.250;1.5;30.752156;6194884
763;15:33:27.421;1.5;30.749435;6194336
764;15:33:27.598;0.0;30.750607;6194572
765;15:33:27.768;0.0;30.750607;6194572
766;15:33:27.943;2.9;30.752176;6194888
767;15:33:28.117;3.0;30.765638;6197600
768;15:33:28.291;1.5;30.764844;6197440
769;15:33:28.466;1.6;30.772509;6198984
770;15:33:28.635;3.0;30.773442;6199172
771;15:33:28.811;0.0;30.776103;6199708
772;15:33:28.985;1.6;30.806284;6206056
773;15:33:29.157;0.0;30.807655;6206064
774;15:33:29.328;1.6;30.809025;6206340
775;15:33:29.501;1.5;30.809382;6206412
776;15:33:29.677;1.5;30.810633;6206444
777;15:33:29.852;1.5;30.809362;6206408
778;15:33:30.029;0.0;30.809323;6206400
779;15:33:30.205;0.0;30.810415;6206620
780;15:33:30.382;0.0;30.810415;6206896
781;15:33:30.553;1.5;30.814485;6207440
782;15:33:30.726;1.5;30.814644;6207472
783;15:33:30.900;1.5;30.813552;6207252
784;15:33:31.071;1.5;30.813254;6207192
785;15:33:31.242;0.0;30.812857;6207112
786;15:33:31.413;0.0;30.812718;6207084
787;15:33:31.582;0.0;30.812738;6207088
788;15:33:31.755;1.6;30.812579;6207056
789;15:33:31.927;1.6;30.811626;6206864
790;15:33:32.099;1.8;30.811785;6207148
791;15:33:32.271;3.0;30.814446;6207432
792;15:33:32.446;0.0;30.814128;6207148
793;15:33:32.622;1.6;30.811666;6206872
794;15:33:32.796;0.0;30.811824;6206904
795;15:33:32.969;0.0;30.809481;6206432
796;15:33:33.146;1.6;30.820502;6208652
797;15:33:33.324;1.6;30.822229;6209000
798;15:33:33.497;1.6;30.820244;6208752
799;15:33:33.671;0.0;30.852153;6215296
800;15:33:33.842;1.6;30.854337;6215468
801;15:33:34.016;0.0;30.854655;6215532
802;15:33:34.190;1.6;30.877252;6220084
803;15:33:34.362;1.7;30.875246;6219528
804;15:33:34.535;0.0;30.881620;6221232
805;15:33:34.707;1.5;30.881620;6220744
806;15:33:34.882;0.0;30.883169;6221276
807;15:33:35.053;1.6;30.886127;6221872
808;15:33:35.226;0.0;30.887319;6222112
809;15:33:35.400;1.6;30.888510;6222276
810;15:33:35.571;1.6;30.883586;6221628
811;15:33:35.741;1.5;30.887656;6222180
812;15:33:35.917;0.0;30.889066;6222464
813;15:33:36.089;1.5;30.889066;6222464
814;15:33:36.260;1.5;30.887478;6222144
815;15:33:36.430;0.0;30.891231;6222900
816;15:33:36.600;0.0;30.894447;6223548
817;15:33:36.772;1.5;30.894050;6223468
818;15:33:36.945;0.0;30.895460;6224052
819;15:33:37.116;0.0;30.893276;6223564
820;15:33:37.287;1.6;30.894348;6223308
821;15:33:37.457;0.0;30.894725;6224116
822;15:33:37.630;0.0;30.897545;6224172
823;15:33:37.801;1.5;30.897743;6223844
824;15:33:37.978;1.5;30.899292;6224304
825;15:33:38.149;1.5;30.897585;6223960
826;15:33:38.323;1.5;30.901159;6224900
827;15:33:38.496;0.0;30.901119;6224892
828;15:33:38.665;0.0;30.902350;6224844
829;15:33:38.835;0.0;30.899014;6224620
830;15:33:39.005;0.0;30.898855;6224436
831;15:33:39.176;0.0;30.899173;6224548
832;15:33:39.353;0.0;30.899372;6224808
833;15:33:39.526;0.0;30.900643;6224796
834;15:33:39.699;1.5;30.898339;6224332
835;15:33:39.873;3.1;30.906242;6225924
836;15:33:40.048;0.0;30.906778;6225812
837;15:33:40.222;3.2;30.907870;6226252
838;15:33:40.392;0.0;30.906659;6226008
839;15:33:40.569;0.0;30.905031;6225648
840;15:33:40.743;0.0;30.905309;6225736
841;15:33:40.914;0.0;30.905269;6225728
842;15:33:41.086;0.0;30.905031;6225680
843;15:33:41.265;1.5;30.906540;6225984
844;15:33:41.440;0.0;30.904693;6225612
845;15:33:41.612;1.5;30.905269;6225728
846;15:33:41.784;0.0;30.905269;6225728
847;15:33:41.959;1.5;30.906520;6225980
848;15:33:42.135;1.5;30.908248;6226328
849;15:33:42.314;0.0;30.908327;6226344
850;15:33:42.494;0.0;30.908486;6226080
851;15:33:42.668;0.0;30.905805;6226104
852;15:33:42.845;0.0;30.910968;6226656
853;15:33:43.014;1.5;30.910452;6226772
854;15:33:43.188;1.5;30.908327;6226344
855;15:33:43.359;3.0;30.911266;6226936
856;15:33:43.535;1.5;30.911385;6226960
857;15:33:43.704;1.6;30.911425;6226968
858;15:33:43.878;1.5;30.908982;6226476
859;15:33:44.051;0.0;30.910849;6226852
860;15:33:44.226;1.5;30.910233;6226728
861;15:33:44.400;1.6;30.909538;6226588
862;15:33:44.569;0.0;30.909141;6226508
863;15:33:44.744;1.6;30.908724;6226424
864;15:33:44.915;1.6;30.906560;6225988
865;15:33:45.086;1.5;30.906401;6225956
866;15:33:45.255;1.5;30.905547;6225784
867;15:33:45.426;1.5;30.905071;6225940
868;15:33:45.600;1.5;30.906639;6226004
869;15:33:45.777;0.0;30.907890;6226256
870;15:33:45.952;0.0;30.907890;6226516
871;15:33:46.128;1.5;30.908049;6226296
872;15:33:46.305;4.5;30.906957;6226068
873;15:33:46.482;0.0;30.907890;6226256
874;15:33:46.657;1.5;30.906480;6225972
875;15:33:46.830;1.5;30.906321;6225940
876;15:33:47.004;1.5;30.906401;6226108
877;15:33:47.175;1.5;30.906798;6226036
878;15:33:47.348;2.7;30.906282;6226092
879;15:33:47.524;1.5;30.906242;6225924
880;15:33:47.698;0.0;30.907374;6226152
881;15:33:47.873;1.5;30.906560;6225988
882;15:33:48.052;1.5;30.907731;6226256
883;15:33:48.229;0.0;30.908863;6226452
884;15:33:48.404;4.3;30.908545;6226388
885;15:33:48.577;0.0;30.907791;6226236
886;15:33:48.752;1.5;30.908962;6226472
887;15:33:48.929;1.5;30.908923;6226464
888;15:33:49.105;1.5;30.910293;6226732
889;15:33:49.281;3.2;30.907493;6226428
890;15:33:49.454;7.9;30.908982;6226476
891;15:33:49.633;1.5;30.907811;6226492
892;15:33:49.805;11.0;30.907771;6226012
893;15:33:49.976;15.9;30.905626;6225800
894;15:33:50.149;0.0;30.905428;6225760
895;15:33:50.318;0.0;30.905388;6226004
896;15:33:50.492;1.5;30.909300;6226540
897;15:33:50.669;0.0;30.909340;6226548
898;15:33:50.844;2.9;30.906639;6226256
899;15:33:51.019;2.9;30.908565;6226544
900;15:33:51.191;4.5;30.907850;6226248
901;15:33:51.365;2.9;30.910273;6226736
902;15:33:51.542;1.5;30.910352;6226752
903;15:33:51.717;1.5;30.910392;6226540
904;15:33:51.901;0.0;30.909677;6226396
905;15:33:52.075;0.0;30.908406;6226212
906;15:33:52.247;0.0;30.907394;6226156
907;15:33:52.420;1.5;30.909657;6226612
908;15:33:52.596;0.0;30.908645;6226408
909;15:33:52.777;3.0;30.908545;6226168
910;15:33:52.953;0.0;30.908684;6226416
911;15:33:53.125;1.5;30.909935;6226668
912;15:33:53.300;0.0;30.904892;6225652
913;15:33:53.474;3.1;30.904693;6225612
914;15:33:53.643;0.0;30.905011;6225676
915;15:33:53.820;1.6;30.905011;6225676
916;15:33:53.989;3.1;30.904098;6225492
917;15:33:54.163;3.4;30.908804;6226440
918;15:33:54.336;0.0;30.908545;6226388
919;15:33:54.505;1.6;30.906302;6226456
920;15:33:54.675;0.0;30.913152;6227096
921;15:33:54.845;1.6;30.910769;6227088
922;15:33:55.018;0.0;30.908684;6226416
923;15:33:55.191;0.0;30.905865;6225848
924;15:33:55.363;1.5;30.905567;6225788
925;15:33:55.537;0.0;30.904256;6225524
926;15:33:55.711;0.0;30.904534;6225580
927;15:33:55.886;0.0;30.905607;6225796
928;15:33:56.061;1.5;30.905170;6225708
929;15:33:56.236;1.6;30.905329;6225740
930;15:33:56.406;1.5;30.904515;6225424
931;15:33:56.578;1.5;30.904574;6225588
932;15:33:56.753;3.1;30.904256;6225524
933;15:33:56.924;1.5;30.906917;6225840
934;15:33:57.099;0.0;30.905666;6225832
935;15:33:57.273;1.4;30.904177;6225508
936;15:33:57.449;2.9;30.903005;6225304
937;15:33:57.625;0.0;30.904753;6225624
938;15:33:57.801;0.0;30.906659;6226008
939;15:33:57.974;1.6;30.908148;6226308
940;15:33:58.145;0.0;30.910571;6226796
941;15:33:58.316;1.5;30.905607;6225972
942;15:33:58.492;0.0;30.908267;6226332
943;15:33:58.667;0.0;30.909062;6226492
944;15:33:58.838;1.5;30.909062;6226492
945;15:33:59.013;0.0;30.909101;6226500
946;15:33:59.189;2.9;30.907294;6226136
947;15:33:59.365;1.5;30.907334;6226144
948;15:33:59.540;0.0;30.906321;6225940
949;15:33:59.710;1.5;30.904991;6225924
950;15:33:59.886;0.0;30.909399;6226560
951;15:34:00.058;0.0;30.909638;6226608
952;15:34:00.230;1.5;30.911186;6226920
953;15:34:00.405;0.0;30.910471;6227044
954;15:34:00.575;0.0;30.911941;6227324
955;15:34:00.750;1.5;30.913073;6227152
956;15:34:00.920;3.0;30.912080;6226952
957;15:34:01.098;1.6;30.909915;6226664
958;15:34:01.271;1.5;30.909141;6226508
959;15:34:01.445;3.0;30.909896;6226660
960;15:34:01.626;0.0;30.908148;6226576
961;15:34:01.799;0.0;30.909558;6226592
962;15:34:01.974;0.0;30.911683;6227020
963;15:34:02.146;1.6;30.908307;6226340
964;15:34:02.319;3.1;30.909379;6226556
965;15:34:02.490;1.5;30.908863;6226452
966;15:34:02.661;0.0;30.909240;6226528
967;15:34:02.834;0.0;30.910193;6226720
968;15:34:03.005;0.0;30.910332;6226748
969;15:34:03.180;0.0;30.908109;6226300
970;15:34:03.356;0.0;30.907493;6225700
971;15:34:03.533;1.5;30.907652;6226060
972;15:34:03.709;1.5;30.906202;6225916
973;15:34:03.883;1.5;30.907453;6226168
974;15:34:04.060;0.0;30.906480;6225972
975;15:34:04.237;1.5;30.907731;6226484
976;15:34:04.413;1.5;30.910035;6226468
977;15:34:04.588;1.5;30.910094;6226700
978;15:34:04.766;3.0;30.909201;6226520
979;15:34:04.941;0.0;30.908486;6226376
980;15:34:05.111;1.5;30.907930;6226264
981;15:34:05.285;0.0;30.909657;6226612
982;15:34:05.457;0.0;30.909618;6226864
983;15:34:05.629;1.5;30.905210;6225716
984;15:34:05.799;1.5;30.902727;6225216
985;15:34:05.972;0.0;30.900126;6224944
986;15:34:06.145;3.1;30.905130;6225976
987;15:34:06.316;3.0;30.906659;6226008
988;15:34:06.487;5.6;30.904912;6225656
989;15:34:06.660;1.5;30.905666;6225656
990;15:34:06.836;2.9;30.906202;6225916
991;15:34:07.010;0.0;30.908347;6226348
992;15:34:07.181;1.5;30.905229;6225720
993;15:34:07.357;0.0;30.905468;6225768
994;15:34:07.530;3.0;30.904177;6225816
995;15:34:07.709;0.0;30.903403;6225604
996;15:34:07.883;0.0;30.903442;6225628
997;15:34:08.051;0.0;30.904852;6225496
998;15:34:08.222;1.5;30.904872;6225500
999;15:34:08.391;0.0;30.906381;6225804
1000;15:34:08.561;0.0;30.905626;6226052
1001;15:34:08.730;1.6;30.906381;6225952
1002;15:34:08.900;0.0;30.907672;6225992
1003;15:34:09.069;0.0;30.905487;6226032
1004;15:34:09.239;1.5;30.904376;6225548
1005;15:34:09.409;1.4;30.903641;6225400
1006;15:34:09.579;0.0;30.905051;6225464
1007;15:34:09.749;0.0;30.903780;6225208
1008;15:34:09.920;1.5;30.906441;6225964
1009;15:34:10.090;0.0;30.905885;6225632
1010;15:34:10.260;3.1;30.906460;6225748
1011;15:34:10.429;0.0;30.903978;6225468
1012;15:34:10.598;1.6;30.905229;6225720
1013;15:34:10.767;0.0;30.904673;6225608
1014;15:34:10.937;1.5;30.904673;6225876
1015;15:34:11.107;1.5;30.906202;6225916
1016;15:34:11.277;1.5;30.905071;6225688
1017;15:34:11.447;1.6;30.905388;6225452
1018;15:34:11.617;1.5;30.911405;6226964
1019;15:34:11.786;0.0;30.912636;6227212
1020;15:34:11.957;1.5;30.912636;6227212
1021;15:34:12.126;0.0;30.912636;6227212
1022;15:34:12.296;1.5;30.912755;6227236
1023;15:34:12.466;1.6;30.912795;6227244
1024;15:34:12.637;0.0;30.912795;6227244
1025;15:34:12.807;1.5;30.912795;6227244
1026;15:34:12.976;0.0;30.911703;6226876
1027;15:34:13.146;1.5;30.911742;6227032
1028;15:34:13.316;0.0;30.911544;6226992
1029;15:34:13.486;1.5;30.911464;6226976
1030;15:34:13.655;0.0;30.908228;6226576
1031;15:34:13.825;0.0;30.909638;6226608
1032;15:34:13.994;0.0;30.913430;6227372
1033;15:34:14.164;0.0;30.913629;6227412
1034;15:34:14.334;1.6;30.913927;6227472
1035;15:34:14.505;0.0;30.913251;6227336
1036;15:34:14.674;1.6;30.913053;6227296
1037;15:34:14.845;1.5;30.913251;6227336
1038;15:34:15.015;0.0;30.914860;6227660
1039;15:34:15.185;0.0;30.913768;6227292
1040;15:34:15.355;0.0;30.912417;6227168
1041;15:34:15.524;0.0;30.912417;6227168
1042;15:34:15.694;0.0;30.912417;6227168
1043;15:34:15.863;0.0;30.912378;6227160
1044;15:34:16.033;1.6;30.912378;6227160
1045;15:34:16.203;1.4;30.911286;6226940
1046;15:34:16.373;0.0;30.910313;6226744
1047;15:34:16.542;0.0;30.911444;6226972
1048;15:34:16.712;0.0;30.911444;6226972
1049;15:34:16.882;0.0;30.911444;6226972
1050;15:34:17.051;0.0;30.911444;6226972
1051;15:34:17.221;1.5;30.911444;6226972
1052;15:34:17.391;1.6;30.911425;6226968
1053;15:34:17.560;0.0;30.910452;6226848
1054;15:34:17.730;2.9;30.909062;6226492
1055;15:34:17.901;0.0;30.908327;6226344
1056;15:34:18.070;0.0;30.910313;6226744
1057;15:34:18.240;0.0;30.910313;6226744
1058;15:34:18.410;0.0;30.910313;6226744
1059;15:34:18.581;0.0;30.910313;6226744
1060;15:34:18.750;0.0;30.909360;6226552
1061;15:34:18.921;0.0;30.909320;6226544
1062;15:34:19.090;1.5;30.909320;6226552
1063;15:34:19.261;1.5;30.909320;6226324
1064;15:34:19.432;0.0;30.908148;6226576
1065;15:34:19.602;1.4;30.908307;6226340
1066;15:34:19.771;1.6;30.908168;6226092
1067;15:34:19.941;1.6;30.906937;6226064
1068;15:34:20.110;0.0;30.908506;6226356
1069;15:34:20.281;0.0;30.910114;6226704
1070;15:34:20.451;0.0;30.908506;6226232
1071;15:34:20.621;1.5;30.907294;6226136
1072;15:34:20.790;0.0;30.908764;6226432
1073;15:34:20.961;0.0;30.911266;6226936
1074;15:34:21.131;0.0;30.911226;6226928
1075;15:34:21.301;0.0;30.909340;6226548
1076;15:34:21.471;0.0;30.909340;6226816
1077;15:34:21.641;1.5;30.909499;6226580
1078;15:34:21.810;1.5;30.911861;6226688
1079;15:34:21.980;0.0;30.909638;6226608
1080;15:34:22.151;0.0;30.909896;6226668
1081;15:34:22.321;1.5;30.910293;6226740
1082;15:34:22.491;0.0;30.909399;6226264
1083;15:34:22.661;1.6;30.909419;6226564
1084;15:34:22.831;0.0;30.908506;6226524
1085;15:34:23.001;1.6;30.911047;6226892
1086;15:34:23.171;0.0;30.912497;6227184
1087;15:34:23.341;0.0;30.912378;6227160
1088;15:34:23.511;1.5;30.912537;6227192
1089;15:34:23.680;0.0;30.912437;6227172
1090;15:34:23.850;0.0;30.914780;6227644
1091;15:34:24.021;0.0;30.913371;6227360
1092;15:34:24.191;0.0;30.912715;6227228
1093;15:34:24.360;0.0;30.914085;6227504
1094;15:34:24.529;0.0;30.913470;6227380
1095;15:34:24.699;0.0;30.914721;6227632
1096;15:34:24.868;0.0;30.914145;6227516
1097;15:34:25.039;1.6;30.913688;6227204
1098;15:34:25.209;0.0;30.912636;6227212
1099;15:34:25.379;1.5;30.911901;6227324
1100;15:34:25.549;0.0;30.913887;6227464
1101;15:34:25.719;1.5;30.914204;6227528
1102;15:34:25.889;0.0;30.913966;6227260
1103;15:34:26.059;0.0;30.911464;6226976
1104;15:34:26.230;0.0;30.912715;6227008
1105;15:34:26.399;1.5;30.910293;6226740
1106;15:34:26.570;1.5;30.908545;6226388
1107;15:34:26.739;0.0;30.908545;6226388
1108;15:34:26.909;0.0;30.908069;6226292
1109;15:34:27.079;1.5;30.908148;6226308
1110;15:34:27.249;0.0;30.910571;6226796
1111;15:34:27.419;1.5;30.910571;6226796
1112;15:34:27.590;0.0;30.909598;6226600
1113;15:34:27.759;0.0;30.909518;6226364
1114;15:34:27.929;0.0;30.908962;6226740
1115;15:34:28.099;1.6;30.910193;6226720
1116;15:34:28.269;0.0;30.907890;6226256
1117;15:34:28.439;0.0;30.907314;6226140
1118;15:34:28.609;0.0;30.909161;6226364
1119;15:34:28.779;1.5;30.908486;6226408
1120;15:34:28.949;0.0;30.910630;6226660
1121;15:34:29.119;1.5;30.913371;6227212
1122;15:34:29.288;0.0;30.914701;6227628
1123;15:34:29.458;0.0;30.915594;6227808
1124;15:34:29.628;1.6;30.918692;6228432
1125;15:34:29.798;1.5;30.918692;6228584
1126;15:34:29.969;0.0;30.917123;6228368
1127;15:34:30.139;2.8;30.915912;6227872
1128;15:34:30.311;4.4;30.918434;6228380
1129;15:34:30.482;1.5;30.924292;6229828
1130;15:34:30.654;3.1;30.929434;6230596
1131;15:34:30.826;2.9;30.928581;6230424
1132;15:34:30.998;0.0;30.934140;6231704
1133;15:34:31.168;0.0;30.925443;6230084
1134;15:34:31.339;1.6;30.929037;6230368
1135;15:34:31.510;6.0;30.929256;6230412
1136;15:34:31.682;3.0;30.931996;6231112
1137;15:34:31.853;4.5;30.927727;6230252
1138;15:34:32.023;2.9;30.929137;6230536
1139;15:34:32.194;3.0;30.931480;6231008
1140;15:34:32.364;0.0;30.931519;6231016
1141;15:34:32.533;0.0;30.930209;6230752
1142;15:34:32.702;0.0;30.930368;6230784
1143;15:34:32.872;1.5;30.930368;6230784
1144;15:34:33.042;0.0;30.929732;6230656
1145;15:34:33.213;4.3;30.931003;6230912
1146;15:34:33.383;1.5;30.932234;6230940
1147;15:34:33.555;4.5;30.932016;6231116
1148;15:34:33.726;4.5;30.929693;6230452
1149;15:34:33.898;1.5;30.929474;6230604
1150;15:34:34.069;1.5;30.933108;6231336
1151;15:34:34.240;1.5;30.932314;6231176
1152;15:34:34.410;0.0;30.933406;6231396
1153;15:34:34.580;1.5;30.933723;6231460
1154;15:34:34.749;1.6;30.945260;6233784
1155;15:34:34.919;0.0;30.942977;6233324
1156;15:34:35.089;4.4;30.942043;6233356
1157;15:34:35.259;1.5;30.944962;6234056
1158;15:34:35.431;4.1;30.945121;6233756
1159;15:34:35.602;2.8;30.947980;6234332
1160;15:34:35.773;4.6;30.944525;6233636
1161;15:34:35.943;1.5;30.941924;6233112
1162;15:34:36.113;1.5;30.940991;6232924
1163;15:34:36.283;1.5;30.938628;6232700
1164;15:34:36.453;1.5;30.940931;6232912
1165;15:34:36.623;1.4;30.942500;6233228
1166;15:34:36.793;1.6;30.943255;6233380
1167;15:34:36.962;1.5;30.942361;6233468
1168;15:34:37.133;0.0;30.942540;6232940
1169;15:34:37.304;0.0;30.940812;6232888
1170;15:34:37.475;1.5;30.941309;6232988
1171;15:34:37.645;0.0;30.942679;6233264
1172;15:34:37.815;3.0;30.943930;6233516
1173;15:34:37.985;0.0;30.942361;6233052
1174;15:34:38.155;0.0;30.941170;6232960
1175;15:34:38.325;0.0;30.940117;6232600
1176;15:34:38.495;3.1;30.939740;6233012
1177;15:34:38.665;1.5;30.942758;6233280
1178;15:34:38.838;0.0;30.940058;6232584
1179;15:34:39.009;1.6;30.942838;6233296
1180;15:34:39.179;1.5;30.943056;6233120
1181;15:34:39.350;0.0;30.940256;6232556
1182;15:34:39.520;0.0;30.939025;6232780
1183;15:34:39.690;0.0;30.939065;6232536
1184;15:34:39.861;1.5;30.940236;6232772
1185;15:34:40.031;1.6;30.940753;6232876
1186;15:34:40.201;1.5;30.939978;6232720
1187;15:34:40.371;1.5;30.939879;6232700
1188;15:34:40.541;0.0;30.939879;6232700
1189;15:34:40.712;1.3;30.939720;6232668
1190;15:34:40.882;0.0;30.939105;6232544
1191;15:34:41.052;0.0;30.938866;6232496
1192;15:34:41.221;1.4;30.939025;6232528
1193;15:34:41.391;1.6;30.941527;6233032
1194;15:34:41.562;0.0;30.941507;6233028
1195;15:34:41.732;0.0;30.939482;6232620
1196;15:34:41.903;1.5;30.939939;6232712
1197;15:34:42.074;0.0;30.939740;6232672
1198;15:34:42.244;0.0;30.939899;6232704
1199;15:34:42.415;1.5;30.939760;6232676
1200;15:34:42.586;0.0;30.938747;6232732
1201;15:34:42.756;1.5;30.940157;6232756
1202;15:34:42.926;1.5;30.940236;6232772
1203;15:34:43.095;3.1;30.941408;6232860
1204;15:34:43.266;1.6;30.938846;6232492
1205;15:34:43.437;1.6;30.940375;6232800
1206;15:34:43.609;0.0;30.938648;6232452
1207;15:34:43.778;1.5;30.936622;6232044
1208;15:34:43.950;1.5;30.939244;6232572
1209;15:34:44.121;0.0;30.939085;6232540
1210;15:34:44.291;1.6;30.939244;6232572
1211;15:34:44.460;1.3;30.938151;6232352
1212;15:34:44.630;0.0;30.939402;6232604
1213;15:34:44.800;0.0;30.939283;6232580
1214;15:34:44.970;0.0;30.939085;6232540
1215;15:34:45.140;1.6;30.939561;6232636
1216;15:34:45.310;0.0;30.938966;6232516
1217;15:34:45.480;1.6;30.938966;6232516
1218;15:34:45.650;1.5;30.939283;6232580
1219;15:34:45.820;1.6;30.938946;6232512
1220;15:34:45.990;1.5;30.938668;6232236
1221;15:34:46.159;0.0;30.937536;6232008
1222;15:34:46.329;0.0;30.940276;6232780
1223;15:34:46.498;0.0;30.943433;6233416
1224;15:34:46.668;1.5;30.943235;6233376
1225;15:34:46.838;1.5;30.944228;6233576
1226;15:34:47.008;1.6;30.943533;6233436
1227;15:34:47.179;1.6;30.942421;6232992
1228;15:34:47.349;0.0;30.941646;6233056
1229;15:34:47.519;1.5;30.941070;6232940
1230;15:34:47.688;0.0;30.942321;6233192
1231;15:34:47.859;1.5;30.942321;6233192
1232;15:34:48.029;0.0;30.943533;6233436
1233;15:34:48.199;1.5;30.943334;6233396
1234;15:34:48.369;0.0;30.943652;6233460
1235;15:34:48.539;0.0;30.943016;6233332
1236;15:34:48.710;0.0;30.942659;6233260
1237;15:34:48.881;2.9;30.940216;6232768
1238;15:34:49.052;1.5;30.938985;6232372
1239;15:34:49.223;3.2;30.936702;6231912
1240;15:34:49.392;1.5;30.934518;6231472
1241;15:34:49.562;1.5;30.933445;6231452
1242;15:34:49.731;1.4;30.933803;6231476
1243;15:34:49.901;1.5;30.933803;6231256
1244;15:34:50.071;0.0;30.933604;6231704
1245;15:34:50.240;0.0;30.935808;6231880
1246;15:34:50.409;1.5;30.936483;6232016
1247;15:34:50.580;0.0;30.936682;6232056
1248;15:34:50.750;1.5;30.937377;6232196
1249;15:34:50.920;1.5;30.937377;6232196
1250;15:34:51.089;1.6;30.937258;6232172
1251;15:34:51.260;1.5;30.937536;6232480
1252;15:34:51.429;4.5;30.939025;6232528
1253;15:34:51.599;3.1;30.939482;6233124
1254;15:34:51.769;0.0;30.936186;6231956
1255;15:34:51.940;1.5;30.941031;6232932
1256;15:34:52.110;0.0;30.942440;6233524
1257;15:34:52.279;1.5;30.942619;6233252
1258;15:34:52.448;1.5;30.941646;6233056
1259;15:34:52.618;0.0;30.941646;6233056
1260;15:34:52.787;1.5;30.941964;6233120
1261;15:34:52.957;3.1;30.942282;6233184
1262;15:34:53.126;3.0;30.944009;6233384
1263;15:34:53.296;2.9;30.939919;6232708
1264;15:34:53.468;1.5;30.939919;6232708
1265;15:34:53.637;0.0;30.939919;6232708
1266;15:34:53.807;3.0;30.937357;6232192
1267;15:34:53.977;1.5;30.939323;6232588
1268;15:34:54.147;3.0;30.940216;6232676
1269;15:34:54.317;0.0;30.940971;6232920
1270;15:34:54.487;5.5;30.941686;6232844
1271;15:34:54.657;2.9;30.941209;6232968
1272;15:34:54.828;1.4;30.939244;6232572
1273;15:34:54.997;1.5;30.941448;6233016
1274;15:34:55.167;1.4;30.939680;6232660
1275;15:34:55.337;1.5;30.940455;6232816
1276;15:34:55.507;1.5;30.940614;6232848
1277;15:34:55.676;0.0;30.940216;6232620
1278;15:34:55.847;1.5;30.937754;6232272
1279;15:34:56.017;1.5;30.938568;6232288
1280;15:34:56.187;0.0;30.936444;6231708
1281;15:34:56.360;3.1;30.937238;6232168
1282;15:34:56.531;3.0;30.939859;6232696
1283;15:34:56.701;0.0;30.939859;6232696
1284;15:34:56.871;1.3;30.938509;6232676
1285;15:34:57.040;1.5;30.933386;6231644
1286;15:34:57.210;0.0;30.936821;6232084
1287;15:34:57.380;0.0;30.939482;6232620
1288;15:34:57.550;0.0;30.940733;6232872
1289;15:34:57.719;0.0;30.941090;6232944
1290;15:34:57.889;0.0;30.941050;6232936
1291;15:34:58.059;1.5;30.942301;6233188
1292;15:34:58.229;0.0;30.942460;6233220
1293;15:34:58.398;1.4;30.941209;6232968
1294;15:34:58.568;0.0;30.941865;6232880
1295;15:34:58.738;1.6;30.940614;6232848
1296;15:34:58.908;1.5;30.939859;6232696
1297;15:34:59.078;3.1;30.937576;6232236
1298;15:34:59.248;0.0;30.937417;6232204
1299;15:34:59.418;3.0;30.935352;6231788
1300;15:34:59.589;0.0;30.935352;6231788
1301;15:34:59.759;3.0;30.938171;6232356
1302;15:34:59.929;1.6;30.936682;6232056
1303;15:35:00.098;1.5;30.939601;6232644
1304;15:35:00.269;0.0;30.938827;6232488
1305;15:35:00.439;1.5;30.940316;6232788
1306;15:35:00.609;1.6;30.940832;6232892
1307;15:35:00.779;3.1;30.940951;6232916
1308;15:35:00.948;1.6;30.941309;6232616
1309;15:35:01.118;1.6;30.938290;6232632
1310;15:35:01.288;1.5;30.939482;6232620
1311;15:35:01.457;0.0;30.938390;6232400
1312;15:35:01.627;0.0;30.939641;6232432
1313;15:35:01.796;0.0;30.940554;6232836
1314;15:35:01.966;3.1;30.939323;6232588
1315;15:35:02.137;3.0;30.936265;6231972
1316;15:35:02.307;1.5;30.936444;6232008
1317;15:35:02.478;0.0;30.936126;6231944
1318;15:35:02.647;0.0;30.936126;6231944
1319;15:35:02.817;0.0;30.937854;6232616
1320;15:35:02.986;1.6;30.938350;6232392
1321;15:35:03.156;1.6;30.940832;6232892
1322;15:35:03.326;1.5;30.942282;6233184
1323;15:35:03.496;1.5;30.944049;6233808
1324;15:35:03.666;0.0;30.944823;6233696
1325;15:35:03.836;0.0;30.942401;6233460
1326;15:35:04.005;0.0;30.940713;6233120
1327;15:35:04.176;0.0;30.940058;6232736
1328;15:35:04.345;0.0;30.939541;6232484
1329;15:35:04.515;1.6;30.937198;6232160
1330;15:35:04.686;1.5;30.938906;6232504
1331;15:35:04.856;0.0;30.938747;6232472
1332;15:35:05.025;1.6;30.939780;6232680
1333;15:35:05.195;3.1;30.935431;6231804
1334;15:35:05.365;1.6;30.938271;6232376
1335;15:35:05.535;0.0;30.938271;6232376
1336;15:35:05.704;1.5;30.939680;6232512
1337;15:35:05.874;1.6;30.936861;6232092
1338;15:35:06.044;0.0;30.941249;6232828
1339;15:35:06.213;0.0;30.939939;6232344
1340;15:35:06.383;1.5;30.938350;6232392
1341;15:35:06.553;1.5;30.938330;6232388
1342;15:35:06.725;0.0;30.939422;6232388
1343;15:35:06.895;0.0;30.938211;6232364
1344;15:35:07.065;0.0;30.941964;6232900
1345;15:35:07.235;1.5;30.940653;6232856
1346;15:35:07.405;0.0;30.940653;6232856
1347;15:35:07.575;1.6;30.934796;6231928
1348;15:35:07.746;2.9;30.937437;6232132
1349;15:35:07.917;1.5;30.934458;6231608
1350;15:35:08.087;1.6;30.936742;6232320
1351;15:35:08.257;1.6;30.940494;6233076
1352;15:35:08.428;0.0;30.943155;6233360
1353;15:35:08.597;0.0;30.943195;6233220
1354;15:35:08.767;1.5;30.941904;6233108
1355;15:35:08.936;0.0;30.942063;6233140
1356;15:35:09.106;0.0;30.941289;6232984
1357;15:35:09.277;1.5;30.941745;6233076
1358;15:35:09.446;0.0;30.941745;6233336
1359;15:35:09.616;0.0;30.942977;6233324
1360;15:35:09.787;0.0;30.942282;6233184
1361;15:35:09.956;1.5;30.940554;6232836
1362;15:35:10.127;1.6;30.944466;6233624
1363;15:35:10.301;1.5;30.944426;6233616
1364;15:35:10.470;0.0;30.944426;6233616
1365;15:35:10.640;0.0;30.944426;6233616
1366;15:35:10.810;0.0;30.944466;6233624
1367;15:35:10.979;1.5;30.944426;6233616
1368;15:35:11.149;0.0;30.944426;6233616
1369;15:35:11.318;0.0;30.944307;6233592
1370;15:35:11.489;0.0;30.942083;6232924
1371;15:35:11.659;1.5;30.940475;6232820
1372;15:35:11.829;0.0;30.940693;6232716
1373;15:35:11.999;1.5;30.938052;6232332
1374;15:35:12.169;1.5;30.938350;6232392
1375;15:35:12.338;1.5;30.936483;6232016
1376;15:35:12.509;0.0;30.935947;6231908
1377;15:35:12.679;1.5;30.934200;6231556
1378;15:35:12.848;0.0;30.935113;6231860
1379;15:35:13.018;1.6;30.938211;6232364
1380;15:35:13.187;3.0;30.935908;6232152
1381;15:35:13.358;3.1;30.934418;6231600
1382;15:35:13.528;1.4;30.935749;6231868
1383;15:35:13.697;0.0;30.935788;6232136
1384;15:35:13.867;1.5;30.939045;6232708
1385;15:35:14.038;1.6;30.940872;6232900
1386;15:35:14.208;1.6;30.938886;6232500
1387;15:35:14.377;0.0;30.939978;6232720
1388;15:35:14.547;0.0;30.941408;6233008
1389;15:35:14.717;3.0;30.938648;6232452
1390;15:35:14.888;1.6;30.936662;6232156
1391;15:35:15.057;3.0;30.935868;6231488
1392;15:35:15.227;3.0;30.932850;6231536
1393;15:35:15.397;0.0;30.935312;6231780
1394;15:35:15.566;1.3;30.937774;6232276
1395;15:35:15.736;3.0;30.937695;6232260
1396;15:35:15.913;3.0;30.940197;6233016
1397;15:35:16.090;1.5;30.944148;6233812
1398;15:35:16.270;1.5;30.944466;6233624
1399;15:35:16.445;3.1;30.943890;6233508
1400;15:35:16.621;1.5;30.947405;6234216
1401;15:35:16.792;0.0;30.947524;6234072
1402;15:35:16.967;3.0;30.946888;6234112
1403;15:35:17.141;3.0;30.945538;6233840
1404;15:35:17.312;1.5;30.946769;6234088
1405;15:35:17.482;0.0;30.945796;6233672
1406;15:35:17.652;0.0;30.944625;6233924
1407;15:35:17.822;0.0;30.945856;6233904
1408;15:35:17.991;1.5;30.944089;6233548
1409;15:35:18.160;0.0;30.940216;6232768
1410;15:35:18.330;0.0;30.941745;6233344
1411;15:35:18.499;0.0;30.940792;6232736
1412;15:35:18.668;1.5;30.940832;6232892
1413;15:35:18.838;1.6;30.943473;6233424
1414;15:35:19.008;0.0;30.942738;6233276
1415;15:35:19.178;0.0;30.943850;6233352
1416;15:35:19.347;1.5;30.943632;6233236
1417;15:35:19.517;0.0;30.943076;6233344
1418;15:35:19.687;0.0;30.947087;6234152
1419;15:35:19.859;0.0;30.947802;6234296
1420;15:35:20.028;1.5;30.946074;6233948
1421;15:35:20.198;3.2;30.947544;6234244
1422;15:35:20.367;0.0;30.948675;6234472
1423;15:35:20.545;1.5;30.948715;6234480
1424;15:35:20.721;0.0;30.948715;6234260
1425;15:35:20.897;1.5;30.947603;6234256
1426;15:35:21.070;3.0;30.946471;6234028
1427;15:35:21.248;3.1;30.946551;6234044
1428;15:35:21.421;0.0;30.946134;6234112
1429;15:35:21.592;0.0;30.946948;6234124
1430;15:35:21.762;0.0;30.946054;6233576
1431;15:35:21.934;0.0;30.944029;6233536
1432;15:35:22.103;1.5;30.943791;6233268
1433;15:35:22.277;0.0;30.943691;6233736
1434;15:35:22.449;0.0;30.948695;6234476
1435;15:35:22.619;1.6;30.949628;6234664
1436;15:35:22.788;1.6;30.948378;6234412
1437;15:35:22.959;1.6;30.948378;6234412
1438;15:35:23.128;0.0;30.949053;6234548
1439;15:35:23.298;0.0;30.947861;6234308
1440;15:35:23.469;0.0;30.949211;6234580
1441;15:35:23.639;1.6;30.947385;6234212
1442;15:35:23.808;1.6;30.947146;6234164
1443;15:35:23.978;0.0;30.943016;6233584
1444;15:35:24.147;0.0;30.944585;6233648
1445;15:35:24.317;0.0;30.947285;6234192
1446;15:35:24.486;0.0;30.947405;6234216
1447;15:35:24.657;0.0;30.947285;6234192
1448;15:35:24.828;0.0;30.947206;6234176
1449;15:35:24.997;0.0;30.947285;6234192
1450;15:35:25.166;1.5;30.947484;6234232
1451;15:35:25.335;0.0;30.946193;6233972
1452;15:35:25.505;0.0;30.944783;6233688
1453;15:35:25.675;0.0;30.942996;6233596
1454;15:35:25.844;0.0;30.944148;6233560
1455;15:35:26.019;0.0;30.941964;6233120
1456;15:35:26.188;0.0;30.944505;6233632
1457;15:35:26.358;1.6;30.943255;6233632
1458;15:35:26.529;1.5;30.948159;6234368
1459;15:35:26.701;0.0;30.946372;6234008
1460;15:35:26.872;0.0;30.946729;6234080
1461;15:35:27.041;6.1;30.947722;6234280
1462;15:35:27.213;1.5;30.947385;6234212
1463;15:35:27.386;0.0;30.948556;6234448
1464;15:35:27.561;0.0;30.952230;6235188
1465;15:35:27.737;0.0;30.952547;6235252
1466;15:35:27.909;0.0;30.951475;6235036
1467;15:35:28.085;0.0;30.951793;6235100
1468;15:35:28.259;0.0;30.947365;6234208
1469;15:35:28.429;3.2;30.945280;6233788
1470;15:35:28.599;2.9;30.948874;6234512
1471;15:35:28.775;1.5;30.959160;6236584
1472;15:35:28.952;3.1;30.955486;6235844
1473;15:35:29.127;3.0;30.948933;6234524
1474;15:35:29.301;1.6;30.947444;6234224
1475;15:35:29.471;1.6;30.947563;6234248
1476;15:35:29.641;0.0;30.947563;6234516
1477;15:35:29.811;2.8;30.948814;6234500
1478;15:35:29.987;1.5;30.948536;6234444
1479;15:35:30.158;2.8;30.947444;6234224
1480;15:35:30.327;1.6;30.947385;6234464
1481;15:35:30.497;1.5;30.948417;6234420
1482;15:35:30.668;4.5;30.949827;6234956
1483;15:35:30.837;3.0;30.951852;6235364
1484;15:35:31.007;2.9;30.948894;6234312
1485;15:35:31.178;3.0;30.952329;6235208
1486;15:35:31.353;1.4;30.951118;6234964
1487;15:35:31.528;0.0;30.951614;6235064
1488;15:35:31.704;1.5;30.953719;6235488
1489;15:35:31.881;1.5;30.953699;6235484
1490;15:35:32.056;0.0;30.952269;6235196
1491;15:35:32.232;1.5;30.953878;6235520
1492;15:35:32.402;0.0;30.953719;6235488
1493;15:35:32.572;1.5;30.953719;6235488
1494;15:35:32.741;0.0;30.953679;6235480
1495;15:35:32.911;0.0;30.955010;6235748
1496;15:35:33.081;1.5;30.957750;6236300
1497;15:35:33.250;3.1;30.957909;6236332
1498;15:35:33.421;1.5;30.957432;6236016
1499;15:35:33.591;3.1;30.955089;6235764
1500;15:35:33.762;1.5;30.955089;6235396
1501;15:35:33.931;2.9;30.955407;6235828
1502;15:35:34.102;0.0;30.952667;6235276
1503;15:35:34.271;0.0;30.952706;6235284
1504;15:35:34.441;1.6;30.952786;6235300
1505;15:35:34.611;0.0;30.951614;6234844
1506;15:35:34.781;0.0;30.950661;6234872
1507;15:35:34.951;0.0;30.948933;6234524
1508;15:35:35.121;1.5;30.949092;6234040
1509;15:35:35.290;1.6;30.949728;6234684
1510;15:35:35.460;0.0;30.950820;6234904
1511;15:35:35.629;1.5;30.950740;6235164
1512;15:35:35.798;1.5;30.954533;6235652
1513;15:35:35.969;1.5;30.953282;6235400
1514;15:35:36.138;1.5;30.954275;6235600
1515;15:35:36.308;0.0;30.954533;6235652
1516;15:35:36.478;1.5;30.954692;6235684
1517;15:35:36.647;0.0;30.952944;6235332
1518;15:35:36.815;1.5;30.951852;6235112
1519;15:35:36.993;0.0;30.952170;6235176
1520;15:35:37.165;1.6;30.952031;6235148
1521;15:35:37.336;3.1;30.954215;6235068
1522;15:35:37.507;0.0;30.951098;6234960
1523;15:35:37.676;0.0;30.948914;6234520
1524;15:35:37.846;1.6;30.952031;6235448
1525;15:35:38.016;1.5;30.951098;6234960
1526;15:35:38.186;1.6;30.950482;6234836
1527;15:35:38.358;0.0;30.948675;6234472
1528;15:35:38.534;1.5;30.948675;6234472
1529;15:35:38.709;0.0;30.948596;6234456
1530;15:35:38.886;2.9;30.948636;6234464
1531;15:35:39.061;0.0;30.947305;6234196
1532;15:35:39.235;2.9;30.948953;6234528
1533;15:35:39.411;1.4;30.948953;6234528
1534;15:35:39.589;0.0;30.950204;6234780
1535;15:35:39.762;1.5;30.950284;6234796
1536;15:35:39.938;1.5;30.949430;6234624
1537;15:35:40.108;1.5;30.947385;6234212
1538;15:35:40.277;0.0;30.948258;6234388
1539;15:35:40.455;1.6;30.948477;6234432
1540;15:35:40.624;0.0;30.946868;6234108
1541;15:35:40.793;0.0;30.946332;6234000
1542;15:35:40.969;1.5;30.948100;6234356
1543;15:35:41.144;2.9;30.947583;6234260
1544;15:35:41.322;2.8;30.949350;6234884
1545;15:35:41.502;1.6;30.950085;6234536
1546;15:35:41.673;0.0;30.946034;6233940
1547;15:35:41.844;1.5;30.948755;6234488
1548;15:35:42.022;1.5;30.948278;6234392
1549;15:35:42.195;0.0;30.950979;6234936
1550;15:35:42.369;3.1;30.952428;6235228
1551;15:35:42.544;0.0;30.955049;6235756
1552;15:35:42.716;1.5;30.954890;6236000
1553;15:35:42.893;2.9;30.956300;6236008
1554;15:35:43.070;1.5;30.955486;6235844
1555;15:35:43.242;0.0;30.955288;6235804
1556;15:35:43.414;0.0;30.955685;6235588
1557;15:35:43.584;0.0;30.954275;6235600
1558;15:35:43.761;0.0;30.953342;6235412
1559;15:35:43.935;0.0;30.953679;6235260
1560;15:35:44.109;0.0;30.953441;6235424
1561;15:35:44.285;1.5;30.953441;6235432
1562;15:35:44.458;0.0;30.953441;6235432
1563;15:35:44.633;0.0;30.953441;6235432
1564;15:35:44.809;1.5;30.953580;6235460
1565;15:35:44.979;1.5;30.953421;6235428
1566;15:35:45.149;3.0;30.954195;6235584
1567;15:35:45.320;1.6;30.953262;6235176
1568;15:35:45.489;1.6;30.951555;6235052
1569;15:35:45.658;0.0;30.952925;6235328
1570;15:35:45.828;0.0;30.956558;6236060
1571;15:35:45.997;1.5;30.956558;6236060
1572;15:35:46.166;0.0;30.952607;6235060
1573;15:35:46.337;7.7;30.951356;6235264
1574;15:35:46.507;0.0;30.951257;6234992
1575;15:35:46.677;0.0;30.951138;6235220
1576;15:35:46.846;1.6;30.953679;6235480
1577;15:35:47.015;1.6;30.954156;6235864
1578;15:35:47.185;1.5;30.953481;6235440
1579;15:35:47.355;3.1;30.951773;6235096
1580;15:35:47.525;0.0;30.952408;6235224
1581;15:35:47.697;0.0;30.951932;6235128
1582;15:35:47.867;1.6;30.952885;6235320
1583;15:35:48.038;3.2;30.953381;6235420
1584;15:35:48.209;1.6;30.952071;6235156
1585;15:35:48.379;0.0;30.951912;6235124
1586;15:35:48.548;0.0;30.952071;6235156
1587;15:35:48.718;1.5;30.952071;6235156
1588;15:35:48.888;1.4;30.954612;6235668
1589;15:35:49.057;0.0;30.951277;6234996
1590;15:35:49.227;0.0;30.955069;6235612
1591;15:35:49.397;0.0;30.952845;6235376
1592;15:35:49.566;0.0;30.953977;6235540
1593;15:35:49.737;0.0;30.953381;6235420
1594;15:35:49.906;1.5;30.953977;6235540
1595;15:35:50.076;0.0;30.959140;6236580
1596;15:35:50.246;1.6;30.957889;6236180
1597;15:35:50.415;3.1;30.957154;6236028
1598;15:35:50.585;1.5;30.954156;6235576
1599;15:35:50.754;0.0;30.955407;6235828
1600;15:35:50.923;0.0;30.955208;6235788
1601;15:35:51.092;0.0;30.955407;6235828
1602;15:35:51.261;1.5;30.955407;6235460
1603;15:35:51.430;1.6;30.954573;6235660
1604;15:35:51.599;1.6;30.953222;6235240
1605;15:35:51.769;2.8;30.952587;6235260
1606;15:35:51.946;0.0;30.955526;6235852
1607;15:35:52.115;3.0;30.955407;6235828
1608;15:35:52.286;1.6;30.955903;6235928
1609;15:35:52.456;1.5;30.954632;6235672
1610;15:35:52.625;1.4;30.952547;6235252
1611;15:35:52.802;0.0;30.951991;6235392
1612;15:35:52.971;3.0;30.953778;6235352
1613;15:35:53.141;0.0;30.951197;6234940
1614;15:35:53.310;1.6;30.953560;6235088
1615;15:35:53.479;0.0;30.952408;6235224
1616;15:35:53.648;1.6;30.952329;6235208
1617;15:35:53.818;1.5;30.951614;6234844
1618;15:35:53.987;1.5;30.951555;6234260
1619;15:35:54.157;1.5;30.949847;6234708
1620;15:35:54.326;0.0;30.952389;6235480
1621;15:35:54.497;1.5;30.954533;6235652
1622;15:35:54.667;0.0;30.954692;6235464
1623;15:35:54.836;1.5;30.953441;6235432
1624;15:35:55.006;1.5;30.954652;6235676
1625;15:35:55.175;0.0;30.954871;6235720
1626;15:35:55.345;1.5;30.954990;6235612
1627;15:35:55.515;0.0;30.955486;6235844
1628;15:35:55.685;0.0;30.955327;6235812
1629;15:35:55.854;1.6;30.956539;6236056
1630;15:35:56.023;0.0;30.955466;6235840
1631;15:35:56.193;0.0;30.954295;6235604
1632;15:35:56.363;1.5;30.953560;6235456
1633;15:35:56.533;1.6;30.951932;6235128
1634;15:35:56.704;1.6;30.951932;6235128
1635;15:35:56.873;1.6;30.950840;6234908
1636;15:35:57.042;1.6;30.950701;6234880
1637;15:35:57.213;0.0;30.950701;6234880
1638;15:35:57.384;1.5;30.953044;6235352
1639;15:35:57.553;0.0;30.953361;6235416
1640;15:35:57.723;0.0;30.953560;6235456
1641;15:35:57.894;0.0;30.953401;6235424
1642;15:35:58.064;0.0;30.953361;6235416
1643;15:35:58.233;0.0;30.953381;6235420
1644;15:35:58.402;1.5;30.953262;6235396
1645;15:35:58.588;0.0;30.954692;6235684
1646;15:35:58.757;0.0;30.953917;6235528
1647;15:35:58.927;0.0;30.953242;6235244
1648;15:35:59.096;1.5;30.953461;6235436
1649;15:35:59.265;0.0;30.954493;6235496
1650;15:35:59.436;0.0;30.952448;6235232
1651;15:35:59.605;0.0;30.951872;6234896
1652;15:35:59.776;0.0;30.949847;6234488
1653;15:35:59.945;0.0;30.951833;6235108
1654;15:36:00.114;0.0;30.950125;6234764
1655;15:36:00.284;0.0;30.954970;6235740
1656;15:36:00.454;0.0;30.954473;6235640
1657;15:36:00.623;0.0;30.954434;6235632
1658;15:36:00.793;0.0;30.952627;6235268
1659;15:36:00.962;0.0;30.952686;6235280
1660;15:36:01.131;0.0;30.952686;6235272
1661;15:36:01.307;0.0;30.950840;6235164
1662;15:36:01.477;1.6;30.948358;6234584
1663;15:36:01.647;2.9;30.952508;6235244
1664;15:36:01.817;1.6;30.948894;6234440
1665;15:36:01.988;1.4;30.945677;6234372
1666;15:36:02.158;1.5;30.949827;6234704
1667;15:36:02.328;0.0;30.951376;6235016
1668;15:36:02.497;0.0;30.952051;6235152
1669;15:36:02.666;0.0;30.953302;6235404
1670;15:36:02.835;0.0;30.954454;6235636
1671;15:36:03.005;1.6;30.955863;6235772
1672;15:36:03.175;1.5;30.954374;6235400
1673;15:36:03.343;0.0;30.952071;6235156
1674;15:36:03.513;0.0;30.953242;6235392
1675;15:36:03.682;1.5;30.952091;6235160
1676;15:36:03.851;1.5;30.952706;6235536
1677;15:36:04.021;0.0;30.956519;6236052
1678;15:36:04.190;0.0;30.956201;6235988
1679;15:36:04.360;1.5;30.953719;6235340
1680;15:36:04.528;0.0;30.950403;6234820
1681;15:36:04.698;1.6;30.951237;6234988
1682;15:36:04.867;1.3;30.952051;6235152
1683;15:36:05.036;0.0;30.952130;6235168
1684;15:36:05.206;1.5;30.951038;6235208
1685;15:36:05.375;0.0;30.952408;6235224
1686;15:36:05.544;0.0;30.952567;6235516
1687;15:36:05.714;1.5;30.953818;6235508
1688;15:36:05.883;1.5;30.954394;6235624
1689;15:36:06.054;0.0;30.955883;6235924
1690;15:36:06.225;0.0;30.955367;6235820
1691;15:36:06.394;0.0;30.955367;6235820
1692;15:36:06.564;0.0;30.955367;6235820
1693;15:36:06.734;0.0;30.955367;6235820
1694;15:36:06.903;0.0;30.955526;6235332
1695;15:36:07.072;0.0;30.952647;6235272
1696;15:36:07.242;0.0;30.953898;6235376
1697;15:36:07.411;1.5;30.952647;6235272
1698;15:36:07.581;0.0;30.952567;6235256
1699;15:36:07.751;1.5;30.951277;6234996
1700;15:36:07.920;1.5;30.952488;6235020
1701;15:36:08.090;0.0;30.953898;6235524
1702;15:36:08.260;1.5;30.955387;6235824
1703;15:36:08.429;0.0;30.956320;6235644
1704;15:36:08.598;1.6;30.958246;6236400
1705;15:36:08.768;0.0;30.957889;6236328
1706;15:36:08.938;0.0;30.957889;6236108
1707;15:36:09.108;0.0;30.956856;6235884
1708;15:36:09.278;0.0;30.955844;6235916
1709;15:36:09.447;3.1;30.955844;6235696
1710;15:36:09.617;1.6;30.954295;6235872
1711;15:36:09.786;0.0;30.954295;6235864
1712;15:36:09.956;0.0;30.953957;6235536
1713;15:36:10.126;1.5;30.948834;6234504
1714;15:36:10.303;1.5;30.952547;6235252
1715;15:36:10.473;1.6;30.952587;6235324
1716;15:36:10.643;1.5;30.952825;6235012
1717;15:36:10.813;0.0;30.952766;6235296
1718;15:36:10.982;1.4;30.952567;6235256
1719;15:36:11.151;3.1;30.953898;6235472
1720;15:36:11.320;0.0;30.952428;6235228
1721;15:36:11.489;0.0;30.953679;6235480
1722;15:36:11.659;0.0;30.953719;6235120
1723;15:36:11.828;1.5;30.951118;6234964
1724;15:36:11.997;0.0;30.948794;6234496
1725;15:36:12.166;0.0;30.950045;6234748
1726;15:36:12.334;0.0;30.949966;6234732
1727;15:36:12.503;1.4;30.948874;6234512
1728;15:36:12.673;1.6;30.947822;6234080
1729;15:36:12.843;0.0;30.950522;6234844
1730;15:36:13.012;1.5;30.947365;6234208
1731;15:36:13.181;0.0;30.949192;6234576
1732;15:36:13.350;1.6;30.949152;6234568
1733;15:36:13.519;0.0;30.950443;6234828
1734;15:36:13.688;0.0;30.950641;6234868
1735;15:36:13.857;0.0;30.950443;6234828
1736;15:36:14.026;0.0;30.950403;6234820
1737;15:36:14.194;1.4;30.950403;6234820
1738;15:36:14.363;1.4;30.950323;6234584
1739;15:36:14.533;0.0;30.949231;6234584
1740;15:36:14.702;0.0;30.949390;6234616
1741;15:36:14.872;0.0;30.949192;6234884
1742;15:36:15.041;1.4;30.950721;6234884
1743;15:36:15.210;0.0;30.950721;6234884
1744;15:36:15.379;1.5;30.952130;6235168
1745;15:36:15.548;0.0;30.953500;6235444
1746;15:36:15.717;0.0;30.954394;6235624
1747;15:36:15.886;0.0;30.954315;6235388
1748;15:36:16.055;0.0;30.952051;6234932
1749;15:36:16.225;1.5;30.951078;6234956
1750;15:36:16.394;0.0;30.949628;6234516
1751;15:36:16.563;1.5;30.948417;6234272
1752;15:36:16.732;0.0;30.947345;6233984
1753;15:36:16.901;0.0;30.946094;6234204
1754;15:36:17.071;0.0;30.944942;6233720
1755;15:36:17.240;1.5;30.944208;6233352
1756;15:36:17.410;0.0;30.945121;6233608
1757;15:36:17.579;1.5;30.943294;6233388
1758;15:36:17.749;1.5;30.946253;6233984
1759;15:36:17.918;0.0;30.946829;6234360
1760;15:36:18.087;1.5;30.946412;6234124
1761;15:36:18.255;3.1;30.950621;6234864
1762;15:36:18.424;1.5;30.950542;6234848
1763;15:36:18.594;1.6;30.950979;6234936
1764;15:36:18.763;4.4;30.954275;6235600
1765;15:36:18.935;0.0;30.953421;6234912
1766;15:36:19.105;0.0;30.951654;6235072
1767;15:36:19.275;1.5;30.948239;6234636
1768;15:36:19.458;4.5;30.946293;6233992
1769;15:36:19.630;6.0;30.946610;6234056
1770;15:36:19.799;0.0;30.947504;6234236
1771;15:36:19.972;3.0;30.946432;6234020
1772;15:36:20.145;1.5;30.947603;6234264
1773;15:36:20.318;1.5;30.946590;6234052
1774;15:36:20.490;1.5;30.947742;6234284
1775;15:36:20.660;1.5;30.947504;6234016
1776;15:36:20.830;0.0;30.948874;6234512
1777;15:36:21.002;1.5;30.948834;6234504
1778;15:36:21.174;1.5;30.948119;6234140
1779;15:36:21.345;0.0;30.945617;6234172
1780;15:36:21.522;2.9;30.947742;6234284
1781;15:36:21.694;0.0;30.947980;6234332
1782;15:36:21.865;0.0;30.950482;6234836
1783;15:36:22.034;1.3;30.950363;6234812
1784;15:36:22.203;0.0;30.951535;6235048
1785;15:36:22.374;2.8;30.949291;6234376
1786;15:36:22.547;2.9;30.946789;6234092
1787;15:36:22.720;0.0;30.947961;6234328
1788;15:36:22.893;1.6;30.948497;6234216
1789;15:36:23.065;1.5;30.947623;6234260
1790;15:36:23.237;3.0;30.947544;6234244
1791;15:36:23.407;0.0;30.949112;6234560
1792;15:36:23.576;2.8;30.950045;6234748
1793;15:36:23.746;0.0;30.947464;6234228
1794;15:36:23.917;3.3;30.949033;6234544
1795;15:36:24.089;1.7;30.947822;6234300
1796;15:36:24.262;0.0;30.950820;6235156
1797;15:36:24.432;3.0;30.946193;6233972
1798;15:36:24.604;2.9;30.949172;6234572
1799;15:36:24.779;3.2;30.947841;6234304
1800;15:36:24.958;4.5;30.986601;6242112
1801;15:36:25.128;1.6;31.017915;6248092
1802;15:36:25.301;1.6;31.086817;6262300
1803;15:36:25.477;1.6;31.092198;6263384
1804;15:36:25.649;3.0;31.092694;6263752
1805;15:36:25.821;1.6;31.093310;6263608
1806;15:36:25.993;3.0;31.093350;6263616
1807;15:36:26.162;0.0;31.092595;6263464
1808;15:36:26.333;1.5;31.093826;6263712
1809;15:36:26.504;0.0;31.093866;6263720
1810;15:36:26.676;3.0;31.096467;6264244
1811;15:36:26.849;1.6;31.102365;6265432
1812;15:36:27.025;0.0;31.101868;6265332
1813;15:36:27.198;0.0;31.102404;6265440
1814;15:36:27.373;0.0;31.101312;6265000
1815;15:36:27.544;1.5;31.101550;6265268
1816;15:36:27.725;1.6;31.101550;6265268
1817;15:36:27.897;3.0;31.111916;6267616
1818;15:36:28.072;1.5;31.116741;6268796
1819;15:36:28.245;3.0;31.140985;6273212
1820;15:36:28.417;1.6;31.161358;6277316
1821;15:36:28.593;1.5;31.169579;6278972
1822;15:36:28.765;1.5;31.541987;6353992
1823;15:36:28.936;0.0;31.541828;6353960
1824;15:36:29.109;1.6;31.544330;6354244
1825;15:36:29.282;1.5;31.545442;6354760
1826;15:36:29.452;0.0;31.546336;6354868
1827;15:36:29.625;0.0;31.546495;6354680
1828;15:36:29.796;0.0;31.544846;6354568
1829;15:36:29.965;0.0;31.543457;6354288
1830;15:36:30.136;0.0;31.564882;6358604
1831;15:36:30.308;1.5;31.566252;6358880
1832;15:36:30.479;0.0;31.564882;6358604
1833;15:36:30.649;1.5;31.573559;6360352
1834;15:36:30.821;0.0;31.575048;6360432
1835;15:36:30.991;0.0;31.573023;6360244
1836;15:36:31.162;0.0;31.574115;6360464
1837;15:36:31.332;1.5;31.574353;6360512
1838;15:36:31.503;1.5;31.575425;6360508
1839;15:36:31.675;0.0;31.575584;6360760
1840;15:36:31.845;0.0;31.580231;6361476
1841;15:36:32.016;0.0;31.576319;6360908
1842;15:36:32.186;1.5;31.576478;6360940
1843;15:36:32.355;1.5;31.576915;6361028
1844;15:36:32.526;1.5;31.575147;6360672
1845;15:36:32.697;0.0;31.577530;6361152
1846;15:36:32.866;0.0;31.577471;6360920
1847;15:36:33.035;1.6;31.579973;6361644
1848;15:36:33.204;1.5;31.578722;6361392
1849;15:36:33.373;0.0;31.578880;6361424
1850;15:36:33.542;1.5;31.578841;6361416
1851;15:36:33.713;3.0;31.579039;6361456
1852;15:36:33.885;3.1;31.579575;6361260
1853;15:36:34.075;1.4;31.579635;6361828
1854;15:36:34.246;1.6;31.578305;6361308
1855;15:36:34.421;3.0;31.579834;6361616
1856;15:36:34.594;1.6;31.581799;6362012
1857;15:36:34.953;0.0;31.583447;6362344
1858;15:36:35.123;3.0;31.582435;6362092
1859;15:36:35.294;1.6;31.582395;6362132
1860;15:36:35.465;0.0;31.582514;6362156
1861;15:36:35.635;0.0;31.592244;6364116
1862;15:36:35.805;0.0;31.632831;6372072
1863;15:36:35.976;1.5;31.959410;6442396
1864;15:36:36.147;2.9;32.041417;6454600
1865;15:36:36.318;0.0;32.043562;6454664
1866;15:36:36.488;0.0;32.039928;6454560
1867;15:36:36.659;0.0;32.042112;6454740
1868;15:36:36.830;1.5;32.043244;6454880
1869;15:36:37.000;1.5;32.044019;6454904
1870;15:36:37.173;0.0;32.041298;6454576
1871;15:36:37.343;1.5;32.041556;6454628
1872;15:36:37.515;0.0;32.041298;6454576
1873;15:36:37.686;0.0;32.039889;6454292
1874;15:36:37.855;1.5;32.039650;6454244
1875;15:36:38.024;0.0;32.039928;6454300
1876;15:36:38.194;1.4;32.043244;6454968
1877;15:36:38.364;0.0;32.042946;6454908
1878;15:36:38.534;0.0;32.042053;6454728
1879;15:36:38.703;0.0;32.040147;6454596
1880;15:36:38.873;1.5;32.051743;6456680
1881;15:36:39.042;0.0;32.049559;6456020
1882;15:36:39.212;1.5;32.049559;6456092
1883;15:36:39.382;1.5;32.047176;6455888
1884;15:36:39.552;0.0;32.049559;6456240
1885;15:36:39.730;0.0;32.053470;6457028
1886;15:36:39.907;3.0;32.053589;6457052
1887;15:36:40.081;6.9;32.052299;6456792
1888;15:36:40.255;0.0;32.053391;6457012
1889;15:36:40.434;1.5;32.053589;6457052
1890;15:36:40.606;5.6;32.053669;6457068
1891;15:36:40.778;11.2;32.053470;6457028
1892;15:36:40.950;1.4;32.051227;6456576
1893;15:36:41.126;1.5;32.051346;6456600
1894;15:36:41.303;1.5;32.051505;6456632
1895;15:36:41.477;4.4;32.054642;6457044
1896;15:36:41.650;8.5;32.049777;6456536
1897;15:36:41.825;0.0;32.051187;6456568
1898;15:36:42.002;1.5;32.053848;6457104
1899;15:36:42.173;0.0;32.052497;6456832
1900;15:36:42.345;1.5;32.054086;6457152
1901;15:36:42.517;1.4;32.055079;6457352
1902;15:36:42.687;1.4;32.049956;6456320
1903;15:36:42.859;1.5;32.050412;6456336
1904;15:36:43.030;4.5;32.051485;6456628
1905;15:36:43.202;0.0;32.048943;6456116
1906;15:36:43.371;0.0;32.047652;6455856
1907;15:36:43.541;3.0;32.046739;6455672
1908;15:36:43.710;1.5;32.046699;6455664
1909;15:36:43.879;1.5;32.048963;6456120
1910;15:36:44.050;1.5;32.049201;6456168
1911;15:36:44.220;0.0;32.043582;6455036
1912;15:36:44.390;1.5;32.046084;6455540
1913;15:36:44.559;1.5;32.047335;6456044
1914;15:36:44.728;1.5;32.048586;6456044
1915;15:36:44.898;1.5;32.048546;6456036
1916;15:36:45.067;0.0;32.052299;6456792
1917;15:36:45.237;1.5;32.052299;6456792
1918;15:36:45.407;0.0;32.052299;6456792
1919;15:36:45.576;0.0;32.053748;6456864
1920;15:36:45.745;1.5;32.052299;6456792
1921;15:36:45.915;1.5;32.052418;6456816
1922;15:36:46.084;0.0;32.052299;6456792
1923;15:36:46.254;0.0;32.054801;6457296
1924;15:36:46.423;0.0;32.054801;6457296
1925;15:36:46.593;0.0;32.053411;6457016
1926;15:36:46.762;0.0;32.054106;6457156
1927;15:36:46.933;1.5;32.053014;6456936
1928;15:36:47.102;1.5;32.053530;6457292
1929;15:36:47.278;0.0;32.056032;6457544
1930;15:36:47.456;4.3;32.055873;6457512
1931;15:36:47.632;1.6;32.056806;6457700
1932;15:36:47.804;0.0;32.055297;6457396
1933;15:36:47.974;1.6;32.060301;6458404
1934;15:36:48.146;1.5;32.057600;6457860
1935;15:36:48.316;1.5;32.055059;6457600
1936;15:36:48.487;1.5;32.057759;6457892
1937;15:36:48.657;0.0;32.056508;6457640
1938;15:36:48.826;1.5;32.058851;6458112
1939;15:36:48.996;2.9;32.059308;6458052
1940;15:36:49.166;0.0;32.056131;6457596
1941;15:36:49.335;1.6;32.057700;6457880
1942;15:36:49.504;0.0;32.054404;6457468
1943;15:36:49.675;1.4;32.062068;6458760
1944;15:36:49.845;1.5;32.063677;6459084
1945;15:36:50.014;1.5;32.066218;6459596
1946;15:36:50.186;1.5;32.066238;6459600
1947;15:36:50.356;0.0;32.066238;6459600
1948;15:36:50.526;1.5;32.066238;6459600
1949;15:36:50.695;1.4;32.066198;6459592
1950;15:36:50.864;0.0;32.066317;6459616
1951;15:36:51.033;1.5;32.066317;6459616
1952;15:36:51.203;0.0;32.066238;6459380
1953;15:36:51.372;0.0;32.065265;6459404
1954;15:36:51.542;0.0;32.067489;6459852
1955;15:36:51.712;0.0;32.066397;6459632
1956;15:36:51.882;1.3;32.066238;6459600
1957;15:36:52.052;3.0;32.064054;6459460
1958;15:36:52.221;0.0;32.066516;6459656
1959;15:36:52.390;0.0;32.066595;6459452
1960;15:36:52.565;0.0;32.065543;6459712
1961;15:36:52.743;1.5;32.065146;6459380
1962;15:36:52.917;2.9;32.064372;6459476
1963;15:36:53.090;2.7;32.067489;6459704
1964;15:36:53.262;0.0;32.064530;6459508
1965;15:36:53.434;1.4;32.065245;6459400
1966;15:36:53.605;1.4;32.066417;6459636
1967;15:36:53.776;0.0;32.063041;6458956
1968;15:36:53.946;1.5;32.065206;6459676
1969;15:36:54.116;2.9;32.064312;6459212
1970;15:36:54.287;1.5;32.062763;6459152
1971;15:36:54.457;0.0;32.062326;6458812
1972;15:36:54.627;0.0;32.063577;6459096
1973;15:36:54.796;0.0;32.064848;6459320
1974;15:36:54.966;1.5;32.063855;6459120
1975;15:36:55.136;0.0;32.067807;6459916
1976;15:36:55.307;0.0;32.066715;6459696
1977;15:36:55.477;1.5;32.066715;6459696
1978;15:36:55.646;0.0;32.069217;6460200
1979;15:36:55.815;1.5;32.069217;6460200
1980;15:36:55.984;0.0;32.069217;6460200
1981;15:36:56.154;0.0;32.069058;6460168
1982;15:36:56.323;1.6;32.069058;6460168
1983;15:36:56.492;1.5;32.069177;6460192
1984;15:36:56.662;0.0;32.069058;6460168
1985;15:36:56.831;0.0;32.068939;6460144
1986;15:36:57.000;4.4;32.065781;6459288
1987;15:36:57.170;0.0;32.065702;6459492
1988;15:36:57.339;1.5;32.065702;6459492
1989;15:36:57.514;3.1;32.067310;6459816
1990;15:36:57.691;3.1;32.067628;6459880
1991;15:36:57.861;0.0;32.068601;6460076
1992;15:36:58.030;3.1;32.066218;6459596
1993;15:36:58.201;0.0;32.063319;6459012
1994;15:36:58.372;1.5;32.066953;6459744
1995;15:36:58.542;0.0;32.065583;6459468
1996;15:36:58.711;3.1;32.066993;6459752
1997;15:36:58.879;0.0;32.067072;6459768
1998;15:36:59.049;0.0;32.068323;6460020
1999;15:36:59.219;0.0;32.067251;6459804
2000;15:36:59.388;0.0;32.067251;6459804
2001;15:36:59.558;0.0;32.067290;6459812
2002;15:36:59.728;0.0;32.068343;6460024
2003;15:36:59.897;1.5;32.066119;6459356
2004;15:37:00.066;0.0;32.065027;6459356
2005;15:37:00.235;0.0;32.064769;6459564
2006;15:37:00.405;1.5;32.065007;6459352
2007;15:37:00.574;0.0;32.065047;6459360
2008;15:37:00.743;1.5;32.063974;6459144
2009;15:37:00.912;0.0;32.065166;6459384
2010;15:37:01.082;1.6;32.064828;6459316
2011;15:37:01.251;1.5;32.065781;6459508
2012;15:37:01.421;1.5;32.064471;6459244
2013;15:37:01.590;1.5;32.067012;6459756
2014;15:37:01.760;1.5;32.066973;6459748
2015;15:37:01.936;3.0;32.067132;6459780
2016;15:37:02.113;1.5;32.068383;6460032
2017;15:37:02.290;2.9;32.071043;6460568
2018;15:37:02.469;0.0;32.073545;6461072
2019;15:37:02.647;1.5;32.072413;6460844
2020;15:37:02.822;4.5;32.070487;6460456
2021;15:37:02.997;2.9;32.070328;6460424
2022;15:37:03.169;8.6;32.070765;6460688
2023;15:37:03.342;8.8;32.070507;6460460
2024;15:37:03.513;1.4;32.078569;6462084
2025;15:37:03.693;1.3;32.086512;6463684
2026;15:37:03.870;4.5;32.070587;6460476
2027;15:37:04.041;1.6;32.069137;6460184
2028;15:37:04.213;4.1;32.067747;6459904
2029;15:37:04.385;1.4;32.075571;6461480
2030;15:37:04.561;1.4;32.086134;6463608
2031;15:37:04.741;3.1;32.068402;6460036
2032;15:37:04.912;0.0;32.068859;6460128
2033;15:37:05.083;1.9;32.069594;6460276
2034;15:37:05.258;1.6;32.068700;6459948
2035;15:37:05.429;0.0;32.066854;6459572
2036;15:37:05.601;1.9;32.066337;6459872
2037;15:37:05.774;1.9;32.065106;6459532
2038;15:37:05.965;1.7;32.067568;6459868
2039;15:37:06.135;0.0;32.066595;6459672
2040;15:37:06.306;0.0;32.066337;6459768
2041;15:37:06.479;0.0;32.067032;6459760
2042;15:37:06.649;1.9;32.067946;6459944
2043;15:37:06.821;1.9;32.066854;6459724
2044;15:37:07.005;1.8;32.069495;6460256
2045;15:37:07.178;3.6;32.059924;6458300
2046;15:37:07.350;1.9;32.064471;6458944
2047;15:37:07.522;0.0;32.061254;6458448
2048;15:37:07.695;0.0;32.062684;6458884
2049;15:37:07.868;0.0;32.066893;6459732
2050;15:37:08.040;1.8;32.067370;6459828
2051;15:37:08.212;1.9;32.066218;6459848
2052;15:37:08.383;3.4;32.063220;6458992
2053;15:37:08.553;1.7;32.067350;6459676
2054;15:37:08.724;3.4;32.065146;6459532
2055;15:37:08.895;1.8;32.065623;6459628
2056;15:37:09.067;1.8;32.065404;6459432
2057;15:37:09.239;0.0;32.066377;6459628
2058;15:37:09.411;0.0;32.068303;6460016
2059;15:37:09.584;0.0;32.066595;6459672
2060;15:37:09.757;0.0;32.067529;6459712
2061;15:37:09.928;0.0;32.065980;6459548
2062;15:37:10.099;0.0;32.068561;6460068
2063;15:37:10.271;3.4;32.069554;6460436
2064;15:37:10.441;1.6;32.070964;6460552
2065;15:37:10.612;0.0;32.068303;6460016
2066;15:37:10.784;0.0;32.068859;6460128
2067;15:37:10.957;1.7;32.068839;6460124
2068;15:37:11.130;0.0;32.065543;6459160
2069;15:37:11.302;1.7;32.066754;6459704
2070;15:37:11.473;3.3;32.072870;6460636
2071;15:37:11.644;0.0;32.069435;6460244
2072;15:37:11.817;1.5;32.069594;6460276
2073;15:37:11.989;3.0;32.068740;6460104
2074;15:37:12.166;3.2;32.072493;6461168
2075;15:37:12.342;3.2;32.073645;6461464
2076;15:37:12.514;3.0;32.076285;6461592
2077;15:37:12.688;1.5;32.079105;6461896
2078;15:37:12.865;1.6;32.074578;6461280
2079;15:37:13.038;1.5;32.081269;6462480
2080;15:37:13.212;1.6;32.073069;6461080
2081;15:37:13.384;1.6;32.076841;6461736
2082;15:37:13.558;1.5;32.082759;6462928
2083;15:37:13.737;1.5;32.088815;6464148
2084;15:37:13.914;3.3;32.083990;6463008
2085;15:37:14.085;1.6;32.070904;6460728
2086;15:37:14.256;1.5;32.079105;6462192
2087;15:37:14.432;3.0;32.075293;6461440
2088;15:37:14.610;3.1;32.074617;6461288
2089;15:37:14.785;0.0;32.072116;6461004
2090;15:37:14.958;3.0;32.073228;6461120
2091;15:37:15.133;1.6;32.078390;6461900
2092;15:37:15.305;3.1;32.077656;6461604
2093;15:37:15.477;0.0;32.076782;6461612
2094;15:37:15.648;1.5;32.077397;6461848
2095;15:37:15.822;3.0;32.077695;6461760
2096;15:37:15.998;1.5;32.079621;6462296
2097;15:37:16.177;1.5;32.080654;6462780
2098;15:37:16.356;2.9;32.081428;6462660
2099;15:37:16.533;4.5;32.081369;6462648
2100;15:37:16.709;6.0;32.079879;6462200
2101;15:37:16.887;2.9;32.080475;6462468
2102;15:37:17.065;4.5;32.076802;6461728
2103;15:37:17.241;4.6;32.081329;6462640
2104;15:37:17.415;4.5;32.079959;6462364
2105;15:37:17.589;1.6;32.080396;6462304
2106;15:37:17.761;4.2;32.075392;6461444
2107;15:37:17.938;6.1;32.078470;6462064
2108;15:37:18.113;1.5;32.079641;6462420
2109;15:37:18.289;1.6;32.079423;6462256
2110;15:37:18.466;1.5;32.078132;6461812
2111;15:37:18.643;1.6;32.074935;6461352
2112;15:37:18.817;4.6;32.073188;6461000
2113;15:37:18.995;4.4;32.074836;6461584
2114;15:37:19.171;4.5;32.074895;6461612
2115;15:37:19.343;3.1;32.079224;6461920
2116;15:37:19.516;5.8;32.078629;6461800
2117;15:37:19.689;2.9;32.081369;6462800
2118;15:37:19.864;4.5;32.078152;6461812
2119;15:37:20.035;4.6;32.077318;6461832
2120;15:37:20.212;1.4;32.072751;6461164
2121;15:37:20.389;0.0;32.074876;6461340
2122;15:37:20.558;4.6;32.103548;6467116
2123;15:37:20.729;3.0;32.120327;6470496
2124;15:37:20.901;4.5;32.132499;6472620
2125;15:37:21.072;4.6;32.131923;6472832
2126;15:37:21.243;3.0;32.142884;6475284
2127;15:37:21.415;4.6;32.300326;6506608
2128;15:37:21.585;1.6;32.462832;6539344
2129;15:37:21.756;1.5;32.639872;6575156
2130;15:37:21.925;4.5;32.760421;6599500
2131;15:37:22.096;3.1;32.759051;6599164
2132;15:37:22.266;1.6;32.874159;6622204
2133;15:37:22.436;3.0;32.892049;6626216
2134;15:37:22.607;2.9;32.896517;6626856
2135;15:37:22.778;3.1;32.998520;6647404
2136;15:37:22.949;1.5;33.153003;6678496
2137;15:37:23.118;1.6;33.329448;6712948
2138;15:37:23.290;2.9;33.348232;6717840
2139;15:37:23.461;4.4;33.413580;6731528
2140;15:37:23.631;4.3;33.415407;6731384
2141;15:37:23.802;4.4;33.416380;6731528
2142;15:37:23.974;1.5;33.417412;6731884
2143;15:37:24.145;2.9;33.415149;6731576
2144;15:37:24.315;4.3;33.420490;6732660
2145;15:37:24.487;6.0;33.441915;6736724
2146;15:37:24.657;3.0;33.602773;6771176
2147;15:37:24.828;3.1;33.695602;6788088
2148;15:37:25.001;3.0;33.729556;6794928
2149;15:37:25.173;4.7;33.726935;6794140
2150;15:37:25.344;3.0;33.727114;6793880
2151;15:37:25.514;3.0;33.726697;6794092
2152;15:37:25.684;5.7;33.735434;6795852
2153;15:37:25.856;3.1;33.868869;6822828
2154;15:37:26.027;6.1;33.871351;6823344
2155;15:37:26.199;2.9;33.871371;6823236
2156;15:37:26.370;4.7;33.870279;6823096
2157;15:37:26.541;3.1;33.869266;6823324
2158;15:37:26.712;4.3;33.870696;6823344
2159;15:37:26.883;1.5;33.872424;6823448
2160;15:37:27.055;3.1;33.871212;6823204
2161;15:37:27.226;4.3;33.871828;6823328
2162;15:37:27.398;5.8;33.881339;6825496
2163;15:37:27.568;2.9;33.883206;6825864
2164;15:37:27.740;4.5;33.889679;6826864
2165;15:37:27.911;4.2;33.890175;6827284
2166;15:37:28.082;3.2;33.899746;6829100
2167;15:37:28.253;4.3;33.909615;6831184
2168;15:37:28.429;1.5;33.924190;6833760
2169;15:37:28.601;4.5;33.932966;6835800
2170;15:37:28.771;4.4;33.939995;6837060
2171;15:37:28.942;1.5;33.964736;6842044
2172;15:37:29.113;1.5;34.046128;6858440
2173;15:37:29.284;1.6;34.067097;6863168
2174;15:37:29.456;3.1;34.066263;6862496
2175;15:37:29.627;0.0;34.067295;6862556
2176;15:37:29.797;3.1;34.073590;6864216
2177;15:37:29.967;1.5;34.092692;6868064
2178;15:37:30.138;5.8;34.094916;6868780
2179;15:37:30.309;4.6;34.100058;6869156
2180;15:37:30.480;1.5;34.097497;6868788
2181;15:37:30.651;3.0;34.096742;6868256
2182;15:37:30.822;1.6;34.106412;6871036
2183;15:37:30.993;3.2;34.109272;6871288
2184;15:37:31.163;3.0;34.117870;6873404
2185;15:37:31.335;4.4;34.120868;6873716
2186;15:37:31.505;3.0;34.130300;6875640
2187;15:37:31.676;1.5;34.142829;6878164
2188;15:37:31.846;1.5;34.142869;6877600
2189;15:37:32.018;2.9;34.142472;6877848
2190;15:37:32.189;3.1;34.146761;6878956
2191;15:37:32.360;1.6;34.241873;6897576
2192;15:37:32.530;3.0;34.241000;6897400
2193;15:37:32.701;4.5;34.241218;6897964
2194;15:37:32.874;4.5;34.240066;6897776
2195;15:37:33.045;4.3;34.249697;6899716
2196;15:37:33.216;3.2;34.254065;6900328
2197;15:37:33.386;3.1;34.273882;6904268
2198;15:37:33.557;1.6;34.301383;6909860
2199;15:37:33.727;3.0;34.303627;6909656
2200;15:37:33.898;3.1;34.301900;6909896
2201;15:37:34.069;3.2;34.300529;6909688
2202;15:37:34.240;1.5;34.302813;6910400
2203;15:37:34.411;1.6;34.307459;6910788
2204;15:37:34.580;1.6;34.305057;6910892
2205;15:37:34.751;3.0;34.303369;6910512
2206;15:37:34.923;2.9;34.304997;6910840
2207;15:37:35.094;0.0;34.302515;6910332
2208;15:37:35.265;2.9;34.301602;6909992
2209;15:37:35.434;3.1;34.304739;6910780
2210;15:37:35.603;0.0;34.631835;6976428
2211;15:37:35.773;0.0;34.631835;6976280
2212;15:37:35.942;1.5;34.633602;6976784
2213;15:37:36.112;0.0;34.631061;6976312
2214;15:37:36.282;0.0;34.633205;6976824
2215;15:37:36.451;0.0;34.632490;6976560
2216;15:37:36.621;0.0;34.630862;6976352
2217;15:37:36.790;0.0;34.632113;6976484
2218;15:37:36.959;0.0;34.631418;6976344
2219;15:37:37.129;0.0;34.630862;6976232
2220;15:37:37.298;0.0;34.633384;6976592
2221;15:37:37.469;0.0;34.633205;6976704
2222;15:37:37.638;0.0;34.632053;6976324
2223;15:37:37.809;0.0;34.632053;6976324
2224;15:37:37.979;0.0;34.630802;6976072
2225;15:37:38.149;0.0;34.631319;6976324
2226;15:37:38.318;0.0;34.633265;6976568
2227;15:37:38.489;1.5;34.636283;6977176
2228;15:37:38.664;3.0;34.634873;6977188
2229;15:37:38.834;0.0;34.639241;6977920
2230;15:37:39.010;4.4;34.637712;6977712
2231;15:37:39.181;1.6;34.639261;6977776
2232;15:37:39.351;1.5;34.639778;6978028
2233;15:37:39.526;0.0;34.641763;6978428
2234;15:37:39.702;1.5;34.641445;6978476
2235;15:37:39.876;0.0;34.640195;6977964
2236;15:37:40.045;0.0;34.640711;6978216
2237;15:37:40.217;3.2;34.640989;6978272
2238;15:37:40.388;4.6;34.638924;6978148
2239;15:37:40.564;1.5;34.640393;6978152
2240;15:37:40.742;3.0;34.640274;6978128
2241;15:37:40.917;0.0;34.636561;6977648
2242;15:37:41.091;1.4;34.637931;6977656
2243;15:37:41.261;1.6;34.640393;6978152
2244;15:37:41.435;3.1;34.641148;6978304
2245;15:37:41.607;0.0;34.639142;6977900
2246;15:37:41.781;0.0;34.640115;6977800
2247;15:37:41.956;1.5;34.639341;6977940
2248;15:37:42.127;0.0;34.641525;6978232
2249;15:37:42.298;3.0;34.641723;6978420
2250;15:37:42.471;1.5;34.642160;6978508
2251;15:37:42.640;3.0;34.640751;6978492
2252;15:37:42.813;3.0;34.642001;6978476
2253;15:37:42.990;1.5;34.640751;6978484
2254;15:37:43.166;0.0;34.641485;6978136
2255;15:37:43.341;0.0;34.638288;6977432
2256;15:37:43.512;0.0;34.636978;6977428
2257;15:37:43.693;1.5;34.635429;6977152
2258;15:37:43.869;1.5;34.638745;6977820
2259;15:37:44.045;1.5;34.639996;6978332
2260;15:37:44.224;1.5;34.641346;6978344
2261;15:37:44.397;4.3;34.641922;6978312
2262;15:37:44.569;2.9;34.642557;6978436
2263;15:37:44.744;0.0;34.641465;6978368
2264;15:37:44.921;1.5;34.638904;6977896
2265;15:37:45.095;1.5;34.639202;6977764
2266;15:37:45.265;1.6;34.638149;6977700
2267;15:37:45.435;1.5;34.639162;6977904
2268;15:37:45.603;4.3;34.640929;6978260
2269;15:37:45.774;2.8;34.638070;6978092
2270;15:37:45.944;1.6;34.648038;6979692
2271;15:37:46.113;1.4;34.668133;6983592
2272;15:37:46.283;0.0;34.685805;6987396
2273;15:37:46.453;1.5;34.687731;6987688
2274;15:37:46.623;0.0;34.687532;6987648
2275;15:37:46.793;0.0;34.686182;6987376
2276;15:37:46.963;1.5;34.695197;6989156
2277;15:37:47.132;1.4;34.696448;6989148
2278;15:37:47.302;1.5;34.694998;6989208
2279;15:37:47.473;1.6;34.697322;6989304
2280;15:37:47.648;0.0;34.695952;6989344
2281;15:37:47.820;0.0;34.695475;6989580
2282;15:37:47.993;0.0;34.697361;6989628
2283;15:37:48.164;1.5;34.697659;6989540
2284;15:37:48.334;1.6;34.697818;6991736
2285;15:37:48.506;0.0;34.752185;7000672
2286;15:37:48.676;1.6;34.750795;7000392
2287;15:37:48.847;1.5;34.790786;7008448
2288;15:37:49.017;1.5;34.801648;7010636
2289;15:37:49.187;1.5;34.800079;7010320
2290;15:37:49.356;0.0;34.801330;7010276
2291;15:37:49.526;0.0;34.803355;7010980
2292;15:37:49.696;1.5;34.800635;7010432
2293;15:37:49.865;0.0;34.799900;7010284
2294;15:37:50.036;1.5;34.800635;7010432
2295;15:37:50.207;0.0;34.800675;7010292
2296;15:37:50.377;0.0;34.798610;7010024
2297;15:37:50.547;3.1;34.799741;7010336
2298;15:37:50.718;0.0;34.799305;7010164
2299;15:37:50.887;1.5;34.795591;7009416
2300;15:37:51.057;0.0;34.794340;7009164
2301;15:37:51.226;1.5;34.794023;7009100
2302;15:37:51.395;0.0;34.794023;7009100
2303;15:37:51.565;1.5;34.795274;7009352
2304;15:37:51.735;0.0;34.795433;7009384
2305;15:37:51.904;0.0;34.795472;7009392
2306;15:37:52.074;1.6;34.795472;7009392
2307;15:37:52.244;1.6;34.797895;7009920
2308;15:37:52.414;0.0;34.796723;7009644
2309;15:37:52.585;2.9;34.796723;7009644
2310;15:37:52.755;0.0;34.795492;7009396
2311;15:37:52.925;0.0;34.801290;7010412
2312;15:37:53.095;0.0;34.802998;7010908
2313;15:37:53.264;0.0;34.803077;7010924
2314;15:37:53.434;1.5;34.804845;7011280
2315;15:37:53.604;0.0;34.803494;7011008
2316;15:37:53.773;1.6;34.801826;7010672
2317;15:37:53.943;1.5;34.803594;7011028
2318;15:37:54.113;0.0;34.803117;7010932
2319;15:37:54.282;0.0;34.801866;7010792
2320;15:37:54.452;1.5;34.813125;7012800
2321;15:37:54.622;0.0;34.813542;7013032
2322;15:37:54.791;1.5;34.813681;7013060
2323;15:37:54.961;0.0;34.816183;7013564
2324;15:37:55.131;1.5;34.813641;7013052
2325;15:37:55.301;1.6;34.814415;7013060
2326;15:37:55.470;0.0;34.814376;7013200
2327;15:37:55.639;1.4;34.813720;7013336
2328;15:37:55.809;1.5;34.813839;7012940
2329;15:37:55.978;0.0;34.810543;7012548
2330;15:37:56.147;0.0;34.810087;7012580
2331;15:37:56.316;0.0;34.812033;7012848
2332;15:37:56.485;1.6;34.813522;7013028
2333;15:37:56.655;0.0;34.816580;7013496
2334;15:37:56.824;1.5;34.812668;7012708
2335;15:37:56.994;3.0;34.813780;7013080
2336;15:37:57.165;3.0;34.814217;7013168
2337;15:37:57.334;4.2;34.816719;7013792
2338;15:37:57.504;1.6;34.817592;7013700
2339;15:37:57.674;3.1;34.814237;7013172
2340;15:37:57.844;3.0;34.813323;7012840
2341;15:37:58.016;0.0;34.814515;7013392
2342;15:37:58.185;1.6;34.813998;7012976
2343;15:37:58.355;1.4;34.812728;7012840
2344;15:37:58.525;5.7;34.812608;7013144
2345;15:37:58.695;3.1;34.816897;7012684
2346;15:37:58.865;1.6;34.813661;7013300
2347;15:37:59.035;1.5;34.811675;7012900
2348;15:37:59.205;4.5;34.812450;7012964
2349;15:37:59.376;0.0;34.810782;7012720
2350;15:37:59.546;1.5;34.811715;7012664
2351;15:37:59.715;1.3;34.812807;7012736
2352;15:37:59.884;1.5;34.814753;7013276
2353;15:38:00.054;1.6;34.813462;7013016
2354;15:38:00.223;1.5;34.812787;7012732
2355;15:38:00.393;3.0;34.812052;7012732
2356;15:38:00.563;1.5;34.814038;7012984
2357;15:38:00.733;1.6;34.814713;7013268
2358;15:38:00.904;1.6;34.808677;7012304
2359;15:38:01.073;0.0;34.809114;7012140
2360;15:38:01.242;3.0;34.814673;7013488
2361;15:38:01.415;1.5;34.815051;7013612
2362;15:38:01.586;1.6;34.815011;7013328
2363;15:38:01.757;1.7;34.815905;7013208
2364;15:38:01.927;0.0;34.815071;7013712
2365;15:38:02.098;0.0;34.813820;7012968
2366;15:38:02.268;3.3;34.812867;7013300
2367;15:38:02.439;0.0;34.820869;7014816
2368;15:38:02.617;3.2;34.817215;7013772
2369;15:38:02.789;1.6;34.814415;7013476
2370;15:38:02.959;1.7;34.817553;7013840
2371;15:38:03.129;0.0;34.812946;7013172
2372;15:38:03.301;0.0;34.810027;7012324
2373;15:38:03.471;1.5;34.813164;7012956
2374;15:38:03.641;1.6;34.814971;7013320
2375;15:38:03.812;5.0;34.815984;7013524
2376;15:38:03.982;1.5;34.816262;7013432
2377;15:38:04.152;4.5;34.815329;7013392
2378;15:38:04.321;0.0;34.813820;7013088
2379;15:38:04.491;1.6;34.817076;7013744
2380;15:38:04.661;1.5;34.818069;7013796
2381;15:38:04.830;0.0;34.815964;7013520
2382;15:38:04.998;0.0;34.817791;7013740
2383;15:38:05.168;3.0;34.815130;7013352
2384;15:38:05.337;3.1;34.814117;7013408
2385;15:38:05.507;1.5;34.815309;7013388
2386;15:38:05.678;3.0;34.816798;7013540
2387;15:38:05.848;0.0;34.815766;7013332
2388;15:38:06.018;3.1;34.814594;7013504
2389;15:38:06.188;0.0;34.815448;7013416
2390;15:38:06.357;0.0;34.814117;7013148
2391;15:38:06.527;0.0;34.812847;7012744
2392;15:38:06.696;1.6;34.814793;7013284
2393;15:38:06.866;0.0;34.814773;7013280
2394;15:38:07.035;3.1;34.816540;7013636
2395;15:38:07.204;0.0;34.815110;7013348
2396;15:38:07.374;1.6;34.812668;7012856
2397;15:38:07.544;0.0;34.813740;7013324
2398;15:38:07.715;0.0;34.814117;7013148
2399;15:38:07.884;1.5;34.814495;7013352
2400;15:38:08.061;1.5;34.814773;7013132
2401;15:38:08.236;1.6;34.813125;7012948
2402;15:38:08.410;0.0;34.813264;7013220
2403;15:38:08.579;1.5;34.816143;7013556
2404;15:38:08.748;0.0;34.815845;7013348
2405;15:38:08.917;0.0;34.814177;7013160
2406;15:38:09.086;0.0;34.814951;7013316
2407;15:38:09.255;1.6;34.815448;7013416
2408;15:38:09.424;0.0;34.812847;7012744
2409;15:38:09.593;1.6;34.812648;7013112
2410;15:38:09.761;1.5;34.814336;7013192
2411;15:38:09.930;1.5;34.814296;7013412
2412;15:38:10.100;1.6;34.815646;7013344
2413;15:38:10.269;4.7;34.815646;7013456
2414;15:38:10.438;1.6;34.813879;7012952
2415;15:38:10.607;2.9;34.813065;7012788
2416;15:38:10.777;3.1;34.815805;7013488
2417;15:38:10.946;0.0;34.813760;7013076
2418;15:38:11.115;2.9;34.812489;7012724
2419;15:38:11.293;1.5;34.813224;7012672
2420;15:38:11.462;0.0;34.812747;7012872
2421;15:38:11.640;3.0;34.809828;7012284
2422;15:38:11.817;1.6;34.816242;7013672
2423;15:38:11.992;3.1;34.818069;7014196
2424;15:38:12.165;4.5;34.814991;7013576
2425;15:38:12.337;1.6;34.812132;7013236
2426;15:38:12.506;1.6;34.815805;7013496
2427;15:38:12.675;4.4;34.816222;7013424
2428;15:38:12.852;3.1;34.815686;7013672
2429;15:38:13.027;4.6;34.817672;7013716
2430;15:38:13.197;3.1;34.813998;7013384
2431;15:38:13.369;4.8;34.816580;7013828
2432;15:38:13.543;5.8;34.814594;7013244
2433;15:38:13.714;6.1;34.814157;7013156
2434;15:38:13.889;3.0;34.816024;7013236
2435;15:38:14.060;1.6;34.815726;7013472
2436;15:38:14.229;0.0;34.816937;7013716
2437;15:38:14.398;4.6;34.815090;7013196
2438;15:38:14.569;0.0;34.813899;7012956
2439;15:38:14.739;3.1;34.814018;7013128
2440;15:38:14.910;4.1;34.816044;7013484
2441;15:38:15.086;0.0;34.816202;7013420
2442;15:38:15.259;2.9;34.813581;7013040
2443;15:38:15.432;1.4;34.814634;7013060
2444;15:38:15.604;2.9;34.815885;7013504
2445;15:38:15.777;3.1;34.816739;7013772
2446;15:38:15.954;0.0;34.814356;7013440
2447;15:38:16.123;1.5;34.816560;7013760
2448;15:38:16.292;1.6;34.817076;7013744
2449;15:38:16.461;1.5;34.817017;7013732
2450;15:38:16.630;1.5;34.814574;7013256
2451;15:38:16.799;3.1;34.816262;7013832
2452;15:38:16.968;3.0;34.816421;7013612
2453;15:38:17.141;1.5;34.813820;7013088
2454;15:38:17.310;4.3;34.814455;7013492
2455;15:38:17.480;5.7;34.815924;7013216
2456;15:38:17.652;4.2;34.813442;7012852
2457;15:38:17.825;8.5;34.815349;7013396
2458;15:38:17.997;10.3;34.812648;7013096
2459;15:38:18.176;6.1;34.810921;7012504
2460;15:38:18.349;3.1;34.814415;7013060
2461;15:38:18.519;2.9;34.814296;7013184
2462;15:38:18.688;1.4;34.814117;7013384
2463;15:38:18.858;4.6;34.819856;7013860
2464;15:38:19.028;0.0;34.817612;7013552
2465;15:38:19.198;1.5;34.817989;7013780
2466;15:38:19.367;0.0;34.817473;7013824
2467;15:38:19.537;3.1;34.814515;7013228
2468;15:38:19.711;3.0;34.815547;7013436
2469;15:38:19.881;1.5;34.817890;7013908
2470;15:38:20.050;0.0;34.817275;7013784
2471;15:38:20.221;1.5;34.814892;7013304
2472;15:38:20.391;0.0;34.814673;7013504
2473;15:38:20.561;0.0;34.814415;7013208
2474;15:38:20.731;0.0;34.813899;7012956
2475;15:38:20.901;1.5;34.815150;7013356
2476;15:38:21.071;1.6;34.814197;7013164
2477;15:38:21.240;0.0;34.813204;7012668
2478;15:38:21.410;0.0;34.816401;7013608
2479;15:38:21.580;1.4;34.816401;7013460
2480;15:38:21.750;1.5;34.815110;7013348
2481;15:38:21.919;1.5;34.818287;7013692
2482;15:38:22.089;0.0;34.815746;7013476
2483;15:38:22.257;0.0;34.816480;7013476
2484;15:38:22.426;1.5;34.816480;7013624
2485;15:38:22.596;0.0;34.818248;7013980
2486;15:38:22.766;1.6;34.816461;7013620
2487;15:38:22.935;1.5;34.816163;7013560
2488;15:38:23.105;1.6;34.817175;7013616
2489;15:38:23.275;0.0;34.815368;7013252
2490;15:38:23.445;0.0;34.814376;7013484
2491;15:38:23.615;1.5;34.815130;7013204
2492;15:38:23.784;0.0;34.813681;7013352
2493;15:38:23.955;1.5;34.816659;7013660
2494;15:38:24.125;0.0;34.819201;7014172
2495;15:38:24.294;0.0;34.819161;7014432
2496;15:38:24.464;0.0;34.819677;7013972
2497;15:38:24.633;0.0;34.816778;7013952
2498;15:38:24.802;0.0;34.818585;7014276
2499;15:38:24.971;0.0;34.818545;7014040
2500;15:38:25.140;3.0;34.817215;7013772
2501;15:38:25.309;0.0;34.816818;7013396
2502;15:38:25.479;0.0;34.815507;7013428
2503;15:38:25.649;1.4;34.817493;7013680
2504;15:38:25.818;3.2;34.813125;7013720
2505;15:38:25.990;1.6;34.818089;7013800
2506;15:38:26.161;0.0;34.815150;7013624
2507;15:38:26.331;1.6;34.815269;7013640
2508;15:38:26.501;2.7;34.818089;7013652
2509;15:38:26.670;1.6;34.818863;7014104
2510;15:38:26.840;3.0;34.817434;7013816
2511;15:38:27.009;1.6;34.816897;7013412
2512;15:38:27.228;2.9;34.818804;7014092
2513;15:38:27.397;0.0;34.818069;7013944
2514;15:38:27.566;1.5;34.818069;7014056
2515;15:38:27.742;1.5;34.816977;7013428
2516;15:38:27.912;0.0;34.816937;7013716
2517;15:38:28.082;3.0;34.817592;7013848
2518;15:38:28.252;1.6;34.811556;7012632
