ID; Time; Network interface; TBPS; RBPS
1;21:26:48.354;enp0s25;25185;535600
2;21:26:49.369;enp0s25;74124;2192446
3;21:26:50.378;enp0s25;123352;5993408
4;21:26:51.390;enp0s25;152722;7092160
5;21:26:52.400;enp0s25;118807;5941452
6;21:26:53.407;enp0s25;101504;4409649
7;21:26:54.414;enp0s25;280;1038
8;21:26:55.422;enp0s25;408;338
9;21:26:56.429;enp0s25;0;0
10;21:26:57.436;enp0s25;0;64
11;21:26:58.443;enp0s25;0;0
12;21:26:59.450;enp0s25;0;64
13;21:27:00.457;enp0s25;1834;7583
14;21:27:01.464;enp0s25;6077;23441
15;21:27:02.472;enp0s25;2909;38237
16;21:27:03.478;enp0s25;0;64
17;21:27:04.486;enp0s25;0;0
18;21:27:05.493;enp0s25;0;64
19;21:27:06.500;enp0s25;8154;126358
20;21:27:07.511;enp0s25;176150;6543700
21;21:27:08.519;enp0s25;157240;6480138
22;21:27:09.527;enp0s25;158830;6382170
23;21:27:10.535;enp0s25;176680;7122916
24;21:27:11.545;enp0s25;172200;6993756
25;21:27:12.558;enp0s25;168022;6892382
26;21:27:13.565;enp0s25;176400;7098472
27;21:27:14.572;enp0s25;154000;6157078
28;21:27:15.580;enp0s25;146908;6007973
29;21:27:16.589;enp0s25;160230;6321950
30;21:27:17.604;enp0s25;172200;6953652
31;21:27:18.611;enp0s25;174720;7021542
32;21:27:19.619;enp0s25;124250;4966282
33;21:27:20.626;enp0s25;0;0
34;21:27:21.633;enp0s25;0;64
35;21:27:22.640;enp0s25;0;0
36;21:27:23.647;enp0s25;64;128
37;21:27:24.654;enp0s25;0;0
38;21:27:25.662;enp0s25;0;64
39;21:27:26.669;enp0s25;0;0
40;21:27:27.676;enp0s25;5874;10665
41;21:27:28.683;enp0s25;0;0
42;21:27:29.691;enp0s25;828;649
43;21:27:30.697;enp0s25;6902;11494
44;21:27:31.704;enp0s25;2558;11219
45;21:27:32.712;enp0s25;8803;25281
46;21:27:33.723;enp0s25;548;993
47;21:27:34.730;enp0s25;91708;2319245
48;21:27:35.738;enp0s25;151984;7193460
49;21:27:36.750;enp0s25;163310;7161938
50;21:27:37.758;enp0s25;163450;7153014
51;21:27:38.766;enp0s25;157812;7166432
52;21:27:39.775;enp0s25;162120;7164998
53;21:27:40.783;enp0s25;162120;7163436
54;21:27:41.791;enp0s25;160510;7151516
55;21:27:42.808;enp0s25;97860;4346474
56;21:27:43.815;enp0s25;0;64
57;21:27:44.822;enp0s25;64;128
58;21:27:45.829;enp0s25;0;107
59;21:27:46.836;enp0s25;0;171
60;21:27:47.842;enp0s25;0;0
61;21:27:48.849;enp0s25;0;64
62;21:27:49.856;enp0s25;1124;7253
63;21:27:50.866;enp0s25;725;1005
64;21:27:51.872;enp0s25;350;304
65;21:27:52.881;enp0s25;22049;380307
66;21:27:53.889;enp0s25;62166;1511549
67;21:27:54.899;enp0s25;105550;5261100
68;21:27:55.916;enp0s25;135384;6518356
69;21:27:56.928;enp0s25;104339;5888676
70;21:27:57.936;enp0s25;131309;5480480
71;21:27:58.944;enp0s25;29177;1128763
72;21:27:59.950;enp0s25;408;274
73;21:28:00.960;enp0s25;0;486
74;21:28:01.971;enp0s25;0;0
75;21:28:02.978;enp0s25;0;266
76;21:28:03.985;enp0s25;0;0
77;21:28:04.991;enp0s25;1936;7781
78;21:28:05.998;enp0s25;0;0
79;21:28:07.005;enp0s25;9031;61225
80;21:28:08.012;enp0s25;414;585
81;21:28:09.018;enp0s25;0;64
82;21:28:10.026;enp0s25;0;0
83;21:28:11.033;enp0s25;0;64
84;21:28:12.045;enp0s25;132204;4283806
85;21:28:13.052;enp0s25;175158;7140804
86;21:28:14.061;enp0s25;179550;7137398
87;21:28:15.069;enp0s25;173544;7131892
88;21:28:16.077;enp0s25;177800;7129600
89;21:28:17.084;enp0s25;159806;7136348
90;21:28:18.092;enp0s25;170642;7196504
91;21:28:19.110;enp0s25;159692;7148602
92;21:28:20.120;enp0s25;172340;7136284
93;21:28:21.127;enp0s25;172200;7136348
94;21:28:22.134;enp0s25;125790;5255852
95;21:28:23.142;enp0s25;167256;7138576
96;21:28:24.150;enp0s25;100030;4122745
97;21:28:25.162;enp0s25;0;64
98;21:28:26.169;enp0s25;0;0
99;21:28:27.181;enp0s25;0;64
100;21:28:28.187;enp0s25;0;0
101;21:28:29.194;enp0s25;64;128
102;21:28:30.201;enp0s25;0;0
103;21:28:31.207;enp0s25;0;64
104;21:28:32.214;enp0s25;5874;10601
105;21:28:33.225;enp0s25;859;649
106;21:28:34.232;enp0s25;5410;9417
107;21:28:35.239;enp0s25;1432;1903
108;21:28:36.250;enp0s25;4299;13290
109;21:28:37.259;enp0s25;7450;24249
110;21:28:38.266;enp0s25;0;0
111;21:28:39.358;enp0s25;115923;3976184
112;21:28:40.367;enp0s25;152720;7111070
113;21:28:41.375;enp0s25;157290;6955278
114;21:28:42.385;enp0s25;152644;6956712
115;21:28:43.394;enp0s25;159460;7057142
116;21:28:44.401;enp0s25;146322;6790434
117;21:28:45.417;enp0s25;143090;6760538
118;21:28:46.426;enp0s25;136082;6433910
119;21:28:47.438;enp0s25;96318;4746417
120;21:28:48.447;enp0s25;0;0
121;21:28:49.454;enp0s25;0;64
122;21:28:50.460;enp0s25;0;0
123;21:28:51.467;enp0s25;64;128
124;21:28:52.474;enp0s25;0;0
125;21:28:53.481;enp0s25;0;64
126;21:28:54.494;enp0s25;1849;8194
127;21:28:55.511;enp0s25;0;64
128;21:28:56.520;enp0s25;8766;53894
129;21:28:57.528;enp0s25;64932;1519510
130;21:28:58.535;enp0s25;121414;5596866
131;21:28:59.549;enp0s25;140518;5697258
132;21:29:00.563;enp0s25;141735;6935952
133;21:29:01.573;enp0s25;139396;6436513
134;21:29:02.581;enp0s25;554;15878
135;21:29:03.588;enp0s25;408;402
136;21:29:04.594;enp0s25;190;0
137;21:29:05.601;enp0s25;0;64
138;21:29:06.608;enp0s25;0;0
139;21:29:07.616;enp0s25;0;64
140;21:29:08.623;enp0s25;1205;3951
141;21:29:09.636;enp0s25;420;3628
142;21:29:10.646;enp0s25;6803;24380
143;21:29:11.652;enp0s25;2578;37163
144;21:29:12.660;enp0s25;0;0
145;21:29:13.667;enp0s25;64;128
146;21:29:14.674;enp0s25;0;0
147;21:29:15.680;enp0s25;102414;3094008
148;21:29:16.692;enp0s25;157568;6452288
149;21:29:17.701;enp0s25;171290;7136348
150;21:29:18.709;enp0s25;167720;6912370
151;21:29:19.717;enp0s25;156100;6502482
152;21:29:20.725;enp0s25;170660;7138512
153;21:29:21.733;enp0s25;163870;6752018
154;21:29:22.742;enp0s25;171408;7095580
155;21:29:23.749;enp0s25;169330;7138576
156;21:29:24.758;enp0s25;171634;7139690
157;21:29:25.765;enp0s25;171080;7137462
158;21:29:26.773;enp0s25;171150;7134056
159;21:29:27.780;enp0s25;130690;5465289
160;21:29:28.787;enp0s25;0;0
161;21:29:29.794;enp0s25;0;64
162;21:29:30.867;enp0s25;0;64
163;21:29:31.873;enp0s25;0;0
164;21:29:32.880;enp0s25;0;64
165;21:29:33.887;enp0s25;0;0
166;21:29:34.894;enp0s25;64;128
167;21:29:35.945;enp0s25;5874;10600
168;21:29:36.953;enp0s25;0;64
169;21:29:37.960;enp0s25;1755;1117
170;21:29:38.969;enp0s25;5657;10327
171;21:29:39.978;enp0s25;2570;11124
172;21:29:40.989;enp0s25;8909;25588
173;21:29:41.996;enp0s25;484;789
174;21:29:43.004;enp0s25;51187;1273750
175;21:29:44.013;enp0s25;140362;6669096
176;21:29:45.021;enp0s25;136402;6673654
177;21:29:46.027;enp0s25;128768;6747056
178;21:29:47.035;enp0s25;152390;6790498
179;21:29:48.053;enp0s25;153160;6835374
180;21:29:49.061;enp0s25;147198;6880378
181;21:29:50.070;enp0s25;154210;6842864
182;21:29:51.079;enp0s25;147520;6845924
183;21:29:52.087;enp0s25;28140;1241033
184;21:29:53.094;enp0s25;0;64
185;21:29:54.100;enp0s25;0;0
186;21:29:55.107;enp0s25;0;64
187;21:29:56.115;enp0s25;0;0
188;21:29:57.122;enp0s25;64;128
189;21:29:58.128;enp0s25;432;762
190;21:29:59.141;enp0s25;1005;7418
191;21:30:00.150;enp0s25;350;304
Build Completed
