ID; Time; CPU %; MEM %; MEM KiB
1;21:26:48.353;21.9;23.771132;4788880
2;21:26:48.527;1.4;23.775202;4789692
3;21:26:48.699;1.5;23.773912;4789416
4;21:26:48.874;1.5;23.775043;4789636
5;21:26:49.045;1.6;23.775242;4789416
6;21:26:49.217;1.6;23.780544;4790484
7;21:26:49.390;4.3;23.778399;4790052
8;21:26:49.562;0.0;23.778777;4790128
9;21:26:49.737;3.0;23.780206;4790424
10;21:26:49.915;3.0;23.778955;4790164
11;21:26:50.093;1.7;23.778121;4789996
12;21:26:50.270;1.8;23.780583;4790492
13;21:26:50.444;5.9;23.780623;4790744
14;21:26:50.616;0.0;23.789717;4792332
15;21:26:50.790;1.5;23.795893;4793576
16;21:26:50.966;1.6;23.781040;4790364
17;21:26:51.143;1.7;23.780981;4790572
18;21:26:51.319;3.0;23.780941;4790480
19;21:26:51.497;1.9;23.774825;4789332
20;21:26:51.670;0.0;23.776711;4789712
21;21:26:51.842;1.9;23.779352;4790244
22;21:26:52.016;3.7;23.780107;4790396
23;21:26:52.189;2.0;23.777506;4789872
24;21:26:52.363;0.0;23.779710;4790472
25;21:26:52.535;1.9;23.778538;4790080
26;21:26:52.709;3.4;23.779293;4790012
27;21:26:52.880;1.5;23.776692;4789708
28;21:26:53.050;1.6;23.784416;4791264
29;21:26:53.220;1.5;23.788566;4792100
30;21:26:53.390;1.5;23.799666;4794116
31;21:26:53.561;1.5;23.830145;4800036
32;21:26:53.732;0.0;23.850637;4804604
33;21:26:53.904;4.3;23.883043;4811132
34;21:26:54.074;1.7;23.909829;4816308
35;21:26:54.247;4.7;23.940249;4822696
36;21:26:54.418;3.1;23.970392;4828728
37;21:26:54.588;1.5;24.012726;4837256
38;21:26:54.758;0.0;24.053074;4845384
39;21:26:54.927;1.5;24.095964;4853804
40;21:26:55.097;0.0;24.137087;4862348
41;21:26:55.266;1.6;24.179163;4870784
42;21:26:55.437;0.0;24.199496;4874880
43;21:26:55.607;1.6;24.196875;4874604
44;21:26:55.776;0.0;24.199555;4874672
45;21:26:55.946;1.6;24.199635;4874908
46;21:26:56.115;1.6;24.198384;4874656
47;21:26:56.284;3.0;24.197609;4874500
48;21:26:56.454;0.0;24.196239;4874224
49;21:26:56.623;0.0;24.198781;4874516
50;21:26:56.793;0.0;24.238931;4882824
51;21:26:56.962;0.0;24.302114;4895552
52;21:26:57.132;0.0;24.342304;4903648
53;21:26:57.302;4.6;24.771045;4990316
54;21:26:57.473;3.1;24.784249;4992456
55;21:26:57.644;1.5;24.781132;4992048
56;21:26:57.815;0.0;24.822414;5000900
57;21:26:57.985;1.5;24.824915;5000648
58;21:26:58.156;0.0;24.864489;5008840
59;21:26:58.326;1.5;24.866138;5009172
60;21:26:58.497;0.0;24.867885;5009524
61;21:26:58.666;0.0;24.866138;5009212
62;21:26:58.837;1.6;24.866138;5008952
63;21:26:59.007;1.6;24.865403;5008804
64;21:26:59.178;0.0;24.862980;5008536
65;21:26:59.348;3.1;24.868679;5009684
66;21:26:59.518;1.5;24.868620;5009672
67;21:26:59.687;1.6;24.864470;5009104
68;21:26:59.858;1.4;24.865721;5009088
69;21:27:00.028;4.3;24.862404;5008348
70;21:27:00.202;3.0;24.862921;5008524
71;21:27:00.374;1.6;24.865343;5008792
72;21:27:00.545;4.6;24.865621;5009068
73;21:27:00.721;1.5;24.866495;5009244
74;21:27:00.900;0.0;24.866733;5009072
75;21:27:01.070;0.0;24.866535;5009308
76;21:27:01.241;0.0;24.867944;5009536
77;21:27:01.411;1.5;24.865760;5009096
78;21:27:01.580;1.6;24.867905;5009528
79;21:27:01.750;0.0;24.868143;5009576
80;21:27:01.920;0.0;24.868481;5009424
81;21:27:02.090;0.0;24.869751;5009900
82;21:27:02.269;1.5;24.869672;5010144
83;21:27:02.441;4.5;24.872809;5010516
84;21:27:02.611;1.6;24.871002;5009932
85;21:27:02.782;0.0;24.872611;5010704
86;21:27:02.953;0.0;24.872730;5010500
87;21:27:03.123;0.0;24.872412;5010436
88;21:27:03.292;1.5;24.872253;5010404
89;21:27:03.462;0.0;24.872412;5010436
90;21:27:03.631;1.5;25.036308;5045500
91;21:27:03.804;3.0;25.290709;5094944
92;21:27:03.975;1.4;25.294462;5095456
93;21:27:04.147;1.3;25.294442;5095452
94;21:27:04.317;0.0;25.292615;5094912
95;21:27:04.488;1.5;25.295872;5095300
96;21:27:04.658;1.5;25.293211;5094984
97;21:27:04.828;1.5;25.291424;5095088
98;21:27:04.998;0.0;25.293608;5095284
99;21:27:05.169;1.5;25.293370;5095260
100;21:27:05.339;1.5;25.292238;5095008
101;21:27:05.509;1.5;25.293767;5095316
102;21:27:05.678;0.0;25.294660;5095276
103;21:27:05.849;3.1;25.291741;5094908
104;21:27:06.019;0.0;25.292992;5095160
105;21:27:06.190;1.6;25.292873;5094916
106;21:27:06.359;1.5;25.292953;5094932
107;21:27:06.530;4.5;25.291086;5094776
108;21:27:06.709;3.0;25.292238;5095008
109;21:27:06.879;0.0;25.292238;5094788
110;21:27:07.049;2.9;25.290014;5094340
111;21:27:07.224;0.0;25.290093;5095080
112;21:27:07.402;1.6;25.293370;5095236
113;21:27:07.574;1.6;25.295196;5095604
114;21:27:07.747;1.7;25.292655;5095148
115;21:27:07.918;0.0;25.293032;5094948
116;21:27:08.091;1.9;25.295177;5095600
117;21:27:08.262;1.9;25.289557;5094468
118;21:27:08.434;1.8;25.291265;5094372
119;21:27:08.605;2.0;25.291622;5094884
120;21:27:08.777;1.7;25.290649;5094908
121;21:27:08.950;1.6;25.297559;5096080
122;21:27:09.125;1.6;25.291662;5094660
123;21:27:09.297;1.9;25.293012;5095164
124;21:27:09.469;1.9;25.293906;5095344
125;21:27:09.641;0.0;25.291761;5094912
126;21:27:09.815;1.6;25.295474;5095440
127;21:27:09.989;1.7;25.292238;5095100
128;21:27:10.162;1.9;25.295435;5095432
129;21:27:10.334;3.6;25.295911;5095796
130;21:27:10.508;1.9;25.295872;5095740
131;21:27:10.681;0.0;25.295157;5095600
132;21:27:10.855;0.0;25.295276;5095828
133;21:27:11.028;1.9;25.294482;5095240
134;21:27:11.201;3.5;25.295415;5095648
135;21:27:11.373;1.9;25.290093;5094576
136;21:27:11.545;1.8;25.287750;5094596
137;21:27:11.718;1.8;25.291404;5094620
138;21:27:11.890;1.9;25.290729;5094704
139;21:27:12.061;0.0;25.291364;5094612
140;21:27:12.232;1.8;25.290669;5094692
141;21:27:12.405;0.0;25.292099;5094980
142;21:27:12.578;1.8;25.292893;5095140
143;21:27:12.753;0.0;25.294223;5095408
144;21:27:12.926;5.1;25.295852;5095516
145;21:27:13.100;1.7;25.292893;5095140
146;21:27:13.272;0.0;25.291146;5094788
147;21:27:13.444;1.8;25.290451;5094648
148;21:27:13.616;1.8;25.288286;5094212
149;21:27:13.788;1.8;25.292417;5095084
150;21:27:13.960;1.7;25.292317;5095024
151;21:27:14.133;1.7;25.292873;5094912
152;21:27:14.306;3.4;25.293826;5094884
153;21:27:14.479;3.6;25.292913;5095144
154;21:27:14.653;1.8;25.294124;5095388
155;21:27:14.825;1.7;25.292556;5095072
156;21:27:14.998;1.6;25.293389;5095240
157;21:27:15.170;3.0;25.292834;5095128
158;21:27:15.343;4.7;25.291781;5094916
159;21:27:15.516;2.9;25.292079;5094976
160;21:27:15.689;4.6;25.291622;5094884
161;21:27:15.862;0.0;25.291563;5094872
162;21:27:16.035;1.6;25.291106;5094780
163;21:27:16.208;3.1;25.294263;5094960
164;21:27:16.386;1.5;25.293469;5095256
165;21:27:16.560;2.9;25.294859;5095316
166;21:27:16.732;1.4;25.292675;5095200
167;21:27:16.904;1.4;25.293628;5095288
168;21:27:17.077;1.6;25.291583;5094876
169;21:27:17.250;1.5;25.288108;5094176
170;21:27:17.422;1.4;25.292178;5094996
171;21:27:17.594;3.0;25.291086;5095036
172;21:27:17.768;1.5;25.291702;5094900
173;21:27:17.940;3.0;25.293945;5095352
174;21:27:18.113;6.8;25.293449;5095252
175;21:27:18.286;1.5;25.292258;5095012
176;21:27:18.457;2.9;25.290629;5094460
177;21:27:18.633;0.0;25.287651;5094544
178;21:27:18.805;4.3;25.290471;5094652
179;21:27:18.977;0.0;25.287969;5094148
180;21:27:19.150;0.0;25.292278;5095276
181;21:27:19.323;1.5;25.291265;5094812
182;21:27:19.496;3.1;25.291761;5094732
183;21:27:19.669;6.2;25.292476;5094728
184;21:27:19.844;10.4;25.288664;5094068
185;21:27:20.018;1.4;25.291205;5094800
186;21:27:20.190;2.8;25.291285;5095048
187;21:27:20.364;1.5;25.292238;5094788
188;21:27:20.534;4.5;25.291662;5094808
189;21:27:20.706;3.1;25.287810;5094116
190;21:27:20.879;3.0;25.290649;5094468
191;21:27:21.050;0.0;25.362470;5109156
192;21:27:21.219;0.0;25.475970;5131800
193;21:27:21.389;1.6;25.570626;5152128
194;21:27:21.559;3.1;25.676640;5172188
195;21:27:21.730;4.3;25.719113;5181000
196;21:27:21.901;1.6;25.805270;5197916
197;21:27:22.071;0.0;25.884041;5214524
198;21:27:22.242;3.0;25.965690;5230672
199;21:27:22.412;1.5;26.047896;5247232
200;21:27:22.582;1.6;26.138680;5265300
201;21:27:22.752;1.6;26.156988;5269476
202;21:27:22.922;0.0;26.194318;5276508
203;21:27:23.093;1.4;26.223586;5283388
204;21:27:23.264;1.5;26.277159;5293416
205;21:27:23.434;0.0;26.310478;5300632
206;21:27:23.605;1.6;26.330474;5304072
207;21:27:23.775;1.6;26.380393;5316184
208;21:27:23.947;1.5;26.461566;5330564
209;21:27:24.117;3.1;26.576198;5353656
210;21:27:24.286;3.1;26.629393;5364372
211;21:27:24.457;0.0;26.627328;5363956
212;21:27:24.628;4.5;26.627150;5363920
213;21:27:24.798;1.6;26.627130;5364160
214;21:27:24.968;4.2;26.629791;5364232
215;21:27:25.138;3.1;26.644206;5370412
216;21:27:25.310;1.5;26.904445;5420048
217;21:27:25.480;1.5;26.906828;5420040
218;21:27:25.651;2.8;26.905577;5419788
219;21:27:25.821;0.0;26.906014;5420356
220;21:27:25.990;1.5;26.906332;5420200
221;21:27:26.160;0.0;26.904465;5419784
222;21:27:26.330;0.0;26.904743;5419840
223;21:27:26.502;0.0;26.925473;5423836
224;21:27:26.678;0.0;26.923369;5423592
225;21:27:26.848;0.0;26.923369;5423372
226;21:27:27.018;0.0;26.921800;5423276
227;21:27:27.188;0.0;26.925533;5424028
228;21:27:27.358;0.0;26.926943;5424580
229;21:27:27.528;1.6;26.926645;5424252
230;21:27:27.698;0.0;26.926983;5424352
231;21:27:27.868;1.6;26.927042;5424112
232;21:27:28.038;1.6;26.927221;5424368
233;21:27:28.209;1.6;26.922932;5423756
234;21:27:28.380;1.4;26.924639;5423848
235;21:27:28.551;3.0;26.923944;5423708
236;21:27:28.722;1.5;26.925116;5423944
237;21:27:28.893;0.0;26.923905;5423700
238;21:27:29.066;1.5;26.923964;5423492
239;21:27:29.238;0.0;26.923309;5423580
240;21:27:29.409;1.5;26.924401;5423580
241;21:27:29.580;2.8;26.924540;5423608
242;21:27:29.750;0.0;26.923567;5423632
243;21:27:29.920;1.5;26.927936;5424292
244;21:27:30.090;0.0;26.927459;5424196
245;21:27:30.259;1.5;26.926526;5424228
246;21:27:30.429;1.5;26.926367;5424196
247;21:27:30.600;1.5;26.923289;5423844
248;21:27:30.771;1.5;26.923647;5423940
249;21:27:30.943;3.1;26.925652;5424052
250;21:27:31.113;0.0;26.924481;5423816
251;21:27:31.283;0.0;26.923825;5423684
252;21:27:31.454;1.5;26.924183;5423536
253;21:27:31.624;0.0;26.923130;5423544
254;21:27:31.795;0.0;26.925473;5424016
255;21:27:31.964;0.0;26.925712;5424064
256;21:27:32.134;0.0;26.922396;5423396
257;21:27:32.305;0.0;26.922932;5423740
258;21:27:32.475;1.5;26.923130;5423544
259;21:27:32.647;3.1;26.927042;5424332
260;21:27:32.817;3.0;26.925791;5424080
261;21:27:32.988;3.2;26.926188;5423940
262;21:27:33.159;2.9;26.926685;5424528
263;21:27:33.329;0.0;26.927936;5424292
264;21:27:33.500;3.0;26.926844;5424292
265;21:27:33.671;1.5;26.927936;5424292
266;21:27:33.842;0.0;26.926685;5424260
267;21:27:34.013;0.0;26.926685;5424260
268;21:27:34.182;0.0;26.926685;5424040
269;21:27:34.352;0.0;26.925871;5424096
270;21:27:34.522;4.7;26.924620;5424080
271;21:27:34.694;0.0;26.928293;5424364
272;21:27:34.864;1.4;26.926367;5424220
273;21:27:35.034;1.4;26.923726;5423444
274;21:27:35.211;1.5;26.922912;5423824
275;21:27:35.387;0.0;26.924302;5423560
276;21:27:35.561;2.8;26.928452;5424584
277;21:27:35.738;0.0;26.933396;5425612
278;21:27:35.916;4.5;26.922316;5423900
279;21:27:36.088;1.5;26.924659;5423852
280;21:27:36.263;0.0;26.927300;5424384
281;21:27:36.437;2.9;26.926546;5424240
282;21:27:36.611;1.5;26.926208;5424164
283;21:27:36.785;0.0;26.927221;5424368
284;21:27:36.958;1.4;26.929286;5424564
285;21:27:37.130;0.0;26.926129;5423924
286;21:27:37.302;2.8;26.925593;5423820
287;21:27:37.475;1.4;26.925692;5424060
288;21:27:37.648;2.8;26.929266;5424340
289;21:27:37.822;5.3;26.926506;5424224
290;21:27:37.995;1.4;26.926228;5424168
291;21:27:38.168;2.8;26.929405;5424808
292;21:27:38.340;8.8;26.928194;5424652
293;21:27:38.513;4.1;26.925354;5423868
294;21:27:38.686;8.2;26.927161;5424356
295;21:27:38.859;5.4;26.926546;5424816
296;21:27:39.032;12.8;26.926129;5424148
297;21:27:39.205;9.1;26.923547;5423864
298;21:27:39.377;4.3;26.927141;5424352
299;21:27:39.555;15.5;26.922952;5423508
300;21:27:39.730;9.6;26.927320;5424168
301;21:27:39.904;12.0;26.926486;5424220
302;21:27:40.077;12.3;26.925056;5423940
303;21:27:40.251;12.2;26.929286;5424784
304;21:27:40.424;7.0;26.928114;5424548
305;21:27:40.598;15.3;26.935839;5426104
306;21:27:40.769;11.0;26.935858;5426108
307;21:27:40.943;18.1;26.945112;5427972
308;21:27:41.115;9.9;26.953809;5429948
309;21:27:41.289;10.3;26.958574;5430684
310;21:27:41.461;5.8;26.969019;5432568
311;21:27:41.632;8.5;26.966259;5432232
312;21:27:41.807;4.5;26.975552;5434712
313;21:27:41.981;4.6;26.979582;5434916
314;21:27:42.154;6.1;26.989252;5436864
315;21:27:42.327;6.1;26.986691;5436656
316;21:27:42.502;1.4;26.996421;5438544
317;21:27:42.674;3.1;27.008176;5440676
318;21:27:42.849;1.8;27.008692;5441080
319;21:27:43.021;0.0;27.021122;5443284
320;21:27:43.193;1.7;27.019534;5443188
321;21:27:43.366;4.8;27.057122;5450536
322;21:27:43.536;1.5;27.079798;5455324
323;21:27:43.708;3.1;27.168378;5472728
324;21:27:43.879;1.6;27.256680;5491248
325;21:27:44.048;0.0;27.380266;5515412
326;21:27:44.218;0.0;27.480859;5535524
327;21:27:44.389;1.6;27.547815;5549628
328;21:27:44.561;1.6;27.674063;5574436
329;21:27:44.731;0.0;27.775371;5595004
330;21:27:44.900;4.4;27.831843;5606600
331;21:27:45.069;1.6;27.900725;5620476
332;21:27:45.240;1.5;27.901916;5620716
333;21:27:45.411;1.5;27.903008;5620716
334;21:27:45.581;1.5;27.901996;5620820
335;21:27:45.750;3.2;27.903683;5623088
336;21:27:45.921;1.5;28.304546;5700928
337;21:27:46.093;1.6;28.324601;5705864
338;21:27:46.266;1.6;28.325733;5706092
339;21:27:46.436;2.9;28.327381;5706204
340;21:27:46.607;1.6;28.326388;5706224
341;21:27:46.779;0.0;28.328890;5706728
342;21:27:46.949;0.0;28.337806;5708524
343;21:27:47.119;0.0;28.334629;5707884
344;21:27:47.290;0.0;28.335403;5708040
345;21:27:47.528;1.5;28.334251;5707808
346;21:27:47.703;1.5;28.340804;5709032
347;21:27:47.874;0.0;28.341241;5709004
348;21:27:48.044;3.0;28.360363;5712848
349;21:27:48.213;1.5;28.359509;5712676
350;21:27:48.383;1.6;28.358913;5712556
351;21:27:48.553;0.0;28.357662;5712524
352;21:27:48.723;0.0;28.356252;5712020
353;21:27:48.893;1.5;28.357821;5712556
354;21:27:49.063;1.5;28.358754;5713012
355;21:27:49.234;1.5;28.357980;5712368
356;21:27:49.405;1.5;28.356491;5712068
357;21:27:49.575;1.5;28.357503;5712492
358;21:27:49.744;1.6;28.359151;5712824
359;21:27:49.914;0.0;28.358139;5712620
360;21:27:50.084;0.0;28.358377;5712448
361;21:27:50.254;5.8;28.358278;5712648
362;21:27:50.426;0.0;28.359529;5712900
363;21:27:50.598;1.5;28.360164;5713028
364;21:27:50.769;1.5;28.361157;5713676
365;21:27:50.943;1.5;28.363540;5713708
366;21:27:51.119;1.5;28.363460;5714180
367;21:27:51.297;0.0;28.361157;5713228
368;21:27:51.477;2.9;28.360521;5713384
369;21:27:51.655;6.0;28.363619;5713952
370;21:27:51.825;1.5;28.364949;5714220
371;21:27:51.995;0.0;28.366558;5714316
372;21:27:52.166;1.6;28.362646;5713764
373;21:27:52.337;3.1;28.358238;5712640
374;21:27:52.509;3.1;28.361812;5713360
375;21:27:52.686;1.6;28.359568;5712688
376;21:27:52.857;0.0;28.359926;5712760
377;21:27:53.030;1.5;28.359568;5712908
378;21:27:53.203;0.0;28.360680;5713132
379;21:27:53.374;0.0;28.364433;5714164
380;21:27:53.547;3.0;28.366955;5714396
381;21:27:53.718;3.1;28.364989;5714000
382;21:27:53.891;4.4;28.364910;5713764
383;21:27:54.067;3.0;28.364056;5713852
384;21:27:54.244;1.5;28.362567;5713512
385;21:27:54.417;1.5;28.364572;5713696
386;21:27:54.593;0.0;28.361594;5713316
387;21:27:54.770;4.5;28.361753;5713768
388;21:27:54.945;2.9;28.365188;5714040
389;21:27:55.119;3.4;28.361058;5713208
390;21:27:55.290;1.6;28.370291;5715176
391;21:27:55.460;1.6;28.381411;5717308
392;21:27:55.641;4.5;28.366598;5714592
393;21:27:55.812;3.0;28.368524;5714492
394;21:27:55.986;0.0;28.365823;5713728
395;21:27:56.158;4.8;28.367769;5714560
396;21:27:56.329;4.1;28.367749;5714556
397;21:27:56.504;2.8;28.364255;5713852
398;21:27:56.678;5.6;28.366081;5714220
399;21:27:56.851;1.4;28.372376;5715488
400;21:27:57.031;3.1;28.377797;5716580
401;21:27:57.206;4.5;28.368901;5714788
402;21:27:57.380;3.0;28.377042;5716428
403;21:27:57.551;2.9;28.377975;5716648
404;21:27:57.725;3.0;28.377618;5716324
405;21:27:57.895;1.5;28.386633;5718140
406;21:27:58.065;1.5;28.386017;5718236
407;21:27:58.235;0.0;28.390763;5718972
408;21:27:58.405;4.5;28.375712;5716160
409;21:27:58.575;1.6;28.385958;5717952
410;21:27:58.745;4.7;28.405079;5722076
411;21:27:58.917;6.1;28.441933;5729768
412;21:27:59.088;1.6;28.469633;5735080
413;21:27:59.257;0.0;28.500331;5741264
414;21:27:59.427;0.0;28.541573;5749132
415;21:27:59.596;1.3;28.580511;5757196
416;21:27:59.767;0.0;28.622627;5765680
417;21:27:59.936;3.0;28.664941;5773984
418;21:28:00.106;1.6;28.703304;5781932
419;21:28:00.276;0.0;28.732791;5790400
420;21:28:00.446;0.0;28.741190;5790036
421;21:28:00.618;1.5;28.741965;5789940
422;21:28:00.787;1.5;28.746810;5790916
423;21:28:00.957;0.0;28.743037;5790156
424;21:28:01.127;1.5;28.743156;5790180
425;21:28:01.296;0.0;28.742719;5789872
426;21:28:01.466;0.0;28.745459;5790644
427;21:28:01.635;1.6;28.744208;5790392
428;21:28:01.805;1.5;28.805088;5802884
429;21:28:01.975;1.5;28.857549;5813224
430;21:28:02.144;0.0;28.950914;5834048
431;21:28:02.315;6.1;29.310833;5904804
432;21:28:02.488;0.0;29.330233;5908224
433;21:28:02.658;1.4;29.339148;5910240
434;21:28:02.830;0.0;29.372388;5916936
435;21:28:03.000;0.0;29.392681;5921024
436;21:28:03.170;1.6;29.422307;5926992
437;21:28:03.340;1.5;29.423399;5926992
438;21:28:03.510;0.0;29.422307;5926772
439;21:28:03.681;0.0;29.422069;5926992
440;21:28:03.851;0.0;29.423757;5927284
441;21:28:04.022;0.0;29.423558;5927244
442;21:28:04.192;0.0;29.423479;5927228
443;21:28:04.362;0.0;29.424194;5927152
444;21:28:04.532;1.6;29.423737;5927280
445;21:28:04.702;0.0;29.425465;5927628
446;21:28:04.871;0.0;29.424452;5927424
447;21:28:05.041;3.0;29.423797;5927608
448;21:28:05.211;0.0;29.422883;5927108
449;21:28:05.386;0.0;29.425465;5927628
450;21:28:05.556;3.2;29.424650;5927464
451;21:28:05.726;3.0;29.424968;5927528
452;21:28:05.904;3.0;29.427351;5927788
453;21:28:06.081;0.0;29.424889;5927512
454;21:28:06.251;0.0;29.425981;5927732
455;21:28:06.421;0.0;29.424730;5927260
456;21:28:06.591;3.1;29.422466;5927252
457;21:28:06.761;0.0;29.422506;5927032
458;21:28:06.931;0.0;29.423995;5927332
459;21:28:07.101;0.0;29.423737;5927280
460;21:28:07.279;1.5;29.425226;5927848
461;21:28:07.449;0.0;29.423757;5927284
462;21:28:07.619;0.0;29.423955;5927104
463;21:28:07.789;1.5;29.424114;5927688
464;21:28:07.964;0.0;29.428145;5928168
465;21:28:08.139;0.0;29.428344;5928208
466;21:28:08.309;0.0;29.428264;5927972
467;21:28:08.478;0.0;29.427132;5927964
468;21:28:08.648;1.5;29.567458;5958128
469;21:28:08.819;1.5;29.834548;6010280
470;21:28:08.991;1.6;29.838301;6010792
471;21:28:09.161;0.0;29.837209;6010572
472;21:28:09.331;0.0;29.838102;6010752
473;21:28:09.500;1.4;29.838102;6010752
474;21:28:09.670;0.0;29.837407;6010392
475;21:28:09.839;1.5;29.837566;6010644
476;21:28:10.009;1.5;29.835342;6010196
477;21:28:10.180;1.6;29.833674;6010104
478;21:28:10.350;0.0;29.836255;6010380
479;21:28:10.520;0.0;29.837348;6010380
480;21:28:10.690;0.0;29.836414;6010412
481;21:28:10.861;1.5;29.837089;6010548
482;21:28:11.031;0.0;29.837665;6010664
483;21:28:11.201;0.0;29.836414;6010412
484;21:28:11.370;0.0;29.837506;6010412
485;21:28:11.542;1.6;29.837665;6010444
486;21:28:11.713;0.0;29.836295;6010388
487;21:28:11.885;1.6;29.836295;6010428
488;21:28:12.056;1.5;29.838956;6010704
489;21:28:12.232;1.6;29.840703;6011056
490;21:28:12.407;4.3;29.839730;6011080
491;21:28:12.580;2.8;29.846343;6012636
492;21:28:12.761;5.6;29.837685;6011128
493;21:28:12.934;2.9;29.838241;6010780
494;21:28:13.106;4.4;29.836315;6010412
495;21:28:13.278;4.3;29.836295;6010168
496;21:28:13.452;2.9;29.831053;6009572
497;21:28:13.624;3.1;29.834488;6010024
498;21:28:13.795;0.0;29.835719;6010272
499;21:28:13.968;4.3;29.837228;6010576
500;21:28:14.138;2.8;29.835422;6010212
501;21:28:14.310;2.9;29.836255;6010664
502;21:28:14.482;8.6;29.836533;6010436
503;21:28:14.656;6.9;29.835521;6010232
504;21:28:14.831;4.3;29.836474;6010424
505;21:28:15.003;6.0;29.837606;6010652
506;21:28:15.177;3.0;29.838360;6010804
507;21:28:15.350;2.9;29.835064;6010448
508;21:28:15.523;3.1;29.834111;6009952
509;21:28:15.696;5.8;29.834429;6009792
510;21:28:15.867;1.4;29.837923;6010716
511;21:28:16.040;1.5;29.840783;6011396
512;21:28:16.212;6.0;29.838082;6010972
513;21:28:16.385;8.9;29.839075;6010948
514;21:28:16.557;2.9;29.836414;6009952
515;21:28:16.728;10.3;29.837367;6010604
516;21:28:16.900;7.0;29.836851;6010500
517;21:28:17.073;4.3;29.841339;6011404
518;21:28:17.248;3.4;29.838837;6010900
519;21:28:17.419;4.5;29.837725;6010676
520;21:28:17.592;3.1;29.837328;6010596
521;21:28:17.763;6.2;29.836792;6010800
522;21:28:17.935;7.2;29.841696;6011036
523;21:28:18.109;10.3;29.835958;6010100
524;21:28:18.282;5.9;29.836792;6010488
525;21:28:18.454;8.5;29.836255;6010380
526;21:28:18.626;3.4;29.835481;6010484
527;21:28:18.800;3.2;29.836275;6010384
528;21:28:18.973;10.0;29.836116;6010636
529;21:28:19.149;5.1;29.833217;6009768
530;21:28:19.322;1.6;29.833317;6010188
531;21:28:19.496;6.0;29.838559;6010624
532;21:28:19.668;4.7;29.834210;6009968
533;21:28:19.840;1.7;29.830040;6009128
534;21:28:20.014;3.5;29.833754;6010112
535;21:28:20.186;3.5;29.837050;6010580
536;21:28:20.358;9.1;29.837367;6010384
537;21:28:20.530;1.6;29.837328;6010596
538;21:28:20.702;1.8;29.838043;6010740
539;21:28:20.875;4.8;29.836772;6010264
540;21:28:21.046;1.6;29.836315;6010392
541;21:28:21.217;1.7;29.836891;6010508
542;21:28:21.389;0.0;29.838559;6010604
543;21:28:21.560;1.8;29.835660;6010260
544;21:28:21.733;1.7;29.835977;6010324
545;21:28:21.905;1.8;29.836752;6010480
546;21:28:22.078;1.8;29.837487;6010408
547;21:28:22.250;0.0;29.838857;6010464
548;21:28:22.422;3.0;29.839095;6010732
549;21:28:22.598;3.2;29.836653;6010460
550;21:28:22.770;3.6;29.838877;6010688
551;21:28:22.943;8.5;29.832622;6009900
552;21:28:23.115;0.0;29.836792;6010488
553;21:28:23.289;0.0;29.837904;6010712
554;21:28:23.461;0.0;29.840405;6010988
555;21:28:23.634;3.4;29.838420;6010816
556;21:28:23.806;0.0;29.838579;6011188
557;21:28:23.979;1.8;29.838301;6010792
558;21:28:24.150;1.7;29.838043;6010948
559;21:28:24.324;1.7;29.836613;6010452
560;21:28:24.496;0.0;29.832324;6009588
561;21:28:24.668;1.6;29.830021;6008904
562;21:28:24.840;1.4;29.831172;6009624
563;21:28:25.013;5.9;29.830398;6009200
564;21:28:25.184;1.4;29.834349;6010012
565;21:28:25.355;0.0;29.884546;6020108
566;21:28:25.524;0.0;29.984325;6040144
567;21:28:25.694;0.0;30.085395;6060568
568;21:28:25.864;0.0;30.210233;6085716
569;21:28:26.034;4.5;30.232710;6090444
570;21:28:26.206;1.6;30.302148;6104492
571;21:28:26.376;0.0;30.385168;6122972
572;21:28:26.547;1.5;30.479010;6139712
573;21:28:26.717;1.5;30.546045;6155884
574;21:28:26.887;1.4;30.649240;6174404
575;21:28:27.056;0.0;30.681705;6180944
576;21:28:27.227;1.6;30.715858;6187244
577;21:28:27.397;1.5;30.745603;6193816
578;21:28:27.568;2.9;30.775229;6199384
579;21:28:27.739;0.0;30.822070;6209220
580;21:28:27.909;0.0;30.856104;6215824
581;21:28:28.080;1.6;30.883506;6221344
582;21:28:28.250;1.5;30.966526;6238068
583;21:28:28.421;0.0;31.072600;6259436
584;21:28:28.591;3.0;31.143448;6273708
585;21:28:28.761;0.0;31.144599;6273940
586;21:28:28.931;1.4;31.144063;6273832
587;21:28:29.101;1.5;31.146645;6274352
588;21:28:29.271;1.5;31.155818;6276200
589;21:28:29.441;1.5;31.155858;6276476
590;21:28:29.611;1.6;31.435656;6332572
591;21:28:29.781;1.5;31.435656;6332352
592;21:28:29.951;0.0;31.433988;6332236
593;21:28:30.121;1.6;31.438158;6333076
594;21:28:30.290;1.5;31.438118;6333336
595;21:28:30.460;1.6;31.440004;6333448
596;21:28:30.630;0.0;31.439885;6333424
597;21:28:30.800;1.6;31.459325;6337340
598;21:28:30.970;0.0;31.461469;6337772
599;21:28:31.140;1.6;31.460377;6337552
600;21:28:31.310;1.6;31.457994;6337072
601;21:28:31.480;0.0;31.458014;6336928
602;21:28:31.650;1.5;31.456267;6336724
603;21:28:31.820;0.0;31.454897;6336080
604;21:28:31.990;0.0;31.453189;6336104
605;21:28:32.161;1.5;31.451938;6335852
606;21:28:32.331;3.0;31.452176;6335572
607;21:28:32.502;1.6;31.453368;6336140
608;21:28:32.676;1.6;31.456187;6336632
609;21:28:32.849;0.0;31.456922;6336856
610;21:28:33.020;0.0;31.453804;6336228
611;21:28:33.191;1.5;31.454658;6336652
612;21:28:33.362;0.0;31.455691;6336608
613;21:28:33.532;1.5;31.454698;6336408
614;21:28:33.704;1.5;31.456028;6336928
615;21:28:33.874;1.5;31.457240;6336700
616;21:28:34.044;0.0;31.460357;6337548
617;21:28:34.213;0.0;31.460198;6337516
618;21:28:34.383;0.0;31.460159;6337508
619;21:28:34.553;1.5;31.460159;6337516
620;21:28:34.722;0.0;31.460675;6337612
621;21:28:34.894;0.0;31.461767;6337832
622;21:28:35.063;1.5;31.462660;6338012
623;21:28:35.237;0.0;31.461588;6337796
624;21:28:35.408;0.0;31.461588;6337796
625;21:28:35.578;0.0;31.462561;6337992
626;21:28:35.748;1.5;31.462561;6338128
627;21:28:35.918;1.6;31.462919;6338064
628;21:28:36.088;0.0;31.461846;6337848
629;21:28:36.259;0.0;31.460298;6337788
630;21:28:36.428;2.9;31.462919;6338316
631;21:28:36.599;2.9;31.463415;6338164
632;21:28:36.768;0.0;31.463574;6337976
633;21:28:36.938;2.9;31.464567;6338396
634;21:28:37.110;3.0;31.462819;6338044
635;21:28:37.286;3.1;31.459980;6337252
636;21:28:37.458;1.6;31.460278;6337532
637;21:28:37.627;1.5;31.460615;6337600
638;21:28:37.798;0.0;31.458808;6337236
639;21:28:37.968;0.0;31.459980;6337472
640;21:28:38.138;1.5;31.457299;6337184
641;21:28:38.307;1.6;31.457458;6336964
642;21:28:38.477;0.0;31.460178;6337512
643;21:28:38.646;0.0;31.458193;6337112
644;21:28:38.817;1.6;31.458927;6337260
645;21:28:38.992;1.6;31.460377;6337552
646;21:28:39.163;2.9;31.460933;6337512
647;21:28:39.358;1.5;31.459722;6337420
648;21:28:39.529;0.0;31.462422;6337964
649;21:28:39.703;3.1;31.465579;6338556
650;21:28:39.875;1.9;31.465798;6338644
651;21:28:40.048;1.5;31.469193;6339108
652;21:28:40.220;1.6;31.467644;6339016
653;21:28:40.393;3.2;31.464487;6338380
654;21:28:40.565;0.0;31.464348;6338352
655;21:28:40.737;1.9;31.462164;6337912
656;21:28:40.911;1.7;31.464328;6338348
657;21:28:41.085;0.0;31.460476;6337572
658;21:28:41.258;0.0;31.462760;6338032
659;21:28:41.432;0.0;31.461489;6337776
660;21:28:41.605;0.0;31.461648;6337808
661;21:28:41.777;0.0;31.465381;6338560
662;21:28:41.951;0.0;31.466016;6338688
663;21:28:42.123;0.0;31.464765;6338436
664;21:28:42.298;1.6;31.467525;6338992
665;21:28:42.476;3.3;31.463872;6338256
666;21:28:42.650;1.9;31.464070;6338296
667;21:28:42.822;3.4;31.467069;6338900
668;21:28:42.995;1.8;31.466135;6338712
669;21:28:43.168;1.7;31.467803;6339048
670;21:28:43.340;1.7;31.465301;6338392
671;21:28:43.513;0.0;31.465162;6338516
672;21:28:43.684;0.0;31.464527;6338388
673;21:28:43.857;0.0;31.463475;6338176
674;21:28:44.028;0.0;31.467486;6338984
675;21:28:44.201;0.0;31.463614;6338456
676;21:28:44.374;0.0;31.464050;6338544
677;21:28:44.548;3.2;31.468995;6339288
678;21:28:44.721;1.6;31.464904;6338464
679;21:28:44.896;0.0;31.474356;6340620
680;21:28:45.071;1.7;31.476481;6340480
681;21:28:45.244;3.1;31.478963;6341252
682;21:28:45.418;3.1;31.478506;6340984
683;21:28:45.594;0.0;31.489665;6343452
684;21:28:45.766;1.6;31.491691;6343860
685;21:28:45.939;1.6;31.499276;6345388
686;21:28:46.112;1.6;31.498760;6345284
687;21:28:46.285;1.6;31.507218;6347220
688;21:28:46.457;1.6;31.507238;6346772
689;21:28:46.631;0.0;31.513036;6349892
690;21:28:46.809;1.5;31.518993;6349360
691;21:28:46.982;1.6;31.530510;6351932
692;21:28:47.155;1.5;31.532694;6352396
693;21:28:47.328;4.7;31.542464;6353868
694;21:28:47.504;1.5;31.541709;6353936
695;21:28:47.679;1.6;31.544052;6354408
696;21:28:47.853;0.0;31.545144;6354408
697;21:28:48.025;4.6;31.551935;6356296
698;21:28:48.197;1.5;31.605369;6366760
699;21:28:48.368;3.1;31.680526;6381900
700;21:28:48.538;1.6;31.759158;6397992
701;21:28:48.708;1.5;31.882824;6422652
702;21:28:48.878;1.5;31.988738;6443988
703;21:28:49.047;3.0;32.064094;6459168
704;21:28:49.217;1.5;32.187799;6484088
705;21:28:49.386;1.5;32.292622;6505204
706;21:28:49.556;3.1;32.349689;6516700
707;21:28:49.728;1.5;32.439262;6533784
708;21:28:49.899;3.1;32.441565;6535460
709;21:28:50.069;0.0;32.444028;6535704
710;21:28:50.239;0.0;32.445457;6535844
711;21:28:50.409;3.1;32.449568;6536820
712;21:28:50.579;1.5;32.454651;6537844
713;21:28:50.750;0.0;32.452367;6537384
714;21:28:50.920;0.0;32.452625;6537436
715;21:28:51.090;1.5;32.450441;6536996
716;21:28:51.260;3.0;32.460647;6539052
717;21:28:51.431;1.4;32.462057;6539336
718;21:28:51.601;0.0;32.480841;6543120
719;21:28:51.773;1.5;32.489519;6544868
720;21:28:51.944;1.5;32.499427;6546864
721;21:28:52.115;0.0;32.602562;6570200
722;21:28:52.286;1.5;32.890322;6625608
723;21:28:52.457;1.5;32.894353;6626420
724;21:28:52.626;1.5;32.892566;6626060
725;21:28:52.796;0.0;32.891275;6625800
726;21:28:52.966;0.0;32.892963;6626140
727;21:28:53.137;1.6;32.893161;6626180
728;21:28:53.308;1.5;32.888714;6625284
729;21:28:53.479;1.6;32.891136;6625772
730;21:28:53.650;0.0;32.891454;6625836
731;21:28:53.820;1.5;32.891335;6625812
732;21:28:53.990;0.0;32.891374;6625820
733;21:28:54.159;0.0;32.890203;6625584
734;21:28:54.329;1.5;32.889885;6625520
735;21:28:54.499;0.0;32.889845;6625512
736;21:28:54.671;3.1;32.890381;6625620
737;21:28:54.840;1.4;32.891891;6626192
738;21:28:55.018;0.0;32.895703;6626692
739;21:28:55.198;1.5;32.897033;6626740
740;21:28:55.374;1.5;32.897292;6627012
741;21:28:55.550;1.5;32.899754;6627360
742;21:28:55.729;1.5;32.895226;6626400
743;21:28:55.912;1.6;32.899734;6627504
744;21:28:56.083;1.5;32.900191;6627596
745;21:28:56.253;3.0;32.898265;6627460
746;21:28:56.425;3.1;32.899297;6627416
747;21:28:56.598;4.5;32.900985;6627756
748;21:28:56.769;1.6;32.900985;6627536
749;21:28:56.941;0.0;32.899555;6627468
750;21:28:57.113;0.0;32.896855;6626924
751;21:28:57.284;3.0;32.901044;6627768
752;21:28:57.464;4.8;32.903626;6628288
753;21:28:57.635;1.6;32.904063;6628156
754;21:28:57.806;3.0;32.907140;6628996
755;21:28:57.977;7.7;32.905731;6628712
756;21:28:58.148;1.5;32.903149;6628192
757;21:28:58.321;1.6;32.901561;6627872
758;21:28:58.506;3.1;32.900905;6627780
759;21:28:58.682;1.6;32.902295;6627872
760;21:28:58.857;0.0;32.899833;6627776
761;21:28:59.029;1.7;32.901541;6627868
762;21:28:59.200;0.0;32.914785;6630536
763;21:28:59.375;3.0;32.925170;6632796
764;21:28:59.556;4.6;32.911965;6629968
765;21:28:59.731;0.0;32.911965;6629968
766;21:28:59.904;3.2;32.917942;6631172
767;21:29:00.083;1.5;32.925885;6632772
768;21:29:00.263;1.5;32.930829;6633768
769;21:29:00.441;3.1;32.911946;6629964
770;21:29:00.614;0.0;32.914805;6630540
771;21:29:00.787;0.0;32.911112;6629796
772;21:29:00.960;1.7;32.911330;6629944
773;21:29:01.134;0.0;32.916334;6630848
774;21:29:01.306;4.8;32.911985;6629972
775;21:29:01.476;0.0;32.913177;6630212
776;21:29:01.647;0.0;32.909742;6629148
777;21:29:01.819;1.7;32.908530;6629276
778;21:29:01.989;0.0;32.910576;6629468
779;21:29:02.166;4.9;32.919134;6631260
780;21:29:02.337;3.2;32.937938;6635452
781;21:29:02.508;1.6;32.959363;6639516
782;21:29:02.679;1.5;33.013551;6650432
783;21:29:02.848;1.6;33.033725;6654496
784;21:29:03.017;1.5;33.085531;6664712
785;21:29:03.187;0.0;33.114919;6670852
786;21:29:03.358;1.6;33.157769;6679484
787;21:29:03.528;1.3;33.199368;6687864
788;21:29:03.697;1.6;33.238664;6695780
789;21:29:03.867;0.0;33.280502;6704208
790;21:29:04.037;0.0;33.320850;6712336
791;21:29:04.207;3.1;33.342275;6716652
792;21:29:04.377;0.0;33.339337;6716060
793;21:29:04.547;1.5;33.342732;6716744
794;21:29:04.717;0.0;33.341739;6716544
795;21:29:04.886;1.5;33.341005;6716396
796;21:29:05.056;0.0;33.341382;6716472
797;21:29:05.225;0.0;33.351687;6718328
798;21:29:05.395;0.0;33.349185;6718044
799;21:29:05.565;1.5;33.381413;6724536
800;21:29:05.734;1.4;33.443146;6736972
801;21:29:05.904;1.5;33.484825;6745148
802;21:29:06.074;1.5;33.897423;6828924
803;21:29:06.246;1.6;33.916584;6832344
804;21:29:06.418;1.5;33.931953;6835440
805;21:29:06.588;3.2;33.930822;6835212
806;21:29:06.759;1.5;33.972302;6843568
807;21:29:06.929;1.5;34.012869;6851740
808;21:29:07.099;1.6;34.015371;6852244
809;21:29:07.269;0.0;34.015212;6852212
810;21:29:07.439;1.5;34.015172;6852204
811;21:29:07.610;1.6;34.013405;6851848
812;21:29:07.780;1.6;34.014616;6852092
813;21:29:07.950;1.5;34.014497;6852068
814;21:29:08.120;2.9;34.014815;6852132
815;21:29:08.290;1.6;34.008619;6850884
816;21:29:08.466;4.7;34.012968;6851760
817;21:29:08.638;0.0;34.011697;6851504
818;21:29:08.807;4.6;34.009910;6851260
819;21:29:08.978;1.5;34.006058;6850332
820;21:29:09.151;3.0;34.005919;6850044
821;21:29:09.322;0.0;34.008341;6850680
822;21:29:09.496;2.9;34.011796;6851524
823;21:29:09.673;2.9;34.012253;6851876
824;21:29:09.848;1.6;34.016522;6852328
825;21:29:10.020;1.5;34.015311;6852084
826;21:29:10.190;1.6;34.014020;6851676
827;21:29:10.362;0.0;34.012571;6851680
828;21:29:10.532;0.0;34.013802;6851928
829;21:29:10.703;0.0;34.013861;6851940
830;21:29:10.874;0.0;34.011697;6851356
831;21:29:11.053;4.4;34.009870;6850840
832;21:29:11.224;0.0;34.009711;6850956
833;21:29:11.394;1.5;34.009711;6850956
834;21:29:11.564;2.9;34.007706;6850700
835;21:29:11.733;0.0;34.009374;6851036
836;21:29:11.903;0.0;34.009374;6851036
837;21:29:12.073;1.5;34.008123;6851044
838;21:29:12.243;0.0;34.008679;6850896
839;21:29:12.413;4.4;34.214074;6892304
840;21:29:12.584;1.4;34.418120;6933376
841;21:29:12.755;1.4;34.418120;6933376
842;21:29:12.926;0.0;34.419529;6933660
843;21:29:13.096;0.0;34.419490;6933652
844;21:29:13.266;0.0;34.420820;6933920
845;21:29:13.436;0.0;34.420780;6933912
846;21:29:13.606;0.0;34.420959;6933948
847;21:29:13.778;1.5;34.420463;6933848
848;21:29:13.948;0.0;34.420443;6933844
849;21:29:14.117;0.0;34.419708;6933980
850;21:29:14.287;1.4;34.420443;6933844
851;21:29:14.458;1.5;34.420443;6933844
852;21:29:14.628;1.6;34.422369;6934232
853;21:29:14.798;1.5;34.422250;6934208
854;21:29:14.967;1.5;34.424355;6934484
855;21:29:15.137;0.0;34.424513;6934664
856;21:29:15.307;0.0;34.423104;6934380
857;21:29:15.484;3.0;34.424315;6934624
858;21:29:15.654;0.0;34.423580;6934476
859;21:29:15.824;2.9;34.424394;6934892
860;21:29:16.001;1.5;34.425963;6934956
861;21:29:16.179;4.4;34.424116;6934584
862;21:29:16.353;8.6;34.431265;6936024
863;21:29:16.528;1.5;34.430351;6935840
864;21:29:16.702;1.5;34.423858;6934532
865;21:29:16.874;1.5;34.424831;6934580
866;21:29:17.046;1.5;34.423143;6934388
867;21:29:17.221;1.5;34.427949;6935356
868;21:29:17.395;1.8;34.426479;6935060
869;21:29:17.567;1.9;34.429736;6935568
870;21:29:17.740;0.0;34.429994;6935592
871;21:29:17.913;1.9;34.428941;6935556
872;21:29:18.084;0.0;34.427015;6935176
873;21:29:18.256;1.8;34.427810;6935328
874;21:29:18.429;0.0;34.428842;6935092
875;21:29:18.602;1.9;34.429517;6935672
876;21:29:18.775;1.8;34.430728;6935620
877;21:29:18.949;0.0;34.429934;6935460
878;21:29:19.121;0.0;34.428842;6935536
879;21:29:19.292;1.8;34.429636;6935696
880;21:29:19.463;0.0;34.427750;6935180
881;21:29:19.636;3.5;34.429021;6935420
882;21:29:19.808;0.0;34.428306;6935624
883;21:29:19.981;1.8;34.426638;6935356
884;21:29:20.155;1.7;34.428524;6935372
885;21:29:20.328;0.0;34.427095;6935244
886;21:29:20.501;0.0;34.424633;6934688
887;21:29:20.673;0.0;34.426380;6935040
888;21:29:20.845;0.0;34.426995;6935412
889;21:29:21.017;1.9;34.428028;6935224
890;21:29:21.189;0.0;34.424911;6935000
891;21:29:21.361;0.0;34.425744;6934760
892;21:29:21.534;1.9;34.425367;6935028
893;21:29:21.707;0.0;34.426777;6935120
894;21:29:21.880;0.0;34.424573;6934676
895;21:29:22.052;1.9;34.426678;6935100
896;21:29:22.224;1.9;34.427532;6935272
897;21:29:22.397;0.0;34.424474;6934656
898;21:29:22.569;1.8;34.424752;6935216
899;21:29:22.744;0.0;34.427154;6935196
900;21:29:22.917;0.0;34.428088;6935384
901;21:29:23.089;1.9;34.427770;6935320
902;21:29:23.263;0.0;34.428505;6935468
903;21:29:23.435;3.6;34.428286;6935128
904;21:29:23.607;1.8;34.427611;6935288
905;21:29:23.780;1.8;34.429696;6935568
906;21:29:23.952;0.0;34.425546;6934504
907;21:29:24.124;0.0;34.423938;6934748
908;21:29:24.296;3.7;34.426241;6935012
909;21:29:24.467;1.8;34.426499;6935064
910;21:29:24.640;1.8;34.429716;6935552
911;21:29:24.813;0.0;34.428505;6935468
912;21:29:24.986;0.0;34.429120;6935592
913;21:29:25.160;1.8;34.431106;6935960
914;21:29:25.333;1.7;34.429418;6935356
915;21:29:25.506;1.8;34.430391;6935848
916;21:29:25.678;1.8;34.431165;6936004
917;21:29:25.850;1.7;34.429478;6935664
918;21:29:26.021;0.0;34.430887;6935652
919;21:29:26.193;0.0;34.429755;6935568
920;21:29:26.365;0.0;34.426777;6935120
921;21:29:26.539;1.8;34.426003;6934876
922;21:29:26.712;8.1;34.416392;6932596
923;21:29:26.885;1.8;34.417484;6933248
924;21:29:27.057;1.5;34.418993;6933552
925;21:29:27.230;1.7;34.416888;6933388
926;21:29:27.403;1.6;34.421853;6933980
927;21:29:27.574;0.0;34.418556;6933320
928;21:29:27.747;1.7;34.425010;6934616
929;21:29:27.918;0.0;34.421158;6933840
930;21:29:28.091;0.0;34.420860;6933928
931;21:29:28.263;1.6;34.422965;6934184
932;21:29:28.435;1.5;34.420423;6933840
933;21:29:28.606;0.0;34.420900;6933936
934;21:29:28.776;6.0;34.420284;6934080
935;21:29:28.947;3.0;34.422051;6934168
936;21:29:29.117;1.5;34.442345;6938256
937;21:29:29.287;0.0;34.545519;6959040
938;21:29:29.456;1.5;34.650500;6980188
939;21:29:29.627;0.0;34.752344;7000832
940;21:29:29.798;4.6;34.824244;7015424
941;21:29:29.968;1.5;34.903809;7031216
942;21:29:30.139;1.5;34.986690;7048156
943;21:29:30.310;1.5;35.068340;7064768
944;21:29:30.481;0.0;35.141888;7079280
945;21:29:30.652;0.0;35.236127;7098116
946;21:29:30.867;3.1;35.297365;7110496
947;21:29:31.037;0.0;35.324370;7116472
948;21:29:31.208;0.0;35.360032;7123364
949;21:29:31.378;0.0;35.390293;7129460
950;21:29:31.549;1.6;35.432151;7137572
951;21:29:31.720;0.0;35.453198;7144416
952;21:29:31.893;4.5;35.485684;7148104
953;21:29:32.063;0.0;35.564573;7164324
954;21:29:32.233;1.5;35.670309;7185624
955;21:29:32.402;1.4;35.747809;7201224
956;21:29:32.573;1.5;35.745605;7200792
957;21:29:32.744;1.5;35.752019;7202084
958;21:29:32.914;1.5;35.752456;7202276
959;21:29:33.084;3.2;35.761629;7204272
960;21:29:33.257;3.0;35.761391;7203972
961;21:29:33.428;0.0;36.038230;7259740
962;21:29:33.599;0.0;36.040097;7260116
963;21:29:33.769;3.0;36.043174;7260736
964;21:29:33.940;1.5;36.042539;7260460
965;21:29:34.110;0.0;36.041308;7260360
966;21:29:34.280;1.6;36.043016;7260704
967;21:29:34.451;1.5;36.041765;7260156
968;21:29:34.621;0.0;36.061343;7264396
969;21:29:34.791;1.5;36.062078;7264544
970;21:29:34.962;1.6;36.061343;7264396
971;21:29:35.132;1.4;36.060827;7264292
972;21:29:35.302;1.5;36.060827;7264292
973;21:29:35.472;1.5;36.060033;7264132
974;21:29:35.643;0.0;36.059000;7264192
975;21:29:35.814;1.5;36.061959;7264520
976;21:29:35.989;0.0;36.060966;7264172
977;21:29:36.159;1.6;36.058881;7264372
978;21:29:36.330;3.2;36.060370;7264116
979;21:29:36.503;0.0;36.062256;7264960
980;21:29:36.674;1.6;36.062018;7264696
981;21:29:36.846;1.5;36.062614;7264480
982;21:29:37.018;0.0;36.064401;7265256
983;21:29:37.190;1.5;36.063368;7265048
984;21:29:37.362;0.0;36.063964;7264924
985;21:29:37.533;1.4;36.062614;7264652
986;21:29:37.702;0.0;36.063865;7264904
987;21:29:37.872;0.0;36.063507;7264820
988;21:29:38.042;0.0;36.062534;7264488
989;21:29:38.212;1.5;36.061800;7264488
990;21:29:38.381;1.5;36.063785;7264740
991;21:29:38.551;0.0;36.062217;7264572
992;21:29:38.721;1.6;36.062435;7264616
993;21:29:38.892;1.5;36.061264;7264380
994;21:29:39.065;3.0;36.062336;7264620
995;21:29:39.235;0.0;36.063805;7264596
996;21:29:39.406;0.0;36.062038;7264388
997;21:29:39.576;1.5;36.060827;7264144
998;21:29:39.745;1.6;36.059496;7264024
999;21:29:39.915;0.0;36.061502;7264428
1000;21:29:40.085;0.0;36.060052;7264136
1001;21:29:40.255;0.0;36.060787;7264284
1002;21:29:40.425;3.1;36.061621;7264452
1003;21:29:40.595;1.6;36.062157;7264412
1004;21:29:40.765;8.1;36.063607;7277656
1005;21:29:40.969;6.5;36.133819;7279152
1006;21:29:41.146;7.8;36.133601;7278952
1007;21:29:41.328;17.2;36.134177;7279068
1008;21:29:41.499;4.7;36.130682;7278856
1009;21:29:41.677;10.0;36.135626;7279572
1010;21:29:41.850;4.7;36.140173;7280128
1011;21:29:42.033;1.5;36.140094;7280260
1012;21:29:42.207;3.2;36.141861;7280468
1013;21:29:42.378;1.5;36.138684;7279976
1014;21:29:42.547;3.1;36.137473;7279740
1015;21:29:42.717;0.0;36.139200;7280028
1016;21:29:42.888;6.2;36.139597;7280160
1017;21:29:43.059;1.6;36.138704;7279980
1018;21:29:43.228;3.1;36.140968;7280288
1019;21:29:43.399;0.0;36.140054;7280252
1020;21:29:43.572;1.5;36.140213;7280284
1021;21:29:43.748;5.7;36.137155;7279368
1022;21:29:43.920;1.4;36.140114;7280264
1023;21:29:44.092;1.5;36.140233;7280288
1024;21:29:44.267;3.0;36.138128;7279864
1025;21:29:44.440;2.9;36.142973;7281060
1026;21:29:44.619;6.0;36.139061;7280212
1027;21:29:44.793;2.9;36.139359;7280060
1028;21:29:44.966;4.3;36.091306;7270452
1029;21:29:45.138;1.5;36.092041;7270580
1030;21:29:45.312;4.4;36.089698;7270108
1031;21:29:45.485;2.9;36.090095;7270488
1032;21:29:45.659;2.8;36.089599;7270088
1033;21:29:45.834;4.2;36.088666;7270056
1034;21:29:46.007;1.5;36.093769;7270928
1035;21:29:46.184;2.8;36.092319;7270856
1036;21:29:46.358;2.9;36.091644;7270204
1037;21:29:46.532;0.0;36.091962;7270568
1038;21:29:46.705;3.2;36.090889;7270348
1039;21:29:46.877;1.5;36.087355;7269832
1040;21:29:47.049;0.0;36.088030;7270024
1041;21:29:47.222;1.5;36.092101;7270592
1042;21:29:47.394;2.9;36.092597;7270692
1043;21:29:47.569;2.7;36.093471;7270868
1044;21:29:47.742;2.9;36.094305;7271036
1045;21:29:47.916;1.4;36.092418;7270860
1046;21:29:48.088;2.8;36.094067;7270744
1047;21:29:48.261;0.0;36.093610;7270600
1048;21:29:48.436;2.9;36.089897;7270000
1049;21:29:48.613;1.5;36.090611;7270144
1050;21:29:48.787;1.5;36.089241;7270120
1051;21:29:48.961;1.5;36.081458;7268780
1052;21:29:49.137;1.4;36.089559;7269636
1053;21:29:49.310;0.0;36.096767;7271532
1054;21:29:49.483;5.3;36.095675;7271312
1055;21:29:49.657;2.9;36.104650;7273268
1056;21:29:49.831;4.0;36.105841;7273636
1057;21:29:50.005;4.1;36.117100;7275812
1058;21:29:50.178;5.6;36.119304;7275904
1059;21:29:50.349;6.9;36.125837;7277664
1060;21:29:50.524;2.8;36.130126;7278252
1061;21:29:50.698;8.2;36.139498;7279992
1062;21:29:50.871;5.3;36.139458;7280132
1063;21:29:51.045;7.2;36.147699;7281952
1064;21:29:51.218;8.1;36.157190;7283704
1065;21:29:51.390;7.2;36.155880;7283564
1066;21:29:51.562;8.1;36.166999;7285892
1067;21:29:51.736;11.4;36.167814;7285844
1068;21:29:51.909;11.1;36.179469;7287896
1069;21:29:52.083;8.3;36.174942;7287060
1070;21:29:52.255;4.5;36.223134;7296988
1071;21:29:52.426;3.0;36.236557;7299692
1072;21:29:52.596;4.5;36.329723;7318164
1073;21:29:52.766;3.0;36.419991;7336644
1074;21:29:52.935;1.4;36.553387;7363488
1075;21:29:53.106;1.5;36.625942;7378012
1076;21:29:53.277;1.5;36.727091;7399012
1077;21:29:53.448;0.0;36.851155;7423500
1078;21:29:53.618;0.0;36.964555;7446196
1079;21:29:53.787;3.0;37.015268;7456560
1080;21:29:53.958;3.0;37.062706;7466372
1081;21:29:54.129;3.0;37.068047;7467044
1082;21:29:54.300;0.0;37.067928;7467168
1083;21:29:54.472;0.0;37.067829;7467148
1084;21:29:54.642;0.0;37.067312;7467032
1085;21:29:54.812;3.0;37.077360;7469172
1086;21:29:54.983;0.0;37.078908;7469640
1087;21:29:55.153;1.5;37.076685;7468932
1088;21:29:55.325;0.0;37.077320;7469336
1089;21:29:55.496;3.0;37.078611;7469448
1090;21:29:55.667;1.5;37.080020;7469604
1091;21:29:55.838;3.0;37.099857;7473748
1092;21:29:56.009;1.5;37.122196;7478100
1093;21:29:56.180;2.9;37.139411;7481988
1094;21:29:56.351;1.6;37.509794;7556180
1095;21:29:56.521;1.5;37.507848;7555788
1096;21:29:56.691;1.5;37.509238;7555920
1097;21:29:56.860;0.0;37.508444;7555880
1098;21:29:57.034;1.6;37.508821;7555984
1099;21:29:57.203;0.0;37.507471;7555712
1100;21:29:57.374;0.0;37.509457;7556112
1101;21:29:57.544;0.0;37.510052;7555936
1102;21:29:57.714;1.6;37.508762;7555972
1103;21:29:57.884;1.5;37.508206;7555860
1104;21:29:58.054;1.6;37.509893;7556200
1105;21:29:58.224;1.5;37.508047;7555828
1106;21:29:58.394;1.5;37.508206;7555712
1107;21:29:58.563;0.0;37.508206;7555860
1108;21:29:58.733;1.6;37.509457;7555964
1109;21:29:58.903;1.5;37.509893;7555984
1110;21:29:59.080;1.5;37.512634;7556752
1111;21:29:59.251;1.5;37.513368;7556900
1112;21:29:59.428;1.5;37.514580;7557144
1113;21:29:59.606;1.5;37.514599;7557148
1114;21:29:59.783;1.5;37.514560;7557296
1115;21:29:59.960;5.7;37.515771;7557236
1116;21:30:00.132;1.6;37.516863;7557716
1117;21:30:00.303;1.5;37.518710;7557828
1118;21:30:00.474;4.5;37.514401;7556960
1119;21:30:00.644;3.0;37.512515;7556728
1120;21:30:00.814;7.5;37.431163;7539824
Build Completed
