ID; Time; CPU %; MEM %; MEM KiB
1;09:32:35.673;6.2;13.394413;2698244
2;09:32:35.850;2.9;13.395267;2698416
3;09:32:36.022;4.6;13.394910;2698344
4;09:32:36.193;1.7;13.393738;2698108
5;09:32:36.366;1.5;13.394393;2698240
6;09:32:36.536;0.0;13.395803;2698304
7;09:32:36.706;4.5;13.395009;2698364
8;09:32:36.880;3.0;13.398126;2698992
9;09:32:37.049;4.5;13.398285;2699024
10;09:32:37.218;1.6;13.398722;2699112
11;09:32:37.388;4.6;13.398166;2698780
12;09:32:37.558;4.8;13.398802;2699372
13;09:32:37.727;3.1;13.402813;2699936
14;09:32:37.895;2.9;13.401859;2699996
15;09:32:38.064;4.6;13.400608;2699492
16;09:32:38.235;1.5;13.402932;2699960
17;09:32:38.408;3.1;13.401025;2699576
18;09:32:38.577;1.6;13.401542;2699460
19;09:32:38.748;0.0;13.407638;2700908
20;09:32:38.927;0.0;13.416692;2702512
21;09:32:39.101;2.9;13.400291;2699428
22;09:32:39.272;3.0;13.400132;2699396
23;09:32:39.443;0.0;13.407975;2700976
24;09:32:39.616;0.0;13.414826;2702356
25;09:32:39.794;3.2;13.403110;2699528
26;09:32:39.965;1.4;13.402932;2699740
27;09:32:40.137;1.4;13.401879;2700008
28;09:32:40.307;1.3;13.402614;2699928
29;09:32:40.479;5.4;13.403091;2699992
30;09:32:40.650;6.6;13.401820;2699516
31;09:32:40.820;7.5;13.397908;2699224
32;09:32:40.990;3.1;13.397789;2698924
33;09:32:41.159;7.1;13.397153;2698796
34;09:32:41.328;10.7;13.397312;2698608
35;09:32:41.497;10.1;13.397153;2699348
36;09:32:41.667;12.7;13.431783;2705552
37;09:32:41.839;7.7;13.448899;2709220
38;09:32:42.009;4.5;13.479141;2715312
39;09:32:42.177;0.0;13.520224;2723588
40;09:32:42.345;1.6;13.552173;2730276
41;09:32:42.514;0.0;13.592005;2738048
42;09:32:42.682;1.6;13.633882;2746484
43;09:32:42.850;0.0;13.662655;2752280
44;09:32:43.018;0.0;13.714460;2762716
45;09:32:43.186;0.0;13.754650;2770592
46;09:32:43.355;1.6;13.798751;2779476
47;09:32:43.523;0.0;13.830184;2786028
48;09:32:43.692;1.5;13.849325;2789664
49;09:32:43.860;1.6;13.848551;2789728
50;09:32:44.028;0.0;13.849147;2789628
51;09:32:44.196;0.0;13.847499;2789556
52;09:32:44.366;0.0;13.849921;2789784
53;09:32:44.534;0.0;13.851172;2790036
54;09:32:44.702;3.1;13.850318;2790084
55;09:32:44.870;1.5;13.848908;2789580
56;09:32:45.039;1.6;13.890508;2798180
57;09:32:45.208;0.0;13.939891;2808128
58;09:32:45.376;0.0;14.125053;2849492
59;09:32:45.546;3.1;14.401852;2901432
60;09:32:45.716;0.0;14.406975;2902000
61;09:32:45.886;1.6;14.405605;2901724
62;09:32:46.054;0.0;14.445953;2909852
63;09:32:46.222;0.0;14.464877;2915680
64;09:32:46.391;1.6;14.485190;2918168
65;09:32:46.560;0.0;14.485567;2918076
66;09:32:46.729;0.0;14.490531;2918832
67;09:32:46.897;0.0;14.488228;2918588
68;09:32:47.066;0.0;14.488307;2918384
69;09:32:47.234;0.0;14.486818;2918084
70;09:32:47.402;0.0;14.488029;2918548
71;09:32:47.570;0.0;14.489042;2918532
72;09:32:47.738;0.0;14.487295;2918400
73;09:32:47.906;0.0;14.486699;2918280
74;09:32:48.074;0.0;14.486619;2918044
75;09:32:48.242;3.1;14.486897;2918320
76;09:32:48.411;0.0;14.486659;2918524
77;09:32:48.580;1.6;14.488764;2918696
78;09:32:48.749;3.0;14.488248;2918592
79;09:32:48.918;0.0;14.487811;2918284
80;09:32:49.087;1.5;14.490313;2919008
81;09:32:49.261;5.9;14.492279;2919184
82;09:32:49.433;1.5;14.491266;2919200
83;09:32:49.604;0.0;14.495614;2919856
84;09:32:49.781;3.1;14.492001;2919108
85;09:32:49.953;2.9;14.489459;2918616
86;09:32:50.123;2.9;14.488684;2918460
87;09:32:50.293;4.2;14.489816;2918908
88;09:32:50.464;1.4;14.489260;2919020
89;09:32:50.636;4.2;14.486957;2918332
90;09:32:50.808;1.4;14.490035;2918732
91;09:32:50.978;1.4;14.490571;2919060
92;09:32:51.150;0.0;14.493351;2919400
93;09:32:51.322;0.0;14.491325;2919212
94;09:32:51.493;1.5;14.487096;2918472
95;09:32:51.666;2.8;14.488823;2918852
96;09:32:51.838;4.3;14.489717;2918888
97;09:32:52.009;5.6;14.487930;2918528
98;09:32:52.185;8.2;14.498752;2920488
99;09:32:52.356;9.0;14.502246;2921412
100;09:32:52.527;13.3;14.502604;2921044
101;09:32:52.700;11.2;14.499764;2920692
102;09:32:52.872;10.1;14.497739;2920924
103;09:32:53.044;14.3;14.500916;2920704
104;09:32:53.216;10.1;14.498454;2920424
105;09:32:53.390;4.4;14.498752;2920268
106;09:32:53.562;6.1;14.499844;2920928
107;09:32:53.734;0.0;14.495912;2919916
108;09:32:53.906;1.6;14.498573;2920728
109;09:32:54.077;0.0;14.498255;2920608
110;09:32:54.249;0.0;14.498235;2920164
111;09:32:54.419;1.9;14.498116;2920800
112;09:32:54.592;1.8;14.497679;2920712
113;09:32:54.763;1.9;14.501631;2921288
114;09:32:54.933;1.9;14.498533;2920676
115;09:32:55.104;1.9;14.501452;2921484
116;09:32:55.277;0.0;14.498851;2920728
117;09:32:55.448;0.0;14.497818;2920520
118;09:32:55.620;1.9;14.496726;2920300
119;09:32:55.791;1.9;14.496766;2920664
120;09:32:55.961;1.9;14.499625;2920444
121;09:32:56.132;1.9;14.497322;2920848
122;09:32:56.303;1.9;14.498811;2920500
123;09:32:56.475;0.0;14.498156;2920588
124;09:32:56.646;0.0;14.498752;2920984
125;09:32:56.818;0.0;14.496627;2920280
126;09:32:56.990;1.8;14.497838;2920524
127;09:32:57.162;0.0;14.496865;2920552
128;09:32:57.333;1.7;14.498712;2920480
129;09:32:57.503;3.3;14.498037;2920344
130;09:32:57.673;0.0;14.518549;2924760
131;09:32:57.844;3.0;14.580878;2937252
132;09:32:58.013;3.1;14.670729;2955352
133;09:32:58.182;1.6;14.763081;2974200
134;09:32:58.350;1.6;14.878070;2997120
135;09:32:58.518;3.0;14.969351;3015336
136;09:32:58.687;1.6;15.051437;3032068
137;09:32:58.857;0.0;15.173773;3056688
138;09:32:59.026;0.0;15.271983;3078636
139;09:32:59.196;5.9;15.313622;3085380
140;09:32:59.365;1.6;15.387349;3099560
141;09:32:59.535;1.6;15.397317;3101500
142;09:32:59.703;0.0;15.399819;3102004
143;09:32:59.872;1.6;15.399045;3102092
144;09:33:00.041;1.5;15.401388;3102540
145;09:33:00.210;1.6;15.399978;3102312
146;09:33:00.378;0.0;15.398886;3102036
147;09:33:00.547;1.5;15.397635;3101784
148;09:33:00.716;1.5;15.400197;3102300
149;09:33:00.885;1.6;15.400276;3102316
150;09:33:01.054;3.1;15.421701;3106412
151;09:33:01.223;1.5;15.420967;3106264
152;09:33:01.391;1.5;15.428750;3108052
153;09:33:01.560;1.5;15.449957;3112568
154;09:33:01.729;0.0;15.790019;3187208
155;09:33:01.901;1.5;15.844188;3191520
156;09:33:02.070;0.0;15.844188;3191740
157;09:33:02.238;3.0;15.841984;3191296
158;09:33:02.406;0.0;15.841984;3191296
159;09:33:02.575;1.6;15.841984;3191296
160;09:33:02.744;0.0;15.842460;3191392
161;09:33:02.912;0.0;15.842381;3191376
162;09:33:03.081;1.5;15.851614;3193236
163;09:33:03.249;1.4;15.853143;3193812
164;09:33:03.418;0.0;15.849986;3193200
165;09:33:03.587;0.0;15.853381;3193852
166;09:33:03.755;4.7;15.854732;3193864
167;09:33:03.923;1.6;15.853679;3193432
168;09:33:04.091;0.0;15.852547;3193424
169;09:33:04.260;2.9;15.853838;3193936
170;09:33:04.434;0.0;15.856280;3194176
171;09:33:04.604;1.5;15.857233;3194360
172;09:33:04.781;1.5;15.856221;3194164
173;09:33:04.957;0.0;15.858882;3194700
174;09:33:05.133;1.5;15.857472;3194416
175;09:33:05.308;1.6;15.856181;3194156
176;09:33:05.478;1.5;15.857075;3194116
177;09:33:05.649;4.6;15.857412;3194184
178;09:33:05.817;3.2;15.856320;3194184
179;09:33:05.987;1.5;15.856320;3194184
180;09:33:06.158;1.6;15.856797;3194280
181;09:33:06.326;0.0;15.857412;3194184
182;09:33:06.494;0.0;15.855069;3193932
183;09:33:06.662;0.0;15.856201;3193940
184;09:33:06.830;1.6;15.854017;3193720
185;09:33:07.000;1.5;15.854990;3193916
186;09:33:07.177;0.0;15.855069;3193932
187;09:33:07.347;1.5;15.855069;3193932
188;09:33:07.517;0.0;15.856320;3194184
189;09:33:07.685;0.0;15.856082;3194136
190;09:33:07.854;0.0;15.859060;3194736
191;09:33:08.023;1.5;15.858365;3194376
192;09:33:08.191;1.6;15.858206;3194564
193;09:33:08.360;1.5;15.858405;3194604
194;09:33:08.534;3.0;15.858405;3194604
195;09:33:08.703;1.6;15.856221;3194164
196;09:33:08.872;1.6;15.856221;3194164
197;09:33:09.042;0.0;15.858544;3194632
198;09:33:09.211;1.3;15.857134;3194420
199;09:33:09.380;0.0;15.855426;3194004
200;09:33:09.548;1.6;15.853937;3193704
201;09:33:09.717;0.0;15.855069;3194200
202;09:33:09.885;0.0;15.856519;3194004
203;09:33:10.054;1.6;15.856697;3194260
204;09:33:10.223;1.6;15.958799;3214828
205;09:33:10.393;0.0;15.959891;3215048
206;09:33:10.561;1.6;15.958919;3214852
207;09:33:10.732;1.6;15.957548;3214576
208;09:33:10.900;0.0;15.957906;3214428
209;09:33:11.069;0.0;15.957548;3214356
210;09:33:11.238;0.0;15.956297;3214584
211;09:33:11.406;1.5;15.956297;3214324
212;09:33:11.574;0.0;15.956139;3214064
213;09:33:11.743;0.0;15.955265;3214116
214;09:33:11.911;0.0;15.959455;3214960
215;09:33:12.079;1.5;15.961559;3215164
216;09:33:12.247;0.0;15.961242;3214880
217;09:33:12.416;0.0;15.959991;3214848
218;09:33:12.584;1.5;15.957231;3214512
219;09:33:12.753;1.5;15.958124;3214960
220;09:33:12.923;3.2;15.961917;3215456
221;09:33:13.092;0.0;15.961798;3215432
222;09:33:13.261;1.5;15.961043;3215280
223;09:33:13.432;1.5;15.962493;3215612
224;09:33:13.607;3.0;15.961202;3215312
225;09:33:13.782;3.1;15.961142;3215080
226;09:33:13.955;1.8;15.960527;3215176
227;09:33:14.125;1.9;15.960487;3215168
228;09:33:14.296;0.0;15.959395;3214288
229;09:33:14.467;5.4;15.955523;3213840
230;09:33:14.636;0.0;15.957489;3214564
231;09:33:14.811;3.1;15.957926;3214652
232;09:33:14.981;1.7;15.960289;3215420
233;09:33:15.152;3.5;15.961798;3215432
234;09:33:15.324;0.0;15.961401;3215352
235;09:33:15.495;1.8;15.960606;3215192
236;09:33:15.665;0.0;15.961559;3215808
237;09:33:15.837;1.7;15.961818;3215680
238;09:33:16.006;1.7;15.962791;3215632
239;09:33:16.178;1.6;15.961877;3215448
240;09:33:16.350;0.0;15.962334;3215800
241;09:33:16.522;0.0;15.962532;3215636
242;09:33:16.692;0.0;15.959038;3215124
243;09:33:16.862;0.0;15.963029;3216164
244;09:33:17.033;1.5;15.961857;3215444
245;09:33:17.203;0.0;15.960130;3215096
246;09:33:17.375;4.5;15.965987;3216056
247;09:33:17.554;1.6;15.960130;3214876
248;09:33:17.727;1.6;15.959832;3215036
249;09:33:17.899;1.5;15.962850;3215424
250;09:33:18.069;3.0;15.960289;3214908
251;09:33:18.240;2.9;15.958879;3215276
252;09:33:18.411;2.7;15.959077;3215152
253;09:33:18.582;1.4;15.961043;3215280
254;09:33:18.751;4.2;15.960428;3215156
255;09:33:18.923;4.2;15.957529;3215152
256;09:33:19.099;2.9;15.960467;3214944
257;09:33:19.269;5.5;15.957747;3214616
258;09:33:19.439;5.5;15.957370;3214816
259;09:33:19.611;4.2;15.961420;3215356
260;09:33:19.782;1.5;15.959236;3214728
261;09:33:19.952;2.9;15.959335;3214716
262;09:33:20.123;2.9;15.961500;3215372
263;09:33:20.294;0.0;15.963863;3215628
264;09:33:20.466;2.9;15.964002;3215876
265;09:33:20.637;1.4;15.958382;3214744
266;09:33:20.807;4.2;15.961321;3215336
267;09:33:20.977;5.7;15.957529;3214572
268;09:33:21.149;6.0;15.959931;3215476
269;09:33:21.319;6.5;15.958561;3214780
270;09:33:21.490;9.2;15.961897;3215452
271;09:33:21.663;6.9;15.960567;3215184
272;09:33:21.836;9.6;15.961976;3215248
273;09:33:22.009;4.5;15.962076;3215488
274;09:33:22.179;13.3;15.962513;3215576
275;09:33:22.351;10.4;15.963307;3216068
276;09:33:22.520;11.1;15.962354;3215544
277;09:33:22.691;0.0;15.962830;3215824
278;09:33:22.861;4.5;15.961778;3215428
279;09:33:23.032;0.0;15.964518;3215980
280;09:33:23.202;0.0;15.965372;3216152
281;09:33:23.374;1.8;15.963505;3215556
282;09:33:23.546;0.0;15.962711;3215876
283;09:33:23.720;1.9;15.967794;3216420
284;09:33:23.890;1.8;15.966305;3215900
285;09:33:24.062;0.0;15.964359;3215948
286;09:33:24.234;0.0;15.965809;3216240
287;09:33:24.406;0.0;15.964061;3216112
288;09:33:24.576;2.0;15.963883;3215632
289;09:33:24.746;0.0;15.962155;3215504
290;09:33:24.916;1.9;15.964121;3216328
291;09:33:25.087;0.0;15.963565;3215568
292;09:33:25.258;1.9;15.962949;3215664
293;09:33:25.429;1.8;15.962632;3215600
294;09:33:25.599;3.7;15.960011;3215072
295;09:33:25.770;0.0;15.964121;3216152
296;09:33:25.941;3.6;15.962632;3215600
297;09:33:26.115;3.2;15.962393;3215552
298;09:33:26.284;1.5;15.964578;3215772
299;09:33:26.452;1.5;15.968251;3216512
300;09:33:26.621;1.6;15.966404;3216620
301;09:33:26.789;0.0;16.037411;3230444
302;09:33:26.957;0.0;16.139771;3251284
303;09:33:27.126;3.0;16.244455;3274404
304;09:33:27.295;4.5;16.302475;3284304
305;09:33:27.464;1.5;16.375905;3299360
306;09:33:27.633;1.6;16.469707;3317528
307;09:33:27.803;1.6;16.552211;3333492
308;09:33:27.972;1.5;16.632053;3352744
309;09:33:28.140;0.0;16.738524;3371916
310;09:33:28.308;3.2;16.774822;3379212
311;09:33:28.476;1.6;16.798808;3383716
312;09:33:28.644;1.5;16.827918;3389900
313;09:33:28.814;0.0;16.881193;3400420
314;09:33:28.982;1.5;16.911673;3406452
315;09:33:29.152;0.0;16.952895;3415000
316;09:33:29.320;3.0;16.981428;3420612
317;09:33:29.489;0.0;17.061668;3436776
318;09:33:29.657;0.0;17.166392;3457872
319;09:33:29.826;3.1;17.237597;3472216
320;09:33:29.996;0.0;17.236505;3472444
321;09:33:30.168;0.0;17.237935;3472504
322;09:33:30.337;1.6;17.235313;3472220
323;09:33:30.506;1.5;17.235492;3472256
324;09:33:30.675;1.5;17.237597;3472436
325;09:33:30.845;1.6;17.514794;3528276
326;09:33:31.014;1.5;17.514476;3528212
327;09:33:31.182;0.0;17.514635;3528284
328;09:33:31.351;0.0;17.513821;3528080
329;09:33:31.518;1.4;17.512133;3528008
330;09:33:31.687;1.5;17.514635;3528244
331;09:33:31.855;1.5;17.513384;3528032
332;09:33:32.024;0.0;17.513900;3528348
333;09:33:32.192;1.6;17.513384;3527992
334;09:33:32.360;0.0;17.513662;3528048
335;09:33:32.529;0.0;17.513384;3527772
336;09:33:32.698;0.0;17.513543;3528024
337;09:33:32.867;1.6;17.515230;3528364
338;09:33:33.035;0.0;17.516601;3528640
339;09:33:33.204;1.5;17.517176;3528536
340;09:33:33.373;1.6;17.511557;3527624
Build Completed
