ID; Time; CPU %; MEM %; MEM KiB
1;20:40:07.158;7.5;22.548334;4542504
2;20:40:07.335;1.5;22.550975;4542792
3;20:40:07.511;1.5;22.550896;4542776
4;20:40:07.685;1.5;22.550995;4542796
5;20:40:07.862;1.5;22.552444;4543088
6;20:40:08.039;1.5;22.554172;4543436
7;20:40:08.215;3.0;22.553954;4543392
8;20:40:08.391;1.4;22.553775;4543160
9;20:40:08.571;0.0;22.553179;4543496
10;20:40:08.749;4.5;22.557567;4543900
11;20:40:08.923;2.9;22.560129;4544636
12;20:40:09.102;3.0;22.563544;4545136
13;20:40:09.279;2.9;22.565033;4545900
14;20:40:09.458;3.0;22.566384;4545676
15;20:40:09.635;1.5;22.567297;4545860
16;20:40:09.810;1.5;22.567575;4546136
17;20:40:09.988;1.5;22.567972;4545996
18;20:40:10.238;1.5;22.567714;4546164
19;20:40:10.419;1.5;22.566463;4545912
20;20:40:10.596;4.6;22.565292;4545676
21;20:40:10.768;3.1;22.570176;4546440
22;20:40:10.942;2.9;22.569938;4546612
23;20:40:11.121;2.9;22.569878;4546884
24;20:40:11.298;3.0;22.571963;4547020
25;20:40:11.474;3.0;22.571685;4546964
26;20:40:11.650;3.0;22.571487;4546704
27;20:40:11.826;3.1;22.572897;4547436
28;20:40:12.002;1.5;22.573711;4547372
29;20:40:12.182;1.5;22.576530;4547720
30;20:40:12.362;0.0;22.574227;4547760
31;20:40:12.539;1.5;22.572718;4547196
32;20:40:12.714;3.1;22.572539;4547136
33;20:40:12.891;3.0;22.579429;4548768
34;20:40:13.069;4.3;22.586518;4549952
35;20:40:13.246;10.1;22.597141;4552344
36;20:40:13.423;1.6;22.604190;4553772
37;20:40:13.600;12.1;22.626986;4558104
38;20:40:13.776;6.2;22.635504;4559820
39;20:40:13.951;9.2;22.652164;4563428
40;20:40:14.123;10.4;22.679963;4568700
41;20:40:14.297;13.8;22.700296;4572872
42;20:40:14.475;5.9;22.711932;4575468
43;20:40:14.651;20.6;22.740783;4580808
44;20:40:14.820;20.6;22.790663;4591676
45;20:40:14.993;4.6;22.794733;4591896
46;20:40:15.163;0.0;22.798109;4592576
47;20:40:15.333;3.2;22.866912;4606752
48;20:40:15.502;13.4;22.885656;4610212
49;20:40:15.673;21.5;22.891295;4611592
50;20:40:15.844;9.2;22.892487;4611588
51;20:40:16.014;1.5;22.893440;4612024
52;20:40:16.185;3.1;22.895962;4612288
53;20:40:16.355;3.1;22.896200;4611676
54;20:40:16.525;4.5;22.891931;4611476
55;20:40:16.701;3.1;22.889886;4610844
56;20:40:16.876;21.5;22.842548;4601528
57;20:40:17.050;4.8;22.844712;4601972
58;20:40:17.220;3.1;22.846440;4602312
59;20:40:17.390;0.0;22.847591;4602544
60;20:40:17.560;4.2;22.846499;4602104
61;20:40:17.734;1.6;22.844116;4601624
62;20:40:17.905;3.0;22.845447;4601892
63;20:40:18.075;0.0;22.844970;4601796
64;20:40:18.245;4.6;22.844196;4601640
65;20:40:18.416;1.5;22.844156;4601852
66;20:40:18.586;1.6;22.846737;4602152
67;20:40:18.756;1.5;22.843958;4601812
68;20:40:18.925;20.6;22.894254;4612448
69;20:40:19.095;6.2;22.899893;4612860
70;20:40:19.266;3.0;22.896021;4612300
71;20:40:19.436;1.6;22.899933;4613348
72;20:40:19.612;3.0;22.900489;4613200
73;20:40:19.788;4.5;22.901700;4613444
74;20:40:19.967;2.9;22.902276;4613600
75;20:40:20.144;1.5;22.902157;4613536
76;20:40:20.320;4.5;22.905731;4614256
77;20:40:20.500;2.9;22.903388;4614052
78;20:40:20.672;7.7;22.818164;4596616
79;20:40:20.842;4.8;22.813220;4595872
80;20:40:21.016;3.2;22.827556;4598776
81;20:40:21.188;1.5;22.825253;4598044
82;20:40:21.361;3.1;22.822155;4597320
83;20:40:21.532;3.0;22.820606;4597108
84;20:40:21.703;1.6;22.820666;4597160
85;20:40:21.872;0.0;22.824459;4597884
86;20:40:22.042;4.6;23.007317;4634456
87;20:40:22.245;4.5;23.215155;4676588
88;20:40:22.417;1.5;23.213288;4676212
89;20:40:22.588;3.2;23.212990;4676152
90;20:40:22.759;0.0;23.214480;4676452
91;20:40:22.929;1.5;23.214678;4676492
92;20:40:23.099;3.1;23.213666;4676288
93;20:40:23.269;6.2;23.212891;4675692
94;20:40:23.440;1.5;23.212851;4676124
95;20:40:23.611;1.6;23.212534;4676060
96;20:40:23.780;0.0;23.214996;4676336
97;20:40:23.950;1.6;23.215036;4676564
98;20:40:24.120;3.0;23.390150;4713980
99;20:40:24.291;3.1;23.488003;4731552
100;20:40:24.461;3.1;23.488241;4731600
101;20:40:24.631;3.0;23.488499;4731652
102;20:40:24.800;1.6;23.485223;4731252
103;20:40:24.970;3.0;23.486692;4731288
104;20:40:25.140;3.1;23.485977;4731680
105;20:40:25.313;4.5;23.488102;4731596
106;20:40:25.488;6.8;23.490247;4732272
107;20:40:25.661;8.6;23.484448;4731068
108;20:40:25.835;3.0;23.492967;4732736
109;20:40:26.012;4.6;23.495131;4732768
110;20:40:26.188;8.6;23.491756;4731856
111;20:40:26.359;9.7;23.490644;4732084
112;20:40:26.532;8.2;23.489929;4732184
113;20:40:26.705;11.8;23.489631;4731880
114;20:40:26.878;12.5;23.489194;4731572
115;20:40:27.051;14.1;23.488837;4731280
116;20:40:27.225;11.0;23.487367;4731692
117;20:40:27.398;10.3;23.490386;4732276
118;20:40:27.573;11.0;23.492073;4732372
119;20:40:27.744;10.4;23.496581;4733280
120;20:40:27.922;12.9;23.492232;4732652
121;20:40:28.094;8.6;23.495747;4733112
122;20:40:28.269;7.9;23.498745;4733496
123;20:40:28.443;7.0;23.498368;4733420
124;20:40:28.619;8.5;23.496283;4733220
125;20:40:28.796;6.8;23.493920;4732748
126;20:40:28.969;9.0;23.493781;4732716
127;20:40:29.141;6.1;23.492610;4732704
128;20:40:29.314;4.8;23.491458;4732248
129;20:40:29.487;1.6;23.488559;4731668
130;20:40:29.659;3.1;23.484726;4730892
131;20:40:29.832;3.2;23.487467;4731444
132;20:40:30.005;0.0;23.484806;4730908
133;20:40:30.178;3.8;23.485660;4731080
134;20:40:30.352;3.6;23.489035;4731760
135;20:40:30.524;1.9;23.489691;4731672
136;20:40:30.698;3.8;23.487844;4731544
137;20:40:30.868;3.8;23.489254;4731584
138;20:40:31.039;1.9;23.489631;4731880
139;20:40:31.211;1.9;23.486335;4731516
140;20:40:31.382;3.8;23.488737;4731480
141;20:40:31.556;3.8;23.491220;4731820
142;20:40:31.727;2.0;23.487248;4731416
143;20:40:31.899;1.9;23.489571;4731868
144;20:40:32.071;51.7;23.419597;4717552
145;20:40:32.244;1.8;23.419756;4717584
146;20:40:32.418;6.5;23.420312;4718160
147;20:40:32.588;1.6;23.421603;4718176
148;20:40:32.759;1.5;23.415268;4716948
149;20:40:32.929;2.9;23.415388;4717176
150;20:40:33.104;4.5;23.418505;4717552
151;20:40:33.275;1.5;23.432484;4720620
152;20:40:33.445;3.0;23.534030;4740824
153;20:40:33.615;1.6;23.646378;4763456
154;20:40:33.785;3.1;23.714486;4777176
155;20:40:33.955;1.6;23.818971;4798224
156;20:40:34.124;3.1;23.930366;4820664
157;20:40:34.295;4.6;24.011996;4836652
158;20:40:34.465;4.5;24.097041;4854240
159;20:40:34.636;4.5;24.119955;4858856
160;20:40:34.806;2.9;24.119975;4858640
161;20:40:34.975;3.0;24.114396;4857736
162;20:40:35.145;2.7;24.115706;4858000
163;20:40:35.315;3.1;24.117017;4858280
164;20:40:35.485;1.5;24.116917;4858244
165;20:40:35.658;4.3;24.117454;4858352
166;20:40:35.828;3.0;24.118744;4858612
167;20:40:35.998;2.9;24.118824;4858628
168;20:40:36.168;3.0;24.117195;4858568
169;20:40:36.343;1.5;24.132644;4861672
170;20:40:36.513;3.0;24.147338;4864372
171;20:40:36.684;4.6;24.169021;4868740
172;20:40:36.854;3.2;24.159152;4866752
173;20:40:37.028;2.9;24.171602;4869260
174;20:40:37.199;1.5;24.186177;4872196
175;20:40:37.369;3.1;24.573359;4950192
176;20:40:37.544;1.5;24.572127;4949944
177;20:40:37.717;3.0;24.562735;4948052
178;20:40:37.889;3.1;24.563192;4948188
179;20:40:38.060;4.5;24.564364;4948380
180;20:40:38.230;3.0;24.563688;4948244
181;20:40:38.400;3.1;24.567838;4949080
182;20:40:38.570;3.1;24.566091;4948728
183;20:40:38.740;1.6;24.566846;4948880
184;20:40:38.910;1.5;24.567938;4949100
185;20:40:39.080;3.0;24.588152;4952952
186;20:40:39.249;1.6;24.585689;4952972
187;20:40:39.419;3.2;24.586226;4952784
188;20:40:39.588;0.0;24.588132;4953168
189;20:40:39.758;1.5;24.587357;4953012
190;20:40:39.927;4.5;24.588807;4953304
191;20:40:40.097;1.5;24.588827;4953308
192;20:40:40.266;1.5;24.589720;4953488
193;20:40:40.436;4.7;24.592500;4954048
194;20:40:40.606;3.1;24.591646;4953876
195;20:40:40.775;0.0;24.592639;4953636
196;20:40:40.946;0.0;24.590832;4953712
197;20:40:41.117;12.3;24.613052;4959732
198;20:40:41.288;25.0;24.686362;4972956
199;20:40:41.459;13.0;24.691922;4974092
200;20:40:41.629;1.5;24.690492;4973568
201;20:40:41.800;3.2;24.692775;4974248
202;20:40:41.970;3.0;24.694900;4975132
203;20:40:42.146;6.2;24.690691;4973608
204;20:40:42.316;5.9;24.689598;4973608
205;20:40:42.495;2.9;24.692319;4973936
206;20:40:42.672;5.8;24.689062;4973500
207;20:40:42.851;7.0;24.691763;4974044
208;20:40:43.029;7.4;24.583366;4952468
209;20:40:43.206;0.0;24.588171;4952956
210;20:40:43.377;1.6;24.593056;4954160
211;20:40:43.549;6.1;24.591726;4953892
212;20:40:43.725;4.6;24.599589;4955476
213;20:40:43.897;0.0;24.599569;4955472
214;20:40:44.067;2.9;24.603104;4956184
215;20:40:44.237;1.6;24.601376;4955836
216;20:40:44.407;1.5;24.604930;4956552
217;20:40:44.581;4.5;24.572405;4945728
218;20:40:44.752;7.7;24.604553;4956256
219;20:40:44.922;1.5;24.604771;4956300
220;20:40:45.093;3.1;24.605506;4956668
221;20:40:45.262;2.9;24.606022;4957120
222;20:40:45.433;3.1;24.606578;4956884
223;20:40:45.605;4.6;24.607651;4956660
224;20:40:45.774;1.5;24.607293;4956808
225;20:40:45.945;3.1;24.606995;4956968
226;20:40:46.116;1.5;24.606876;4956724
227;20:40:46.285;1.6;24.607770;4957124
228;20:40:46.455;1.6;24.609636;4957280
229;20:40:46.625;7.7;24.598715;4954860
230;20:40:46.799;4.7;24.600959;4955752
231;20:40:46.969;1.5;24.601813;4955704
232;20:40:47.145;4.3;24.599926;4955544
233;20:40:47.315;13.4;24.631101;4962612
234;20:40:47.485;21.9;24.697064;4975112
235;20:40:47.657;3.1;24.696389;4974976
236;20:40:47.828;1.6;24.698633;4975428
237;20:40:47.999;3.0;24.698037;4975308
238;20:40:48.168;0.0;24.700420;4976016
239;20:40:48.338;1.5;24.701651;4975816
240;20:40:48.508;0.0;24.704808;4976672
241;20:40:48.677;7.4;25.065720;5049500
242;20:40:48.849;3.1;25.114150;5058912
243;20:40:49.022;3.1;25.113256;5059204
244;20:40:49.193;3.0;25.113753;5059304
245;20:40:49.364;3.1;25.116414;5059368
246;20:40:49.535;1.6;25.114368;5059176
247;20:40:49.705;1.5;25.113515;5059248
248;20:40:49.875;4.5;25.115838;5059252
249;20:40:50.046;3.2;25.117565;5059600
250;20:40:50.217;3.0;25.117148;5059736
251;20:40:50.387;1.5;25.116493;5059604
252;20:40:50.557;3.2;25.119293;5059948
253;20:40:50.727;3.1;25.118439;5059776
254;20:40:50.897;7.4;25.451432;5127492
255;20:40:51.071;3.1;25.452743;5127600
256;20:40:51.244;3.0;25.453855;5127792
257;20:40:51.415;0.0;25.454987;5127792
258;20:40:51.586;0.0;25.457230;5128308
259;20:40:51.756;1.6;25.456694;5128136
260;20:40:51.927;1.6;25.456535;5128104
261;20:40:52.097;3.0;25.455483;5128120
262;20:40:52.268;1.5;25.456337;5128064
263;20:40:52.440;4.5;25.420933;5120492
264;20:40:52.610;1.6;25.420218;5120568
265;20:40:52.781;1.5;25.419285;5120380
266;20:40:52.951;3.0;25.418073;5120420
267;20:40:53.122;0.0;25.418312;5120452
268;20:40:53.292;2.9;25.415234;5119784
269;20:40:53.462;3.0;25.415611;5119860
270;20:40:53.632;7.8;25.316527;5100160
271;20:40:53.802;4.5;25.319327;5100244
272;20:40:53.975;3.1;25.317580;5100372
273;20:40:54.145;0.0;25.320657;5100732
274;20:40:54.315;1.6;25.320737;5100748
275;20:40:54.486;3.0;25.322047;5101012
276;20:40:54.657;1.5;25.320240;5100648
277;20:40:54.827;0.0;25.323914;5101388
278;20:40:54.997;1.6;25.323199;5101024
279;20:40:55.166;1.6;25.322028;5101008
280;20:40:55.336;3.1;25.322226;5101048
281;20:40:55.507;1.5;25.324569;5101300
282;20:40:55.677;0.0;25.323199;5101024
283;20:40:55.847;1.5;25.323159;5101236
284;20:40:56.022;4.3;25.326019;5101592
285;20:40:56.202;3.0;25.328640;5102340
286;20:40:56.375;3.1;25.326595;5101928
287;20:40:56.545;4.5;25.323378;5101568
288;20:40:56.718;6.2;25.328898;5102392
289;20:40:56.899;2.9;25.324629;5101532
290;20:40:57.072;2.9;25.324549;5101516
291;20:40:57.245;5.8;25.321432;5100888
292;20:40:57.417;4.2;25.322623;5100908
293;20:40:57.591;8.6;25.317679;5100400
294;20:40:57.763;7.0;25.319407;5100924
295;20:40:57.938;5.6;25.317341;5100064
296;20:40:58.118;5.6;25.319268;5100012
297;20:40:58.290;5.9;25.319982;5100596
298;20:40:58.464;7.9;25.321372;5100424
299;20:40:58.638;8.0;25.315535;5099924
300;20:40:58.809;7.1;25.321213;5100844
301;20:40:58.985;7.5;25.318970;5100392
302;20:40:59.158;1.5;25.322742;5101152
303;20:40:59.329;8.6;25.320935;5101012
304;20:40:59.506;7.2;25.321392;5100660
305;20:40:59.679;1.6;25.321035;5100588
306;20:40:59.853;6.2;25.321551;5100912
307;20:41:00.025;5.8;25.320419;5100684
308;20:41:00.197;6.1;25.319506;5100500
309;20:41:00.369;4.5;25.320141;5100408
310;20:41:00.545;4.5;25.318831;5100364
311;20:41:00.719;4.4;25.319982;5100596
312;20:41:00.892;5.9;25.325641;5101736
313;20:41:01.066;11.8;25.323100;5101224
314;20:41:01.239;5.9;25.326853;5101980
315;20:41:01.413;8.6;25.326853;5101980
316;20:41:01.586;7.7;25.322107;5100804
317;20:41:01.761;7.7;25.325502;5101708
318;20:41:01.933;7.6;25.326158;5101620
319;20:41:02.107;12.2;25.327766;5102164
320;20:41:02.281;10.3;25.329096;5101992
321;20:41:02.455;8.8;25.326595;5101928
322;20:41:02.629;8.7;25.325224;5101664
323;20:41:02.802;7.5;25.326158;5101840
324;20:41:02.975;13.9;25.328501;5102312
325;20:41:03.150;6.8;25.324271;5101460
326;20:41:03.322;9.2;25.324946;5101596
327;20:41:03.495;9.4;25.322862;5101412
328;20:41:03.667;8.1;25.325800;5101988
329;20:41:03.839;6.3;25.326297;5101932
330;20:41:04.011;4.6;25.325185;5101424
331;20:41:04.186;6.5;25.325363;5101680
332;20:41:04.359;7.8;25.320201;5100900
333;20:41:04.532;6.2;25.322107;5101024
334;20:41:04.705;4.7;25.323199;5101024
335;20:41:04.881;5.9;25.323318;5101268
336;20:41:05.052;3.0;25.324728;5101332
337;20:41:05.226;1.6;25.325046;5101616
338;20:41:05.398;4.6;25.323636;5101112
339;20:41:05.572;4.8;25.323358;5101276
340;20:41:05.745;3.2;25.326773;5101744
341;20:41:05.918;1.6;25.323159;5101236
342;20:41:06.092;3.2;25.325979;5101804
343;20:41:06.264;0.0;25.323993;5101404
344;20:41:06.439;1.8;25.322067;5101016
345;20:41:06.611;1.7;25.325304;5101668
346;20:41:06.786;3.6;25.324073;5101420
347;20:41:06.960;0.0;25.324093;5101424
348;20:41:07.136;5.2;25.324172;5101440
349;20:41:07.309;3.6;25.325880;5102044
350;20:41:07.482;7.1;25.334299;5103480
351;20:41:07.656;5.3;25.335947;5104152
352;20:41:07.831;3.6;25.337079;5104264
353;20:41:08.004;1.8;25.338489;5104324
354;20:41:08.177;1.9;25.335967;5104076
355;20:41:08.349;3.5;25.338985;5104440
356;20:41:08.521;3.6;25.335272;5103676
357;20:41:08.695;5.5;25.338330;5104516
358;20:41:08.868;5.2;25.337952;5104216
359;20:41:09.040;5.3;25.341229;5104684
360;20:41:09.216;5.4;25.339203;5104248
361;20:41:09.391;0.0;25.341110;5104852
362;20:41:09.564;1.8;25.341547;5104940
363;20:41:09.737;3.7;25.340474;5104724
364;20:41:09.909;3.5;25.339045;5104612
365;20:41:10.081;3.6;25.339501;5104308
366;20:41:10.254;5.2;25.339203;5104656
367;20:41:10.427;1.9;25.340276;5104684
368;20:41:10.601;5.3;25.339462;5104300
369;20:41:10.775;4.8;25.341963;5105072
370;20:41:10.946;1.6;25.341686;5104968
371;20:41:11.117;1.5;25.343393;5105312
372;20:41:11.288;3.1;25.341229;5104908
373;20:41:11.461;0.0;25.344684;5105816
374;20:41:11.631;4.6;25.347563;5106152
375;20:41:11.800;0.0;25.427605;5122276
376;20:41:11.971;1.5;25.529250;5142752
377;20:41:12.145;3.0;25.651089;5167296
378;20:41:12.315;6.0;25.673269;5173488
379;20:41:12.487;3.0;25.760280;5189292
380;20:41:12.660;3.1;25.794096;5196104
381;20:41:12.831;4.6;25.873760;5211824
382;20:41:13.002;1.6;25.960056;5229784
383;20:41:13.174;1.6;26.042381;5246120
384;20:41:13.345;1.6;26.102288;5258188
385;20:41:13.517;2.9;26.128082;5263384
386;20:41:13.687;1.6;26.149567;5267712
387;20:41:13.859;3.2;26.197043;5276772
388;20:41:14.030;1.6;26.222102;5282324
389;20:41:14.202;1.6;26.261120;5290548
390;20:41:14.372;1.5;26.282605;5295056
391;20:41:14.543;3.0;26.322834;5302860
392;20:41:14.714;1.5;26.406232;5321724
393;20:41:14.884;3.0;26.520605;5342456
394;20:41:15.054;1.6;26.528826;5344112
395;20:41:15.225;1.6;26.531447;5344640
396;20:41:15.395;4.6;26.534346;5345056
397;20:41:15.565;1.5;26.534028;5345160
398;20:41:15.736;4.6;26.544472;5347264
399;20:41:15.906;0.0;26.787714;5398460
400;20:41:16.085;1.4;26.822821;5403380
401;20:41:16.257;0.0;26.821629;5403600
402;20:41:16.427;1.6;26.825621;5403916
403;20:41:16.597;1.5;26.827308;5404020
404;20:41:16.767;4.6;26.819266;5403148
405;20:41:16.938;3.1;26.821490;5403068
406;20:41:17.108;0.0;26.824250;5403624
407;20:41:17.278;4.5;26.825005;5403776
408;20:41:17.447;3.1;26.846788;5408164
409;20:41:17.618;3.1;26.847780;5408364
410;20:41:17.788;3.1;26.848674;5408544
411;20:41:17.957;1.6;26.847602;5408328
412;20:41:18.127;1.5;26.845993;5407784
413;20:41:18.299;1.5;26.844405;5407684
414;20:41:18.469;1.5;26.847999;5408188
415;20:41:18.639;0.0;26.849210;5408692
416;20:41:18.811;3.1;26.847344;5408276
417;20:41:18.981;1.5;26.847264;5408260
418;20:41:19.151;3.1;26.843789;5407560
419;20:41:19.321;4.5;26.845735;5407960
420;20:41:19.491;9.4;26.859317;5411352
421;20:41:19.662;6.3;26.865810;5412304
422;20:41:19.832;1.6;26.867816;5412400
423;20:41:20.002;3.1;26.868511;5412768
424;20:41:20.172;3.1;26.868074;5412452
425;20:41:20.341;3.0;26.868292;5412728
426;20:41:20.511;0.0;26.867379;5412312
427;20:41:20.681;1.5;26.867220;5412332
428;20:41:20.851;1.5;26.868808;5412600
429;20:41:21.020;3.1;26.868550;5412548
430;20:41:21.190;11.1;26.861223;5410632
431;20:41:21.362;7.8;26.861084;5411244
432;20:41:21.532;3.1;26.859734;5410772
433;20:41:21.704;9.2;26.859516;5410728
434;20:41:21.876;21.5;26.944144;5427776
435;20:41:22.051;4.6;26.943767;5427700
436;20:41:22.222;3.0;26.948612;5428676
437;20:41:22.393;6.2;26.945713;5428220
438;20:41:22.568;4.5;26.942953;5427788
439;20:41:22.740;8.1;26.942615;5427792
440;20:41:22.923;16.1;26.942734;5427492
441;20:41:23.095;1.6;26.946288;5428248
442;20:41:23.265;13.8;26.860667;5410984
443;20:41:23.436;6.2;26.866346;5412340
444;20:41:23.607;3.1;26.867756;5412388
445;20:41:23.778;7.4;26.870178;5412656
446;20:41:23.957;4.6;26.870715;5412760
447;20:41:24.127;1.5;26.873157;5413036
448;20:41:24.309;3.1;26.870993;5412820
449;20:41:24.480;15.2;26.926055;5424132
450;20:41:24.652;18.2;26.948810;5428716
451;20:41:24.823;1.6;26.947261;5428184
452;20:41:24.995;11.9;26.875262;5413676
453;20:41:25.168;3.0;26.874269;5413960
454;20:41:25.341;1.5;26.875798;5414008
455;20:41:25.513;4.8;26.873217;5413748
456;20:41:25.683;6.0;26.838488;5406548
457;20:41:25.857;9.1;26.874825;5413812
458;20:41:26.030;4.6;26.875460;5413720
459;20:41:26.200;1.6;26.875619;5413972
460;20:41:26.369;1.6;26.873177;5413724
461;20:41:26.543;16.1;26.585059;5355440
