ID; Time; CPU %; MEM %; MEM KiB
1;21:06:09.819;20.0;23.994398;4833564
2;21:06:10.001;6.0;23.995788;4833624
3;21:06:10.171;2.8;23.998389;4834612
4;21:06:10.348;3.0;24.000633;4835372
5;21:06:10.519;1.6;24.004227;4835544
6;21:06:10.690;1.6;24.009310;4836568
7;21:06:10.863;3.1;24.004604;4835872
8;21:06:11.038;7.6;24.000792;4835076
9;21:06:11.209;1.5;24.003314;4835608
10;21:06:11.381;1.6;24.005240;4835748
11;21:06:11.555;4.5;24.005121;4835724
12;21:06:11.732;6.3;24.004723;4835644
13;21:06:11.903;2.9;23.998032;4834556
14;21:06:12.081;5.9;24.000971;4834888
15;21:06:12.257;4.3;24.002519;4836200
16;21:06:12.446;20.9;24.011912;4837092
17;21:06:12.625;1.6;24.011316;4836972
18;21:06:12.801;4.5;24.010561;4836820
19;21:06:12.977;4.5;24.007742;4836252
20;21:06:13.152;1.5;24.008675;4836448
21;21:06:13.333;3.0;24.007067;4836116
22;21:06:13.516;1.5;24.004386;4835576
23;21:06:13.694;1.5;24.003949;4835488
24;21:06:13.870;2.9;24.003969;4835492
25;21:06:14.044;0.0;24.004664;4835632
26;21:06:14.219;1.6;24.005915;4835664
27;21:06:14.398;3.0;24.003254;4835348
28;21:06:14.575;3.1;24.000891;4834872
29;21:06:14.753;1.6;24.004386;4835576
30;21:06:14.922;0.0;24.004148;4835528
31;21:06:15.102;1.5;23.998588;4834676
32;21:06:15.280;7.6;24.004028;4835504
33;21:06:15.458;6.1;24.005716;4835844
34;21:06:15.633;1.5;24.003711;4835440
35;21:06:15.811;7.4;24.003314;4835360
36;21:06:15.991;6.2;24.004584;4835396
37;21:06:16.168;3.0;24.000534;4834800
38;21:06:16.346;1.5;24.001824;4834840
39;21:06:16.524;4.4;24.002003;4835324
40;21:06:16.699;1.5;24.002738;4835244
41;21:06:16.879;6.1;23.997893;4834268
42;21:06:17.052;6.2;23.996324;4834472
43;21:06:17.229;1.6;24.000236;4834740
44;21:06:17.404;0.0;23.999303;4834552
45;21:06:17.579;1.5;23.998985;4834488
46;21:06:17.758;5.8;24.001030;4835348
47;21:06:17.931;1.5;24.000117;4834716
48;21:06:18.111;0.0;23.998469;4834612
49;21:06:18.287;2.9;24.001507;4834996
50;21:06:18.467;2.9;24.001427;4834980
51;21:06:18.642;4.7;24.000434;4835024
52;21:06:18.822;1.6;23.996999;4833868
53;21:06:18.998;1.5;23.995629;4833812
54;21:06:19.174;3.0;23.995470;4833780
55;21:06:19.351;4.7;24.000792;4834632
56;21:06:19.525;5.8;24.001685;4835032
57;21:06:19.698;4.3;23.999660;4834900
58;21:06:19.878;2.9;24.000434;4834780
59;21:06:20.056;4.7;24.001765;4835048
60;21:06:20.231;0.0;24.002619;4835220
61;21:06:20.409;6.3;24.004207;4835800
62;21:06:20.585;6.1;24.000951;4834664
63;21:06:20.765;6.2;23.997674;4834004
64;21:06:20.940;7.4;23.994478;4833580
65;21:06:21.117;3.0;23.995887;4833644
66;21:06:21.290;2.9;23.994597;4833604
67;21:06:21.465;1.5;23.994795;4833424
68;21:06:21.640;5.9;23.999184;4834528
69;21:06:21.816;3.0;23.996920;4833936
70;21:06:21.993;1.5;23.995073;4833480
71;21:06:22.171;7.5;23.994517;4833840
72;21:06:22.344;2.9;23.996900;4833848
73;21:06:22.517;1.5;23.997952;4834280
74;21:06:22.693;4.5;23.947854;4824188
75;21:06:22.871;4.5;23.942593;4823128
76;21:06:23.047;1.5;23.942037;4822796
77;21:06:23.222;4.3;23.936715;4821944
78;21:06:23.403;9.4;23.937152;4822040
79;21:06:23.576;18.2;23.937569;4821896
80;21:06:23.750;12.7;23.940091;4822404
81;21:06:23.927;3.2;23.940686;4822776
82;21:06:24.106;1.6;23.946028;4823820
83;21:06:24.283;6.1;23.944816;4823576
84;21:06:24.459;6.2;23.942473;4823340
85;21:06:24.633;5.8;23.940726;4822752
86;21:06:24.811;5.8;23.942493;4823108
87;21:06:24.988;4.6;23.943208;4823252
88;21:06:25.163;8.8;23.945710;4823984
89;21:06:25.339;1.5;23.946067;4823828
90;21:06:25.514;3.0;23.945551;4823732
91;21:06:25.690;1.5;23.943069;4823484
92;21:06:25.869;4.6;23.944916;4826456
93;21:06:26.048;7.2;24.000017;4834744
94;21:06:26.226;4.7;24.004485;4835816
95;21:06:26.399;2.9;24.004485;4835596
96;21:06:26.574;1.5;24.004167;4835532
97;21:06:26.752;3.0;24.005458;4835792
98;21:06:26.925;6.0;24.000097;4834056
99;21:06:27.101;2.9;23.994696;4833964
100;21:06:27.281;1.6;23.997257;4834140
101;21:06:27.455;6.1;23.998429;4834376
102;21:06:27.633;18.7;24.002003;4835096
103;21:06:27.810;3.1;24.003155;4835116
104;21:06:27.986;8.8;24.001864;4835068
105;21:06:28.164;11.3;24.001546;4835004
106;21:06:28.339;6.1;24.001864;4835068
107;21:06:28.517;7.4;24.008516;4836424
108;21:06:28.697;12.3;24.008536;4836412
109;21:06:28.870;3.1;24.009688;4836644
110;21:06:29.047;13.9;24.009072;4836748
111;21:06:29.224;4.5;24.009648;4836960
112;21:06:29.398;1.6;24.012150;4837140
113;21:06:29.576;2.8;24.012467;4837204
114;21:06:29.753;7.5;24.010283;4836764
115;21:06:29.925;10.1;24.011058;4836700
116;21:06:30.103;10.9;24.017253;4837948
117;21:06:30.278;13.5;24.017412;4838012
118;21:06:30.455;11.3;24.016697;4838056
119;21:06:30.635;7.7;24.015843;4838152
120;21:06:30.815;9.2;24.015883;4837672
121;21:06:30.990;13.8;24.018206;4838360
122;21:06:31.167;20.8;24.022991;4839184
123;21:06:31.349;68.8;23.966937;4828340
124;21:06:31.530;11.9;23.966738;4827588
125;21:06:31.765;18.5;23.962191;4827408
126;21:06:31.948;13.2;23.953255;4825056
127;21:06:32.157;12.3;23.930361;4820664
128;21:06:32.335;5.8;23.930957;4820856
129;21:06:32.514;8.5;23.929090;4820188
130;21:06:32.692;33.3;23.929865;4820564
131;21:06:32.865;2.9;23.932208;4821036
132;21:06:33.041;1.5;23.933081;4820920
133;21:06:33.218;1.6;23.930361;4820444
134;21:06:33.395;2.9;23.929646;4820576
135;21:06:33.571;3.0;23.927462;4820080
136;21:06:33.748;2.9;23.921028;4818784
137;21:06:33.924;2.8;23.920095;4818596
138;21:06:34.099;1.5;23.918090;4818192
139;21:06:34.277;3.1;23.917156;4818004
140;21:06:34.455;3.1;23.916998;4817972
141;21:06:34.630;2.9;23.862432;4807240
142;21:06:34.809;3.2;23.863842;4807264
143;21:06:34.984;1.5;23.864199;4807116
144;21:06:35.159;1.5;23.863186;4807132
145;21:06:35.335;3.1;23.862094;4806912
146;21:06:35.506;1.5;23.863345;4807164
147;21:06:35.685;0.0;23.863663;4807228
148;21:06:35.864;1.5;23.865271;4807552
149;21:06:36.038;2.8;23.866443;4807788
150;21:06:36.215;2.9;23.859851;4806460
151;21:06:36.390;1.6;23.861399;4806552
152;21:06:36.565;3.0;23.861935;4806880
153;21:06:36.743;1.5;23.863405;4806956
154;21:06:36.923;1.6;23.865391;4807356
155;21:06:37.101;1.5;23.863742;4807024
156;21:06:37.280;0.0;23.861042;4806700
157;21:06:37.454;1.5;23.860526;4806596
158;21:06:37.630;0.0;23.861221;4806736
159;21:06:37.808;1.4;23.862789;4807052
160;21:06:37.985;0.0;23.864279;4807352
161;21:06:38.162;0.0;23.863306;4807156
162;21:06:38.340;0.0;23.861062;4806932
163;21:06:38.515;1.5;23.862750;4807044
164;21:06:38.690;2.9;23.848850;4804244
165;21:06:38.867;1.5;23.849168;4804308
166;21:06:39.046;3.0;23.847262;4803924
167;21:06:39.221;0.0;23.848512;4804176
168;21:06:39.393;1.5;23.848354;4804144
169;21:06:39.571;3.3;23.849763;4804484
170;21:06:39.741;0.0;23.848671;4804256
171;21:06:39.915;2.9;23.849763;4804428
172;21:06:40.094;3.0;23.849446;4804364
173;21:06:40.271;3.0;23.848175;4804108
174;21:06:40.442;0.0;23.849128;4804300
175;21:06:40.611;1.6;23.847957;4804064
176;21:06:40.781;1.5;23.847877;4804048
177;21:06:40.952;1.5;23.879072;4810332
178;21:06:41.122;0.0;23.909373;4816436
179;21:06:41.292;0.0;23.938343;4822272
180;21:06:41.463;1.6;23.980141;4830472
181;21:06:41.632;1.5;24.010124;4836512
182;21:06:41.802;1.5;24.030775;4841144
183;21:06:41.977;0.0;24.031986;4841168
184;21:06:42.157;1.5;24.036256;4842020
185;21:06:42.334;1.6;24.045330;4844092
186;21:06:42.508;0.0;24.045330;4843824
187;21:06:42.686;1.6;24.045171;4843572
188;21:06:42.862;2.9;24.044079;4843132
189;21:06:43.038;0.0;24.042749;4843304
190;21:06:43.215;2.8;24.042907;4843336
191;21:06:43.397;0.0;24.044119;4843580
192;21:06:43.575;4.7;24.043523;4843460
193;21:06:43.751;1.5;24.042868;4843108
194;21:06:43.922;2.9;24.054424;4845656
195;21:06:44.100;3.0;24.062029;4847188
196;21:06:44.274;3.1;24.056787;4846332
197;21:06:44.445;3.2;24.090206;4852864
198;21:06:44.616;4.8;24.109903;4856832
199;21:06:44.787;3.0;24.154441;4865804
200;21:06:44.957;3.0;24.193221;4873884
201;21:06:45.126;1.6;24.226421;4880304
202;21:06:45.295;0.0;24.266094;4888296
203;21:06:45.466;0.0;24.264506;4888244
204;21:06:45.636;0.0;24.267385;4888556
205;21:06:45.806;0.0;24.270006;4888644
206;21:06:45.975;1.5;24.267941;4888668
207;21:06:46.144;1.3;24.269430;4888968
208;21:06:46.314;1.6;24.267961;4888452
209;21:06:46.483;0.0;24.267087;4888496
210;21:06:46.653;1.4;24.287261;4892340
211;21:06:46.823;0.0;24.351894;4905360
212;21:06:46.993;0.0;24.392818;4913824
213;21:06:47.162;1.5;24.708338;4977628
214;21:06:47.335;3.1;24.853350;5006596
215;21:06:47.506;0.0;24.853350;5006596
216;21:06:47.675;1.5;24.854799;5006668
217;21:06:47.845;0.0;24.894989;5014984
218;21:06:48.015;3.0;24.936588;5023364
219;21:06:48.185;0.0;24.935774;5023200
220;21:06:48.355;0.0;24.936787;5023404
221;21:06:48.525;1.5;24.935337;5023380
222;21:06:48.695;0.0;24.937998;5023648
223;21:06:48.865;0.0;24.936946;5023436
224;21:06:49.035;1.5;24.935655;5023176
225;21:06:49.204;3.1;24.936350;5023316
226;21:06:49.375;0.0;24.936330;5023312
227;21:06:49.544;0.0;24.934920;5023068
228;21:06:49.714;1.5;24.934920;5022808
229;21:06:49.884;4.4;24.930056;5022012
230;21:06:50.055;6.0;24.932518;5022812
231;21:06:50.226;3.1;24.935020;5022828
232;21:06:50.396;1.5;24.933570;5022756
233;21:06:50.567;3.0;24.932399;5022780
234;21:06:50.742;1.5;24.935059;5023056
235;21:06:50.915;1.5;24.935218;5023088
236;21:06:51.084;1.5;24.935059;5022836
237;21:06:51.255;1.6;24.933193;5022680
238;21:06:51.424;3.0;24.933808;5022852
239;21:06:51.594;1.5;24.932716;5022584
240;21:06:51.763;1.6;24.936310;5023088
241;21:06:51.934;1.6;24.933272;5022964
242;21:06:52.104;0.0;24.936866;5023420
243;21:06:52.278;3.2;24.936449;5023336
244;21:06:52.450;1.6;24.937204;5023268
245;21:06:52.621;1.6;24.934126;5023136
246;21:06:52.791;0.0;24.935238;5022872
247;21:06:52.960;1.5;24.935238;5023092
248;21:06:53.130;0.0;24.935516;5023148
249;21:06:53.299;0.0;24.937899;5023628
250;21:06:53.468;1.5;24.936866;5023200
251;21:06:53.638;3.0;25.139502;5063456
252;21:06:53.812;9.2;25.353197;5107288
253;21:06:53.990;1.6;25.355977;5107848
254;21:06:54.160;1.5;25.356990;5107832
255;21:06:54.331;0.0;25.355580;5107548
256;21:06:54.501;3.1;25.356315;5107916
257;21:06:54.672;4.8;25.353336;5107316
258;21:06:54.843;1.5;25.350219;5106912
259;21:06:55.013;4.8;25.351231;5106964
260;21:06:55.188;3.3;25.352800;5107208
261;21:06:55.361;0.0;25.352304;5107108
262;21:06:55.531;1.5;25.350934;5106832
263;21:06:55.701;3.0;25.350775;5107060
264;21:06:55.871;0.0;25.351986;5106824
265;21:06:56.041;0.0;25.351370;5106920
266;21:06:56.210;0.0;25.353019;5107252
267;21:06:56.380;1.5;25.352582;5107392
268;21:06:56.550;1.5;25.352423;5107132
269;21:06:56.722;1.6;25.354925;5107416
270;21:06:56.893;3.0;25.353396;5107328
271;21:06:57.064;1.6;25.352423;5107132
272;21:06:57.235;4.6;25.356374;5107960
273;21:06:57.409;13.2;25.278457;5091792
274;21:06:57.591;3.0;25.272064;5090944
275;21:06:57.764;4.2;25.267477;5090020
276;21:06:57.938;15.4;25.271468;5090832
277;21:06:58.110;7.8;25.264042;5089564
278;21:06:58.282;5.8;25.265710;5089664
279;21:06:58.454;6.8;25.266365;5089796
280;21:06:58.625;2.7;25.264002;5089848
281;21:06:58.797;4.3;25.267755;5089856
282;21:06:58.973;5.6;25.268787;5089844
283;21:06:59.146;6.2;25.269403;5090408
284;21:06:59.319;9.4;25.268589;5090244
285;21:06:59.492;4.3;25.270098;5090968
286;21:06:59.666;5.4;25.271150;5090760
287;21:06:59.841;7.4;25.270535;5090636
288;21:07:00.013;6.6;25.269641;5090236
289;21:07:00.187;7.0;25.269939;5090516
290;21:07:00.359;4.3;25.273513;5091236
291;21:07:00.534;7.2;25.278060;5092152
292;21:07:00.705;7.4;25.274566;5091448
293;21:07:00.877;7.2;25.276611;5092096
294;21:07:01.049;1.4;25.276035;5091524
295;21:07:01.222;2.9;25.271269;5090784
296;21:07:01.395;1.5;25.274268;5091148
297;21:07:01.567;2.9;25.273771;5091068
298;21:07:01.739;2.8;25.272203;5090752
299;21:07:01.909;0.0;25.270972;5090724
300;21:07:02.082;1.4;25.271905;5090912
301;21:07:02.255;1.5;25.275618;5091420
302;21:07:02.426;5.5;25.274149;5091364
303;21:07:02.600;5.4;25.276809;5091900
304;21:07:02.778;1.5;25.272481;5091028
305;21:07:02.949;6.0;25.272322;5090996
306;21:07:03.121;1.5;25.273632;5091460
307;21:07:03.292;7.0;25.271766;5090884
308;21:07:03.465;7.9;25.272441;5090836
309;21:07:03.638;12.9;25.274903;5091516
310;21:07:03.810;35.4;25.350477;5106740
311;21:07:03.987;26.8;25.361934;5109048
312;21:07:04.161;15.5;25.363006;5109028
313;21:07:04.335;17.8;25.363562;5109156
314;21:07:04.508;12.3;25.362927;5109476
315;21:07:04.683;12.9;25.361497;5108516
316;21:07:04.855;9.9;25.362133;5108868
317;21:07:05.033;8.6;25.361180;5108896
318;21:07:05.205;3.0;25.363066;5109508
319;21:07:05.385;10.3;25.365548;5109776
320;21:07:05.558;13.7;25.361934;5109048
321;21:07:05.731;9.9;25.359114;5108704
322;21:07:05.903;11.8;25.357605;5108036
323;21:07:06.074;7.2;25.358777;5108636
324;21:07:06.247;7.2;25.356454;5108356
325;21:07:06.419;3.1;25.358320;5108320
326;21:07:06.592;1.4;25.357844;5108224
327;21:07:06.767;5.2;25.357784;5108212
328;21:07:06.939;1.6;25.357605;5108400
329;21:07:07.113;5.7;25.364515;5109568
330;21:07:07.303;10.0;25.373669;5111172
331;21:07:07.484;1.9;25.375278;5111512
332;21:07:07.655;5.0;25.373967;5111472
333;21:07:07.833;1.5;25.320732;5100528
334;21:07:08.011;5.4;25.323829;5101152
335;21:07:08.185;1.8;25.322042;5100792
336;21:07:08.358;1.9;25.318587;5100316
337;21:07:08.532;0.0;25.320732;5100748
338;21:07:08.703;2.0;25.323015;5100768
339;21:07:08.875;1.9;25.321407;5100808
340;21:07:09.047;1.8;25.318647;5100328
341;21:07:09.220;1.9;25.318131;5100224
342;21:07:09.392;3.7;25.318985;5100656
343;21:07:09.563;0.0;25.320930;5100788
344;21:07:09.735;3.8;25.323929;5101392
345;21:07:09.909;4.7;25.318309;5100040
346;21:07:10.080;0.0;25.316860;5099968
347;21:07:10.252;5.7;25.317515;5100360
348;21:07:10.423;3.1;25.319501;5100744
349;21:07:10.594;0.0;25.317317;5100296
350;21:07:10.763;0.0;25.408716;5118756
351;21:07:10.933;0.0;25.532740;5143456
352;21:07:11.103;1.5;25.624814;5162004
353;21:07:11.273;4.3;25.702195;5178184
354;21:07:11.443;3.2;25.734501;5184100
355;21:07:11.613;3.2;25.806263;5197900
356;21:07:11.785;2.9;25.879672;5213124
357;21:07:11.955;0.0;25.970019;5231088
358;21:07:12.125;1.5;26.039973;5245636
359;21:07:12.295;0.0;26.144776;5266528
360;21:07:12.465;1.5;26.153175;5268944
361;21:07:12.646;1.6;26.172952;5272684
362;21:07:12.816;3.1;26.206331;5279292
363;21:07:12.986;1.5;26.236235;5285416
364;21:07:13.157;3.0;26.266377;5291488
365;21:07:13.328;0.0;26.321022;5302292
366;21:07:13.499;0.0;26.339489;5305972
367;21:07:13.670;0.0;26.390857;5316100
368;21:07:13.840;0.0;26.468596;5332232
369;21:07:14.010;0.0;26.573537;5353120
370;21:07:14.179;3.2;26.635152;5365784
371;21:07:14.350;0.0;26.635311;5365564
372;21:07:14.520;1.5;26.635628;5365920
373;21:07:14.690;3.1;26.637118;5365928
374;21:07:14.862;1.5;26.634973;5365536
375;21:07:15.032;1.4;26.706039;5379812
376;21:07:15.203;1.6;26.913996;5421704
377;21:07:15.373;0.0;26.915565;5422020
378;21:07:15.542;3.1;26.914155;5421736
379;21:07:15.713;1.5;26.913996;5421484
380;21:07:15.883;0.0;26.913996;5421704
381;21:07:16.053;0.0;26.914314;5421768
382;21:07:16.225;3.0;26.915247;5421956
383;21:07:16.395;0.0;26.935422;5425800
384;21:07:16.564;3.1;26.934329;5425800
385;21:07:16.734;0.0;26.934329;5425800
386;21:07:16.905;0.0;26.931669;5425540
387;21:07:17.076;0.0;26.937923;5426084
388;21:07:17.246;1.6;26.934826;5425900
389;21:07:17.415;0.0;26.935759;5426088
390;21:07:17.585;0.0;26.936037;5426144
391;21:07:17.755;1.6;26.935759;5426088
392;21:07:17.924;1.5;26.933575;5425892
393;21:07:18.095;6.0;26.934766;5425936
394;21:07:18.267;4.5;26.932900;5425772
395;21:07:18.439;1.5;26.934032;5426000
396;21:07:18.610;1.6;26.934905;5425916
397;21:07:18.780;1.5;26.935759;5426332
398;21:07:18.951;1.6;26.934985;5426176
399;21:07:19.123;1.5;26.937447;5426208
400;21:07:19.294;1.5;26.936176;5426172
401;21:07:19.464;0.0;26.934925;5426180
402;21:07:19.635;1.6;26.937268;5426392
403;21:07:19.804;1.6;26.936017;5426140
404;21:07:19.974;1.5;26.936692;5426276
405;21:07:20.144;1.5;26.937983;5426536
406;21:07:20.314;0.0;26.938460;5426412
407;21:07:20.485;1.6;26.936355;5426468
408;21:07:20.660;4.5;26.940187;5426980
409;21:07:20.831;3.1;26.941795;5427084
410;21:07:21.002;0.0;26.941438;5426792
411;21:07:21.172;1.5;26.940425;5427028
412;21:07:21.343;1.5;26.939869;5426916
413;21:07:21.512;1.3;26.941200;5427184
414;21:07:21.682;0.0;26.939055;5426752
415;21:07:21.851;0.0;26.938539;5426648
416;21:07:22.021;2.9;26.938896;5426280
417;21:07:22.192;1.5;26.938162;5426276
418;21:07:22.365;1.5;26.939313;5426584
419;21:07:22.536;3.1;26.937447;5426696
420;21:07:22.706;1.5;26.938817;5426704
421;21:07:22.883;4.6;26.937765;5426492
422;21:07:23.055;1.5;26.938817;5426264
423;21:07:23.226;0.0;26.939035;5426528
424;21:07:23.396;1.5;26.937665;5426472
425;21:07:23.567;1.5;26.936534;5426024
426;21:07:23.737;0.0;26.936256;5425968
427;21:07:23.912;1.5;26.937665;5426472
428;21:07:24.082;0.0;26.937665;5426472
429;21:07:24.251;1.5;26.938698;5426680
430;21:07:24.422;1.5;26.937725;5426484
431;21:07:24.593;4.7;26.939095;5426760
432;21:07:24.763;0.0;26.936950;5426328
433;21:07:24.933;3.1;26.939730;5426888
434;21:07:25.104;4.3;26.940207;5426984
435;21:07:25.281;2.9;26.938956;5426732
436;21:07:25.455;3.1;26.942292;5427404
437;21:07:25.627;1.5;26.944814;5427912
438;21:07:25.801;3.0;26.939254;5426804
439;21:07:25.973;0.0;26.938797;5426480
440;21:07:26.146;3.0;26.936097;5426160
441;21:07:26.319;0.0;26.935044;5425944
442;21:07:26.492;2.9;26.935203;5425976
443;21:07:26.664;5.7;26.937169;5426372
444;21:07:26.839;2.9;26.936434;5426716
445;21:07:27.011;1.5;26.942073;5427360
446;21:07:27.186;2.9;26.940505;5427180
447;21:07:27.359;4.3;26.939393;5426820
448;21:07:27.533;1.4;26.938360;5426188
449;21:07:27.707;4.1;26.934409;5425816
450;21:07:27.880;2.9;26.937804;5426500
451;21:07:28.054;2.9;26.937447;5426176
452;21:07:28.226;3.0;26.937089;5426160
453;21:07:28.399;2.8;26.937089;5426356
454;21:07:28.572;0.0;26.936117;5426612
455;21:07:28.746;10.0;26.940227;5426988
456;21:07:28.923;14.3;26.940604;5426404
457;21:07:29.098;9.0;26.941160;5427176
458;21:07:29.272;11.6;26.941279;5427452
459;21:07:29.449;8.8;26.945290;5427788
460;21:07:29.622;2.9;26.945390;5427584
461;21:07:29.797;1.4;26.945191;5427988
462;21:07:29.970;2.8;26.943146;5427576
463;21:07:30.142;1.4;26.944714;5429744
464;21:07:30.317;4.1;26.955040;5429972
465;21:07:30.489;0.0;26.964114;5431800
466;21:07:30.662;11.9;26.963955;5431768
467;21:07:30.835;3.0;26.976663;5434328
468;21:07:31.007;5.9;26.973844;5433760
469;21:07:31.180;8.2;26.983673;5435992
470;21:07:31.355;9.5;26.981786;5434908
471;21:07:31.529;4.3;26.988160;5436644
472;21:07:31.703;4.2;27.000352;5439360
473;21:07:31.876;4.4;27.002576;5439548
474;21:07:32.052;2.8;27.017171;5442488
475;21:07:32.225;2.9;27.016079;5442268
476;21:07:32.397;2.8;27.025709;5444208
477;21:07:32.571;4.1;27.025630;5443972
478;21:07:32.744;6.8;27.036987;5446260
479;21:07:32.918;10.4;27.037524;5448788
480;21:07:33.093;7.8;27.047591;5448396
481;21:07:33.267;4.6;27.090818;5457324
482;21:07:33.437;0.0;27.099238;5459352
483;21:07:33.606;1.6;27.202650;5479852
484;21:07:33.777;0.0;27.267402;5492896
485;21:07:33.948;1.5;27.367955;5512932
486;21:07:34.118;1.5;27.473949;5534504
487;21:07:34.288;3.2;27.541799;5548416
488;21:07:34.458;1.5;27.656907;5573628
489;21:07:34.628;0.0;27.771380;5594420
490;21:07:34.797;6.2;27.831326;5606276
491;21:07:34.969;0.0;27.925565;5625480
492;21:07:35.139;3.1;27.934520;5627064
493;21:07:35.309;0.0;27.934679;5627584
494;21:07:35.479;1.6;27.934004;5627180
495;21:07:35.649;0.0;27.932555;5626888
496;21:07:35.820;1.5;28.333656;5707796
497;21:07:35.993;4.3;28.355657;5712120
498;21:07:36.163;3.0;28.357384;5712468
499;21:07:36.333;0.0;28.357225;5712436
500;21:07:36.505;0.0;28.356133;5712460
501;21:07:36.676;1.5;28.358476;5712688
502;21:07:36.847;0.0;28.368424;5714692
503;21:07:37.018;1.5;28.369516;5714912
504;21:07:37.188;1.5;28.368603;5714768
505;21:07:37.359;1.6;28.367253;5714700
506;21:07:37.530;0.0;28.378154;5716896
507;21:07:37.701;1.5;28.380378;5717100
508;21:07:37.872;0.0;28.380021;5717028
509;21:07:38.043;1.5;28.379981;5717020
510;21:07:38.212;3.1;28.381847;5717176
511;21:07:38.382;0.0;28.379504;5716924
512;21:07:38.553;0.0;28.379385;5716900
513;21:07:38.722;1.5;28.378650;5716752
514;21:07:38.892;1.5;28.378094;5716640
515;21:07:39.062;0.0;28.376844;5716168
516;21:07:39.231;0.0;28.377201;5716460
517;21:07:39.401;0.0;28.377280;5716744
518;21:07:39.571;0.0;28.381847;5717176
519;21:07:39.741;4.4;28.379465;5716916
520;21:07:39.911;1.5;28.379266;5716876
521;21:07:40.080;1.5;28.379504;5716924
522;21:07:40.250;1.5;28.377558;5716532
523;21:07:40.422;0.0;28.378432;5716708
524;21:07:40.597;0.0;28.379802;5716756
525;21:07:40.774;3.1;28.378750;5716772
526;21:07:40.952;1.5;28.380040;5717284
527;21:07:41.130;0.0;28.381450;5717316
528;21:07:41.307;2.7;28.383396;5717708
529;21:07:41.479;3.0;28.385243;5718080
530;21:07:41.649;4.2;28.384071;5717440
531;21:07:41.820;2.8;28.386950;5718204
532;21:07:41.990;3.1;28.381748;5717156
533;21:07:42.164;1.5;28.379623;5716948
534;21:07:42.333;4.5;28.376943;5716424
535;21:07:42.505;0.0;28.376824;5716164
536;21:07:42.675;0.0;28.376903;5716660
537;21:07:42.846;1.6;28.378214;5716908
538;21:07:43.023;1.5;28.383059;5717900
539;21:07:43.201;1.4;28.385144;5718060
540;21:07:43.375;0.0;28.383952;5717820
541;21:07:43.546;3.1;28.383456;5718004
542;21:07:43.718;0.0;28.384389;5718176
543;21:07:43.891;3.1;28.386593;5718352
544;21:07:44.067;3.0;28.386117;5718256
545;21:07:44.241;1.5;28.387089;5718452
546;21:07:44.414;6.2;28.389889;5719016
547;21:07:44.585;0.0;28.387328;5718800
548;21:07:44.759;1.5;28.381947;5717416
549;21:07:44.934;1.5;28.388658;5718768
550;21:07:45.110;1.5;28.391438;5719328
551;21:07:45.282;1.5;28.393046;5719652
552;21:07:45.459;3.0;28.393066;5719416
553;21:07:45.631;0.0;28.394536;5719952
554;21:07:45.811;3.0;28.398070;5720664
555;21:07:45.985;5.8;28.386712;5718156
556;21:07:46.162;4.2;28.387626;5718560
557;21:07:46.335;1.5;28.382006;5717668
558;21:07:46.508;1.4;28.382364;5717500
559;21:07:46.679;4.3;28.386414;5718316
560;21:07:46.853;3.1;28.389393;5718476
561;21:07:47.028;1.4;28.395330;5720128
562;21:07:47.202;2.7;28.395767;5720200
563;21:07:47.375;6.0;28.394357;5719916
564;21:07:47.546;0.0;28.399718;5720776
565;21:07:47.716;1.6;28.397038;5720456
566;21:07:47.888;3.2;28.396859;5720420
567;21:07:48.059;1.6;28.398745;5720800
568;21:07:48.230;4.7;28.395231;5720316
569;21:07:48.400;4.5;28.403868;5721832
570;21:07:48.571;1.6;28.435301;5728164
571;21:07:48.741;0.0;28.478310;5736608
572;21:07:48.910;1.6;28.507797;5742328
573;21:07:49.079;1.6;28.549794;5751228
574;21:07:49.249;0.0;28.581504;5757616
575;21:07:49.418;1.5;28.633489;5767868
576;21:07:49.588;0.0;28.672189;5775884
577;21:07:49.758;1.5;28.715198;5784548
578;21:07:49.927;0.0;28.745737;5790700
579;21:07:50.097;1.5;28.767897;5795164
580;21:07:50.267;0.0;28.764958;5794572
581;21:07:50.436;0.0;28.764958;5794612
582;21:07:50.606;0.0;28.767440;5795072
583;21:07:50.776;0.0;28.767798;5795144
584;21:07:50.945;0.0;28.769049;5795396
585;21:07:51.114;1.5;28.765554;5794692
586;21:07:51.283;0.0;28.768533;5795292
587;21:07:51.453;0.0;28.808643;5803152
588;21:07:51.623;0.0;28.868371;5815404
589;21:07:51.792;1.5;28.909672;5823724
590;21:07:51.962;3.1;29.328585;5907648
591;21:07:52.132;2.9;29.346932;5912052
592;21:07:52.302;0.0;29.348262;5912076
593;21:07:52.473;0.0;29.360852;5916628
594;21:07:52.645;0.0;29.398837;5922264
595;21:07:52.815;0.0;29.441648;5930668
596;21:07:52.986;1.6;29.439543;5930464
597;21:07:53.155;1.5;29.440397;5930904
598;21:07:53.325;0.0;29.441687;5930676
599;21:07:53.495;1.5;29.440258;5930608
600;21:07:53.664;0.0;29.437835;5930120
601;21:07:53.834;1.5;29.439086;5930152
602;21:07:54.004;1.5;29.441667;5930892
603;21:07:54.174;0.0;29.441866;5930932
604;21:07:54.343;1.5;29.440615;5930680
605;21:07:54.513;0.0;29.439642;5930484
606;21:07:54.683;3.0;29.439106;5930164
607;21:07:54.855;3.0;29.440416;5930688
608;21:07:55.029;0.0;29.441588;5930656
609;21:07:55.202;1.5;29.440258;5930608
610;21:07:55.374;1.4;29.439205;5930656
611;21:07:55.550;1.6;29.438153;5930184
612;21:07:55.722;1.4;29.441747;5931168
613;21:07:55.892;0.0;29.445341;5931412
614;21:07:56.063;0.0;29.442998;5931160
615;21:07:56.233;1.5;29.442998;5931420
616;21:07:56.403;1.5;29.442998;5931160
617;21:07:56.574;1.6;29.443852;5931112
618;21:07:56.745;0.0;29.442263;5931012
619;21:07:56.922;1.6;29.445242;5931612
620;21:07:57.092;4.3;29.447823;5932132
621;21:07:57.261;1.6;29.447823;5932132
622;21:07:57.433;0.0;29.446890;5931724
623;21:07:57.603;3.1;29.513210;5945304
624;21:07:57.773;1.5;29.513369;5945336
625;21:07:57.942;0.0;29.512754;5945212
626;21:07:58.111;0.0;29.511503;5944960
627;21:07:58.281;1.5;29.608899;5964804
628;21:07:58.452;6.1;29.913636;6025968
629;21:07:58.624;1.6;29.916436;6026312
630;21:07:58.795;1.5;29.914510;6026144
631;21:07:58.965;1.6;29.914649;6026172
632;21:07:59.135;0.0;29.917389;6026504
633;21:07:59.306;0.0;29.917528;6027020
634;21:07:59.476;1.6;29.916277;6026500
635;21:07:59.646;0.0;29.917330;6026712
636;21:07:59.817;0.0;29.919871;6027224
637;21:07:59.987;1.6;29.918858;6027020
638;21:08:00.157;1.6;29.918819;6026792
639;21:08:00.327;0.0;29.918938;6027036
640;21:08:00.497;0.0;29.919335;6027116
641;21:08:00.667;1.5;29.919017;6027052
642;21:08:00.836;1.5;29.919216;6026872
643;21:08:01.006;1.6;29.916376;6026812
644;21:08:01.176;4.5;29.918759;6026780
645;21:08:01.354;0.0;29.920010;6027032
646;21:08:01.524;1.4;29.918759;6027000
647;21:08:01.694;1.6;29.864035;6016228
648;21:08:01.869;0.0;29.865266;6016004
649;21:08:02.044;5.9;29.866139;6016400
650;21:08:02.216;2.9;29.871818;6017104
651;21:08:02.393;3.0;29.866576;6015888
652;21:08:02.564;4.1;29.862089;6015584
653;21:08:02.735;4.2;29.864372;6016044
654;21:08:02.910;1.5;29.863161;6015876
655;21:08:03.083;4.3;29.866398;6016452
656;21:08:03.257;1.5;29.864074;6015984
657;21:08:03.430;5.3;29.864313;6016032
658;21:08:03.603;2.8;29.864074;6016236
659;21:08:03.777;1.4;29.869158;6017008
660;21:08:03.948;2.9;29.869217;6017020
661;21:08:04.121;2.8;29.869654;6016444
662;21:08:04.293;2.9;29.865861;6016344
663;21:08:04.464;0.0;29.866695;6016512
664;21:08:04.636;1.4;29.866517;6016256
665;21:08:04.810;4.2;29.866159;6016404
666;21:08:04.984;2.9;29.865087;6015748
667;21:08:05.156;4.2;29.862545;6015676
668;21:08:05.327;6.9;29.864531;6016076
669;21:08:05.499;0.0;29.862823;6015732
670;21:08:05.673;4.0;29.849917;6013392
671;21:08:05.846;5.8;29.850949;6013340
672;21:08:06.019;4.1;29.856529;6014304
673;21:08:06.198;7.4;29.851346;6013420
674;21:08:06.370;6.8;29.853868;6013928
675;21:08:06.542;9.3;29.849996;6012972
676;21:08:06.716;9.6;29.847911;6012728
677;21:08:06.888;9.7;29.849956;6013140
678;21:08:07.063;14.7;29.852061;6013564
679;21:08:07.234;12.5;29.852379;6013628
680;21:08:07.407;12.7;29.850572;6013264
681;21:08:07.581;13.0;29.850056;6013160
682;21:08:07.754;13.2;29.851088;6013624
683;21:08:07.927;13.9;29.848249;6012636
684;21:08:08.101;10.8;29.851346;6013420
685;21:08:08.274;10.0;29.849242;6012996
686;21:08:08.448;4.3;29.851644;6013480
687;21:08:08.620;4.3;29.848606;6013120
688;21:08:08.792;4.6;29.849579;6012844
689;21:08:08.965;0.0;29.849678;6012644
690;21:08:09.137;1.6;29.847594;6012532
691;21:08:09.310;0.0;29.848368;6012820
692;21:08:09.483;1.8;29.847335;6012232
693;21:08:09.655;0.0;29.850175;6013204
694;21:08:09.828;1.9;29.851783;6013348
695;21:08:10.001;2.0;29.850493;6013468
696;21:08:10.174;0.0;29.850929;6013116
697;21:08:10.346;1.9;29.848964;6013208
698;21:08:10.519;1.9;29.850532;6013256
699;21:08:10.690;0.0;29.850691;6013368
700;21:08:10.862;1.9;29.850890;6013328
701;21:08:11.035;0.0;29.848070;6012984
702;21:08:11.207;0.0;29.848666;6012880
703;21:08:11.380;1.9;29.849917;6013132
704;21:08:11.552;1.8;29.850076;6013164
705;21:08:11.725;0.0;29.856211;6014512
706;21:08:11.904;3.1;29.856033;6014364
707;21:08:12.082;1.6;29.856450;6014448
708;21:08:12.262;1.5;29.858336;6014828
709;21:08:12.438;3.0;29.852796;6013492
710;21:08:12.612;1.7;29.851704;6013492
711;21:08:12.784;8.2;29.855735;6013736
712;21:08:12.956;9.1;29.848745;6013148
713;21:08:13.128;3.4;29.852518;6013436
714;21:08:13.301;0.0;29.852101;6013572
715;21:08:13.473;0.0;29.850850;6013704
716;21:08:13.647;1.8;29.851366;6013204
717;21:08:13.821;0.0;29.850870;6013752
718;21:08:13.992;3.2;29.852955;6013744
719;21:08:14.167;3.0;29.852439;6013908
720;21:08:14.346;1.6;29.847038;6012552
721;21:08:14.519;1.6;29.855695;6014260
722;21:08:14.694;1.7;29.854762;6013888
723;21:08:14.867;1.6;29.849976;6013388
724;21:08:15.037;1.5;29.852796;6013712
725;21:08:15.206;3.1;29.850115;6013172
726;21:08:15.377;1.5;29.852041;6013560
727;21:08:15.546;0.0;29.872196;6017620
728;21:08:15.716;0.0;29.974238;6037956
729;21:08:15.885;1.5;30.085832;6060656
730;21:08:16.055;1.6;30.194367;6082520
731;21:08:16.224;6.2;30.245180;6092796
732;21:08:16.396;1.5;30.322422;6108584
733;21:08:16.569;1.5;30.397261;6123424
734;21:08:16.740;1.6;30.480499;6140404
735;21:08:16.910;0.0;30.562407;6156660
736;21:08:17.080;0.0;30.658632;6176044
737;21:08:17.250;1.6;30.709544;6186300
738;21:08:17.420;3.1;30.730095;6190440
739;21:08:17.591;1.5;30.756504;6196012
740;21:08:17.761;0.0;30.797667;6204268
741;21:08:17.933;1.5;30.840259;6212884
742;21:08:18.103;1.6;30.870163;6218908
743;21:08:18.274;0.0;30.889761;6222604
744;21:08:18.444;1.5;30.961860;6237380
745;21:08:18.614;0.0;31.054471;6255784
746;21:08:18.783;0.0;31.167633;6278204
747;21:08:18.955;2.9;31.167534;6278812
748;21:08:19.188;0.0;31.171425;6279344
749;21:08:19.361;3.0;31.174007;6279864
750;21:08:19.531;1.5;31.174086;6279880
751;21:08:19.701;1.6;31.179765;6281292
752;21:08:19.873;1.5;31.181096;6281292
753;21:08:20.043;1.5;31.460576;6337372
754;21:08:20.213;0.0;31.458947;6337516
755;21:08:20.383;1.6;31.459384;6337352
756;21:08:20.553;0.0;31.458510;6337324
757;21:08:20.723;1.6;31.458927;6337040
758;21:08:20.892;1.5;31.458868;6337028
759;21:08:21.063;0.0;31.460675;6337612
760;21:08:21.232;0.0;31.479975;6341280
761;21:08:21.402;1.5;31.480372;6341360
762;21:08:21.572;0.0;31.480809;6341668
763;21:08:21.742;1.5;31.483391;6341968
764;21:08:21.912;0.0;31.483192;6342148
765;21:08:22.081;0.0;31.482100;6341928
766;21:08:22.251;1.6;31.483728;6341888
767;21:08:22.421;1.6;31.481762;6341860
768;21:08:22.591;0.0;31.482179;6342196
769;21:08:22.765;0.0;31.480849;6341928
770;21:08:22.936;4.5;31.482855;6342332
771;21:08:23.109;3.1;31.482239;6341956
772;21:08:23.280;3.0;31.478903;6341536
773;21:08:23.451;1.5;31.476441;6340788
774;21:08:23.621;0.0;31.478288;6341160
775;21:08:23.792;1.4;31.476898;6340552
776;21:08:23.964;1.5;31.476798;6340640
777;21:08:24.134;1.4;31.478744;6341032
778;21:08:24.303;0.0;31.478685;6341092
779;21:08:24.473;0.0;31.477255;6340952
780;21:08:24.643;1.5;31.476759;6341104
781;21:08:24.813;1.5;31.477195;6340940
782;21:08:24.983;1.5;31.476838;6340868
783;21:08:25.153;1.5;31.477553;6341012
784;21:08:25.324;3.1;31.476957;6341152
785;21:08:25.494;1.6;31.479538;6341044
786;21:08:25.666;1.5;31.480571;6341620
787;21:08:25.838;1.5;31.482457;6342000
788;21:08:26.009;0.0;31.484661;6342444
789;21:08:26.179;1.6;31.484661;6342444
790;21:08:26.348;0.0;31.483490;6342208
791;21:08:26.518;0.0;31.483450;6342200
792;21:08:26.687;0.0;31.483411;6341972
793;21:08:26.857;1.5;31.482577;6341804
794;21:08:27.027;4.5;31.481802;6341720
795;21:08:27.197;4.5;31.479499;6341404
796;21:08:27.367;4.5;31.482855;6341860
797;21:08:27.545;1.4;31.481643;6341836
798;21:08:27.720;2.9;31.481921;6341892
799;21:08:27.895;1.5;31.480670;6341640
800;21:08:28.065;1.5;31.480670;6341640
801;21:08:28.235;1.6;31.476322;6340764
802;21:08:28.404;1.5;31.478327;6341016
803;21:08:28.574;1.5;31.477195;6340940
804;21:08:28.744;0.0;31.477414;6340832
805;21:08:28.914;0.0;31.477990;6341368
806;21:08:29.085;1.5;31.478228;6341148
807;21:08:29.255;3.1;31.480988;6341704
808;21:08:29.428;1.6;31.479519;6341408
809;21:08:29.599;1.6;31.479836;6341472
810;21:08:29.770;1.6;31.481246;6341756
811;21:08:29.945;3.1;31.484542;6342420
812;21:08:30.119;2.9;31.483589;6342008
813;21:08:30.292;1.5;31.485734;6342812
814;21:08:30.467;5.4;31.484542;6342200
815;21:08:30.645;4.4;31.484781;6342636
816;21:08:30.816;2.9;31.483470;6341984
817;21:08:30.992;2.7;31.485059;6342524
818;21:08:31.163;4.2;31.483013;6342112
819;21:08:31.336;4.1;31.482060;6341920
820;21:08:31.509;2.9;31.481703;6341848
821;21:08:31.681;2.8;31.480511;6341388
822;21:08:31.854;2.9;31.480174;6341540
823;21:08:32.026;2.8;31.484939;6342500
824;21:08:32.203;0.0;31.486051;6342504
825;21:08:32.379;4.5;31.479380;6341320
826;21:08:32.552;4.5;31.476699;6341352
827;21:08:32.724;4.2;31.479062;6341568
828;21:08:32.896;1.4;31.482160;6341940
829;21:08:33.070;0.0;31.484304;6342372
830;21:08:33.250;3.0;31.485654;6342644
831;21:08:33.425;2.9;31.490201;6343560
832;21:08:33.603;1.5;31.492922;6344108
833;21:08:33.779;5.6;31.487362;6342988
834;21:08:33.955;3.0;31.494113;6344348
835;21:08:34.133;3.1;31.488394;6343196
836;21:08:34.310;4.6;31.487283;6342972
837;21:08:34.484;4.1;31.482279;6342360
838;21:08:34.655;3.1;31.486826;6343032
839;21:08:34.830;1.6;31.483510;6342212
840;21:08:35.004;3.0;31.485773;6342668
841;21:08:35.176;5.5;31.482616;6341964
842;21:08:35.353;1.6;31.483629;6342236
843;21:08:35.529;5.3;31.482477;6342228
844;21:08:35.706;4.2;31.484920;6342496
845;21:08:35.880;0.0;31.487144;6342944
846;21:08:36.059;1.6;31.486032;6342720
847;21:08:36.228;5.7;31.483510;6342212
848;21:08:36.399;6.9;31.485456;6342452
849;21:08:36.577;7.0;31.485793;6342672
850;21:08:36.751;7.1;31.493299;6344184
851;21:08:36.924;5.9;31.488613;6343240
852;21:08:37.099;5.4;31.490479;6343616
853;21:08:37.270;1.4;31.501500;6345836
854;21:08:37.446;5.6;31.499435;6345420
855;21:08:37.620;9.9;31.511488;6347848
856;21:08:37.795;1.5;31.513553;6348044
857;21:08:37.970;1.4;31.511329;6349824
858;21:08:38.143;0.0;31.523918;6350352
859;21:08:38.321;2.9;31.523123;6350192
860;21:08:38.497;4.1;31.524533;6350476
861;21:08:38.672;2.8;31.534223;6352428
862;21:08:38.851;1.4;31.539128;6353416
863;21:08:39.020;3.0;31.544568;6354512
864;21:08:39.196;3.0;31.546693;6354940
865;21:08:39.371;1.8;31.546256;6354852
866;21:08:39.542;1.7;31.553047;6356000
867;21:08:39.715;1.8;31.558845;6357388
868;21:08:39.888;1.9;31.561764;6357976
869;21:08:40.061;1.9;31.571176;6359872
870;21:08:40.232;0.0;31.572427;6360124
871;21:08:40.405;3.0;31.628621;6371444
872;21:08:40.574;3.1;31.630090;6371520
873;21:08:40.746;4.4;31.732212;6392312
874;21:08:40.917;0.0;31.833242;6412664
875;21:08:41.086;0.0;31.956829;6437592
876;21:08:41.256;1.6;32.040166;6454608
877;21:08:41.426;1.5;32.134783;6473644
878;21:08:41.596;0.0;32.259362;6498756
879;21:08:41.766;1.6;32.362755;6519572
880;21:08:41.936;1.6;32.419902;6531096
881;21:08:42.107;4.4;32.458285;6538576
882;21:08:42.277;0.0;32.463189;6539564
883;21:08:42.447;1.5;32.462395;6539404
884;21:08:42.616;1.5;32.463268;6539580
885;21:08:42.787;0.0;32.465691;6540068
886;21:08:42.956;1.5;32.473316;6541604
887;21:08:43.127;1.5;32.473197;6541580
888;21:08:43.298;1.5;32.471568;6541032
889;21:08:43.468;0.0;32.471946;6541328
890;21:08:43.638;2.9;32.483701;6543696
891;21:08:43.809;0.0;32.483165;6543436
892;21:08:43.979;3.0;32.499308;6546840
893;21:08:44.150;3.1;32.509772;6548948
894;21:08:44.320;1.4;32.520316;6551072
895;21:08:44.491;0.0;32.902712;6628104
896;21:08:44.662;0.0;32.903646;6628292
897;21:08:44.833;1.5;32.904281;6628420
898;21:08:45.003;1.5;32.903765;6628316
899;21:08:45.173;0.0;32.905036;6628572
900;21:08:45.343;1.4;32.905135;6628592
901;21:08:45.514;0.0;32.905135;6628592
902;21:08:45.684;1.5;32.906386;6628844
903;21:08:45.854;0.0;32.906386;6628752
904;21:08:46.024;1.5;32.907915;6629004
905;21:08:46.194;0.0;32.907279;6628804
906;21:08:46.364;0.0;32.905472;6628660
907;21:08:46.534;0.0;32.907398;6629048
908;21:08:46.704;1.6;32.905830;6628732
909;21:08:46.874;0.0;32.906664;6628900
910;21:08:47.047;0.0;32.906723;6628912
911;21:08:47.221;0.0;32.906644;6628896
912;21:08:47.394;4.7;32.908173;6629204
913;21:08:47.571;2.9;32.907935;6629156
914;21:08:47.750;1.4;32.907855;6629408
915;21:08:47.926;4.4;32.908173;6629464
916;21:08:48.106;4.4;32.913375;6630544
917;21:08:48.281;0.0;32.919908;6631568
918;21:08:48.454;0.0;32.917327;6631048
919;21:08:48.623;2.9;32.911588;6629672
920;21:08:48.798;0.0;32.909781;6629380
921;21:08:48.972;1.5;32.905572;6628460
922;21:08:49.144;0.0;32.904460;6628456
923;21:08:49.316;3.1;32.901203;6627800
924;21:08:49.488;1.5;32.902375;6628288
925;21:08:49.663;1.5;32.907259;6629020
926;21:08:49.834;2.9;32.910020;6629576
927;21:08:50.006;7.2;32.913117;6630200
928;21:08:50.177;1.5;32.915540;6630688
929;21:08:50.348;1.5;32.913514;6630280
930;21:08:50.519;4.7;32.913832;6630344
931;21:08:50.690;3.0;32.912541;6630084
932;21:08:50.864;1.5;32.910695;6629604
933;21:08:51.038;3.0;32.910298;6629632
934;21:08:51.209;3.0;32.912065;6629988
935;21:08:51.379;4.6;32.922887;6632168
936;21:08:51.550;5.7;32.923780;6632348
937;21:08:51.723;1.5;32.923740;6632340
938;21:08:51.899;1.5;32.923423;6632276
939;21:08:52.071;0.0;32.924674;6632528
940;21:08:52.245;1.5;32.925925;6632780
941;21:08:52.422;1.5;32.927295;6633308
942;21:08:52.597;3.0;32.930015;6633604
943;21:08:52.769;1.5;32.930948;6633792
944;21:08:52.946;3.1;32.928724;6633344
945;21:08:53.123;2.9;32.925547;6632704
946;21:08:53.293;0.0;32.925488;6632692
947;21:08:53.468;1.5;32.923999;6632544
948;21:08:53.646;3.0;32.924058;6632404
949;21:08:53.821;0.0;32.926957;6632988
950;21:08:53.992;3.0;32.927473;6633092
951;21:08:54.167;1.6;32.927354;6633068
952;21:08:54.339;1.4;32.929380;6633476
953;21:08:54.515;1.4;32.934324;6634472
954;21:08:54.692;1.5;32.929916;6633852
955;21:08:54.871;1.5;32.929558;6633512
956;21:08:55.047;0.0;32.935972;6634652
957;21:08:55.223;3.1;32.926004;6632276
958;21:08:55.397;2.8;32.924832;6632712
959;21:08:55.569;4.4;32.924078;6632408
960;21:08:55.741;3.1;32.925547;6632704
961;21:08:55.912;1.6;32.926004;6632500
962;21:08:56.084;3.1;32.922132;6632016
963;21:08:56.255;3.2;32.919034;6631392
964;21:08:56.426;3.2;32.915421;6631012
965;21:08:56.597;6.2;32.928486;6633296
966;21:08:56.770;4.5;32.960316;6639708
967;21:08:56.940;1.6;33.003067;6648320
968;21:08:57.110;0.0;33.034559;6654444
969;21:08:57.279;1.6;33.073975;6662604
970;21:08:57.448;0.0;33.106897;6669088
971;21:08:57.617;0.0;33.148417;6677600
972;21:08:57.787;1.4;33.189083;6685792
973;21:08:57.958;1.6;33.230722;6694180
974;21:08:58.127;0.0;33.270276;6702148
975;21:08:58.298;0.0;33.311716;6710496
976;21:08:58.468;1.5;33.341203;6716688
977;21:08:58.642;0.0;33.351151;6718440
978;21:08:58.815;0.0;33.352482;6718708
979;21:08:58.985;2.9;33.353852;6718984
980;21:08:59.155;1.5;33.353633;6718940
981;21:08:59.325;0.0;33.354964;6719208
982;21:08:59.495;1.5;33.351131;6718436
983;21:08:59.667;1.4;33.357267;6719672
984;21:08:59.839;0.0;33.367394;6721712
985;21:09:00.009;1.5;33.431630;6734504
986;21:09:00.179;1.5;33.480933;6744584
987;21:09:00.348;1.5;33.706006;6790476
988;21:09:00.519;4.5;33.929948;6835036
989;21:09:00.692;1.5;33.930087;6835064
990;21:09:00.863;0.0;33.939380;6836936
991;21:09:01.033;1.6;33.981118;6845344
992;21:09:01.203;3.0;34.025160;6854216
993;21:09:01.373;1.5;34.026530;6854492
994;21:09:01.542;1.5;34.028972;6854984
995;21:09:01.712;1.5;34.028158;6854820
996;21:09:01.882;0.0;34.029369;6855064
997;21:09:02.052;1.5;34.029210;6855032
998;21:09:02.222;1.6;34.029210;6855032
999;21:09:02.392;0.0;34.029409;6855072
1000;21:09:02.562;1.6;34.030243;6855240
1001;21:09:02.732;0.0;34.029866;6855164
1002;21:09:02.902;1.5;34.029866;6855164
1003;21:09:03.072;0.0;34.029032;6854996
1004;21:09:03.242;4.6;34.024584;6854100
1005;21:09:03.412;0.0;34.024544;6854344
1006;21:09:03.582;3.2;34.027562;6854700
1007;21:09:03.752;0.0;34.026212;6854680
1008;21:09:03.923;1.5;34.027046;6854848
1009;21:09:04.099;0.0;34.028337;6854856
1010;21:09:04.269;3.0;34.028337;6854856
1011;21:09:04.439;1.5;34.028337;6854856
1012;21:09:04.610;0.0;34.030144;6855220
1013;21:09:04.780;0.0;34.030203;6855232
1014;21:09:04.950;0.0;34.029568;6855104
1015;21:09:05.120;1.6;34.028833;6854956
1016;21:09:05.289;1.5;34.025994;6854384
1017;21:09:05.462;0.0;34.027443;6854676
1018;21:09:05.632;1.6;34.028635;6854916
1019;21:09:05.802;1.5;34.028893;6854968
1020;21:09:05.971;1.5;34.030263;6855244
1021;21:09:06.142;0.0;34.031474;6855488
1022;21:09:06.312;0.0;34.031673;6855528
1023;21:09:06.482;1.5;34.032765;6855748
1024;21:09:06.653;4.6;34.032070;6855608
1025;21:09:06.823;3.0;34.051688;6861576
1026;21:09:06.994;7.7;34.438095;6937644
1027;21:09:07.166;0.0;34.439346;6937652
1028;21:09:07.337;1.5;34.439346;6937652
1029;21:09:07.507;0.0;34.441848;6938156
1030;21:09:07.677;1.5;34.441828;6938152
1031;21:09:07.847;0.0;34.441828;6938152
1032;21:09:08.017;0.0;34.442345;6938256
1033;21:09:08.188;1.5;34.442345;6938256
1034;21:09:08.358;0.0;34.443079;6938404
1035;21:09:08.529;1.5;34.442920;6938372
1036;21:09:08.699;0.0;34.442920;6938372
1037;21:09:08.870;0.0;34.442920;6938372
1038;21:09:09.041;1.5;34.442345;6938256
1039;21:09:09.211;0.0;34.443039;6938396
1040;21:09:09.381;0.0;34.444290;6938648
1041;21:09:09.551;0.0;34.444330;6938656
1042;21:09:09.721;3.0;34.441868;6938160
1043;21:09:09.895;2.7;34.445978;6938988
1044;21:09:10.065;1.5;34.445740;6938940
1045;21:09:10.235;1.6;34.444330;6938656
1046;21:09:10.408;0.0;34.445323;6938856
1047;21:09:10.585;4.7;34.445899;6939220
1048;21:09:10.758;12.3;34.449096;6939616
1049;21:09:10.929;1.5;34.452094;6940220
1050;21:09:11.101;1.5;34.446733;6939140
1051;21:09:11.272;13.2;34.445402;6938576
1052;21:09:11.445;7.6;34.443298;6938448
1053;21:09:11.616;12.5;34.447547;6939156
1054;21:09:11.788;6.6;34.451161;6940200
1055;21:09:11.964;6.9;34.446038;6938848
1056;21:09:12.138;2.6;34.443873;6938436
1057;21:09:12.312;8.7;34.441669;6938120
1058;21:09:12.483;10.1;34.445561;6938904
1059;21:09:12.655;4.3;34.445780;6938796
1060;21:09:12.828;8.6;34.447448;6939192
1061;21:09:12.999;3.1;34.446912;6939176
1062;21:09:13.173;1.6;34.446078;6939032
1063;21:09:13.345;3.1;34.446713;6938840
1064;21:09:13.519;1.6;34.443973;6938884
1065;21:09:13.692;3.3;34.446217;6939036
1066;21:09:13.867;0.0;34.444072;6938308
1067;21:09:14.041;1.6;34.442206;6938448
1068;21:09:14.220;3.3;34.440756;6937936
1069;21:09:14.396;1.8;34.443417;6938472
1070;21:09:14.569;0.0;34.441769;6938480
1071;21:09:14.740;1.8;34.443496;6938748
1072;21:09:14.911;0.0;34.442980;6938560
1073;21:09:15.082;1.9;34.444747;6938740
1074;21:09:15.256;0.0;34.444588;6938708
1075;21:09:15.427;1.8;34.443953;6938740
1076;21:09:15.600;0.0;34.444588;6938908
1077;21:09:15.773;1.9;34.445879;6938820
1078;21:09:15.946;0.0;34.443615;6938724
1079;21:09:16.119;0.0;34.444032;6938448
1080;21:09:16.290;1.8;34.444231;6938812
1081;21:09:16.463;3.4;34.443695;6938536
1082;21:09:16.634;1.9;34.442821;6938668
1083;21:09:16.805;0.0;34.445105;6938660
1084;21:09:16.977;0.0;34.444727;6938440
1085;21:09:17.150;0.0;34.442940;6938496
1086;21:09:17.322;0.0;34.446554;6939104
1087;21:09:17.494;1.8;34.445323;6938704
1088;21:09:17.666;1.9;34.446812;6939028
1089;21:09:17.837;1.9;34.448421;6939488
1090;21:09:18.010;1.8;34.448877;6939424
1091;21:09:18.184;0.0;34.447467;6939256
1092;21:09:18.356;1.8;34.445581;6938908
1093;21:09:18.527;1.9;34.443496;6938820
1094;21:09:18.701;0.0;34.451121;6940024
1095;21:09:18.874;1.8;34.446137;6939180
1096;21:09:19.048;0.0;34.449672;6939268
1097;21:09:19.220;0.0;34.448480;6939492
1098;21:09:19.392;3.4;34.446554;6938808
1099;21:09:19.565;1.7;34.445641;6938540
1100;21:09:19.740;5.3;34.446435;6938752
1101;21:09:19.912;1.9;34.444668;6939244
1102;21:09:20.083;1.7;34.448023;6939400
1103;21:09:20.257;3.4;34.445164;6938992
1104;21:09:20.430;0.0;34.446078;6938856
1105;21:09:20.602;1.7;34.446892;6939172
1106;21:09:20.776;2.9;34.448341;6939628
1107;21:09:20.957;1.6;34.446931;6939180
1108;21:09:21.130;6.7;34.440260;6938280
1109;21:09:21.303;1.7;34.441769;6938676
1110;21:09:21.474;1.7;34.445740;6938772
1111;21:09:21.647;0.0;34.444469;6938840
1112;21:09:21.818;0.0;34.445105;6938656
1113;21:09:21.990;1.6;34.445998;6938992
1114;21:09:22.164;0.0;34.447805;6939356
1115;21:09:22.335;1.5;34.447388;6939272
1116;21:09:22.507;1.5;34.445442;6938880
1117;21:09:22.680;0.0;34.448282;6939452
1118;21:09:22.852;4.5;34.447110;6939216
1119;21:09:23.025;1.5;34.447428;6939280
1120;21:09:23.196;5.9;34.450247;6939848
1121;21:09:23.367;3.0;34.448202;6939532
1122;21:09:23.537;0.0;34.447944;6939220
1123;21:09:23.706;0.0;34.551138;6959876
1124;21:09:23.875;0.0;34.663943;6982600
1125;21:09:24.045;1.3;34.764854;7003224
1126;21:09:24.214;3.1;34.849244;7020236
1127;21:09:24.386;1.5;34.912228;7032912
1128;21:09:24.558;1.5;34.982957;7049176
1129;21:09:24.728;1.5;35.077951;7066148
1130;21:09:24.898;1.5;35.157516;7082324
1131;21:09:25.069;1.6;35.249590;7101140
1132;21:09:25.239;0.0;35.313687;7113784
1133;21:09:25.410;0.0;35.342240;7120048
1134;21:09:25.580;0.0;35.369762;7125044
1135;21:09:25.751;1.5;35.401433;7131132
1136;21:09:25.922;1.6;35.430403;7137296
1137;21:09:26.093;1.5;35.474385;7146400
1138;21:09:26.264;2.9;35.495175;7150440
1139;21:09:26.435;1.6;35.555698;7162492
1140;21:09:26.605;2.9;35.646978;7180924
1141;21:09:26.775;0.0;35.761550;7203856
1142;21:09:26.944;4.5;35.772054;7205972
1143;21:09:27.114;1.5;35.773305;7206372
1144;21:09:27.284;0.0;35.775072;7206728
1145;21:09:27.454;0.0;35.776164;7206652
1146;21:09:27.626;3.0;35.787284;7209300
1147;21:09:27.797;1.5;36.063766;7265040
1148;21:09:27.968;1.5;36.064322;7264996
1149;21:09:28.138;3.0;36.065056;7265144
1150;21:09:28.309;0.0;36.064401;7264864
1151;21:09:28.479;1.6;36.065136;7265428
1152;21:09:28.650;1.5;36.066387;7265264
1153;21:09:28.819;1.4;36.067062;7265252
1154;21:09:28.989;1.5;36.084297;7269020
1155;21:09:29.159;1.5;36.082967;7268752
1156;21:09:29.329;1.5;36.082450;7268500
1157;21:09:29.499;1.4;36.081180;7268512
1158;21:09:29.669;1.6;36.084933;7269000
1159;21:09:29.839;1.6;36.084138;7268988
1160;21:09:30.008;1.5;36.085489;7269260
1161;21:09:30.179;0.0;36.084198;7269000
1162;21:09:30.349;0.0;36.084198;7269000
1163;21:09:30.518;1.5;36.082987;7268428
1164;21:09:30.690;1.5;36.086203;7269404
1165;21:09:30.861;1.6;36.087355;7269740
1166;21:09:31.033;1.5;36.087434;7269912
1167;21:09:31.204;3.1;36.087851;7269980
1168;21:09:31.376;2.9;36.086521;7269468
1169;21:09:31.547;1.5;36.084079;7269220
1170;21:09:31.718;1.6;36.084138;7268988
1171;21:09:31.890;1.5;36.084933;7269148
1172;21:09:32.061;0.0;36.085508;7269264
1173;21:09:32.232;1.5;36.085369;7269348
1174;21:09:32.402;1.5;36.085369;7269236
1175;21:09:32.573;1.5;36.085369;7269348
1176;21:09:32.743;1.5;36.084456;7269052
1177;21:09:32.913;0.0;36.085072;7269176
1178;21:09:33.083;1.6;36.095913;7271360
1179;21:09:33.253;0.0;36.096290;7271688
1180;21:09:33.424;1.5;36.097164;7271612
1181;21:09:33.595;1.5;36.095993;7271376
1182;21:09:33.765;0.0;36.098713;7271924
1183;21:09:33.937;0.0;36.097462;7271932
1184;21:09:34.108;1.5;36.097283;7271636
1185;21:09:34.277;1.5;36.093312;7271088
1186;21:09:34.447;1.5;36.093094;7270792
1187;21:09:34.616;1.5;36.096588;7271348
1188;21:09:34.787;1.6;36.100242;7272232
1189;21:09:34.957;1.6;36.099686;7271972
1190;21:09:35.127;1.4;36.098475;7271876
1191;21:09:35.303;1.5;36.099467;7272076
1192;21:09:35.478;1.5;36.097402;7271660
1193;21:09:35.650;3.0;36.097144;7271312
1194;21:09:35.821;2.9;36.096092;7271100
1195;21:09:35.991;0.0;36.094603;7271068
1196;21:09:36.162;0.0;36.091882;7270748
1197;21:09:36.334;3.1;36.091763;7270524
1198;21:09:36.504;1.5;36.093967;7270968
1199;21:09:36.674;0.0;36.095913;7271472
1200;21:09:36.844;1.3;36.094722;7271120
1201;21:09:37.014;1.6;36.097025;7271584
1202;21:09:37.184;0.0;36.097661;7271712
1203;21:09:37.356;1.5;36.095814;7271044
1204;21:09:37.527;1.6;36.095635;7271564
1205;21:09:37.697;0.0;36.095973;7271224
1206;21:09:37.875;1.7;36.096509;7271480
1207;21:09:38.047;1.6;36.101096;7272404
1208;21:09:38.223;0.0;36.099964;7272176
1209;21:09:38.406;4.3;36.097621;7271996
1210;21:09:38.579;11.3;36.097958;7271772
1211;21:09:38.752;13.2;36.098356;7271852
1212;21:09:38.925;5.2;36.098395;7271712
1213;21:09:39.098;0.0;36.096112;7271400
1214;21:09:39.270;1.8;36.095655;7271012
1215;21:09:39.442;5.2;36.093272;7270828
1216;21:09:39.615;10.1;36.090512;7270272
1217;21:09:39.788;9.4;36.090016;7270256
1218;21:09:39.960;6.7;36.095039;7271588
1219;21:09:40.133;3.4;36.096648;7271508
1220;21:09:40.305;4.5;36.097085;7271300
1221;21:09:40.476;0.0;36.095675;7271312
1222;21:09:40.647;0.0;36.097283;7271636
1223;21:09:40.820;4.8;36.098455;7272040
1224;21:09:40.993;0.0;36.099110;7272004
1225;21:09:41.166;1.6;36.097363;7271652
1226;21:09:41.340;1.8;36.095715;7271320
1227;21:09:41.513;0.0;36.096568;7271492
1228;21:09:41.686;1.8;36.096926;7271564
1229;21:09:41.858;0.0;36.097621;7271704
1230;21:09:42.031;1.7;36.099031;7272116
1231;21:09:42.204;1.9;36.098296;7271692
1232;21:09:42.376;0.0;36.095993;7271352
1233;21:09:42.549;0.0;36.095139;7271056
1234;21:09:42.721;0.0;36.096231;7271276
1235;21:09:42.893;1.8;36.095814;7271080
1236;21:09:43.066;1.8;36.095020;7271032
1237;21:09:43.240;0.0;36.104729;7273136
1238;21:09:43.412;0.0;36.117616;7275584
1239;21:09:43.586;0.0;36.114022;7275008
1240;21:09:43.760;1.8;36.130662;7278420
1241;21:09:43.933;1.8;36.130126;7278252
1242;21:09:44.105;0.0;36.138267;7279760
1243;21:09:44.278;1.8;36.136798;7279596
1244;21:09:44.451;3.4;36.145237;7281296
1245;21:09:44.625;0.0;36.159375;7284144
1246;21:09:44.797;0.0;36.161181;7284448
1247;21:09:44.970;1.8;36.172917;7286872
1248;21:09:45.144;1.7;36.173314;7286552
1249;21:09:45.317;1.8;36.178000;7287748
1250;21:09:45.490;0.0;36.178774;7287820
1251;21:09:45.662;1.6;36.189934;7290732
1252;21:09:45.835;5.7;36.184731;7288620
1253;21:09:46.008;1.5;36.245889;7301572
1254;21:09:46.182;4.7;36.313242;7314636
1255;21:09:46.353;1.5;36.387784;7330156
1256;21:09:46.525;0.0;36.495128;7351780
1257;21:09:46.695;1.5;36.617722;7376476
1258;21:09:46.866;4.6;36.689185;7391384
1259;21:09:47.037;1.5;36.801930;7415760
1260;21:09:47.210;1.5;36.917118;7436788
1261;21:09:47.381;4.5;36.977084;7448868
1262;21:09:47.552;1.5;37.080020;7469148
1263;21:09:47.726;3.1;37.085382;7470684
1264;21:09:47.897;1.5;37.088896;7471240
1265;21:09:48.067;1.5;37.084131;7470432
1266;21:09:48.237;1.5;37.085382;7470684
1267;21:09:48.407;1.6;37.095548;7472584
1268;21:09:48.577;0.0;37.093046;7472228
1269;21:09:48.747;0.0;37.093046;7472228
1270;21:09:48.918;1.5;37.093543;7472512
1271;21:09:49.088;0.0;37.094297;7472180
1272;21:09:49.259;1.5;37.092808;7472032
1273;21:09:49.429;0.0;37.102339;7474368
1274;21:09:49.600;2.9;37.116239;7477100
1275;21:09:49.771;1.5;37.141973;7482084
1276;21:09:49.942;0.0;37.251858;7507380
1277;21:09:50.115;1.5;37.527665;7559780
1278;21:09:50.286;1.6;37.527188;7559648
1279;21:09:50.456;1.6;37.526434;7559532
1280;21:09:50.626;0.0;37.524786;7559200
1281;21:09:50.796;1.5;37.522820;7558964
1282;21:09:50.966;0.0;37.525223;7559288
1283;21:09:51.137;3.0;37.523416;7558628
1284;21:09:51.307;0.0;37.522105;7558660
1285;21:09:51.476;1.5;37.521172;7558324
1286;21:09:51.646;0.0;37.521212;7558480
1287;21:09:51.816;0.0;37.521212;7558184
1288;21:09:51.986;1.5;37.521053;7558152
1289;21:09:52.155;1.5;37.522463;7558732
1290;21:09:52.325;0.0;37.522463;7558732
1291;21:09:52.495;0.0;37.521907;7558864
1292;21:09:52.665;0.0;37.525600;7559364
1293;21:09:52.841;1.5;37.529313;7560112
1294;21:09:53.019;2.7;37.527387;7559740
1295;21:09:53.195;1.5;37.528519;7559952
1296;21:09:53.374;0.0;37.528003;7559848
1297;21:09:53.551;1.5;37.529373;7560124
1298;21:09:53.726;3.0;37.529611;7560172
1299;21:09:53.896;1.3;37.530683;7560388
1300;21:09:54.066;1.6;37.529393;7560372
1301;21:09:54.237;3.0;37.528837;7560208
1302;21:09:54.420;6.2;37.444605;7543372
Build Completed
