ID; Time; CPU %; MEM %; MEM KiB
1;22:39:17.554;4.8;11.042906;2224544
2;22:39:17.726;4.5;11.045051;2224756
3;22:39:17.895;6.2;11.044773;2225416
4;22:39:18.065;3.1;11.042728;2224512
5;22:39:18.233;1.6;11.043661;2224696
6;22:39:18.400;4.7;11.041536;2224268
7;22:39:18.569;4.7;11.043442;2224652
8;22:39:18.741;3.1;11.047374;2225728
9;22:39:18.915;6.2;11.047036;2225376
10;22:39:19.085;10.1;11.048625;2225964
11;22:39:19.257;4.5;11.047394;2225448
12;22:39:19.432;4.8;11.048347;2225420
13;22:39:19.603;6.0;11.046262;2225220
14;22:39:19.774;7.8;11.048009;2225796
15;22:39:19.944;6.2;11.049638;2225948
16;22:39:20.121;4.4;11.051167;2226208
17;22:39:20.295;4.7;11.049638;2225900
18;22:39:20.468;3.1;11.048168;2225604
19;22:39:20.642;3.0;11.045885;2225144
20;22:39:20.819;4.5;11.049161;2225804
21;22:39:20.993;3.0;11.050333;2226040
22;22:39:21.166;6.0;11.051385;2226252
23;22:39:21.339;3.0;11.049876;2225948
24;22:39:21.515;4.4;11.048009;2225572
25;22:39:21.689;7.6;11.050392;2226052
26;22:39:21.858;4.5;11.051047;2226184
27;22:39:22.032;4.6;11.050491;2226072
28;22:39:22.208;6.1;11.047950;2225560
29;22:39:22.383;4.7;11.051762;2226556
30;22:39:22.557;4.2;11.050213;2226016
31;22:39:22.734;3.1;11.051762;2226108
32;22:39:22.909;4.5;11.051881;2226132
33;22:39:23.082;4.5;11.050531;2225924
34;22:39:23.260;3.0;11.049538;2225880
35;22:39:23.435;1.6;11.048248;2225620
36;22:39:23.607;4.5;11.045905;2225416
37;22:39:23.782;1.5;11.048843;2226364
38;22:39:23.956;3.1;11.050352;2226044
39;22:39:24.131;4.5;11.051921;2226140
40;22:39:24.304;4.6;11.050511;2226368
41;22:39:24.478;4.5;11.050472;2226344
42;22:39:24.653;4.5;11.047990;2225568
43;22:39:24.830;4.5;11.046858;2225340
44;22:39:25.002;5.9;11.044316;2224828
45;22:39:25.178;2.9;11.044435;2224852
46;22:39:25.351;1.6;11.046937;2225356
47;22:39:25.527;6.1;11.050333;2225816
48;22:39:25.700;2.9;11.050233;2226020
49;22:39:25.876;3.0;11.048248;2225620
50;22:39:26.050;3.1;11.048089;2225588
51;22:39:26.225;4.7;11.049300;2225832
52;22:39:26.394;2.9;11.049340;2225840
53;22:39:26.570;5.7;11.048089;2225588
54;22:39:26.745;1.6;11.048168;2225604
55;22:39:26.917;4.6;11.047930;2225556
56;22:39:27.090;6.0;11.048248;2225620
57;22:39:27.264;3.0;11.049499;2226148
58;22:39:27.438;3.2;11.050591;2226140
59;22:39:27.608;4.4;11.045785;2225116
60;22:39:27.787;1.6;11.049419;2225856
61;22:39:27.962;4.8;11.048287;2225408
62;22:39:28.131;6.3;11.044912;2225344
63;22:39:28.304;3.1;11.047573;2225264
64;22:39:28.478;4.7;11.045746;2225116
65;22:39:28.653;4.5;11.048327;2225636
66;22:39:28.827;6.0;11.044614;2224888
67;22:39:29.001;3.0;11.044396;2224844
68;22:39:29.172;6.2;11.043681;2224756
69;22:39:29.346;10.0;11.047771;2225304
70;22:39:29.519;1.5;11.046441;2225256
71;22:39:29.692;6.0;11.047692;2225288
72;22:39:29.869;9.1;11.047672;2225812
73;22:39:30.045;4.5;11.049717;2225696
74;22:39:30.218;4.5;11.047195;2225408
75;22:39:30.390;4.5;11.046997;2225368
76;22:39:30.564;4.6;11.046024;2225416
77;22:39:30.735;4.7;11.045269;2225160
78;22:39:30.911;7.4;11.046262;2225300
79;22:39:31.086;3.0;11.044892;2224944
80;22:39:31.262;4.5;11.045170;2225000
81;22:39:31.433;6.0;11.044813;2224708
82;22:39:31.608;6.1;11.046659;2225300
83;22:39:31.780;5.9;11.048863;2225988
84;22:39:31.951;4.5;11.048704;2225500
85;22:39:32.124;4.8;11.050472;2226068
86;22:39:32.298;4.5;11.050432;2226060
87;22:39:32.475;4.5;11.051047;2226184
88;22:39:32.645;4.5;11.046560;2225280
89;22:39:32.819;4.5;11.046163;2225500
90;22:39:32.995;4.5;11.047255;2225768
91;22:39:33.167;4.4;11.050690;2225892
92;22:39:33.342;3.0;11.048426;2225916
93;22:39:33.518;4.3;11.049757;2225924
94;22:39:33.692;4.7;11.049916;2225956
95;22:39:33.860;1.6;11.049598;2225892
96;22:39:34.035;4.6;11.049598;2225672
97;22:39:34.209;3.0;11.051008;2226176
98;22:39:34.382;4.4;11.049241;2225820
99;22:39:34.556;1.6;11.051345;2226212
100;22:39:34.731;6.1;11.050988;2225952
101;22:39:34.905;3.2;11.049578;2225888
102;22:39:35.075;3.0;11.048625;2225664
103;22:39:35.251;2.9;11.049737;2225700
104;22:39:35.426;4.5;11.047394;2225676
105;22:39:35.600;4.7;11.048645;2225700
106;22:39:35.771;3.1;11.049935;2225960
107;22:39:35.946;4.5;11.049121;2225796
108;22:39:36.119;4.7;11.046461;2225260
109;22:39:36.291;3.1;11.049796;2225712
110;22:39:36.466;3.0;11.047632;2225496
111;22:39:36.643;4.5;11.048307;2225632
112;22:39:36.817;3.1;11.048307;2225412
113;22:39:36.988;3.0;11.048148;2225376
114;22:39:37.165;3.1;11.049241;2225600
115;22:39:37.338;4.5;11.047056;2225380
116;22:39:37.509;3.3;11.044952;2224956
117;22:39:37.680;3.1;11.049141;2225800
118;22:39:37.853;3.0;11.044217;2225172
119;22:39:38.030;6.2;11.047990;2225348
120;22:39:38.200;3.1;11.048585;2225688
121;22:39:38.375;3.2;11.050611;2226096
122;22:39:38.549;3.1;11.048645;2225700
123;22:39:38.722;6.0;11.047990;2225624
124;22:39:38.898;5.9;11.048506;2225452
125;22:39:39.071;4.8;11.046322;2225476
126;22:39:39.246;6.2;11.047255;2225420
127;22:39:39.419;3.0;11.046004;2225648
128;22:39:39.595;3.3;11.048665;2225704
129;22:39:39.768;3.1;11.048426;2225656
130;22:39:39.943;3.1;11.047017;2225372
131;22:39:40.110;3.2;11.048228;2225616
132;22:39:40.283;3.2;11.047573;2225484
133;22:39:40.457;1.7;11.049082;2225788
134;22:39:40.629;3.1;11.047414;2225452
135;22:39:40.806;4.6;11.046441;2225256
136;22:39:40.978;4.7;11.047156;2225400
137;22:39:41.151;1.6;11.045388;2225264
138;22:39:41.323;1.6;11.046441;2225256
139;22:39:41.495;3.2;11.045448;2225056
140;22:39:41.669;4.6;11.045071;2224980
141;22:39:41.842;3.2;11.045448;2224836
142;22:39:42.012;1.6;11.047910;2225552
143;22:39:42.187;3.2;11.045289;2225024
144;22:39:42.360;3.3;11.045905;2225148
145;22:39:42.530;3.0;11.048843;2225740
146;22:39:42.706;3.3;11.047156;2225180
147;22:39:42.877;3.1;11.046699;2225576
148;22:39:43.053;5.9;11.047592;2225488
149;22:39:43.227;1.5;11.048645;2225480
150;22:39:43.406;1.5;11.049896;2225732
151;22:39:43.582;3.1;11.046302;2225220
152;22:39:43.756;4.5;11.048784;2225508
153;22:39:43.932;1.6;11.046778;2225324
154;22:39:44.106;6.0;11.048804;2225732
155;22:39:44.280;4.6;11.050452;2225844
156;22:39:44.456;4.5;11.047632;2225276
157;22:39:44.635;4.5;11.042708;2224772
158;22:39:44.813;5.9;11.046997;2225368
159;22:39:44.987;4.8;11.047731;2225856
160;22:39:45.157;1.6;11.050074;2226024
161;22:39:45.334;4.4;11.048923;2225756
162;22:39:45.510;3.0;11.049161;2225804
163;22:39:45.683;3.2;11.047712;2225512
164;22:39:45.856;4.4;11.048426;2226028
165;22:39:46.030;4.4;11.047990;2225812
166;22:39:46.202;6.2;11.050511;2225856
167;22:39:46.370;3.0;11.046957;2225620
168;22:39:46.550;2.9;11.048009;2225352
169;22:39:46.726;4.5;11.047533;2225476
170;22:39:46.898;4.5;11.050174;2226008
171;22:39:47.069;3.0;11.048923;2225756
172;22:39:47.245;4.3;11.050015;2225976
173;22:39:47.422;4.7;11.050333;2226040
174;22:39:47.597;4.6;11.050074;2225988
175;22:39:47.768;3.3;11.047017;2225152
176;22:39:47.941;4.8;11.047533;2225476
177;22:39:48.115;4.6;11.048109;2225892
178;22:39:48.287;4.6;11.047056;2225160
179;22:39:48.461;4.7;11.045766;2225396
180;22:39:48.635;3.1;11.048704;2225712
181;22:39:48.811;4.7;11.051047;2225964
182;22:39:48.982;4.5;11.046361;2225020
183;22:39:49.158;6.2;11.051246;2226224
184;22:39:49.331;7.6;11.051524;2226060
185;22:39:49.505;3.1;11.051047;2225744
186;22:39:49.677;6.1;11.047076;2225384
187;22:39:49.851;4.8;11.047771;2225304
188;22:39:50.026;4.7;11.048704;2225832
189;22:39:50.195;3.0;11.050908;2225936
190;22:39:50.369;1.6;11.047970;2225564
191;22:39:50.548;3.0;11.048327;2225636
192;22:39:50.721;4.7;11.046361;2225240
193;22:39:50.892;4.4;11.046520;2225272
194;22:39:51.069;6.1;11.047851;2225540
195;22:39:51.243;6.2;11.049022;2225776
196;22:39:51.417;7.5;11.048863;2225744
197;22:39:51.592;3.0;11.048704;2225712
198;22:39:51.766;3.0;11.047851;2225540
199;22:39:51.941;4.6;11.046798;2225328
200;22:39:52.110;4.4;11.048863;2225744
201;22:39:52.286;6.1;11.049876;2225948
202;22:39:52.459;4.8;11.048982;2225768
203;22:39:52.632;6.0;11.048148;2225600
204;22:39:52.806;4.3;11.048426;2225656
205;22:39:52.978;3.1;11.047731;2225752
206;22:39:53.154;6.2;11.048347;2225640
207;22:39:53.324;1.6;11.049360;2226080
208;22:39:53.499;4.5;11.049519;2225436
209;22:39:53.674;3.0;11.047136;2225396
210;22:39:53.849;4.7;11.046143;2225552
211;22:39:54.020;4.4;11.047573;2225484
212;22:39:54.195;7.4;11.047255;2225948
213;22:39:54.370;4.8;11.050233;2226280
214;22:39:54.541;3.1;11.047910;2225552
215;22:39:54.716;3.0;11.049558;2225876
216;22:39:54.889;4.5;11.048188;2225608
217;22:39:55.063;6.2;11.051087;2226192
218;22:39:55.232;9.0;11.048804;2226212
219;22:39:55.405;3.0;11.050829;2225700
220;22:39:55.580;6.1;11.048645;2225700
221;22:39:55.753;4.7;11.050352;2225592
222;22:39:55.925;3.0;11.050392;2225612
223;22:39:56.098;3.0;11.047096;2225388
224;22:39:56.274;6.2;11.048784;2225980
225;22:39:56.448;3.0;11.050035;2225980
226;22:39:56.623;4.5;11.051286;2226012
227;22:39:56.801;4.4;11.050333;2226308
228;22:39:56.974;6.2;11.049697;2226164
229;22:39:57.147;4.5;11.048883;2225748
230;22:39:57.320;4.5;11.048526;2225676
231;22:39:57.494;7.2;11.051464;2226268
232;22:39:57.667;4.6;11.049459;2225864
233;22:39:57.840;5.8;11.048804;2225952
234;22:39:58.017;5.8;11.051286;2226232
235;22:39:58.193;4.5;11.052775;2226532
236;22:39:58.366;4.3;11.060241;2228036
237;22:39:58.538;4.5;11.059884;2227964
238;22:39:58.716;4.7;11.058315;2227648
239;22:39:58.889;6.1;11.055217;2227460
240;22:39:59.062;4.3;11.060479;2228344
241;22:39:59.237;4.4;11.060559;2228100
242;22:39:59.411;1.6;11.060678;2228124
243;22:39:59.581;3.0;11.057958;2227576
244;22:39:59.758;6.0;11.058692;2227724
245;22:39:59.934;4.5;11.058851;2227756
246;22:40:00.107;4.7;11.061750;2228120
247;22:40:00.279;4.5;11.058057;2227596
248;22:40:00.453;2.9;11.066655;2229328
249;22:40:00.627;4.5;11.066496;2229588
250;22:40:00.801;3.1;11.068541;2229708
251;22:40:00.976;3.0;11.069276;2230124
252;22:40:01.149;4.5;11.071817;2230368
253;22:40:01.323;1.6;11.070269;2230056
254;22:40:01.495;1.5;11.070249;2230240
255;22:40:01.670;3.0;11.070249;2230296
256;22:40:01.845;3.0;11.072671;2230320
257;22:40:02.016;4.7;11.069673;2229936
258;22:40:02.188;2.9;11.070010;2230004
259;22:40:02.362;1.5;11.068998;2229800
260;22:40:02.538;3.1;11.071658;2230596
261;22:40:02.710;1.5;11.068481;2229696
262;22:40:02.884;3.0;11.070487;2230100
263;22:40:03.058;3.1;11.070368;2229856
264;22:40:03.233;3.1;11.069276;2229856
265;22:40:03.404;4.5;11.069057;2229812
266;22:40:03.582;4.4;11.070189;2230040
267;22:40:03.758;4.5;11.069415;2230396
268;22:40:03.932;6.2;11.067866;2229572
269;22:40:04.104;7.5;11.066952;2229640
270;22:40:04.282;4.6;11.071400;2230284
271;22:40:04.458;3.2;11.070527;2229888
272;22:40:04.633;6.1;11.070070;2230016
273;22:40:04.809;3.2;11.071102;2230224
274;22:40:04.983;3.1;11.071222;2230248
275;22:40:05.159;3.2;11.070547;2230428
276;22:40:05.328;3.0;11.072115;2230204
277;22:40:05.505;4.5;11.070646;2229912
278;22:40:05.679;3.2;11.069415;2229664
279;22:40:05.851;4.5;11.068323;2229444
280;22:40:06.024;4.3;11.066913;2229380
281;22:40:06.199;4.6;11.065821;2229404
282;22:40:06.373;3.1;11.067072;2229412
283;22:40:06.544;5.7;11.065662;2229128
284;22:40:06.719;1.5;11.069991;2230000
285;22:40:06.894;3.1;11.071321;2230520
286;22:40:07.065;7.2;11.071519;2230088
287;22:40:07.236;3.0;11.070070;2230016
288;22:40:07.410;3.0;11.069911;2229984
289;22:40:07.589;4.7;11.071162;2230236
290;22:40:07.760;4.4;11.069792;2230220
291;22:40:07.937;1.5;11.070209;2230044
292;22:40:08.111;6.1;11.071063;2230216
293;22:40:08.288;3.1;11.070527;2230108
294;22:40:08.461;6.2;11.067747;2229548
295;22:40:08.637;3.1;11.067151;2229696
296;22:40:08.810;1.6;11.066873;2229372
297;22:40:08.985;6.2;11.067350;2229468
298;22:40:09.158;4.5;11.065563;2229148
299;22:40:09.338;3.1;11.065781;2229152
300;22:40:09.513;6.3;11.063617;2228716
301;22:40:09.689;4.8;11.063418;2228676
302;22:40:09.862;3.1;11.065741;2229436
303;22:40:10.040;3.0;11.066952;2229388
304;22:40:10.215;3.2;11.066833;2229592
305;22:40:10.388;4.5;11.068283;2229932
306;22:40:10.559;3.0;11.070705;2230144
307;22:40:10.735;6.1;11.069534;2229688
308;22:40:10.910;4.7;11.068084;2229664
309;22:40:11.081;3.0;11.068978;2229796
310;22:40:11.256;4.6;11.065900;2228736
311;22:40:11.430;3.1;11.066059;2229208
312;22:40:11.603;3.1;11.079005;2231596
313;22:40:11.775;3.0;11.077278;2231468
314;22:40:11.949;0.0;11.079919;2232000
315;22:40:12.125;4.7;11.078628;2231740
316;22:40:12.298;4.6;11.076960;2231184
317;22:40:12.473;1.5;11.076464;2231344
318;22:40:12.647;4.6;11.077695;2231552
319;22:40:12.818;4.5;11.077655;2231544
320;22:40:12.991;4.5;11.078052;2231624
321;22:40:13.168;4.5;11.079502;2231916
322;22:40:13.345;3.2;11.080395;2231652
323;22:40:13.519;4.6;11.079303;2231876
324;22:40:13.692;1.6;11.079383;2232160
325;22:40:13.865;4.5;11.081567;2232112
326;22:40:14.042;4.6;11.079224;2231860
327;22:40:14.212;3.0;11.080117;2232040
328;22:40:14.388;2.9;11.080435;2231664
329;22:40:14.564;5.7;11.076245;2231520
330;22:40:14.737;6.0;11.077040;2231900
331;22:40:14.910;4.3;11.081904;2232152
332;22:40:15.084;3.1;11.080673;2232420
333;22:40:15.256;4.8;11.081011;2232220
334;22:40:15.427;5.8;11.080971;2232212
335;22:40:15.602;3.1;11.080157;2232048
336;22:40:15.776;4.4;11.083255;2232672
337;22:40:15.953;6.2;11.083175;2232436
338;22:40:16.126;5.9;11.081666;2231912
339;22:40:16.303;3.1;11.081070;2232012
340;22:40:16.477;5.7;11.079204;2232116
341;22:40:16.653;6.1;11.078946;2232072
342;22:40:16.824;4.5;11.078350;2231908
343;22:40:16.998;4.6;11.077298;2231472
344;22:40:17.170;4.5;11.080197;2232056
345;22:40:17.344;4.5;11.079204;2231856
346;22:40:17.516;4.7;11.078370;2231752
347;22:40:17.690;4.3;11.076345;2231540
348;22:40:17.864;3.1;11.077655;2231544
349;22:40:18.038;4.5;11.078529;2231720
350;22:40:18.215;3.0;11.081607;2232120
351;22:40:18.393;4.7;11.081150;2232248
352;22:40:18.567;6.2;11.077715;2231792
353;22:40:18.739;3.0;11.079045;2231596
354;22:40:18.916;3.1;11.081587;2232336
355;22:40:19.092;4.7;11.080296;2231856
356;22:40:19.267;7.7;11.079184;2231852
357;22:40:19.437;4.5;11.081487;2232316
358;22:40:19.610;7.4;11.081825;2232164
359;22:40:19.786;6.0;11.081448;2232308
360;22:40:19.961;6.2;11.077496;2231512
361;22:40:20.136;3.0;11.078410;2231696
362;22:40:20.309;3.2;11.079621;2231940
363;22:40:20.482;4.4;11.077020;2231416
364;22:40:20.656;1.5;11.078052;2231400
365;22:40:20.832;2.9;11.078430;2231700
366;22:40:21.009;4.5;11.077119;2231436
367;22:40:21.183;6.1;11.079005;2231816
368;22:40:21.356;3.1;11.081527;2232372
369;22:40:21.532;3.1;11.080713;2232208
370;22:40:21.706;6.2;11.078271;2231668
371;22:40:21.878;4.3;11.077794;2231832
372;22:40:22.052;4.5;11.079105;2231836
373;22:40:22.227;3.0;11.077119;2231216
374;22:40:22.400;5.9;11.077457;2231748
375;22:40:22.576;4.3;11.078390;2232032
376;22:40:22.752;5.7;11.079144;2231844
377;22:40:22.927;4.5;11.079998;2232016
378;22:40:23.100;4.8;11.077417;2231496
379;22:40:23.272;7.2;11.076484;2231308
380;22:40:23.445;6.0;11.076007;2231472
381;22:40:23.619;5.7;11.075908;2231192
382;22:40:23.793;3.2;11.074260;2230860
383;22:40:23.970;5.7;11.076484;2231308
384;22:40:24.146;3.0;11.078132;2231640
385;22:40:24.322;4.5;11.074518;2231260
386;22:40:24.494;3.0;11.075550;2231120
387;22:40:24.667;5.8;11.077735;2231560
388;22:40:24.844;6.2;11.077337;2231740
389;22:40:25.017;6.1;11.077973;2231608
390;22:40:25.185;3.0;11.077238;2231460
391;22:40:25.359;6.1;11.077735;2231560
392;22:40:25.533;3.1;11.079621;2231940
393;22:40:25.708;4.5;11.079224;2231860
394;22:40:25.885;4.7;11.079065;2231828
395;22:40:26.056;3.1;11.074637;2231204
396;22:40:26.228;4.4;11.078866;2231788
397;22:40:26.396;3.0;11.080078;2232032
398;22:40:26.570;3.1;11.078827;2231780
399;22:40:26.746;3.1;11.076980;2231828
400;22:40:26.924;2.9;11.081487;2232316
401;22:40:27.099;3.1;11.080395;2232096
402;22:40:27.274;3.0;11.079144;2231844
403;22:40:27.446;3.1;11.077893;2231592
404;22:40:27.619;1.6;11.077973;2231608
405;22:40:27.796;4.6;11.076960;2231800
406;22:40:27.971;3.1;11.077735;2231560
407;22:40:28.146;4.8;11.076702;2231740
408;22:40:28.317;3.1;11.079760;2231968
409;22:40:28.490;4.5;11.081130;2231804
410;22:40:28.667;3.1;11.077774;2231568
411;22:40:28.840;3.1;11.078946;2231804
412;22:40:29.013;3.2;11.078628;2231740
413;22:40:29.186;4.8;11.076603;2231332
414;22:40:29.361;4.8;11.077059;2231676
415;22:40:29.534;3.1;11.080475;2231872
416;22:40:29.709;1.6;11.077059;2231424
417;22:40:29.886;3.2;11.077457;2231764
418;22:40:30.059;4.6;11.077615;2231788
419;22:40:30.231;3.0;11.079899;2231996
420;22:40:30.407;4.8;11.078648;2231776
421;22:40:30.582;4.9;11.081309;2232060
422;22:40:30.754;6.5;11.079105;2232216
423;22:40:30.929;3.1;11.082083;2232216
424;22:40:31.103;3.0;11.079085;2231832
425;22:40:31.278;5.1;11.079939;2232004
426;22:40:31.446;6.0;11.077675;2231920
427;22:40:31.624;4.8;11.077357;2231484
428;22:40:31.799;3.3;11.076583;2231328
429;22:40:31.972;4.8;11.076265;2231044
430;22:40:32.144;3.1;11.074935;2231288
431;22:40:32.317;3.1;11.077397;2231492
432;22:40:32.490;4.7;11.080653;2232148
433;22:40:32.665;3.0;11.079164;2232508
434;22:40:32.838;3.0;11.085479;2233128
435;22:40:33.012;9.5;11.081726;2232144
436;22:40:33.185;4.7;11.080018;2232304
437;22:40:33.359;7.6;11.082500;2232520
438;22:40:33.535;4.4;11.081448;2232616
439;22:40:33.713;4.5;11.082063;2232212
440;22:40:33.887;7.9;11.081249;2232492
441;22:40:34.059;3.0;11.081190;2232036
442;22:40:34.235;4.5;11.078132;2231640
443;22:40:34.410;4.6;11.081428;2232084
444;22:40:34.585;6.2;11.080137;2231824
445;22:40:34.761;3.2;11.082341;2232488
446;22:40:34.935;6.2;11.083870;2232576
447;22:40:35.110;4.8;11.082818;2232364
448;22:40:35.283;4.7;11.081190;2232036
449;22:40:35.457;3.0;11.077536;2231520
450;22:40:35.628;3.1;11.078708;2231756
451;22:40:35.800;6.1;11.077536;2231300
452;22:40:35.974;3.1;11.077814;2231576
453;22:40:36.149;5.8;11.077536;2231788
454;22:40:36.325;4.7;11.080415;2231880
455;22:40:36.498;4.5;11.077893;2231592
456;22:40:36.670;1.5;11.077437;2231280
457;22:40:36.846;6.2;11.078291;2231876
458;22:40:37.021;6.0;11.079442;2231904
459;22:40:37.196;3.1;11.078966;2231784
460;22:40:37.370;4.5;11.078370;2231468
461;22:40:37.548;4.5;11.077933;2231844
462;22:40:37.721;4.6;11.075491;2231376
463;22:40:37.894;3.0;11.077675;2231548
464;22:40:38.070;4.5;11.078886;2231572
465;22:40:38.247;4.5;11.077635;2231540
466;22:40:38.418;3.1;11.079939;2232004
467;22:40:38.592;4.5;11.079978;2232012
468;22:40:38.767;4.5;11.080137;2231824
469;22:40:38.942;4.6;11.078092;2231892
470;22:40:39.115;4.5;11.078092;2231632
471;22:40:39.288;1.5;11.079939;2232004
472;22:40:39.462;6.2;11.080991;2232216
473;22:40:39.632;3.1;11.076841;2231380
474;22:40:39.806;1.5;11.076325;2231276
475;22:40:39.979;3.1;11.079264;2231868
476;22:40:40.154;3.1;11.081170;2232252
477;22:40:40.329;3.0;11.081845;2232388
478;22:40:40.506;3.0;11.082262;2232472
479;22:40:40.679;6.1;11.079958;2232008
480;22:40:40.851;7.6;11.078986;2231812
481;22:40:41.022;4.5;11.081368;2232044
482;22:40:41.201;4.5;11.080356;2232088
483;22:40:41.375;4.6;11.081051;2232228
484;22:40:41.546;4.4;11.079720;2231960
485;22:40:41.719;4.5;11.080435;2232104
486;22:40:41.893;2.9;11.081289;2232276
487;22:40:42.067;8.7;11.081130;2232244
488;22:40:42.239;3.1;11.080078;2232032
489;22:40:42.415;4.5;11.078588;2231732
490;22:40:42.588;6.0;11.079839;2232032
491;22:40:42.762;4.6;11.079204;2231856
492;22:40:42.935;4.4;11.080157;2232048
493;22:40:43.111;4.6;11.078350;2231684
494;22:40:43.289;6.0;11.077953;2231604
495;22:40:43.464;4.5;11.078132;2231640
496;22:40:43.636;3.1;11.078152;2231644
497;22:40:43.813;4.5;11.079125;2231620
498;22:40:43.989;4.7;11.078529;2231500
499;22:40:44.162;6.0;11.074121;2231092
500;22:40:44.339;4.5;11.075372;2231360
501;22:40:44.515;6.1;11.078628;2231740
502;22:40:44.690;4.6;11.081408;2232348
503;22:40:44.862;3.1;11.080078;2232032
504;22:40:45.036;1.5;11.079641;2231984
505;22:40:45.210;3.1;11.080812;2232180
506;22:40:45.383;4.5;11.080078;2231812
507;22:40:45.558;3.0;11.078628;2231740
508;22:40:45.734;3.0;11.077218;2231724
509;22:40:45.910;4.6;11.079482;2231912
510;22:40:46.083;7.4;11.078291;2231688
511;22:40:46.258;5.7;11.077476;2231508
512;22:40:46.434;4.4;11.080554;2231908
513;22:40:46.606;6.2;11.078708;2231756
514;22:40:46.780;7.0;11.077774;2231788
515;22:40:46.957;4.6;11.080435;2232104
516;22:40:47.131;4.5;11.082599;2232540
517;22:40:47.304;9.0;11.079800;2231976
518;22:40:47.474;6.1;11.079998;2232016
519;22:40:47.652;4.6;11.078132;2231640
520;22:40:47.831;3.1;11.079978;2232012
521;22:40:48.006;7.4;11.080435;2231884
522;22:40:48.176;4.4;11.089231;2233876
523;22:40:48.350;6.0;11.089271;2234112
524;22:40:48.528;10.0;11.090482;2234128
525;22:40:48.701;7.2;11.089271;2234240
526;22:40:48.872;3.0;11.089509;2233932
527;22:40:49.047;4.4;11.090602;2234152
528;22:40:49.219;4.4;11.091892;2234412
529;22:40:49.392;4.2;11.089490;2233928
530;22:40:49.566;3.2;11.090343;2234116
531;22:40:49.739;6.1;11.089490;2233708
532;22:40:49.913;5.8;11.101225;2236340
533;22:40:50.087;2.9;11.101463;2236120
534;22:40:50.259;6.0;11.098365;2235984
535;22:40:50.433;6.2;11.097194;2235732
536;22:40:50.603;4.7;11.097095;2235784
537;22:40:50.780;7.2;11.101959;2236000
538;22:40:50.954;7.9;11.097134;2235468
539;22:40:51.126;3.1;11.096975;2235688
540;22:40:51.297;2.9;11.098346;2235712
541;22:40:51.474;4.3;11.107321;2237520
542;22:40:51.650;3.0;11.109704;2238000
543;22:40:51.826;4.7;11.110716;2238284
544;22:40:52.002;1.6;11.110835;2238228
545;22:40:52.176;1.5;11.110796;2237968
546;22:40:52.351;3.2;11.108472;2237752
547;22:40:52.524;1.6;11.107956;2238060
548;22:40:52.704;4.4;11.110577;2238176
549;22:40:52.879;4.4;11.109167;2238160
550;22:40:53.052;4.8;11.109823;2238024
551;22:40:53.220;4.3;11.110418;2238144
552;22:40:53.395;3.1;11.109167;2238120
553;22:40:53.570;4.5;11.110200;2238104
554;22:40:53.742;4.5;11.107916;2237900
555;22:40:53.916;1.5;11.108969;2237852
556;22:40:54.091;6.0;11.108810;2237820
557;22:40:54.266;4.5;11.107718;2237600
558;22:40:54.435;3.0;11.106884;2237432
559;22:40:54.617;4.5;11.108194;2237988
560;22:40:54.791;1.6;11.120545;2239964
561;22:40:54.965;3.2;11.121121;2240080
562;22:40:55.138;3.1;11.119294;2239932
563;22:40:55.313;1.5;11.117726;2239396
564;22:40:55.489;4.6;11.117726;2239876
565;22:40:55.661;3.3;11.121478;2240372
566;22:40:55.835;3.2;11.119294;2239932
567;22:40:56.007;1.6;11.121320;2240340
568;22:40:56.182;1.6;11.121478;2240372
569;22:40:56.357;2.9;11.122571;2240372
570;22:40:56.534;3.0;11.121796;2240712
571;22:40:56.709;3.1;11.119294;2239712
572;22:40:56.882;4.7;11.118698;2239812
573;22:40:57.051;4.5;11.120426;2240160
574;22:40:57.225;4.5;11.120386;2240152
575;22:40:57.402;3.2;11.120545;2240184
576;22:40:57.574;6.0;11.117070;2239484
577;22:40:57.749;3.2;11.129381;2241964
578;22:40:57.922;3.1;11.130315;2242152
579;22:40:58.097;3.2;11.130136;2242116
580;22:40:58.271;3.1;11.132876;2242200
581;22:40:58.446;7.4;11.130652;2242220
582;22:40:58.619;6.2;11.132538;2242600
583;22:40:58.792;4.8;11.130771;2242024
584;22:40:58.963;4.6;11.130215;2242132
585;22:40:59.139;6.1;11.131109;2242732
586;22:40:59.314;6.0;11.131228;2242336
587;22:40:59.489;9.0;11.132340;2242560
588;22:40:59.665;4.5;11.128110;2241968
589;22:40:59.835;3.3;11.127475;2242092
590;22:41:00.005;6.2;11.128766;2241848
591;22:41:00.177;3.3;11.137999;2243968
592;22:41:00.349;3.1;11.140759;2244524
593;22:41:00.522;9.2;11.141712;2244448
594;22:41:00.693;6.2;11.141831;2244472
595;22:41:00.869;4.5;11.139528;2244008
596;22:41:01.043;6.0;11.140898;2244560
597;22:41:01.218;7.8;11.141454;2244396
598;22:41:01.390;3.0;11.141236;2244352
599;22:41:01.560;8.8;11.143757;2244860
600;22:41:01.735;10.4;11.143996;2244908
601;22:41:01.906;4.5;11.144512;2245012
602;22:41:02.079;3.0;11.144313;2245020
603;22:41:02.253;4.7;11.144790;2245068
604;22:41:02.430;4.6;11.144631;2244816
605;22:41:02.602;4.5;11.153427;2246808
606;22:41:02.775;3.1;11.153666;2246856
607;22:41:02.952;1.5;11.150926;2246304
608;22:41:03.124;3.0;11.148741;2245872
609;22:41:03.298;4.5;11.148106;2245516
610;22:41:03.474;3.1;11.148265;2245768
611;22:41:03.649;4.7;11.151144;2246348
612;22:41:03.818;1.6;11.153149;2246480
613;22:41:03.995;3.0;11.155532;2247232
614;22:41:04.170;6.0;11.154976;2247404
615;22:41:04.342;6.2;11.158213;2247552
616;22:41:04.511;1.6;11.154718;2247068
617;22:41:04.686;4.4;11.164865;2248892
618;22:41:04.861;4.5;11.162720;2248956
619;22:41:05.033;3.0;11.163157;2248768
620;22:41:05.207;8.7;11.165500;2249240
621;22:41:05.384;6.2;11.164885;2249116
622;22:41:05.558;5.6;11.164885;2249116
623;22:41:05.730;6.2;11.166850;2249512
624;22:41:05.902;7.8;11.162939;2248900
625;22:41:06.075;3.1;11.163117;2248760
626;22:41:06.250;4.5;11.164368;2249012
627;22:41:06.426;3.0;11.171715;2250540
628;22:41:06.603;4.8;11.171874;2250800
629;22:41:06.786;4.7;11.243655;2264984
630;22:41:06.954;3.1;11.254179;2267104
631;22:41:07.122;3.1;11.363787;2288788
632;22:41:07.293;4.8;11.383743;2293204
633;22:41:07.462;3.1;11.383564;2293168
634;22:41:07.631;3.1;11.381122;2292928
635;22:41:07.800;7.5;11.395617;2295880
636;22:41:07.969;4.7;11.539716;2324404
637;22:41:08.138;1.6;11.702122;2359136
638;22:41:08.305;1.5;11.864766;2392168
639;22:41:08.474;6.1;12.008249;2419308
640;22:41:08.643;4.6;12.009599;2419280
641;22:41:08.812;6.0;12.103243;2438144
642;22:41:08.979;4.5;12.145199;2446636
643;22:41:09.149;4.8;12.144147;2446628
644;22:41:09.319;3.0;12.226611;2463492
645;22:41:09.487;1.6;12.374562;2492580
646;22:41:09.654;1.5;12.559743;2529884
647;22:41:09.821;7.8;12.588416;2535960
648;22:41:09.989;3.1;12.657993;2550408
649;22:41:10.158;3.1;12.659502;2550200
650;22:41:10.327;6.2;12.659840;2550268
651;22:41:10.495;5.6;12.658748;2549828
652;22:41:10.664;6.2;12.658251;2549948
653;22:41:10.833;6.1;12.670245;2552364
654;22:41:11.002;4.8;12.682000;2554184
655;22:41:11.171;1.6;12.803680;2581512
656;22:41:11.339;2.9;12.925559;2603796
657;22:41:11.507;4.5;12.942120;2607376
658;22:41:11.676;1.5;12.953279;2609320
659;22:41:11.845;4.8;12.956396;2610252
660;22:41:12.013;7.6;12.956257;2609652
661;22:41:12.183;6.3;12.955543;2609836
662;22:41:12.351;3.2;13.116797;2642580
663;22:41:12.519;7.4;13.119676;2642900
664;22:41:12.688;3.1;13.118525;2642396
665;22:41:12.857;7.2;13.117214;2642404
666;22:41:13.029;4.5;13.121185;2643204
667;22:41:13.198;3.1;13.118405;2642644
668;22:41:13.369;6.2;13.117293;2642420
669;22:41:13.539;5.9;13.116360;2642492
670;22:41:13.707;4.7;13.119160;2643016
671;22:41:13.912;6.2;13.123846;2643740
672;22:41:14.085;3.0;13.131292;2645500
673;22:41:14.254;4.8;13.142035;2647656
674;22:41:14.424;5.9;13.152956;2649856
675;22:41:14.595;4.5;13.149818;2648972
676;22:41:14.764;7.4;13.162388;2651756
677;22:41:14.937;4.5;13.171561;2653864
678;22:41:15.105;4.5;13.173567;2653756
679;22:41:15.273;4.7;13.181827;2655468
680;22:41:15.443;4.6;13.192828;2658140
681;22:41:15.613;3.1;13.241138;2667368
682;22:41:15.781;4.6;13.309187;2681076
683;22:41:15.951;6.2;13.305116;2680256
684;22:41:16.119;3.1;13.304759;2679940
685;22:41:16.289;4.3;13.306188;2680472
686;22:41:16.458;3.2;13.346715;2688880
687;22:41:16.627;4.7;13.348741;2689036
688;22:41:16.796;7.8;13.348363;2688968
689;22:41:16.965;6.2;13.350528;2689404
690;22:41:17.135;3.0;13.347887;2688872
691;22:41:17.305;4.5;13.348880;2689072
692;22:41:17.474;4.8;13.356902;2690688
693;22:41:17.642;3.2;13.356703;2690648
694;22:41:17.812;4.4;13.368994;2693124
695;22:41:17.981;7.5;13.369094;2693168
696;22:41:18.151;5.9;13.376758;2694940
697;22:41:18.321;7.6;13.377215;2695048
698;22:41:18.490;7.4;13.388176;2697232
699;22:41:18.659;3.2;13.387798;2696912
700;22:41:18.868;4.6;13.440914;2709560
701;22:41:19.041;4.5;13.490973;2717472
702;22:41:19.212;4.7;13.486862;2717112
703;22:41:19.381;6.2;13.497287;2718968
704;22:41:19.549;6.1;13.495837;2718616
705;22:41:19.719;7.7;13.508685;2721784
706;22:41:19.888;6.3;13.511326;2722056
707;22:41:20.057;2.9;13.542500;2728076
708;22:41:20.225;1.6;13.553560;2730556
709;22:41:20.394;4.8;13.549827;2729552
710;22:41:20.562;6.5;13.549390;2729984
711;22:41:20.732;6.1;13.553342;2729932
712;22:41:20.900;6.2;13.553342;2730260
713;22:41:21.069;2.8;13.551992;2729988
714;22:41:21.237;5.7;13.554454;2731012
715;22:41:21.405;7.7;13.553421;2729948
716;22:41:21.574;7.4;13.551575;2729904
717;22:41:21.743;6.2;13.554255;2730444
718;22:41:21.912;3.1;13.555169;2730628
719;22:41:22.080;1.5;13.555328;2730660
720;22:41:22.247;1.6;13.555169;2730628
721;22:41:22.414;4.5;13.555606;2730496
722;22:41:22.582;1.6;13.573437;2734308
723;22:41:22.749;1.5;13.582154;2736064
724;22:41:22.917;3.0;13.603241;2740312
725;22:41:23.084;0.0;13.612971;2742272
726;22:41:23.253;2.9;13.625957;2744888
727;22:41:23.420;3.1;13.644165;2748800
728;22:41:23.588;1.6;13.666206;2753248
729;22:41:23.756;3.0;13.677882;2755600
730;22:41:23.924;4.5;13.681178;2756012
731;22:41:24.092;1.5;14.058114;2831952
732;22:41:24.260;3.2;14.057657;2832112
733;22:41:24.428;3.1;14.058114;2831944
734;22:41:24.596;1.6;14.056882;2831476
735;22:41:24.764;1.6;14.058213;2831964
736;22:41:24.932;1.5;14.058987;2831680
737;22:41:25.100;1.5;14.054857;2831548
738;22:41:25.268;0.0;14.087084;2837780
739;22:41:25.435;3.1;14.086091;2837580
740;22:41:25.603;1.5;14.087720;2837908
741;22:41:25.771;1.6;14.091314;2838632
742;22:41:25.939;3.2;14.090718;2838512
743;22:41:26.106;3.1;14.089904;2838348
744;22:41:26.275;3.1;14.089169;2838200
745;22:41:26.443;1.6;14.090420;2838720
746;22:41:26.611;3.0;14.089824;2838332
747;22:41:26.779;3.1;14.092604;2838892
748;22:41:26.947;4.8;14.093319;2839068
749;22:41:27.119;1.6;14.092346;2838620
750;22:41:27.292;1.5;14.090162;2838424
751;22:41:27.464;3.1;14.091492;2838668
752;22:41:27.638;3.2;14.091572;2838684
753;22:41:27.807;1.6;14.088752;2838480
754;22:41:27.976;6.2;14.091572;2838464
755;22:41:28.145;3.1;14.089765;2838320
756;22:41:28.313;2.8;14.088911;2838432
757;22:41:28.480;1.5;14.088196;2838368
758;22:41:28.648;3.1;14.092684;2838908
759;22:41:28.816;1.4;14.093955;2838944
760;22:41:28.983;0.0;14.092823;2838496
761;22:41:29.150;1.5;14.090797;2838528
762;22:41:29.318;1.5;14.091790;2838728
763;22:41:29.485;0.0;14.094928;2838920
764;22:41:29.652;1.6;14.091095;2838588
765;22:41:29.820;3.1;14.092704;2838912
766;22:41:29.987;3.2;14.091453;2838440
767;22:41:30.154;1.6;14.090321;2838212
768;22:41:30.323;2.8;14.088216;2838008
769;22:41:30.490;3.2;14.091194;2838608
770;22:41:30.657;3.1;14.091294;2838408
771;22:41:30.825;0.0;14.090678;2838504
772;22:41:30.992;3.1;14.089765;2838100
773;22:41:31.160;3.1;14.090043;2838376
774;22:41:31.327;0.0;14.090400;2838496
775;22:41:31.495;1.5;14.110535;2842504
776;22:41:31.663;2.9;14.149890;2850432
777;22:41:31.830;1.4;14.151816;2850600
778;22:41:31.998;3.1;14.152928;2851044
779;22:41:32.167;1.5;14.185175;2857540
780;22:41:32.335;0.0;14.204714;2861476
781;22:41:32.502;3.1;14.233804;2867336
782;22:41:32.669;3.1;14.264720;2873564
783;22:41:32.837;2.8;14.265197;2873220
784;22:41:33.004;4.6;14.266368;2873936
785;22:41:33.172;1.6;14.367041;2893956
786;22:41:33.339;3.1;14.365949;2893956
787;22:41:33.507;0.0;14.449108;2910488
788;22:41:33.674;3.1;14.469123;2914740
789;22:41:33.842;0.0;14.478197;2916348
790;22:41:34.011;1.6;14.480262;2917032
791;22:41:34.178;3.0;14.478753;2916680
792;22:41:34.347;3.1;14.490747;2919096
793;22:41:34.514;3.1;14.502283;2921420
794;22:41:34.682;1.5;14.500457;2921052
795;22:41:34.851;1.6;14.502601;2921484
796;22:41:35.018;3.2;14.532207;2927448
797;22:41:35.186;1.6;14.529467;2926952
798;22:41:35.354;1.5;14.531512;2927088
799;22:41:35.521;4.6;14.528871;2926776
800;22:41:35.690;0.0;14.554287;2931676
801;22:41:35.859;3.1;14.554982;2931816
802;22:41:36.026;4.8;14.553910;2932184
803;22:41:36.194;1.6;14.549482;2930928
804;22:41:36.363;1.5;14.550197;2931340
805;22:41:36.530;1.6;14.554069;2931632
806;22:41:36.698;0.0;14.551726;2931380
807;22:41:36.867;1.6;14.551706;2931376
808;22:41:37.035;3.2;14.553195;2931676
809;22:41:37.202;1.6;14.550674;2931168
810;22:41:37.370;1.5;14.553473;2931732
811;22:41:37.538;3.0;14.554724;2931992
812;22:41:37.707;3.2;14.554724;2931984
813;22:41:37.876;0.0;14.554228;2931884
814;22:41:38.044;1.6;14.554228;2931884
815;22:41:38.211;1.6;14.581292;2937116
816;22:41:38.380;1.5;14.581769;2937480
817;22:41:38.547;1.5;14.603194;2941536
818;22:41:38.714;1.6;14.623666;2945872
819;22:41:38.885;1.6;14.624718;2946352
820;22:41:39.052;3.2;14.624838;2946400
821;22:41:39.220;1.6;14.626188;2946380
822;22:41:39.389;3.1;14.626287;2946180
823;22:41:39.557;3.2;14.625076;2946156
824;22:41:39.725;0.0;14.623547;2946084
825;22:41:39.894;1.6;14.625354;2946472
826;22:41:40.062;1.5;14.628829;2946692
827;22:41:40.229;1.6;14.623626;2946112
828;22:41:40.399;3.1;14.623785;2945896
829;22:41:40.567;0.0;14.642867;2950008
830;22:41:40.734;1.6;14.643503;2949868
831;22:41:40.903;3.0;14.646005;2950372
832;22:41:41.070;3.1;14.644317;2950032
833;22:41:41.238;1.6;14.643344;2949836
834;22:41:41.408;1.5;14.642708;2949968
835;22:41:41.576;1.4;14.646620;2950276
836;22:41:41.743;1.5;14.643244;2949816
837;22:41:41.912;1.5;14.694693;2960220
838;22:41:42.080;4.7;14.699001;2961048
839;22:41:42.247;3.0;14.697969;2961216
840;22:41:42.416;3.1;14.717945;2965220
841;22:41:42.584;3.0;14.717647;2964804
842;22:41:42.752;1.6;14.715939;2964460
843;22:41:42.920;1.5;14.714609;2964444
844;22:41:43.088;3.1;14.717091;2964692
845;22:41:43.256;0.0;14.714509;2963760
846;22:41:43.425;3.1;14.714509;2964424
847;22:41:43.593;1.6;14.715760;2964424
848;22:41:43.760;3.1;14.713576;2963984
849;22:41:43.929;1.5;14.717011;2964676
850;22:41:44.098;3.2;14.719156;2964668
851;22:41:44.266;1.6;14.719017;2965308
852;22:41:44.435;1.5;14.719493;2965176
853;22:41:44.603;1.6;14.728389;2967008
854;22:41:44.771;1.5;14.726463;2966580
855;22:41:44.940;1.5;14.727615;2966812
856;22:41:45.107;3.0;14.761053;2973548
857;22:41:45.274;0.0;14.757638;2972860
858;22:41:45.443;1.6;14.757320;2972796
859;22:41:45.611;1.6;14.757320;2972836
860;22:41:45.779;3.0;14.759445;2973224
861;22:41:45.949;0.0;14.759901;2973096
862;22:41:46.116;3.0;14.760298;2973396
863;22:41:46.283;1.6;14.760179;2973372
864;22:41:46.452;3.1;14.758829;2973100
865;22:41:46.619;1.6;14.758134;2972960
866;22:41:46.787;3.1;14.757638;2972860
867;22:41:46.956;0.0;14.760259;2973388
868;22:41:47.124;3.1;14.769154;2974960
869;22:41:47.292;1.6;14.768042;2974956
870;22:41:47.462;1.5;14.769373;2975004
871;22:41:47.629;1.6;14.787661;2978688
872;22:41:47.797;0.0;14.787700;2978916
873;22:41:47.966;1.6;14.788098;2978776
874;22:41:48.133;1.6;14.787661;2978908
875;22:41:48.301;1.6;14.789011;2979488
876;22:41:48.471;1.5;14.787859;2978988
877;22:41:48.638;1.6;14.798482;2981356
878;22:41:48.807;1.6;14.796854;2980760
879;22:41:48.976;3.1;14.798602;2980892
880;22:41:49.144;3.2;14.800270;2981496
881;22:41:49.313;1.6;14.800071;2981188
882;22:41:49.481;1.6;14.799535;2981300
883;22:41:49.650;1.6;14.800230;2981220
884;22:41:49.818;1.5;14.798482;2981088
885;22:41:49.988;0.0;14.818339;2985088
886;22:41:50.155;1.5;14.817187;2984856
887;22:41:50.322;1.6;14.815261;2984736
888;22:41:50.491;0.0;14.817028;2984824
889;22:41:50.658;1.4;14.815003;2984416
890;22:41:50.825;1.6;14.814308;2984536
891;22:41:50.994;1.6;14.819312;2985284
892;22:41:51.162;4.8;14.817684;2984956
893;22:41:51.330;3.2;14.818577;2984916
894;22:41:51.498;0.0;14.822727;2986240
895;22:41:51.666;3.1;14.826182;2986668
896;22:41:51.835;1.6;14.825011;2986652
897;22:41:52.004;0.0;14.826103;2986904
898;22:41:52.172;1.6;14.825706;2986572
899;22:41:52.339;3.1;14.828307;2987096
900;22:41:52.507;1.6;14.826996;2987164
901;22:41:52.675;3.2;14.829995;2987188
902;22:41:52.845;3.2;14.827572;2986948
903;22:41:53.014;1.6;14.829439;2987324
904;22:41:53.183;3.2;14.830849;2987388
905;22:41:53.352;1.6;14.828347;2986884
906;22:41:53.522;1.6;14.827910;2987292
907;22:41:53.690;3.1;14.828327;2987100
908;22:41:53.858;3.1;14.828188;2987072
909;22:41:54.026;1.4;14.826143;2986660
910;22:41:54.193;3.4;14.829320;2987300
911;22:41:54.361;3.2;14.827116;2986872
912;22:41:54.530;1.6;14.828545;2987224
913;22:41:54.698;1.6;14.830253;2987172
914;22:41:54.869;1.6;14.830134;2987640
915;22:41:55.038;1.5;14.826758;2987172
916;22:41:55.207;3.2;14.829359;2987088
917;22:41:55.375;1.6;14.827413;2986916
918;22:41:55.543;0.0;14.828903;2987216
919;22:41:55.711;3.2;14.829379;2987312
920;22:41:55.878;4.6;14.828505;2986916
921;22:41:56.045;1.4;14.827572;2986948
922;22:41:56.213;3.3;14.831027;2987424
923;22:41:56.381;1.5;14.828108;2987104
924;22:41:56.550;3.1;14.829280;2987076
925;22:41:56.718;1.4;14.827453;2986924
926;22:41:56.885;3.0;14.827870;2986788
927;22:41:57.055;1.6;14.826619;2986536
928;22:41:57.222;3.1;14.826778;2986788
929;22:41:57.390;1.6;14.826917;2986596
930;22:41:57.559;1.6;14.826917;2986816
931;22:41:57.726;1.6;14.827473;2986928
932;22:41:57.894;4.8;14.829280;2987292
933;22:41:58.063;0.0;14.829042;2987024
934;22:41:58.232;4.6;14.832596;2987960
935;22:41:58.401;3.1;14.827533;2986940
936;22:41:58.568;1.6;14.825646;2986560
937;22:41:58.735;3.1;14.829836;2987184
938;22:41:58.903;3.0;14.828386;2987112
939;22:41:59.071;1.5;14.827612;2987208
940;22:41:59.239;1.5;14.830928;2987404
941;22:41:59.406;1.5;14.827612;2986956
942;22:41:59.574;1.6;14.826043;2986420
943;22:41:59.742;3.1;14.827870;2987008
944;22:41:59.911;3.1;14.831226;2987464
945;22:42:00.078;3.0;14.828545;2986924
946;22:42:00.246;3.3;14.827135;2986860
947;22:42:00.413;1.6;14.826123;2986916
948;22:42:00.584;1.6;14.828744;2987412
949;22:42:00.752;1.6;14.828366;2987108
950;22:42:00.919;1.6;14.827096;2986852
951;22:42:01.087;1.6;14.826857;2986804
952;22:42:01.254;4.7;14.828406;2987116
953;22:42:01.423;1.6;14.827394;2986912
954;22:42:01.591;1.5;14.828684;2986960
955;22:42:01.759;1.6;14.827791;2986992
956;22:42:01.927;3.1;14.829538;2987344
957;22:42:02.095;3.0;14.829161;2987268
958;22:42:02.264;3.0;14.830531;2987324
959;22:42:02.432;1.6;14.829002;2987016
960;22:42:02.600;1.5;14.828843;2986984
961;22:42:02.767;3.0;14.827969;2987028
962;22:42:02.936;0.0;14.827096;2986852
963;22:42:03.104;1.6;14.828704;2986956
964;22:42:03.272;1.6;14.828386;2987112
965;22:42:03.439;1.5;14.827930;2987020
966;22:42:03.607;3.0;14.832497;2987940
967;22:42:03.775;3.1;14.830988;2987416
968;22:42:03.942;1.6;14.829022;2987240
969;22:42:04.109;3.1;14.839188;2989068
970;22:42:04.277;3.1;14.840558;2989564
971;22:42:04.444;4.6;14.839863;2989424
972;22:42:04.615;0.0;14.839506;2989628
973;22:42:04.787;1.5;14.838811;2989212
974;22:42:04.954;3.1;14.839248;2989128
975;22:42:05.122;4.5;14.838593;2989192
976;22:42:05.290;3.2;14.837203;2989116
977;22:42:05.458;4.6;14.837421;2988932
978;22:42:05.626;1.6;14.838672;2988964
979;22:42:05.793;3.0;14.839585;2989368
980;22:42:05.961;3.1;14.842524;2990016
981;22:42:06.131;0.0;14.840777;2989608
982;22:42:06.300;3.1;14.839963;2989004
983;22:42:06.468;3.1;14.840221;2989496
984;22:42:06.637;1.6;14.838116;2989072
985;22:42:06.805;3.2;14.836885;2988604
986;22:42:06.974;3.2;14.839327;2989096
987;22:42:07.142;1.6;14.838950;2989240
988;22:42:07.310;3.1;14.837620;2988972
989;22:42:07.478;1.6;14.838037;2989372
990;22:42:07.645;6.2;14.835773;2988600
991;22:42:07.814;1.6;14.837322;2988912
992;22:42:07.983;1.6;14.840479;2989548
993;22:42:08.152;1.6;14.836369;2988980
994;22:42:08.320;1.6;14.837620;2988972
995;22:42:08.488;3.1;14.836031;2988896
996;22:42:08.657;1.6;14.838136;2989076
997;22:42:08.825;1.6;14.839744;2989400
998;22:42:08.992;1.6;14.840221;2989496
999;22:42:09.160;1.6;14.838096;2989328
1000;22:42:09.328;4.7;14.837322;2988912
1001;22:42:09.496;3.2;14.837759;2989000
1002;22:42:09.664;1.6;14.840797;2989612
1003;22:42:09.832;3.1;14.847885;2991040
1004;22:42:10.000;3.0;14.857992;2993076
1005;22:42:10.168;1.6;14.858509;2993180
1006;22:42:10.336;3.0;14.859283;2993336
1007;22:42:10.503;0.0;14.860574;2993376
1008;22:42:10.671;4.7;14.858429;2993164
1009;22:42:10.839;3.1;14.860296;2993868
1010;22:42:11.007;1.5;14.861269;2993736
1011;22:42:11.175;1.6;14.858112;2993336
1012;22:42:11.343;3.1;14.860931;2993668
1013;22:42:11.510;1.6;14.857496;2992976
1014;22:42:11.679;1.6;14.859402;2993360
1015;22:42:11.846;1.6;14.858092;2993096
1016;22:42:12.013;1.4;14.860474;2993356
1017;22:42:12.182;1.6;14.859501;2993380
1018;22:42:12.350;3.2;14.858092;2993096
1019;22:42:12.517;1.6;14.857853;2992828
1020;22:42:12.685;1.5;14.858985;2993276
1021;22:42:12.853;3.1;14.859819;2993444
1022;22:42:13.022;4.7;14.862996;2994084
1023;22:42:13.191;1.5;14.860097;2993760
1024;22:42:13.360;2.9;14.860693;2993620
1025;22:42:13.527;1.6;14.861070;2993696
1026;22:42:13.697;3.1;14.860752;2993632
1027;22:42:13.866;4.7;14.858330;2993144
1028;22:42:14.035;1.4;14.860991;2993680
1029;22:42:14.203;1.5;14.859899;2993460
1030;22:42:14.371;1.6;14.859025;2993284
1031;22:42:14.539;3.0;14.860733;2993628
1032;22:42:14.707;1.6;14.858429;2993448
1033;22:42:14.876;3.0;14.859680;2993416
1034;22:42:15.043;1.6;14.859124;2993304
1035;22:42:15.211;1.6;14.860256;2993800
1036;22:42:15.379;1.6;14.859720;2993424
1037;22:42:15.547;4.5;14.858945;2993544
1038;22:42:15.715;1.4;14.858965;2993136
1039;22:42:15.883;3.0;14.859839;2993448
1040;22:42:16.051;4.8;14.860018;2993500
1041;22:42:16.220;1.6;14.858687;2992996
1042;22:42:16.389;1.6;14.860931;2993668
1043;22:42:16.558;1.6;14.861348;2993532
1044;22:42:16.727;0.0;14.858846;2993248
1045;22:42:16.894;1.6;14.858231;2993124
1046;22:42:17.063;3.1;14.857913;2993060
1047;22:42:17.232;3.1;14.857496;2992976
1048;22:42:17.401;3.1;14.860455;2993572
1049;22:42:17.572;1.6;14.858727;2993004
1050;22:42:17.740;1.6;14.860554;2993592
1051;22:42:17.909;0.0;14.861428;2993548
1052;22:42:18.076;1.6;14.859601;2993400
1053;22:42:18.245;1.6;14.859581;2993396
1054;22:42:18.413;3.1;14.860236;2993528
1055;22:42:18.582;3.2;14.858787;2993016
1056;22:42:18.750;1.5;14.863254;2994144
1057;22:42:18.919;1.6;14.861785;2993840
1058;22:42:19.087;3.3;14.859740;2993428
1059;22:42:19.255;1.6;14.856960;2992904
1060;22:42:19.423;3.2;14.858568;2993192
1061;22:42:19.591;1.6;14.856841;2992844
1062;22:42:19.758;1.6;14.858052;2992868
1063;22:42:19.927;4.5;14.858012;2992860
1064;22:42:20.096;4.7;14.860097;2993280
1065;22:42:20.265;1.5;14.859084;2993528
1066;22:42:20.434;3.1;14.859521;2993432
1067;22:42:20.601;1.6;14.861984;2993532
1068;22:42:20.773;3.3;14.860435;2993344
1069;22:42:20.943;1.6;14.862659;2994016
1070;22:42:21.113;3.0;14.858310;2993368
1071;22:42:21.281;3.0;14.860395;2994008
1072;22:42:21.450;6.2;14.860852;2993652
1073;22:42:21.619;3.1;14.859422;2993616
1074;22:42:21.787;0.0;14.857774;2993292
1075;22:42:21.955;3.2;14.859899;2993492
1076;22:42:22.126;3.2;14.858826;2993160
1077;22:42:22.294;3.2;14.860137;2993252
1078;22:42:22.469;3.0;14.858489;2992956
1079;22:42:22.638;1.6;14.859700;2993420
1080;22:42:22.807;1.6;14.861408;2993544
1081;22:42:22.976;2.9;14.857695;2993016
1082;22:42:23.143;4.6;14.861269;2993736
1083;22:42:23.313;1.5;14.860137;2993288
1084;22:42:23.484;3.1;14.864902;2994468
1085;22:42:23.653;1.6;14.862520;2993768
1086;22:42:23.821;1.5;14.858608;2993200
1087;22:42:23.990;3.1;14.856841;2993104
1088;22:42:24.159;0.0;14.860137;2993732
1089;22:42:24.328;4.6;14.862718;2993808
1090;22:42:24.498;3.1;14.860534;2993612
1091;22:42:24.666;3.2;14.858131;2992884
1092;22:42:24.834;0.0;14.857377;2992952
1093;22:42:25.003;1.5;14.859859;2993452
1094;22:42:25.171;3.1;14.861487;2993780
1095;22:42:25.340;3.0;14.859839;2993684
1096;22:42:25.508;3.1;14.858985;2993276
1097;22:42:25.677;2.9;14.858548;2993188
1098;22:42:25.846;3.1;14.860693;2993620
1099;22:42:26.015;3.1;14.860991;2993680
1100;22:42:26.182;4.5;14.860216;2993524
1101;22:42:26.351;0.0;14.862758;2993816
1102;22:42:26.520;0.0;14.859899;2993484
1103;22:42:26.688;1.6;14.859104;2993300
1104;22:42:26.856;1.5;14.859303;2993608
1105;22:42:27.026;0.0;14.858171;2993112
1106;22:42:27.194;1.6;14.855828;2992640
1107;22:42:27.362;4.6;14.858667;2993212
1108;22:42:27.531;0.0;14.859104;2993300
1109;22:42:27.699;3.0;14.859561;2993392
1110;22:42:27.867;3.1;14.861428;2993768
1111;22:42:28.036;1.6;14.859918;2993464
1112;22:42:28.205;1.5;14.859918;2993244
1113;22:42:28.373;3.0;14.857536;2992984
1114;22:42:28.544;3.2;14.858509;2993180
1115;22:42:28.714;1.5;14.862361;2993956
1116;22:42:28.886;4.5;14.858588;2993196
1117;22:42:29.055;5.6;14.857436;2992964
1118;22:42:29.225;4.4;14.857258;2992928
1119;22:42:29.394;1.5;14.856662;2992808
1120;22:42:29.562;1.5;14.856960;2992868
1121;22:42:29.733;1.6;14.860038;2993488
1122;22:42:29.904;0.0;14.859144;2993308
1123;22:42:30.072;1.5;14.858866;2993252
1124;22:42:30.241;1.5;14.858568;2993444
1125;22:42:30.409;3.1;14.856821;2993352
1126;22:42:30.580;0.0;14.859263;2993332
1127;22:42:30.748;1.6;14.858945;2993568
1128;22:42:30.917;1.6;14.858985;2993276
1129;22:42:31.085;1.6;14.860613;2993632
1130;22:42:31.255;0.0;14.855987;2992672
1131;22:42:31.425;3.1;14.859938;2993468
1132;22:42:31.594;1.6;14.859779;2993436
1133;22:42:31.763;3.0;14.861467;2993776
1134;22:42:31.931;1.6;14.858469;2992952
1135;22:42:32.099;1.5;14.856583;2992792
1136;22:42:32.266;0.0;14.856444;2992544
1137;22:42:32.434;3.1;14.859283;2993016
1138;22:42:32.602;0.0;14.856940;2993132
1139;22:42:32.771;0.0;14.857337;2992944
1140;22:42:32.939;1.6;14.858191;2992896
1141;22:42:33.106;3.2;14.856722;2992820
1142;22:42:33.274;0.0;14.856920;2992860
1143;22:42:33.442;1.6;14.860236;2993528
1144;22:42:33.610;1.6;14.858787;2993236
1145;22:42:33.778;0.0;14.858985;2993276
1146;22:42:33.946;3.0;14.855073;2992932
1147;22:42:34.115;1.6;14.856583;2993036
1148;22:42:34.283;1.6;14.858945;2993268
1149;22:42:34.451;3.2;14.857258;2992928
1150;22:42:34.619;0.0;14.858290;2993380
1151;22:42:34.786;3.2;14.860653;2993612
1152;22:42:34.954;1.4;14.860772;2993636
1153;22:42:35.122;1.6;14.859482;2993156
1154;22:42:35.290;1.6;14.858390;2993156
1155;22:42:35.458;3.2;14.857655;2993008
1156;22:42:35.625;1.6;14.859501;2993160
1157;22:42:35.794;1.6;14.855768;2993132
1158;22:42:35.962;1.6;14.859104;2993300
1159;22:42:36.129;2.9;14.858270;2993400
1160;22:42:36.297;0.0;14.859521;2993384
1161;22:42:36.466;3.2;14.857913;2993060
1162;22:42:36.634;1.6;14.857436;2992964
1163;22:42:36.803;1.6;14.860673;2993616
1164;22:42:36.971;4.6;14.859223;2993324
1165;22:42:37.139;3.1;14.859640;2993332
1166;22:42:37.307;3.0;14.855828;2992640
1167;22:42:37.477;7.7;14.857774;2993292
1168;22:42:37.647;1.5;14.855689;2992856
1169;22:42:37.819;0.0;14.857834;2992824
1170;22:42:37.986;3.2;14.855967;2992928
1171;22:42:38.154;1.6;14.857436;2992964
1172;22:42:38.322;1.6;14.857635;2992784
1173;22:42:38.489;3.0;14.857913;2993060
1174;22:42:38.657;3.1;14.855590;2992592
1175;22:42:38.825;1.5;14.857992;2993076
1176;22:42:38.993;1.5;14.856741;2992604
1177;22:42:39.160;3.0;14.856741;2992824
1178;22:42:39.328;0.0;14.855947;2992664
1179;22:42:39.496;3.1;14.859938;2993468
1180;22:42:39.663;3.2;14.858211;2993120
1181;22:42:39.830;0.0;14.859501;2993160
1182;22:42:39.998;0.0;14.858350;2993148
1183;22:42:40.165;1.5;14.856861;2992848
1184;22:42:40.333;1.4;14.859283;2993336
1185;22:42:40.500;3.2;14.859700;2993516
1186;22:42:40.667;1.6;14.859025;2993284
1187;22:42:40.837;0.0;14.856086;2992916
1188;22:42:41.004;1.5;14.859323;2993344
1189;22:42:41.171;0.0;14.857317;2992940
1190;22:42:41.340;0.0;14.858251;2993128
1191;22:42:41.511;1.6;14.861189;2993720
1192;22:42:41.679;3.1;14.860554;2993592
1193;22:42:41.846;3.2;14.859025;2993504
1194;22:42:42.014;3.1;14.857695;2992784
1195;22:42:42.183;1.6;14.857337;2992944
1196;22:42:42.351;1.6;14.858767;2993012
1197;22:42:42.518;1.6;14.859045;2993540
1198;22:42:42.686;1.6;14.856781;2993076
1199;22:42:42.854;1.6;14.859501;2993160
1200;22:42:43.021;1.6;14.858806;2993240
1201;22:42:43.189;1.5;14.860097;2993280
1202;22:42:43.357;3.0;14.859084;2993344
1203;22:42:43.524;3.2;14.861169;2993496
1204;22:42:43.691;5.9;14.858310;2993196
1205;22:42:43.865;4.3;14.859025;2993568
1206;22:42:44.037;1.6;14.857834;2993328
1207;22:42:44.205;6.1;14.859243;2993328
1208;22:42:44.372;1.6;14.859879;2993724
1209;22:42:44.541;4.5;14.858370;2993120
1210;22:42:44.715;3.0;14.857973;2992852
1211;22:42:44.882;1.6;14.858310;2993160
1212;22:42:45.051;3.2;14.857059;2992668
1213;22:42:45.223;4.5;14.857734;2993024
1214;22:42:45.392;1.6;14.855808;2992636
1215;22:42:45.559;9.2;14.859104;2993300
1216;22:42:45.731;3.0;14.857933;2993336
1217;22:42:45.900;5.8;14.855947;2992512
1218;22:42:46.070;1.6;14.857337;2993056
1219;22:42:46.238;1.5;14.859124;2993304
1220;22:42:46.406;1.6;14.858251;2992908
1221;22:42:46.574;6.3;14.855947;2992664
1222;22:42:46.745;3.1;14.855749;2992624
1223;22:42:46.912;4.7;14.857000;2992876
1224;22:42:47.084;4.7;14.852472;2992004
1225;22:42:47.252;3.2;14.857139;2992904
1226;22:42:47.422;4.5;14.851777;2991824
1227;22:42:47.592;3.1;14.855530;2992580
1228;22:42:47.760;1.6;14.854517;2992376
1229;22:42:47.927;4.5;14.852989;2992200
1230;22:42:48.095;1.5;14.855649;2992604
1231;22:42:48.263;3.0;14.855014;2992476
1232;22:42:48.430;0.0;14.853088;2992124
1233;22:42:48.599;3.2;14.854418;2992396
1234;22:42:48.766;4.5;14.853922;2992036
1235;22:42:48.937;1.5;14.855332;2992760
1236;22:42:49.106;3.1;14.858866;2993252
1237;22:42:49.273;1.6;14.857893;2993056
1238;22:42:49.440;3.1;14.857278;2992932
1239;22:42:49.609;3.1;14.857913;2993060
1240;22:42:49.777;1.6;14.856344;2992744
1241;22:42:49.944;3.1;14.853564;2992184
1242;22:42:50.114;3.0;14.855729;2992400
1243;22:42:50.291;5.8;14.856980;2992920
1244;22:42:50.466;6.2;14.858231;2993400
1245;22:42:50.637;3.1;14.857516;2993256
1246;22:42:50.810;2.9;14.859362;2993352
1247;22:42:50.985;3.1;14.858727;2993004
1248;22:42:51.152;1.6;14.857317;2992720
1249;22:42:51.324;0.0;14.857039;2993404
1250;22:42:51.496;3.1;14.858251;2993396
1251;22:42:51.670;4.8;14.860911;2993444
1252;22:42:51.839;3.1;14.858409;2993420
1253;22:42:52.007;1.5;14.858985;2993276
1254;22:42:52.176;3.1;14.858945;2993268
1255;22:42:52.346;1.5;14.858052;2993088
1256;22:42:52.514;1.6;14.858052;2993088
1257;22:42:52.682;3.1;14.860375;2993556
1258;22:42:52.852;3.0;14.859343;2993128
1259;22:42:53.025;0.0;14.858409;2993420
1260;22:42:53.197;3.1;14.857675;2993272
1261;22:42:53.365;3.0;14.858747;2993228
1262;22:42:53.533;1.5;14.859422;2993144
1263;22:42:53.704;1.6;14.858052;2993088
1264;22:42:53.872;1.6;14.857853;2993064
1265;22:42:54.042;1.6;14.858052;2993088
1266;22:42:54.210;0.0;14.857973;2993072
1267;22:42:54.379;2.9;14.855967;2992668
1268;22:42:54.551;4.5;14.856563;2992788
1269;22:42:54.721;3.3;14.860494;2993580
1270;22:42:54.889;1.6;14.860395;2993560
1271;22:42:55.058;1.6;14.860494;2993360
1272;22:42:55.226;1.6;14.860117;2993544
1273;22:42:55.394;1.6;14.859184;2993316
1274;22:42:55.563;1.6;14.859025;2993284
1275;22:42:55.731;6.2;14.860157;2993292
1276;22:42:55.898;3.1;14.860038;2993528
1277;22:42:56.067;0.0;14.858806;2993240
1278;22:42:56.236;0.0;14.857139;2992904
1279;22:42:56.403;2.8;14.857337;2992724
1280;22:42:56.571;1.5;14.855868;2992648
1281;22:42:56.745;3.2;14.857754;2993272
1282;22:42:56.913;4.5;14.858926;2993264
1283;22:42:57.087;3.1;14.863036;2993872
1284;22:42:57.255;1.6;14.860018;2993744
1285;22:42:57.429;3.1;14.858926;2993272
1286;22:42:57.602;1.5;14.861308;2993704
1287;22:42:57.781;1.6;14.862182;2993732
1288;22:42:57.953;1.6;14.862162;2993696
1289;22:42:58.123;3.1;14.860256;2993532
1290;22:42:58.291;3.3;14.859561;2993392
1291;22:42:58.459;0.0;14.859680;2993416
1292;22:42:58.626;1.5;14.860911;2993664
1293;22:42:58.797;3.0;14.861606;2993584
1294;22:42:58.970;3.1;14.860514;2993584
1295;22:42:59.138;4.5;14.858707;2993220
1296;22:42:59.310;3.1;14.859700;2993672
1297;22:42:59.483;1.5;14.862500;2993544
1298;22:42:59.658;3.1;14.858469;2993172
1299;22:42:59.830;3.0;14.861706;2993604
1300;22:43:00.008;0.0;14.862599;2994004
1301;22:43:00.175;3.0;14.861348;2993752
1302;22:43:00.347;4.5;14.860137;2993728
1303;22:43:00.523;1.5;14.862480;2993760
1304;22:43:00.697;4.5;14.859223;2992340
1305;22:43:00.879;1.7;14.855034;2992480
1306;22:43:01.047;4.5;14.855391;2992804
1307;22:43:01.215;1.5;14.860395;2993264
1308;22:43:01.382;3.2;14.860415;2993808
1309;22:43:01.550;3.2;14.862837;2994052
1310;22:43:01.717;3.1;14.861745;2993748
1311;22:43:01.886;3.1;14.860752;2994060
1312;22:43:02.055;1.6;14.860316;2993544
1313;22:43:02.223;4.7;14.859303;2993120
1314;22:43:02.391;1.6;14.859501;2993380
1315;22:43:02.561;3.0;14.859899;2993484
1316;22:43:02.738;3.2;14.861189;2993720
1317;22:43:02.907;1.6;14.861348;2993752
1318;22:43:03.081;3.1;14.860097;2993500
1319;22:43:03.254;3.0;14.858767;2993232
1320;22:43:03.430;3.1;14.857436;2993232
1321;22:43:03.605;1.6;14.861348;2993532
1322;22:43:03.773;3.2;14.860097;2993500
1323;22:43:03.940;1.6;14.858370;2993152
1324;22:43:04.114;3.0;14.858211;2993120
1325;22:43:04.289;1.6;14.859938;2993468
1326;22:43:04.462;1.5;14.859144;2993308
1327;22:43:04.639;3.1;14.857436;2992964
1328;22:43:04.810;3.1;14.857436;2992988
1329;22:43:04.982;3.1;14.855868;2992648
1330;22:43:05.157;3.0;14.858012;2993080
1331;22:43:05.324;3.2;14.859223;2993324
1332;22:43:05.494;3.0;14.859303;2993340
1333;22:43:05.668;0.0;14.858727;2993492
1334;22:43:05.843;1.5;14.861706;2993824
1335;22:43:06.018;3.1;14.859541;2993168
1336;22:43:06.192;3.0;14.857079;2992892
1337;22:43:06.366;3.1;14.858568;2993192
1338;22:43:06.535;3.1;14.860534;2993816
1339;22:43:06.702;3.2;14.860335;2993548
1340;22:43:06.873;1.6;14.860375;2993556
1341;22:43:07.040;1.6;14.862103;2993684
1342;22:43:07.209;3.1;14.858926;2993264
1343;22:43:07.376;0.0;14.859720;2993204
1344;22:43:07.544;1.5;14.858747;2993228
1345;22:43:07.712;1.6;14.860852;2993676
1346;22:43:07.880;1.5;14.860653;2993612
1347;22:43:08.048;1.5;14.861130;2993708
1348;22:43:08.216;3.1;14.859402;2993400
1349;22:43:08.383;1.5;14.861130;2993708
1350;22:43:08.552;4.6;14.862401;2993964
1351;22:43:08.720;6.2;14.861011;2993684
1352;22:43:08.889;3.2;14.860633;2993884
1353;22:43:09.058;3.0;14.862222;2993928
1354;22:43:09.228;4.6;14.862778;2994040
1355;22:43:09.396;1.6;14.863135;2994112
1356;22:43:09.563;1.6;14.862381;2993740
1357;22:43:09.733;3.1;14.860812;2993424
1358;22:43:09.901;1.5;14.857496;2992756
1359;22:43:10.071;3.1;14.858290;2993136
1360;22:43:10.242;1.6;14.858131;2993144
1361;22:43:10.410;1.6;14.862043;2993892
1362;22:43:10.577;2.9;14.861884;2993640
1363;22:43:10.746;3.1;14.860792;2993640
1364;22:43:10.916;1.5;14.859700;2993420
1365;22:43:11.084;3.1;14.856861;2993092
1366;22:43:11.252;3.1;14.860276;2993536
1367;22:43:11.419;1.5;14.859978;2993256
1368;22:43:11.586;1.6;14.859859;2993232
1369;22:43:11.754;1.6;14.859303;2993340
1370;22:43:11.921;1.5;14.859819;2993444
1371;22:43:12.088;3.1;14.859382;2993136
1372;22:43:12.256;1.5;14.859025;2993324
1373;22:43:12.423;1.5;14.859025;2993064
1374;22:43:12.590;3.1;14.857933;2993308
1375;22:43:12.757;3.1;14.861487;2993784
1376;22:43:12.926;1.6;14.861785;2993840
1377;22:43:13.094;1.6;14.863870;2994260
1378;22:43:13.262;4.5;14.861745;2993880
1379;22:43:13.429;1.6;14.860832;2993648
1380;22:43:13.596;4.5;14.860137;2993508
1381;22:43:13.764;7.8;14.861547;2993984
1382;22:43:13.933;1.6;14.860772;2993636
1383;22:43:14.101;3.1;14.859660;2993412
1384;22:43:14.270;3.0;14.861050;2993692
1385;22:43:14.438;3.1;14.860137;2993508
1386;22:43:14.606;3.1;14.862639;2994012
1387;22:43:14.774;1.6;14.862520;2993988
1388;22:43:14.941;1.5;14.862480;2993980
1389;22:43:15.110;3.1;14.861169;2993716
1390;22:43:15.277;3.0;14.862956;2993856
1391;22:43:15.444;1.6;14.861864;2993856
1392;22:43:15.611;3.0;14.860296;2993540
1393;22:43:15.778;1.6;14.860574;2993596
1394;22:43:15.946;1.6;14.859621;2993404
1395;22:43:16.113;1.5;14.858846;2993508
1396;22:43:16.280;1.6;14.860455;2993352
1397;22:43:16.448;1.6;14.857556;2993028
1398;22:43:16.615;3.2;14.860415;2993564
1399;22:43:16.783;3.1;14.862321;2993948
1400;22:43:16.955;1.6;14.863175;2994120
1401;22:43:17.122;3.1;14.862738;2994544
1402;22:43:17.290;3.1;14.861169;2993756
1403;22:43:17.457;1.6;14.862301;2993724
1404;22:43:17.625;3.2;14.860971;2994016
1405;22:43:17.792;4.7;14.861825;2993848
1406;22:43:17.964;1.6;14.862996;2994084
1407;22:43:18.131;1.6;14.861050;2993472
1408;22:43:18.299;4.7;14.857575;2992552
1409;22:43:18.466;1.5;14.858370;2992932
1410;22:43:18.633;1.5;14.857456;2993212
1411;22:43:18.802;1.6;14.858211;2993428
1412;22:43:18.972;1.5;14.862103;2993904
1413;22:43:19.139;4.7;14.861567;2993576
1414;22:43:19.306;3.1;14.860872;2993916
1415;22:43:19.474;0.0;14.860018;2993484
1416;22:43:19.641;1.5;14.860355;2993332
1417;22:43:19.808;3.1;14.858588;2993892
1418;22:43:19.980;1.5;14.861209;2993504
1419;22:43:20.147;3.1;14.860355;2993332
1420;22:43:20.314;1.6;14.859223;2993324
1421;22:43:20.482;1.6;14.859541;2993168
1422;22:43:20.650;1.6;14.860316;2993544
1423;22:43:20.817;3.1;14.860653;2993612
1424;22:43:20.986;3.1;14.859164;2993312
1425;22:43:21.154;1.6;14.857973;2993072
1426;22:43:21.322;1.4;14.857953;2993068
1427;22:43:21.491;0.0;14.856900;2992856
1428;22:43:21.659;1.6;14.858985;2993292
1429;22:43:21.826;1.6;14.859382;2993136
1430;22:43:21.997;1.5;14.858985;2993276
1431;22:43:22.164;0.0;14.860872;2993696
1432;22:43:22.331;3.2;14.860395;2993340
1433;22:43:22.499;0.0;14.859144;2993308
1434;22:43:22.666;1.6;14.857893;2993056
1435;22:43:22.834;1.6;14.860514;2993584
1436;22:43:23.002;1.6;14.858985;2993536
1437;22:43:23.170;1.6;14.860395;2993560
1438;22:43:23.338;3.1;14.860236;2993528
1439;22:43:23.506;1.6;14.858667;2992992
1440;22:43:23.673;1.6;14.858330;2993144
1441;22:43:23.840;3.1;14.861050;2993692
1442;22:43:24.008;0.0;14.857575;2992992
1443;22:43:24.175;1.6;14.858548;2993456
1444;22:43:24.342;1.5;14.858509;2993180
1445;22:43:24.511;0.0;14.857297;2992936
1446;22:43:24.678;3.0;14.855848;2992904
1447;22:43:24.845;0.0;14.858667;2993440
1448;22:43:25.016;1.6;14.862103;2993904
1449;22:43:25.183;3.0;14.860852;2993652
1450;22:43:25.351;1.6;14.861249;2993732
1451;22:43:25.519;1.6;14.859760;2993432
1452;22:43:25.686;1.5;14.858191;2993116
1453;22:43:25.853;1.6;14.859362;2993352
1454;22:43:26.027;1.5;14.858509;2992960
1455;22:43:26.194;1.6;14.861249;2993512
1456;22:43:26.362;1.6;14.862301;2993724
1457;22:43:26.530;1.6;14.862301;2993880
1458;22:43:26.698;1.6;14.862500;2993984
1459;22:43:26.866;3.2;14.859263;2993332
1460;22:43:27.035;1.5;14.860852;2993652
1461;22:43:27.204;3.1;14.861944;2993872
1462;22:43:27.371;3.1;14.861467;2993556
1463;22:43:27.539;0.0;14.859462;2993372
1464;22:43:27.706;1.6;14.858330;2993404
1465;22:43:27.874;1.6;14.861189;2993488
1466;22:43:28.045;0.0;14.861209;2993284
1467;22:43:28.212;1.6;14.857992;2993076
1468;22:43:28.379;3.0;14.858330;2992924
1469;22:43:28.547;3.1;14.857317;2993184
1470;22:43:28.714;1.6;14.857933;2993412
1471;22:43:28.882;1.6;14.859879;2993236
1472;22:43:29.053;1.5;14.860256;2993532
1473;22:43:29.220;1.6;14.859859;2993720
1474;22:43:29.388;1.5;14.860455;2993352
1475;22:43:29.556;3.1;14.858449;2993168
1476;22:43:29.723;3.2;14.859998;2993480
1477;22:43:29.891;1.6;14.860157;2993512
1478;22:43:30.063;4.7;14.859184;2993576
1479;22:43:30.232;1.6;14.858588;2992976
1480;22:43:30.400;3.1;14.858945;2993268
1481;22:43:30.568;3.2;14.854140;2992300
Build Completed
