ID; Time; Network interface; TBPS; RBPS
1;08:06:53.418;enp0s25;25259;519806
2;08:06:54.427;enp0s25;24899;716248
3;08:06:55.434;enp0s25;0;0
4;08:06:56.440;enp0s25;0;64
5;08:06:57.447;enp0s25;0;0
6;08:06:58.454;enp0s25;20998;449793
7;08:06:59.464;enp0s25;150867;6921281
8;08:07:00.471;enp0s25;150564;6992036
9;08:07:01.479;enp0s25;137306;7069396
10;08:07:02.494;enp0s25;122484;6929804
11;08:07:03.501;enp0s25;143662;7158888
12;08:07:04.508;enp0s25;145261;6832102
13;08:07:05.515;enp0s25;131532;7167996
14;08:07:06.527;enp0s25;135772;6556306
15;08:07:07.536;enp0s25;153917;7040793
16;08:07:08.546;enp0s25;134766;6706588
17;08:07:09.558;enp0s25;125128;5537664
18;08:07:10.565;enp0s25;125025;5537115
19;08:07:11.576;enp0s25;77520;2274163
20;08:07:12.590;enp0s25;130401;5304976
21;08:07:13.598;enp0s25;14128;654053
22;08:07:14.607;enp0s25;0;458
23;08:07:15.615;enp0s25;0;0
24;08:07:16.622;enp0s25;0;64
25;08:07:17.629;enp0s25;0;0
26;08:07:18.636;enp0s25;0;64
27;08:07:19.643;enp0s25;0;0
28;08:07:20.651;enp0s25;0;64
29;08:07:21.658;enp0s25;0;0
30;08:07:22.665;enp0s25;64;128
31;08:07:23.672;enp0s25;0;0
32;08:07:24.679;enp0s25;0;64
33;08:07:25.688;enp0s25;0;0
34;08:07:26.695;enp0s25;0;64
35;08:07:27.703;enp0s25;0;0
36;08:07:28.710;enp0s25;0;64
37;08:07:29.717;enp0s25;0;0
38;08:07:30.723;enp0s25;0;64
39;08:07:31.730;enp0s25;0;0
40;08:07:32.737;enp0s25;0;64
41;08:07:33.744;enp0s25;2106;3982
42;08:07:34.751;enp0s25;39086;957509
43;08:07:35.759;enp0s25;0;0
44;08:07:36.765;enp0s25;0;64
45;08:07:37.772;enp0s25;0;0
46;08:07:38.779;enp0s25;306;826
47;08:07:39.914;enp0s25;494;2779
48;08:07:40.922;enp0s25;0;64
49;08:07:41.929;enp0s25;0;0
50;08:07:42.936;enp0s25;0;64
51;08:07:43.943;enp0s25;0;0
52;08:07:44.949;enp0s25;64;128
53;08:07:45.956;enp0s25;0;0
54;08:07:46.963;enp0s25;0;64
55;08:07:47.970;enp0s25;0;0
56;08:07:48.978;enp0s25;0;64
57;08:07:49.985;enp0s25;0;0
58;08:07:50.992;enp0s25;0;64
59;08:07:52.000;enp0s25;215;380
60;08:07:53.007;enp0s25;0;64
61;08:07:54.014;enp0s25;128;153
62;08:07:55.022;enp0s25;0;64
63;08:07:56.029;enp0s25;64;64
64;08:07:57.041;enp0s25;0;64
65;08:07:58.048;enp0s25;0;0
66;08:07:59.056;enp0s25;61055;840827
67;08:08:00.064;enp0s25;142612;2573584
68;08:08:01.071;enp0s25;116657;2238896
69;08:08:02.078;enp0s25;180766;4639651
70;08:08:03.085;enp0s25;18116;129245
71;08:08:04.092;enp0s25;49506;648804
72;08:08:05.099;enp0s25;42145;485493
73;08:08:06.105;enp0s25;66245;1773662
74;08:08:07.112;enp0s25;48950;757554
75;08:08:08.119;enp0s25;53337;827300
76;08:08:09.125;enp0s25;47784;402927
77;08:08:10.132;enp0s25;46433;542325
78;08:08:11.138;enp0s25;46146;1153949
79;08:08:12.149;enp0s25;38011;341581
80;08:08:13.156;enp0s25;71423;1333593
81;08:08:14.163;enp0s25;61790;1349745
82;08:08:15.175;enp0s25;51532;976191
83;08:08:16.182;enp0s25;46601;955538
84;08:08:17.189;enp0s25;50860;1065126
85;08:08:18.196;enp0s25;52809;640005
86;08:08:19.203;enp0s25;43507;824792
87;08:08:20.210;enp0s25;50771;1915678
88;08:08:21.217;enp0s25;39461;195432
89;08:08:22.224;enp0s25;32488;601206
90;08:08:23.231;enp0s25;57390;1400556
91;08:08:24.238;enp0s25;50518;1312598
92;08:08:25.245;enp0s25;54760;969928
93;08:08:26.253;enp0s25;65495;2636920
94;08:08:27.264;enp0s25;107543;4902861
95;08:08:28.271;enp0s25;93420;4370056
96;08:08:29.280;enp0s25;79271;5564373
97;08:08:30.292;enp0s25;65381;4550226
98;08:08:31.299;enp0s25;54632;2117359
99;08:08:32.306;enp0s25;28280;816914
100;08:08:33.313;enp0s25;52034;1579634
101;08:08:34.320;enp0s25;53460;1162796
102;08:08:35.327;enp0s25;30128;543955
103;08:08:36.334;enp0s25;63191;3171533
104;08:08:37.341;enp0s25;41161;389370
105;08:08:38.348;enp0s25;57966;1399521
106;08:08:39.355;enp0s25;129180;33589
107;08:08:40.362;enp0s25;64;128
108;08:08:41.369;enp0s25;0;0
109;08:08:42.376;enp0s25;0;64
110;08:08:43.383;enp0s25;0;0
111;08:08:44.392;enp0s25;0;64
112;08:08:45.399;enp0s25;0;0
113;08:08:46.406;enp0s25;0;64
114;08:08:47.413;enp0s25;0;0
115;08:08:48.420;enp0s25;0;64
116;08:08:49.426;enp0s25;0;0
117;08:08:50.433;enp0s25;9485;193949
118;08:08:51.440;enp0s25;91892;1744487
119;08:08:52.449;enp0s25;31546;532960
120;08:08:53.462;enp0s25;35197;210306
121;08:08:54.469;enp0s25;64997;1174963
122;08:08:55.476;enp0s25;1920;960
123;08:08:56.483;enp0s25;87801;1950272
124;08:08:57.493;enp0s25;105102;2752893
125;08:08:58.503;enp0s25;29668;669656
126;08:08:59.515;enp0s25;15912;314350
127;08:09:00.535;enp0s25;39984;786398
128;08:09:01.542;enp0s25;45189;1127147
129;08:09:02.548;enp0s25;64;888
130;08:09:03.555;enp0s25;0;1150
131;08:09:04.562;enp0s25;85932;1232482
132;08:09:05.569;enp0s25;126046;2766635
133;08:09:06.576;enp0s25;1536;72969
134;08:09:07.588;enp0s25;0;0
135;08:09:08.596;enp0s25;0;64
136;08:09:09.603;enp0s25;1920;960
137;08:09:10.610;enp0s25;0;64
138;08:09:11.617;enp0s25;0;0
139;08:09:12.624;enp0s25;64;128
140;08:09:13.630;enp0s25;0;386
141;08:09:14.637;enp0s25;0;64
142;08:09:15.643;enp0s25;0;0
143;08:09:16.650;enp0s25;0;64
144;08:09:17.656;enp0s25;0;0
145;08:09:18.663;enp0s25;0;64
146;08:09:19.669;enp0s25;0;0
147;08:09:20.677;enp0s25;0;64
148;08:09:21.684;enp0s25;0;0
149;08:09:22.690;enp0s25;0;64
150;08:09:23.697;enp0s25;64;64
151;08:09:24.703;enp0s25;0;64
152;08:09:25.710;enp0s25;0;0
153;08:09:26.720;enp0s25;1514;3352
154;08:09:27.729;enp0s25;0;0
