ID; Time; CPU %; MEM %; MEM KiB
1;11:58:09.912;1.6;19.824500;3993556
2;11:58:10.086;3.1;19.822495;3993460
3;11:58:10.255;5.9;19.820509;3993020
4;11:58:10.423;2.9;19.824183;3993492
5;11:58:10.593;3.1;19.834429;3995556
6;11:58:10.762;3.1;19.832562;3995684
7;11:58:10.935;4.5;19.839730;3998112
8;11:58:11.108;4.8;19.848686;3998428
9;11:58:11.278;1.5;19.849837;3998660
10;11:58:11.449;0.0;19.849341;3998560
11;11:58:11.618;4.8;19.851803;3999056
12;11:58:11.789;3.3;19.847653;3998448
13;11:58:11.962;1.6;19.849023;3998496
14;11:58:12.133;4.8;19.849778;3999012
15;11:58:12.306;1.6;19.853630;3999204
16;11:58:12.476;1.5;19.852339;3999164
17;11:58:12.648;3.0;19.852458;3999212
18;11:58:12.818;1.7;19.849321;3998556
19;11:58:12.990;0.0;19.850195;3998732
20;11:58:13.160;1.5;19.859130;4000092
21;11:58:13.334;1.5;19.869078;4002536
22;11:58:13.507;3.0;19.853769;3999452
23;11:58:13.683;0.0;19.850254;3998744
24;11:58:13.855;6.2;19.854047;3999508
25;11:58:14.031;1.5;19.863240;4001360
26;11:58:14.207;1.6;19.869317;4002364
27;11:58:14.381;4.5;19.852955;3999288
28;11:58:14.555;0.0;19.851545;3999004
29;11:58:14.725;1.6;19.856787;4000060
30;11:58:14.903;4.8;19.849281;3998336
31;11:58:15.075;1.7;19.850036;3999000
32;11:58:15.248;1.7;19.850810;3998856
33;11:58:15.418;0.0;19.849440;3998580
34;11:58:15.589;0.0;19.848348;3998360
35;11:58:15.758;1.7;19.849698;3998632
36;11:58:15.928;1.7;19.849539;3998600
37;11:58:16.098;3.3;19.846501;3997988
38;11:58:16.268;1.6;19.868502;4002420
39;11:58:16.437;3.2;19.898545;4008984
40;11:58:16.607;1.5;19.941852;4017196
41;11:58:16.775;0.0;19.966216;4022104
42;11:58:16.943;0.0;20.009563;4030616
43;11:58:17.111;1.5;20.038176;4036600
44;11:58:17.279;0.0;20.079378;4044900
45;11:58:17.447;1.6;20.120978;4053132
46;11:58:17.614;1.5;20.160909;4061176
47;11:58:17.782;1.6;20.203164;4069836
48;11:58:17.950;0.0;20.247722;4078812
49;11:58:18.118;1.5;20.275918;4084492
50;11:58:18.287;0.0;20.272225;4083748
51;11:58:18.455;0.0;20.270338;4083148
52;11:58:18.623;0.0;20.272006;4083704
53;11:58:18.791;0.0;20.272979;4083900
54;11:58:18.959;1.6;20.274230;4084152
55;11:58:19.127;0.0;20.274230;4084420
56;11:58:19.297;1.5;20.272562;4083816
57;11:58:19.465;0.0;20.272324;4084044
58;11:58:19.633;0.0;20.314380;4092020
59;11:58:19.802;0.0;20.366404;4102720
60;11:58:19.970;0.0;20.610897;4151492
61;11:58:20.140;3.1;20.822071;4194364
62;11:58:20.310;0.0;20.821554;4194660
63;11:58:20.478;1.5;20.824155;4194712
64;11:58:20.646;0.0;20.873102;4204792
65;11:58:20.814;0.0;20.914185;4213068
66;11:58:20.982;1.5;20.924391;4215460
67;11:58:21.151;1.6;20.927151;4215460
68;11:58:21.319;0.0;20.927866;4215824
69;11:58:21.487;0.0;20.927747;4215652
70;11:58:21.655;1.5;20.930288;4216092
71;11:58:21.824;0.0;20.928164;4215884
72;11:58:21.992;1.5;20.928382;4215928
73;11:58:22.160;1.6;20.927945;4215840
74;11:58:22.329;1.5;20.928759;4216004
75;11:58:22.497;0.0;20.928124;4215656
76;11:58:22.666;0.0;20.926039;4215456
77;11:58:22.835;4.5;20.927886;4215828
78;11:58:23.003;3.1;20.926357;4215300
79;11:58:23.172;0.0;20.924014;4215048
80;11:58:23.341;0.0;20.923716;4214768
81;11:58:23.510;2.7;20.925245;4215572
82;11:58:23.686;1.6;20.927528;4215756
83;11:58:23.861;4.6;20.927489;4215836
84;11:58:24.032;4.3;20.922008;4214644
85;11:58:24.203;1.6;20.928740;4216252
86;11:58:24.373;1.6;20.935769;4217416
87;11:58:24.548;1.5;20.932512;4216760
88;11:58:24.721;4.2;20.932671;4216792
89;11:58:24.893;2.7;20.935153;4217292
90;11:58:25.067;10.0;20.934399;4216920
91;11:58:25.238;1.4;20.931381;4216532
92;11:58:25.409;6.8;20.932572;4216552
93;11:58:25.581;9.1;20.931023;4216460
94;11:58:25.753;7.9;20.929971;4216532
95;11:58:25.923;12.0;20.930646;4216384
96;11:58:26.095;10.0;20.928938;4216080
97;11:58:26.267;10.0;20.926833;4215616
98;11:58:26.437;8.2;20.927747;4215960
99;11:58:26.609;14.9;20.927866;4215824
100;11:58:26.780;14.3;20.930904;4216436
101;11:58:26.951;12.7;20.932751;4216648
102;11:58:27.125;12.7;20.933783;4217016
103;11:58:27.297;10.0;20.930010;4216256
104;11:58:27.469;5.8;20.931003;4216616
105;11:58:27.641;3.0;20.931718;4216452
106;11:58:27.813;0.0;20.930765;4216408
107;11:58:27.984;3.1;20.931778;4216612
108;11:58:28.156;3.5;20.931857;4216408
109;11:58:28.328;0.0;20.930646;4216384
110;11:58:28.499;0.0;20.929951;4216244
111;11:58:28.670;1.8;20.933505;4216960
112;11:58:28.842;3.6;20.926694;4215588
113;11:58:29.012;1.9;20.929931;4216580
114;11:58:29.182;1.9;20.930983;4216452
115;11:58:29.353;0.0;20.929593;4216620
116;11:58:29.526;1.9;20.930805;4216584
117;11:58:29.697;0.0;20.932254;4216488
118;11:58:29.868;0.0;20.930408;4216336
119;11:58:30.041;0.0;20.932731;4217224
120;11:58:30.212;1.9;20.933366;4216932
121;11:58:30.384;0.0;20.931361;4216528
122;11:58:30.555;0.0;20.932195;4216264
123;11:58:30.725;0.0;20.933446;4216948
124;11:58:30.896;1.8;20.936226;4217508
125;11:58:31.068;1.9;20.933585;4216976
126;11:58:31.240;0.0;20.934240;4217108
127;11:58:31.410;0.0;20.932493;4216756
128;11:58:31.581;0.0;20.935014;4217264
129;11:58:31.752;0.0;20.934915;4217096
130;11:58:31.923;1.6;20.944526;4219180
131;11:58:32.092;0.0;20.963310;4223208
132;11:58:32.262;3.1;21.026692;4237764
133;11:58:32.431;1.5;21.122281;4254988
134;11:58:32.600;1.5;21.205301;4273980
135;11:58:32.768;1.6;21.328888;4296608
136;11:58:32.936;3.1;21.400828;4313148
137;11:58:33.106;0.0;21.502791;4331640
138;11:58:33.274;0.0;21.619170;4357100
139;11:58:33.442;3.1;21.725481;4376464
140;11:58:33.611;7.7;21.736343;4378940
141;11:58:33.780;1.6;21.819522;4395704
142;11:58:33.953;2.9;21.825558;4396660
143;11:58:34.121;1.5;21.825796;4396708
144;11:58:34.290;1.5;21.824089;4396364
145;11:58:34.458;1.5;21.825220;4396592
146;11:58:34.626;0.0;21.826094;4397028
147;11:58:34.795;1.5;21.827345;4397020
148;11:58:34.963;0.0;21.831416;4397840
149;11:58:35.132;1.5;21.828755;4397304
150;11:58:35.301;1.6;21.828973;4397128
151;11:58:35.470;1.5;21.837770;4399120
152;11:58:35.639;1.6;21.847082;4400996
153;11:58:35.808;3.0;21.867018;4405264
154;11:58:35.977;1.5;21.878773;4407380
155;11:58:36.146;0.0;22.049897;4445412
156;11:58:36.315;0.0;22.269291;4486048
157;11:58:36.483;1.5;22.271078;4486408
158;11:58:36.651;0.0;22.270065;4486204
159;11:58:36.819;0.0;22.269589;4486108
160;11:58:36.987;0.0;22.268576;4485904
161;11:58:37.156;1.5;22.268556;4485900
162;11:58:37.324;1.6;22.271296;4486452
163;11:58:37.494;1.5;22.292602;4490744
164;11:58:37.662;1.4;22.292642;4490752
165;11:58:37.830;0.0;22.292642;4490532
166;11:58:37.998;0.0;22.293436;4490912
167;11:58:38.167;0.0;22.293357;4490912
168;11:58:38.335;0.0;22.293754;4490976
169;11:58:38.504;1.6;22.293377;4490680
170;11:58:38.672;0.0;22.291113;4490728
171;11:58:38.845;1.5;22.299691;4492172
172;11:58:39.013;3.1;22.300287;4492072
173;11:58:39.190;1.5;22.300744;4492384
174;11:58:39.363;3.1;22.301756;4492588
175;11:58:39.539;0.0;22.300863;4492420
176;11:58:39.714;1.6;22.302630;4492764
177;11:58:39.884;1.5;22.301915;4492620
178;11:58:40.056;3.1;22.299155;4492064
179;11:58:40.230;3.1;22.299016;4492036
180;11:58:40.402;2.9;22.294886;4491204
181;11:58:40.575;1.6;22.295918;4491192
182;11:58:40.746;0.0;22.297686;4491768
183;11:58:40.924;1.6;22.300227;4492280
184;11:58:41.095;1.6;22.300704;4492376
185;11:58:41.268;3.0;22.297706;4491772
186;11:58:41.440;4.4;22.296931;4491876
187;11:58:41.617;1.6;22.299056;4492044
188;11:58:41.786;4.6;22.302789;4492576
189;11:58:41.954;0.0;22.300883;4492412
190;11:58:42.123;3.0;22.301776;4492592
191;11:58:42.295;4.5;22.302491;4492516
192;11:58:42.469;3.2;22.297984;4492004
193;11:58:42.640;4.8;22.297745;4491560
194;11:58:42.810;1.5;22.303663;4493124
195;11:58:42.983;0.0;22.314266;4495108
196;11:58:43.161;4.5;22.299830;4492200
197;11:58:43.335;3.4;22.298341;4492052
198;11:58:43.506;7.4;22.300863;4492408
199;11:58:43.682;0.0;22.308646;4493976
200;11:58:43.858;1.5;22.316113;4495480
201;11:58:44.035;3.1;22.297388;4491708
202;11:58:44.209;1.7;22.297646;4491760
203;11:58:44.378;3.2;22.300346;4492304
204;11:58:44.554;1.7;22.295839;4491396
205;11:58:44.724;1.7;22.293794;4490984
206;11:58:44.895;1.8;22.293099;4490584
207;11:58:45.066;1.7;22.290200;4490260
208;11:58:45.235;0.0;22.293377;4490748
209;11:58:45.404;1.6;22.291471;4490516
210;11:58:45.573;3.2;22.292841;4490688
211;11:58:45.742;1.6;22.293496;4490924
212;11:58:45.913;1.7;22.292702;4490764
213;11:58:46.083;4.5;22.294012;4491028
214;11:58:46.254;1.5;22.295124;4491252
215;11:58:46.422;0.0;22.336724;4499412
216;11:58:46.590;0.0;22.366330;4505376
217;11:58:46.758;0.0;22.406956;4513560
218;11:58:46.926;0.0;22.448377;4522124
219;11:58:47.094;1.5;22.480961;4528688
220;11:58:47.262;0.0;22.530980;4538544
221;11:58:47.430;1.5;22.573353;4547080
222;11:58:47.598;0.0;22.613245;4555116
223;11:58:47.765;1.5;22.641203;4561304
224;11:58:47.933;1.4;22.653256;4563396
225;11:58:48.102;0.0;22.656790;4564188
226;11:58:48.270;0.0;22.656155;4563760
227;11:58:48.438;1.6;22.655242;4563796
228;11:58:48.606;1.5;22.654090;4563564
229;11:58:48.774;0.0;22.653494;4563444
230;11:58:48.942;0.0;22.652144;4563340
231;11:58:49.110;0.0;22.653454;4563436
232;11:58:49.278;1.5;22.693604;4571524
233;11:58:49.446;1.5;22.745469;4581752
234;11:58:49.613;0.0;22.786215;4590180
235;11:58:49.782;2.9;23.214817;4677020
236;11:58:49.966;1.6;23.237751;4681140
237;11:58:50.135;0.0;23.237791;4681148
238;11:58:50.304;1.6;23.278318;4689564
239;11:58:50.472;0.0;23.280820;4689816
240;11:58:50.641;1.6;23.331375;4700000
241;11:58:50.809;0.0;23.331375;4699780
242;11:58:50.978;3.1;23.331573;4699820
243;11:58:51.147;0.0;23.331772;4700080
244;11:58:51.315;0.0;23.333003;4700376
245;11:58:51.484;1.4;23.333341;4700396
246;11:58:51.653;1.5;23.333579;4700444
247;11:58:51.822;1.6;23.332209;4700168
248;11:58:51.990;0.0;23.332070;4700140
249;11:58:52.158;0.0;23.332070;4700140
250;11:58:52.326;1.5;23.332110;4700148
251;11:58:52.494;4.7;23.326669;4698648
252;11:58:52.670;2.9;23.327404;4699452
253;11:58:52.847;0.0;23.329945;4699712
254;11:58:53.016;1.5;23.329071;4699536
255;11:58:53.184;1.5;23.329151;4699552
256;11:58:53.352;0.0;23.329111;4699544
257;11:58:53.521;1.5;23.330362;4699796
258;11:58:53.690;0.0;23.330322;4699788
259;11:58:53.859;3.1;23.330322;4699788
260;11:58:54.028;1.4;23.329171;4699888
261;11:58:54.204;4.8;23.333678;4700464
262;11:58:54.374;1.5;23.333063;4700120
263;11:58:54.543;0.0;23.334036;4700316
264;11:58:54.712;1.6;23.332010;4700128
265;11:58:54.881;0.0;23.332864;4700300
266;11:58:55.050;0.0;23.333718;4700472
267;11:58:55.218;0.0;23.336379;4701008
268;11:58:55.386;0.0;23.337729;4701280
269;11:58:55.554;1.6;23.539252;4742268
270;11:58:55.725;4.6;23.735772;4781716
271;11:58:55.903;1.6;23.739148;4781924
272;11:58:56.074;0.0;23.739227;4782444
273;11:58:56.243;0.0;23.738751;4782316
274;11:58:56.412;0.0;23.738334;4781760
275;11:58:56.580;0.0;23.737917;4781896
276;11:58:56.749;1.6;23.737480;4781588
277;11:58:56.918;0.0;23.738334;4781980
278;11:58:57.087;1.4;23.738532;4782288
279;11:58:57.256;1.6;23.740379;4782392
280;11:58:57.425;0.0;23.739227;4782412
281;11:58:57.594;0.0;23.738909;4782096
282;11:58:57.763;1.6;23.738929;4781952
283;11:58:57.931;0.0;23.738890;4782360
284;11:58:58.099;0.0;23.739307;4782176
285;11:58:58.267;1.5;23.738095;4781712
286;11:58:58.436;3.1;23.736010;4781512
287;11:58:58.605;0.0;23.734898;4781140
288;11:58:58.774;0.0;23.736685;4781648
289;11:58:58.943;0.0;23.738175;4782232
290;11:58:59.113;3.1;23.736646;4782324
291;11:58:59.288;3.3;23.735176;4781344
292;11:58:59.459;3.3;23.738552;4781972
293;11:58:59.631;1.8;23.739048;4781964
294;11:58:59.801;0.0;23.739684;4782404
295;11:58:59.974;0.0;23.737043;4781720
296;11:59:00.144;0.0;23.733528;4781092
297;11:59:00.314;0.0;23.739267;4781872
298;11:59:00.484;1.9;23.739664;4782248
299;11:59:00.657;1.9;23.735554;4781580
300;11:59:00.829;0.0;23.737420;4781796
301;11:59:00.999;0.0;23.739426;4782200
302;11:59:01.169;1.9;23.745800;4783484
303;11:59:01.339;0.0;23.742086;4782568
304;11:59:01.510;0.0;23.742642;4782700
305;11:59:01.681;1.9;23.737797;4781872
306;11:59:01.851;1.8;23.740339;4782384
307;11:59:02.022;2.0;23.739485;4782212
308;11:59:02.193;1.9;23.741094;4782728
309;11:59:02.364;1.9;23.742702;4782860
310;11:59:02.534;0.0;23.744509;4783076
311;11:59:02.704;1.9;23.742404;4782960
312;11:59:02.875;1.8;23.744291;4783432
313;11:59:03.047;1.9;23.741014;4782360
314;11:59:03.217;1.9;23.740260;4782368
315;11:59:03.390;0.0;23.738850;4782084
316;11:59:03.561;0.0;23.738512;4781796
317;11:59:03.733;1.6;23.737003;4781544
318;11:59:03.903;0.0;23.740220;4782360
319;11:59:04.073;1.8;23.734263;4781340
320;11:59:04.244;0.0;23.737897;4781924
321;11:59:04.415;3.7;23.740677;4782704
322;11:59:04.585;1.9;23.739128;4782140
323;11:59:04.756;0.0;23.738195;4781952
324;11:59:04.926;0.0;23.739108;4782136
325;11:59:05.096;1.8;23.741094;4782368
326;11:59:05.267;1.8;23.742841;4782888
327;11:59:05.439;1.8;23.745383;4783400
328;11:59:05.609;1.7;23.743695;4783060
329;11:59:05.780;1.8;23.743556;4783284
330;11:59:05.950;0.0;23.746554;4783636
331;11:59:06.121;3.3;23.745105;4783344
332;11:59:06.291;1.8;23.742881;4782896
333;11:59:06.464;3.3;23.744191;4783160
334;11:59:06.636;0.0;23.745899;4783504
335;11:59:06.808;3.1;23.746256;4783576
336;11:59:06.979;1.7;23.745144;4783352
337;11:59:07.150;1.6;23.745442;4783260
338;11:59:07.321;3.2;23.742364;4782824
339;11:59:07.493;0.0;23.743278;4782456
340;11:59:07.663;0.0;23.740855;4782488
341;11:59:07.834;0.0;23.740617;4782700
342;11:59:08.006;0.0;23.739525;4782220
343;11:59:08.178;2.9;23.739803;4782444
344;11:59:08.350;1.5;23.743079;4782936
345;11:59:08.521;3.0;23.743635;4783048
346;11:59:08.693;4.3;23.740835;4782484
347;11:59:08.864;1.5;23.740557;4782428
348;11:59:09.036;1.5;23.740438;4782184
349;11:59:09.206;1.5;23.737519;4781816
350;11:59:09.377;3.0;23.741352;4782368
351;11:59:09.547;2.9;23.739366;4781968
352;11:59:09.718;6.0;23.738214;4781956
353;11:59:09.888;1.5;23.738214;4781956
354;11:59:10.060;1.5;23.739823;4782280
355;11:59:10.230;1.5;23.738254;4781964
356;11:59:10.400;1.5;23.737817;4781876
357;11:59:10.572;5.6;23.731781;4780660
358;11:59:10.742;2.9;23.734521;4781148
359;11:59:10.914;2.9;23.735494;4781408
360;11:59:11.084;1.4;23.734442;4781764
361;11:59:11.254;4.2;23.733866;4780888
362;11:59:11.425;3.1;23.733588;4781276
363;11:59:11.595;1.6;23.736388;4781588
364;11:59:11.763;3.1;23.730371;4780376
365;11:59:11.933;1.6;23.732952;4780896
366;11:59:12.102;1.6;23.798598;4794120
367;11:59:12.270;1.6;23.902467;4815044
368;11:59:12.438;0.0;23.995197;4835740
369;11:59:12.606;0.0;24.108022;4856452
370;11:59:12.774;4.6;24.147735;4864452
371;11:59:12.942;3.1;24.219516;4878912
372;11:59:13.112;0.0;24.312325;4897608
373;11:59:13.279;1.6;24.398244;4915168
374;11:59:13.449;1.5;24.465478;4931012
375;11:59:13.617;1.5;24.570459;4949608
376;11:59:13.785;0.0;24.602409;4956044
377;11:59:13.953;0.0;24.634477;4962504
378;11:59:14.122;0.0;24.661660;4967652
379;11:59:14.292;1.6;24.701651;4975968
380;11:59:14.461;0.0;24.752603;4986560
381;11:59:14.630;0.0;24.768230;4989692
382;11:59:14.799;1.5;24.807764;4997656
383;11:59:14.969;0.0;24.887071;5013388
384;11:59:15.138;0.0;24.992986;5034576
385;11:59:15.306;3.1;25.053508;5046768
386;11:59:15.475;1.6;25.054144;5047140
387;11:59:15.645;0.0;25.053846;5046836
388;11:59:15.813;1.5;25.055732;5047364
389;11:59:15.982;1.5;25.055514;5047564
390;11:59:16.151;1.5;25.052019;5046616
391;11:59:16.320;0.0;25.332353;5103088
392;11:59:16.490;3.0;25.331301;5102876
393;11:59:16.659;0.0;25.331638;5102944
394;11:59:16.827;0.0;25.330943;5102508
395;11:59:16.995;3.1;25.332969;5103212
396;11:59:17.164;1.6;25.332889;5103048
397;11:59:17.333;1.6;25.331638;5102944
398;11:59:17.502;0.0;25.351812;5107008
399;11:59:17.671;1.5;25.353063;5107260
400;11:59:17.839;0.0;25.354314;5107364
401;11:59:18.009;0.0;25.354830;5107320
402;11:59:18.178;0.0;25.353282;5107356
403;11:59:18.348;1.6;25.352944;5107236
404;11:59:18.517;0.0;25.353083;5107264
405;11:59:18.685;0.0;25.349827;5106312
406;11:59:18.853;1.5;25.349390;5106780
Build Completed
