ID; Time; Network interface; TBPS; RBPS
1;21:04:52.722;enp0s25;15716;316161
2;21:04:53.744;enp0s25;47703;1243787
3;21:04:54.751;enp0s25;7060;271792
4;21:04:55.764;enp0s25;4550;198922
5;21:04:56.779;enp0s25;3984;168648
6;21:04:57.794;enp0s25;2870;121574
7;21:04:58.805;enp0s25;8330;359836
8;21:04:59.822;enp0s25;22480;932116
9;21:05:00.831;enp0s25;29770;1261705
10;21:05:01.847;enp0s25;4760;204994
11;21:05:02.863;enp0s25;10500;460160
12;21:05:03.878;enp0s25;21140;920244
13;21:05:04.887;enp0s25;5600;245158
14;21:05:05.900;enp0s25;4970;215252
15;21:05:06.917;enp0s25;28204;1226940
16;21:05:07.927;enp0s25;16380;712006
17;21:05:08.940;enp0s25;6580;288052
18;21:05:09.951;enp0s25;8890;391708
19;21:05:10.958;enp0s25;7000;305118
20;21:05:11.967;enp0s25;24220;1047484
21;21:05:12.975;enp0s25;30450;1324090
22;21:05:13.983;enp0s25;3990;177670
23;21:05:14.992;enp0s25;5660;212520
24;21:05:16.000;enp0s25;5600;242944
25;21:05:17.009;enp0s25;5040;221628
26;21:05:18.017;enp0s25;15324;660458
27;21:05:19.025;enp0s25;46480;2021976
28;21:05:20.032;enp0s25;19810;857734
29;21:05:21.040;enp0s25;13300;578358
30;21:05:22.047;enp0s25;26810;1159816
31;21:05:23.054;enp0s25;42545;1830708
32;21:05:24.061;enp0s25;17710;766654
33;21:05:25.071;enp0s25;5846;245916
34;21:05:26.081;enp0s25;9430;371974
35;21:05:27.089;enp0s25;37660;1640958
36;21:05:28.101;enp0s25;33575;1455826
37;21:05:29.108;enp0s25;37859;1493776
38;21:05:30.117;enp0s25;828;20947
39;21:05:31.124;enp0s25;0;0
40;21:05:32.131;enp0s25;0;64
41;21:05:33.138;enp0s25;0;172
42;21:05:34.145;enp0s25;0;64
43;21:05:35.152;enp0s25;9314;241791
44;21:05:36.163;enp0s25;23724;588279
45;21:05:37.173;enp0s25;8610;364320
46;21:05:38.181;enp0s25;3290;145792
47;21:05:39.189;enp0s25;3430;151800
48;21:05:40.200;enp0s25;3144;135316
49;21:05:41.210;enp0s25;4902;182160
50;21:05:42.217;enp0s25;7070;311254
51;21:05:43.229;enp0s25;11620;503976
52;21:05:44.237;enp0s25;11340;499486
53;21:05:45.247;enp0s25;11760;516120
54;21:05:46.259;enp0s25;4200;185260
55;21:05:47.275;enp0s25;4130;179124
56;21:05:48.289;enp0s25;4200;185260
57;21:05:49.298;enp0s25;5880;259578
58;21:05:50.312;enp0s25;5740;249016
59;21:05:51.326;enp0s25;5174;223210
60;21:05:52.344;enp0s25;4970;218656
61;21:05:53.360;enp0s25;3640;159390
62;21:05:54.375;enp0s25;10039;431176
63;21:05:55.388;enp0s25;12040;514602
64;21:05:56.399;enp0s25;12390;534400
65;21:05:57.415;enp0s25;11760;502458
66;21:05:58.432;enp0s25;11620;499486
67;21:05:59.447;enp0s25;12670;537372
68;21:06:00.460;enp0s25;10780;463054
69;21:06:01.468;enp0s25;12390;528264
70;21:06:02.479;enp0s25;12034;507226
71;21:06:03.489;enp0s25;11830;505580
72;21:06:04.499;enp0s25;12320;529846
73;21:06:05.511;enp0s25;12180;519156
74;21:06:06.521;enp0s25;11760;505558
75;21:06:07.532;enp0s25;11900;514602
76;21:06:08.542;enp0s25;12460;531364
77;21:06:09.555;enp0s25;11900;505494
78;21:06:10.567;enp0s25;11690;505558
79;21:06:11.578;enp0s25;12180;528264
80;21:06:12.592;enp0s25;11620;502522
81;21:06:13.608;enp0s25;7904;337060
82;21:06:14.627;enp0s25;11970;523774
83;21:06:15.642;enp0s25;12250;516120
84;21:06:16.656;enp0s25;12040;513148
85;21:06:17.670;enp0s25;11410;487278
86;21:06:18.688;enp0s25;10290;446356
87;21:06:19.705;enp0s25;11480;499422
88;21:06:20.720;enp0s25;4760;206512
89;21:06:21.734;enp0s25;3360;148764
90;21:06:22.746;enp0s25;3220;141238
91;21:06:23.755;enp0s25;3290;145792
92;21:06:24.766;enp0s25;3074;132216
93;21:06:25.776;enp0s25;3430;151864
94;21:06:26.788;enp0s25;4060;179124
95;21:06:27.801;enp0s25;5040;221692
96;21:06:28.811;enp0s25;7420;323334
97;21:06:29.821;enp0s25;10430;452428
98;21:06:30.837;enp0s25;3500;156354
99;21:06:31.850;enp0s25;3220;141238
100;21:06:32.868;enp0s25;3570;158044
101;21:06:33.880;enp0s25;5460;241426
102;21:06:34.891;enp0s25;10990;481206
103;21:06:35.904;enp0s25;5944;250598
104;21:06:36.920;enp0s25;3150;138138
105;21:06:37.937;enp0s25;2940;130612
106;21:06:38.951;enp0s25;3144;135166
107;21:06:39.965;enp0s25;3144;133712
108;21:06:40.973;enp0s25;6090;267168
109;21:06:41.988;enp0s25;11620;510112
110;21:06:43.003;enp0s25;12810;540408
111;21:06:44.014;enp0s25;11830;501004
112;21:06:45.023;enp0s25;12110;514602
113;21:06:46.032;enp0s25;7204;312836
114;21:06:47.042;enp0s25;11550;499422
115;21:06:48.051;enp0s25;12040;528328
116;21:06:49.060;enp0s25;11480;500940
117;21:06:50.074;enp0s25;11620;505558
118;21:06:51.084;enp0s25;11830;513084
119;21:06:52.092;enp0s25;7630;334024
120;21:06:53.106;enp0s25;3640;160908
121;21:06:54.123;enp0s25;3710;160972
122;21:06:55.137;enp0s25;3780;166980
123;21:06:56.152;enp0s25;4075;147310
124;21:06:57.162;enp0s25;4643;195886
125;21:06:58.180;enp0s25;9100;399298
126;21:06:59.198;enp0s25;11550;502458
127;21:07:00.213;enp0s25;8470;368938
128;21:07:01.228;enp0s25;3290;145728
129;21:07:02.240;enp0s25;6930;302146
130;21:07:03.249;enp0s25;2870;127684
131;21:07:04.264;enp0s25;3780;165526
132;21:07:05.281;enp0s25;3150;139656
133;21:07:06.296;enp0s25;3220;142756
134;21:07:07.306;enp0s25;3010;132066
135;21:07:08.317;enp0s25;2794;121568
136;21:07:09.327;enp0s25;2940;129116
137;21:07:10.338;enp0s25;2730;121504
138;21:07:11.353;enp0s25;2940;129030
139;21:07:12.369;enp0s25;2240;98734
140;21:07:13.385;enp0s25;4130;180642
141;21:07:14.397;enp0s25;9100;403852
142;21:07:15.409;enp0s25;11900;522192
143;21:07:16.423;enp0s25;11480;502522
144;21:07:17.439;enp0s25;11480;508530
145;21:07:18.454;enp0s25;10360;449392
146;21:07:19.468;enp0s25;12244;522256
147;21:07:20.479;enp0s25;11970;508594
148;21:07:21.495;enp0s25;11970;511566
149;21:07:22.509;enp0s25;7490;326434
150;21:07:23.526;enp0s25;8536;267168
151;21:07:24.536;enp0s25;5353;224728
152;21:07:25.551;enp0s25;5880;256542
153;21:07:26.558;enp0s25;11480;497968
154;21:07:27.567;enp0s25;11830;508530
155;21:07:28.576;enp0s25;12040;511630
156;21:07:29.584;enp0s25;12390;529782
157;21:07:30.591;enp0s25;12734;542054
158;21:07:31.599;enp0s25;12530;531300
159;21:07:32.608;enp0s25;12180;517702
160;21:07:33.617;enp0s25;3150;142864
161;21:07:34.626;enp0s25;2870;126058
162;21:07:35.635;enp0s25;2870;127512
163;21:07:36.644;enp0s25;2380;101770
164;21:07:37.653;enp0s25;4200;185196
165;21:07:38.662;enp0s25;9590;422068
166;21:07:39.674;enp0s25;12250;531300
167;21:07:40.686;enp0s25;9870;422068
168;21:07:41.697;enp0s25;3494;150346
169;21:07:42.707;enp0s25;3080;137050
170;21:07:43.718;enp0s25;2800;128630
171;21:07:44.729;enp0s25;3080;135926
172;21:07:45.742;enp0s25;5076;216706
173;21:07:46.753;enp0s25;10290;449660
174;21:07:47.766;enp0s25;11620;505558
175;21:07:48.780;enp0s25;12110;528658
176;21:07:49.797;enp0s25;11550;499486
177;21:07:50.815;enp0s25;8400;365838
178;21:07:51.829;enp0s25;11830;512842
179;21:07:52.841;enp0s25;12244;516796
180;21:07:53.853;enp0s25;12110;515512
181;21:07:54.870;enp0s25;11760;499054
182;21:07:55.887;enp0s25;11970;508926
183;21:07:56.900;enp0s25;12040;508530
184;21:07:57.911;enp0s25;12250;527960
185;21:07:58.920;enp0s25;12320;522192
186;21:07:59.933;enp0s25;12040;511630
187;21:08:00.941;enp0s25;12040;508530
188;21:08:01.953;enp0s25;12460;535918
189;21:08:02.967;enp0s25;12460;528264
190;21:08:03.979;enp0s25;12104;511866
191;21:08:04.991;enp0s25;9520;407156
192;21:08:06.005;enp0s25;4550;200440
193;21:08:07.023;enp0s25;4970;218592
194;21:08:08.039;enp0s25;5040;220174
195;21:08:09.051;enp0s25;10214;449392
196;21:08:10.059;enp0s25;11248;449392
197;21:08:11.072;enp0s25;10500;462990
198;21:08:12.089;enp0s25;12040;514666
199;21:08:13.105;enp0s25;11830;505494
200;21:08:14.117;enp0s25;11964;514730
201;21:08:15.129;enp0s25;12320;528264
202;21:08:16.139;enp0s25;10609;443320
203;21:08:17.154;enp0s25;6510;285384
204;21:08:18.172;enp0s25;6230;273304
205;21:08:19.184;enp0s25;5460;239844
206;21:08:20.196;enp0s25;6370;279376
207;21:08:21.206;enp0s25;7389;315744
208;21:08:22.215;enp0s25;11760;508594
209;21:08:23.227;enp0s25;12250;528264
210;21:08:24.238;enp0s25;11970;508594
211;21:08:25.250;enp0s25;13683;508985
212;21:08:26.262;enp0s25;14439;535680
213;21:08:27.272;enp0s25;13578;496386
214;21:08:28.285;enp0s25;11738;485824
215;21:08:29.300;enp0s25;11495;505494
216;21:08:30.317;enp0s25;12670;537436
217;21:08:31.331;enp0s25;11900;507012
218;21:08:32.342;enp0s25;5600;237204
219;21:08:33.354;enp0s25;490;21424
220;21:08:34.372;enp0s25;420;18280
221;21:08:35.389;enp0s25;490;21252
222;21:08:36.403;enp0s25;694;25934
223;21:08:37.416;enp0s25;980;40986
224;21:08:38.426;enp0s25;1820;79086
225;21:08:39.440;enp0s25;4060;179124
226;21:08:40.456;enp0s25;9240;403852
227;21:08:41.465;enp0s25;11900;519156
228;21:08:42.475;enp0s25;11340;497968
229;21:08:43.486;enp0s25;11480;502458
230;21:08:44.496;enp0s25;11340;491896
231;21:08:45.510;enp0s25;11760;511566
232;21:08:46.518;enp0s25;12250;525292
233;21:08:47.533;enp0s25;11684;502522
234;21:08:48.545;enp0s25;11830;517702
235;21:08:49.554;enp0s25;8470;364320
236;21:08:50.567;enp0s25;9730;425104
237;21:08:51.582;enp0s25;12390;529782
238;21:08:52.598;enp0s25;11900;510112
239;21:08:53.614;enp0s25;8680;371910
240;21:08:54.626;enp0s25;12810;545026
241;21:08:55.634;enp0s25;12320;519156
242;21:08:56.648;enp0s25;12740;548062
243;21:08:57.663;enp0s25;12740;541926
244;21:08:58.680;enp0s25;13100;545346
245;21:08:59.697;enp0s25;13997;541926
246;21:09:00.712;enp0s25;13275;524985
247;21:09:01.720;enp0s25;14407;529782
248;21:09:02.732;enp0s25;10640;452428
249;21:09:03.741;enp0s25;3360;144382
250;21:09:04.753;enp0s25;3150;139656
251;21:09:05.763;enp0s25;3570;157936
252;21:09:06.771;enp0s25;2940;129030
253;21:09:07.779;enp0s25;5180;226246
254;21:09:08.790;enp0s25;10360;452364
255;21:09:09.800;enp0s25;11474;496514
256;21:09:10.814;enp0s25;10220;444774
257;21:09:11.823;enp0s25;4410;194368
258;21:09:12.832;enp0s25;4410;194304
259;21:09:13.846;enp0s25;4480;198922
260;21:09:14.863;enp0s25;4060;179124
261;21:09:15.879;enp0s25;4130;182224
262;21:09:16.895;enp0s25;4410;194304
263;21:09:17.906;enp0s25;3360;148828
264;21:09:18.921;enp0s25;4130;182160
265;21:09:19.934;enp0s25;9660;422068
266;21:09:20.953;enp0s25;13055;519220
267;21:09:21.969;enp0s25;14506;246392
268;21:09:22.979;enp0s25;3997;71351
269;21:09:23.990;enp0s25;490;21316
270;21:09:25.008;enp0s25;420;18216
271;21:09:26.023;enp0s25;560;22834
272;21:09:27.031;enp0s25;490;19734
273;21:09:28.041;enp0s25;490;21316
274;21:09:29.052;enp0s25;751;21252
275;21:09:30.060;enp0s25;1060;24422
276;21:09:31.071;enp0s25;1239;21252
277;21:09:32.079;enp0s25;1060;21380
278;21:09:33.088;enp0s25;1451;21462
279;21:09:34.099;enp0s25;839;15626
280;21:09:35.110;enp0s25;661;18216
281;21:09:36.122;enp0s25;600;15384
282;21:09:37.140;enp0s25;420;18216
283;21:09:38.157;enp0s25;1247;18420
284;21:09:39.172;enp0s25;978;21252
285;21:09:40.184;enp0s25;1281;21316
286;21:09:41.197;enp0s25;974;21252
287;21:09:42.213;enp0s25;1277;21380
288;21:09:43.227;enp0s25;490;21252
289;21:09:44.243;enp0s25;727;21316
290;21:09:45.256;enp0s25;350;15180
291;21:09:46.266;enp0s25;420;18280
292;21:09:47.281;enp0s25;420;18216
293;21:09:48.294;enp0s25;599;15314
294;21:09:49.304;enp0s25;420;18216
295;21:09:50.316;enp0s25;420;18280
296;21:09:51.326;enp0s25;420;18216
297;21:09:52.336;enp0s25;1174;18420
298;21:09:53.347;enp0s25;1305;21730
299;21:09:54.360;enp0s25;661;18420
300;21:09:55.375;enp0s25;696;18286
301;21:09:56.390;enp0s25;743;21316
302;21:09:57.402;enp0s25;1027;21392
303;21:09:58.419;enp0s25;560;24352
304;21:09:59.432;enp0s25;1476;28842
305;21:10:00.451;enp0s25;1473;45604
306;21:10:01.467;enp0s25;1960;83490
307;21:10:02.480;enp0s25;3029;124540
308;21:10:03.489;enp0s25;4300;157872
309;21:10:04.505;enp0s25;6599;197640
310;21:10:05.522;enp0s25;10360;455400
311;21:10:06.539;enp0s25;3654;104876
312;21:10:07.551;enp0s25;712;16866
313;21:10:08.559;enp0s25;819;15244
314;21:10:09.572;enp0s25;892;18496
315;21:10:10.580;enp0s25;1148;16832
316;21:10:11.594;enp0s25;1297;24568
317;21:10:12.609;enp0s25;1209;21456
318;21:10:13.621;enp0s25;741;21252
319;21:10:14.633;enp0s25;1463;21386
320;21:10:15.648;enp0s25;5925;88424
321;21:10:16.661;enp0s25;6436;109920
322;21:10:17.675;enp0s25;490;18508
323;21:10:18.686;enp0s25;657;18280
324;21:10:19.700;enp0s25;1234;19874
325;21:10:20.713;enp0s25;961;18560
326;21:10:21.729;enp0s25;420;16698
327;21:10:22.744;enp0s25;490;21316
328;21:10:23.755;enp0s25;1205;30494
329;21:10:24.765;enp0s25;2330;48646
330;21:10:25.782;enp0s25;2572;103288
331;21:10:26.799;enp0s25;6265;144554
332;21:10:27.812;enp0s25;2658;63890
333;21:10:28.825;enp0s25;490;18368
334;21:10:29.836;enp0s25;350;15244
335;21:10:30.847;enp0s25;420;18216
336;21:10:31.862;enp0s25;560;21316
337;21:10:32.873;enp0s25;946;25806
338;21:10:33.886;enp0s25;980;26042
339;21:10:34.900;enp0s25;980;40986
340;21:10:35.910;enp0s25;1820;79000
341;21:10:36.922;enp0s25;910;39468
342;21:10:37.938;enp0s25;624;24416
343;21:10:38.956;enp0s25;490;21252
344;21:10:39.973;enp0s25;560;24352
345;21:10:40.987;enp0s25;490;21252
346;21:10:41.996;enp0s25;490;21316
347;21:10:43.011;enp0s25;690;18216
348;21:10:44.028;enp0s25;420;18280
349;21:10:45.044;enp0s25;560;24288
350;21:10:46.058;enp0s25;490;21316
351;21:10:47.074;enp0s25;490;21252
352;21:10:48.084;enp0s25;420;18280
353;21:10:49.097;enp0s25;554;21316
354;21:10:50.113;enp0s25;490;21316
355;21:10:51.128;enp0s25;700;33396
356;21:10:52.144;enp0s25;1400;59352
357;21:10:53.155;enp0s25;2940;129030
358;21:10:54.166;enp0s25;3990;176152
359;21:10:55.182;enp0s25;572;19734
360;21:10:56.200;enp0s25;490;18280
361;21:10:57.214;enp0s25;560;21252
362;21:10:58.229;enp0s25;420;16762
363;21:10:59.239;enp0s25;554;21316
364;21:11:00.251;enp0s25;420;18280
365;21:11:01.274;enp0s25;490;21252
366;21:11:02.289;enp0s25;420;18280
367;21:11:03.304;enp0s25;420;18216
368;21:11:04.317;enp0s25;490;21488
369;21:11:05.325;enp0s25;490;21406
370;21:11:06.336;enp0s25;630;28168
371;21:11:07.346;enp0s25;560;24288
372;21:11:08.358;enp0s25;490;21316
373;21:11:09.365;enp0s25;490;21252
374;21:11:10.372;enp0s25;554;21380
375;21:11:11.379;enp0s25;490;21252
376;21:11:12.389;enp0s25;770;31942
377;21:11:13.400;enp0s25;1120;48576
378;21:11:14.410;enp0s25;2380;101770
379;21:11:15.419;enp0s25;5670;248952
380;21:11:16.426;enp0s25;10850;441802
381;21:11:17.433;enp0s25;13945;586082
382;21:11:18.448;enp0s25;13414;555368
383;21:11:19.458;enp0s25;13829;554140
384;21:11:20.466;enp0s25;3394;138202
385;21:11:21.477;enp0s25;4310;145792
386;21:11:22.488;enp0s25;4066;135166
387;21:11:23.502;enp0s25;3290;145728
388;21:11:24.515;enp0s25;3570;157936
389;21:11:25.526;enp0s25;3360;148764
390;21:11:26.536;enp0s25;3780;165526
391;21:11:27.551;enp0s25;9584;410803
392;21:11:28.559;enp0s25;262;134
393;21:11:29.566;enp0s25;64;0
394;21:11:30.574;enp0s25;0;632
395;21:11:31.581;enp0s25;64;2464
396;21:11:32.588;enp0s25;64;1412
397;21:11:33.595;enp0s25;0;1466
398;21:11:34.602;enp0s25;0;64
399;21:11:35.613;enp0s25;0;1284
400;21:11:36.621;enp0s25;64;64
401;21:11:37.631;enp0s25;0;1214
402;21:11:38.638;enp0s25;0;64
403;21:11:39.645;enp0s25;0;0
404;21:11:40.652;enp0s25;0;64
405;21:11:41.660;enp0s25;0;0
406;21:11:42.668;enp0s25;0;64
407;21:11:43.676;enp0s25;64;64
408;21:11:44.683;enp0s25;64;450
409;21:11:45.689;enp0s25;0;0
410;21:11:46.697;enp0s25;0;64
411;21:11:47.704;enp0s25;0;0
412;21:11:48.710;enp0s25;9324;154232
413;21:11:49.722;enp0s25;25084;743096
414;21:11:50.729;enp0s25;0;64
415;21:11:51.736;enp0s25;0;0
416;21:11:52.743;enp0s25;164;756
417;21:11:53.750;enp0s25;851;3159
418;21:11:54.756;enp0s25;64;502
419;21:11:55.764;enp0s25;0;64
420;21:11:56.771;enp0s25;0;0
421;21:11:57.778;enp0s25;0;64
422;21:11:58.785;enp0s25;0;0
423;21:11:59.792;enp0s25;0;64
424;21:12:00.800;enp0s25;64;0
425;21:12:01.807;enp0s25;0;64
426;21:12:02.814;enp0s25;0;0
427;21:12:03.821;enp0s25;0;64
428;21:12:04.828;enp0s25;0;0
429;21:12:05.835;enp0s25;11462;704
430;21:12:06.842;enp0s25;192;2595
431;21:12:07.849;enp0s25;0;64
432;21:12:08.856;enp0s25;0;0
433;21:12:09.863;enp0s25;0;64
434;21:12:10.871;enp0s25;0;1918
435;21:12:11.878;enp0s25;0;2462
436;21:12:12.886;enp0s25;80252;1373928
437;21:12:13.893;enp0s25;122574;2105653
438;21:12:14.901;enp0s25;116693;2388467
439;21:12:15.908;enp0s25;101787;3121484
440;21:12:16.916;enp0s25;38114;1589767
441;21:12:17.923;enp0s25;40203;548490
442;21:12:18.930;enp0s25;41823;483868
443;21:12:19.942;enp0s25;82634;1795358
444;21:12:20.951;enp0s25;52518;752415
445;21:12:21.958;enp0s25;57510;879355
446;21:12:22.966;enp0s25;33137;307726
447;21:12:23.974;enp0s25;52091;568767
448;21:12:24.982;enp0s25;55976;1150674
449;21:12:25.989;enp0s25;40723;374902
450;21:12:26.997;enp0s25;63355;1314259
451;21:12:28.004;enp0s25;44934;1071391
452;21:12:29.013;enp0s25;66801;1222790
453;21:12:30.020;enp0s25;52632;1058396
454;21:12:31.034;enp0s25;62823;1087297
455;21:12:32.041;enp0s25;36992;481905
456;21:12:33.051;enp0s25;43268;730147
457;21:12:34.059;enp0s25;23626;239448
458;21:12:35.070;enp0s25;32550;1844096
459;21:12:36.079;enp0s25;42377;163202
460;21:12:37.086;enp0s25;52969;849525
461;21:12:38.095;enp0s25;64943;1472876
462;21:12:39.108;enp0s25;77943;1832921
463;21:12:40.119;enp0s25;42827;455214
464;21:12:41.127;enp0s25;76364;3700885
465;21:12:42.135;enp0s25;73286;4683362
466;21:12:43.147;enp0s25;85555;4833638
467;21:12:44.157;enp0s25;71966;4181797
468;21:12:45.165;enp0s25;81099;5824611
469;21:12:46.174;enp0s25;21157;565774
470;21:12:47.184;enp0s25;47802;945721
471;21:12:48.191;enp0s25;67206;2416414
472;21:12:49.200;enp0s25;40015;756074
473;21:12:50.208;enp0s25;38615;545179
474;21:12:51.217;enp0s25;61425;3020740
475;21:12:52.224;enp0s25;25718;119046
476;21:12:53.232;enp0s25;42215;1861600
477;21:12:54.239;enp0s25;25556;1684066
478;21:12:55.250;enp0s25;256;64397
479;21:12:56.261;enp0s25;0;64
480;21:12:57.270;enp0s25;0;0
481;21:12:58.277;enp0s25;1412;26528
482;21:12:59.290;enp0s25;0;0
483;21:13:00.297;enp0s25;12336;751651
484;21:13:01.305;enp0s25;9370;246346
485;21:13:02.316;enp0s25;25698;1076972
486;21:13:03.323;enp0s25;7360;215972
487;21:13:04.330;enp0s25;25280;1076217
488;21:13:05.338;enp0s25;384;10016
489;21:13:06.345;enp0s25;2692;58428
490;21:13:07.354;enp0s25;24940;932790
491;21:13:08.363;enp0s25;14712;684278
492;21:13:09.370;enp0s25;1208;18297
493;21:13:10.388;enp0s25;47436;2264814
494;21:13:11.401;enp0s25;64;64
495;21:13:12.410;enp0s25;4552;135169
496;21:13:13.419;enp0s25;23378;1049610
497;21:13:14.428;enp0s25;31418;1325267
498;21:13:15.436;enp0s25;15644;800405
499;21:13:16.445;enp0s25;18524;1008948
500;21:13:17.454;enp0s25;3282;73161
501;21:13:18.462;enp0s25;34183;585649
502;21:13:19.470;enp0s25;74792;1554801
503;21:13:20.477;enp0s25;25233;352696
504;21:13:21.485;enp0s25;45605;354669
505;21:13:22.493;enp0s25;42464;1008089
506;21:13:23.501;enp0s25;1920;960
507;21:13:24.512;enp0s25;95743;1967311
508;21:13:25.521;enp0s25;10624;327364
509;21:13:26.533;enp0s25;54842;1234706
510;21:13:27.542;enp0s25;22468;998734
511;21:13:28.549;enp0s25;17424;370511
512;21:13:29.556;enp0s25;2140;42753
513;21:13:30.564;enp0s25;512;24280
514;21:13:31.571;enp0s25;21182;404424
515;21:13:32.580;enp0s25;10382;194484
516;21:13:33.590;enp0s25;18212;400469
517;21:13:34.599;enp0s25;17748;412566
518;21:13:35.607;enp0s25;8128;125835
519;21:13:36.617;enp0s25;4930;78170
520;21:13:37.626;enp0s25;39829;1082604
521;21:13:38.633;enp0s25;0;64
522;21:13:39.640;enp0s25;121695;1815458
523;21:13:40.647;enp0s25;95403;1891749
524;21:13:41.656;enp0s25;9280;366166
525;21:13:42.664;enp0s25;0;64
526;21:13:43.673;enp0s25;0;0
527;21:13:44.683;enp0s25;1984;1088
528;21:13:45.691;enp0s25;0;0
529;21:13:46.701;enp0s25;0;64
530;21:13:47.709;enp0s25;0;0
531;21:13:48.717;enp0s25;0;64
532;21:13:49.724;enp0s25;0;0
533;21:13:50.732;enp0s25;0;1018
534;21:13:51.742;enp0s25;0;2464
535;21:13:52.750;enp0s25;0;962
536;21:13:53.758;enp0s25;0;1530
537;21:13:54.766;enp0s25;0;386
538;21:13:55.774;enp0s25;64;1026
539;21:13:56.781;enp0s25;0;0
540;21:13:57.790;enp0s25;0;1278
541;21:13:58.799;enp0s25;0;0
542;21:13:59.807;enp0s25;0;64
543;21:14:00.816;enp0s25;1592;3254
544;21:14:01.823;enp0s25;0;192
545;21:14:02.833;enp0s25;8464;130866
546;21:14:03.841;enp0s25;56183;1420587
547;21:14:04.859;enp0s25;18900;719402
548;21:14:05.871;enp0s25;14420;628516
549;21:14:06.881;enp0s25;11191;331613
550;21:14:07.889;enp0s25;17403;674126
551;21:14:08.898;enp0s25;22330;968484
552;21:14:09.905;enp0s25;29890;1290434
553;21:14:10.916;enp0s25;22260;973038
554;21:14:11.926;enp0s25;21840;948814
555;21:14:12.936;enp0s25;15890;690690
556;21:14:13.948;enp0s25;5040;218656
557;21:14:14.960;enp0s25;7280;315744
558;21:14:15.972;enp0s25;11130;481270
559;21:14:16.986;enp0s25;17220;745338
560;21:14:17.997;enp0s25;7904;340160
561;21:14:19.012;enp0s25;22190;963930
562;21:14:20.027;enp0s25;17010;739330
563;21:14:21.039;enp0s25;18480;804540
564;21:14:22.048;enp0s25;18260;780316
565;21:14:23.060;enp0s25;22820;985182
566;21:14:24.074;enp0s25;29820;1291882
567;21:14:25.089;enp0s25;28910;1264494
568;21:14:26.100;enp0s25;28125;1208392
569;21:14:27.108;enp0s25;29960;1304400
570;21:14:28.115;enp0s25;22400;976138
571;21:14:29.126;enp0s25;29254;1264558
572;21:14:30.139;enp0s25;20790;915418
573;21:14:31.152;enp0s25;11200;484242
574;21:14:32.164;enp0s25;8400;361348
575;21:14:33.172;enp0s25;18063;724486
576;21:14:34.180;enp0s25;24833;993716
577;21:14:35.192;enp0s25;4998;161384
578;21:14:36.200;enp0s25;0;64
579;21:14:37.210;enp0s25;0;0
580;21:14:38.221;enp0s25;0;64
581;21:14:39.237;enp0s25;0;0
582;21:14:40.246;enp0s25;25805;619873
583;21:14:41.257;enp0s25;29929;1226544
584;21:14:42.266;enp0s25;25690;1117312
585;21:14:43.277;enp0s25;23870;1045902
586;21:14:44.288;enp0s25;21350;927562
587;21:14:45.297;enp0s25;7980;346104
588;21:14:46.304;enp0s25;16235;687718
589;21:14:47.312;enp0s25;15098;645150
590;21:14:48.319;enp0s25;20748;836482
591;21:14:49.330;enp0s25;24920;1082334
592;21:14:50.339;enp0s25;23380;1014088
593;21:14:51.349;enp0s25;20224;869878
594;21:14:52.361;enp0s25;29190;1270630
595;21:14:53.372;enp0s25;12950;570768
596;21:14:54.385;enp0s25;6510;282412
597;21:14:55.398;enp0s25;10990;479688
598;21:14:56.408;enp0s25;17886;769690
599;21:14:57.417;enp0s25;6826;285384
600;21:14:58.430;enp0s25;16660;724150
601;21:14:59.445;enp0s25;25620;1114212
602;21:15:00.461;enp0s25;18550;804604
603;21:15:01.474;enp0s25;17704;765136
604;21:15:02.484;enp0s25;16870;728704
605;21:15:03.496;enp0s25;16590;718014
606;21:15:04.513;enp0s25;7490;321880
607;21:15:05.529;enp0s25;23450;1018578
608;21:15:06.542;enp0s25;16520;716560
609;21:15:07.554;enp0s25;24080;1047420
610;21:15:08.564;enp0s25;10010;432694
611;21:15:09.579;enp0s25;20860;903210
612;21:15:10.591;enp0s25;18900;819784
613;21:15:11.606;enp0s25;26040;1132428
614;21:15:12.617;enp0s25;30374;1316234
615;21:15:13.625;enp0s25;15050;652740
616;21:15:14.636;enp0s25;18936;813712
617;21:15:15.644;enp0s25;28674;1199196
618;21:15:16.651;enp0s25;22610;983728
619;21:15:17.660;enp0s25;29120;1272084
620;21:15:18.668;enp0s25;16730;730222
621;21:15:19.677;enp0s25;8110;340032
622;21:15:20.685;enp0s25;25970;1126420
623;21:15:21.693;enp0s25;17290;754446
624;21:15:22.705;enp0s25;12950;567796
625;21:15:23.714;enp0s25;13924;608782
626;21:15:24.724;enp0s25;27539;1085434
627;21:15:25.734;enp0s25;14560;633006
628;21:15:26.748;enp0s25;8470;365902
629;21:15:27.763;enp0s25;24080;1049002
630;21:15:28.774;enp0s25;21840;947232
631;21:15:29.786;enp0s25;7000;305182
632;21:15:30.796;enp0s25;20930;903210
633;21:15:31.808;enp0s25;24780;1071772
634;21:15:32.823;enp0s25;19600;853116
635;21:15:33.835;enp0s25;6650;288484
636;21:15:34.843;enp0s25;13378;564760
637;21:15:35.859;enp0s25;14070;610300
638;21:15:36.876;enp0s25;5530;238326
639;21:15:37.891;enp0s25;6686;286966
640;21:15:38.908;enp0s25;21000;910800
641;21:15:39.923;enp0s25;29260;1267594
642;21:15:40.934;enp0s25;13580;590502
643;21:15:41.952;enp0s25;13056;557170
644;21:15:42.965;enp0s25;17010;743820
645;21:15:43.975;enp0s25;24876;1065700
646;21:15:44.984;enp0s25;29324;1272148
647;21:15:45.994;enp0s25;21344;923072
648;21:15:47.003;enp0s25;25340;1103586
649;21:15:48.012;enp0s25;24710;1073290
650;21:15:49.019;enp0s25;9178;276276
651;21:15:50.030;enp0s25;4830;209548
652;21:15:51.038;enp0s25;3710;163944
653;21:15:52.049;enp0s25;16450;715042
654;21:15:53.056;enp0s25;18620;810612
655;21:15:54.067;enp0s25;4060;174634
656;21:15:55.080;enp0s25;6020;256542
657;21:15:56.093;enp0s25;16979;725668
658;21:15:57.103;enp0s25;16164;695308
659;21:15:58.113;enp0s25;26919;1158298
660;21:15:59.131;enp0s25;32029;1313333
661;21:16:00.144;enp0s25;33121;1253314
662;21:16:01.157;enp0s25;18969;792396
663;21:16:02.170;enp0s25;21350;929080
664;21:16:03.179;enp0s25;12390;534336
665;21:16:04.192;enp0s25;29120;1261522
666;21:16:05.206;enp0s25;13650;595056
667;21:16:06.224;enp0s25;17220;746920
668;21:16:07.240;enp0s25;22610;979110
669;21:16:08.252;enp0s25;22884;989864
670;21:16:09.263;enp0s25;30030;1303962
671;21:16:10.274;enp0s25;25060;1085434
672;21:16:11.290;enp0s25;25130;1085370
673;21:16:12.305;enp0s25;28140;1220536
674;21:16:13.315;enp0s25;25125;1014024
675;21:16:14.324;enp0s25;21330;821302
676;21:16:15.337;enp0s25;21796;933570
677;21:16:16.346;enp0s25;27440;1194730
678;21:16:17.356;enp0s25;17676;760518
679;21:16:18.366;enp0s25;11306;484306
680;21:16:19.375;enp0s25;10774;464572
681;21:16:20.386;enp0s25;25480;1112758
682;21:16:21.395;enp0s25;34892;826206
683;21:16:22.405;enp0s25;26261;847108
684;21:16:23.416;enp0s25;14818;592020
685;21:16:24.425;enp0s25;41051;945656
686;21:16:25.435;enp0s25;23833;1063400
687;21:16:26.445;enp0s25;30100;1305544
688;21:16:27.458;enp0s25;25265;1078010
689;21:16:28.472;enp0s25;30575;1199048
690;21:16:29.482;enp0s25;12110;526746
691;21:16:30.495;enp0s25;4678;191191
692;21:16:31.502;enp0s25;0;0
693;21:16:32.509;enp0s25;0;64
694;21:16:33.516;enp0s25;0;0
695;21:16:34.524;enp0s25;0;64
696;21:16:35.532;enp0s25;0;0
697;21:16:36.539;enp0s25;0;64
698;21:16:37.546;enp0s25;0;0
699;21:16:38.554;enp0s25;0;64
700;21:16:39.561;enp0s25;0;0
701;21:16:40.568;enp0s25;64;128
702;21:16:41.577;enp0s25;0;0
703;21:16:42.585;enp0s25;0;64
704;21:16:43.592;enp0s25;0;0
705;21:16:44.599;enp0s25;0;64
706;21:16:45.607;enp0s25;0;0
707;21:16:46.618;enp0s25;0;64
708;21:16:47.625;enp0s25;0;0
709;21:16:48.632;enp0s25;0;64
710;21:16:49.639;enp0s25;0;0
711;21:16:50.649;enp0s25;2724;5037
712;21:16:51.662;enp0s25;38188;956909
713;21:16:52.670;enp0s25;0;64
714;21:16:53.677;enp0s25;0;0
715;21:16:54.684;enp0s25;0;64
716;21:16:55.690;enp0s25;306;762
717;21:16:56.697;enp0s25;709;3153
718;21:16:57.704;enp0s25;0;0
719;21:16:58.711;enp0s25;0;64
720;21:16:59.718;enp0s25;0;0
721;21:17:00.724;enp0s25;0;64
722;21:17:01.732;enp0s25;0;0
723;21:17:02.739;enp0s25;64;128
724;21:17:03.745;enp0s25;0;0
725;21:17:04.752;enp0s25;0;64
726;21:17:05.759;enp0s25;0;64
727;21:17:06.765;enp0s25;0;0
728;21:17:07.772;enp0s25;0;64
729;21:17:08.778;enp0s25;11590;3171
730;21:17:09.786;enp0s25;0;64
731;21:17:10.793;enp0s25;0;0
732;21:17:11.801;enp0s25;0;64
733;21:17:12.808;enp0s25;0;0
734;21:17:13.816;enp0s25;64;128
735;21:17:14.823;enp0s25;0;0
736;21:17:15.830;enp0s25;132766;2281950
737;21:17:16.838;enp0s25;96287;2063078
738;21:17:17.845;enp0s25;131322;3214953
739;21:17:18.851;enp0s25;107789;2859824
740;21:17:19.858;enp0s25;34603;311172
741;21:17:20.865;enp0s25;48759;786880
742;21:17:21.871;enp0s25;51677;1144414
743;21:17:22.878;enp0s25;45101;956202
744;21:17:23.884;enp0s25;39707;709248
745;21:17:24.891;enp0s25;48018;816753
746;21:17:25.898;enp0s25;43989;304917
747;21:17:26.905;enp0s25;56570;732167
748;21:17:27.913;enp0s25;50978;1059922
749;21:17:28.919;enp0s25;26885;248355
750;21:17:29.926;enp0s25;69393;1956927
751;21:17:30.933;enp0s25;48930;690077
752;21:17:31.942;enp0s25;75604;1613476
753;21:17:32.952;enp0s25;49043;698174
754;21:17:33.962;enp0s25;52430;747200
755;21:17:34.969;enp0s25;43484;514692
756;21:17:35.976;enp0s25;41396;720645
757;21:17:36.983;enp0s25;21286;260268
758;21:17:37.993;enp0s25;47758;1811343
759;21:17:38.999;enp0s25;37938;156518
760;21:17:40.010;enp0s25;52571;740006
761;21:17:41.016;enp0s25;56453;1406823
762;21:17:42.027;enp0s25;61555;1879037
763;21:17:43.037;enp0s25;48942;555156
764;21:17:44.046;enp0s25;81429;3767962
765;21:17:45.057;enp0s25;113229;4056484
766;21:17:46.064;enp0s25;114302;4067319
767;21:17:47.072;enp0s25;98819;3911108
768;21:17:48.092;enp0s25;100237;3805234
769;21:17:49.107;enp0s25;114922;3649182
770;21:17:50.120;enp0s25;61638;1377504
771;21:17:51.131;enp0s25;68623;2051304
772;21:17:52.144;enp0s25;52315;968687
773;21:17:53.150;enp0s25;25036;303954
774;21:17:54.160;enp0s25;71605;3011798
775;21:17:55.167;enp0s25;36942;507871
776;21:17:56.174;enp0s25;33232;891897
777;21:17:57.181;enp0s25;53099;2464290
778;21:17:58.188;enp0s25;4160;322071
779;21:17:59.194;enp0s25;0;0
780;21:18:00.201;enp0s25;0;64
781;21:18:01.208;enp0s25;452;0
782;21:18:02.214;enp0s25;4820;157685
783;21:18:03.222;enp0s25;15772;610649
784;21:18:04.229;enp0s25;8602;207529
785;21:18:05.236;enp0s25;10590;313494
786;21:18:06.243;enp0s25;16514;911164
787;21:18:07.250;enp0s25;2946;73185
788;21:18:08.257;enp0s25;1344;19652
789;21:18:09.270;enp0s25;22714;953188
790;21:18:10.279;enp0s25;4408;122756
791;21:18:11.286;enp0s25;5074;113971
792;21:18:12.296;enp0s25;31980;1469671
793;21:18:13.304;enp0s25;12202;451152
794;21:18:14.311;enp0s25;40780;1911513
795;21:18:15.326;enp0s25;4680;135053
796;21:18:16.344;enp0s25;25938;1148845
797;21:18:17.358;enp0s25;19322;620690
798;21:18:18.367;enp0s25;22748;1135267
799;21:18:19.380;enp0s25;6830;238959
800;21:18:20.392;enp0s25;9242;576954
801;21:18:21.400;enp0s25;7490;314140
802;21:18:22.417;enp0s25;6720;224819
803;21:18:23.429;enp0s25;31515;567472
804;21:18:24.437;enp0s25;56096;1246530
805;21:18:25.447;enp0s25;6492;113604
806;21:18:26.460;enp0s25;21486;369206
807;21:18:27.467;enp0s25;24515;273978
808;21:18:28.475;enp0s25;80271;1071453
809;21:18:29.483;enp0s25;3968;200472
810;21:18:30.490;enp0s25;4553;48018
811;21:18:31.504;enp0s25;85674;1829678
812;21:18:32.516;enp0s25;12480;399744
813;21:18:33.525;enp0s25;59136;1289434
814;21:18:34.532;enp0s25;29082;1115014
815;21:18:35.543;enp0s25;10810;227022
816;21:18:36.551;enp0s25;7862;172266
817;21:18:37.563;enp0s25;15140;289498
818;21:18:38.574;enp0s25;9550;193872
819;21:18:39.584;enp0s25;16612;400085
820;21:18:40.599;enp0s25;25502;544727
821;21:18:41.614;enp0s25;9288;136764
822;21:18:42.623;enp0s25;42641;1017381
823;21:18:43.634;enp0s25;568;0
824;21:18:44.641;enp0s25;139681;2080822
825;21:18:45.650;enp0s25;68721;1595683
826;21:18:46.656;enp0s25;13248;366172
827;21:18:47.663;enp0s25;0;0
828;21:18:48.670;enp0s25;1920;1024
829;21:18:49.677;enp0s25;0;0
830;21:18:50.684;enp0s25;0;64
831;21:18:51.694;enp0s25;0;0
832;21:18:52.701;enp0s25;64;128
833;21:18:53.707;enp0s25;0;0
834;21:18:54.714;enp0s25;0;64
835;21:18:55.721;enp0s25;0;0
836;21:18:56.728;enp0s25;0;64
837;21:18:57.734;enp0s25;0;0
838;21:18:58.741;enp0s25;0;64
839;21:18:59.748;enp0s25;0;0
840;21:19:00.754;enp0s25;0;64
841;21:19:01.762;enp0s25;0;64
842;21:19:02.768;enp0s25;0;0
843;21:19:03.776;enp0s25;64;128
844;21:19:04.783;enp0s25;0;0
845;21:19:05.790;enp0s25;1592;3446
846;21:19:06.798;enp0s25;0;0
847;21:19:07.807;enp0s25;50132;1235682
848;21:19:08.823;enp0s25;37099;1148467
849;21:19:09.834;enp0s25;13640;555652
850;21:19:10.842;enp0s25;31110;1264494
851;21:19:11.853;enp0s25;28070;1223572
852;21:19:12.862;enp0s25;23170;1014094
853;21:19:13.873;enp0s25;29890;1298024
854;21:19:14.885;enp0s25;17776;757546
855;21:19:15.895;enp0s25;15960;692272
856;21:19:16.904;enp0s25;13790;595056
857;21:19:17.917;enp0s25;14630;636106
858;21:19:18.929;enp0s25;14280;619344
859;21:19:19.943;enp0s25;11622;494932
860;21:19:20.951;enp0s25;22890;992772
861;21:19:21.966;enp0s25;14910;639142
862;21:19:22.980;enp0s25;19250;831864
863;21:19:23.996;enp0s25;14140;616372
864;21:19:25.010;enp0s25;21070;912318
865;21:19:26.022;enp0s25;20084;868424
866;21:19:27.035;enp0s25;8540;370392
867;21:19:28.051;enp0s25;16310;702898
868;21:19:29.066;enp0s25;24765;1059564
869;21:19:30.075;enp0s25;17156;698344
870;21:19:31.083;enp0s25;20090;871332
871;21:19:32.096;enp0s25;4270;186778
872;21:19:33.106;enp0s25;16730;725604
873;21:19:34.116;enp0s25;29400;1275184
874;21:19:35.134;enp0s25;18656;799986
875;21:19:36.147;enp0s25;25970;1124902
876;21:19:37.157;enp0s25;18897;748438
877;21:19:38.169;enp0s25;11395;476716
878;21:19:39.180;enp0s25;19346;722199
879;21:19:40.192;enp0s25;0;64
880;21:19:41.199;enp0s25;0;0
881;21:19:42.209;enp0s25;0;64
882;21:19:43.217;enp0s25;0;0
883;21:19:44.227;enp0s25;0;64
884;21:19:45.234;enp0s25;39360;1197502
885;21:19:46.246;enp0s25;37170;1644058
886;21:19:47.260;enp0s25;35910;1566576
887;21:19:48.272;enp0s25;35373;1598582
888;21:19:49.285;enp0s25;35070;1628814
889;21:19:50.292;enp0s25;35980;1650130
890;21:19:51.302;enp0s25;36400;1668282
891;21:19:52.316;enp0s25;16800;759064
892;21:19:53.332;enp0s25;15610;678546
893;21:19:54.347;enp0s25;30170;1322242
894;21:19:55.356;enp0s25;31710;1372272
895;21:19:56.369;enp0s25;30800;1348048
896;21:19:57.382;enp0s25;24220;1039830
897;21:19:58.398;enp0s25;30520;1329832
898;21:19:59.413;enp0s25;28204;1238752
899;21:20:00.426;enp0s25;29470;1300990
900;21:20:01.436;enp0s25;10850;472098
901;21:20:02.448;enp0s25;6020;261160
902;21:20:03.460;enp0s25;26040;1132428
903;21:20:04.476;enp0s25;24920;1083916
904;21:20:05.491;enp0s25;8330;358248
905;21:20:06.505;enp0s25;30030;1311616
906;21:20:07.515;enp0s25;32060;1388970
907;21:20:08.525;enp0s25;33574;1496812
908;21:20:09.536;enp0s25;47390;2113056
909;21:20:10.549;enp0s25;4404;185324
910;21:20:11.558;enp0s25;7980;344586
911;21:20:12.569;enp0s25;57750;2504764
912;21:20:13.579;enp0s25;51100;2301288
913;21:20:14.591;enp0s25;6436;180986
914;21:20:15.608;enp0s25;4373;182160
915;21:20:16.622;enp0s25;4480;194368
916;21:20:17.631;enp0s25;26950;1164306
917;21:20:18.641;enp0s25;31150;1384480
918;21:20:19.655;enp0s25;5250;223146
919;21:20:20.669;enp0s25;3850;165526
920;21:20:21.682;enp0s25;4264;183742
921;21:20:22.692;enp0s25;5040;214102
922;21:20:23.707;enp0s25;4760;207966
923;21:20:24.725;enp0s25;35280;1527172
924;21:20:25.736;enp0s25;79870;3661416
925;21:20:26.751;enp0s25;4900;209548
926;21:20:27.766;enp0s25;5670;245980
927;21:20:28.773;enp0s25;44800;1965810
928;21:20:29.788;enp0s25;71260;3253138
929;21:20:30.800;enp0s25;8890;384054
930;21:20:31.807;enp0s25;4614;198986
931;21:20:32.817;enp0s25;7420;317262
932;21:20:33.825;enp0s25;43470;1896046
933;21:20:34.835;enp0s25;24570;1105104
934;21:20:35.842;enp0s25;5040;214102
935;21:20:36.849;enp0s25;4550;198858
936;21:20:37.861;enp0s25;4550;195886
937;21:20:38.871;enp0s25;18060;787842
938;21:20:39.879;enp0s25;33563;1478660
939;21:20:40.888;enp0s25;8610;370392
940;21:20:41.897;enp0s25;59578;2558034
941;21:20:42.909;enp0s25;6642;212584
942;21:20:43.920;enp0s25;11274;467608
943;21:20:44.933;enp0s25;90667;3886080
944;21:20:45.943;enp0s25;109900;5103580
945;21:20:46.955;enp0s25;12180;544962
946;21:20:47.969;enp0s25;5460;235354
947;21:20:48.979;enp0s25;4550;204930
948;21:20:49.995;enp0s25;7904;341678
949;21:20:51.010;enp0s25;54320;2378706
950;21:20:52.020;enp0s25;43477;1797376
951;21:20:53.033;enp0s25;31430;1442100
952;21:20:54.045;enp0s25;6364;271850
953;21:20:55.053;enp0s25;7700;333960
954;21:20:56.065;enp0s25;25550;1109722
955;21:20:57.080;enp0s25;60176;1892497
956;21:20:58.091;enp0s25;50460;1685621
957;21:20:59.104;enp0s25;44019;1290768
958;21:21:00.116;enp0s25;34720;1581820
959;21:21:01.123;enp0s25;35417;1562392
960;21:21:02.135;enp0s25;36970;1595397
961;21:21:03.143;enp0s25;70;134
962;21:21:04.150;enp0s25;0;64
963;21:21:05.157;enp0s25;64;64
964;21:21:06.164;enp0s25;0;64
965;21:21:07.170;enp0s25;0;0
966;21:21:08.178;enp0s25;0;64
967;21:21:09.185;enp0s25;0;0
968;21:21:10.192;enp0s25;0;64
969;21:21:11.199;enp0s25;0;0
970;21:21:12.206;enp0s25;0;64
971;21:21:13.213;enp0s25;0;0
972;21:21:14.221;enp0s25;0;64
973;21:21:15.228;enp0s25;0;0
974;21:21:16.235;enp0s25;64;128
975;21:21:17.243;enp0s25;0;0
976;21:21:18.254;enp0s25;0;64
977;21:21:19.264;enp0s25;0;0
978;21:21:20.271;enp0s25;0;64
979;21:21:21.278;enp0s25;0;0
980;21:21:22.285;enp0s25;0;64
981;21:21:23.292;enp0s25;3514;5873
982;21:21:24.308;enp0s25;36844;955911
983;21:21:25.316;enp0s25;0;0
984;21:21:26.323;enp0s25;0;64
985;21:21:27.330;enp0s25;228;756
986;21:21:28.337;enp0s25;787;2844
987;21:21:29.344;enp0s25;64;380
988;21:21:30.351;enp0s25;0;64
989;21:21:31.358;enp0s25;0;0
990;21:21:32.365;enp0s25;0;64
991;21:21:33.373;enp0s25;0;0
992;21:21:34.380;enp0s25;0;64
993;21:21:35.387;enp0s25;0;0
994;21:21:36.394;enp0s25;0;64
995;21:21:37.402;enp0s25;0;0
996;21:21:38.409;enp0s25;64;128
997;21:21:39.416;enp0s25;0;0
998;21:21:40.423;enp0s25;0;64
999;21:21:41.430;enp0s25;11648;3235
1000;21:21:42.437;enp0s25;0;64
1001;21:21:43.445;enp0s25;0;0
1002;21:21:44.452;enp0s25;0;64
1003;21:21:45.459;enp0s25;0;0
1004;21:21:46.467;enp0s25;0;64
1005;21:21:47.474;enp0s25;0;0
1006;21:21:48.486;enp0s25;131061;2234383
1007;21:21:49.494;enp0s25;112707;1959469
1008;21:21:50.501;enp0s25;126938;2657775
1009;21:21:51.509;enp0s25;103557;2566091
1010;21:21:52.516;enp0s25;68835;1175826
1011;21:21:53.522;enp0s25;43453;574717
1012;21:21:54.529;enp0s25;48792;621810
1013;21:21:55.536;enp0s25;69149;1681121
1014;21:21:56.543;enp0s25;43241;834648
1015;21:21:57.550;enp0s25;53107;936098
1016;21:21:58.557;enp0s25;24573;145361
1017;21:21:59.564;enp0s25;43441;586426
1018;21:22:00.571;enp0s25;52408;1085655
1019;21:22:01.579;enp0s25;40558;429279
1020;21:22:02.586;enp0s25;76578;1906688
1021;21:22:03.593;enp0s25;41537;671700
1022;21:22:04.600;enp0s25;51354;958826
1023;21:22:05.607;enp0s25;45965;1078861
1024;21:22:06.615;enp0s25;64760;1077564
1025;21:22:07.623;enp0s25;40436;512057
1026;21:22:08.630;enp0s25;44118;801090
1027;21:22:09.638;enp0s25;59696;1796194
1028;21:22:10.645;enp0s25;48206;347573
1029;21:22:11.652;enp0s25;32360;603750
1030;21:22:12.659;enp0s25;47252;1320322
1031;21:22:13.667;enp0s25;33032;841006
1032;21:22:14.677;enp0s25;68370;1349928
1033;21:22:15.688;enp0s25;40854;423302
1034;21:22:16.698;enp0s25;96655;3562942
1035;21:22:17.705;enp0s25;95400;4985678
1036;21:22:18.712;enp0s25;97477;5084899
1037;21:22:19.719;enp0s25;67210;4152643
1038;21:22:20.727;enp0s25;81707;5938673
1039;21:22:21.734;enp0s25;54157;1072220
1040;21:22:22.743;enp0s25;59544;2110438
1041;21:22:23.750;enp0s25;41482;813994
1042;21:22:24.758;enp0s25;42618;749135
1043;21:22:25.766;enp0s25;60262;2869007
1044;21:22:26.774;enp0s25;38742;422324
1045;21:22:27.783;enp0s25;14800;457904
1046;21:22:28.790;enp0s25;45615;2284868
1047;21:22:29.799;enp0s25;10986;805311
1048;21:22:30.807;enp0s25;0;0
1049;21:22:31.814;enp0s25;0;64
1050;21:22:32.823;enp0s25;0;0
1051;21:22:33.831;enp0s25;1476;26620
1052;21:22:34.837;enp0s25;2324;396167
1053;21:22:35.844;enp0s25;11744;402394
1054;21:22:36.851;enp0s25;5654;118641
1055;21:22:37.858;enp0s25;18850;802250
1056;21:22:38.865;enp0s25;23360;989211
1057;21:22:39.871;enp0s25;21508;777689
1058;21:22:40.878;enp0s25;61210;2958415
1059;21:22:41.885;enp0s25;17024;764475
1060;21:22:42.892;enp0s25;30120;1449839
1061;21:22:43.900;enp0s25;43444;1889223
1062;21:22:44.907;enp0s25;20286;1115602
1063;21:22:45.914;enp0s25;18156;195052
1064;21:22:46.926;enp0s25;26443;777041
1065;21:22:47.933;enp0s25;44134;835181
1066;21:22:48.946;enp0s25;18376;333248
1067;21:22:49.954;enp0s25;22035;352871
1068;21:22:50.961;enp0s25;36505;211742
1069;21:22:51.968;enp0s25;58980;1157871
1070;21:22:52.975;enp0s25;2240;8317
1071;21:22:53.982;enp0s25;96913;2227708
1072;21:22:54.989;enp0s25;75584;1990152
1073;21:22:55.996;enp0s25;22804;653709
1074;21:22:57.005;enp0s25;7798;199409
1075;21:22:58.016;enp0s25;10148;142151
1076;21:22:59.027;enp0s25;14414;300942
1077;21:23:00.043;enp0s25;10458;298544
1078;21:23:01.060;enp0s25;33960;647887
1079;21:23:02.071;enp0s25;16327;208180
1080;21:23:03.081;enp0s25;37196;985600
1081;21:23:04.088;enp0s25;52813;658767
1082;21:23:05.095;enp0s25;117141;2017903
1083;21:23:06.102;enp0s25;45864;1375604
1084;21:23:07.109;enp0s25;0;0
1085;21:23:08.116;enp0s25;0;64
1086;21:23:09.123;enp0s25;1920;960
1087;21:23:10.131;enp0s25;0;64
1088;21:23:11.138;enp0s25;0;0
1089;21:23:12.145;enp0s25;0;64
1090;21:23:13.151;enp0s25;0;0
1091;21:23:14.158;enp0s25;0;64
1092;21:23:15.164;enp0s25;0;0
1093;21:23:16.171;enp0s25;0;64
1094;21:23:17.178;enp0s25;64;64
1095;21:23:18.185;enp0s25;0;64
1096;21:23:19.192;enp0s25;0;0
1097;21:23:20.199;enp0s25;0;64
1098;21:23:21.205;enp0s25;0;0
1099;21:23:22.212;enp0s25;0;64
1100;21:23:23.219;enp0s25;0;0
1101;21:23:24.225;enp0s25;0;64
1102;21:23:25.232;enp0s25;0;0
1103;21:23:26.239;enp0s25;1514;3352
Build Completed
