ID; Time; Network interface; TBPS; RBPS
1;21:11:01.276;enp0s25;19501;361376
2;21:11:02.285;enp0s25;51560;1244500
3;21:11:03.296;enp0s25;13714;578486
4;21:11:04.308;enp0s25;12740;541926
5;21:11:05.317;enp0s25;13137;542615
6;21:11:06.334;enp0s25;14613;548321
7;21:11:07.351;enp0s25;14070;596708
8;21:11:08.365;enp0s25;12740;541926
9;21:11:09.373;enp0s25;12740;541990
10;21:11:10.389;enp0s25;12740;541926
11;21:11:11.407;enp0s25;13440;569314
12;21:11:12.423;enp0s25;13440;573804
13;21:11:13.430;enp0s25;12740;541990
14;21:11:14.447;enp0s25;12874;545026
15;21:11:15.463;enp0s25;13300;566278
16;21:11:16.476;enp0s25;9520;406824
17;21:11:17.494;enp0s25;14210;608782
18;21:11:18.504;enp0s25;12950;547998
19;21:11:19.519;enp0s25;12810;545026
20;21:11:20.529;enp0s25;13580;575734
21;21:11:21.541;enp0s25;13440;573868
22;21:11:22.553;enp0s25;12950;547998
23;21:11:23.570;enp0s25;12740;541990
24;21:11:24.578;enp0s25;14210;605682
25;21:11:25.588;enp0s25;12944;548126
26;21:11:26.604;enp0s25;12810;544962
27;21:11:27.617;enp0s25;12740;541990
28;21:11:28.632;enp0s25;10500;449328
29;21:11:29.647;enp0s25;14350;614854
30;21:11:30.663;enp0s25;12880;547998
31;21:11:31.675;enp0s25;12874;545090
32;21:11:32.692;enp0s25;14140;599610
33;21:11:33.705;enp0s25;13145;549650
34;21:11:34.712;enp0s25;12810;541926
35;21:11:35.727;enp0s25;12740;541990
36;21:11:36.740;enp0s25;14134;601192
37;21:11:37.750;enp0s25;12740;543508
38;21:11:38.762;enp0s25;9450;399234
39;21:11:39.779;enp0s25;13930;595120
40;21:11:40.790;enp0s25;13230;560142
41;21:11:41.803;enp0s25;13790;592084
42;21:11:42.815;enp0s25;12810;541990
43;21:11:43.831;enp0s25;12740;541926
44;21:11:44.841;enp0s25;14168;587670
45;21:11:45.848;enp0s25;14115;579946
46;21:11:46.855;enp0s25;14957;557444
47;21:11:47.869;enp0s25;5208;174589
48;21:11:48.878;enp0s25;0;64
49;21:11:49.885;enp0s25;0;0
50;21:11:50.891;enp0s25;0;64
51;21:11:51.898;enp0s25;0;0
52;21:11:52.911;enp0s25;1936;7579
53;21:11:53.920;enp0s25;0;0
54;21:11:54.927;enp0s25;8852;61614
55;21:11:55.933;enp0s25;0;0
56;21:11:56.940;enp0s25;0;64
57;21:11:57.946;enp0s25;64;64
58;21:11:58.953;enp0s25;270;386
59;21:11:59.965;enp0s25;128074;4650917
60;21:12:00.974;enp0s25;164730;7129664
61;21:12:01.981;enp0s25;153610;6466770
62;21:12:02.990;enp0s25;148400;6045742
63;21:12:03.999;enp0s25;156870;6505760
64;21:12:05.007;enp0s25;169680;7068394
65;21:12:06.014;enp0s25;172760;7136284
66;21:12:07.028;enp0s25;137722;5739392
67;21:12:08.036;enp0s25;122570;4493876
68;21:12:09.045;enp0s25;122914;4742426
69;21:12:10.053;enp0s25;134680;5185670
70;21:12:11.062;enp0s25;142870;5576748
71;21:12:12.071;enp0s25;146720;5935392
72;21:12:13.079;enp0s25;153650;6202816
73;21:12:14.088;enp0s25;53200;2195635
74;21:12:15.095;enp0s25;0;64
75;21:12:16.102;enp0s25;0;0
76;21:12:17.108;enp0s25;0;64
77;21:12:18.115;enp0s25;0;0
78;21:12:19.122;enp0s25;0;64
79;21:12:20.129;enp0s25;64;64
80;21:12:21.136;enp0s25;0;64
81;21:12:22.146;enp0s25;6606;11791
82;21:12:23.155;enp0s25;789;579
83;21:12:24.162;enp0s25;4221;3010
84;21:12:25.169;enp0s25;2858;8329
85;21:12:26.176;enp0s25;3306;11302
86;21:12:27.184;enp0s25;8251;25909
87;21:12:28.192;enp0s25;70;70
88;21:12:29.198;enp0s25;121424;4255522
89;21:12:30.206;enp0s25;163464;7160440
90;21:12:31.214;enp0s25;162884;7163564
91;21:12:32.222;enp0s25;155330;6835374
92;21:12:33.231;enp0s25;130274;6492396
93;21:12:34.245;enp0s25;141570;6772458
94;21:12:35.256;enp0s25;139970;6806976
95;21:12:36.265;enp0s25;119746;6917764
96;21:12:37.280;enp0s25;91820;4396324
97;21:12:38.289;enp0s25;0;0
98;21:12:39.296;enp0s25;0;64
99;21:12:40.302;enp0s25;0;0
100;21:12:41.309;enp0s25;0;418
101;21:12:42.316;enp0s25;64;64
102;21:12:43.323;enp0s25;0;64
103;21:12:44.330;enp0s25;1849;8194
104;21:12:45.343;enp0s25;0;64
105;21:12:46.356;enp0s25;4972;11617
106;21:12:47.366;enp0s25;55017;1680372
107;21:12:48.380;enp0s25;68215;2195138
108;21:12:49.391;enp0s25;80296;4005495
109;21:12:50.403;enp0s25;153806;7149780
110;21:12:51.411;enp0s25;134953;7007222
111;21:12:52.418;enp0s25;72210;4127370
112;21:12:53.425;enp0s25;64;128
113;21:12:54.431;enp0s25;478;344
114;21:12:55.438;enp0s25;0;64
115;21:12:56.444;enp0s25;0;0
116;21:12:57.451;enp0s25;0;64
117;21:12:58.458;enp0s25;0;0
118;21:12:59.464;enp0s25;1936;7579
119;21:13:00.471;enp0s25;2222;1777
120;21:13:01.479;enp0s25;6879;59767
121;21:13:02.486;enp0s25;0;0
122;21:13:03.492;enp0s25;0;64
123;21:13:04.499;enp0s25;64;64
124;21:13:05.506;enp0s25;1321;5642
125;21:13:06.515;enp0s25;154839;5964824
126;21:13:07.524;enp0s25;174160;7010466
127;21:13:08.533;enp0s25;163488;7135170
128;21:13:09.544;enp0s25;176540;7136348
129;21:13:10.552;enp0s25;162400;6550320
130;21:13:11.560;enp0s25;162134;6641732
131;21:13:12.568;enp0s25;168140;6704052
132;21:13:13.576;enp0s25;174930;7072850
133;21:13:14.584;enp0s25;176820;7138512
134;21:13:15.598;enp0s25;172054;6953716
135;21:13:16.606;enp0s25;176190;7134056
136;21:13:17.614;enp0s25;159880;6406678
137;21:13:18.622;enp0s25;79240;3194957
138;21:13:19.629;enp0s25;0;64
139;21:13:20.636;enp0s25;0;0
140;21:13:21.643;enp0s25;0;64
141;21:13:22.651;enp0s25;0;0
142;21:13:23.661;enp0s25;0;64
143;21:13:24.669;enp0s25;0;0
144;21:13:25.675;enp0s25;0;64
145;21:13:26.688;enp0s25;6670;11856
146;21:13:27.695;enp0s25;789;579
147;21:13:28.701;enp0s25;4435;3131
148;21:13:29.709;enp0s25;2415;3221
149;21:13:30.716;enp0s25;4671;13118
150;21:13:31.723;enp0s25;7202;24101
151;21:13:32.730;enp0s25;0;0
152;21:13:33.737;enp0s25;137187;4459406
153;21:13:34.745;enp0s25;132650;5911108
154;21:13:35.753;enp0s25;158620;6967262
155;21:13:36.761;enp0s25;163730;7166432
156;21:13:37.770;enp0s25;153644;6780076
157;21:13:38.779;enp0s25;129550;6276620
158;21:13:39.790;enp0s25;134330;5983076
159;21:13:40.798;enp0s25;133110;6071394
160;21:13:41.814;enp0s25;139962;6874322
161;21:13:42.824;enp0s25;6930;301414
162;21:13:43.832;enp0s25;0;0
163;21:13:44.841;enp0s25;0;64
164;21:13:45.847;enp0s25;0;0
165;21:13:46.854;enp0s25;0;64
166;21:13:47.861;enp0s25;0;0
167;21:13:48.868;enp0s25;1188;7381
168;21:13:49.874;enp0s25;725;941
169;21:13:50.881;enp0s25;350;368
170;21:13:51.888;enp0s25;41898;966414
171;21:13:52.899;enp0s25;59815;2049516
172;21:13:53.908;enp0s25;44643;1798259
173;21:13:54.916;enp0s25;36750;1606108
174;21:13:55.924;enp0s25;35280;1539252
175;21:13:56.933;enp0s25;35280;1534832
176;21:13:57.944;enp0s25;36400;1595418
177;21:13:58.951;enp0s25;35420;1539386
178;21:13:59.961;enp0s25;34784;1511992
179;21:14:00.977;enp0s25;36120;1583338
180;21:14:01.985;enp0s25;35210;1543806
181;21:14:02.994;enp0s25;35755;1552978
182;21:14:04.001;enp0s25;35420;1543806
183;21:14:05.007;enp0s25;36610;1603072
184;21:14:06.014;enp0s25;35070;1534698
185;21:14:07.026;enp0s25;36263;1539386
186;21:14:08.037;enp0s25;33331;1190939
187;21:14:09.044;enp0s25;0;64
188;21:14:10.051;enp0s25;64;64
189;21:14:11.061;enp0s25;0;64
190;21:14:12.067;enp0s25;0;0
191;21:14:13.074;enp0s25;0;64
192;21:14:14.081;enp0s25;1866;7515
193;21:14:15.087;enp0s25;6524;24444
194;21:14:16.094;enp0s25;2888;37168
195;21:14:17.101;enp0s25;538;578
196;21:14:18.108;enp0s25;0;0
197;21:14:19.117;enp0s25;0;64
198;21:14:20.125;enp0s25;32934;726804
199;21:14:21.136;enp0s25;162896;6878034
200;21:14:22.144;enp0s25;175630;7102864
201;21:14:23.152;enp0s25;177030;7128550
202;21:14:24.160;enp0s25;133994;5190126
203;21:14:25.167;enp0s25;160300;6357662
204;21:14:26.175;enp0s25;149660;5995548
205;21:14:27.183;enp0s25;165060;6620566
206;21:14:28.192;enp0s25;168910;6802084
207;21:14:29.202;enp0s25;174160;7016036
208;21:14:30.210;enp0s25;175840;7138512
209;21:14:31.218;enp0s25;175910;7134120
210;21:14:32.225;enp0s25;176114;7131892
211;21:14:33.233;enp0s25;96740;3882186
212;21:14:34.241;enp0s25;0;0
213;21:14:35.248;enp0s25;0;64
214;21:14:36.255;enp0s25;0;0
215;21:14:37.262;enp0s25;0;64
216;21:14:38.269;enp0s25;0;0
217;21:14:39.275;enp0s25;0;64
218;21:14:40.285;enp0s25;0;0
219;21:14:41.296;enp0s25;6606;11854
220;21:14:42.304;enp0s25;515;0
221;21:14:43.311;enp0s25;1593;1705
222;21:14:44.324;enp0s25;5880;10422
223;21:14:45.332;enp0s25;2488;11118
224;21:14:46.339;enp0s25;9217;26005
225;21:14:47.346;enp0s25;70;134
226;21:14:48.354;enp0s25;98039;3377241
227;21:14:49.361;enp0s25;169294;7114066
228;21:14:50.369;enp0s25;141820;6528284
229;21:14:51.380;enp0s25;149054;7022688
230;21:14:52.389;enp0s25;162330;7163436
231;21:14:53.397;enp0s25;154656;7117062
232;21:14:54.405;enp0s25;148068;6790498
233;21:14:55.414;enp0s25;112982;5698456
234;21:14:56.424;enp0s25;97252;5262474
235;21:14:57.436;enp0s25;10514;754247
236;21:14:58.445;enp0s25;0;0
237;21:14:59.452;enp0s25;0;64
238;21:15:00.458;enp0s25;0;0
239;21:15:01.469;enp0s25;0;64
240;21:15:02.476;enp0s25;0;0
241;21:15:03.483;enp0s25;1124;7317
242;21:15:04.494;enp0s25;725;941
243;21:15:05.501;enp0s25;414;432
Build Completed
