ID; Time; Network interface; TBPS; RBPS
1;18:42:08.278;enp0s25;0;0
2;18:42:09.288;enp0s25;0;64
3;18:42:10.295;enp0s25;5609;48696
4;18:42:11.309;enp0s25;58343;1774714
5;18:42:12.318;enp0s25;0;0
6;18:42:13.324;enp0s25;20538;671443
7;18:42:14.335;enp0s25;36330;1581756
8;18:42:15.347;enp0s25;35700;1552978
9;18:42:16.355;enp0s25;35140;1534698
10;18:42:17.367;enp0s25;36750;1592446
11;18:42:18.377;enp0s25;35350;1543806
12;18:42:19.384;enp0s25;35490;1543870
13;18:42:20.397;enp0s25;131936;5774472
14;18:42:21.408;enp0s25;143808;7110376
15;18:42:22.416;enp0s25;147574;7118036
16;18:42:23.424;enp0s25;152250;7166542
17;18:42:24.432;enp0s25;147840;7059790
18;18:42:25.440;enp0s25;70;134
19;18:42:26.447;enp0s25;0;0
20;18:42:27.461;enp0s25;0;0
21;18:42:28.473;enp0s25;0;64
22;18:42:29.487;enp0s25;0;0
23;18:42:30.496;enp0s25;0;64
24;18:42:31.507;enp0s25;0;0
25;18:42:32.515;enp0s25;0;64
26;18:42:33.523;enp0s25;64;64
27;18:42:34.538;enp0s25;0;64
28;18:42:35.546;enp0s25;0;0
29;18:42:36.563;enp0s25;0;64
30;18:42:37.582;enp0s25;0;0
31;18:42:38.590;enp0s25;0;64
32;18:42:39.597;enp0s25;0;0
33;18:42:40.604;enp0s25;0;64
34;18:42:41.611;enp0s25;0;0
35;18:42:42.617;enp0s25;0;64
36;18:42:43.624;enp0s25;833;4153
37;18:42:44.633;enp0s25;64;128
38;18:42:45.641;enp0s25;0;0
39;18:42:46.648;enp0s25;0;64
40;18:42:47.661;enp0s25;0;0
41;18:42:48.671;enp0s25;0;64
42;18:42:49.685;enp0s25;6586;152680
43;18:42:50.701;enp0s25;49253;1674349
44;18:42:51.710;enp0s25;36400;1598454
45;18:42:52.722;enp0s25;118942;6383254
46;18:42:53.731;enp0s25;147838;7146744
47;18:42:54.739;enp0s25;151970;7155916
48;18:42:55.746;enp0s25;141524;7137700
49;18:42:56.754;enp0s25;135339;6815324
50;18:42:57.762;enp0s25;152110;7164960
51;18:42:58.771;enp0s25;152250;7165024
52;18:42:59.778;enp0s25;149738;7171032
53;18:43:00.787;enp0s25;113939;5073599
54;18:43:01.794;enp0s25;152320;7163442
55;18:43:02.802;enp0s25;154325;7165455
56;18:43:03.810;enp0s25;76158;2617205
57;18:43:04.817;enp0s25;75273;2267819
58;18:43:05.829;enp0s25;55531;2495592
59;18:43:06.838;enp0s25;66969;2773793
60;18:43:07.849;enp0s25;0;0
61;18:43:08.857;enp0s25;0;64
62;18:43:09.866;enp0s25;0;0
63;18:43:10.880;enp0s25;0;64
64;18:43:11.888;enp0s25;0;0
65;18:43:12.896;enp0s25;0;64
66;18:43:13.903;enp0s25;0;0
67;18:43:14.913;enp0s25;0;64
68;18:43:15.920;enp0s25;0;0
69;18:43:16.927;enp0s25;64;128
70;18:43:17.934;enp0s25;0;0
71;18:43:18.941;enp0s25;0;64
72;18:43:19.950;enp0s25;0;0
73;18:43:20.959;enp0s25;0;64
74;18:43:21.973;enp0s25;0;0
75;18:43:22.979;enp0s25;0;64
76;18:43:23.986;enp0s25;0;0
77;18:43:24.993;enp0s25;0;64
78;18:43:26.000;enp0s25;7168;152442
79;18:43:27.009;enp0s25;123078;4036723
80;18:43:28.018;enp0s25;64;64
81;18:43:29.026;enp0s25;0;64
82;18:43:30.035;enp0s25;0;0
83;18:43:31.042;enp0s25;0;64
84;18:43:32.049;enp0s25;0;0
85;18:43:33.055;enp0s25;0;64
86;18:43:34.065;enp0s25;0;0
87;18:43:35.073;enp0s25;18427;678658
88;18:43:36.085;enp0s25;1738;60524
89;18:43:37.103;enp0s25;15456;606010
90;18:43:38.122;enp0s25;16058;575745
91;18:43:39.131;enp0s25;24694;975735
92;18:43:40.144;enp0s25;26210;950144
93;18:43:41.154;enp0s25;21756;693669
94;18:43:42.169;enp0s25;28386;1119641
95;18:43:43.179;enp0s25;16264;632851
96;18:43:44.192;enp0s25;0;0
97;18:43:45.202;enp0s25;1730;70242
98;18:43:46.216;enp0s25;23878;905855
99;18:43:47.226;enp0s25;21862;954483
100;18:43:48.241;enp0s25;8314;287679
101;18:43:49.250;enp0s25;20582;687915
102;18:43:50.266;enp0s25;2304;39347
103;18:43:51.276;enp0s25;11380;502748
104;18:43:52.283;enp0s25;36340;1635223
105;18:43:53.291;enp0s25;36586;1656102
106;18:43:54.304;enp0s25;1368;20333
107;18:43:55.319;enp0s25;520;4329
108;18:43:56.331;enp0s25;918;21904
109;18:43:57.340;enp0s25;6552;216711
110;18:43:58.354;enp0s25;35214;1728696
111;18:43:59.371;enp0s25;2724;87395
112;18:44:00.387;enp0s25;17098;744380
113;18:44:01.402;enp0s25;12828;473992
114;18:44:02.414;enp0s25;5206;208268
115;18:44:03.429;enp0s25;2426;92588
116;18:44:04.445;enp0s25;16834;703067
117;18:44:05.457;enp0s25;4908;240461
118;18:44:06.471;enp0s25;14442;484374
119;18:44:07.487;enp0s25;20146;779631
120;18:44:08.497;enp0s25;3014;57655
121;18:44:09.506;enp0s25;3530;83472
122;18:44:10.515;enp0s25;5852;103798
123;18:44:11.527;enp0s25;1660;74746
124;18:44:12.542;enp0s25;6418;154392
125;18:44:13.555;enp0s25;6534;160259
126;18:44:14.566;enp0s25;1958;51603
127;18:44:15.582;enp0s25;8498;379952
128;18:44:16.592;enp0s25;6204;193874
129;18:44:17.601;enp0s25;3740;185462
130;18:44:18.611;enp0s25;1844;39866
131;18:44:19.622;enp0s25;958;20866
132;18:44:20.637;enp0s25;1282;39030
133;18:44:21.651;enp0s25;12468;470816
134;18:44:22.664;enp0s25;18768;537981
135;18:44:23.676;enp0s25;5146;170470
136;18:44:24.686;enp0s25;9872;320597
137;18:44:25.701;enp0s25;8448;195040
138;18:44:26.720;enp0s25;5898;249168
139;18:44:27.734;enp0s25;760;14015
140;18:44:28.748;enp0s25;4778;124323
141;18:44:29.757;enp0s25;5182;167875
142;18:44:30.764;enp0s25;21090;952430
143;18:44:31.781;enp0s25;17592;553184
144;18:44:32.799;enp0s25;3000;58841
145;18:44:33.817;enp0s25;2786;70090
146;18:44:34.826;enp0s25;5092;162544
147;18:44:35.833;enp0s25;9494;313034
148;18:44:36.849;enp0s25;1206;12222
149;18:44:37.864;enp0s25;29458;1154611
150;18:44:38.877;enp0s25;3408;54542
151;18:44:39.893;enp0s25;4818;180423
152;18:44:40.906;enp0s25;3284;89798
153;18:44:41.916;enp0s25;23398;792288
154;18:44:42.925;enp0s25;7524;290573
155;18:44:43.940;enp0s25;15994;423465
156;18:44:44.949;enp0s25;5352;124745
157;18:44:45.963;enp0s25;2532;54313
158;18:44:46.975;enp0s25;47536;2186681
159;18:44:47.984;enp0s25;9572;271523
160;18:44:48.994;enp0s25;13302;362425
161;18:44:50.002;enp0s25;5408;153686
162;18:44:51.019;enp0s25;3186;88635
163;18:44:52.035;enp0s25;2378;27146
164;18:44:53.051;enp0s25;23744;871484
165;18:44:54.062;enp0s25;17122;466315
166;18:44:55.073;enp0s25;15428;367798
167;18:44:56.083;enp0s25;6648;217241
168;18:44:57.094;enp0s25;15580;441851
169;18:44:58.103;enp0s25;8702;247032
170;18:44:59.120;enp0s25;9506;176832
171;18:45:00.136;enp0s25;3142;45490
172;18:45:01.145;enp0s25;2712;36847
173;18:45:02.155;enp0s25;15032;380553
174;18:45:03.165;enp0s25;13390;483077
175;18:45:04.180;enp0s25;16478;515256
176;18:45:05.190;enp0s25;10164;181052
177;18:45:06.200;enp0s25;11680;179793
178;18:45:07.211;enp0s25;12100;288014
179;18:45:08.220;enp0s25;33214;1703128
180;18:45:09.232;enp0s25;11496;473333
181;18:45:10.244;enp0s25;50260;2326999
182;18:45:11.252;enp0s25;20718;915624
183;18:45:12.268;enp0s25;38672;1782395
184;18:45:13.278;enp0s25;37968;1617401
185;18:45:14.287;enp0s25;8032;152055
186;18:45:15.303;enp0s25;11094;304325
187;18:45:16.314;enp0s25;9834;163676
188;18:45:17.327;enp0s25;4888;129759
189;18:45:18.336;enp0s25;18358;509848
190;18:45:19.344;enp0s25;25278;886154
191;18:45:20.354;enp0s25;7918;195424
192;18:45:21.370;enp0s25;5820;100990
193;18:45:22.387;enp0s25;7638;132066
194;18:45:23.402;enp0s25;12286;216610
195;18:45:24.412;enp0s25;4306;76748
196;18:45:25.425;enp0s25;21710;709760
197;18:45:26.437;enp0s25;3212;71199
198;18:45:27.449;enp0s25;13288;338125
199;18:45:28.456;enp0s25;29226;1446121
200;18:45:29.473;enp0s25;41600;2015618
201;18:45:30.488;enp0s25;49452;2474295
202;18:45:31.503;enp0s25;838;17254
203;18:45:32.513;enp0s25;4230;195678
204;18:45:33.532;enp0s25;21976;900904
205;18:45:34.542;enp0s25;17010;455464
206;18:45:35.551;enp0s25;15882;501053
207;18:45:36.565;enp0s25;1094;31226
208;18:45:37.577;enp0s25;30152;1499115
209;18:45:38.587;enp0s25;9036;214557
210;18:45:39.599;enp0s25;16984;467571
211;18:45:40.610;enp0s25;7572;168768
212;18:45:41.623;enp0s25;1904;23832
213;18:45:42.639;enp0s25;5782;101495
214;18:45:43.650;enp0s25;1446;23486
215;18:45:44.659;enp0s25;15202;539182
216;18:45:45.670;enp0s25;15704;370887
217;18:45:46.686;enp0s25;716;10340
218;18:45:47.697;enp0s25;22086;962836
219;18:45:48.709;enp0s25;4648;91103
220;18:45:49.719;enp0s25;118656;6175683
221;18:45:50.728;enp0s25;9686;390081
222;18:45:51.737;enp0s25;4840;75010
223;18:45:52.754;enp0s25;7848;144823
224;18:45:53.770;enp0s25;8724;203104
225;18:45:54.782;enp0s25;53024;2460587
226;18:45:55.795;enp0s25;22468;767557
227;18:45:56.802;enp0s25;0;64
228;18:45:57.809;enp0s25;0;0
229;18:45:58.816;enp0s25;0;64
230;18:45:59.822;enp0s25;0;0
231;18:46:00.829;enp0s25;0;64
232;18:46:01.836;enp0s25;0;0
233;18:46:02.842;enp0s25;64;128
234;18:46:03.849;enp0s25;0;0
235;18:46:04.856;enp0s25;0;64
236;18:46:05.862;enp0s25;0;0
237;18:46:06.869;enp0s25;0;64
238;18:46:07.876;enp0s25;0;0
239;18:46:08.882;enp0s25;0;64
240;18:46:09.889;enp0s25;0;0
241;18:46:10.896;enp0s25;0;64
242;18:46:11.902;enp0s25;0;0
243;18:46:12.909;enp0s25;0;64
244;18:46:13.916;enp0s25;64;64
245;18:46:14.922;enp0s25;0;64
246;18:46:15.929;enp0s25;128;64
247;18:46:16.935;enp0s25;0;64
248;18:46:17.942;enp0s25;0;0
249;18:46:18.948;enp0s25;0;64
250;18:46:19.955;enp0s25;0;0
251;18:46:20.961;enp0s25;64;128
252;18:46:21.968;enp0s25;0;0
253;18:46:22.975;enp0s25;0;64
254;18:46:23.981;enp0s25;0;0
255;18:46:24.988;enp0s25;64;128
256;18:46:25.994;enp0s25;0;0
257;18:46:27.001;enp0s25;0;64
258;18:46:28.008;enp0s25;0;0
259;18:46:29.014;enp0s25;0;64
260;18:46:30.021;enp0s25;0;0
261;18:46:31.028;enp0s25;0;64
262;18:46:32.034;enp0s25;0;0
263;18:46:33.041;enp0s25;0;64
264;18:46:34.047;enp0s25;0;0
265;18:46:35.054;enp0s25;64;128
266;18:46:36.061;enp0s25;0;0
267;18:46:37.067;enp0s25;0;64
268;18:46:38.074;enp0s25;0;0
269;18:46:39.080;enp0s25;0;64
270;18:46:40.087;enp0s25;0;0
271;18:46:41.094;enp0s25;0;64
272;18:46:42.100;enp0s25;0;0
273;18:46:43.107;enp0s25;0;64
274;18:46:44.114;enp0s25;0;0
275;18:46:45.120;enp0s25;0;64
276;18:46:46.127;enp0s25;64;64
277;18:46:47.134;enp0s25;0;64
278;18:46:48.140;enp0s25;0;0
279;18:46:49.147;enp0s25;0;64
280;18:46:50.154;enp0s25;0;0
281;18:46:51.161;enp0s25;0;64
282;18:46:52.168;enp0s25;0;0
283;18:46:53.175;enp0s25;0;64
284;18:46:54.182;enp0s25;0;0
285;18:46:55.189;enp0s25;0;64
286;18:46:56.197;enp0s25;0;0
287;18:46:57.204;enp0s25;64;128
288;18:46:58.210;enp0s25;0;0
289;18:46:59.221;enp0s25;0;64
290;18:47:00.229;enp0s25;0;0
291;18:47:01.236;enp0s25;0;64
292;18:47:02.243;enp0s25;0;0
293;18:47:03.250;enp0s25;0;64
294;18:47:04.259;enp0s25;0;0
295;18:47:05.266;enp0s25;0;64
296;18:47:06.276;enp0s25;0;0
297;18:47:07.284;enp0s25;0;64
298;18:47:08.292;enp0s25;64;64
299;18:47:09.299;enp0s25;0;64
300;18:47:10.307;enp0s25;0;0
301;18:47:11.314;enp0s25;0;64
302;18:47:12.321;enp0s25;0;0
303;18:47:13.327;enp0s25;0;64
304;18:47:14.334;enp0s25;0;0
305;18:47:15.341;enp0s25;0;64
306;18:47:16.347;enp0s25;0;0
307;18:47:17.354;enp0s25;0;64
308;18:47:18.361;enp0s25;0;0
309;18:47:19.368;enp0s25;64;128
310;18:47:20.374;enp0s25;0;0
311;18:47:21.381;enp0s25;0;64
312;18:47:22.387;enp0s25;0;0
313;18:47:23.394;enp0s25;0;64
314;18:47:24.401;enp0s25;0;0
315;18:47:25.407;enp0s25;0;64
316;18:47:26.414;enp0s25;0;0
317;18:47:27.421;enp0s25;0;64
318;18:47:28.428;enp0s25;0;0
319;18:47:29.434;enp0s25;0;64
320;18:47:30.441;enp0s25;64;64
321;18:47:31.447;enp0s25;0;64
322;18:47:32.454;enp0s25;0;0
323;18:47:33.461;enp0s25;0;64
324;18:47:34.467;enp0s25;0;64
325;18:47:35.474;enp0s25;0;0
326;18:47:36.480;enp0s25;0;64
327;18:47:37.487;enp0s25;0;0
328;18:47:38.494;enp0s25;0;64
329;18:47:39.500;enp0s25;0;0
330;18:47:40.507;enp0s25;0;64
331;18:47:41.514;enp0s25;64;64
332;18:47:42.521;enp0s25;0;64
333;18:47:43.527;enp0s25;0;0
334;18:47:44.534;enp0s25;0;64
335;18:47:45.541;enp0s25;0;0
336;18:47:46.547;enp0s25;0;64
337;18:47:47.554;enp0s25;0;0
338;18:47:48.561;enp0s25;0;64
339;18:47:49.567;enp0s25;0;0
340;18:47:50.574;enp0s25;0;64
341;18:47:51.580;enp0s25;0;0
342;18:47:52.587;enp0s25;64;128
343;18:47:53.594;enp0s25;94;94
344;18:47:54.600;enp0s25;0;64
345;18:47:55.607;enp0s25;0;0
346;18:47:56.614;enp0s25;0;64
347;18:47:57.620;enp0s25;0;0
348;18:47:58.627;enp0s25;64;128
349;18:47:59.634;enp0s25;0;0
350;18:48:00.640;enp0s25;0;64
351;18:48:01.647;enp0s25;0;0
352;18:48:02.653;enp0s25;0;64
353;18:48:03.660;enp0s25;64;64
354;18:48:04.666;enp0s25;0;64
355;18:48:05.673;enp0s25;0;0
356;18:48:06.680;enp0s25;0;64
357;18:48:07.686;enp0s25;0;0
358;18:48:08.693;enp0s25;0;64
359;18:48:09.700;enp0s25;0;0
360;18:48:10.706;enp0s25;0;64
361;18:48:11.713;enp0s25;0;0
362;18:48:12.720;enp0s25;0;64
363;18:48:13.727;enp0s25;0;0
364;18:48:14.734;enp0s25;64;128
365;18:48:15.741;enp0s25;0;0
366;18:48:16.748;enp0s25;0;64
367;18:48:17.755;enp0s25;0;0
368;18:48:18.762;enp0s25;0;64
369;18:48:19.769;enp0s25;0;0
370;18:48:20.776;enp0s25;0;64
371;18:48:21.783;enp0s25;0;0
372;18:48:22.790;enp0s25;0;64
373;18:48:23.796;enp0s25;0;0
374;18:48:24.803;enp0s25;0;64
375;18:48:25.810;enp0s25;64;64
376;18:48:26.817;enp0s25;0;64
377;18:48:27.824;enp0s25;992;1031
378;18:48:28.831;enp0s25;10412;4753
379;18:48:29.838;enp0s25;0;0
380;18:48:30.845;enp0s25;0;64
381;18:48:31.852;enp0s25;0;0
382;18:48:32.859;enp0s25;0;64
383;18:48:33.865;enp0s25;0;0
384;18:48:34.872;enp0s25;0;64
385;18:48:35.879;enp0s25;0;0
386;18:48:36.886;enp0s25;64;128
387;18:48:37.893;enp0s25;0;0
388;18:48:38.900;enp0s25;745;5194
389;18:48:39.906;enp0s25;0;0
390;18:48:40.913;enp0s25;0;64
391;18:48:41.920;enp0s25;0;0
392;18:48:42.927;enp0s25;0;64
393;18:48:43.934;enp0s25;0;0
394;18:48:44.940;enp0s25;0;64
395;18:48:45.947;enp0s25;12938;25130
396;18:48:46.954;enp0s25;0;64
397;18:48:47.961;enp0s25;27867;232942
398;18:48:48.968;enp0s25;134354;3876585
399;18:48:49.975;enp0s25;134947;7160000
400;18:48:50.983;enp0s25;92920;3592425
401;18:48:51.990;enp0s25;76649;1461722
402;18:48:52.998;enp0s25;47385;769634
403;18:48:54.006;enp0s25;58220;854114
404;18:48:55.013;enp0s25;39193;491912
405;18:48:56.020;enp0s25;21307;130782
406;18:48:57.027;enp0s25;60874;785756
407;18:48:58.034;enp0s25;25736;211499
408;18:48:59.041;enp0s25;53462;764205
409;18:49:00.048;enp0s25;71418;1387456
410;18:49:01.059;enp0s25;47265;675529
411;18:49:02.066;enp0s25;53074;739083
412;18:49:03.073;enp0s25;50013;834503
413;18:49:04.080;enp0s25;36989;287032
414;18:49:05.086;enp0s25;25054;333390
415;18:49:06.093;enp0s25;21360;239676
416;18:49:07.100;enp0s25;19033;88118
417;18:49:08.107;enp0s25;29840;464377
418;18:49:09.113;enp0s25;18404;157463
419;18:49:10.121;enp0s25;117219;2373400
420;18:49:11.128;enp0s25;54324;806805
421;18:49:12.134;enp0s25;63923;822963
422;18:49:13.141;enp0s25;36215;357307
423;18:49:14.149;enp0s25;40494;336771
424;18:49:15.156;enp0s25;47792;417980
425;18:49:16.163;enp0s25;26113;191522
426;18:49:17.171;enp0s25;38843;338052
427;18:49:18.178;enp0s25;36329;527725
428;18:49:19.185;enp0s25;33434;500419
429;18:49:20.192;enp0s25;60028;1627778
430;18:49:21.198;enp0s25;45820;892187
431;18:49:22.205;enp0s25;35439;675163
432;18:49:23.214;enp0s25;69507;1737700
433;18:49:24.223;enp0s25;47668;2184189
434;18:49:25.230;enp0s25;94693;2477756
435;18:49:26.240;enp0s25;56514;982439
436;18:49:27.247;enp0s25;33427;828322
437;18:49:28.256;enp0s25;8092;1803647
438;18:49:29.263;enp0s25;0;64
439;18:49:30.270;enp0s25;0;0
440;18:49:31.281;enp0s25;64;128
441;18:49:33.055;enp0s25;0;64
442;18:49:34.071;enp0s25;0;0
443;18:49:35.082;enp0s25;0;64
444;18:49:36.089;enp0s25;0;0
445;18:49:37.103;enp0s25;0;64
446;18:49:38.110;enp0s25;3554;11493
447;18:49:39.126;enp0s25;128574;3717986
448;18:49:40.134;enp0s25;0;0
449;18:49:41.141;enp0s25;1920;1024
450;18:49:42.148;enp0s25;47817;973264
451;18:49:43.157;enp0s25;64;128
452;18:49:44.170;enp0s25;45222;853898
453;18:49:45.186;enp0s25;5818;103661
454;18:49:46.197;enp0s25;29304;461851
455;18:49:47.205;enp0s25;26492;182689
456;18:49:48.223;enp0s25;54453;1072621
457;18:49:49.230;enp0s25;2240;8352
458;18:49:50.237;enp0s25;2969;72386
459;18:49:51.244;enp0s25;70522;2504153
460;18:49:52.252;enp0s25;29726;694349
461;18:49:53.260;enp0s25;59170;1503519
462;18:49:54.268;enp0s25;111330;2837643
463;18:49:55.276;enp0s25;94862;2818519
464;18:49:56.284;enp0s25;47175;1679060
465;18:49:57.292;enp0s25;65480;1565120
466;18:49:58.300;enp0s25;76060;1623695
467;18:49:59.307;enp0s25;256;6330
468;18:50:00.314;enp0s25;1920;960
469;18:50:01.321;enp0s25;92607;2020981
470;18:50:02.331;enp0s25;64466;1633828
471;18:50:03.339;enp0s25;23492;859466
472;18:50:04.348;enp0s25;18244;412924
473;18:50:05.362;enp0s25;21786;450210
474;18:50:06.372;enp0s25;0;0
475;18:50:07.383;enp0s25;8782;130034
476;18:50:08.392;enp0s25;43384;992480
477;18:50:10.377;enp0s25;6506;87597
478;18:50:11.389;enp0s25;36083;838657
479;18:50:12.399;enp0s25;43235;489330
480;18:50:13.407;enp0s25;114480;2289783
481;18:50:14.414;enp0s25;13312;415603
482;18:50:15.421;enp0s25;64;128
483;18:50:16.428;enp0s25;1856;576
484;18:50:17.436;enp0s25;0;64
485;18:50:18.443;enp0s25;0;0
486;18:50:19.450;enp0s25;0;64
487;18:50:20.457;enp0s25;0;0
488;18:50:21.464;enp0s25;0;64
489;18:50:22.472;enp0s25;0;64
490;18:50:23.479;enp0s25;0;0
491;18:50:24.485;enp0s25;0;64
492;18:50:25.492;enp0s25;0;0
493;18:50:26.499;enp0s25;64;128
494;18:50:27.506;enp0s25;0;0
495;18:50:28.513;enp0s25;0;64
496;18:50:29.521;enp0s25;0;0
497;18:50:30.528;enp0s25;0;64
498;18:50:31.535;enp0s25;0;0
499;18:50:32.542;enp0s25;0;64
500;18:50:33.549;enp0s25;0;0
501;18:50:34.556;enp0s25;0;64
502;18:50:35.563;enp0s25;0;0
503;18:50:36.571;enp0s25;0;64
504;18:50:37.578;enp0s25;64;64
505;18:50:38.585;enp0s25;0;64
506;18:50:39.592;enp0s25;0;0
507;18:50:40.599;enp0s25;0;64
508;18:50:41.606;enp0s25;0;0
509;18:50:42.613;enp0s25;0;64
510;18:50:43.628;enp0s25;0;0
511;18:50:44.642;enp0s25;0;64
512;18:50:45.653;enp0s25;0;0
513;18:50:46.870;enp0s25;1592;3446
514;18:50:47.878;enp0s25;0;0
515;18:50:48.888;enp0s25;64;128
516;18:50:49.895;enp0s25;897;328
517;18:50:50.902;enp0s25;11134;223877
518;18:50:51.908;enp0s25;15196;233257
519;18:50:52.916;enp0s25;9958;229348
520;18:50:53.924;enp0s25;11922;280072
521;18:50:54.931;enp0s25;70;134
522;18:50:55.938;enp0s25;0;0
523;18:50:56.945;enp0s25;0;64
524;18:50:57.952;enp0s25;0;0
525;18:50:58.959;enp0s25;0;64
526;18:50:59.966;enp0s25;64;64
527;18:51:00.973;enp0s25;0;64
528;18:51:01.981;enp0s25;0;0
529;18:51:02.988;enp0s25;140;235
530;18:51:03.994;enp0s25;0;0
531;18:51:05.005;enp0s25;45577;1098151
532;18:51:06.012;enp0s25;114443;3807564
533;18:51:07.019;enp0s25;19295;461804
534;18:51:08.026;enp0s25;0;0
535;18:51:09.033;enp0s25;0;64
536;18:51:10.040;enp0s25;0;0
537;18:51:11.047;enp0s25;64;128
538;18:51:12.054;enp0s25;0;0
539;18:51:13.061;enp0s25;0;64
540;18:51:14.068;enp0s25;0;0
541;18:51:15.075;enp0s25;0;64
542;18:51:16.082;enp0s25;0;0
543;18:51:17.089;enp0s25;0;64
544;18:51:18.096;enp0s25;0;0
545;18:51:19.103;enp0s25;41362;1370079
546;18:51:20.109;enp0s25;0;0
547;18:51:21.117;enp0s25;0;64
548;18:51:22.124;enp0s25;64;64
549;18:51:23.130;enp0s25;0;632
550;18:51:24.137;enp0s25;0;1842
551;18:51:25.144;enp0s25;0;1862
552;18:51:26.151;enp0s25;2010;47438
553;18:51:27.159;enp0s25;135424;6361903
554;18:51:28.171;enp0s25;64;1732
555;18:51:29.182;enp0s25;0;64
556;18:51:30.192;enp0s25;0;0
557;18:51:31.199;enp0s25;0;64
558;18:51:32.211;enp0s25;13433;325292
559;18:51:33.217;enp0s25;64;128
560;18:51:34.224;enp0s25;0;0
561;18:51:35.234;enp0s25;0;64
562;18:51:36.241;enp0s25;0;0
563;18:51:37.248;enp0s25;62506;1332377
564;18:51:38.255;enp0s25;97957;2321521
565;18:51:39.270;enp0s25;40192;1391261
566;18:51:40.280;enp0s25;37270;750116
567;18:51:41.296;enp0s25;28702;634825
568;18:51:42.305;enp0s25;6858;73580
569;18:51:43.316;enp0s25;8072;105894
570;18:51:44.334;enp0s25;5119;31286
571;18:51:45.341;enp0s25;0;64
572;18:51:46.347;enp0s25;0;0
573;18:51:47.356;enp0s25;1920;1024
574;18:51:48.367;enp0s25;0;0
575;18:51:49.373;enp0s25;0;64
576;18:51:50.382;enp0s25;4829;22321
577;18:51:51.391;enp0s25;3432;27930
578;18:51:52.398;enp0s25;148;78
579;18:51:53.405;enp0s25;20291;298365
580;18:51:54.413;enp0s25;1822;38576
581;18:51:55.420;enp0s25;9859;132469
582;18:51:56.427;enp0s25;61486;1504766
583;18:51:57.434;enp0s25;14992;202999
584;18:51:58.441;enp0s25;89158;2281879
585;18:51:59.448;enp0s25;50732;1041842
586;18:52:00.455;enp0s25;0;0
587;18:52:01.462;enp0s25;8736;153133
588;18:52:02.468;enp0s25;2088;4913
589;18:52:03.475;enp0s25;52233;1320679
590;18:52:04.482;enp0s25;2916;9016
591;18:52:05.489;enp0s25;2073;12841
592;18:52:06.496;enp0s25;6662;68096
593;18:52:07.504;enp0s25;3793;37922
594;18:52:08.511;enp0s25;5051;66780
595;18:52:09.520;enp0s25;34716;646779
596;18:52:10.528;enp0s25;0;64
597;18:52:11.535;enp0s25;420;475
598;18:52:12.542;enp0s25;6101;61225
599;18:52:13.552;enp0s25;3675;42065
600;18:52:14.560;enp0s25;4812;36908
601;18:52:15.568;enp0s25;14669;206227
602;18:52:16.580;enp0s25;98514;2836810
603;18:52:17.590;enp0s25;3424;12753
604;18:52:18.603;enp0s25;25760;613534
605;18:52:19.616;enp0s25;1155;553
606;18:52:20.627;enp0s25;4179;21126
607;18:52:21.636;enp0s25;24603;389911
608;18:52:22.646;enp0s25;1190;18628
609;18:52:23.655;enp0s25;5621;34442
610;18:52:24.662;enp0s25;7627;54463
611;18:52:25.669;enp0s25;4469;63082
612;18:52:26.677;enp0s25;15817;220803
613;18:52:27.683;enp0s25;58546;1234446
614;18:52:28.691;enp0s25;24592;716199
615;18:52:29.698;enp0s25;490;545
616;18:52:30.705;enp0s25;31660;569860
617;18:52:31.717;enp0s25;0;0
618;18:52:32.724;enp0s25;3053;6732
619;18:52:33.730;enp0s25;1932;10171
620;18:52:34.737;enp0s25;6872;82093
621;18:52:35.743;enp0s25;3097;5322
622;18:52:36.753;enp0s25;2359;23648
623;18:52:37.762;enp0s25;11704;154761
624;18:52:38.769;enp0s25;484;603
625;18:52:39.776;enp0s25;3750;8705
626;18:52:40.791;enp0s25;1890;42403
627;18:52:41.801;enp0s25;2809;11344
628;18:52:42.814;enp0s25;3498;46051
629;18:52:43.823;enp0s25;420;475
630;18:52:44.830;enp0s25;4633;22037
631;18:52:45.840;enp0s25;3338;13962
632;18:52:46.849;enp0s25;3967;54528
633;18:52:47.857;enp0s25;5519;50776
634;18:52:48.863;enp0s25;3703;13259
635;18:52:49.873;enp0s25;2255;21483
636;18:52:50.882;enp0s25;26183;468981
637;18:52:51.889;enp0s25;0;0
638;18:52:52.895;enp0s25;420;539
639;18:52:53.905;enp0s25;10349;125894
640;18:52:54.917;enp0s25;3496;11951
641;18:52:55.925;enp0s25;7722;122518
642;18:52:56.932;enp0s25;5471;42536
643;18:52:57.939;enp0s25;3513;31022
644;18:52:58.949;enp0s25;21813;374784
645;18:52:59.957;enp0s25;3164;5322
646;18:53:00.966;enp0s25;5500;79045
647;18:53:01.975;enp0s25;21149;328244
648;18:53:02.982;enp0s25;420;539
649;18:53:03.988;enp0s25;5698;38326
650;18:53:04.995;enp0s25;5179;43465
651;18:53:06.010;enp0s25;16450;290041
652;18:53:07.021;enp0s25;498;539
653;18:53:08.031;enp0s25;5040;27425
654;18:53:09.039;enp0s25;2088;4911
655;18:53:10.046;enp0s25;144466;5538255
656;18:53:11.054;enp0s25;25970;1049618
657;18:53:12.062;enp0s25;64;64
658;18:53:13.071;enp0s25;140;64
659;18:53:14.080;enp0s25;3322;8989
660;18:53:15.094;enp0s25;2477;30083
661;18:53:16.105;enp0s25;12118;159053
662;18:53:17.114;enp0s25;4314;41636
663;18:53:18.120;enp0s25;166301;4986690
664;18:53:19.127;enp0s25;420;539
665;18:53:20.134;enp0s25;20008;330025
666;18:53:21.142;enp0s25;2355;5308
667;18:53:22.149;enp0s25;3066;34931
668;18:53:23.155;enp0s25;632;681
669;18:53:24.164;enp0s25;22071;363062
670;18:53:25.171;enp0s25;420;539
671;18:53:26.178;enp0s25;0;0
672;18:53:27.189;enp0s25;0;64
673;18:53:28.202;enp0s25;0;0
674;18:53:29.209;enp0s25;3999;8592
675;18:53:30.216;enp0s25;59056;1803069
676;18:53:31.224;enp0s25;1463;11673
677;18:53:32.236;enp0s25;9383;182513
678;18:53:33.248;enp0s25;37125;1615216
679;18:53:34.255;enp0s25;47524;2075170
680;18:53:35.262;enp0s25;137740;6872050
681;18:53:36.270;enp0s25;152740;7160406
682;18:53:37.277;enp0s25;153230;7149844
683;18:53:38.284;enp0s25;149610;7169584
684;18:53:39.295;enp0s25;153720;7151362
685;18:53:40.303;enp0s25;102130;4854206
686;18:53:41.312;enp0s25;0;64
687;18:53:42.321;enp0s25;0;0
688;18:53:43.328;enp0s25;0;64
689;18:53:44.335;enp0s25;0;0
690;18:53:45.342;enp0s25;64;128
691;18:53:46.349;enp0s25;0;0
692;18:53:47.355;enp0s25;0;64
693;18:53:48.362;enp0s25;0;0
694;18:53:49.369;enp0s25;0;64
695;18:53:50.376;enp0s25;0;0
696;18:53:51.383;enp0s25;0;64
697;18:53:52.398;enp0s25;0;0
698;18:53:53.412;enp0s25;0;64
699;18:53:54.422;enp0s25;0;0
700;18:53:55.431;enp0s25;0;64
701;18:53:56.438;enp0s25;0;0
702;18:53:57.445;enp0s25;0;64
703;18:53:58.452;enp0s25;0;0
704;18:53:59.458;enp0s25;833;4217
705;18:54:00.466;enp0s25;0;64
706;18:54:01.476;enp0s25;0;0
707;18:54:02.483;enp0s25;0;64
708;18:54:03.499;enp0s25;0;0
709;18:54:04.514;enp0s25;0;64
710;18:54:05.522;enp0s25;17675;364464
711;18:54:06.529;enp0s25;40244;1569981
712;18:54:07.540;enp0s25;35350;1549878
713;18:54:08.549;enp0s25;34860;1516546
714;18:54:09.557;enp0s25;37338;1578790
715;18:54:10.574;enp0s25;35000;1525654
716;18:54:11.584;enp0s25;35770;1549878
717;18:54:12.594;enp0s25;35140;1546906
718;18:54:13.603;enp0s25;35420;1539252
719;18:54:14.613;enp0s25;36260;1577266
720;18:54:15.624;enp0s25;35350;1543806
721;18:54:16.634;enp0s25;34860;1521100
722;18:54:17.644;enp0s25;29674;1294918
723;18:54:18.656;enp0s25;91630;3083122
724;18:54:19.665;enp0s25;132796;6865914
725;18:54:20.679;enp0s25;152419;7163506
726;18:54:21.687;enp0s25;145349;6768418
727;18:54:22.695;enp0s25;150570;7081534
728;18:54:23.703;enp0s25;149800;7048074
729;18:54:24.711;enp0s25;153217;7094057
730;18:54:25.721;enp0s25;152600;7164960
731;18:54:26.729;enp0s25;153765;7141167
732;18:54:27.737;enp0s25;85132;3208055
733;18:54:28.749;enp0s25;53226;1818488
734;18:54:29.760;enp0s25;41890;1338873
735;18:54:30.774;enp0s25;37240;1674418
736;18:54:31.787;enp0s25;41665;1727465
737;18:54:32.796;enp0s25;24908;1111048
738;18:54:33.803;enp0s25;0;0
739;18:54:34.810;enp0s25;0;64
740;18:54:35.827;enp0s25;0;0
741;18:54:36.843;enp0s25;0;64
742;18:54:37.854;enp0s25;0;0
743;18:54:38.861;enp0s25;0;64
744;18:54:39.869;enp0s25;64;64
745;18:54:40.879;enp0s25;0;64
746;18:54:41.886;enp0s25;0;0
747;18:54:42.896;enp0s25;0;64
748;18:54:43.904;enp0s25;0;0
749;18:54:44.914;enp0s25;0;64
750;18:54:45.927;enp0s25;0;0
751;18:54:46.941;enp0s25;0;64
752;18:54:47.948;enp0s25;0;0
753;18:54:48.955;enp0s25;0;64
754;18:54:49.962;enp0s25;0;0
755;18:54:50.968;enp0s25;64;128
756;18:54:51.975;enp0s25;0;0
757;18:54:52.982;enp0s25;31388;938375
758;18:54:53.993;enp0s25;36470;1607562
759;18:54:55.001;enp0s25;36120;1569676
760;18:54:56.009;enp0s25;1050;46292
761;18:54:57.017;enp0s25;0;64
762;18:54:58.024;enp0s25;0;0
763;18:54:59.031;enp0s25;0;64
764;18:55:00.038;enp0s25;0;0
765;18:55:01.045;enp0s25;0;64
766;18:55:02.052;enp0s25;64;64
767;18:55:03.059;enp0s25;17937;678928
768;18:55:04.069;enp0s25;1152;43646
769;18:55:05.080;enp0s25;970;19913
770;18:55:06.092;enp0s25;28636;1065110
771;18:55:07.100;enp0s25;1342;45194
772;18:55:08.109;enp0s25;28590;1124810
773;18:55:09.117;enp0s25;25308;920754
774;18:55:10.123;enp0s25;1332;43225
775;18:55:11.130;enp0s25;1058;28193
776;18:55:12.137;enp0s25;26408;955724
777;18:55:13.144;enp0s25;27128;997752
778;18:55:14.151;enp0s25;28214;1029560
779;18:55:15.163;enp0s25;32118;1367569
780;18:55:16.182;enp0s25;1200;13709
781;18:55:17.191;enp0s25;9300;345264
782;18:55:18.200;enp0s25;1540;31292
783;18:55:19.215;enp0s25;19096;655304
784;18:55:20.230;enp0s25;2388;83552
785;18:55:21.247;enp0s25;28310;1262928
786;18:55:22.261;enp0s25;39522;1914105
787;18:55:23.278;enp0s25;3662;116543
788;18:55:24.289;enp0s25;734;8604
789;18:55:25.302;enp0s25;0;64
790;18:55:26.316;enp0s25;7834;295572
791;18:55:27.332;enp0s25;0;64
792;18:55:28.347;enp0s25;1368;20333
793;18:55:29.362;enp0s25;4196;63477
794;18:55:30.374;enp0s25;53922;2563019
795;18:55:31.384;enp0s25;5736;201206
796;18:55:32.398;enp0s25;9504;381391
797;18:55:33.409;enp0s25;4508;175044
798;18:55:34.425;enp0s25;2276;100139
799;18:55:35.439;enp0s25;2362;92681
800;18:55:36.456;enp0s25;10368;506915
801;18:55:37.463;enp0s25;10444;480027
802;18:55:38.475;enp0s25;17770;656286
803;18:55:39.486;enp0s25;15858;571203
804;18:55:40.496;enp0s25;5898;125706
805;18:55:41.506;enp0s25;7012;118917
806;18:55:42.519;enp0s25;8024;230774
807;18:55:43.526;enp0s25;3308;51531
808;18:55:44.538;enp0s25;4662;158731
809;18:55:45.551;enp0s25;2802;76708
810;18:55:46.562;enp0s25;9028;376675
811;18:55:47.578;enp0s25;6450;251629
812;18:55:48.593;enp0s25;16176;553124
813;18:55:49.607;enp0s25;15390;424690
814;18:55:50.615;enp0s25;3908;103727
815;18:55:51.626;enp0s25;17768;530122
816;18:55:52.634;enp0s25;21146;691709
817;18:55:53.644;enp0s25;30742;1295439
818;18:55:54.659;enp0s25;16240;500580
819;18:55:55.671;enp0s25;15338;398063
820;18:55:56.681;enp0s25;34060;1369928
821;18:55:57.689;enp0s25;23624;796991
822;18:55:58.697;enp0s25;18356;568204
823;18:55:59.707;enp0s25;3932;77312
824;18:56:00.714;enp0s25;7860;224354
825;18:56:01.730;enp0s25;12412;335830
826;18:56:02.741;enp0s25;47996;2187648
827;18:56:03.750;enp0s25;17878;504559
828;18:56:04.762;enp0s25;16068;603347
829;18:56:05.772;enp0s25;15568;454245
830;18:56:06.786;enp0s25;6898;198214
831;18:56:07.797;enp0s25;11712;271897
832;18:56:08.807;enp0s25;18204;552182
833;18:56:09.823;enp0s25;14346;346523
834;18:56:10.836;enp0s25;15262;350818
835;18:56:11.847;enp0s25;11108;210234
836;18:56:12.863;enp0s25;3978;59579
837;18:56:13.874;enp0s25;6434;224188
838;18:56:14.889;enp0s25;6078;146271
839;18:56:15.901;enp0s25;23490;847867
840;18:56:16.908;enp0s25;5770;129222
841;18:56:17.924;enp0s25;5318;98835
842;18:56:18.941;enp0s25;10074;177273
843;18:56:19.949;enp0s25;10372;127349
844;18:56:20.961;enp0s25;37574;1591293
845;18:56:21.970;enp0s25;19332;792233
846;18:56:22.985;enp0s25;25168;1131342
847;18:56:23.994;enp0s25;19826;942566
848;18:56:25.008;enp0s25;16244;730770
849;18:56:26.023;enp0s25;41114;1835084
850;18:56:27.032;enp0s25;12748;665094
851;18:56:28.039;enp0s25;32542;1346750
852;18:56:29.045;enp0s25;2636;42025
853;18:56:30.052;enp0s25;4796;101667
854;18:56:31.066;enp0s25;7608;219560
855;18:56:32.081;enp0s25;5616;115517
856;18:56:33.092;enp0s25;7704;133491
857;18:56:34.110;enp0s25;15660;489709
858;18:56:35.123;enp0s25;3844;50720
859;18:56:36.132;enp0s25;17770;553009
860;18:56:37.140;enp0s25;14004;534173
861;18:56:38.156;enp0s25;10472;194759
862;18:56:39.165;enp0s25;3398;57545
863;18:56:40.172;enp0s25;894;19671
864;18:56:41.181;enp0s25;5194;87870
865;18:56:42.191;enp0s25;4502;82249
866;18:56:43.208;enp0s25;9080;153744
867;18:56:44.217;enp0s25;20694;666655
868;18:56:45.226;enp0s25;13334;364713
869;18:56:46.237;enp0s25;33132;1500235
870;18:56:47.254;enp0s25;7544;333126
871;18:56:48.263;enp0s25;35358;1724347
872;18:56:49.274;enp0s25;40910;2066429
873;18:56:50.283;enp0s25;24066;1159454
874;18:56:51.297;enp0s25;3532;154888
875;18:56:52.309;enp0s25;1872;66697
876;18:56:53.318;enp0s25;17874;472856
877;18:56:54.329;enp0s25;10260;241812
878;18:56:55.345;enp0s25;10554;429319
879;18:56:56.363;enp0s25;17410;827487
880;18:56:57.375;enp0s25;14742;682498
881;18:56:58.386;enp0s25;12134;287458
882;18:56:59.397;enp0s25;17976;490758
883;18:57:00.407;enp0s25;4164;61281
884;18:57:01.416;enp0s25;4368;78352
885;18:57:02.431;enp0s25;1478;23420
886;18:57:03.446;enp0s25;20176;745031
887;18:57:04.457;enp0s25;13276;234252
888;18:57:05.466;enp0s25;25940;1039713
889;18:57:06.479;enp0s25;114734;6189603
890;18:57:07.486;enp0s25;13294;432459
891;18:57:08.494;enp0s25;4874;89135
892;18:57:09.501;enp0s25;11324;271132
893;18:57:10.510;enp0s25;42756;2005047
894;18:57:11.517;enp0s25;26254;1098354
895;18:57:12.526;enp0s25;8216;195591
896;18:57:13.534;enp0s25;0;0
897;18:57:14.540;enp0s25;64;128
898;18:57:15.547;enp0s25;0;0
899;18:57:16.554;enp0s25;0;64
900;18:57:17.560;enp0s25;0;0
901;18:57:18.567;enp0s25;0;64
902;18:57:19.574;enp0s25;0;0
903;18:57:20.580;enp0s25;0;64
904;18:57:21.587;enp0s25;0;0
905;18:57:22.594;enp0s25;0;64
906;18:57:23.600;enp0s25;0;0
907;18:57:24.607;enp0s25;0;64
908;18:57:25.613;enp0s25;64;64
909;18:57:26.620;enp0s25;0;64
910;18:57:27.627;enp0s25;0;0
911;18:57:28.633;enp0s25;0;64
912;18:57:29.640;enp0s25;0;0
913;18:57:30.646;enp0s25;0;64
914;18:57:31.653;enp0s25;0;0
915;18:57:32.659;enp0s25;0;64
916;18:57:33.666;enp0s25;128;64
917;18:57:34.673;enp0s25;0;64
918;18:57:35.679;enp0s25;64;64
919;18:57:36.686;enp0s25;0;64
920;18:57:37.692;enp0s25;0;0
921;18:57:38.699;enp0s25;0;64
922;18:57:39.706;enp0s25;0;0
923;18:57:40.712;enp0s25;0;64
924;18:57:41.719;enp0s25;0;0
925;18:57:42.726;enp0s25;0;64
926;18:57:43.732;enp0s25;0;0
927;18:57:44.739;enp0s25;0;64
928;18:57:45.745;enp0s25;0;0
929;18:57:46.752;enp0s25;64;128
930;18:57:47.758;enp0s25;0;0
931;18:57:48.765;enp0s25;0;64
932;18:57:49.772;enp0s25;0;0
933;18:57:50.778;enp0s25;0;64
934;18:57:51.785;enp0s25;0;0
935;18:57:52.791;enp0s25;0;64
936;18:57:53.798;enp0s25;0;0
937;18:57:54.805;enp0s25;0;64
938;18:57:55.811;enp0s25;0;0
939;18:57:56.818;enp0s25;0;64
940;18:57:57.825;enp0s25;64;64
941;18:57:58.831;enp0s25;0;64
942;18:57:59.838;enp0s25;0;0
943;18:58:00.845;enp0s25;0;64
944;18:58:01.852;enp0s25;0;0
945;18:58:02.858;enp0s25;0;64
946;18:58:03.865;enp0s25;0;0
947;18:58:04.871;enp0s25;0;64
948;18:58:05.878;enp0s25;0;0
949;18:58:06.885;enp0s25;0;64
950;18:58:07.892;enp0s25;0;0
951;18:58:08.902;enp0s25;64;128
952;18:58:09.912;enp0s25;0;0
953;18:58:10.919;enp0s25;0;64
954;18:58:11.926;enp0s25;0;0
955;18:58:12.939;enp0s25;0;64
956;18:58:13.946;enp0s25;0;0
957;18:58:14.955;enp0s25;0;64
958;18:58:15.962;enp0s25;0;0
959;18:58:16.969;enp0s25;0;64
960;18:58:17.977;enp0s25;0;0
961;18:58:18.984;enp0s25;0;64
962;18:58:19.991;enp0s25;64;64
963;18:58:20.998;enp0s25;0;64
964;18:58:22.004;enp0s25;0;0
965;18:58:23.011;enp0s25;0;64
966;18:58:24.018;enp0s25;0;0
967;18:58:25.024;enp0s25;0;64
968;18:58:26.031;enp0s25;0;0
969;18:58:27.038;enp0s25;0;64
970;18:58:28.044;enp0s25;0;0
971;18:58:29.051;enp0s25;0;64
972;18:58:30.057;enp0s25;0;0
973;18:58:31.064;enp0s25;64;128
974;18:58:32.071;enp0s25;0;0
975;18:58:33.077;enp0s25;0;64
976;18:58:34.084;enp0s25;0;0
977;18:58:35.091;enp0s25;0;64
978;18:58:36.097;enp0s25;0;0
979;18:58:37.104;enp0s25;0;64
980;18:58:38.110;enp0s25;0;0
981;18:58:39.117;enp0s25;0;64
982;18:58:40.124;enp0s25;0;0
983;18:58:41.130;enp0s25;0;64
984;18:58:42.137;enp0s25;64;64
985;18:58:43.144;enp0s25;0;64
986;18:58:44.150;enp0s25;0;0
987;18:58:45.157;enp0s25;0;64
988;18:58:46.164;enp0s25;0;0
989;18:58:47.170;enp0s25;0;64
990;18:58:48.177;enp0s25;0;0
991;18:58:49.184;enp0s25;0;64
992;18:58:50.190;enp0s25;0;0
993;18:58:51.197;enp0s25;0;64
994;18:58:52.204;enp0s25;0;0
995;18:58:53.210;enp0s25;64;128
996;18:58:54.217;enp0s25;0;0
997;18:58:55.223;enp0s25;0;64
998;18:58:56.230;enp0s25;0;0
999;18:58:57.237;enp0s25;0;64
1000;18:58:58.243;enp0s25;0;0
1001;18:58:59.250;enp0s25;0;64
1002;18:59:00.257;enp0s25;0;0
1003;18:59:01.264;enp0s25;0;1992
1004;18:59:02.270;enp0s25;0;2280
1005;18:59:03.277;enp0s25;0;1530
1006;18:59:04.284;enp0s25;64;64
1007;18:59:05.290;enp0s25;0;1294
1008;18:59:06.297;enp0s25;0;0
1009;18:59:07.304;enp0s25;0;1278
1010;18:59:08.310;enp0s25;0;0
1011;18:59:09.317;enp0s25;0;64
1012;18:59:10.324;enp0s25;0;0
1013;18:59:11.331;enp0s25;0;64
1014;18:59:12.337;enp0s25;0;0
1015;18:59:13.344;enp0s25;0;64
1016;18:59:14.351;enp0s25;0;332
1017;18:59:15.357;enp0s25;64;128
1018;18:59:16.364;enp0s25;0;0
1019;18:59:17.371;enp0s25;0;64
1020;18:59:18.377;enp0s25;0;0
1021;18:59:19.384;enp0s25;0;64
1022;18:59:20.390;enp0s25;0;0
1023;18:59:21.397;enp0s25;0;64
1024;18:59:22.404;enp0s25;0;0
1025;18:59:23.410;enp0s25;0;64
1026;18:59:24.417;enp0s25;0;0
1027;18:59:25.424;enp0s25;0;64
1028;18:59:26.430;enp0s25;64;64
1029;18:59:27.437;enp0s25;0;64
1030;18:59:28.444;enp0s25;0;0
1031;18:59:29.451;enp0s25;0;64
1032;18:59:30.457;enp0s25;0;438
1033;18:59:31.464;enp0s25;0;64
1034;18:59:32.471;enp0s25;0;64
1035;18:59:33.477;enp0s25;0;0
1036;18:59:34.484;enp0s25;0;64
1037;18:59:35.491;enp0s25;0;0
1038;18:59:36.497;enp0s25;0;64
1039;18:59:37.504;enp0s25;64;64
1040;18:59:38.511;enp0s25;0;64
1041;18:59:39.518;enp0s25;0;0
1042;18:59:40.524;enp0s25;0;64
1043;18:59:41.531;enp0s25;0;0
1044;18:59:42.538;enp0s25;0;64
1045;18:59:43.545;enp0s25;0;0
1046;18:59:44.556;enp0s25;0;64
1047;18:59:45.563;enp0s25;164;692
1048;18:59:46.571;enp0s25;828;403
1049;18:59:47.578;enp0s25;10348;4631
1050;18:59:48.585;enp0s25;64;128
1051;18:59:49.593;enp0s25;0;0
1052;18:59:50.600;enp0s25;0;64
1053;18:59:51.608;enp0s25;0;0
1054;18:59:52.615;enp0s25;0;64
1055;18:59:53.623;enp0s25;0;0
1056;18:59:54.630;enp0s25;0;64
1057;18:59:55.637;enp0s25;0;0
1058;18:59:56.644;enp0s25;0;64
1059;18:59:57.651;enp0s25;745;5130
1060;18:59:58.659;enp0s25;0;64
1061;18:59:59.666;enp0s25;64;64
1062;19:00:00.673;enp0s25;0;64
1063;19:00:01.680;enp0s25;0;0
1064;19:00:02.687;enp0s25;0;64
1065;19:00:03.695;enp0s25;0;0
1066;19:00:04.702;enp0s25;11274;1044
1067;19:00:05.709;enp0s25;1536;27104
1068;19:00:06.716;enp0s25;13795;111230
1069;19:00:07.723;enp0s25;131372;2916988
1070;19:00:08.730;enp0s25;85981;7162268
1071;19:00:09.737;enp0s25;144739;4529388
1072;19:00:10.744;enp0s25;64944;1197948
1073;19:00:11.751;enp0s25;73928;988300
1074;19:00:12.757;enp0s25;37044;528467
1075;19:00:13.767;enp0s25;66870;991689
1076;19:00:14.774;enp0s25;22325;125936
1077;19:00:15.781;enp0s25;35560;554987
1078;19:00:16.788;enp0s25;54471;575577
1079;19:00:17.795;enp0s25;31324;404117
1080;19:00:18.802;enp0s25;80114;1624525
1081;19:00:19.809;enp0s25;42096;616716
1082;19:00:20.816;enp0s25;42687;652577
1083;19:00:21.823;enp0s25;61310;985231
1084;19:00:22.830;enp0s25;22970;226274
1085;19:00:23.837;enp0s25;18233;259328
1086;19:00:24.844;enp0s25;31346;376839
1087;19:00:25.851;enp0s25;12782;58434
1088;19:00:26.858;enp0s25;22502;98980
1089;19:00:27.864;enp0s25;24027;423350
1090;19:00:28.871;enp0s25;29691;397921
1091;19:00:29.879;enp0s25;117072;2435790
1092;19:00:30.886;enp0s25;52010;692100
1093;19:00:31.893;enp0s25;68946;829138
1094;19:00:32.899;enp0s25;34432;297296
1095;19:00:33.906;enp0s25;33879;261799
1096;19:00:34.914;enp0s25;52147;462155
1097;19:00:35.921;enp0s25;33805;264260
1098;19:00:36.928;enp0s25;26473;452746
1099;19:00:37.935;enp0s25;55136;735750
1100;19:00:38.942;enp0s25;46511;1474679
1101;19:00:39.949;enp0s25;37997;501098
1102;19:00:40.958;enp0s25;60198;1095564
1103;19:00:41.965;enp0s25;37179;289672
1104;19:00:42.973;enp0s25;41651;1488787
1105;19:00:43.980;enp0s25;97067;3678152
1106;19:00:44.987;enp0s25;62124;1494059
1107;19:00:45.995;enp0s25;37019;443051
1108;19:00:47.003;enp0s25;43978;908008
1109;19:00:48.010;enp0s25;28738;1859527
1110;19:00:49.017;enp0s25;0;64
1111;19:00:50.023;enp0s25;0;0
1112;19:00:51.030;enp0s25;0;64
1113;19:00:52.037;enp0s25;0;0
1114;19:00:53.043;enp0s25;0;64
1115;19:00:54.050;enp0s25;64;64
1116;19:00:55.057;enp0s25;0;64
1117;19:00:56.064;enp0s25;0;0
1118;19:00:57.071;enp0s25;1271;3613
1119;19:00:58.085;enp0s25;118676;3722343
1120;19:00:59.095;enp0s25;0;760
1121;19:01:00.102;enp0s25;1920;3370
1122;19:01:01.109;enp0s25;1293;4517
1123;19:01:02.123;enp0s25;44668;906561
1124;19:01:03.138;enp0s25;46438;908420
1125;19:01:04.152;enp0s25;19016;323042
1126;19:01:05.162;enp0s25;29934;379601
1127;19:01:06.170;enp0s25;71783;1207914
1128;19:01:07.177;enp0s25;0;64
1129;19:01:08.183;enp0s25;3219;4182
1130;19:01:09.197;enp0s25;75354;2573663
1131;19:01:10.215;enp0s25;3520;115843
1132;19:01:11.224;enp0s25;87708;2099567
1133;19:01:12.236;enp0s25;7060;95308
1134;19:01:13.243;enp0s25;197970;4420556
1135;19:01:14.251;enp0s25;28794;835830
1136;19:01:15.261;enp0s25;26880;828531
1137;19:01:16.277;enp0s25;53014;1391332
1138;19:01:17.289;enp0s25;79743;1498761
1139;19:01:18.298;enp0s25;68094;1374219
1140;19:01:19.306;enp0s25;0;64
1141;19:01:20.313;enp0s25;3209;4184
1142;19:01:21.328;enp0s25;99156;2291452
1143;19:01:22.346;enp0s25;96530;2214597
1144;19:01:23.361;enp0s25;23060;463280
1145;19:01:24.376;enp0s25;16514;279210
1146;19:01:25.392;enp0s25;21734;389691
1147;19:01:26.400;enp0s25;45770;904368
1148;19:01:27.409;enp0s25;11994;166945
1149;19:01:28.417;enp0s25;40371;838335
1150;19:01:29.425;enp0s25;14814;168342
1151;19:01:30.435;enp0s25;127718;2180803
1152;19:01:31.442;enp0s25;30112;845551
1153;19:01:32.449;enp0s25;0;0
1154;19:01:33.456;enp0s25;0;64
1155;19:01:34.462;enp0s25;1920;960
1156;19:01:35.469;enp0s25;0;64
1157;19:01:36.476;enp0s25;0;64
1158;19:01:37.483;enp0s25;0;0
1159;19:01:38.490;enp0s25;64;128
1160;19:01:39.497;enp0s25;0;0
1161;19:01:40.504;enp0s25;0;64
1162;19:01:41.510;enp0s25;0;0
1163;19:01:42.517;enp0s25;0;64
1164;19:01:43.524;enp0s25;0;0
1165;19:01:44.531;enp0s25;0;64
1166;19:01:45.538;enp0s25;0;0
1167;19:01:46.545;enp0s25;0;64
1168;19:01:47.552;enp0s25;0;0
1169;19:01:48.559;enp0s25;0;64
1170;19:01:49.566;enp0s25;64;64
1171;19:01:50.573;enp0s25;0;64
1172;19:01:51.580;enp0s25;0;0
1173;19:01:52.586;enp0s25;0;64
1174;19:01:53.593;enp0s25;0;0
1175;19:01:54.600;enp0s25;0;64
1176;19:01:55.606;enp0s25;0;0
1177;19:01:56.614;enp0s25;0;64
1178;19:01:57.621;enp0s25;0;0
1179;19:01:58.628;enp0s25;0;64
1180;19:01:59.634;enp0s25;156;94
1181;19:02:00.641;enp0s25;1500;3416
1182;19:02:01.648;enp0s25;0;0
1183;19:02:02.655;enp0s25;0;64
1184;19:02:03.662;enp0s25;4634;91764
1185;19:02:04.669;enp0s25;7397;130993
1186;19:02:05.676;enp0s25;6365;25290
1187;19:02:06.689;enp0s25;19677;426746
1188;19:02:07.697;enp0s25;4812;56160
1189;19:02:08.704;enp0s25;8458;224598
1190;19:02:09.711;enp0s25;0;0
1191;19:02:10.719;enp0s25;0;64
1192;19:02:11.726;enp0s25;64;64
1193;19:02:12.733;enp0s25;0;64
1194;19:02:13.740;enp0s25;0;0
1195;19:02:14.746;enp0s25;0;64
1196;19:02:15.754;enp0s25;0;0
1197;19:02:16.760;enp0s25;0;64
1198;19:02:17.767;enp0s25;140;171
1199;19:02:18.774;enp0s25;7055;140305
1200;19:02:19.781;enp0s25;85352;2826504
1201;19:02:20.788;enp0s25;56808;1926139
1202;19:02:21.797;enp0s25;18408;442693
1203;19:02:22.805;enp0s25;64;128
1204;19:02:23.815;enp0s25;0;0
1205;19:02:24.822;enp0s25;0;64
1206;19:02:25.829;enp0s25;0;0
1207;19:02:26.836;enp0s25;0;64
1208;19:02:27.843;enp0s25;0;0
1209;19:02:28.850;enp0s25;0;64
1210;19:02:29.857;enp0s25;0;0
1211;19:02:30.864;enp0s25;0;64
1212;19:02:31.871;enp0s25;0;0
1213;19:02:32.879;enp0s25;0;64
1214;19:02:33.886;enp0s25;40082;1370079
1215;19:02:34.893;enp0s25;0;64
1216;19:02:35.903;enp0s25;0;0
1217;19:02:36.910;enp0s25;0;64
1218;19:02:37.917;enp0s25;0;0
1219;19:02:38.924;enp0s25;0;64
1220;19:02:39.931;enp0s25;3930;106692
1221;19:02:40.938;enp0s25;135622;6325471
1222;19:02:42.346;enp0s25;128;64
1223;19:02:43.358;enp0s25;0;64
1224;19:02:44.365;enp0s25;64;64
1225;19:02:45.372;enp0s25;0;64
1226;19:02:46.378;enp0s25;13153;325292
1227;19:02:47.391;enp0s25;0;64
1228;19:02:48.398;enp0s25;0;0
1229;19:02:49.405;enp0s25;0;64
1230;19:02:50.415;enp0s25;0;0
1231;19:02:51.423;enp0s25;34591;421492
1232;19:02:52.434;enp0s25;59344;1651421
1233;19:02:53.450;enp0s25;68102;1638501
1234;19:02:54.462;enp0s25;30496;953574
1235;19:02:55.471;enp0s25;38888;865086
1236;19:02:56.480;enp0s25;15780;319178
1237;19:02:57.498;enp0s25;38144;684796
1238;19:02:58.505;enp0s25;2213;916
1239;19:02:59.511;enp0s25;0;0
1240;19:03:00.518;enp0s25;0;64
1241;19:03:01.525;enp0s25;1920;960
1242;19:03:02.532;enp0s25;0;64
1243;19:03:03.538;enp0s25;78;0
1244;19:03:04.545;enp0s25;4541;22385
1245;19:03:05.552;enp0s25;3432;27866
1246;19:03:06.559;enp0s25;212;206
1247;19:03:07.565;enp0s25;19224;298301
1248;19:03:08.572;enp0s25;2327;38576
1249;19:03:09.579;enp0s25;8977;128816
1250;19:03:10.586;enp0s25;66015;1476956
1251;19:03:11.594;enp0s25;56366;1053566
1252;19:03:12.602;enp0s25;92017;2456947
1253;19:03:13.609;enp0s25;420;475
1254;19:03:14.615;enp0s25;0;64
1255;19:03:15.622;enp0s25;10956;157840
1256;19:03:16.629;enp0s25;53909;1320346
1257;19:03:17.635;enp0s25;484;539
1258;19:03:18.642;enp0s25;4435;21318
1259;19:03:19.649;enp0s25;3632;14610
1260;19:03:20.661;enp0s25;3730;54436
1261;19:03:21.670;enp0s25;8144;103688
1262;19:03:22.677;enp0s25;7633;104984
1263;19:03:23.686;enp0s25;25753;531194
1264;19:03:24.694;enp0s25;0;64
1265;19:03:25.700;enp0s25;420;475
1266;19:03:26.707;enp0s25;9041;109421
1267;19:03:27.714;enp0s25;4637;18479
1268;19:03:28.726;enp0s25;3225;23091
1269;19:03:29.739;enp0s25;76608;2107122
1270;19:03:30.748;enp0s25;21910;900004
1271;19:03:31.756;enp0s25;31708;625840
1272;19:03:32.763;enp0s25;420;539
1273;19:03:33.770;enp0s25;4634;24632
1274;19:03:34.784;enp0s25;2664;13550
1275;19:03:35.797;enp0s25;26909;394990
1276;19:03:36.804;enp0s25;2809;14247
1277;19:03:37.811;enp0s25;3084;20734
1278;19:03:38.818;enp0s25;11816;117070
1279;19:03:39.828;enp0s25;632;617
1280;19:03:40.836;enp0s25;31451;510435
1281;19:03:41.846;enp0s25;51472;1619589
1282;19:03:42.854;enp0s25;420;539
1283;19:03:43.861;enp0s25;29070;569796
1284;19:03:44.867;enp0s25;0;64
1285;19:03:45.874;enp0s25;3053;6668
1286;19:03:46.881;enp0s25;1792;10235
1287;19:03:47.888;enp0s25;7152;82029
1288;19:03:48.894;enp0s25;2510;5386
1289;19:03:49.901;enp0s25;3086;23654
1290;19:03:50.909;enp0s25;11768;154889
1291;19:03:51.918;enp0s25;420;475
1292;19:03:52.925;enp0s25;2671;4911
1293;19:03:53.932;enp0s25;3039;46197
1294;19:03:54.939;enp0s25;1155;617
1295;19:03:55.948;enp0s25;5572;67848
1296;19:03:56.957;enp0s25;420;539
1297;19:03:57.964;enp0s25;4353;21973
1298;19:03:58.971;enp0s25;3548;14026
1299;19:03:59.979;enp0s25;3897;54464
1300;19:04:00.989;enp0s25;5519;50840
1301;19:04:01.995;enp0s25;3703;13195
1302;19:04:03.006;enp0s25;2191;21483
1303;19:04:04.015;enp0s25;26253;468917
1304;19:04:05.022;enp0s25;0;64
1305;19:04:06.028;enp0s25;420;475
1306;19:04:07.035;enp0s25;10349;125958
1307;19:04:08.042;enp0s25;3193;8220
1308;19:04:09.053;enp0s25;8305;126179
1309;19:04:10.062;enp0s25;5401;42402
1310;19:04:11.069;enp0s25;3513;31086
1311;19:04:12.081;enp0s25;21317;374783
1312;19:04:13.094;enp0s25;3397;9053
1313;19:04:14.102;enp0s25;4853;75250
1314;19:04:15.110;enp0s25;21359;328308
1315;19:04:16.117;enp0s25;498;475
1316;19:04:17.125;enp0s25;5550;38391
1317;19:04:18.133;enp0s25;5179;43401
1318;19:04:19.151;enp0s25;14700;283351
1319;19:04:20.161;enp0s25;568;553
1320;19:04:21.171;enp0s25;5040;27411
1321;19:04:22.178;enp0s25;2675;4847
1322;19:04:23.185;enp0s25;177466;5547295
1323;19:04:24.194;enp0s25;26180;1048469
1324;19:04:25.201;enp0s25;0;64
1325;19:04:26.208;enp0s25;0;0
1326;19:04:27.217;enp0s25;3392;9053
1327;19:04:28.229;enp0s25;2469;30019
1328;19:04:29.237;enp0s25;11986;159117
1329;19:04:30.244;enp0s25;3937;41572
1330;19:04:31.250;enp0s25;134100;4986754
1331;19:04:32.262;enp0s25;420;475
1332;19:04:33.270;enp0s25;19798;330089
1333;19:04:34.277;enp0s25;2419;5308
1334;19:04:35.284;enp0s25;3144;34995
1335;19:04:36.290;enp0s25;420;475
1336;19:04:37.297;enp0s25;23689;363203
1337;19:04:38.304;enp0s25;420;475
1338;19:04:39.311;enp0s25;0;64
1339;19:04:40.318;enp0s25;0;0
1340;19:04:41.331;enp0s25;0;64
1341;19:04:42.339;enp0s25;3999;8689
1342;19:04:43.346;enp0s25;60143;1802446
1343;19:04:44.353;enp0s25;1986;11679
1344;19:04:45.363;enp0s25;5881;88595
1345;19:04:46.372;enp0s25;39011;1648548
1346;19:04:47.383;enp0s25;38500;1716922
1347;19:04:48.390;enp0s25;38430;1716858
1348;19:04:49.397;enp0s25;39760;1763980
1349;19:04:50.405;enp0s25;38570;1716858
1350;19:04:51.412;enp0s25;38570;1729066
1351;19:04:52.419;enp0s25;37940;1686498
1352;19:04:53.430;enp0s25;86808;4268680
1353;19:04:54.444;enp0s25;151768;7127010
1354;19:04:55.451;enp0s25;147370;7113412
1355;19:04:56.459;enp0s25;106324;4976068
1356;19:04:57.470;enp0s25;150290;7078498
1357;19:04:58.478;enp0s25;29190;1502526
1358;19:04:59.487;enp0s25;0;0
1359;19:05:00.496;enp0s25;0;64
1360;19:05:01.503;enp0s25;0;0
1361;19:05:02.512;enp0s25;0;64
1362;19:05:03.521;enp0s25;0;0
1363;19:05:04.527;enp0s25;0;64
1364;19:05:05.534;enp0s25;0;0
1365;19:05:06.542;enp0s25;0;64
1366;19:05:07.553;enp0s25;64;64
1367;19:05:08.559;enp0s25;0;64
1368;19:05:09.566;enp0s25;0;0
1369;19:05:10.576;enp0s25;0;64
1370;19:05:11.587;enp0s25;0;0
1371;19:05:12.594;enp0s25;0;64
1372;19:05:13.601;enp0s25;0;0
1373;19:05:14.608;enp0s25;0;64
1374;19:05:15.614;enp0s25;0;0
1375;19:05:16.621;enp0s25;0;64
1376;19:05:17.628;enp0s25;833;4153
1377;19:05:18.635;enp0s25;64;128
1378;19:05:19.642;enp0s25;0;0
1379;19:05:20.648;enp0s25;0;64
1380;19:05:21.663;enp0s25;0;0
1381;19:05:22.676;enp0s25;0;64
1382;19:05:23.686;enp0s25;30104;725128
1383;19:05:24.695;enp0s25;132760;7040618
1384;19:05:25.705;enp0s25;151760;7046556
1385;19:05:26.713;enp0s25;152530;7148326
1386;19:05:27.721;enp0s25;149230;7128528
1387;19:05:28.729;enp0s25;149036;7139218
1388;19:05:29.737;enp0s25;145903;6790789
1389;19:05:30.744;enp0s25;150710;7075462
1390;19:05:31.751;enp0s25;149310;7058700
1391;19:05:32.760;enp0s25;154827;7116757
1392;19:05:33.769;enp0s25;152320;7161924
1393;19:05:34.777;enp0s25;116105;5378338
1394;19:05:35.784;enp0s25;103000;4295805
1395;19:05:36.797;enp0s25;55992;1837607
1396;19:05:37.810;enp0s25;45887;1285865
1397;19:05:38.821;enp0s25;79032;3661130
1398;19:05:39.834;enp0s25;30604;1175561
1399;19:05:40.843;enp0s25;64;128
1400;19:05:41.850;enp0s25;0;0
1401;19:05:42.857;enp0s25;0;64
1402;19:05:43.865;enp0s25;0;0
1403;19:05:44.873;enp0s25;0;64
1404;19:05:45.880;enp0s25;0;0
1405;19:05:46.888;enp0s25;0;64
1406;19:05:47.900;enp0s25;0;0
1407;19:05:48.910;enp0s25;0;64
1408;19:05:49.920;enp0s25;0;0
1409;19:05:50.933;enp0s25;0;64
1410;19:05:51.942;enp0s25;64;64
1411;19:05:52.954;enp0s25;0;64
1412;19:05:53.963;enp0s25;0;0
1413;19:05:54.970;enp0s25;0;64
1414;19:05:55.979;enp0s25;0;0
1415;19:05:56.986;enp0s25;0;64
1416;19:05:57.993;enp0s25;0;0
1417;19:05:59.000;enp0s25;2466;46052
1418;19:06:00.012;enp0s25;42280;1553977
1419;19:06:01.025;enp0s25;36470;1601554
1420;19:06:02.038;enp0s25;20650;910174
1421;19:06:03.047;enp0s25;64;128
1422;19:06:04.055;enp0s25;0;0
1423;19:06:05.062;enp0s25;0;64
1424;19:06:06.070;enp0s25;0;0
1425;19:06:07.080;enp0s25;0;64
1426;19:06:08.087;enp0s25;0;0
1427;19:06:09.094;enp0s25;1483;3980
1428;19:06:10.100;enp0s25;9328;374786
1429;19:06:11.115;enp0s25;7424;300067
1430;19:06:12.132;enp0s25;1738;60495
1431;19:06:13.147;enp0s25;5940;250020
1432;19:06:14.156;enp0s25;6500;221229
1433;19:06:15.163;enp0s25;4898;203425
1434;19:06:16.175;enp0s25;0;0
1435;19:06:17.190;enp0s25;11234;410879
1436;19:06:18.206;enp0s25;0;0
1437;19:06:19.221;enp0s25;13758;456639
1438;19:06:20.236;enp0s25;0;0
1439;19:06:21.245;enp0s25;10224;516635
1440;19:06:22.260;enp0s25;11246;408548
1441;19:06:23.270;enp0s25;9232;367498
1442;19:06:24.278;enp0s25;4912;171702
1443;19:06:25.287;enp0s25;20972;657494
1444;19:06:26.297;enp0s25;29810;1121741
1445;19:06:27.308;enp0s25;21634;801113
1446;19:06:28.325;enp0s25;1794;70149
1447;19:06:29.339;enp0s25;8316;303771
1448;19:06:30.356;enp0s25;30266;1243477
1449;19:06:31.365;enp0s25;6582;267566
1450;19:06:32.374;enp0s25;5658;163272
1451;19:06:33.392;enp0s25;16314;597653
1452;19:06:34.400;enp0s25;21200;786633
1453;19:06:35.408;enp0s25;35172;1635536
1454;19:06:36.419;enp0s25;23476;1234723
1455;19:06:37.431;enp0s25;4332;125085
1456;19:06:38.447;enp0s25;0;0
1457;19:06:39.461;enp0s25;8730;295639
1458;19:06:40.479;enp0s25;524;3406
1459;19:06:41.493;enp0s25;32478;1752623
1460;19:06:42.502;enp0s25;5898;234390
1461;19:06:43.520;enp0s25;14082;592520
1462;19:06:44.528;enp0s25;20388;832697
1463;19:06:45.544;enp0s25;0;0
1464;19:06:46.560;enp0s25;2276;100064
1465;19:06:47.573;enp0s25;2362;92379
1466;19:06:48.582;enp0s25;8268;353003
1467;19:06:49.590;enp0s25;14434;632913
1468;19:06:50.603;enp0s25;12784;460456
1469;19:06:51.612;enp0s25;18708;767312
1470;19:06:52.625;enp0s25;2132;35600
1471;19:06:53.637;enp0s25;6930;140424
1472;19:06:54.650;enp0s25;14058;332142
1473;19:06:55.665;enp0s25;2244;19641
1474;19:06:56.682;enp0s25;504;3021
1475;19:06:57.697;enp0s25;20958;775998
1476;19:06:58.713;enp0s25;4176;137113
1477;19:06:59.720;enp0s25;3376;90029
1478;19:07:00.729;enp0s25;24080;872243
1479;19:07:01.742;enp0s25;8350;168711
1480;19:07:02.756;enp0s25;17518;523821
1481;19:07:03.767;enp0s25;14258;515229
1482;19:07:04.781;enp0s25;8620;220815
1483;19:07:05.796;enp0s25;23386;1064122
1484;19:07:06.807;enp0s25;14566;419347
1485;19:07:07.821;enp0s25;6662;232291
1486;19:07:08.832;enp0s25;14826;398385
1487;19:07:09.842;enp0s25;32534;1314655
1488;19:07:10.849;enp0s25;4376;128258
1489;19:07:11.862;enp0s25;19624;714091
1490;19:07:12.873;enp0s25;10908;350581
1491;19:07:13.883;enp0s25;16382;408808
1492;19:07:14.889;enp0s25;14572;426087
1493;19:07:15.903;enp0s25;40980;1946051
1494;19:07:16.917;enp0s25;12018;378625
1495;19:07:17.926;enp0s25;15482;397205
1496;19:07:18.937;enp0s25;23842;871560
1497;19:07:19.946;enp0s25;17732;516926
1498;19:07:20.954;enp0s25;15846;371027
1499;19:07:21.963;enp0s25;14078;487270
1500;19:07:22.972;enp0s25;3864;106589
1501;19:07:23.983;enp0s25;14160;323224
1502;19:07:24.998;enp0s25;12648;221868
1503;19:07:26.009;enp0s25;14776;349471
1504;19:07:27.019;enp0s25;17702;607692
1505;19:07:28.028;enp0s25;11818;434533
1506;19:07:29.036;enp0s25;13416;289001
1507;19:07:30.048;enp0s25;12006;179445
1508;19:07:31.061;enp0s25;21820;708620
1509;19:07:32.077;enp0s25;32542;1322335
1510;19:07:33.091;enp0s25;38442;1801187
1511;19:07:34.102;enp0s25;42574;1901352
1512;19:07:35.119;enp0s25;18510;1065724
1513;19:07:36.129;enp0s25;9946;435352
1514;19:07:37.136;enp0s25;39372;1705456
1515;19:07:38.145;enp0s25;11502;250784
1516;19:07:39.153;enp0s25;11822;265599
1517;19:07:40.163;enp0s25;2566;36937
1518;19:07:41.174;enp0s25;13652;378542
1519;19:07:42.181;enp0s25;17098;467569
1520;19:07:43.190;enp0s25;21102;802785
1521;19:07:44.198;enp0s25;12894;247912
1522;19:07:45.212;enp0s25;3406;59105
1523;19:07:46.227;enp0s25;10908;226588
1524;19:07:47.235;enp0s25;15334;402368
1525;19:07:48.243;enp0s25;17456;451977
1526;19:07:49.253;enp0s25;9052;256242
1527;19:07:50.264;enp0s25;34102;1580470
1528;19:07:51.273;enp0s25;22244;1107250
1529;19:07:52.281;enp0s25;81756;4035334
1530;19:07:53.289;enp0s25;4908;179933
1531;19:07:54.304;enp0s25;7630;249513
1532;19:07:55.320;enp0s25;10120;232722
1533;19:07:56.335;enp0s25;9434;235177
1534;19:07:57.345;enp0s25;11186;435917
1535;19:07:58.362;enp0s25;34934;1603501
1536;19:07:59.379;enp0s25;5732;147725
1537;19:08:00.390;enp0s25;4000;80401
1538;19:08:01.403;enp0s25;16574;477398
1539;19:08:02.414;enp0s25;8658;157483
1540;19:08:03.422;enp0s25;2654;36404
1541;19:08:04.434;enp0s25;740;10094
1542;19:08:05.451;enp0s25;21836;787018
1543;19:08:06.464;enp0s25;2490;56131
1544;19:08:07.473;enp0s25;18720;539538
1545;19:08:08.480;enp0s25;51446;2472293
1546;19:08:09.487;enp0s25;92888;4689041
1547;19:08:10.495;enp0s25;5478;82366
1548;19:08:11.512;enp0s25;7784;144499
1549;19:08:12.529;enp0s25;6614;159877
1550;19:08:13.544;enp0s25;4432;60318
1551;19:08:14.559;enp0s25;40492;1945011
1552;19:08:15.571;enp0s25;23834;1064708
1553;19:08:16.582;enp0s25;10124;229112
1554;19:08:17.590;enp0s25;0;0
1555;19:08:18.597;enp0s25;0;64
1556;19:08:19.603;enp0s25;0;0
1557;19:08:20.612;enp0s25;0;64
1558;19:08:21.619;enp0s25;0;0
1559;19:08:22.625;enp0s25;0;64
1560;19:08:23.632;enp0s25;0;0
1561;19:08:24.638;enp0s25;0;64
1562;19:08:25.645;enp0s25;64;64
1563;19:08:26.652;enp0s25;0;64
1564;19:08:27.658;enp0s25;0;0
1565;19:08:28.665;enp0s25;0;64
1566;19:08:29.672;enp0s25;0;0
1567;19:08:30.678;enp0s25;0;64
1568;19:08:31.685;enp0s25;0;0
1569;19:08:32.692;enp0s25;0;64
1570;19:08:33.698;enp0s25;0;0
1571;19:08:34.705;enp0s25;0;64
1572;19:08:35.712;enp0s25;0;0
1573;19:08:36.718;enp0s25;64;128
1574;19:08:37.725;enp0s25;0;0
1575;19:08:38.731;enp0s25;128;128
1576;19:08:39.738;enp0s25;0;0
1577;19:08:40.745;enp0s25;0;64
1578;19:08:41.751;enp0s25;0;0
1579;19:08:42.758;enp0s25;0;64
1580;19:08:43.765;enp0s25;0;0
1581;19:08:44.771;enp0s25;0;64
1582;19:08:45.778;enp0s25;0;0
1583;19:08:46.784;enp0s25;0;64
1584;19:08:47.791;enp0s25;64;64
1585;19:08:48.798;enp0s25;0;64
1586;19:08:49.804;enp0s25;0;0
1587;19:08:50.811;enp0s25;0;64
1588;19:08:51.817;enp0s25;0;0
1589;19:08:52.824;enp0s25;0;64
1590;19:08:53.831;enp0s25;0;0
1591;19:08:54.837;enp0s25;0;64
1592;19:08:55.844;enp0s25;0;0
1593;19:08:56.850;enp0s25;0;64
1594;19:08:57.857;enp0s25;0;0
1595;19:08:58.864;enp0s25;64;128
1596;19:08:59.871;enp0s25;0;0
1597;19:09:00.877;enp0s25;0;64
1598;19:09:01.884;enp0s25;0;0
1599;19:09:02.890;enp0s25;0;64
1600;19:09:03.897;enp0s25;0;0
1601;19:09:04.904;enp0s25;0;64
1602;19:09:05.910;enp0s25;0;0
1603;19:09:06.917;enp0s25;0;64
1604;19:09:07.923;enp0s25;0;0
1605;19:09:08.931;enp0s25;0;64
1606;19:09:09.937;enp0s25;64;64
1607;19:09:10.944;enp0s25;0;64
1608;19:09:11.951;enp0s25;0;0
1609;19:09:12.957;enp0s25;0;64
1610;19:09:13.964;enp0s25;0;0
1611;19:09:14.970;enp0s25;0;64
1612;19:09:15.977;enp0s25;0;0
1613;19:09:16.984;enp0s25;0;64
1614;19:09:17.991;enp0s25;0;0
1615;19:09:18.997;enp0s25;0;64
1616;19:09:20.004;enp0s25;0;0
1617;19:09:21.010;enp0s25;64;128
1618;19:09:22.017;enp0s25;0;0
1619;19:09:23.024;enp0s25;0;64
1620;19:09:24.030;enp0s25;0;0
1621;19:09:25.037;enp0s25;0;64
1622;19:09:26.044;enp0s25;0;0
1623;19:09:27.050;enp0s25;0;64
1624;19:09:28.057;enp0s25;0;0
1625;19:09:29.063;enp0s25;0;64
1626;19:09:30.070;enp0s25;0;0
1627;19:09:31.076;enp0s25;0;64
1628;19:09:32.083;enp0s25;64;64
1629;19:09:33.090;enp0s25;0;64
1630;19:09:34.096;enp0s25;0;0
1631;19:09:35.103;enp0s25;0;64
1632;19:09:36.109;enp0s25;0;0
1633;19:09:37.116;enp0s25;0;64
1634;19:09:38.123;enp0s25;0;0
1635;19:09:39.129;enp0s25;0;64
1636;19:09:40.136;enp0s25;0;0
1637;19:09:41.143;enp0s25;0;64
1638;19:09:42.149;enp0s25;0;0
1639;19:09:43.156;enp0s25;64;128
1640;19:09:44.163;enp0s25;0;0
1641;19:09:45.169;enp0s25;0;64
1642;19:09:46.176;enp0s25;0;0
1643;19:09:47.183;enp0s25;0;64
1644;19:09:48.190;enp0s25;0;0
1645;19:09:49.196;enp0s25;0;64
1646;19:09:50.210;enp0s25;0;0
1647;19:09:51.218;enp0s25;0;64
1648;19:09:52.226;enp0s25;0;0
1649;19:09:53.234;enp0s25;0;64
1650;19:09:54.241;enp0s25;64;64
1651;19:09:55.252;enp0s25;0;64
1652;19:09:56.259;enp0s25;0;0
1653;19:09:57.266;enp0s25;0;64
1654;19:09:58.272;enp0s25;0;0
1655;19:09:59.279;enp0s25;0;64
1656;19:10:00.286;enp0s25;0;0
1657;19:10:01.294;enp0s25;0;64
1658;19:10:02.300;enp0s25;0;0
1659;19:10:03.307;enp0s25;0;64
1660;19:10:04.314;enp0s25;0;0
1661;19:10:05.320;enp0s25;64;128
1662;19:10:06.327;enp0s25;0;0
1663;19:10:07.337;enp0s25;0;64
1664;19:10:08.343;enp0s25;0;0
1665;19:10:09.350;enp0s25;0;64
1666;19:10:10.357;enp0s25;0;0
1667;19:10:11.364;enp0s25;0;64
1668;19:10:12.370;enp0s25;0;0
1669;19:10:13.377;enp0s25;0;64
1670;19:10:14.384;enp0s25;0;0
1671;19:10:15.391;enp0s25;64;128
1672;19:10:16.398;enp0s25;0;0
1673;19:10:17.405;enp0s25;0;64
1674;19:10:18.411;enp0s25;0;0
1675;19:10:19.418;enp0s25;0;64
1676;19:10:20.425;enp0s25;0;0
1677;19:10:21.431;enp0s25;0;64
1678;19:10:22.438;enp0s25;0;0
1679;19:10:23.445;enp0s25;0;64
1680;19:10:24.451;enp0s25;0;0
1681;19:10:25.458;enp0s25;0;64
1682;19:10:26.465;enp0s25;64;64
1683;19:10:27.471;enp0s25;0;64
1684;19:10:28.478;enp0s25;0;64
1685;19:10:29.484;enp0s25;0;0
1686;19:10:30.491;enp0s25;0;64
1687;19:10:31.498;enp0s25;0;0
1688;19:10:32.504;enp0s25;0;64
1689;19:10:33.511;enp0s25;0;0
1690;19:10:34.518;enp0s25;0;696
1691;19:10:35.524;enp0s25;0;2410
1692;19:10:36.531;enp0s25;0;1294
1693;19:10:37.538;enp0s25;64;1530
1694;19:10:38.544;enp0s25;0;64
1695;19:10:39.551;enp0s25;0;1230
1696;19:10:40.557;enp0s25;0;64
1697;19:10:41.564;enp0s25;0;1214
1698;19:10:42.571;enp0s25;0;64
1699;19:10:43.577;enp0s25;0;0
1700;19:10:44.584;enp0s25;0;64
1701;19:10:45.591;enp0s25;0;0
1702;19:10:46.598;enp0s25;0;64
1703;19:10:47.604;enp0s25;0;0
1704;19:10:48.611;enp0s25;64;898
1705;19:10:49.617;enp0s25;0;0
1706;19:10:50.624;enp0s25;0;64
1707;19:10:51.631;enp0s25;0;0
1708;19:10:52.638;enp0s25;164;756
1709;19:10:53.644;enp0s25;11240;5028
1710;19:10:54.651;enp0s25;0;64
1711;19:10:55.658;enp0s25;0;0
1712;19:10:56.665;enp0s25;0;64
1713;19:10:57.672;enp0s25;0;0
1714;19:10:58.679;enp0s25;0;64
1715;19:10:59.686;enp0s25;64;64
1716;19:11:00.693;enp0s25;0;64
1717;19:11:01.700;enp0s25;0;0
1718;19:11:02.707;enp0s25;0;64
1719;19:11:03.714;enp0s25;809;5130
1720;19:11:04.720;enp0s25;0;64
1721;19:11:05.727;enp0s25;0;0
1722;19:11:06.734;enp0s25;0;64
1723;19:11:07.741;enp0s25;0;0
1724;19:11:08.747;enp0s25;0;64
1725;19:11:09.754;enp0s25;0;0
1726;19:11:10.761;enp0s25;13002;25258
1727;19:11:11.767;enp0s25;13923;111079
1728;19:11:12.774;enp0s25;18366;170034
1729;19:11:13.780;enp0s25;116056;2711057
1730;19:11:14.787;enp0s25;126534;7164157
1731;19:11:15.794;enp0s25;96512;3653369
1732;19:11:16.802;enp0s25;122437;2503967
1733;19:11:17.809;enp0s25;33634;232589
1734;19:11:18.816;enp0s25;74757;1421108
1735;19:11:19.823;enp0s25;38186;501570
1736;19:11:20.830;enp0s25;28315;163456
1737;19:11:21.837;enp0s25;49677;674328
1738;19:11:22.844;enp0s25;24629;227699
1739;19:11:23.851;enp0s25;61978;876209
1740;19:11:24.858;enp0s25;51835;930798
1741;19:11:25.865;enp0s25;52596;1124600
1742;19:11:26.872;enp0s25;44335;563982
1743;19:11:27.879;enp0s25;40851;670847
1744;19:11:28.886;enp0s25;38792;526309
1745;19:11:29.895;enp0s25;24014;323932
1746;19:11:30.902;enp0s25;14717;271263
1747;19:11:31.912;enp0s25;16888;36202
1748;19:11:32.919;enp0s25;29316;107869
1749;19:11:33.926;enp0s25;39260;489894
1750;19:11:34.933;enp0s25;88337;1867646
1751;19:11:35.940;enp0s25;59051;1371960
1752;19:11:36.947;enp0s25;42573;640433
1753;19:11:37.956;enp0s25;39175;412331
1754;19:11:38.963;enp0s25;53516;428385
1755;19:11:39.970;enp0s25;33818;260129
1756;19:11:40.977;enp0s25;30973;281975
1757;19:11:41.985;enp0s25;50726;448074
1758;19:11:42.992;enp0s25;38497;580024
1759;19:11:44.007;enp0s25;33407;218587
1760;19:11:45.015;enp0s25;66998;1857204
1761;19:11:46.026;enp0s25;34337;731230
1762;19:11:47.033;enp0s25;31806;700990
1763;19:11:48.041;enp0s25;69353;844380
1764;19:11:49.052;enp0s25;68791;1577324
1765;19:11:50.060;enp0s25;55023;3509813
1766;19:11:51.069;enp0s25;52383;1429768
1767;19:11:52.076;enp0s25;41685;409407
1768;19:11:53.084;enp0s25;17077;2414086
1769;19:11:54.091;enp0s25;0;0
1770;19:11:55.101;enp0s25;64;128
1771;19:11:56.111;enp0s25;0;0
1772;19:11:57.122;enp0s25;0;64
1773;19:11:58.130;enp0s25;0;0
1774;19:11:59.137;enp0s25;0;64
1775;19:12:00.145;enp0s25;0;0
1776;19:12:01.152;enp0s25;0;64
1777;19:12:02.159;enp0s25;0;640
1778;19:12:03.166;enp0s25;2269;10049
1779;19:12:04.179;enp0s25;128036;3720177
1780;19:12:05.187;enp0s25;0;612
1781;19:12:06.194;enp0s25;1984;2424
1782;19:12:07.201;enp0s25;32859;519585
1783;19:12:08.207;enp0s25;38378;742617
1784;19:12:09.214;enp0s25;48470;1022160
1785;19:12:10.221;enp0s25;24161;273261
1786;19:12:11.228;enp0s25;63524;1137491
1787;19:12:12.235;enp0s25;1920;960
1788;19:12:13.241;enp0s25;1299;3288
1789;19:12:14.256;enp0s25;69532;2575154
1790;19:12:15.262;enp0s25;48376;1204830
1791;19:12:16.270;enp0s25;41908;1017184
1792;19:12:17.278;enp0s25;6700;93278
1793;19:12:18.292;enp0s25;197974;5012349
1794;19:12:19.301;enp0s25;80042;2088138
1795;19:12:20.307;enp0s25;35350;600822
1796;19:12:21.317;enp0s25;62931;1272620
1797;19:12:22.323;enp0s25;54031;1501432
1798;19:12:23.330;enp0s25;128;2872
1799;19:12:24.337;enp0s25;10127;215480
1800;19:12:25.345;enp0s25;88806;1955215
1801;19:12:26.361;enp0s25;87884;2286644
1802;19:12:27.376;enp0s25;36790;739603
1803;19:12:28.385;enp0s25;35442;632949
1804;19:12:29.392;enp0s25;39118;714247
1805;19:12:30.407;enp0s25;47901;936934
1806;19:12:31.415;enp0s25;14302;168220
1807;19:12:32.421;enp0s25;120367;1907886
1808;19:12:33.428;enp0s25;36032;1151590
1809;19:12:34.435;enp0s25;0;292
1810;19:12:35.441;enp0s25;0;64
1811;19:12:36.448;enp0s25;1920;960
1812;19:12:37.455;enp0s25;0;356
1813;19:12:38.462;enp0s25;0;0
1814;19:12:39.469;enp0s25;0;128
1815;19:12:40.475;enp0s25;0;0
1816;19:12:41.482;enp0s25;0;0
1817;19:12:42.489;enp0s25;0;844
1818;19:12:43.495;enp0s25;0;268
1819;19:12:44.502;enp0s25;0;64
1820;19:12:45.509;enp0s25;0;0
1821;19:12:46.515;enp0s25;0;64
1822;19:12:47.522;enp0s25;0;0
1823;19:12:48.529;enp0s25;0;64
1824;19:12:49.535;enp0s25;64;64
1825;19:12:50.542;enp0s25;0;64
1826;19:12:51.549;enp0s25;0;0
1827;19:12:52.555;enp0s25;0;64
1828;19:12:53.562;enp0s25;0;0
1829;19:12:54.569;enp0s25;0;64
1830;19:12:55.575;enp0s25;0;0
1831;19:12:56.582;enp0s25;0;64
1832;19:12:57.589;enp0s25;0;0
1833;19:12:58.595;enp0s25;0;64
1834;19:12:59.602;enp0s25;0;0
1835;19:13:00.609;enp0s25;64;128
1836;19:13:01.615;enp0s25;0;0
1837;19:13:02.622;enp0s25;1592;3318
1838;19:13:03.629;enp0s25;0;128
1839;19:13:04.636;enp0s25;0;64
1840;19:13:05.643;enp0s25;0;0
1841;19:13:06.649;enp0s25;11380;221509
1842;19:13:07.656;enp0s25;721;3688
1843;19:13:08.663;enp0s25;25015;460869
1844;19:13:09.670;enp0s25;4015;29676
1845;19:13:10.676;enp0s25;8996;252194
1846;19:13:11.683;enp0s25;64;450
1847;19:13:13.151;enp0s25;0;64
1848;19:13:14.161;enp0s25;0;834
1849;19:13:15.176;enp0s25;0;64
1850;19:13:16.183;enp0s25;0;0
1851;19:13:17.193;enp0s25;0;64
1852;19:13:18.200;enp0s25;0;0
1853;19:13:19.210;enp0s25;140;235
1854;19:13:20.219;enp0s25;0;0
1855;19:13:21.225;enp0s25;39837;977097
1856;19:13:22.235;enp0s25;116224;3791007
1857;19:13:23.248;enp0s25;20798;554325
1858;19:13:24.256;enp0s25;0;0
1859;19:13:25.262;enp0s25;0;64
1860;19:13:26.269;enp0s25;0;0
1861;19:13:27.276;enp0s25;0;64
1862;19:13:28.283;enp0s25;0;0
1863;19:13:29.290;enp0s25;0;64
1864;19:13:30.297;enp0s25;0;0
1865;19:13:31.303;enp0s25;0;420
1866;19:13:32.310;enp0s25;0;356
1867;19:13:33.317;enp0s25;0;64
1868;19:13:34.323;enp0s25;64;64
1869;19:13:35.330;enp0s25;48082;1370247
1870;19:13:36.337;enp0s25;0;0
1871;19:13:37.344;enp0s25;0;64
1872;19:13:38.351;enp0s25;0;0
1873;19:13:39.357;enp0s25;0;64
1874;19:13:40.364;enp0s25;0;0
1875;19:13:41.371;enp0s25;0;64
1876;19:13:42.377;enp0s25;8474;228132
1877;19:13:43.389;enp0s25;138366;6157037
1878;19:13:44.398;enp0s25;0;356
1879;19:13:45.405;enp0s25;64;128
1880;19:13:46.411;enp0s25;0;0
1881;19:13:47.418;enp0s25;0;64
1882;19:13:48.424;enp0s25;8063;181107
1883;19:13:49.433;enp0s25;5180;145699
1884;19:13:50.443;enp0s25;0;0
1885;19:13:51.455;enp0s25;0;64
1886;19:13:52.464;enp0s25;0;0
1887;19:13:53.471;enp0s25;0;64
1888;19:13:54.479;enp0s25;92049;2061588
1889;19:13:55.489;enp0s25;64032;1311987
1890;19:13:56.501;enp0s25;36496;1167606
1891;19:13:57.511;enp0s25;18948;385672
1892;19:13:58.528;enp0s25;6646;118616
1893;19:13:59.539;enp0s25;6572;149417
1894;19:14:00.547;enp0s25;2854;25466
1895;19:14:01.557;enp0s25;19232;354962
1896;19:14:02.576;enp0s25;23140;522519
1897;19:14:03.593;enp0s25;27158;473083
1898;19:14:04.612;enp0s25;6362;89256
1899;19:14:05.629;enp0s25;3445;18119
1900;19:14:06.638;enp0s25;192;2982
1901;19:14:07.645;enp0s25;0;1116
1902;19:14:08.652;enp0s25;0;1254
1903;19:14:09.659;enp0s25;1920;1346
1904;19:14:10.667;enp0s25;0;64
1905;19:14:11.674;enp0s25;0;1190
1906;19:14:12.680;enp0s25;4829;22385
1907;19:14:13.687;enp0s25;3152;27156
1908;19:14:14.694;enp0s25;140;539
1909;19:14:15.701;enp0s25;17890;261819
1910;19:14:16.708;enp0s25;12545;232463
1911;19:14:17.714;enp0s25;9033;129700
1912;19:14:18.721;enp0s25;52958;1334931
1913;19:14:19.728;enp0s25;24943;379006
1914;19:14:20.735;enp0s25;91591;2285581
1915;19:14:21.741;enp0s25;50662;1041474
1916;19:14:22.748;enp0s25;420;2425
1917;19:14:23.755;enp0s25;0;0
1918;19:14:24.761;enp0s25;2088;4913
1919;19:14:25.768;enp0s25;52081;1320679
1920;19:14:26.776;enp0s25;4575;21318
1921;19:14:27.783;enp0s25;2524;10865
1922;19:14:28.794;enp0s25;4832;58577
1923;19:14:29.801;enp0s25;8284;103688
1924;19:14:30.807;enp0s25;9733;140999
1925;19:14:31.814;enp0s25;24073;506319
1926;19:14:32.824;enp0s25;0;64
1927;19:14:33.836;enp0s25;420;475
1928;19:14:34.844;enp0s25;9531;109896
1929;19:14:35.851;enp0s25;5267;36447
1930;19:14:36.858;enp0s25;7991;107212
1931;19:14:37.868;enp0s25;108658;2818828
1932;19:14:38.878;enp0s25;2818;72303
1933;19:14:39.885;enp0s25;31282;626342
1934;19:14:40.891;enp0s25;420;539
1935;19:14:41.898;enp0s25;4634;24632
1936;19:14:42.905;enp0s25;3076;13866
1937;19:14:43.911;enp0s25;22787;394674
1938;19:14:44.918;enp0s25;3544;14325
1939;19:14:45.928;enp0s25;2575;20734
1940;19:14:46.940;enp0s25;11528;116992
1941;19:14:47.947;enp0s25;2325;4590
1942;19:14:48.954;enp0s25;58674;1224538
1943;19:14:49.969;enp0s25;23104;870981
1944;19:14:50.978;enp0s25;484;603
1945;19:14:51.987;enp0s25;28650;569796
1946;19:14:52.996;enp0s25;0;64
1947;19:14:54.002;enp0s25;3356;10335
1948;19:14:55.016;enp0s25;1489;6568
1949;19:14:56.024;enp0s25;7082;82029
1950;19:14:57.031;enp0s25;3097;5456
1951;19:14:58.044;enp0s25;2126;19987
1952;19:14:59.053;enp0s25;11634;154825
1953;19:15:00.060;enp0s25;420;475
1954;19:15:01.066;enp0s25;3044;8578
1955;19:15:02.082;enp0s25;2660;42594
1956;19:15:03.090;enp0s25;3159;20320
1957;19:15:04.102;enp0s25;3358;39303
1958;19:15:05.110;enp0s25;420;539
1959;19:15:06.117;enp0s25;4633;21973
1960;19:15:07.124;enp0s25;4855;24163
1961;19:15:08.137;enp0s25;1758;34939
1962;19:15:09.148;enp0s25;5861;51315
1963;19:15:10.157;enp0s25;4984;33664
1964;19:15:11.165;enp0s25;1155;617
1965;19:15:12.173;enp0s25;25238;468839
1966;19:15:13.181;enp0s25;64;128
1967;19:15:14.188;enp0s25;568;553
1968;19:15:15.195;enp0s25;10481;126355
1969;19:15:16.203;enp0s25;4918;36181
1970;19:15:17.220;enp0s25;5880;88901
1971;19:15:18.227;enp0s25;5541;42402
1972;19:15:19.241;enp0s25;4333;34831
1973;19:15:20.253;enp0s25;22813;371528
1974;19:15:21.260;enp0s25;3840;8769
1975;19:15:22.276;enp0s25;4200;75059
1976;19:15:23.284;enp0s25;20029;328308
1977;19:15:24.291;enp0s25;1219;617
1978;19:15:25.297;enp0s25;4963;38312
1979;19:15:26.304;enp0s25;14769;214443
1980;19:15:27.312;enp0s25;4200;97142
1981;19:15:28.320;enp0s25;1155;1591
1982;19:15:29.328;enp0s25;4173;28561
1983;19:15:30.336;enp0s25;3829;9193
1984;19:15:31.350;enp0s25;185186;6435687
1985;19:15:32.362;enp0s25;3500;148509
1986;19:15:33.369;enp0s25;0;64
1987;19:15:34.376;enp0s25;420;475
1988;19:15:35.382;enp0s25;4945;33411
1989;19:15:36.394;enp0s25;568;553
1990;19:15:37.402;enp0s25;12258;159514
1991;19:15:38.408;enp0s25;4337;44764
1992;19:15:39.417;enp0s25;140866;4983575
1993;19:15:40.424;enp0s25;498;767
1994;19:15:41.432;enp0s25;19860;330303
1995;19:15:42.439;enp0s25;2433;5244
1996;19:15:43.447;enp0s25;3066;34995
1997;19:15:44.455;enp0s25;568;845
1998;19:15:45.462;enp0s25;22141;363128
1999;19:15:46.468;enp0s25;484;539
2000;19:15:47.475;enp0s25;0;64
