ID; Time; CPU %; MEM %; MEM KiB
1;09:24:16.330;26.6;11.710303;2359240
2;09:24:16.502;21.5;11.786234;2374788
3;09:24:16.670;18.8;11.820685;2381004
4;09:24:16.839;9.0;11.861053;2389356
5;09:24:17.014;18.8;11.953842;2408048
6;09:24:17.183;15.9;11.964267;2409708
7;09:24:17.354;4.6;11.957933;2408904
8;09:24:17.524;3.1;11.959065;2409100
9;09:24:17.694;4.6;11.958012;2408888
10;09:24:17.863;1.6;11.958052;2409164
11;09:24:18.037;3.1;11.953882;2408056
12;09:24:18.206;20.6;11.916611;2400548
13;09:24:18.376;6.2;11.905571;2398820
14;09:24:18.546;1.6;11.909781;2399424
15;09:24:18.715;1.6;11.910714;2399360
16;09:24:18.884;3.1;11.909582;2399188
17;09:24:19.060;5.7;11.909344;2399352
18;09:24:19.240;3.0;11.910674;2399352
19;09:24:19.416;5.7;11.913355;2399672
20;09:24:19.597;4.5;11.912104;2399640
21;09:24:19.772;0.0;11.913693;2399960
22;09:24:19.942;4.7;11.874893;2392464
23;09:24:20.117;25.0;11.978484;2413012
24;09:24:20.289;4.7;11.971038;2411512
25;09:24:20.459;1.5;11.973024;2411912
26;09:24:20.628;1.5;11.971475;2411380
27;09:24:20.798;3.0;11.972964;2411900
28;09:24:20.972;1.5;11.984143;2414420
29;09:24:21.144;1.6;11.986586;2414644
30;09:24:21.315;6.1;11.987956;2414920
31;09:24:21.485;3.1;11.985811;2414488
32;09:24:21.654;1.5;11.986347;2414376
33;09:24:21.823;1.6;11.986506;2414628
34;09:24:21.993;0.0;11.987638;2414856
35;09:24:22.162;1.6;11.986427;2414832
36;09:24:22.332;4.4;11.990339;2415652
37;09:24:22.508;6.0;11.990597;2415704
38;09:24:22.684;4.4;11.992146;2415544
39;09:24:22.861;2.9;11.992026;2415740
40;09:24:23.037;3.2;11.991470;2415628
41;09:24:23.212;1.6;11.987459;2414820
42;09:24:23.382;4.5;11.990517;2415436
43;09:24:23.558;1.6;11.989604;2415252
44;09:24:23.730;0.0;11.989247;2415400
45;09:24:23.903;3.2;11.991093;2415768
46;09:24:24.079;3.2;11.999969;2417340
47;09:24:24.255;3.1;12.011148;2419596
48;09:24:24.428;4.5;11.993317;2416008
49;09:24:24.604;1.6;11.993119;2415960
50;09:24:24.775;3.0;11.996891;2416720
51;09:24:24.952;3.1;11.991927;2415720
52;09:24:25.124;1.6;11.999751;2417296
53;09:24:25.297;1.5;12.011287;2419620
54;09:24:25.469;1.5;12.008964;2419152
55;09:24:25.640;1.6;12.020103;2421632
56;09:24:25.811;1.4;12.019468;2421268
57;09:24:25.982;1.6;12.029337;2423256
58;09:24:26.154;1.5;12.033189;2424032
59;09:24:26.329;6.2;12.055388;2428284
60;09:24:26.502;4.5;12.049948;2427944
61;09:24:26.675;1.5;12.060114;2429676
62;09:24:26.848;2.9;12.062199;2429912
63;09:24:27.019;4.5;12.071075;2431664
64;09:24:27.196;3.2;12.081857;2433104
65;09:24:27.375;8.8;12.082870;2434040
66;09:24:27.548;3.0;12.092957;2435944
67;09:24:27.719;0.0;12.092858;2436052
68;09:24:27.890;1.5;12.104593;2438416
69;09:24:28.064;2.9;12.113508;2440212
70;09:24:28.236;3.0;12.112099;2439928
71;09:24:28.409;4.3;12.124032;2442916
72;09:24:28.580;4.2;12.123179;2442160
73;09:24:28.752;5.8;12.125700;2442668
74;09:24:28.928;1.5;12.135827;2444488
75;09:24:29.098;4.2;12.144127;2446380
76;09:24:29.271;4.3;12.145596;2446676
77;09:24:29.444;2.9;12.153499;2448488
78;09:24:29.617;5.5;12.151196;2447804
79;09:24:29.789;2.9;12.165572;2450700
80;09:24:29.961;2.7;12.162673;2450384
81;09:24:30.134;5.3;12.170457;2451952
82;09:24:30.306;9.3;12.173674;2452112
83;09:24:30.477;4.1;12.185707;2455056
84;09:24:30.649;8.0;12.195397;2456708
85;09:24:30.821;2.9;12.195873;2456804
86;09:24:30.994;6.7;12.206774;2459024
87;09:24:31.166;6.8;12.205444;2458732
88;09:24:31.338;2.9;12.218390;2461340
89;09:24:31.512;2.9;12.216822;2461024
90;09:24:31.683;4.3;12.225995;2462792
91;09:24:31.858;1.5;12.223692;2462408
92;09:24:32.032;4.4;12.232806;2464244
93;09:24:32.204;1.5;12.244482;2466628
94;09:24:32.377;3.0;12.246467;2467480
95;09:24:32.551;7.4;12.245216;2467004
96;09:24:32.723;3.0;12.258203;2469360
97;09:24:32.896;0.0;12.258917;2469504
98;09:24:33.068;1.5;12.267873;2471088
99;09:24:33.241;3.0;12.277682;2473284
100;09:24:33.414;4.3;12.281812;2474116
101;09:24:33.586;2.9;12.287709;2475304
102;09:24:33.757;3.1;12.288960;2475556
103;09:24:33.934;4.4;12.288801;2475304
104;09:24:34.111;7.0;12.286319;2475484
105;09:24:34.282;4.1;12.298809;2477540
106;09:24:34.453;2.9;12.296327;2477332
107;09:24:34.626;8.3;12.306672;2479124
108;09:24:34.799;5.6;12.307109;2479456
109;09:24:34.970;8.2;12.319083;2481624
110;09:24:35.142;10.8;12.323391;2482492
111;09:24:35.316;10.0;12.328812;2484064
112;09:24:35.488;13.2;12.328356;2483492
113;09:24:35.660;6.8;12.336854;2485204
114;09:24:35.832;3.0;12.338443;2485784
115;09:24:36.008;3.0;12.340964;2486040
116;09:24:36.185;6.2;12.340726;2485764
117;09:24:36.361;4.6;12.339058;2485656
118;09:24:36.536;7.6;12.339674;2485772
119;09:24:36.709;6.2;12.339197;2485676
120;09:24:36.885;3.0;12.339694;2485556
121;09:24:37.063;3.1;12.340528;2485944
122;09:24:37.237;1.6;12.338999;2485636
123;09:24:37.408;4.5;12.348212;2487492
124;09:24:37.586;5.7;12.346286;2487104
125;09:24:37.762;1.6;12.346604;2487168
126;09:24:37.936;3.0;12.347736;2487648
127;09:24:38.112;3.0;12.348788;2487608
128;09:24:38.287;3.0;12.350198;2487892
129;09:24:38.462;4.3;12.352739;2488404
130;09:24:38.640;4.6;12.351866;2488008
131;09:24:38.815;3.2;12.354070;2488940
132;09:24:38.991;3.1;12.353931;2488676
133;09:24:39.167;6.2;12.363005;2490252
134;09:24:39.339;0.0;12.360980;2490064
135;09:24:39.512;1.8;12.369300;2491740
136;09:24:39.686;3.1;12.371742;2492012
137;09:24:39.860;1.7;12.361297;2490900
138;09:24:40.034;1.8;12.378473;2493824
139;09:24:40.206;3.3;12.439790;2505940
140;09:24:40.376;3.0;12.460937;2509980
141;09:24:40.545;1.6;12.461612;2510336
142;09:24:40.715;3.1;12.463717;2510540
143;09:24:40.885;3.1;12.482482;2514604
144;09:24:41.055;3.1;12.574258;2533028
145;09:24:41.225;3.1;12.593340;2537132
146;09:24:41.395;0.0;12.597927;2537796
147;09:24:41.565;0.0;12.606505;2539524
148;09:24:41.735;1.6;12.678664;2553840
149;09:24:41.905;4.5;12.810709;2580904
150;09:24:42.074;1.5;12.956893;2609888
151;09:24:42.243;3.0;13.089435;2636808
152;09:24:42.413;3.2;13.222136;2663604
153;09:24:42.582;4.5;13.221818;2663508
154;09:24:42.753;3.1;13.341513;2687588
155;09:24:42.922;1.5;13.354578;2690220
156;09:24:43.092;0.0;13.356981;2690728
157;09:24:43.262;3.0;13.490456;2717592
158;09:24:43.432;1.6;13.643729;2748248
159;09:24:43.602;4.5;13.778276;2775148
160;09:24:43.773;1.6;13.857464;2791768
161;09:24:43.944;4.5;13.869358;2793920
162;09:24:44.113;1.6;13.869775;2794004
163;09:24:44.283;3.1;13.872217;2794276
164;09:24:44.454;4.5;13.869417;2794176
165;09:24:44.625;1.6;13.869239;2793896
166;09:24:44.795;1.5;13.891418;2798364
167;09:24:44.966;3.1;14.012007;2822656
168;09:24:45.135;3.1;14.137063;2847848
169;09:24:45.306;0.0;14.146753;2850060
170;09:24:45.477;6.2;14.179179;2856332
171;09:24:45.648;1.6;14.177491;2855992
172;09:24:45.819;1.6;14.178742;2856244
173;09:24:45.989;1.6;14.195977;2859960
174;09:24:46.159;4.5;14.330842;2886908
175;09:24:46.329;1.6;14.334377;2887376
176;09:24:46.499;1.5;14.334397;2887600
177;09:24:46.670;1.6;14.335529;2887828
178;09:24:46.840;1.6;14.335707;2887644
179;09:24:47.010;4.5;14.331597;2887280
180;09:24:47.180;3.0;14.334139;2887548
181;09:24:47.351;0.0;14.335092;2887740
182;09:24:47.520;1.6;14.330147;2886980
183;09:24:47.690;1.6;14.338924;2888756
184;09:24:47.860;3.0;14.340572;2889112
185;09:24:48.031;3.0;14.351553;2891056
186;09:24:48.200;1.6;14.358224;2892400
187;09:24:48.370;1.5;14.362295;2893464
188;09:24:48.540;1.6;14.384375;2897668
189;09:24:48.710;3.0;14.392775;2899140
190;09:24:48.880;2.9;14.402604;2901340
191;09:24:49.050;0.0;14.442515;2911648
192;09:24:49.220;3.2;14.515210;2924024
193;09:24:49.390;1.5;14.515567;2924096
194;09:24:49.560;1.6;14.514277;2923836
195;09:24:49.729;4.7;14.516302;2924244
196;09:24:49.899;3.1;14.545451;2930116
197;09:24:50.070;3.1;14.547874;2930604
198;09:24:50.241;1.6;14.556333;2932088
199;09:24:50.410;0.0;14.557325;2932288
200;09:24:50.580;1.5;14.559152;2932328
201;09:24:50.750;3.0;14.565884;2934232
202;09:24:50.920;1.6;14.565566;2933948
203;09:24:51.090;1.5;14.564057;2933864
204;09:24:51.260;1.5;14.574263;2936172
205;09:24:51.431;1.6;14.585839;2938488
206;09:24:51.600;4.5;14.591479;2939168
207;09:24:51.770;1.5;14.597515;2940604
208;09:24:51.940;0.0;14.598925;2940340
209;09:24:52.111;1.6;14.693045;2959628
210;09:24:52.281;1.6;14.699974;2961244
211;09:24:52.451;1.6;14.702437;2961740
212;09:24:52.621;4.7;14.701345;2960972
213;09:24:52.791;4.8;14.699597;2963224
214;09:24:52.961;4.5;14.710578;2963624
215;09:24:53.131;3.1;14.743440;2969780
216;09:24:53.301;1.6;14.751423;2971656
217;09:24:53.471;0.0;14.751542;2971892
218;09:24:53.641;3.3;14.753408;2972252
219;09:24:53.812;5.1;14.755076;2972344
220;09:24:53.984;6.2;14.754262;2972424
221;09:24:54.155;3.3;14.755235;2972376
222;09:24:54.324;1.6;14.761649;2973852
223;09:24:54.494;1.5;14.763714;2974084
224;09:24:54.664;1.5;14.763217;2973984
225;09:24:54.835;6.2;14.766553;2974792
226;09:24:55.006;1.5;14.766772;2974700
227;09:24:55.177;1.5;14.766772;2974700
228;09:24:55.348;0.0;14.778348;2977032
229;09:24:55.518;4.5;14.776045;2976128
230;09:24:55.692;1.5;14.786668;2978708
231;09:24:55.862;0.0;14.796993;2980788
232;09:24:56.031;0.0;14.818498;2984900
233;09:24:56.201;0.0;14.828426;2987120
234;09:24:56.371;3.1;14.846078;2990676
235;09:24:56.541;3.1;14.862798;2994044
236;09:24:56.712;1.5;14.876320;2996768
237;09:24:56.883;4.7;14.888154;2999184
238;09:24:57.053;1.5;15.153636;3054972
239;09:24:57.223;3.0;15.279287;3077724
240;09:24:57.393;1.5;15.277838;3077652
241;09:24:57.563;3.1;15.279327;3077952
242;09:24:57.733;0.0;15.279982;3077864
243;09:24:57.902;1.6;15.279049;3077896
244;09:24:58.071;1.6;15.278235;3077844
245;09:24:58.241;1.5;15.278612;3077588
246;09:24:58.410;3.1;15.310363;3084204
247;09:24:58.579;3.2;15.311733;3084316
248;09:24:58.749;4.6;15.310283;3084440
249;09:24:58.918;0.0;15.312785;3084692
250;09:24:59.088;1.6;15.312865;3084560
251;09:24:59.257;0.0;15.308913;3084196
252;09:24:59.427;0.0;15.309032;3083936
253;09:24:59.597;1.6;15.310323;3084196
254;09:24:59.766;1.5;15.310244;3084180
255;09:24:59.936;9.7;15.248272;3073240
256;09:25:00.106;16.7;15.310224;3084176
257;09:25:00.276;1.5;15.308893;3083908
258;09:25:00.445;1.6;15.309191;3083748
259;09:25:00.614;1.6;15.309827;3084096
260;09:25:00.784;1.6;15.307364;3083860
261;09:25:00.955;6.8;15.314493;3085272
262;09:25:01.127;3.1;15.313858;3084688
263;09:25:01.297;3.0;15.312011;3084536
264;09:25:01.467;1.6;15.311574;3084744
265;09:25:01.640;4.7;15.315665;3085052
266;09:25:01.813;7.5;15.314314;3085000
267;09:25:01.984;2.9;15.318762;3085896
268;09:25:02.154;3.0;15.320748;3086608
269;09:25:02.324;1.5;15.322217;3086868
270;09:25:02.499;2.9;15.322316;3086612
271;09:25:02.676;5.9;15.323031;3086756
272;09:25:02.855;1.6;15.322793;3086488
273;09:25:03.025;1.5;15.323150;3086780
274;09:25:03.199;1.5;15.323111;3086772
275;09:25:03.372;4.6;15.324044;3086960
276;09:25:03.544;0.0;15.320768;3086300
277;09:25:03.715;3.1;15.323488;3086628
278;09:25:03.885;3.1;15.325613;3087056
279;09:25:04.055;1.6;15.325136;3086960
280;09:25:04.225;6.6;15.327598;3087456
281;09:25:04.397;4.7;15.324600;3087072
282;09:25:04.568;1.6;15.321800;3086744
283;09:25:04.739;3.4;15.322277;3086604
284;09:25:04.911;1.6;15.325910;3087336
285;09:25:05.082;1.6;15.325632;3087280
286;09:25:05.251;1.6;15.327281;3087392
287;09:25:05.422;1.6;15.324421;3087264
288;09:25:05.594;1.6;15.323488;3086848
289;09:25:05.765;0.0;15.322416;3086412
290;09:25:05.936;1.5;15.323548;3086640
291;09:25:06.105;0.0;15.324421;3087036
292;09:25:06.275;3.0;15.324302;3087012
293;09:25:06.444;0.0;15.323131;3086776
294;09:25:06.613;1.5;15.321482;3086444
295;09:25:06.784;4.7;15.324143;3086980
296;09:25:06.953;4.8;15.235683;3069020
297;09:25:07.127;3.1;15.237549;3069536
298;09:25:07.332;4.6;15.238899;3069588
299;09:25:07.503;0.0;15.235802;3068964
300;09:25:07.673;1.5;15.236239;3069272
301;09:25:07.842;0.0;15.234749;3069232
302;09:25:08.011;1.6;15.236040;3069232
303;09:25:08.181;3.1;15.235603;3069224
304;09:25:08.351;2.9;15.234670;3069208
305;09:25:08.524;3.2;15.234432;3069176
306;09:25:08.694;6.2;15.239217;3069872
307;09:25:08.866;3.1;15.241282;3070288
308;09:25:09.036;3.2;15.239713;3069972
309;09:25:09.206;1.5;15.239753;3069980
310;09:25:09.375;1.7;15.237370;3069360
311;09:25:09.546;1.7;15.235742;3068956
312;09:25:09.715;6.8;15.242017;3070436
313;09:25:09.891;3.1;15.242473;3070528
314;09:25:10.067;7.2;15.241838;3070400
315;09:25:10.244;8.5;15.239654;3070488
316;09:25:10.420;3.1;15.240945;3070220
317;09:25:10.593;1.6;15.242513;3070316
318;09:25:10.767;1.6;15.241421;3070316
319;09:25:10.938;1.6;15.241739;3070160
320;09:25:11.109;7.9;15.240547;3070216
321;09:25:11.294;6.7;15.244797;3070996
322;09:25:11.466;6.6;15.244459;3070928
323;09:25:11.636;3.1;15.242196;3070472
324;09:25:11.811;3.2;15.240925;3070232
325;09:25:11.982;4.7;15.238939;3069816
326;09:25:12.151;3.2;15.239852;3070000
327;09:25:12.321;9.1;15.247438;3071308
328;09:25:12.491;1.5;15.249840;3072532
329;09:25:12.661;8.6;15.254169;3072908
330;09:25:12.835;7.6;15.251925;3072432
331;09:25:13.006;3.1;15.251310;3072308
332;09:25:13.176;4.5;15.252263;3072596
333;09:25:13.345;0.0;15.252005;3072448
334;09:25:13.516;1.6;15.251528;3072352
335;09:25:13.686;3.3;15.253593;3072768
336;09:25:13.864;1.5;15.252302;3072508
337;09:25:14.036;3.2;15.251985;3072224
338;09:25:14.206;4.8;15.250813;3072208
339;09:25:14.376;3.2;15.249721;3071988
340;09:25:14.545;3.0;15.249602;3071964
341;09:25:14.715;3.1;15.250535;3072152
342;09:25:14.885;1.6;15.251329;3072352
343;09:25:15.055;4.4;15.261973;3074456
344;09:25:15.224;10.9;15.260602;3074180
345;09:25:15.394;3.2;15.263025;3074892
346;09:25:15.566;1.7;15.260404;3073920
347;09:25:15.738;4.6;15.260722;3074204
348;09:25:15.910;3.3;15.261178;3074296
349;09:25:16.080;3.2;15.259332;3073924
350;09:25:16.250;3.2;15.272536;3076584
351;09:25:16.421;1.6;15.293564;3080820
352;09:25:16.591;6.3;15.354841;3093164
353;09:25:16.765;12.7;15.358455;3093672
354;09:25:16.936;4.8;15.398684;3101996
355;09:25:17.106;1.5;15.397771;3101592
356;09:25:17.275;1.6;15.397771;3101812
357;09:25:17.447;1.6;15.408136;3104184
358;09:25:17.619;3.2;15.437325;3109560
359;09:25:17.789;1.6;15.446400;3111608
360;09:25:17.958;4.6;15.446400;3111608
361;09:25:18.128;11.3;15.470803;3116304
362;09:25:18.301;3.1;15.469473;3116256
363;09:25:18.471;3.1;15.468718;3115884
364;09:25:18.640;1.6;15.469969;3116356
365;09:25:18.810;4.8;15.470605;3116484
366;09:25:18.980;4.8;15.469274;3116216
367;09:25:19.151;1.6;15.466872;3115992
368;09:25:19.320;0.0;15.478488;3117852
369;09:25:19.490;4.4;15.497709;3121944
370;09:25:19.659;3.1;15.507597;3123984
371;09:25:19.829;1.6;15.507021;3123820
372;09:25:19.998;6.1;15.540718;3130420
373;09:25:20.168;24.6;15.545047;3131528
374;09:25:20.340;32.8;15.544312;3131332
375;09:25:20.514;13.6;15.550110;3132768
376;09:25:20.685;14.1;15.575784;3137672
377;09:25:20.854;23.1;15.600744;3142956
378;09:25:21.041;18.2;15.633785;3149036
379;09:25:21.224;12.7;15.636883;3150216
380;09:25:21.398;6.0;15.634798;3149560
381;09:25:21.568;1.6;15.633070;3149212
382;09:25:21.738;4.6;15.634758;3149552
383;09:25:21.908;1.7;15.635493;3149480
384;09:25:22.082;3.1;15.634778;3149556
385;09:25:22.251;0.0;15.634381;3149476
386;09:25:22.422;4.5;15.634659;3149532
387;09:25:22.592;6.2;15.633845;3149368
388;09:25:22.761;3.1;15.635493;3149740
389;09:25:22.938;6.1;15.635016;3149384
390;09:25:23.108;1.6;15.633468;3149292
391;09:25:23.277;8.8;15.634361;3149472
392;09:25:23.450;1.6;15.644289;3151472
393;09:25:23.619;4.7;15.785707;3180212
394;09:25:23.793;10.8;15.784714;3180044
395;09:25:23.971;3.1;15.790314;3180816
396;09:25:24.144;13.8;15.790512;3180928
397;09:25:24.318;1.6;15.789321;3180688
398;09:25:24.493;6.7;15.794940;3181820
399;09:25:24.667;4.2;15.793551;3181320
400;09:25:24.845;7.5;15.788904;3181132
401;09:25:25.018;4.5;15.789639;3180752
402;09:25:25.191;4.5;15.788904;3180920
403;09:25:25.362;9.4;15.790870;3180804
404;09:25:25.535;0.0;15.789698;3181068
405;09:25:25.708;5.4;15.785965;3180012
406;09:25:25.879;1.9;15.788586;3180540
407;09:25:26.052;1.9;15.792101;3181248
408;09:25:26.226;9.8;15.787971;3180416
409;09:25:26.400;0.0;15.788924;3180388
410;09:25:26.571;2.0;15.787594;3180120
411;09:25:26.745;9.4;15.791406;3181108
412;09:25:26.920;9.3;15.792836;3181528
413;09:25:27.094;8.9;15.789976;3180820
414;09:25:27.267;9.7;15.791843;3181196
415;09:25:27.445;6.9;15.788050;3179908
416;09:25:27.619;4.8;15.784059;3179520
417;09:25:27.791;11.3;15.785191;3179856
418;09:25:27.964;3.7;15.786918;3180204
419;09:25:28.136;1.9;15.789043;3180632
420;09:25:28.308;2.0;15.791823;3181192
421;09:25:28.478;1.8;15.800083;3183404
422;09:25:28.651;0.0;15.802764;3184828
423;09:25:28.823;0.0;15.811143;3185084
424;09:25:28.997;1.9;15.817537;3186372
425;09:25:29.169;1.9;15.821012;3187072
426;09:25:29.341;4.7;15.827128;3188304
427;09:25:29.516;0.0;15.832708;3189428
428;09:25:29.690;1.9;15.833641;3189616
429;09:25:29.861;5.3;15.835646;3189800
430;09:25:30.033;6.9;15.830424;3188968
431;09:25:30.207;8.5;15.832271;3189564
432;09:25:30.379;24.1;15.745855;3171932
433;09:25:30.573;24.1;15.753103;3173392
434;09:25:30.748;3.6;15.752587;3173068
435;09:25:30.920;10.2;15.755009;3173556
436;09:25:31.094;1.8;15.750621;3172892
437;09:25:31.267;9.7;15.754592;3173916
438;09:25:31.443;0.0;15.752646;3173080
439;09:25:31.614;1.7;15.751713;3172892
440;09:25:31.785;1.8;15.749668;3172468
441;09:25:31.958;3.5;15.752388;3173248
442;09:25:32.129;3.4;15.754493;3173452
443;09:25:32.301;3.4;15.751236;3173016
444;09:25:32.472;0.0;15.751336;3173076
445;09:25:32.644;1.7;15.750939;3172736
446;09:25:32.816;1.6;15.751733;3173376
447;09:25:32.988;1.7;15.754255;3173624
448;09:25:33.160;1.7;15.754056;3173364
449;09:25:33.332;1.7;15.750740;3172696
450;09:25:33.504;1.6;15.751296;3173280
451;09:25:33.675;3.2;15.746431;3172048
452;09:25:33.847;3.4;15.747960;3172356
453;09:25:34.021;1.6;15.751197;3172788
454;09:25:34.192;1.6;15.752606;3173396
455;09:25:34.365;1.5;15.750780;3172924
456;09:25:34.539;1.6;15.750343;3172036
457;09:25:34.711;3.1;15.745895;3172060
458;09:25:34.885;1.5;15.748873;3172772
459;09:25:35.056;1.5;15.748556;3172256
460;09:25:35.229;1.6;15.747305;3172492
461;09:25:35.403;9.5;15.753282;3173208
462;09:25:35.578;3.1;15.747742;3172352
463;09:25:35.749;4.6;15.750204;3172872
464;09:25:35.922;6.2;15.750164;3172576
465;09:25:36.096;3.2;15.746511;3172064
466;09:25:36.268;7.2;15.749807;3172728
467;09:25:36.442;3.1;15.749946;3172756
468;09:25:36.613;4.5;15.750740;3172916
469;09:25:36.788;7.8;15.751892;3173440
470;09:25:36.961;4.5;15.751415;3172832
471;09:25:37.133;2.9;15.750402;3172408
472;09:25:37.305;3.0;15.752189;3173208
473;09:25:37.477;2.9;15.751117;3172768
474;09:25:37.651;0.0;15.752527;3173276
475;09:25:37.825;4.3;15.749707;3172708
476;09:25:37.999;9.4;15.752388;3172808
477;09:25:38.174;9.9;15.751852;3173140
478;09:25:38.345;8.3;15.748893;3172592
479;09:25:38.518;7.4;15.752507;3172832
480;09:25:38.691;5.8;15.755089;3173792
481;09:25:38.864;5.8;15.751633;3173444
482;09:25:39.037;4.1;15.748814;3172528
483;09:25:39.210;4.3;15.750601;3173172
484;09:25:39.383;2.9;15.749469;3172660
485;09:25:39.554;1.5;15.747881;3172340
486;09:25:39.726;4.3;15.751018;3172972
487;09:25:39.896;1.5;15.748437;3172012
488;09:25:40.068;2.9;15.745816;3171932
489;09:25:40.242;2.9;15.748178;3172400
490;09:25:40.415;4.2;15.749906;3172528
491;09:25:40.587;5.6;15.749747;3172716
492;09:25:40.760;2.9;15.745637;3172124
493;09:25:40.930;4.2;15.750680;3172904
494;09:25:41.102;4.1;15.751574;3173308
495;09:25:41.274;5.5;15.753083;3173388
496;09:25:41.448;4.1;15.752686;3173308
497;09:25:41.621;4.1;15.751137;3173248
498;09:25:41.793;4.2;15.750939;3172956
499;09:25:41.966;4.1;15.752011;3172952
500;09:25:42.140;4.4;15.748039;3172372
501;09:25:42.311;0.0;15.746173;3171996
502;09:25:42.483;2.9;15.751911;3172932
503;09:25:42.655;1.5;15.751633;3173096
504;09:25:42.827;3.1;15.750144;3172796
505;09:25:42.997;4.8;15.752328;3172908
506;09:25:43.167;6.1;15.748099;3172384
507;09:25:43.338;4.6;15.748020;3172280
508;09:25:43.511;6.1;15.745438;3172100
509;09:25:43.684;4.2;15.748873;3172540
510;09:25:43.858;1.5;15.750601;3172888
511;09:25:44.029;3.0;15.748397;3172668
512;09:25:44.201;1.5;15.749310;3172628
513;09:25:44.373;3.0;15.749549;3172676
514;09:25:44.546;1.5;15.750244;3172816
515;09:25:44.718;4.3;15.752130;3173196
516;09:25:44.890;2.9;15.750244;3172816
517;09:25:45.068;6.2;15.754076;3173588
518;09:25:45.239;2.8;15.750879;3172724
519;09:25:45.414;8.0;15.751852;3172920
520;09:25:45.584;7.8;15.751415;3173052
521;09:25:45.756;11.8;15.750581;3172884
522;09:25:45.929;6.8;15.750422;3172852
523;09:25:46.101;8.5;15.747622;3172288
524;09:25:46.274;17.8;15.748516;3172464
525;09:25:46.446;13.9;15.749866;3172520
526;09:25:46.618;9.2;15.748595;3172500
527;09:25:46.790;10.4;15.751614;3173092
528;09:25:46.961;16.7;15.751514;3173072
529;09:25:47.133;13.9;15.750581;3172664
530;09:25:47.305;17.1;15.750541;3172656
531;09:25:47.478;18.8;15.751633;3173096
532;09:25:47.650;13.8;15.750740;3172916
533;09:25:47.821;7.1;15.751236;3173016
534;09:25:47.993;7.4;15.751415;3173052
535;09:25:48.166;5.9;15.748476;3172256
536;09:25:48.337;7.7;15.749489;3172444
537;09:25:48.509;6.0;15.745458;3171632
538;09:25:48.680;6.2;15.745855;3171932
539;09:25:48.851;1.7;15.747245;3172212
540;09:25:49.024;3.2;15.749072;3172848
541;09:25:49.196;1.8;15.748873;3172540
542;09:25:49.367;2.0;15.749032;3172572
543;09:25:49.540;1.9;15.748953;3172556
544;09:25:49.710;3.8;15.749390;3172644
545;09:25:49.881;1.9;15.750204;3172808
546;09:25:50.053;3.8;15.750561;3172880
547;09:25:50.225;2.0;15.752110;3172972
548;09:25:50.397;2.0;15.750998;3172968
549;09:25:50.569;2.0;15.750601;3172888
550;09:25:50.741;0.0;15.750839;3172936
551;09:25:50.912;0.0;15.750522;3172872
552;09:25:51.085;3.9;15.747702;3173016
553;09:25:51.255;2.0;15.749310;3172628
554;09:25:51.428;3.8;15.747384;3172484
555;09:25:51.601;1.9;15.749290;3172404
556;09:25:51.771;0.0;15.752547;3173280
557;09:25:51.943;3.8;15.750760;3172920
558;09:25:52.115;3.8;15.749390;3172644
559;09:25:52.286;0.0;15.753262;3173424
560;09:25:52.459;1.9;15.752487;3173268
561;09:25:52.630;1.9;15.749251;3172876
562;09:25:52.803;0.0;15.750740;3172916
563;09:25:52.975;3.8;15.749886;3172744
564;09:25:53.147;1.9;15.750522;3172428
565;09:25:53.319;1.9;15.749231;3172840
566;09:25:53.490;1.8;15.748794;3172760
567;09:25:53.661;3.6;15.750204;3172808
568;09:25:53.832;1.9;15.750502;3172648
569;09:25:54.004;3.7;15.751812;3173132
570;09:25:54.176;3.8;15.751078;3172764
571;09:25:54.347;0.0;15.748893;3172544
572;09:25:54.519;1.9;15.748973;3172560
573;09:25:54.691;3.6;15.750502;3172868
574;09:25:54.863;1.8;15.750939;3172956
575;09:25:55.034;3.5;15.749032;3172352
576;09:25:55.204;4.6;15.749410;3172648
577;09:25:55.381;1.6;15.751753;3172900
578;09:25:55.551;1.8;15.749568;3172680
579;09:25:55.723;3.6;15.748476;3172556
580;09:25:55.896;1.8;15.748258;3172764
581;09:25:56.067;3.5;15.750760;3172920
582;09:25:56.240;3.6;15.752547;3173060
583;09:25:56.413;3.5;15.749827;3172732
584;09:25:56.584;1.7;15.749985;3172764
585;09:25:56.756;1.8;15.752388;3173028
586;09:25:56.928;1.6;15.750839;3172936
587;09:25:57.100;3.4;15.749449;3172656
588;09:25:57.273;0.0;15.749370;3172640
589;09:25:57.445;1.6;15.749846;3172736
590;09:25:57.616;4.8;15.750621;3172672
591;09:25:57.789;1.6;15.749489;3172664
592;09:25:57.961;1.6;15.752249;3173220
593;09:25:58.132;1.7;15.750899;3172948
594;09:25:58.304;3.2;15.750462;3172860
595;09:25:58.478;6.3;15.747940;3172564
596;09:25:58.649;9.1;15.745359;3172424
597;09:25:58.820;3.1;15.749112;3172588
598;09:25:58.993;3.1;15.749231;3172980
599;09:25:59.166;3.2;15.752368;3173244
600;09:25:59.337;1.6;15.748615;3172676
601;09:25:59.508;0.0;15.763309;3175448
602;09:25:59.681;1.5;15.760688;3175212
603;09:25:59.853;3.0;15.767817;3176624
604;09:26:00.024;1.5;15.771033;3177004
605;09:26:00.195;3.0;15.771411;3177080
606;09:26:00.367;1.5;15.771649;3177128
607;09:26:00.539;1.5;15.770517;3176460
608;09:26:00.711;3.0;15.769067;3176608
609;09:26:00.883;0.0;15.769584;3176712
610;09:26:01.056;0.0;15.767122;3176216
611;09:26:01.229;1.5;15.771867;3177404
612;09:26:01.402;4.3;15.772344;3177048
613;09:26:01.575;1.5;15.770040;3176584
614;09:26:01.747;3.0;15.768472;3176748
615;09:26:01.920;1.5;15.769882;3177064
616;09:26:02.091;4.3;15.771351;3177132
617;09:26:02.266;4.3;15.772781;3177356
618;09:26:02.438;4.2;15.770120;3176776
619;09:26:02.609;1.4;15.768432;3176480
620;09:26:02.780;4.3;15.768333;3176460
621;09:26:02.952;4.2;15.768253;3176444
622;09:26:03.125;5.6;15.773555;3177292
623;09:26:03.297;2.8;15.772205;3177604
624;09:26:03.470;5.6;15.771828;3176944
625;09:26:03.642;1.5;15.773595;3177520
626;09:26:03.814;4.2;15.770855;3176968
627;09:26:03.986;5.6;15.770735;3176944
628;09:26:04.157;2.9;15.772245;3177632
629;09:26:04.330;1.4;15.772503;3177520
630;09:26:04.502;5.6;15.773059;3176972
631;09:26:04.674;4.3;15.770795;3176512
632;09:26:04.846;4.3;15.773297;3177460
633;09:26:05.018;6.9;15.774270;3177436
634;09:26:05.189;6.9;15.770855;3177244
635;09:26:05.363;2.9;15.771589;3177116
636;09:26:05.533;5.7;15.770755;3176948
637;09:26:05.712;4.4;15.770616;3176920
638;09:26:05.885;5.9;15.768988;3176592
639;09:26:06.056;5.5;15.771113;3177084
640;09:26:06.228;1.5;15.773436;3177488
641;09:26:06.400;2.9;15.774349;3177452
642;09:26:06.572;3.0;15.775878;3177980
643;09:26:06.745;2.9;15.773952;3177592
644;09:26:06.917;2.9;15.774290;3177660
645;09:26:07.089;2.9;15.772125;3177004
646;09:26:07.261;3.0;15.769524;3176480
647;09:26:07.433;2.9;15.771470;3177092
648;09:26:07.605;2.9;15.773059;3177192
649;09:26:07.777;1.5;15.773257;3177452
650;09:26:07.950;1.5;15.773217;3177444
651;09:26:08.121;2.9;15.773654;3177316
652;09:26:08.294;4.5;15.770557;3176908
653;09:26:08.467;2.8;15.767122;3176216
654;09:26:08.639;9.6;15.768531;3176500
655;09:26:08.812;5.5;15.771708;3177140
656;09:26:08.983;2.9;15.769405;3176676
657;09:26:09.156;10.8;15.769008;3176716
658;09:26:09.327;11.8;15.772701;3177340
659;09:26:09.500;5.3;15.773118;3177676
660;09:26:09.671;11.4;15.771311;3177060
661;09:26:09.842;11.4;15.771986;3177196
662;09:26:10.015;7.5;15.771232;3176824
663;09:26:10.186;14.3;15.770021;3176800
664;09:26:10.358;14.7;15.767836;3176748
665;09:26:10.528;13.3;15.770656;3176928
666;09:26:10.699;14.1;15.771887;3177176
667;09:26:10.871;14.1;15.773615;3177524
668;09:26:11.042;12.9;15.772721;3177344
669;09:26:11.214;10.1;15.775918;3177988
670;09:26:11.385;10.0;15.773654;3177580
671;09:26:11.557;1.6;15.771589;3177084
672;09:26:11.728;4.6;15.772066;3177388
673;09:26:11.900;7.5;15.773118;3177424
674;09:26:12.071;3.0;15.771788;3177156
675;09:26:12.242;4.4;15.771391;3176856
676;09:26:12.413;3.1;15.771013;3177048
677;09:26:12.584;3.1;15.770299;3177084
678;09:26:12.757;0.0;15.770596;3176916
679;09:26:12.929;1.7;15.770954;3176988
680;09:26:13.100;5.3;15.773555;3177512
681;09:26:13.273;1.8;15.772741;3176908
682;09:26:13.443;2.0;15.773456;3177272
683;09:26:13.614;2.0;15.768273;3176716
684;09:26:13.785;3.8;15.770497;3176896
685;09:26:13.957;2.0;15.770775;3177244
686;09:26:14.128;2.0;15.774885;3177780
687;09:26:14.299;3.8;15.773932;3177588
688;09:26:14.471;3.8;15.769504;3176744
689;09:26:14.643;3.9;15.772642;3177328
690;09:26:14.816;3.7;15.774131;3177628
691;09:26:14.988;2.0;15.772880;3177616
692;09:26:15.158;3.8;15.773773;3177336
693;09:26:15.329;1.9;15.772999;3177400
694;09:26:15.501;3.8;15.771649;3177420
695;09:26:15.674;3.6;15.774349;3177672
696;09:26:15.849;4.5;15.774071;3177616
697;09:26:16.028;1.7;15.773893;3177580
698;09:26:16.199;2.0;15.774945;3177792
699;09:26:16.370;3.8;15.774846;3177772
700;09:26:16.541;1.9;15.774051;3177628
701;09:26:16.714;3.7;15.772721;3177124
702;09:26:16.887;1.9;15.772026;3176984
703;09:26:17.058;3.5;15.771828;3177416
704;09:26:17.231;1.9;15.771093;3176920
705;09:26:17.404;1.9;15.770735;3176944
706;09:26:17.576;3.6;15.770259;3176848
707;09:26:17.748;1.9;15.772761;3177352
708;09:26:17.919;5.4;15.772602;3177320
709;09:26:18.091;0.0;15.770279;3176852
710;09:26:18.263;3.6;15.771828;3177164
711;09:26:18.436;1.8;15.773118;3176984
712;09:26:18.608;3.6;15.771033;3177004
713;09:26:18.779;0.0;15.773674;3177316
714;09:26:18.950;0.0;15.772741;3177348
715;09:26:19.122;1.7;15.772761;3177352
716;09:26:19.292;1.8;15.772642;3177328
717;09:26:19.464;1.8;15.773853;3177572
718;09:26:19.635;1.7;15.771351;3177068
719;09:26:19.808;1.8;15.773476;3177496
720;09:26:19.979;1.7;15.773118;3177188
721;09:26:20.151;8.2;15.774389;3177836
722;09:26:20.323;1.7;15.774846;3177332
723;09:26:20.494;1.6;15.774826;3177548
724;09:26:20.666;3.3;15.772840;3177368
725;09:26:20.838;1.6;15.774449;3177692
726;09:26:21.009;1.6;15.773317;3177244
727;09:26:21.181;3.2;15.773436;3177268
728;09:26:21.352;1.8;15.773714;3177544
729;09:26:21.525;3.2;15.772999;3177400
730;09:26:21.697;1.6;15.772880;3177376
731;09:26:21.869;3.1;15.771907;3177180
732;09:26:22.042;0.0;15.773436;3177488
733;09:26:22.215;0.0;15.771768;3177484
734;09:26:22.386;4.5;15.776692;3177924
735;09:26:22.556;3.0;15.773456;3177736
736;09:26:22.726;3.1;15.776474;3177880
737;09:26:22.897;3.1;15.772562;3177312
738;09:26:23.066;1.6;15.772801;3177392
739;09:26:23.235;3.2;15.773575;3177768
740;09:26:23.405;3.1;15.772801;3177032
741;09:26:23.575;1.6;15.774171;3177636
742;09:26:23.745;3.0;15.773476;3177276
743;09:26:23.914;1.5;15.772106;3177276
744;09:26:24.084;3.1;15.773178;3177468
745;09:26:24.254;1.5;15.771430;3177084
746;09:26:24.424;6.2;15.845594;3191956
747;09:26:24.595;3.1;15.844105;3191968
748;09:26:24.765;3.1;15.845634;3191812
749;09:26:24.934;1.5;15.846111;3192128
750;09:26:25.103;1.6;15.845455;3191776
751;09:26:25.272;1.6;15.844224;3191748
752;09:26:25.441;1.5;15.848196;3192328
753;09:26:25.610;1.6;15.845594;3191860
754;09:26:25.779;4.4;15.844343;3191552
755;09:26:25.948;1.6;15.846845;3192056
756;09:26:26.117;2.9;15.844820;3192120
757;09:26:26.287;0.0;15.844046;3191712
758;09:26:26.456;2.9;15.847560;3192200
759;09:26:26.626;3.1;15.841961;3191536
760;09:26:26.796;1.6;15.844582;3191820
761;09:26:26.966;2.8;15.844482;3191800
762;09:26:27.135;1.6;15.844244;3191676
763;09:26:27.305;1.6;15.843271;3191556
764;09:26:27.474;1.6;15.844324;3191768
765;09:26:27.644;1.6;15.845058;3191696
766;09:26:27.813;0.0;15.842536;3191188
767;09:26:27.983;0.0;15.844999;3191944
768;09:26:28.153;3.0;15.842953;3191272
769;09:26:28.324;1.5;15.842517;3191632
770;09:26:28.494;4.5;15.842179;3191580
771;09:26:28.664;1.6;15.842139;3191400
772;09:26:28.834;5.9;15.843291;3191560
773;09:26:29.004;1.5;15.846190;3192144
774;09:26:29.176;1.6;15.844999;3191904
775;09:26:29.345;0.0;15.841762;3191276
776;09:26:29.519;3.1;15.841961;3191292
777;09:26:29.689;2.9;15.840690;3191036
778;09:26:29.858;3.0;15.841941;3191068
779;09:26:30.028;1.5;15.840571;3191012
780;09:26:30.197;1.5;15.840888;3190856
781;09:26:30.366;0.0;15.838664;3190920
782;09:26:30.535;2.9;15.841941;3191068
783;09:26:30.704;0.0;15.841742;3191028
784;09:26:30.874;0.0;15.840412;3190760
785;09:26:31.043;2.9;15.840412;3190980
786;09:26:31.212;1.5;15.841663;3191312
787;09:26:31.381;3.0;15.840491;3190996
788;09:26:31.550;1.6;15.840412;3190760
789;09:26:31.719;2.9;15.840412;3190980
790;09:26:31.888;1.5;15.840650;3191028
791;09:26:32.057;1.6;15.841981;3191296
792;09:26:32.226;1.5;15.842834;3191248
793;09:26:32.395;1.5;15.841901;3191060
794;09:26:32.563;1.6;15.839002;3190964
795;09:26:32.733;1.5;15.839161;3190728
796;09:26:32.902;1.5;15.839399;3190776
797;09:26:33.071;3.0;15.838645;3190624
798;09:26:33.240;1.6;15.837314;3190608
799;09:26:33.410;3.1;15.841147;3191128
800;09:26:33.581;1.6;15.837136;3190320
801;09:26:33.753;1.6;15.836877;3190504
802;09:26:33.923;3.1;15.839379;3190804
803;09:26:34.093;3.1;15.841901;3191580
804;09:26:34.264;3.1;15.839856;3190768
805;09:26:34.434;1.6;15.841345;3191060
806;09:26:34.604;0.0;15.838168;3190200
807;09:26:34.774;3.2;15.839637;3190824
808;09:26:34.944;3.1;15.841524;3190984
809;09:26:35.115;3.1;15.841464;3191240
810;09:26:35.284;1.5;15.841365;3191172
811;09:26:35.455;3.1;15.837453;3190300
812;09:26:35.625;4.5;15.837672;3190016
813;09:26:35.795;0.0;15.835408;3190216
814;09:26:35.965;1.6;15.835011;3189968
815;09:26:36.136;1.5;15.838049;3190528
816;09:26:36.306;0.0;15.841524;3190984
817;09:26:36.476;3.1;15.840531;3191004
818;09:26:36.647;3.1;15.838585;3190392
819;09:26:36.816;1.6;15.838942;3190684
820;09:26:36.986;1.6;15.836778;3190500
821;09:26:37.156;1.5;15.836699;3190484
822;09:26:37.326;4.6;15.839538;3190584
823;09:26:37.497;1.6;15.842318;3191364
824;09:26:37.666;1.5;15.842080;3191316
825;09:26:37.836;1.6;15.840789;3191056
826;09:26:38.006;1.6;15.840908;3191080
827;09:26:38.177;1.6;15.840094;3191184
828;09:26:38.346;3.1;15.843887;3191680
829;09:26:38.517;1.6;15.844006;3191704
830;09:26:38.686;1.6;15.843331;3191568
831;09:26:38.856;4.8;15.842417;3191384
832;09:26:39.026;1.6;15.843668;3191636
833;09:26:39.195;1.6;15.843549;3191392
834;09:26:39.364;1.6;15.843013;3191504
835;09:26:39.535;0.0;15.844046;3191980
836;09:26:39.705;3.1;15.844185;3191520
837;09:26:39.874;3.1;15.845753;3191836
838;09:26:40.043;0.0;15.838506;3190596
839;09:26:40.214;3.1;15.839915;3190880
840;09:26:40.384;3.0;15.842795;3191164
841;09:26:40.554;3.2;15.839796;3191100
842;09:26:40.724;3.2;15.843053;3191292
843;09:26:40.893;4.5;15.842497;3191364
844;09:26:41.064;1.5;15.844204;3191088
845;09:26:41.234;3.2;15.839141;3191212
846;09:26:41.404;1.6;15.840849;3191320
847;09:26:41.573;4.5;15.840511;3190680
848;09:26:41.743;4.5;15.840650;3191272
849;09:26:41.913;4.7;15.843410;3191584
850;09:26:42.083;0.0;15.839697;3190648
851;09:26:42.253;1.5;15.841802;3191504
852;09:26:42.423;3.1;15.839220;3190672
853;09:26:42.593;3.0;15.841008;3191660
854;09:26:42.762;3.0;15.841802;3191260
855;09:26:42.932;1.6;15.842020;3191548
856;09:26:43.101;3.1;15.844026;3191708
857;09:26:43.271;4.8;15.842437;3191556
858;09:26:43.442;3.1;15.842953;3191272
859;09:26:43.614;1.6;15.841703;3191020
860;09:26:43.786;4.7;15.838128;3190852
861;09:26:43.955;4.7;15.840273;3191144
862;09:26:44.126;6.1;15.846150;3191916
863;09:26:44.296;6.2;15.843787;3191660
864;09:26:44.466;1.5;15.844324;3192036
865;09:26:44.637;2.9;15.843092;3191180
866;09:26:44.808;4.6;15.839995;3191240
867;09:26:44.979;4.4;15.841981;3190968
868;09:26:45.150;3.1;15.842258;3190940
869;09:26:45.320;3.0;15.842596;3191444
870;09:26:45.490;1.5;15.844482;3191800
871;09:26:45.660;3.1;15.841087;3191116
872;09:26:45.831;3.0;15.843688;3191680
873;09:26:46.001;1.5;15.843092;3191520
874;09:26:46.171;1.6;15.842100;3191048
875;09:26:46.341;1.6;15.843490;3191844
876;09:26:46.512;4.5;15.843112;3191572
877;09:26:46.683;1.6;15.842199;3191584
878;09:26:46.854;3.1;15.845118;3191600
879;09:26:47.024;4.5;15.842735;3191692
880;09:26:47.195;4.5;15.840313;3190984
881;09:26:47.367;1.5;15.841762;3190848
882;09:26:47.537;3.1;15.839757;3190848
883;09:26:47.708;1.6;15.838803;3190656
884;09:26:47.878;1.6;15.839598;3190740
885;09:26:48.049;2.9;15.837672;3190856
886;09:26:48.219;2.9;15.841365;3191424
887;09:26:48.389;1.6;15.840392;3191480
888;09:26:48.560;3.1;15.839359;3191012
889;09:26:48.730;2.7;15.837473;3190876
890;09:26:48.900;4.7;15.834018;3190412
891;09:26:49.071;6.2;15.836699;3190364
892;09:26:49.241;3.2;15.838942;3190608
893;09:26:49.411;3.2;15.839121;3190720
894;09:26:49.581;6.1;15.837294;3190880
895;09:26:49.751;3.1;15.838704;3190636
896;09:26:49.922;3.0;15.840968;3191336
897;09:26:50.091;0.0;15.844760;3191708
898;09:26:50.261;0.0;15.842675;3191436
899;09:26:50.431;3.0;15.839618;3190820
900;09:26:50.600;0.0;15.838208;3190536
901;09:26:50.770;4.5;15.840154;3191172
902;09:26:50.940;1.6;15.839637;3191068
903;09:26:51.110;1.5;15.839737;3190844
904;09:26:51.280;3.2;15.838744;3190888
905;09:26:51.449;1.6;15.841147;3190980
906;09:26:51.619;3.2;15.840511;3190524
907;09:26:51.789;1.6;15.840670;3191032
908;09:26:51.959;1.6;15.841345;3191168
909;09:26:52.129;4.6;15.840710;3191040
910;09:26:52.299;3.1;15.841206;3191260
911;09:26:52.469;3.1;15.841008;3190624
912;09:26:52.640;1.6;15.837811;3190456
913;09:26:52.809;4.5;15.839062;3190952
914;09:26:52.979;1.6;15.840650;3190880
915;09:26:53.149;4.6;15.840332;3190912
916;09:26:53.320;1.6;15.841822;3191360
917;09:26:53.490;2.9;15.840690;3191036
918;09:26:53.660;4.7;15.841683;3191236
919;09:26:53.830;3.0;15.840769;3191188
920;09:26:54.000;1.6;15.844125;3191728
921;09:26:54.170;4.5;15.839022;3190552
922;09:26:54.340;4.5;15.842000;3191544
923;09:26:54.511;1.5;15.843152;3191620
924;09:26:54.682;1.5;15.839975;3190892
925;09:26:54.852;1.6;15.839161;3190728
926;09:26:55.021;1.6;15.843589;3191620
927;09:26:55.191;0.0;15.843708;3191492
928;09:26:55.361;0.0;15.843509;3191604
929;09:26:55.531;0.0;15.839856;3191136
930;09:26:55.703;3.2;15.841226;3191420
931;09:26:55.893;3.2;15.839280;3190752
932;09:26:56.063;3.0;15.840571;3191012
933;09:26:56.233;0.0;15.843708;3191644
934;09:26:56.402;3.0;15.841822;3191264
935;09:26:56.571;1.5;15.841981;3190968
936;09:26:56.742;4.5;15.839419;3190780
937;09:26:56.912;1.6;15.840551;3191008
938;09:26:57.082;1.5;15.843092;3191372
939;09:26:57.251;1.5;15.842397;3191380
940;09:26:57.421;3.0;15.840968;3190944
941;09:26:57.591;1.6;15.839161;3190580
942;09:26:57.761;4.6;15.838684;3190876
943;09:26:57.931;1.5;15.839896;3190792
944;09:26:58.102;1.5;15.838347;3190564
945;09:26:58.272;1.5;15.838625;3190324
946;09:26:58.442;1.5;15.838883;3190924
947;09:26:58.612;3.1;15.840035;3190608
948;09:26:58.782;1.6;15.836798;3190348
949;09:26:58.951;4.6;15.839419;3191032
950;09:26:59.122;1.5;15.838664;3190628
951;09:26:59.292;0.0;15.842695;3191292
952;09:26:59.461;1.5;15.840412;3191264
953;09:26:59.631;3.1;15.840273;3190952
954;09:26:59.800;3.1;15.838863;3190372
955;09:26:59.969;1.5;15.838188;3190532
956;09:27:00.140;3.0;15.841802;3191112
957;09:27:00.310;3.1;15.841286;3191156
958;09:27:00.480;2.9;15.841067;3191112
959;09:27:00.651;1.5;15.841603;3191220
960;09:27:00.821;1.6;15.841305;3191296
961;09:27:00.991;0.0;15.841087;3191116
962;09:27:01.161;0.0;15.841087;3191116
963;09:27:01.331;0.0;15.841484;3191196
964;09:27:01.501;3.1;15.843569;3191640
965;09:27:01.671;3.1;15.841683;3191236
966;09:27:01.841;1.5;15.842536;3191408
967;09:27:02.011;0.0;15.841842;3191268
968;09:27:02.181;1.6;15.842914;3191484
969;09:27:02.350;0.0;15.841663;3191516
970;09:27:02.521;0.0;15.841683;3191260
971;09:27:02.691;4.5;15.842854;3191472
972;09:27:02.860;1.4;15.842695;3191440
973;09:27:03.030;1.6;15.841425;3190888
974;09:27:03.199;4.4;15.839558;3190808
975;09:27:03.369;0.0;15.839320;3190760
976;09:27:03.539;1.5;15.840452;3190988
977;09:27:03.709;1.5;15.843450;3191592
978;09:27:03.880;3.0;15.843351;3191572
979;09:27:04.051;1.6;15.843172;3191536
980;09:27:04.222;4.4;15.845912;3191940
981;09:27:04.393;1.5;15.846349;3192176
982;09:27:04.563;1.5;15.845436;3191844
983;09:27:04.733;4.4;15.839955;3191124
984;09:27:04.903;0.0;15.841127;3191124
985;09:27:05.073;4.7;15.842536;3191248
986;09:27:05.244;3.2;15.839995;3190528
987;09:27:05.416;8.8;15.841107;3191252
988;09:27:05.588;1.6;15.842338;3191612
989;09:27:05.758;1.6;15.845217;3191800
990;09:27:05.928;3.1;15.842159;3191320
991;09:27:06.097;3.0;15.843410;3191584
992;09:27:06.267;1.5;15.841941;3190992
993;09:27:06.437;3.0;15.841782;3191256
994;09:27:06.606;0.0;15.839359;3190672
995;09:27:06.776;3.1;15.841921;3191284
996;09:27:06.946;1.5;15.840035;3190904
997;09:27:07.116;0.0;15.843311;3191708
998;09:27:07.288;0.0;15.843410;3191584
999;09:27:07.458;1.6;15.841623;3191224
1000;09:27:07.628;4.3;15.841663;3191232
1001;09:27:07.798;3.0;15.841087;3191484
1002;09:27:07.968;3.0;15.842914;3191484
1003;09:27:08.137;1.4;15.845197;3191804
1004;09:27:08.307;1.6;15.841266;3191152
1005;09:27:08.477;3.1;15.842735;3191448
1006;09:27:08.647;4.5;15.840134;3191200
1007;09:27:08.817;1.5;15.842814;3191464
1008;09:27:08.987;0.0;15.844482;3191800
1009;09:27:09.157;3.1;15.842596;3191272
1010;09:27:09.327;3.0;15.841941;3191288
1011;09:27:09.496;1.5;15.841881;3191276
1012;09:27:09.666;6.2;15.843370;3191964
1013;09:27:09.836;1.5;15.843430;3191588
1014;09:27:10.006;3.0;15.842596;3191420
1015;09:27:10.176;3.0;15.843370;3191428
1016;09:27:10.346;6.0;15.837910;3190448
1017;09:27:10.519;7.6;15.838069;3190508
1018;09:27:10.689;4.5;15.841961;3191292
1019;09:27:10.859;1.5;15.841127;3190976
1020;09:27:11.029;1.5;15.841166;3190984
1021;09:27:11.199;1.6;15.841166;3191132
1022;09:27:11.368;1.6;15.841127;3191124
1023;09:27:11.538;2.9;15.841087;3191116
1024;09:27:11.707;1.5;15.838108;3190760
1025;09:27:11.878;1.5;15.840213;3190940
1026;09:27:12.047;1.5;15.840690;3190740
1027;09:27:12.217;3.2;15.840730;3191044
1028;09:27:12.387;1.6;15.840610;3191320
1029;09:27:12.557;3.1;15.839737;3191088
1030;09:27:12.727;1.5;15.842934;3191340
1031;09:27:12.897;3.2;15.839876;3190500
1032;09:27:13.068;2.9;15.841186;3191136
1033;09:27:13.240;3.1;15.841583;3191352
1034;09:27:13.409;4.5;15.841186;3191396
1035;09:27:13.579;3.2;15.842457;3191248
1036;09:27:13.749;7.9;15.838208;3190536
1037;09:27:13.921;1.6;15.839995;3190720
1038;09:27:14.093;0.0;15.839896;3190824
1039;09:27:14.262;1.6;15.838128;3190520
1040;09:27:14.432;1.6;15.840610;3191020
1041;09:27:14.602;3.0;15.839419;3190780
1042;09:27:14.772;1.6;15.839776;3190704
1043;09:27:14.943;0.0;15.838645;3190624
1044;09:27:15.112;3.0;15.839419;3190780
1045;09:27:15.282;3.1;15.838724;3190492
1046;09:27:15.451;0.0;15.837989;3190492
1047;09:27:15.621;1.6;15.839419;3190632
1048;09:27:15.790;1.6;15.842715;3191144
1049;09:27:15.960;3.2;15.841941;3190900
1050;09:27:16.131;1.6;15.838645;3190624
1051;09:27:16.301;1.6;15.838426;3190848
1052;09:27:16.470;3.2;15.842060;3191164
1053;09:27:16.640;4.6;15.838267;3190400
1054;09:27:16.810;3.1;15.838446;3190584
1055;09:27:16.980;1.5;15.841643;3191080
1056;09:27:17.150;2.5;15.842159;3191184
1057;09:27:17.319;1.5;15.842199;3191340
1058;09:27:17.488;1.6;15.840869;3191072
1059;09:27:17.658;1.5;15.841643;3191228
1060;09:27:17.828;4.5;15.843569;3191320
1061;09:27:17.997;1.6;15.840789;3191056
1062;09:27:18.166;0.0;15.842119;3191324
1063;09:27:18.336;0.0;15.842318;3191068
1064;09:27:18.505;3.0;15.843907;3191388
1065;09:27:18.676;0.0;15.840372;3190824
1066;09:27:18.845;1.6;15.842219;3191176
1067;09:27:19.016;0.0;15.839121;3191092
1068;09:27:19.186;3.0;15.839042;3190704
1069;09:27:19.355;1.5;15.839598;3190816
1070;09:27:19.525;1.6;15.841623;3191076
1071;09:27:19.696;0.0;15.840888;3191076
1072;09:27:19.865;0.0;15.841464;3191352
1073;09:27:20.035;1.6;15.839637;3190824
1074;09:27:20.205;1.5;15.839002;3190980
1075;09:27:20.376;0.0;15.839677;3190536
1076;09:27:20.545;1.5;15.840888;3191248
1077;09:27:20.716;1.6;15.841623;3191224
1078;09:27:20.885;1.5;15.840988;3191096
1079;09:27:21.056;1.5;15.839220;3190740
1080;09:27:21.269;3.0;15.841583;3191216
1081;09:27:21.439;1.6;15.841544;3191208
1082;09:27:21.608;0.0;15.841266;3191152
1083;09:27:21.778;1.5;15.842795;3191460
1084;09:27:21.948;0.0;15.842675;3191436
1085;09:27:22.118;1.6;15.840809;3191060
1086;09:27:22.287;3.2;15.840591;3191016
1087;09:27:22.457;3.0;15.840213;3190940
1088;09:27:22.626;0.0;15.840809;3191060
1089;09:27:22.795;3.1;15.843251;3191552
1090;09:27:22.965;3.1;15.842993;3191352
1091;09:27:23.134;1.6;15.840928;3191084
1092;09:27:23.304;0.0;15.840372;3190972
1093;09:27:23.474;0.0;15.839558;3190988
1094;09:27:23.643;1.6;15.840452;3190988
1095;09:27:23.813;1.6;15.842219;3191048
1096;09:27:23.983;1.6;15.840948;3190940
1097;09:27:24.152;3.0;15.840174;3190784
1098;09:27:24.321;1.5;15.840888;3190780
1099;09:27:24.491;0.0;15.839479;3190792
1100;09:27:24.660;3.1;15.841583;3191216
1101;09:27:24.831;1.6;15.840849;3191068
1102;09:27:25.001;1.6;15.841583;3191216
1103;09:27:25.170;1.6;15.841464;3191044
1104;09:27:25.340;0.0;15.839479;3190792
1105;09:27:25.510;3.0;15.838962;3190688
1106;09:27:25.680;3.1;15.839598;3190816
1107;09:27:25.850;1.5;15.839042;3190704
1108;09:27:26.020;0.0;15.840531;3191132
1109;09:27:26.189;0.0;15.842338;3191368
1110;09:27:26.360;3.0;15.840571;3191012
1111;09:27:26.798;3.1;15.841822;3191264
1112;09:27:26.968;1.6;15.840968;3191368
1113;09:27:27.137;0.0;15.841742;3191248
1114;09:27:27.307;1.5;15.841663;3191344
1115;09:27:27.476;3.0;15.842080;3191020
1116;09:27:27.645;1.4;15.840332;3190964
1117;09:27:27.815;1.6;15.841703;3191240
1118;09:27:27.985;1.6;15.841425;3191184
1119;09:27:28.155;1.5;15.840650;3191028
1120;09:27:28.325;1.5;15.841425;3191184
1121;09:27:28.494;3.1;15.840094;3190916
1122;09:27:28.665;0.0;15.841425;3191036
1123;09:27:28.834;1.6;15.841504;3191200
1124;09:27:29.003;0.0;15.840849;3191068
1125;09:27:29.172;3.1;15.840293;3190956
1126;09:27:29.342;1.6;15.838764;3190648
1127;09:27:29.512;1.6;15.838148;3190524
1128;09:27:29.681;1.5;15.838923;3190532
1129;09:27:29.851;3.2;15.840730;3191172
1130;09:27:30.021;0.0;15.841166;3191132
1131;09:27:30.192;1.6;15.842100;3191024
1132;09:27:30.362;3.0;15.841544;3191060
1133;09:27:30.531;3.1;15.840213;3190940
1134;09:27:30.702;1.5;15.841583;3191068
1135;09:27:30.871;1.6;15.842517;3191404
1136;09:27:31.042;3.0;15.842477;3191396
1137;09:27:31.212;1.6;15.840809;3191060
1138;09:27:31.382;3.0;15.840035;3190756
1139;09:27:31.552;1.6;15.840114;3190772
1140;09:27:31.722;1.6;15.841365;3191284
1141;09:27:31.892;1.5;15.841861;3191124
1142;09:27:32.062;1.6;15.840670;3191180
1143;09:27:32.231;0.0;15.841365;3191172
1144;09:27:32.401;1.6;15.841921;3191284
1145;09:27:32.570;0.0;15.840074;3190780
1146;09:27:32.740;3.1;15.841961;3191292
1147;09:27:32.910;1.6;15.842080;3191020
1148;09:27:33.080;3.0;15.841901;3191280
1149;09:27:33.250;3.1;15.841564;3191212
1150;09:27:33.420;3.0;15.842119;3191324
1151;09:27:33.589;3.1;15.840591;3191016
1152;09:27:33.759;1.6;15.838903;3190960
1153;09:27:33.929;1.5;15.841544;3191208
1154;09:27:34.098;1.5;15.842397;3191380
1155;09:27:34.268;1.5;15.841027;3190956
1156;09:27:34.438;0.0;15.841186;3190988
1157;09:27:34.608;1.5;15.839896;3190728
1158;09:27:34.778;1.5;15.840372;3190972
1159;09:27:34.949;1.6;15.842993;3191500
1160;09:27:35.119;1.6;15.841067;3191232
1161;09:27:35.289;1.6;15.840213;3190940
1162;09:27:35.458;3.0;15.840452;3190988
1163;09:27:35.628;3.1;15.839161;3190728
1164;09:27:35.798;1.6;15.840392;3190976
1165;09:27:35.968;1.5;15.841305;3191160
1166;09:27:36.137;3.1;15.841385;3191176
1167;09:27:36.308;1.5;15.838645;3190916
1168;09:27:36.478;3.1;15.842040;3191308
1169;09:27:36.647;1.6;15.843331;3191420
1170;09:27:36.817;2.9;15.841246;3191148
1171;09:27:36.987;1.6;15.841405;3191300
1172;09:27:37.156;0.0;15.843073;3191220
1173;09:27:37.325;0.0;15.842675;3191436
1174;09:27:37.495;1.6;15.842953;3191492
1175;09:27:37.665;3.1;15.841107;3190972
1176;09:27:37.835;1.6;15.841742;3191248
1177;09:27:38.005;3.1;15.843807;3191664
1178;09:27:38.174;0.0;15.843609;3191624
1179;09:27:38.345;3.1;15.841464;3191204
1180;09:27:38.515;1.6;15.841484;3191196
1181;09:27:38.685;0.0;15.842199;3191192
1182;09:27:38.856;0.0;15.841583;3190624
1183;09:27:39.025;0.0;15.839816;3191004
1184;09:27:39.195;0.0;15.840948;3190940
1185;09:27:39.364;1.6;15.842715;3191600
1186;09:27:39.535;3.0;15.843529;3191744
1187;09:27:39.704;1.5;15.840948;3191088
1188;09:27:39.874;1.5;15.839657;3191104
1189;09:27:40.044;1.5;15.843569;3191468
1190;09:27:40.214;3.1;15.841067;3191112
1191;09:27:40.383;3.1;15.841027;3191232
1192;09:27:40.552;1.6;15.841027;3191104
1193;09:27:40.722;1.5;15.842536;3191408
1194;09:27:40.892;3.1;15.842695;3191440
1195;09:27:41.065;1.5;15.843192;3191392
1196;09:27:41.235;1.5;15.842457;3191392
1197;09:27:41.405;0.0;15.840531;3191004
1198;09:27:41.575;3.1;15.839479;3190644
1199;09:27:41.745;1.6;15.837493;3190644
1200;09:27:41.914;3.2;15.840690;3191036
1201;09:27:42.084;3.1;15.839320;3190760
1202;09:27:42.254;1.6;15.839359;3190768
1203;09:27:42.424;3.0;15.838148;3190652
1204;09:27:42.594;1.5;15.839479;3190792
1205;09:27:42.764;3.1;15.840730;3191180
1206;09:27:42.934;1.6;15.842219;3191344
1207;09:27:43.104;3.1;15.842179;3191188
1208;09:27:43.274;1.5;15.843092;3191520
1209;09:27:43.444;1.5;15.839121;3190720
1210;09:27:43.614;1.6;15.842020;3191304
1211;09:27:43.783;1.5;15.842576;3191416
1212;09:27:43.953;3.1;15.841166;3191132
1213;09:27:44.123;1.6;15.841008;3190804
1214;09:27:44.293;1.5;15.839836;3190568
1215;09:27:44.464;0.0;15.836997;3190568
1216;09:27:44.635;1.5;15.839320;3190760
1217;09:27:44.805;1.5;15.841087;3191116
1218;09:27:44.975;1.5;15.841822;3191116
1219;09:27:45.145;0.0;15.841087;3191116
1220;09:27:45.316;1.6;15.841087;3191116
1221;09:27:45.485;3.0;15.838267;3190548
1222;09:27:45.655;1.6;15.838069;3190768
1223;09:27:45.825;0.0;15.840412;3190980
1224;09:27:45.995;1.6;15.843549;3191612
1225;09:27:46.166;1.6;15.843629;3191628
1226;09:27:46.336;1.6;15.840154;3191096
1227;09:27:46.506;0.0;15.840610;3191000
1228;09:27:46.675;4.5;15.842139;3191328
1229;09:27:46.845;1.6;15.842040;3191012
1230;09:27:47.014;1.6;15.840491;3190996
1231;09:27:47.183;0.0;15.840730;3191044
1232;09:27:47.352;0.0;15.841861;3191272
1233;09:27:47.522;1.5;15.841901;3191132
1234;09:27:47.691;1.5;15.841941;3191288
1235;09:27:47.860;3.1;15.843112;3191524
1236;09:27:48.030;3.1;15.841067;3191112
1237;09:27:48.199;0.0;15.841067;3191112
1238;09:27:48.368;3.0;15.842834;3191736
1239;09:27:48.538;1.5;15.841583;3191216
1240;09:27:48.707;1.5;15.840332;3190964
1241;09:27:48.877;2.9;15.839856;3190868
1242;09:27:49.047;3.1;15.841266;3191152
1243;09:27:49.217;1.5;15.843768;3191508
1244;09:27:49.386;1.5;15.841464;3191192
1245;09:27:49.556;1.5;15.841623;3191224
1246;09:27:49.726;4.5;15.842437;3191240
1247;09:27:49.895;4.6;15.841683;3191236
1248;09:27:50.065;2.9;15.840452;3190988
1249;09:27:50.236;2.9;15.839975;3190892
1250;09:27:50.405;1.5;15.842477;3191248
1251;09:27:50.575;1.4;15.842477;3191248
1252;09:27:50.746;3.1;15.841305;3191160
1253;09:27:50.916;3.0;15.841663;3191232
1254;09:27:51.086;1.5;15.843430;3191588
1255;09:27:51.256;3.1;15.840988;3191096
1256;09:27:51.426;1.5;15.840293;3190956
1257;09:27:51.596;1.4;15.839796;3190856
1258;09:27:51.766;1.5;15.841127;3191124
1259;09:27:51.936;1.5;15.841008;3191100
1260;09:27:52.106;2.9;15.841405;3191180
1261;09:27:52.277;1.5;15.841464;3190896
1262;09:27:52.447;3.0;15.840769;3190904
1263;09:27:52.617;3.0;15.839915;3190880
1264;09:27:52.788;1.5;15.839915;3190732
1265;09:27:52.958;1.6;15.839975;3190988
1266;09:27:53.127;2.9;15.839340;3191024
1267;09:27:53.297;1.5;15.838089;3190512
1268;09:27:53.467;1.5;15.837791;3190696
1269;09:27:53.637;0.0;15.840293;3190956
1270;09:27:53.807;3.1;15.839459;3190788
1271;09:27:53.977;2.9;15.839220;3191024
1272;09:27:54.149;5.8;15.840253;3190948
1273;09:27:54.320;1.5;15.840253;3190948
1274;09:27:54.490;1.5;15.841663;3191084
1275;09:27:54.660;2.8;15.840293;3191224
1276;09:27:54.830;1.4;15.840253;3191076
1277;09:27:55.000;0.0;15.842119;3191324
1278;09:27:55.170;1.5;15.842199;3191340
1279;09:27:55.340;1.5;15.842735;3191448
1280;09:27:55.510;2.9;15.843867;3191528
1281;09:27:55.680;0.0;15.841703;3191240
1282;09:27:55.850;1.5;15.843033;3191360
1283;09:27:56.020;2.9;15.844244;3191752
1284;09:27:56.190;3.0;15.844721;3191700
1285;09:27:56.360;4.3;15.843410;3191584
1286;09:27:56.530;1.5;15.842953;3191492
1287;09:27:56.700;1.5;15.844204;3191596
1288;09:27:56.871;1.5;15.844046;3191712
1289;09:27:57.041;1.5;15.843271;3191556
1290;09:27:57.211;0.0;15.844403;3191784
1291;09:27:57.381;1.6;15.845694;3192044
1292;09:27:57.550;3.1;15.844840;3191872
1293;09:27:57.720;3.1;15.843907;3191684
1294;09:27:57.890;3.1;15.842675;3191588
1295;09:27:58.059;2.9;15.844105;3191424
1296;09:27:58.229;3.0;15.842616;3191424
1297;09:27:58.400;1.5;15.841941;3191276
1298;09:27:58.570;2.9;15.845038;3191912
1299;09:27:58.740;2.9;15.844522;3191808
1300;09:27:58.910;0.0;15.844919;3191740
1301;09:27:59.080;2.9;15.846270;3192160
1302;09:27:59.250;1.5;15.844443;3191644
1303;09:27:59.420;0.0;15.845158;3191640
1304;09:27:59.591;3.1;15.843787;3191660
1305;09:27:59.761;1.6;15.846329;3192024
1306;09:27:59.931;2.9;15.845356;3191976
1307;09:28:00.101;1.5;15.846587;3191928
1308;09:28:00.271;3.0;15.843212;3191656
1309;09:28:00.441;1.5;15.844959;3191896
1310;09:28:00.611;0.0;15.843311;3191564
1311;09:28:00.781;4.5;15.844522;3191808
1312;09:28:00.951;1.6;15.843351;3191424
1313;09:28:01.121;2.9;15.843430;3191848
1314;09:28:01.291;4.7;15.842219;3191344
1315;09:28:01.462;3.1;15.843490;3191696
1316;09:28:01.632;3.1;15.844721;3191700
1317;09:28:01.802;3.1;15.843470;3191448
1318;09:28:01.973;1.6;15.845058;3191768
1319;09:28:02.143;1.5;15.843152;3191532
1320;09:28:02.313;1.5;15.844582;3191820
1321;09:28:02.483;1.5;15.845753;3191760
1322;09:28:02.653;1.5;15.843470;3191596
1323;09:28:02.823;3.1;15.843370;3191576
1324;09:28:02.993;1.5;15.839022;3190700
1325;09:28:03.163;3.1;15.843192;3191808
1326;09:28:03.333;2.9;15.845118;3191928
1327;09:28:03.503;1.5;15.843728;3191352
1328;09:28:03.673;1.6;15.842258;3191204
1329;09:28:03.843;1.6;15.841484;3191196
1330;09:28:04.013;3.1;15.844105;3191428
1331;09:28:04.183;1.6;15.842040;3191472
1332;09:28:04.354;1.5;15.841008;3191100
1333;09:28:04.524;0.0;15.841425;3191460
1334;09:28:04.694;1.5;15.842715;3191296
1335;09:28:04.864;0.0;15.842715;3191444
1336;09:28:05.035;0.0;15.840670;3191300
1337;09:28:05.205;3.2;15.843946;3191692
1338;09:28:05.375;3.1;15.843450;3191296
1339;09:28:05.545;1.6;15.842894;3191480
1340;09:28:05.715;3.0;15.843450;3191444
1341;09:28:05.886;6.2;15.843331;3191420
1342;09:28:06.056;1.6;15.842119;3191504
1343;09:28:06.227;3.2;15.841186;3190988
1344;09:28:06.398;3.0;15.840372;3190704
1345;09:28:06.569;3.1;15.837890;3190324
1346;09:28:06.740;0.0;15.839538;3190804
1347;09:28:06.911;0.0;15.840054;3190908
1348;09:28:07.081;1.6;15.838764;3190352
1349;09:28:07.251;4.6;15.838247;3190544
1350;09:28:07.421;1.6;15.841643;3191228
1351;09:28:07.592;3.1;15.841742;3191248
1352;09:28:07.763;1.5;15.845396;3191836
1353;09:28:07.932;1.5;15.844760;3191708
1354;09:28:08.101;1.6;15.845436;3192236
1355;09:28:08.270;0.0;15.845833;3192072
1356;09:28:08.442;3.0;15.844324;3191860
1357;09:28:08.611;4.6;15.845237;3191952
1358;09:28:08.781;1.6;15.844701;3191844
1359;09:28:08.951;1.5;15.845872;3191932
1360;09:28:09.120;1.6;15.845038;3191912
1361;09:28:09.289;4.5;15.845177;3191644
1362;09:28:09.460;1.6;15.843926;3191540
1363;09:28:09.628;0.0;15.842675;3191436
1364;09:28:09.797;3.1;15.844840;3191724
1365;09:28:09.966;1.5;15.844065;3191716
1366;09:28:10.135;1.6;15.843748;3191652
1367;09:28:10.304;0.0;15.843013;3191804
1368;09:28:10.474;3.0;15.843708;3191644
1369;09:28:10.644;0.0;15.841524;3191204
1370;09:28:10.813;1.6;15.842795;3191460
1371;09:28:10.983;1.5;15.839975;3191136
1372;09:28:11.151;1.6;15.844899;3191736
1373;09:28:11.320;1.6;15.839896;3190876
1374;09:28:11.489;0.0;15.843271;3191408
1375;09:28:11.659;0.0;15.842060;3191580
1376;09:28:11.829;1.5;15.845436;3191992
1377;09:28:11.998;1.5;15.841822;3191228
1378;09:28:12.168;1.6;15.841901;3191280
1379;09:28:12.338;1.6;15.840253;3190948
1380;09:28:12.508;3.1;15.841286;3191156
1381;09:28:12.677;4.4;15.841325;3191164
1382;09:28:12.847;3.0;15.842020;3191156
1383;09:28:13.017;1.6;15.841325;3191164
1384;09:28:13.187;3.1;15.844185;3191580
1385;09:28:13.356;3.1;15.841127;3191124
1386;09:28:13.526;1.6;15.839717;3190840
1387;09:28:13.697;0.0;15.840888;3191076
1388;09:28:13.866;1.5;15.840968;3191092
1389;09:28:14.036;1.5;15.840888;3191352
1390;09:28:14.206;6.1;15.843768;3191656
1391;09:28:14.377;3.1;15.842060;3191228
1392;09:28:14.546;3.1;15.838585;3190880
1393;09:28:14.717;3.1;15.842258;3191352
1394;09:28:14.887;1.5;15.842378;3191228
1395;09:28:15.056;1.5;15.842298;3191360
1396;09:28:15.226;0.0;15.845376;3192132
1397;09:28:15.396;4.5;15.843231;3191548
1398;09:28:15.568;4.7;15.843589;3191472
1399;09:28:15.738;3.0;15.844105;3191576
1400;09:28:15.908;3.1;15.843589;3191324
1401;09:28:16.078;3.1;15.842397;3191380
1402;09:28:16.249;4.8;15.839439;3190792
1403;09:28:16.420;4.7;15.840273;3191220
1404;09:28:16.590;0.0;15.841444;3191448
1405;09:28:16.760;1.5;15.843907;3191684
1406;09:28:16.930;1.6;15.843748;3191652
1407;09:28:17.100;1.6;15.841047;3191360
1408;09:28:17.270;3.1;15.844582;3191820
1409;09:28:17.440;3.1;15.842656;3191432
1410;09:28:17.609;1.5;15.841861;3191272
1411;09:28:17.779;3.1;15.841603;3191220
1412;09:28:17.949;1.5;15.845833;3192072
1413;09:28:18.119;1.6;15.843569;3191320
1414;09:28:18.291;1.6;15.841643;3191228
1415;09:28:18.461;1.6;15.839816;3190860
1416;09:28:18.632;1.5;15.842457;3191096
1417;09:28:18.801;2.9;15.838406;3190836
1418;09:28:18.971;4.5;15.839240;3191004
1419;09:28:19.141;3.1;15.843172;3191536
1420;09:28:19.312;1.6;15.843013;3191504
1421;09:28:19.482;1.5;15.840233;3191172
1422;09:28:19.651;1.5;15.841425;3191156
1423;09:28:19.821;3.3;15.842834;3191188
1424;09:28:19.992;4.8;15.844343;3191772
1425;09:28:20.162;1.5;15.842616;3191424
1426;09:28:20.332;6.0;15.845118;3191928
1427;09:28:20.503;2.9;15.844939;3191892
1428;09:28:20.673;1.6;15.843509;3191604
1429;09:28:20.842;1.5;15.842675;3191436
1430;09:28:21.012;1.5;15.843549;3191612
1431;09:28:21.181;1.5;15.845475;3191664
1432;09:28:21.351;0.0;15.843867;3191548
1433;09:28:21.522;1.6;15.846706;3192100
1434;09:28:21.691;1.5;15.839578;3190736
1435;09:28:21.861;3.1;15.841603;3191220
1436;09:28:22.031;0.0;15.842894;3191480
1437;09:28:22.201;2.9;15.844542;3192032
1438;09:28:22.370;1.5;15.844979;3191900
1439;09:28:22.542;1.6;15.844502;3191656
1440;09:28:22.712;7.4;15.841444;3191440
1441;09:28:22.884;3.1;15.842000;3191560
1442;09:28:23.054;0.0;15.841881;3191560
1443;09:28:23.223;1.6;15.841861;3191272
1444;09:28:23.393;3.1;15.844919;3191740
1445;09:28:23.564;0.0;15.843291;3191560
1446;09:28:23.733;0.0;15.843450;3191860
1447;09:28:23.903;1.6;15.843311;3191564
1448;09:28:24.072;6.1;15.841961;3191536
1449;09:28:24.242;1.6;15.840888;3190780
1450;09:28:24.411;1.6;15.841286;3191156
1451;09:28:24.580;4.6;15.843688;3191492
1452;09:28:24.750;3.2;15.842179;3191620
1453;09:28:24.919;1.6;15.838347;3190528
1454;09:28:25.090;3.1;15.842814;3190764
1455;09:28:25.263;1.6;15.841444;3191028
1456;09:28:25.434;9.1;15.840074;3190928
1457;09:28:25.605;1.5;15.839776;3190948
1458;09:28:25.777;1.6;15.840253;3190948
1459;09:28:25.947;1.5;15.839896;3190876
1460;09:28:26.117;3.1;15.841027;3191104
1461;09:28:26.287;0.0;15.842874;3191476
1462;09:28:26.457;1.6;15.843529;3191608
1463;09:28:26.626;1.6;15.842258;3191352
1464;09:28:26.796;1.6;15.842258;3191352
1465;09:28:26.966;3.0;15.842735;3191448
1466;09:28:27.135;1.6;15.842735;3191448
1467;09:28:27.304;3.1;15.842735;3191448
1468;09:28:27.475;3.0;15.842258;3191352
1469;09:28:27.644;9.2;15.841583;3191072
1470;09:28:27.815;3.1;15.842100;3191172
1471;09:28:27.985;1.5;15.844204;3191944
1472;09:28:28.155;3.0;15.843629;3191628
1473;09:28:28.324;1.6;15.845277;3191664
1474;09:28:28.493;1.5;15.842993;3191500
1475;09:28:28.664;1.6;15.844840;3191872
1476;09:28:28.833;4.6;15.844621;3191828
1477;09:28:29.004;1.6;15.845356;3191828
1478;09:28:29.174;3.1;15.845475;3192000
1479;09:28:29.344;3.2;15.844760;3191856
1480;09:28:29.514;1.5;15.845396;3191984
1481;09:28:29.684;1.6;15.845515;3191860
1482;09:28:29.853;1.5;15.844224;3191748
1483;09:28:30.023;3.1;15.844701;3191696
1484;09:28:30.193;3.1;15.844006;3191704
1485;09:28:30.362;1.4;15.843450;3191592
1486;09:28:30.532;1.6;15.841405;3191424
1487;09:28:30.702;3.1;15.842616;3191424
1488;09:28:30.871;1.6;15.843410;3191288
1489;09:28:31.041;1.5;15.843152;3191532
1490;09:28:31.210;1.5;15.842775;3191456
1491;09:28:31.380;3.1;15.844721;3191848
1492;09:28:31.549;4.6;15.845952;3191948
1493;09:28:31.719;1.6;15.845436;3191844
1494;09:28:31.888;0.0;15.847242;3192356
1495;09:28:32.058;2.9;15.845833;3192072
1496;09:28:32.228;0.0;15.844582;3191992
1497;09:28:32.397;4.6;15.846011;3192108
1498;09:28:32.567;1.5;15.844661;3191688
1499;09:28:32.737;3.1;15.842894;3191480
1500;09:28:32.907;4.5;15.844224;3191748
1501;09:28:33.077;1.6;15.844264;3191756
1502;09:28:33.246;1.6;15.844065;3191716
1503;09:28:33.416;0.0;15.844026;3191708
1504;09:28:33.586;1.4;15.845594;3192024
1505;09:28:33.756;4.6;15.844860;3191580
1506;09:28:33.926;1.6;15.843926;3191688
1507;09:28:34.096;1.6;15.843926;3191688
1508;09:28:34.266;1.5;15.844641;3191536
1509;09:28:34.436;1.6;15.845594;3191876
1510;09:28:34.605;1.5;15.843053;3191512
1511;09:28:34.775;3.0;15.843053;3191772
1512;09:28:34.944;3.1;15.843569;3191616
1513;09:28:35.114;0.0;15.844820;3191868
1514;09:28:35.283;0.0;15.844721;3191680
1515;09:28:35.454;1.6;15.846111;3192092
1516;09:28:35.624;1.5;15.847977;3192504
1517;09:28:35.794;4.4;15.843509;3191604
1518;09:28:35.963;1.6;15.842934;3191748
1519;09:28:36.133;1.5;15.844800;3191864
1520;09:28:36.303;1.5;15.844026;3191872
1521;09:28:36.474;4.5;15.844760;3191856
1522;09:28:36.644;0.0;15.844562;3191816
1523;09:28:36.813;1.5;15.844959;3191748
1524;09:28:36.983;4.5;15.843827;3191668
1525;09:28:37.152;1.6;15.845594;3192292
1526;09:28:37.322;1.4;15.844502;3191804
1527;09:28:37.492;3.1;15.846984;3192460
1528;09:28:37.662;3.1;15.845972;3191952
1529;09:28:37.832;3.1;15.845972;3191952
1530;09:28:38.002;1.5;15.845475;3192000
1531;09:28:38.172;1.5;15.846488;3192056
1532;09:28:38.344;0.0;15.846905;3192288
1533;09:28:38.513;1.6;15.846925;3192292
1534;09:28:38.683;1.5;15.846389;3192036
1535;09:28:38.853;0.0;15.845098;3191924
1536;09:28:39.022;3.0;15.845019;3191908
1537;09:28:39.192;1.6;15.845257;3191808
1538;09:28:39.361;3.0;15.844204;3191744
1539;09:28:39.530;1.5;15.844006;3191964
1540;09:28:39.699;1.5;15.846508;3192060
1541;09:28:39.869;1.6;15.845773;3192060
1542;09:28:40.038;1.5;15.843073;3191704
1543;09:28:40.208;0.0;15.843887;3191680
1544;09:28:40.377;1.6;15.844562;3191816
1545;09:28:40.547;1.6;15.843271;3191832
1546;09:28:40.717;1.5;15.843311;3191564
1547;09:28:40.887;3.1;15.842973;3191884
1548;09:28:41.057;1.6;15.845555;3192016
1549;09:28:41.228;0.0;15.846111;3192128
1550;09:28:41.397;1.6;15.845912;3192088
1551;09:28:41.567;1.6;15.846726;3192252
1552;09:28:41.736;1.6;15.845436;3191992
1553;09:28:41.905;1.6;15.844741;3191852
1554;09:28:42.075;3.1;15.844105;3191860
1555;09:28:42.245;3.0;15.844780;3191860
1556;09:28:42.415;1.5;15.845217;3191948
1557;09:28:42.586;1.5;15.843907;3191592
1558;09:28:42.755;1.6;15.842239;3191328
1559;09:28:42.925;1.5;15.842656;3191284
1560;09:28:43.096;1.6;15.843986;3191804
1561;09:28:43.267;1.5;15.844542;3191664
1562;09:28:43.437;3.1;15.845316;3191968
1563;09:28:43.607;1.6;15.845217;3191800
1564;09:28:43.776;1.5;15.845654;3192036
1565;09:28:43.947;1.6;15.846865;3192280
1566;09:28:44.116;3.0;15.844979;3191900
1567;09:28:45.756;0.0;15.845515;3192008
1568;09:28:45.933;3.1;15.845495;3192004
1569;09:28:46.102;1.5;15.844562;3191816
1570;09:28:46.272;3.1;15.846448;3192196
1571;09:28:46.443;1.5;15.843787;3191968
1572;09:28:46.613;3.0;15.846051;3192116
1573;09:28:46.782;1.6;15.847977;3192356
1574;09:28:46.952;1.6;15.846806;3192120
1575;09:28:47.121;3.1;15.845475;3191852
1576;09:28:47.291;1.6;15.844959;3191896
1577;09:28:47.461;0.0;15.846170;3192140
1578;09:28:47.630;1.5;15.846210;3192148
1579;09:28:47.800;1.6;15.846250;3192008
1580;09:28:47.970;3.1;15.844919;3191740
1581;09:28:48.139;1.6;15.844760;3191708
1582;09:28:48.309;1.6;15.843470;3191596
1583;09:28:48.478;1.6;15.845932;3191944
1584;09:28:48.648;3.0;15.846051;3192116
1585;09:28:48.817;1.6;15.845992;3192104
1586;09:28:48.987;1.5;15.845436;3191992
1587;09:28:49.157;1.5;15.847302;3192368
1588;09:28:49.327;4.5;15.845257;3191956
1589;09:28:49.496;3.2;15.847838;3192328
1590;09:28:49.666;1.5;15.845356;3191976
1591;09:28:49.836;4.5;15.846170;3192260
1592;09:28:50.005;3.1;15.845356;3191976
1593;09:28:50.175;0.0;15.846131;3191984
1594;09:28:50.344;1.6;15.847858;3192480
1595;09:28:50.514;1.5;15.846647;3191940
1596;09:28:50.684;3.1;15.844800;3191864
1597;09:28:50.854;1.5;15.845197;3191648
1598;09:28:51.023;0.0;15.843907;3191672
1599;09:28:51.193;3.1;15.844482;3191800
1600;09:28:51.362;1.6;15.844621;3191828
1601;09:28:51.532;1.5;15.844661;3191836
1602;09:28:51.701;3.1;15.845872;3191784
1603;09:28:51.871;0.0;15.844701;3191844
1604;09:28:52.040;0.0;15.843490;3191600
1605;09:28:52.211;1.6;15.842199;3191632
1606;09:28:52.381;1.6;15.842159;3191648
1607;09:28:52.550;3.0;15.843569;3191616
1608;09:28:52.720;3.1;15.845019;3191908
1609;09:28:52.889;1.6;15.843609;3191916
1610;09:28:53.059;0.0;15.845177;3191792
1611;09:28:53.229;3.1;15.844383;3191780
1612;09:28:53.397;0.0;15.843648;3191336
1613;09:28:53.566;0.0;15.843430;3191292
1614;09:28:53.736;3.1;15.842497;3191400
1615;09:28:53.906;3.0;15.845614;3192028
1616;09:28:54.076;1.5;15.844701;3191844
1617;09:28:54.245;1.4;15.844701;3191844
1618;09:28:54.415;3.1;15.842795;3191612
1619;09:28:54.585;1.5;15.842934;3191340
1620;09:28:54.754;3.1;15.840988;3190796
1621;09:28:54.924;1.6;15.839022;3190552
1622;09:28:55.094;3.1;15.840392;3190828
1623;09:28:55.263;1.6;15.840392;3190976
1624;09:28:55.433;2.8;15.844224;3191748
1625;09:28:55.603;0.0;15.843450;3191592
1626;09:28:55.773;1.6;15.845098;3191924
1627;09:28:55.943;0.0;15.844443;3191792
1628;09:28:56.113;3.0;15.841603;3191496
1629;09:28:56.283;1.5;15.842934;3191488
1630;09:28:56.453;1.5;15.842040;3191308
1631;09:28:56.623;3.1;15.842477;3191396
1632;09:28:56.793;1.6;15.840908;3191080
1633;09:28:56.963;1.5;15.842000;3191152
1634;09:28:57.132;1.5;15.842318;3191364
1635;09:28:57.302;2.9;15.842040;3191308
1636;09:28:57.472;1.6;15.843728;3191648
1637;09:28:57.642;1.5;15.843212;3191544
1638;09:28:57.812;3.2;15.843172;3191536
1639;09:28:57.981;1.6;15.841345;3191168
1640;09:28:58.152;1.5;15.843887;3191680
1641;09:28:58.322;3.0;15.844582;3191820
1642;09:28:58.492;3.1;15.844939;3191744
1643;09:28:58.662;1.5;15.842477;3191396
1644;09:28:58.832;0.0;15.842556;3191412
1645;09:28:59.001;2.9;15.842219;3191344
1646;09:28:59.171;0.0;15.841524;3191204
1647;09:28:59.341;3.0;15.843351;3191424
1648;09:28:59.510;0.0;15.845078;3191772
1649;09:28:59.680;1.5;15.843351;3191708
1650;09:28:59.849;1.6;15.845872;3192080
1651;09:29:00.019;2.8;15.841742;3191548
1652;09:29:00.188;0.0;15.843450;3191444
1653;09:29:00.359;3.2;15.843092;3191520
1654;09:29:00.530;6.2;15.845634;3192032
1655;09:29:00.701;1.5;15.844324;3191620
1656;09:29:00.870;1.5;15.847421;3192244
1657;09:29:01.040;4.6;15.844423;3191640
1658;09:29:01.209;1.6;15.843172;3191536
1659;09:29:01.379;3.1;15.844939;3191596
1660;09:29:01.548;0.0;15.844423;3191788
1661;09:29:01.717;1.6;15.845674;3192040
1662;09:29:01.887;1.6;15.844939;3191892
1663;09:29:02.056;0.0;15.843688;3191640
1664;09:29:02.225;5.9;15.843410;3191584
1665;09:29:02.394;3.0;15.841107;3191528
1666;09:29:02.564;7.8;15.842358;3191616
1667;09:29:02.735;1.5;15.843609;3191624
1668;09:29:02.904;0.0;15.843450;3191444
1669;09:29:03.074;1.5;15.843609;3191624
1670;09:29:03.244;3.1;15.843529;3191608
1671;09:29:03.413;0.0;15.843490;3191736
1672;09:29:03.583;0.0;15.842358;3191632
1673;09:29:03.752;1.5;15.841464;3191468
1674;09:29:03.921;1.5;15.846270;3192160
1675;09:29:04.090;1.6;15.845733;3191960
1676;09:29:04.260;3.0;15.847084;3192028
1677;09:29:04.430;1.5;15.844840;3191872
1678;09:29:04.599;1.6;15.843271;3191556
1679;09:29:04.768;3.2;15.841762;3191252
1680;09:29:04.938;1.6;15.843370;3191576
1681;09:29:05.107;3.1;15.843013;3191504
1682;09:29:05.276;3.1;15.836679;3190628
1683;09:29:05.448;1.5;15.841623;3191468
1684;09:29:05.617;3.1;15.842318;3191624
1685;09:29:05.787;3.0;15.845455;3191996
1686;09:29:05.956;6.0;15.842616;3191092
1687;09:29:06.126;3.1;15.843132;3191232
1688;09:29:06.296;0.0;15.842814;3191316
1689;09:29:06.466;1.5;15.842119;3191324
1690;09:29:06.635;1.6;15.840114;3191016
1691;09:29:06.803;1.6;15.843251;3191812
1692;09:29:06.972;1.5;15.843787;3191512
1693;09:29:07.141;0.0;15.844562;3191816
1694;09:29:07.310;0.0;15.844105;3191724
1695;09:29:07.479;1.5;15.843251;3191524
1696;09:29:07.648;1.6;15.843867;3191528
1697;09:29:07.817;3.0;15.845356;3191828
1698;09:29:07.987;0.0;15.843986;3191552
1699;09:29:08.156;4.6;15.839776;3190000
1700;09:29:08.326;7.8;15.843331;3191568
1701;09:29:08.495;1.6;15.843033;3191508
1702;09:29:08.665;4.6;15.842795;3191728
1703;09:29:08.835;3.0;15.844860;3191876
1704;09:29:09.006;1.5;15.844185;3191444
1705;09:29:09.175;1.6;15.842278;3191356
1706;09:29:09.345;3.1;15.842239;3191348
1707;09:29:09.514;1.5;15.840273;3190952
1708;09:29:09.684;1.6;15.841325;3191164
1709;09:29:09.854;1.5;15.841842;3191568
1710;09:29:10.024;4.5;15.842497;3191252
1711;09:29:10.193;3.1;15.840332;3190964
1712;09:29:10.363;3.0;15.843092;3191520
1713;09:29:10.532;1.6;15.842616;3191276
1714;09:29:10.701;3.2;15.840531;3191264
1715;09:29:10.871;1.6;15.845555;3192016
1716;09:29:11.040;3.0;15.843827;3191668
1717;09:29:11.209;1.6;15.843827;3191668
1718;09:29:11.378;1.6;15.843827;3191668
1719;09:29:11.548;3.1;15.843907;3191812
1720;09:29:11.717;1.5;15.842576;3191268
1721;09:29:11.886;3.0;15.845038;3191912
1722;09:29:12.055;1.5;15.843589;3191620
1723;09:29:12.225;0.0;15.843053;3191512
1724;09:29:12.394;1.6;15.843708;3191644
1725;09:29:12.564;1.6;15.842973;3191496
1726;09:29:12.733;1.5;15.843629;3191628
1727;09:29:12.903;1.6;15.842894;3191756
1728;09:29:13.072;1.6;15.842378;3191376
1729;09:29:13.242;1.5;15.843549;3191464
1730;09:29:13.411;3.1;15.844999;3191904
1731;09:29:13.581;3.0;15.843668;3191488
1732;09:29:13.751;4.3;15.842060;3191312
1733;09:29:13.921;1.5;15.843688;3191640
1734;09:29:14.090;1.5;15.842318;3191364
1735;09:29:14.260;0.0;15.843033;3191508
1736;09:29:14.430;0.0;15.841722;3191244
1737;09:29:14.600;0.0;15.839915;3190880
1738;09:29:14.769;3.1;15.843688;3191640
1739;09:29:14.940;0.0;15.844165;3191736
1740;09:29:15.110;4.7;15.844185;3191740
1741;09:29:15.281;1.6;15.844403;3191784
1742;09:29:15.450;0.0;15.841981;3191588
1743;09:29:15.618;0.0;15.842874;3191484
1744;09:29:15.787;0.0;15.844125;3191580
1745;09:29:15.957;1.6;15.845297;3191816
1746;09:29:16.126;1.5;15.844125;3191580
1747;09:29:16.295;1.6;15.843331;3191272
1748;09:29:16.465;4.6;15.842139;3191328
1749;09:29:16.635;1.5;15.845376;3191832
1750;09:29:16.804;7.5;15.843053;3191528
1751;09:29:16.975;1.6;15.843410;3191844
1752;09:29:17.145;0.0;15.844165;3191736
1753;09:29:17.314;3.1;15.844423;3191788
1754;09:29:17.484;1.5;15.844383;3191484
1755;09:29:17.653;1.6;15.844383;3191632
1756;09:29:17.822;0.0;15.842616;3191424
1757;09:29:17.992;1.6;15.844502;3192024
1758;09:29:18.161;1.6;15.844383;3192180
1759;09:29:18.330;3.1;15.845594;3192024
1760;09:29:18.501;3.0;15.846925;3191996
1761;09:29:18.671;1.6;15.845138;3191932
1762;09:29:18.840;0.0;15.844582;3191672
1763;09:29:19.009;10.3;15.844463;3191796
1764;09:29:19.179;1.6;15.842834;3191320
1765;09:29:19.348;3.1;15.842834;3191468
1766;09:29:19.518;3.0;15.845336;3191972
1767;09:29:19.687;4.6;15.845336;3191824
1768;09:29:19.857;0.0;15.843986;3191700
1769;09:29:20.027;3.1;15.847004;3192160
1770;09:29:20.196;1.5;15.846309;3192168
1771;09:29:20.365;1.6;15.843192;3191956
1772;09:29:20.534;0.0;15.845177;3192052
1773;09:29:20.703;0.0;15.845177;3191940
1774;09:29:20.871;0.0;15.844602;3191820
1775;09:29:21.040;3.2;15.844582;3192064
1776;09:29:21.213;4.6;15.844125;3191728
1777;09:29:21.383;1.6;15.841266;3191672
1778;09:29:21.553;0.0;15.841603;3191072
1779;09:29:21.722;2.9;15.840690;3191280
1780;09:29:21.891;1.5;15.841603;3190924
1781;09:29:22.062;3.2;15.843152;3191368
1782;09:29:22.233;8.1;15.841266;3191004
1783;09:29:22.402;1.6;15.843033;3191908
1784;09:29:22.571;1.5;15.844979;3191716
1785;09:29:22.740;1.6;15.843212;3191544
1786;09:29:22.910;1.5;15.844582;3191820
1787;09:29:23.079;1.6;15.843509;3191864
1788;09:29:23.249;1.5;15.843291;3191560
1789;09:29:23.419;1.6;15.843549;3191612
1790;09:29:23.588;1.6;15.844065;3191716
1791;09:29:23.757;3.0;15.844026;3191708
1792;09:29:23.926;1.5;15.842219;3191344
1793;09:29:24.096;1.6;15.844760;3191856
1794;09:29:24.266;4.4;15.843748;3191652
1795;09:29:24.439;3.1;15.843708;3191756
1796;09:29:24.609;1.6;15.844721;3191848
1797;09:29:24.782;1.6;15.845019;3191908
1798;09:29:24.952;0.0;15.842914;3191484
1799;09:29:25.121;1.6;15.842338;3191368
1800;09:29:25.291;3.0;15.841087;3191220
1801;09:29:25.460;1.6;15.846091;3191976
1802;09:29:25.630;4.5;15.842914;3191752
1803;09:29:25.800;0.0;15.840233;3190944
1804;09:29:25.971;3.1;15.844741;3191852
1805;09:29:26.141;4.5;15.844482;3191800
1806;09:29:26.310;1.6;15.844324;3191768
1807;09:29:26.480;1.6;15.845376;3191832
1808;09:29:26.649;1.5;15.843112;3191524
1809;09:29:26.818;3.1;15.840829;3191064
1810;09:29:26.988;1.6;15.840908;3191160
1811;09:29:27.157;1.6;15.843092;3191520
1812;09:29:27.328;1.5;15.842576;3191416
1813;09:29:27.497;1.5;15.842576;3191416
1814;09:29:27.669;4.8;15.841425;3190812
1815;09:29:27.839;3.1;15.841305;3191532
1816;09:29:28.008;0.0;15.844085;3191720
1817;09:29:28.178;3.1;15.845138;3191784
1818;09:29:28.349;4.6;15.843629;3191628
1819;09:29:28.518;1.5;15.843549;3191464
1820;09:29:28.688;3.1;15.845694;3191748
1821;09:29:28.858;3.1;15.845555;3192016
1822;09:29:29.027;17.5;15.863644;3195440
1823;09:29:29.197;10.9;15.865749;3196328
1824;09:29:29.367;1.6;15.866642;3196264
1825;09:29:29.537;4.6;15.864994;3195932
1826;09:29:29.708;3.1;15.864835;3195900
1827;09:29:29.877;0.0;15.865888;3196184
1828;09:29:30.049;1.5;15.864796;3195924
1829;09:29:30.224;1.6;15.864379;3195856
1830;09:29:30.394;4.3;15.864259;3195832
1831;09:29:30.563;3.0;15.868052;3196684
1832;09:29:30.733;1.6;15.866960;3196344
1833;09:29:30.903;1.5;15.865788;3196092
1834;09:29:31.072;3.1;15.867159;3196148
1835;09:29:31.242;0.0;15.866801;3196296
1836;09:29:31.412;1.5;15.865749;3196084
1837;09:29:31.581;1.5;15.865550;3195824
1838;09:29:31.752;3.1;15.865510;3196036
1839;09:29:31.922;1.6;15.865471;3195808
1840;09:29:32.091;4.5;15.865788;3196092
1841;09:29:32.261;1.6;15.866881;3196368
1842;09:29:32.431;1.6;15.865649;3196064
1843;09:29:32.601;3.1;15.864617;3195636
1844;09:29:32.771;0.0;15.862214;3195372
1845;09:29:32.941;3.1;15.861897;3195600
1846;09:29:33.111;1.6;15.862274;3195164
1847;09:29:33.282;1.5;15.863842;3195700
1848;09:29:33.451;3.0;15.861916;3195312
1849;09:29:33.621;1.6;15.863207;3195572
1850;09:29:33.791;0.0;15.862433;3195416
1851;09:29:33.960;1.6;15.863048;3195792
1852;09:29:34.130;1.6;15.867953;3196528
1853;09:29:34.299;1.5;15.866066;3196148
1854;09:29:34.468;3.0;15.864220;3196044
1855;09:29:34.638;1.5;15.865471;3196288
1856;09:29:34.809;3.1;15.864736;3195880
1857;09:29:34.978;3.0;15.864696;3195872
1858;09:29:35.148;1.6;15.865987;3196132
1859;09:29:35.318;3.1;15.864597;3195704
1860;09:29:35.488;7.5;15.865232;3195684
1861;09:29:35.658;1.6;15.862929;3195516
1862;09:29:35.828;3.1;15.863485;3195628
1863;09:29:35.998;1.6;15.866563;3196100
1864;09:29:36.168;3.0;15.866563;3196100
1865;09:29:36.338;2.9;15.865749;3196084
1866;09:29:36.508;0.0;15.864339;3195800
1867;09:29:36.678;1.5;15.864021;3195996
1868;09:29:36.847;3.1;15.864537;3195840
1869;09:29:37.016;0.0;15.864478;3195828
1870;09:29:37.186;0.0;15.864021;3195736
1871;09:29:37.356;0.0;15.865411;3196016
1872;09:29:37.526;1.6;15.865332;3195852
1873;09:29:37.695;0.0;15.865411;3196128
1874;09:29:37.865;1.5;15.865967;3196128
1875;09:29:38.035;1.6;15.864954;3196224
1876;09:29:38.204;0.0;15.865808;3196096
1877;09:29:38.374;1.5;15.864954;3196208
1878;09:29:38.543;4.6;15.864359;3196096
1879;09:29:38.713;1.6;15.864518;3196128
1880;09:29:38.884;1.5;15.865371;3196008
1881;09:29:39.054;3.1;15.866662;3196268
1882;09:29:39.223;1.5;15.867178;3196372
1883;09:29:39.393;0.0;15.867953;3196528
1884;09:29:39.562;0.0;15.867774;3196492
1885;09:29:39.732;1.5;15.863823;3195696
1886;09:29:39.901;3.1;15.865669;3195920
1887;09:29:40.071;3.1;15.865193;3195972
1888;09:29:40.241;0.0;15.865054;3195944
1889;09:29:40.410;3.1;15.864756;3196124
1890;09:29:40.619;1.5;15.866841;3196304
1891;09:29:40.789;1.6;15.866920;3196320
1892;09:29:40.960;0.0;15.866801;3196296
1893;09:29:41.129;4.6;15.867973;3196532
1894;09:29:41.299;3.1;15.866066;3196408
1895;09:29:41.468;0.0;15.867178;3196372
1896;09:29:41.638;3.1;15.866106;3196156
1897;09:29:41.808;1.6;15.865967;3196128
1898;09:29:41.978;1.5;15.867178;3196372
1899;09:29:42.147;1.6;15.866007;3196136
1900;09:29:42.317;0.0;15.866801;3196296
1901;09:29:42.487;1.6;15.865987;3196440
1902;09:29:42.657;1.5;15.868092;3196556
1903;09:29:42.826;3.0;15.867317;3196400
1904;09:29:42.995;3.0;15.867317;3196104
1905;09:29:43.165;3.1;15.869184;3196480
1906;09:29:43.336;1.6;15.868648;3196668
1907;09:29:43.505;1.6;15.867238;3196676
1908;09:29:43.675;1.5;15.867357;3196408
1909;09:29:43.844;3.2;15.865510;3196312
1910;09:29:44.014;3.1;15.866761;3196288
1911;09:29:44.183;1.6;15.868727;3196684
1912;09:29:44.353;1.6;15.867198;3196376
1913;09:29:44.522;3.2;15.867198;3196376
1914;09:29:44.691;1.6;15.866841;3196304
1915;09:29:44.861;1.6;15.866761;3196288
1916;09:29:45.030;2.9;15.866801;3196296
1917;09:29:45.200;1.6;15.866881;3196164
1918;09:29:45.369;1.6;15.866583;3196252
1919;09:29:45.540;1.6;15.867437;3196424
1920;09:29:45.709;0.0;15.868052;3196808
1921;09:29:45.879;0.0;15.867238;3196380
1922;09:29:46.048;3.2;15.868469;3196632
1923;09:29:46.218;1.6;15.867893;3196516
1924;09:29:46.388;3.1;15.866960;3196180
1925;09:29:46.557;3.0;15.866801;3196296
1926;09:29:46.727;1.6;15.868568;3196652
1927;09:29:46.896;3.1;15.867099;3196356
1928;09:29:47.066;1.5;15.867059;3196400
1929;09:29:47.236;3.2;15.866027;3196140
1930;09:29:47.405;1.5;15.866166;3195872
1931;09:29:47.574;1.5;15.865709;3196068
1932;09:29:47.744;3.1;15.866225;3196180
1933;09:29:47.913;0.0;15.866225;3196180
1934;09:29:48.083;1.6;15.864716;3196092
1935;09:29:48.253;1.5;15.866225;3196180
1936;09:29:48.423;3.1;15.866186;3196172
1937;09:29:48.593;3.1;15.865709;3196076
1938;09:29:48.762;3.1;15.866146;3196164
1939;09:29:48.932;3.1;15.866225;3196180
1940;09:29:49.101;0.0;15.866126;3196160
1941;09:29:49.271;1.6;15.866225;3196180
1942;09:29:49.442;0.0;15.867595;3196308
1943;09:29:49.612;3.1;15.867119;3196360
1944;09:29:49.781;1.5;15.867079;3196352
1945;09:29:49.951;1.6;15.868409;3196620
1946;09:29:50.120;0.0;15.868886;3196716
1947;09:29:50.290;0.0;15.867556;3196448
1948;09:29:50.460;1.5;15.868409;3196472
1949;09:29:50.629;1.6;15.868370;3196612
1950;09:29:50.799;1.6;15.866344;3196204
1951;09:29:50.969;3.1;15.865868;3195960
1952;09:29:51.139;1.5;15.865173;3195968
1953;09:29:51.308;4.6;15.865828;3195952
1954;09:29:51.478;1.6;15.866464;3195932
1955;09:29:51.647;3.1;15.866424;3196220
1956;09:29:51.817;3.0;15.868330;3196604
1957;09:29:51.987;3.1;15.868727;3196664
1958;09:29:52.156;3.0;15.868866;3196416
1959;09:29:52.326;1.6;15.867516;3196684
1960;09:29:52.496;1.6;15.867258;3196388
1961;09:29:52.665;1.4;15.867079;3196352
1962;09:29:52.835;1.6;15.868290;3196596
1963;09:29:53.004;2.9;15.866960;3196528
1964;09:29:53.174;3.0;15.868032;3196544
1965;09:29:53.344;3.1;15.867119;3196360
1966;09:29:53.513;1.5;15.865669;3196068
1967;09:29:53.683;1.6;15.866881;3196368
1968;09:29:53.853;6.3;15.865332;3196000
1969;09:29:54.023;1.5;15.867159;3196416
1970;09:29:54.192;3.2;15.867198;3196376
1971;09:29:54.362;3.0;15.865749;3196084
1972;09:29:54.532;3.2;15.866146;3196472
1973;09:29:54.702;3.1;15.865709;3195780
1974;09:29:54.872;1.5;15.869283;3196648
1975;09:29:55.042;3.1;15.870971;3196840
1976;09:29:55.211;3.2;15.867893;3196516
1977;09:29:55.382;1.6;15.868807;3196688
1978;09:29:55.553;1.6;15.869720;3196884
1979;09:29:55.723;1.6;15.868290;3196596
1980;09:29:55.893;0.0;15.868171;3196572
1981;09:29:56.062;1.5;15.866364;3196208
1982;09:29:56.232;3.1;15.867238;3196236
1983;09:29:56.402;1.6;15.866225;3196304
1984;09:29:56.573;1.5;15.867218;3196160
1985;09:29:56.743;3.0;15.865888;3196112
1986;09:29:56.914;1.5;15.868330;3196384
1987;09:29:57.084;1.6;15.867476;3196272
1988;09:29:57.254;3.2;15.873235;3197436
1989;09:29:57.424;3.1;15.865709;3195856
1990;09:29:57.594;3.0;15.864220;3195776
1991;09:29:57.764;3.0;15.865232;3195760
1992;09:29:57.933;0.0;15.866523;3196092
1993;09:29:58.104;1.6;15.867198;3196376
1994;09:29:58.273;4.6;15.868826;3196704
1995;09:29:58.443;0.0;15.870058;3196804
1996;09:29:58.614;4.5;15.870753;3197092
1997;09:29:58.783;1.6;15.867754;3196488
1998;09:29:58.954;3.0;15.867397;3196416
1999;09:29:59.124;3.0;15.868687;3196676
2000;09:29:59.293;3.1;15.868548;3196204
2001;09:29:59.462;1.6;15.867834;3196284
2002;09:29:59.632;2.9;15.866960;3196328
2003;09:29:59.802;4.5;15.865431;3196068
2004;09:29:59.972;3.1;15.866900;3196316
2005;09:30:00.140;1.5;15.868985;3196588
2006;09:30:00.310;1.6;15.867119;3196140
2007;09:30:00.479;1.6;15.866146;3195944
2008;09:30:00.649;4.5;15.864259;3195784
2009;09:30:00.819;1.6;15.862830;3195276
2010;09:30:00.989;0.0;15.864518;3196072
2011;09:30:01.158;1.5;15.867834;3196504
2012;09:30:01.328;1.6;15.868469;3196336
2013;09:30:01.498;4.5;15.867476;3196212
2014;09:30:01.668;3.1;15.870316;3197004
2015;09:30:01.839;1.5;15.870673;3197076
2016;09:30:02.008;1.5;15.870018;3196944
2017;09:30:02.177;1.6;15.870514;3197044
2018;09:30:02.347;3.0;15.869740;3196888
2019;09:30:02.518;0.0;15.868310;3196540
2020;09:30:02.688;3.0;15.867536;3196444
2021;09:30:02.857;1.5;15.867377;3196412
2022;09:30:03.026;1.6;15.867774;3196492
2023;09:30:03.196;1.5;15.867854;3196684
2024;09:30:03.370;1.5;15.865927;3196120
2025;09:30:03.539;1.6;15.866980;3196608
2026;09:30:03.708;1.6;15.867397;3196416
2027;09:30:03.878;3.1;15.865570;3196048
2028;09:30:04.048;1.6;15.868548;3196648
2029;09:30:04.217;3.1;15.867020;3196600
2030;09:30:04.387;1.5;15.869243;3196788
2031;09:30:04.556;1.6;15.868548;3196648
2032;09:30:04.726;3.1;15.868588;3196776
2033;09:30:04.895;1.6;15.867159;3196484
2034;09:30:05.066;4.5;15.865828;3196100
2035;09:30:05.236;1.5;15.868489;3196704
2036;09:30:05.407;3.1;15.869323;3197104
2037;09:30:05.577;1.6;15.871587;3197260
2038;09:30:05.746;2.9;15.870296;3196972
2039;09:30:05.916;3.1;15.871706;3197136
2040;09:30:06.086;3.0;15.870614;3197064
2041;09:30:06.255;1.6;15.871050;3197152
2042;09:30:06.424;3.0;15.869164;3196992
2043;09:30:06.593;3.1;15.872004;3197196
2044;09:30:06.763;1.6;15.871467;3197236
2045;09:30:06.932;3.2;15.869740;3197172
2046;09:30:07.101;0.0;15.872917;3197528
2047;09:30:07.270;1.5;15.871587;3197260
2048;09:30:07.439;1.6;15.873890;3197724
2049;09:30:07.609;1.5;15.871269;3197196
2050;09:30:07.778;1.6;15.871229;3197188
2051;09:30:07.949;3.1;15.872361;3197416
2052;09:30:08.119;1.5;15.869482;3196836
2053;09:30:08.289;1.6;15.872401;3197424
2054;09:30:08.458;3.1;15.872639;3197324
2055;09:30:08.627;3.1;15.871428;3197228
2056;09:30:08.797;3.0;15.870653;3197072
2057;09:30:08.967;1.6;15.869799;3196752
2058;09:30:09.138;1.6;15.867635;3196732
2059;09:30:09.308;1.6;15.871825;3197012
2060;09:30:09.479;1.5;15.872321;3197408
2061;09:30:09.648;0.0;15.872361;3197416
2062;09:30:09.817;3.1;15.871269;3197048
2063;09:30:09.987;1.6;15.870971;3197136
2064;09:30:10.157;1.6;15.872718;3197544
2065;09:30:10.327;3.1;15.869243;3196788
2066;09:30:10.496;1.6;15.867079;3196352
2067;09:30:10.666;1.6;15.869124;3196764
2068;09:30:10.835;3.1;15.867774;3196656
2069;09:30:11.005;1.6;15.868568;3196652
2070;09:30:11.174;3.1;15.868469;3196812
2071;09:30:11.344;3.2;15.867973;3196792
2072;09:30:11.514;3.1;15.868449;3196628
2073;09:30:11.684;4.8;15.869085;3196756
2074;09:30:11.854;3.0;15.866186;3196572
2075;09:30:12.024;3.1;15.867198;3196376
2076;09:30:12.193;1.6;15.868489;3196880
2077;09:30:12.362;3.2;15.870514;3196716
2078;09:30:12.532;6.2;15.870554;3197000
2079;09:30:12.702;1.5;15.869144;3196768
2080;09:30:12.872;0.0;15.871626;3197116
2081;09:30:13.042;0.0;15.871090;3197160
2082;09:30:13.211;0.0;15.870435;3197180
2083;09:30:13.380;1.6;15.871011;3197636
2084;09:30:13.550;1.6;15.872043;3197620
2085;09:30:13.719;4.4;15.872182;3197380
2086;09:30:13.888;3.1;15.870673;3197076
2087;09:30:14.057;1.6;15.869958;3196784
2088;09:30:14.227;1.5;15.870812;3197104
2089;09:30:14.397;1.6;15.871587;3197420
2090;09:30:14.566;0.0;15.876015;3198152
2091;09:30:14.736;3.0;15.871408;3197224
2092;09:30:14.905;4.5;15.871825;3197308
2093;09:30:15.075;3.1;15.870514;3197044
2094;09:30:15.245;1.5;15.869343;3196808
2095;09:30:15.415;1.6;15.870792;3197100
2096;09:30:15.584;0.0;15.868926;3196724
2097;09:30:15.753;1.6;15.870157;3196972
2098;09:30:15.923;2.9;15.871745;3196996
2099;09:30:16.092;3.0;15.871527;3197248
2100;09:30:16.261;1.5;15.871448;3197232
2101;09:30:16.431;4.5;15.873592;3197664
2102;09:30:16.601;0.0;15.873215;3197588
2103;09:30:16.769;1.6;15.872182;3197272
2104;09:30:16.939;4.4;15.869343;3196656
2105;09:30:17.108;3.0;15.868548;3196648
2106;09:30:17.277;1.6;15.870236;3196988
2107;09:30:17.447;0.0;15.872043;3197352
2108;09:30:17.616;1.6;15.872361;3197416
2109;09:30:17.786;1.5;15.870693;3197264
2110;09:30:17.955;3.2;15.872123;3197072
2111;09:30:18.125;1.6;15.869104;3197028
2112;09:30:18.295;1.5;15.869263;3196792
2113;09:30:18.465;1.5;15.870415;3197148
2114;09:30:18.634;3.1;15.870614;3197064
2115;09:30:18.804;1.6;15.871130;3197168
2116;09:30:18.973;3.1;15.870733;3197088
2117;09:30:19.142;3.1;15.870177;3196828
2118;09:30:19.877;1.5;15.869521;3196952
2119;09:30:20.046;1.6;15.869025;3197004
2120;09:30:20.216;3.1;15.871845;3197312
2121;09:30:20.385;1.5;15.874088;3197764
2122;09:30:20.555;3.0;15.871189;3197180
2123;09:30:20.724;1.6;15.871348;3197212
2124;09:30:20.894;3.1;15.872957;3197692
2125;09:30:21.065;1.6;15.872579;3197312
2126;09:30:21.234;1.6;15.869899;3197080
2127;09:30:21.404;3.1;15.873652;3197380
2128;09:30:21.573;1.6;15.872281;3197400
2129;09:30:21.743;3.1;15.871448;3197232
2130;09:30:21.913;1.5;15.869144;3196768
2131;09:30:22.083;1.6;15.870693;3197316
2132;09:30:22.253;5.9;15.871845;3197312
2133;09:30:22.424;3.1;15.870157;3197092
2134;09:30:22.594;3.1;15.870673;3197076
2135;09:30:22.763;3.1;15.870633;3197068
2136;09:30:22.933;1.6;15.871150;3197172
2137;09:30:23.103;3.2;15.870236;3196836
2138;09:30:23.274;4.6;15.871348;3197212
2139;09:30:23.444;1.6;15.871606;3197264
2140;09:30:23.613;1.6;15.872381;3197272
2141;09:30:23.784;3.1;15.872897;3197524
2142;09:30:23.954;3.2;15.873016;3197548
2143;09:30:24.123;1.6;15.870951;3197000
2144;09:30:24.292;0.0;15.871527;3197248
2145;09:30:24.462;4.5;15.873433;3197632
2146;09:30:24.633;3.1;15.870594;3197060
2147;09:30:24.804;1.5;15.868191;3196988
2148;09:30:24.973;1.6;15.870435;3196732
2149;09:30:25.142;1.5;15.873532;3197492
2150;09:30:25.312;7.6;15.868588;3196656
2151;09:30:25.482;1.6;15.868568;3197180
2152;09:30:25.652;1.5;15.872778;3197352
2153;09:30:25.822;1.6;15.871408;3197224
2154;09:30:25.992;4.3;15.869581;3196856
2155;09:30:26.163;3.2;15.868747;3196688
2156;09:30:26.333;1.5;15.867278;3196392
2157;09:30:26.502;1.6;15.868310;3196844
2158;09:30:26.671;3.0;15.869005;3196740
2159;09:30:26.841;3.1;15.870534;3196752
2160;09:30:27.012;1.5;15.867595;3196576
2161;09:30:27.181;0.0;15.870177;3196976
2162;09:30:27.350;1.6;15.871984;3197192
2163;09:30:27.520;6.0;15.866861;3196308
2164;09:30:27.690;3.2;15.868052;3196384
2165;09:30:27.860;3.2;15.873155;3197132
2166;09:30:28.029;4.5;15.871507;3197388
2167;09:30:28.200;1.6;15.868826;3196804
2168;09:30:28.370;1.6;15.865709;3196344
2169;09:30:28.541;0.0;15.868608;3196660
2170;09:30:28.712;0.0;15.869899;3196920
2171;09:30:28.881;1.5;15.871865;3197316
2172;09:30:29.051;1.5;15.872103;3197364
2173;09:30:29.220;1.6;15.875677;3197784
2174;09:30:29.392;5.9;15.874744;3197896
2175;09:30:29.563;5.9;15.872718;3197456
2176;09:30:29.732;7.2;15.873235;3197592
2177;09:30:29.902;4.5;15.877325;3198184
2178;09:30:30.072;3.1;15.875677;3198084
2179;09:30:30.241;3.1;15.876114;3197872
2180;09:30:30.410;1.6;15.874803;3197612
2181;09:30:30.579;3.1;15.873096;3197564
2182;09:30:30.749;1.6;15.874366;3197672
2183;09:30:30.918;1.4;15.874783;3197904
2184;09:30:31.087;0.0;15.874108;3197912
2185;09:30:31.256;1.6;15.874783;3197904
2186;09:30:31.426;0.0;15.876074;3198164
2187;09:30:31.595;0.0;15.874863;3197920
2188;09:30:31.764;0.0;15.874783;3197904
2189;09:30:31.934;1.6;15.873294;3197604
2190;09:30:32.103;1.6;15.872559;3197456
2191;09:30:32.273;0.0;15.872004;3197344
2192;09:30:32.442;3.1;15.872004;3197344
2193;09:30:32.612;1.6;15.874505;3197848
2194;09:30:32.781;4.3;15.874565;3198016
2195;09:30:32.951;1.6;15.874347;3197816
2196;09:30:33.120;1.5;15.874863;3197920
2197;09:30:33.289;1.6;15.874863;3197624
2198;09:30:33.459;1.5;15.875975;3198144
2199;09:30:33.628;1.6;15.875598;3197920
2200;09:30:33.797;0.0;15.875578;3198064
2201;09:30:33.966;0.0;15.875061;3197960
2202;09:30:34.135;1.5;15.875518;3198052
2203;09:30:34.304;3.1;15.874188;3197784
2204;09:30:34.474;3.0;15.873910;3197580
2205;09:30:34.643;1.5;15.873294;3197604
2206;09:30:34.815;1.6;15.874505;3197944
2207;09:30:34.986;1.6;15.874962;3197644
2208;09:30:35.155;1.6;15.873393;3197624
2209;09:30:35.324;1.6;15.873413;3197628
2210;09:30:35.494;1.6;15.874386;3197824
2211;09:30:35.663;0.0;15.875439;3198036
2212;09:30:35.833;1.6;15.875995;3198148
2213;09:30:36.003;1.5;15.874386;3198076
2214;09:30:36.174;0.0;15.874783;3197904
2215;09:30:36.344;3.0;15.872162;3197456
2216;09:30:36.517;0.0;15.875717;3197684
2217;09:30:36.688;4.4;15.875399;3197880
2218;09:30:36.857;1.6;15.873870;3197720
2219;09:30:37.027;4.6;15.870951;3197132
2220;09:30:37.196;1.5;15.872381;3197420
2221;09:30:37.366;1.6;15.871170;3197436
2222;09:30:37.536;0.0;15.872976;3197808
2223;09:30:37.705;1.5;15.871984;3197340
2224;09:30:37.875;3.1;15.872023;3197452
2225;09:30:38.044;1.6;15.875498;3197752
2226;09:30:38.213;1.5;15.873652;3197676
2227;09:30:38.382;1.6;15.873612;3197668
2228;09:30:38.553;1.5;15.873453;3197628
2229;09:30:38.724;1.6;15.873910;3197560
2230;09:30:38.893;0.0;15.877345;3198420
2231;09:30:39.062;3.0;15.872281;3197400
2232;09:30:39.232;3.2;15.873135;3197572
2233;09:30:39.402;1.3;15.873751;3197696
2234;09:30:39.573;2.7;15.874049;3197608
2235;09:30:39.742;1.5;15.876015;3197856
2236;09:30:39.911;1.6;15.874406;3197980
2237;09:30:40.080;1.6;15.873354;3197616
2238;09:30:40.249;1.6;15.873235;3197592
2239;09:30:40.419;1.6;15.873810;3197708
2240;09:30:40.588;1.6;15.872917;3197528
2241;09:30:40.757;3.1;15.871269;3197196
2242;09:30:40.927;1.7;15.873235;3197592
2243;09:30:41.101;3.2;15.872579;3197704
2244;09:30:41.271;3.1;15.874108;3197768
2245;09:30:41.441;1.6;15.874942;3197936
2246;09:30:41.610;1.6;15.875379;3197876
2247;09:30:41.780;1.6;15.874704;3197888
2248;09:30:41.950;4.7;15.877186;3198240
2249;09:30:42.120;1.5;15.878258;3198160
2250;09:30:42.289;3.1;15.875955;3198140
2251;09:30:42.459;1.6;15.876769;3198008
2252;09:30:42.629;1.6;15.874704;3197888
2253;09:30:42.798;1.6;15.874863;3197920
2254;09:30:42.974;1.5;15.871984;3197192
2255;09:30:43.144;3.1;15.874525;3198000
2256;09:30:43.313;0.0;15.873890;3197724
2257;09:30:43.482;1.6;15.874903;3197780
2258;09:30:43.652;1.6;15.874704;3198056
2259;09:30:43.824;1.6;15.875518;3197848
2260;09:30:43.996;1.6;15.875935;3198032
2261;09:30:44.165;0.0;15.731757;3171164
2262;09:30:44.337;7.7;15.782749;3179364
2263;09:30:44.508;1.6;15.782391;3179292
2264;09:30:44.677;0.0;15.784456;3179708
2265;09:30:44.847;1.6;15.784337;3179684
2266;09:30:45.018;0.0;15.783205;3179456
2267;09:30:45.187;1.6;15.784377;3179692
2268;09:30:45.357;3.0;15.783364;3179488
2269;09:30:45.526;0.0;15.784417;3179480
2270;09:30:45.696;3.1;15.784417;3179480
2271;09:30:45.865;0.0;15.786104;3179820
2272;09:30:46.034;4.6;15.785707;3179740
2273;09:30:46.204;1.6;15.784754;3179768
2274;09:30:46.373;1.6;15.784834;3179784
2275;09:30:46.543;3.1;15.786859;3179972
2276;09:30:46.712;1.5;15.785608;3179940
2277;09:30:46.882;1.6;15.786204;3180060
2278;09:30:47.051;1.6;15.784714;3179760
2279;09:30:47.221;1.6;15.784635;3179572
2280;09:30:47.390;0.0;15.784734;3179764
2281;09:30:47.559;0.0;15.783086;3179212
2282;09:30:47.729;1.6;15.785767;3179972
2283;09:30:47.899;2.9;15.785846;3179988
2284;09:30:48.068;1.6;15.785608;3179720
2285;09:30:48.238;0.0;15.785846;3179988
2286;09:30:48.407;1.5;15.786819;3180184
2287;09:30:48.577;3.1;15.785648;3179948
2288;09:30:48.747;4.5;15.785568;3179932
2289;09:30:48.917;3.2;15.784635;3179816
2290;09:30:49.086;3.1;15.784556;3179508
2291;09:30:49.256;0.0;15.783741;3179564
2292;09:30:49.426;1.6;15.786482;3179896
2293;09:30:49.595;1.6;15.784397;3179964
2294;09:30:49.765;1.6;15.785846;3180224
2295;09:30:49.934;1.5;15.785926;3180004
2296;09:30:50.103;1.5;15.785568;3180004
2297;09:30:50.273;1.5;15.785727;3179964
2298;09:30:50.442;0.0;15.784317;3179680
2299;09:30:50.612;1.5;15.783146;3179444
2300;09:30:50.781;1.6;15.784158;3179428
2301;09:30:50.951;1.6;15.783384;3179492
2302;09:30:51.121;1.5;15.784635;3179524
2303;09:30:51.290;3.1;15.784556;3179988
2304;09:30:51.460;1.6;15.784754;3179768
2305;09:30:51.630;3.1;15.784039;3179884
2306;09:30:51.800;1.6;15.785251;3179648
2307;09:30:51.969;1.5;15.784158;3179648
2308;09:30:52.139;1.6;15.784278;3179452
2309;09:30:52.309;0.0;15.784516;3179720
2310;09:30:52.478;1.6;15.783920;3179380
2311;09:30:52.648;1.6;15.784039;3179624
2312;09:30:52.818;1.5;15.784079;3179632
2313;09:30:52.988;3.0;15.784397;3179696
2314;09:30:53.157;1.6;15.784119;3179420
2315;09:30:53.327;1.6;15.781974;3179468
2316;09:30:53.496;1.5;15.785767;3179752
2317;09:30:53.666;1.6;15.782947;3179404
2318;09:30:53.836;3.1;15.786740;3180184
2319;09:30:54.005;1.6;15.785965;3180012
2320;09:30:54.175;3.0;15.783841;3179364
2321;09:30:54.345;3.1;15.782649;3179344
2322;09:30:54.516;0.0;15.784297;3179456
2323;09:30:54.685;1.5;15.784595;3179736
2324;09:30:54.855;0.0;15.783662;3179548
2325;09:30:55.025;3.1;15.785072;3179832
2326;09:30:55.194;0.0;15.784516;3179720
2327;09:30:55.363;3.1;15.784635;3179524
2328;09:30:55.533;0.0;15.783741;3179564
2329;09:30:55.702;1.5;15.783344;3179516
2330;09:30:55.872;0.0;15.783225;3179736
2331;09:30:56.042;3.2;15.783741;3179564
2332;09:30:56.212;3.1;15.780862;3179764
2333;09:30:56.382;3.0;15.781359;3179328
2334;09:30:56.553;6.2;15.782193;3179496
2335;09:30:56.723;3.2;15.779254;3178592
2336;09:30:56.894;4.5;15.782014;3179216
2337;09:30:57.064;6.2;15.777050;3178468
2338;09:30:57.235;3.2;15.779651;3178740
2339;09:30:57.405;4.7;15.782967;3179260
2340;09:30:57.575;1.5;15.781101;3179032
2341;09:30:57.745;1.5;15.781101;3178884
2342;09:30:57.914;1.4;15.782907;3179396
2343;09:30:58.084;1.6;15.785529;3179924
2344;09:30:58.254;0.0;15.784675;3179752
2345;09:30:58.423;1.5;15.784655;3179748
2346;09:30:58.593;3.0;15.784834;3180052
2347;09:30:58.762;1.5;15.784139;3179644
2348;09:30:58.932;0.0;15.783324;3179764
2349;09:30:59.102;1.5;15.785588;3179492
2350;09:30:59.272;1.6;15.782669;3179600
2351;09:30:59.441;0.0;15.781974;3179460
2352;09:30:59.611;0.0;15.782669;3179348
2353;09:30:59.780;0.0;15.782550;3179312
2354;09:30:59.950;3.1;15.782570;3179464
2355;09:31:00.119;3.1;15.783841;3179584
2356;09:31:00.289;3.1;15.783384;3179784
2357;09:31:00.458;0.0;15.784754;3179768
2358;09:31:00.627;1.6;15.783463;3179768
2359;09:31:00.796;3.2;15.784019;3179452
2360;09:31:00.965;0.0;15.783662;3179400
2361;09:31:01.135;1.5;15.784714;3179896
2362;09:31:01.304;1.6;15.782411;3179296
2363;09:31:01.473;1.5;15.784714;3179872
2364;09:31:01.642;4.5;15.784675;3179864
2365;09:31:01.812;3.1;15.785270;3179872
2366;09:31:01.981;2.9;15.785946;3180008
2367;09:31:02.150;4.5;15.785151;3179848
2368;09:31:02.321;12.1;15.777824;3178372
2369;09:31:02.492;1.5;15.775660;3177936
2370;09:31:02.662;3.1;15.775997;3178004
2371;09:31:02.832;1.5;15.778539;3178516
2372;09:31:03.001;4.6;15.779869;3178784
2373;09:31:03.171;3.1;15.780386;3178668
2374;09:31:03.342;1.5;15.782490;3179312
2375;09:31:03.511;1.6;15.778301;3178508
2376;09:31:03.682;14.3;15.501184;3122424
