ID; Time; Network interface; TBPS; RBPS
1;08:13:14.567;enp0s25;0;64
2;08:13:15.577;enp0s25;0;0
3;08:13:16.586;enp0s25;8431;113897
4;08:13:17.599;enp0s25;55501;1655591
5;08:13:18.605;enp0s25;0;64
6;08:13:19.612;enp0s25;73999;3510136
7;08:13:20.626;enp0s25;144904;7171096
8;08:13:21.636;enp0s25;152460;7164960
9;08:13:22.644;enp0s25;152180;7165024
10;08:13:23.652;enp0s25;148910;7165030
11;08:13:24.660;enp0s25;152460;7169578
12;08:13:25.670;enp0s25;100380;4828400
13;08:13:26.678;enp0s25;0;64
14;08:13:27.688;enp0s25;0;0
15;08:13:28.695;enp0s25;0;64
16;08:13:29.703;enp0s25;0;0
17;08:13:30.710;enp0s25;64;128
18;08:13:31.716;enp0s25;0;0
19;08:13:32.723;enp0s25;0;64
20;08:13:33.729;enp0s25;0;0
21;08:13:34.736;enp0s25;0;64
22;08:13:35.743;enp0s25;0;0
23;08:13:36.753;enp0s25;0;64
24;08:13:37.762;enp0s25;0;0
25;08:13:38.777;enp0s25;0;64
26;08:13:39.785;enp0s25;0;0
27;08:13:40.796;enp0s25;0;64
28;08:13:41.804;enp0s25;64;64
29;08:13:42.811;enp0s25;0;64
30;08:13:43.821;enp0s25;844;4164
31;08:13:44.830;enp0s25;0;64
32;08:13:45.837;enp0s25;0;0
33;08:13:46.844;enp0s25;0;64
34;08:13:47.855;enp0s25;0;0
35;08:13:48.869;enp0s25;0;64
36;08:13:49.877;enp0s25;7578;165214
37;08:13:50.889;enp0s25;148903;6209000
38;08:13:51.897;enp0s25;153064;7164960
39;08:13:52.905;enp0s25;152454;7166606
40;08:13:53.913;enp0s25;152250;7163442
41;08:13:54.921;enp0s25;147340;7165024
42;08:13:55.929;enp0s25;145559;6770993
43;08:13:56.937;enp0s25;152110;7163506
44;08:13:57.943;enp0s25;152600;7161924
45;08:13:58.955;enp0s25;154057;7100129
46;08:13:59.963;enp0s25;151760;7164960
47;08:14:00.971;enp0s25;115335;5317618
48;08:14:01.978;enp0s25;117260;5163984
49;08:14:02.992;enp0s25;82901;2430448
50;08:14:04.006;enp0s25;135871;5814474
51;08:14:05.014;enp0s25;134;198
52;08:14:06.022;enp0s25;0;0
53;08:14:07.032;enp0s25;0;64
54;08:14:08.039;enp0s25;0;0
55;08:14:09.046;enp0s25;0;64
56;08:14:10.055;enp0s25;0;64
57;08:14:11.062;enp0s25;94;1240
58;08:14:12.070;enp0s25;0;2464
59;08:14:13.078;enp0s25;0;1026
60;08:14:14.085;enp0s25;0;1466
61;08:14:15.092;enp0s25;64;1348
62;08:14:16.100;enp0s25;0;64
63;08:14:17.107;enp0s25;0;64
64;08:14:18.117;enp0s25;0;1278
65;08:14:19.125;enp0s25;0;0
66;08:14:20.132;enp0s25;0;64
67;08:14:21.142;enp0s25;0;0
68;08:14:22.148;enp0s25;0;64
69;08:14:23.157;enp0s25;99771;3377770
70;08:14:24.172;enp0s25;21500;752612
71;08:14:25.180;enp0s25;64;64
72;08:14:26.190;enp0s25;0;64
73;08:14:27.198;enp0s25;0;438
74;08:14:28.205;enp0s25;0;64
75;08:14:29.212;enp0s25;0;0
76;08:14:30.219;enp0s25;0;64
77;08:14:31.227;enp0s25;19665;739075
78;08:14:32.235;enp0s25;28366;1039518
79;08:14:33.244;enp0s25;28162;1112423
80;08:14:34.256;enp0s25;6832;233885
81;08:14:35.272;enp0s25;9182;349333
82;08:14:36.395;enp0s25;64;128
83;08:14:37.409;enp0s25;3786;144529
84;08:14:38.426;enp0s25;4768;156964
85;08:14:39.443;enp0s25;3006;96617
86;08:14:40.453;enp0s25;2790;87336
87;08:14:41.465;enp0s25;5638;178474
88;08:14:42.482;enp0s25;1472;49550
89;08:14:43.499;enp0s25;1352;45854
90;08:14:44.515;enp0s25;0;1348
91;08:14:45.531;enp0s25;3640;107154
92;08:14:46.545;enp0s25;1862;68011
93;08:14:47.554;enp0s25;1934;86337
94;08:14:48.565;enp0s25;1788;63762
95;08:14:49.578;enp0s25;0;0
96;08:14:50.592;enp0s25;2544;101391
97;08:14:51.606;enp0s25;1024;47030
98;08:14:52.614;enp0s25;1224;37639
99;08:14:53.629;enp0s25;1916;71011
100;08:14:54.643;enp0s25;0;64
101;08:14:55.661;enp0s25;2426;99845
102;08:14:56.674;enp0s25;1662;70014
103;08:14:57.685;enp0s25;0;0
104;08:14:58.703;enp0s25;1744;70136
105;08:14:59.712;enp0s25;1582;71870
106;08:15:00.728;enp0s25;2044;83370
107;08:15:01.745;enp0s25;1970;74546
108;08:15:02.759;enp0s25;0;1348
109;08:15:03.769;enp0s25;1494;65638
110;08:15:04.788;enp0s25;1848;64295
111;08:15:05.806;enp0s25;1602;86049
112;08:15:06.820;enp0s25;2434;113324
113;08:15:07.834;enp0s25;2488;108896
114;08:15:08.844;enp0s25;2138;77841
115;08:15:09.861;enp0s25;1462;46514
116;08:15:10.876;enp0s25;1850;73139
117;08:15:11.891;enp0s25;1846;68137
118;08:15:12.907;enp0s25;4170;160760
119;08:15:13.919;enp0s25;1716;70265
120;08:15:14.926;enp0s25;3850;136577
121;08:15:15.945;enp0s25;1794;70178
122;08:15:16.963;enp0s25;0;64
123;08:15:17.980;enp0s25;30306;1223682
124;08:15:18.988;enp0s25;856;18103
125;08:15:19.999;enp0s25;14496;640317
126;08:15:21.009;enp0s25;2584;29202
127;08:15:22.024;enp0s25;13192;429485
128;08:15:23.034;enp0s25;16460;590068
129;08:15:24.048;enp0s25;0;0
130;08:15:25.060;enp0s25;27160;1186847
131;08:15:26.070;enp0s25;52256;2430787
132;08:15:27.081;enp0s25;5274;117676
133;08:15:28.089;enp0s25;1368;20426
134;08:15:29.101;enp0s25;1438;25732
135;08:15:30.113;enp0s25;814;16105
136;08:15:31.128;enp0s25;23986;1113091
137;08:15:32.138;enp0s25;16454;794567
138;08:15:33.149;enp0s25;16728;700994
139;08:15:34.161;enp0s25;0;64
140;08:15:35.176;enp0s25;18446;720559
141;08:15:36.193;enp0s25;0;64
142;08:15:37.208;enp0s25;13700;582379
143;08:15:38.222;enp0s25;12742;539109
144;08:15:39.236;enp0s25;12596;460804
145;08:15:40.249;enp0s25;12802;560825
146;08:15:41.259;enp0s25;6738;216098
147;08:15:42.274;enp0s25;2392;44083
148;08:15:43.287;enp0s25;4358;108568
149;08:15:44.300;enp0s25;5930;67395
150;08:15:45.314;enp0s25;3510;126055
151;08:15:46.329;enp0s25;2634;39009
152;08:15:47.339;enp0s25;4242;117419
153;08:15:48.347;enp0s25;3308;51417
154;08:15:49.358;enp0s25;4534;158582
155;08:15:50.375;enp0s25;8826;378030
156;08:15:51.385;enp0s25;9588;377299
157;08:15:52.394;enp0s25;888;17249
158;08:15:53.402;enp0s25;1914;43582
159;08:15:54.417;enp0s25;1282;39001
160;08:15:55.432;enp0s25;9774;375716
161;08:15:56.447;enp0s25;8062;281970
162;08:15:57.463;enp0s25;2130;58556
163;08:15:58.477;enp0s25;8210;221147
164;08:15:59.489;enp0s25;1730;19936
165;08:16:00.505;enp0s25;10322;350366
166;08:16:01.520;enp0s25;15868;416890
167;08:16:02.535;enp0s25;6928;263126
168;08:16:03.543;enp0s25;31178;1243523
169;08:16:04.555;enp0s25;7258;228115
170;08:16:05.565;enp0s25;13270;383894
171;08:16:06.573;enp0s25;2786;70183
172;08:16:07.584;enp0s25;4626;158879
173;08:16:08.602;enp0s25;4588;89735
174;08:16:09.619;enp0s25;8016;252557
175;08:16:10.633;enp0s25;2400;47478
176;08:16:11.646;enp0s25;27224;1133865
177;08:16:12.655;enp0s25;9650;284572
178;08:16:13.662;enp0s25;15448;547448
179;08:16:14.676;enp0s25;960;23722
180;08:16:15.693;enp0s25;6612;210111
181;08:16:16.710;enp0s25;10590;374399
182;08:16:17.724;enp0s25;16176;408593
183;08:16:18.731;enp0s25;2800;71063
184;08:16:19.740;enp0s25;4768;168575
185;08:16:20.756;enp0s25;46504;2100135
186;08:16:21.768;enp0s25;18846;547560
187;08:16:22.776;enp0s25;8794;209516
188;08:16:23.788;enp0s25;17734;798895
189;08:16:24.797;enp0s25;16740;433159
190;08:16:25.809;enp0s25;14302;315301
191;08:16:26.816;enp0s25;18460;565891
192;08:16:27.823;enp0s25;13524;338648
193;08:16:28.831;enp0s25;13564;330861
194;08:16:29.839;enp0s25;13372;257567
195;08:16:30.850;enp0s25;6076;96832
196;08:16:31.867;enp0s25;20742;746416
197;08:16:32.875;enp0s25;13352;438431
198;08:16:33.883;enp0s25;10642;224394
199;08:16:34.892;enp0s25;7556;146268
200;08:16:35.900;enp0s25;11712;147138
201;08:16:36.910;enp0s25;32408;1298358
202;08:16:37.917;enp0s25;25676;1117896
203;08:16:38.933;enp0s25;35418;1639717
204;08:16:39.942;enp0s25;42574;1877353
205;08:16:40.950;enp0s25;52986;2431853
206;08:16:41.958;enp0s25;21018;687485
207;08:16:42.965;enp0s25;4628;137527
208;08:16:43.974;enp0s25;12144;267727
209;08:16:44.981;enp0s25;16698;410564
210;08:16:45.988;enp0s25;6048;189581
211;08:16:46.996;enp0s25;16844;539071
212;08:16:48.005;enp0s25;17392;596692
213;08:16:49.014;enp0s25;14054;263753
214;08:16:50.026;enp0s25;3218;45964
215;08:16:51.038;enp0s25;13384;233925
216;08:16:52.047;enp0s25;21828;701406
217;08:16:53.054;enp0s25;4710;116745
218;08:16:54.069;enp0s25;10954;276444
219;08:16:55.085;enp0s25;30476;1437350
220;08:16:56.096;enp0s25;8076;339552
221;08:16:57.112;enp0s25;35102;1724378
222;08:16:58.129;enp0s25;50290;2491577
223;08:16:59.143;enp0s25;23354;1031619
224;08:17:00.160;enp0s25;5268;165130
225;08:17:01.169;enp0s25;4608;119653
226;08:17:02.179;enp0s25;9910;265781
227;08:17:03.196;enp0s25;21788;720745
228;08:17:04.206;enp0s25;32290;1532142
229;08:17:05.217;enp0s25;17564;477435
230;08:17:06.226;enp0s25;6744;147790
231;08:17:07.239;enp0s25;6418;107334
232;08:17:08.250;enp0s25;2656;36506
233;08:17:09.258;enp0s25;24104;851282
234;08:17:10.265;enp0s25;23470;808266
235;08:17:11.272;enp0s25;55106;2611177
236;08:17:12.280;enp0s25;86796;4269053
237;08:17:13.292;enp0s25;3426;55507
238;08:17:14.305;enp0s25;2170;19861
239;08:17:15.313;enp0s25;5614;124978
240;08:17:16.322;enp0s25;11944;254155
241;08:17:17.331;enp0s25;39018;1934204
242;08:17:18.342;enp0s25;26062;1098266
243;08:17:19.351;enp0s25;8024;195294
244;08:17:20.360;enp0s25;0;64
245;08:17:21.367;enp0s25;64;64
246;08:17:22.374;enp0s25;0;64
247;08:17:23.381;enp0s25;0;0
248;08:17:24.387;enp0s25;0;64
249;08:17:25.394;enp0s25;0;0
250;08:17:26.400;enp0s25;0;64
251;08:17:27.407;enp0s25;0;0
252;08:17:28.414;enp0s25;0;64
253;08:17:29.421;enp0s25;0;0
254;08:17:30.427;enp0s25;0;64
255;08:17:31.439;enp0s25;0;0
256;08:17:32.445;enp0s25;64;128
257;08:17:33.452;enp0s25;0;0
258;08:17:34.459;enp0s25;0;64
259;08:17:35.466;enp0s25;0;0
260;08:17:36.473;enp0s25;0;64
261;08:17:37.479;enp0s25;0;0
262;08:17:38.487;enp0s25;0;64
263;08:17:39.494;enp0s25;128;64
264;08:17:40.500;enp0s25;0;64
265;08:17:41.507;enp0s25;0;0
266;08:17:42.514;enp0s25;0;64
267;08:17:43.520;enp0s25;64;64
268;08:17:44.527;enp0s25;64;128
269;08:17:45.534;enp0s25;0;0
270;08:17:46.540;enp0s25;0;64
271;08:17:47.547;enp0s25;0;0
272;08:17:48.554;enp0s25;0;64
273;08:17:49.561;enp0s25;0;0
274;08:17:50.567;enp0s25;0;64
275;08:17:51.574;enp0s25;0;0
276;08:17:52.581;enp0s25;0;64
277;08:17:53.588;enp0s25;0;0
278;08:17:54.595;enp0s25;64;128
279;08:17:55.601;enp0s25;0;0
280;08:17:56.608;enp0s25;0;64
281;08:17:57.614;enp0s25;0;0
282;08:17:58.621;enp0s25;0;64
283;08:17:59.628;enp0s25;0;0
284;08:18:00.635;enp0s25;0;64
285;08:18:01.642;enp0s25;0;0
286;08:18:02.649;enp0s25;0;64
287;08:18:03.656;enp0s25;0;0
288;08:18:04.663;enp0s25;0;64
289;08:18:05.670;enp0s25;64;64
290;08:18:06.677;enp0s25;0;64
291;08:18:07.684;enp0s25;0;0
292;08:18:08.690;enp0s25;0;64
293;08:18:09.697;enp0s25;0;0
294;08:18:10.704;enp0s25;0;64
295;08:18:11.711;enp0s25;0;0
296;08:18:12.718;enp0s25;0;64
297;08:18:13.725;enp0s25;0;0
298;08:18:14.731;enp0s25;0;64
299;08:18:15.738;enp0s25;0;0
300;08:18:16.745;enp0s25;64;128
301;08:18:17.752;enp0s25;0;0
302;08:18:18.759;enp0s25;0;64
303;08:18:19.766;enp0s25;0;0
304;08:18:20.773;enp0s25;0;64
305;08:18:21.779;enp0s25;0;0
306;08:18:22.786;enp0s25;0;64
307;08:18:23.793;enp0s25;0;0
308;08:18:24.799;enp0s25;0;64
309;08:18:25.806;enp0s25;0;0
310;08:18:26.814;enp0s25;0;64
311;08:18:27.823;enp0s25;64;64
312;08:18:28.832;enp0s25;0;64
313;08:18:29.840;enp0s25;0;0
314;08:18:30.849;enp0s25;0;64
315;08:18:31.856;enp0s25;0;0
316;08:18:32.863;enp0s25;0;64
317;08:18:33.870;enp0s25;0;0
318;08:18:34.876;enp0s25;0;64
319;08:18:35.886;enp0s25;0;2244
320;08:18:36.893;enp0s25;0;2814
321;08:18:37.900;enp0s25;0;1446
322;08:18:38.906;enp0s25;64;192
323;08:18:39.913;enp0s25;0;1258
324;08:18:40.920;enp0s25;0;64
325;08:18:41.927;enp0s25;0;1150
326;08:18:42.933;enp0s25;0;64
327;08:18:43.940;enp0s25;0;0
328;08:18:44.947;enp0s25;0;64
329;08:18:45.954;enp0s25;0;0
330;08:18:46.961;enp0s25;0;64
331;08:18:47.968;enp0s25;0;1436
332;08:18:48.974;enp0s25;0;2982
333;08:18:49.981;enp0s25;64;962
334;08:18:50.988;enp0s25;0;632
335;08:18:51.995;enp0s25;0;898
336;08:18:53.002;enp0s25;0;64
337;08:18:54.009;enp0s25;0;0
338;08:18:55.016;enp0s25;0;1278
339;08:18:56.023;enp0s25;0;0
340;08:18:57.030;enp0s25;0;64
341;08:18:58.037;enp0s25;0;438
342;08:18:59.044;enp0s25;0;64
343;08:19:00.050;enp0s25;0;568
344;08:19:01.057;enp0s25;64;2592
345;08:19:02.064;enp0s25;0;1284
346;08:19:03.071;enp0s25;0;1530
347;08:19:04.078;enp0s25;0;64
348;08:19:05.084;enp0s25;0;1284
349;08:19:06.091;enp0s25;0;64
350;08:19:07.098;enp0s25;0;1214
351;08:19:08.104;enp0s25;0;64
352;08:19:09.111;enp0s25;0;0
353;08:19:10.119;enp0s25;0;64
354;08:19:11.125;enp0s25;0;538
355;08:19:12.132;enp0s25;64;192
356;08:19:13.139;enp0s25;0;514
357;08:19:14.146;enp0s25;0;128
358;08:19:15.153;enp0s25;0;0
359;08:19:16.160;enp0s25;0;64
360;08:19:17.166;enp0s25;0;0
361;08:19:18.173;enp0s25;0;128
362;08:19:19.179;enp0s25;0;0
363;08:19:20.186;enp0s25;0;64
364;08:19:21.193;enp0s25;0;0
365;08:19:22.200;enp0s25;0;64
366;08:19:23.207;enp0s25;64;64
367;08:19:24.214;enp0s25;0;502
368;08:19:25.222;enp0s25;0;0
369;08:19:26.231;enp0s25;0;128
370;08:19:27.238;enp0s25;0;0
371;08:19:28.245;enp0s25;0;64
372;08:19:29.252;enp0s25;0;0
373;08:19:30.258;enp0s25;0;504
374;08:19:31.265;enp0s25;0;427
375;08:19:32.272;enp0s25;0;491
376;08:19:33.278;enp0s25;0;1150
377;08:19:34.285;enp0s25;64;552
378;08:19:35.292;enp0s25;0;0
379;08:19:36.298;enp0s25;0;64
380;08:19:37.305;enp0s25;0;1150
381;08:19:38.312;enp0s25;0;64
382;08:19:39.318;enp0s25;0;0
383;08:19:40.325;enp0s25;0;64
384;08:19:41.331;enp0s25;0;1436
385;08:19:42.339;enp0s25;0;3008
386;08:19:43.346;enp0s25;0;1150
387;08:19:44.353;enp0s25;0;502
388;08:19:45.359;enp0s25;64;64
389;08:19:46.366;enp0s25;0;64
390;08:19:47.372;enp0s25;0;0
391;08:19:48.379;enp0s25;0;64
392;08:19:49.386;enp0s25;0;1982
393;08:19:50.393;enp0s25;0;2398
394;08:19:51.399;enp0s25;0;898
395;08:19:52.406;enp0s25;0;632
396;08:19:53.413;enp0s25;186;1998
397;08:19:54.420;enp0s25;828;403
398;08:19:55.426;enp0s25;10348;4689
399;08:19:56.433;enp0s25;64;1342
400;08:19:57.439;enp0s25;0;0
401;08:19:58.446;enp0s25;0;64
402;08:19:59.453;enp0s25;0;0
403;08:20:00.460;enp0s25;0;64
404;08:20:01.466;enp0s25;0;0
405;08:20:02.473;enp0s25;0;450
406;08:20:03.479;enp0s25;0;0
407;08:20:04.486;enp0s25;0;64
408;08:20:05.493;enp0s25;873;5217
409;08:20:06.499;enp0s25;64;128
410;08:20:07.507;enp0s25;0;0
411;08:20:08.514;enp0s25;0;64
412;08:20:09.520;enp0s25;0;0
413;08:20:10.527;enp0s25;0;316
414;08:20:11.535;enp0s25;0;438
415;08:20:12.543;enp0s25;12938;25194
416;08:20:13.552;enp0s25;0;0
417;08:20:14.560;enp0s25;46013;406444
418;08:20:15.577;enp0s25;146638;6344244
419;08:20:16.586;enp0s25;88083;6336557
420;08:20:17.593;enp0s25;128020;2684963
421;08:20:18.604;enp0s25;48841;580935
422;08:20:19.614;enp0s25;59390;874762
423;08:20:20.620;enp0s25;50545;717146
424;08:20:21.627;enp0s25;30599;461648
425;08:20:22.637;enp0s25;43206;547232
426;08:20:23.645;enp0s25;29185;320653
427;08:20:24.656;enp0s25;52560;656045
428;08:20:25.664;enp0s25;30824;383612
429;08:20:26.671;enp0s25;67998;1394770
430;08:20:27.678;enp0s25;46396;634880
431;08:20:28.687;enp0s25;34441;548448
432;08:20:29.696;enp0s25;65534;1150686
433;08:20:30.705;enp0s25;24757;151263
434;08:20:31.713;enp0s25;15956;242544
435;08:20:32.720;enp0s25;24590;304806
436;08:20:33.727;enp0s25;17249;132527
437;08:20:34.734;enp0s25;19018;87657
438;08:20:35.741;enp0s25;14724;46624
439;08:20:36.748;enp0s25;35604;468330
440;08:20:37.755;enp0s25;78606;1831795
441;08:20:38.762;enp0s25;58892;1166141
442;08:20:39.773;enp0s25;73189;1051890
443;08:20:40.780;enp0s25;37134;374422
444;08:20:41.790;enp0s25;34533;292942
445;08:20:42.798;enp0s25;60489;511334
446;08:20:43.805;enp0s25;15884;125193
447;08:20:44.813;enp0s25;38842;347934
448;08:20:45.820;enp0s25;51911;710927
449;08:20:46.827;enp0s25;58731;1534405
450;08:20:47.834;enp0s25;32917;379065
451;08:20:48.841;enp0s25;51031;936576
452;08:20:49.848;enp0s25;57704;820031
453;08:20:50.855;enp0s25;44028;900457
454;08:20:51.862;enp0s25;108154;4802256
455;08:20:52.870;enp0s25;51704;1192428
456;08:20:53.877;enp0s25;36653;380531
457;08:20:54.884;enp0s25;30017;1501780
458;08:20:55.895;enp0s25;8099;1045757
459;08:20:56.902;enp0s25;0;64
460;08:20:57.909;enp0s25;0;0
461;08:20:58.916;enp0s25;0;64
462;08:20:59.923;enp0s25;0;0
463;08:21:00.929;enp0s25;0;64
464;08:21:02.029;enp0s25;64;64
465;08:21:03.037;enp0s25;0;64
466;08:21:04.044;enp0s25;0;0
467;08:21:05.051;enp0s25;3528;12966
468;08:21:06.066;enp0s25;131516;3718594
469;08:21:07.076;enp0s25;0;962
470;08:21:08.082;enp0s25;1920;1592
471;08:21:09.089;enp0s25;90043;1750041
472;08:21:10.096;enp0s25;11782;236109
473;08:21:11.103;enp0s25;32789;509381
474;08:21:12.110;enp0s25;73986;1111579
475;08:21:13.118;enp0s25;3020;95493
476;08:21:14.125;enp0s25;3219;4247
477;08:21:15.137;enp0s25;33232;824891
478;08:21:16.146;enp0s25;44700;1774309
479;08:21:17.156;enp0s25;91106;2139944
480;08:21:18.172;enp0s25;3932;32926
481;08:21:19.184;enp0s25;163140;3330463
482;08:21:20.196;enp0s25;116028;3002800
483;08:21:21.203;enp0s25;21010;830413
484;08:21:22.210;enp0s25;20746;490904
485;08:21:23.218;enp0s25;66667;1542941
486;08:21:24.225;enp0s25;36373;1257199
487;08:21:25.231;enp0s25;0;0
488;08:21:26.238;enp0s25;39359;489968
489;08:21:27.245;enp0s25;62534;1758035
490;08:21:28.259;enp0s25;61568;1331531
491;08:21:29.272;enp0s25;26010;982204
492;08:21:30.281;enp0s25;13242;355216
493;08:21:31.294;enp0s25;2460;42782
494;08:21:32.309;enp0s25;6814;139067
495;08:21:33.325;enp0s25;7822;142744
496;08:21:34.333;enp0s25;25914;516618
497;08:21:35.347;enp0s25;10826;224065
498;08:21:36.359;enp0s25;28774;550102
499;08:21:37.369;enp0s25;9034;109760
500;08:21:38.380;enp0s25;38723;869470
501;08:21:39.392;enp0s25;30372;328634
502;08:21:40.402;enp0s25;133853;2412448
503;08:21:41.413;enp0s25;15232;417590
504;08:21:42.420;enp0s25;0;64
505;08:21:43.428;enp0s25;0;0
506;08:21:44.435;enp0s25;1920;1024
507;08:21:45.449;enp0s25;0;0
508;08:21:46.456;enp0s25;64;128
509;08:21:47.462;enp0s25;0;0
510;08:21:48.469;enp0s25;0;64
511;08:21:49.475;enp0s25;0;0
512;08:21:50.483;enp0s25;0;1476
513;08:21:51.489;enp0s25;0;2686
514;08:21:52.496;enp0s25;0;898
515;08:21:53.504;enp0s25;0;548
516;08:21:54.510;enp0s25;0;1322
517;08:21:55.517;enp0s25;0;0
518;08:21:56.524;enp0s25;0;64
519;08:21:57.531;enp0s25;64;1214
520;08:21:58.538;enp0s25;0;64
521;08:21:59.545;enp0s25;0;0
522;08:22:00.552;enp0s25;0;64
523;08:22:01.559;enp0s25;0;0
524;08:22:02.566;enp0s25;0;64
525;08:22:03.573;enp0s25;0;424
526;08:22:04.579;enp0s25;0;64
527;08:22:05.586;enp0s25;0;0
528;08:22:06.593;enp0s25;0;64
529;08:22:07.600;enp0s25;64;64
530;08:22:08.607;enp0s25;0;64
531;08:22:09.614;enp0s25;0;0
532;08:22:10.622;enp0s25;1614;3468
533;08:22:11.629;enp0s25;0;0
534;08:22:12.636;enp0s25;0;64
535;08:22:13.643;enp0s25;2754;24994
536;08:22:14.650;enp0s25;8497;199071
537;08:22:15.663;enp0s25;721;4548
538;08:22:16.676;enp0s25;70;3563
539;08:22:17.683;enp0s25;26145;468392
540;08:22:18.689;enp0s25;2441;20644
541;08:22:19.696;enp0s25;10113;259696
542;08:22:20.703;enp0s25;0;64
543;08:22:21.710;enp0s25;0;0
544;08:22:22.717;enp0s25;0;64
545;08:22:23.723;enp0s25;0;0
546;08:22:24.730;enp0s25;0;64
547;08:22:25.737;enp0s25;0;0
548;08:22:26.744;enp0s25;0;171
549;08:22:27.751;enp0s25;0;375
550;08:22:28.758;enp0s25;140;503
551;08:22:29.765;enp0s25;7492;136411
552;08:22:30.772;enp0s25;93283;2865913
553;08:22:31.779;enp0s25;74847;2278153
554;08:22:32.786;enp0s25;2450;59601
555;08:22:33.794;enp0s25;0;438
556;08:22:34.801;enp0s25;0;64
557;08:22:35.808;enp0s25;0;0
558;08:22:36.815;enp0s25;0;64
559;08:22:37.821;enp0s25;0;0
560;08:22:38.828;enp0s25;0;1044
561;08:22:39.835;enp0s25;0;586
562;08:22:40.842;enp0s25;64;1609
563;08:22:41.849;enp0s25;0;1820
564;08:22:42.856;enp0s25;0;1121
565;08:22:43.862;enp0s25;40636;1370449
566;08:22:44.869;enp0s25;0;3109
567;08:22:45.876;enp0s25;0;1673
568;08:22:46.883;enp0s25;0;646
569;08:22:47.889;enp0s25;0;834
570;08:22:48.896;enp0s25;114;1049
571;08:22:49.905;enp0s25;114444;4827308
572;08:22:50.913;enp0s25;30848;1571385
573;08:22:51.920;enp0s25;64;290
574;08:22:52.927;enp0s25;0;64
575;08:22:53.933;enp0s25;0;434
576;08:22:54.940;enp0s25;12801;325904
577;08:22:55.947;enp0s25;0;238
578;08:22:56.954;enp0s25;0;302
579;08:22:57.961;enp0s25;0;693
580;08:22:58.969;enp0s25;0;399
581;08:22:59.976;enp0s25;16723;414913
582;08:23:00.984;enp0s25;159492;4067552
583;08:23:01.994;enp0s25;10266;208293
584;08:23:03.008;enp0s25;26332;541058
585;08:23:04.016;enp0s25;23110;395184
586;08:23:05.028;enp0s25;45570;919466
587;08:23:06.037;enp0s25;14471;168059
588;08:23:07.044;enp0s25;0;64
589;08:23:08.050;enp0s25;0;247
590;08:23:09.057;enp0s25;1920;1024
591;08:23:10.064;enp0s25;0;0
592;08:23:11.070;enp0s25;0;64
593;08:23:12.077;enp0s25;2987;7061
594;08:23:13.084;enp0s25;3686;19477
595;08:23:14.090;enp0s25;1814;23948
596;08:23:15.097;enp0s25;5401;41198
597;08:23:16.104;enp0s25;17628;293529
598;08:23:17.111;enp0s25;8969;128738
599;08:23:18.118;enp0s25;52278;1333818
600;08:23:19.125;enp0s25;23733;373872
601;08:23:20.132;enp0s25;90444;2281594
602;08:23:21.139;enp0s25;49811;1045519
603;08:23:22.146;enp0s25;420;539
604;08:23:23.153;enp0s25;7896;153069
605;08:23:24.160;enp0s25;2088;5299
606;08:23:25.167;enp0s25;51305;1320743
607;08:23:26.173;enp0s25;4855;21793
608;08:23:27.180;enp0s25;6732;68032
609;08:23:28.186;enp0s25;3715;37986
610;08:23:29.196;enp0s25;5339;66823
611;08:23:30.204;enp0s25;31356;557931
612;08:23:31.216;enp0s25;910;41117
613;08:23:32.225;enp0s25;0;64
614;08:23:33.240;enp0s25;420;475
615;08:23:34.247;enp0s25;9041;109421
616;08:23:35.254;enp0s25;420;475
617;08:23:36.264;enp0s25;5261;36576
618;08:23:37.272;enp0s25;11351;176046
619;08:23:38.279;enp0s25;110550;2874201
620;08:23:39.286;enp0s25;568;553
621;08:23:40.296;enp0s25;30510;625826
622;08:23:41.303;enp0s25;420;561
623;08:23:42.310;enp0s25;4984;25171
624;08:23:43.317;enp0s25;5617;46241
625;08:23:44.328;enp0s25;23278;355637
626;08:23:45.336;enp0s25;5131;33967
627;08:23:46.342;enp0s25;3310;22719
628;08:23:47.353;enp0s25;8990;94891
629;08:23:48.362;enp0s25;5073;33154
630;08:23:49.371;enp0s25;73284;1983025
631;08:23:50.378;enp0s25;5380;167545
632;08:23:51.384;enp0s25;2465;7353
633;08:23:52.391;enp0s25;30315;563176
634;08:23:53.397;enp0s25;420;475
635;08:23:54.404;enp0s25;4215;15956
636;08:23:55.411;enp0s25;4472;35007
637;08:23:56.424;enp0s25;3450;48036
638;08:23:57.432;enp0s25;5176;28501
639;08:23:58.439;enp0s25;5468;42801
640;08:23:59.450;enp0s25;6510;104765
641;08:24:00.458;enp0s25;148;335
642;08:24:01.464;enp0s25;5562;51928
643;08:24:02.471;enp0s25;420;1861
644;08:24:03.478;enp0s25;6097;68496
645;08:24:04.485;enp0s25;420;795
646;08:24:05.492;enp0s25;4493;22473
647;08:24:06.498;enp0s25;2743;13948
648;08:24:07.505;enp0s25;4422;54541
649;08:24:08.512;enp0s25;5659;50840
650;08:24:09.518;enp0s25;2807;10092
651;08:24:10.525;enp0s25;3151;25150
652;08:24:11.532;enp0s25;26043;468917
653;08:24:12.541;enp0s25;0;64
654;08:24:13.547;enp0s25;420;475
655;08:24:14.554;enp0s25;10371;125980
656;08:24:15.565;enp0s25;4358;12078
657;08:24:16.572;enp0s25;6650;122391
658;08:24:17.580;enp0s25;5401;42902
659;08:24:18.594;enp0s25;4170;31164
660;08:24:19.601;enp0s25;21016;375195
661;08:24:20.608;enp0s25;3041;8642
662;08:24:21.618;enp0s25;4993;75250
663;08:24:22.632;enp0s25;19889;328308
664;08:24:23.641;enp0s25;1155;553
665;08:24:24.648;enp0s25;4753;34345
666;08:24:25.658;enp0s25;19739;333528
667;08:24:26.665;enp0s25;0;64
668;08:24:27.671;enp0s25;2740;10471
669;08:24:28.680;enp0s25;2868;17493
670;08:24:29.690;enp0s25;30779;598056
671;08:24:30.705;enp0s25;139196;5952888
672;08:24:31.712;enp0s25;64;257
673;08:24:32.719;enp0s25;0;64
674;08:24:33.729;enp0s25;420;975
675;08:24:34.736;enp0s25;5091;38231
676;08:24:35.743;enp0s25;3024;18070
677;08:24:36.750;enp0s25;9802;142106
678;08:24:37.757;enp0s25;48883;1113351
679;08:24:38.765;enp0s25;96066;3875481
680;08:24:39.772;enp0s25;2436;5322
681;08:24:40.779;enp0s25;17992;325717
682;08:24:41.785;enp0s25;5143;39764
683;08:24:42.792;enp0s25;0;64
684;08:24:43.798;enp0s25;4032;26756
685;08:24:44.807;enp0s25;24013;336685
686;08:24:45.816;enp0s25;420;803
687;08:24:46.822;enp0s25;0;64
