ID; Time; Network interface; TBPS; RBPS
1;19:54:31.528;enp0s25;24403;503879
2;19:54:32.546;enp0s25;70105;2255799
3;19:54:33.556;enp0s25;39376;1562717
4;19:54:34.566;enp0s25;35630;1559050
5;19:54:35.578;enp0s25;32900;1452726
6;19:54:36.587;enp0s25;36400;1650200
7;19:54:37.596;enp0s25;32620;1477084
8;19:54:38.609;enp0s25;35840;1644058
9;19:54:39.618;enp0s25;36464;1650130
10;19:54:40.629;enp0s25;36750;1656374
11;19:54:41.641;enp0s25;37030;1704714
12;19:54:42.650;enp0s25;36805;1650130
13;19:54:43.662;enp0s25;37310;1669800
14;19:54:44.669;enp0s25;37380;1700224
15;19:54:45.681;enp0s25;36820;1656138
16;19:54:46.690;enp0s25;40308;1721930
17;19:54:47.698;enp0s25;18016;695454
18;19:54:48.705;enp0s25;0;64
19;19:54:49.711;enp0s25;0;0
20;19:54:50.718;enp0s25;64;128
21;19:54:51.725;enp0s25;0;64
22;19:54:52.731;enp0s25;6606;159819
23;19:54:53.747;enp0s25;23629;591863
24;19:54:54.761;enp0s25;9615;399304
25;19:54:55.779;enp0s25;4926;177670
26;19:54:56.793;enp0s25;10430;452364
27;19:54:57.802;enp0s25;12670;548062
28;19:54:58.817;enp0s25;12460;551034
29;19:54:59.833;enp0s25;2590;116950
30;19:55:00.846;enp0s25;1680;71346
31;19:55:01.860;enp0s25;2808;88172
32;19:55:02.872;enp0s25;1890;74468
33;19:55:03.886;enp0s25;2450;109360
34;19:55:04.900;enp0s25;4200;183678
35;19:55:05.919;enp0s25;1540;66856
36;19:55:06.935;enp0s25;1540;68310
37;19:55:07.949;enp0s25;1890;82036
38;19:55:08.959;enp0s25;2940;129030
39;19:55:09.974;enp0s25;7560;329470
40;19:55:10.990;enp0s25;12740;560314
41;19:55:12.007;enp0s25;12530;551098
42;19:55:13.022;enp0s25;12693;542060
43;19:55:14.034;enp0s25;12740;557170
44;19:55:15.047;enp0s25;12670;551034
45;19:55:16.061;enp0s25;12740;560206
46;19:55:17.076;enp0s25;2590;110814
47;19:55:18.091;enp0s25;1890;82036
48;19:55:19.103;enp0s25;1540;66792
49;19:55:20.112;enp0s25;1610;68374
50;19:55:21.131;enp0s25;2030;88044
51;19:55:22.148;enp0s25;6790;297592
52;19:55:23.162;enp0s25;12524;548062
53;19:55:24.178;enp0s25;6370;277858
54;19:55:25.186;enp0s25;3326;138138
55;19:55:26.200;enp0s25;2520;112396
56;19:55:27.219;enp0s25;1950;60720
57;19:55:28.242;enp0s25;3990;176152
58;19:55:29.253;enp0s25;2170;95634
59;19:55:30.262;enp0s25;1832;80518
60;19:55:31.277;enp0s25;2030;85008
61;19:55:32.287;enp0s25;3502;138202
62;19:55:33.300;enp0s25;7420;324852
63;19:55:34.313;enp0s25;7624;328016
64;19:55:35.323;enp0s25;8190;358248
65;19:55:36.335;enp0s25;1960;86590
66;19:55:37.347;enp0s25;1960;86526
67;19:55:38.361;enp0s25;2450;109360
68;19:55:39.373;enp0s25;3150;138138
69;19:55:40.389;enp0s25;2800;124540
70;19:55:41.403;enp0s25;2450;110986
71;19:55:42.421;enp0s25;2730;118468
72;19:55:43.438;enp0s25;9870;434148
73;19:55:44.446;enp0s25;8890;384118
74;19:55:45.462;enp0s25;12734;554134
75;19:55:46.476;enp0s25;12670;557256
76;19:55:47.494;enp0s25;12040;517638
77;19:55:48.508;enp0s25;12390;548062
78;19:55:49.523;enp0s25;13160;567732
79;19:55:50.533;enp0s25;11340;482788
80;19:55:51.551;enp0s25;3430;150282
81;19:55:52.567;enp0s25;3080;136684
82;19:55:53.583;enp0s25;4200;185196
83;19:55:54.597;enp0s25;8050;350722
84;19:55:55.609;enp0s25;4130;180642
85;19:55:56.619;enp0s25;12174;517766
86;19:55:57.634;enp0s25;13714;587530
87;19:55:58.650;enp0s25;9444;402398
88;19:55:59.664;enp0s25;7770;341550
89;19:56:00.676;enp0s25;6816;282412
90;19:56:01.692;enp0s25;1890;85008
91;19:56:02.707;enp0s25;10080;441802
92;19:56:03.720;enp0s25;12320;541990
93;19:56:04.735;enp0s25;12250;532818
94;19:56:05.744;enp0s25;12460;541990
95;19:56:06.761;enp0s25;12320;541926
96;19:56:07.777;enp0s25;4964;212648
97;19:56:08.790;enp0s25;3500;151800
98;19:56:09.802;enp0s25;4970;218656
99;19:56:10.812;enp0s25;11270;496558
100;19:56:11.828;enp0s25;11620;511630
101;19:56:12.854;enp0s25;2556;104742
102;19:56:13.870;enp0s25;2100;89626
103;19:56:14.887;enp0s25;2870;124476
104;19:56:15.900;enp0s25;3990;174634
105;19:56:16.913;enp0s25;3864;130548
106;19:56:17.922;enp0s25;1120;48640
107;19:56:18.932;enp0s25;4922;179188
108;19:56:19.943;enp0s25;9940;434212
109;19:56:20.952;enp0s25;12180;529782
110;19:56:21.968;enp0s25;9240;399298
111;19:56:22.978;enp0s25;13370;569250
112;19:56:23.991;enp0s25;8330;362866
113;19:56:25.005;enp0s25;2240;97152
114;19:56:26.012;enp0s25;5040;223210
115;19:56:27.029;enp0s25;11270;491832
116;19:56:28.043;enp0s25;12740;551098
117;19:56:29.057;enp0s25;10290;452700
118;19:56:30.068;enp0s25;2164;92726
119;19:56:31.084;enp0s25;2170;95720
120;19:56:32.097;enp0s25;3295;103428
121;19:56:33.112;enp0s25;6399;268686
122;19:56:34.123;enp0s25;4970;220174
123;19:56:35.132;enp0s25;1820;80454
124;19:56:36.148;enp0s25;2870;124540
125;19:56:37.161;enp0s25;1750;74382
126;19:56:38.176;enp0s25;4224;182224
127;19:56:39.191;enp0s25;2100;92598
128;19:56:40.201;enp0s25;5174;224792
129;19:56:41.216;enp0s25;10990;482896
130;19:56:42.230;enp0s25;8400;367420
131;19:56:43.246;enp0s25;1050;45540
132;19:56:44.257;enp0s25;1190;50158
133;19:56:45.266;enp0s25;1330;57684
134;19:56:46.281;enp0s25;1820;75964
135;19:56:47.301;enp0s25;2730;116886
136;19:56:48.315;enp0s25;6720;294556
137;19:56:49.327;enp0s25;12390;547998
138;19:56:50.344;enp0s25;9450;410878
139;19:56:51.358;enp0s25;2724;119028
140;19:56:52.374;enp0s25;2590;116716
141;19:56:53.391;enp0s25;2450;109244
142;19:56:54.400;enp0s25;3080;136684
143;19:56:55.416;enp0s25;1716;69208
144;19:56:56.430;enp0s25;1960;86590
145;19:56:57.446;enp0s25;1960;87740
146;19:56:58.460;enp0s25;2240;94180
147;19:56:59.470;enp0s25;1750;69828
148;19:57:00.487;enp0s25;3430;150784
149;19:57:01.505;enp0s25;8260;359766
150;19:57:02.521;enp0s25;12804;556116
151;19:57:03.532;enp0s25;12460;550396
152;19:57:04.552;enp0s25;1960;83372
153;19:57:05.568;enp0s25;2660;116886
154;19:57:06.585;enp0s25;1400;59266
155;19:57:07.602;enp0s25;1260;56166
156;19:57:08.613;enp0s25;1540;66856
157;19:57:09.627;enp0s25;2030;88044
158;19:57:10.645;enp0s25;2520;106324
159;19:57:11.662;enp0s25;2450;104914
160;19:57:12.680;enp0s25;2730;116950
161;19:57:13.691;enp0s25;7414;321880
162;19:57:14.705;enp0s25;12880;560292
163;19:57:15.720;enp0s25;8327;232318
164;19:57:16.733;enp0s25;1573;56236
165;19:57:17.748;enp0s25;2450;106788
166;19:57:18.756;enp0s25;1330;58500
167;19:57:19.773;enp0s25;1400;60602
168;19:57:20.790;enp0s25;1820;78936
169;19:57:21.809;enp0s25;2380;100252
170;19:57:22.822;enp0s25;3150;136620
171;19:57:23.832;enp0s25;1750;77482
172;19:57:24.847;enp0s25;2794;116950
173;19:57:25.862;enp0s25;2520;109360
174;19:57:26.876;enp0s25;9310;408342
175;19:57:27.888;enp0s25;12600;554134
176;19:57:28.897;enp0s25;5250;230736
177;19:57:29.912;enp0s25;7176;305182
178;19:57:30.927;enp0s25;12810;555588
179;19:57:31.938;enp0s25;5094;182224
180;19:57:32.949;enp0s25;1470;63756
181;19:57:33.965;enp0s25;1470;60784
182;19:57:34.984;enp0s25;3640;157872
183;19:57:36.002;enp0s25;6154;268814
184;19:57:37.017;enp0s25;2100;92598
185;19:57:38.028;enp0s25;4760;209582
186;19:57:39.039;enp0s25;12390;539162
187;19:57:40.054;enp0s25;13580;579182
188;19:57:41.070;enp0s25;12880;556824
189;19:57:42.085;enp0s25;6720;290334
190;19:57:43.096;enp0s25;2520;110814
191;19:57:44.113;enp0s25;4690;207662
192;19:57:45.128;enp0s25;10640;459954
193;19:57:46.145;enp0s25;12530;538954
194;19:57:47.160;enp0s25;12734;543508
195;19:57:48.168;enp0s25;7770;335936
196;19:57:49.184;enp0s25;8390;354906
197;19:57:50.198;enp0s25;12180;534652
198;19:57:51.215;enp0s25;12810;561262
199;19:57:52.231;enp0s25;12740;556802
200;19:57:53.242;enp0s25;12880;555920
201;19:57:54.255;enp0s25;12530;552616
202;19:57:55.272;enp0s25;12530;546112
203;19:57:56.289;enp0s25;8190;349204
204;19:57:57.304;enp0s25;1698;68374
205;19:57:58.313;enp0s25;3360;148828
206;19:57:59.328;enp0s25;2170;95720
207;19:58:00.344;enp0s25;7070;309736
208;19:58:01.361;enp0s25;11690;516120
209;19:58:02.375;enp0s25;8604;375406
210;19:58:03.385;enp0s25;12600;541926
211;19:58:04.400;enp0s25;6440;279376
212;19:58:05.417;enp0s25;2310;102100
213;19:58:06.432;enp0s25;2520;109360
214;19:58:07.444;enp0s25;1750;77418
215;19:58:08.453;enp0s25;1324;50222
216;19:58:09.464;enp0s25;2136;86526
217;19:58:10.482;enp0s25;2240;94180
218;19:58:11.498;enp0s25;3220;138310
219;19:58:12.512;enp0s25;8330;365902
220;19:58:13.523;enp0s25;12110;529782
221;19:58:14.538;enp0s25;2148;85072
222;19:58:15.556;enp0s25;2590;113850
223;19:58:16.570;enp0s25;1120;47122
224;19:58:17.584;enp0s25;1260;56166
225;19:58:18.595;enp0s25;2030;86590
226;19:58:19.609;enp0s25;2024;85072
227;19:58:20.624;enp0s25;1540;68374
228;19:58:21.638;enp0s25;1820;77418
229;19:58:22.649;enp0s25;2030;85072
230;19:58:23.665;enp0s25;4970;217074
231;19:58:24.682;enp0s25;11270;493414
232;19:58:25.698;enp0s25;12390;544962
233;19:58:26.711;enp0s25;12180;532882
234;19:58:27.720;enp0s25;12460;548062
235;19:58:28.735;enp0s25;12390;540408
236;19:58:29.750;enp0s25;12670;554134
237;19:58:30.766;enp0s25;12983;554196
238;19:58:31.775;enp0s25;12390;541990
239;19:58:32.790;enp0s25;12740;557106
240;19:58:33.806;enp0s25;12779;545096
241;19:58:34.823;enp0s25;12390;541926
242;19:58:35.839;enp0s25;10360;446356
243;19:58:36.849;enp0s25;12460;543444
244;19:58:37.867;enp0s25;9806;289263
245;19:58:38.887;enp0s25;11890;321043
246;19:58:39.901;enp0s25;12512;428317
247;19:58:40.917;enp0s25;9365;236067
248;19:58:41.929;enp0s25;13510;542442
249;19:58:42.939;enp0s25;14214;587116
250;19:58:43.957;enp0s25;13860;592084
251;19:58:44.972;enp0s25;14560;619344
252;19:58:45.988;enp0s25;14490;619408
253;19:58:47.003;enp0s25;4576;168498
254;19:58:48.012;enp0s25;6790;285448
255;19:58:49.029;enp0s25;11690;508530
256;19:58:50.049;enp0s25;11550;504040
257;19:58:51.066;enp0s25;8890;382536
258;19:58:52.082;enp0s25;12950;558688
259;19:58:53.090;enp0s25;13154;551098
260;19:58:54.104;enp0s25;13510;572350
261;19:58:55.121;enp0s25;13090;561660
262;19:58:56.137;enp0s25;13300;563242
263;19:58:57.151;enp0s25;13510;573804
264;19:58:58.165;enp0s25;12950;555652
265;19:58:59.179;enp0s25;13230;561660
266;19:59:00.196;enp0s25;13160;567796
267;19:59:01.212;enp0s25;13090;561660
268;19:59:02.221;enp0s25;12810;545026
269;19:59:03.238;enp0s25;13090;561096
270;19:59:04.254;enp0s25;12140;507302
271;19:59:05.268;enp0s25;12636;528573
272;19:59:06.283;enp0s25;4573;141960
273;19:59:07.294;enp0s25;2883;119023
274;19:59:08.310;enp0s25;4635;191565
275;19:59:09.324;enp0s25;5756;245125
276;19:59:10.341;enp0s25;4617;149225
277;19:59:11.354;enp0s25;7084;277797
278;19:59:12.363;enp0s25;8330;363038
279;19:59:13.379;enp0s25;2590;113850
280;19:59:14.395;enp0s25;2864;124604
281;19:59:15.411;enp0s25;3220;142692
282;19:59:16.423;enp0s25;3500;155286
283;19:59:17.439;enp0s25;3850;168498
284;19:59:18.456;enp0s25;3220;142756
285;19:59:19.470;enp0s25;2730;121440
286;19:59:20.484;enp0s25;3080;138202
287;19:59:21.493;enp0s25;3010;133584
288;19:59:22.510;enp0s25;2310;103288
289;19:59:23.526;enp0s25;5670;247434
290;19:59:24.542;enp0s25;12110;532882
291;19:59:25.557;enp0s25;12804;551098
292;19:59:26.568;enp0s25;11970;523860
293;19:59:27.585;enp0s25;12670;546480
294;19:59:28.600;enp0s25;13790;586012
295;19:59:29.616;enp0s25;10123;393370
296;19:59:30.628;enp0s25;3996;108470
297;19:59:31.635;enp0s25;2817;45124
298;19:59:32.650;enp0s25;3873;85009
299;19:59:33.662;enp0s25;2641;41404
300;19:59:34.678;enp0s25;5763;187862
301;19:59:35.691;enp0s25;3151;57034
302;19:59:36.700;enp0s25;3645;69988
303;19:59:37.711;enp0s25;3533;71018
304;19:59:38.727;enp0s25;3305;54034
305;19:59:39.746;enp0s25;5516;175195
306;19:59:40.757;enp0s25;2430;65893
307;19:59:41.767;enp0s25;3854;91972
308;19:59:42.785;enp0s25;13117;366606
309;19:59:43.801;enp0s25;4702;128671
310;19:59:44.817;enp0s25;9650;381080
311;19:59:45.827;enp0s25;7047;245379
312;19:59:46.839;enp0s25;4626;122064
313;19:59:47.853;enp0s25;3260;64667
314;19:59:48.867;enp0s25;5477;164637
315;19:59:49.882;enp0s25;2864;46533
316;19:59:50.892;enp0s25;3565;76823
317;19:59:51.907;enp0s25;4070;107033
318;19:59:52.921;enp0s25;5438;166462
319;19:59:53.936;enp0s25;4192;99850
320;19:59:54.952;enp0s25;7242;254090
321;19:59:55.962;enp0s25;12740;541990
322;19:59:56.976;enp0s25;12880;547998
323;19:59:57.992;enp0s25;12810;545026
324;19:59:59.008;enp0s25;11264;480146
325;20:00:00.022;enp0s25;910;39532
326;20:00:01.035;enp0s25;840;34914
327;20:00:02.045;enp0s25;910;39532
328;20:00:03.062;enp0s25;1828;72056
329;20:00:04.080;enp0s25;928;3188
330;20:00:05.095;enp0s25;13763;409225
331;20:00:06.107;enp0s25;15728;565910
332;20:00:07.117;enp0s25;5722;213660
333;20:00:08.133;enp0s25;4153;172403
334;20:00:09.149;enp0s25;2769;114031
335;20:00:10.165;enp0s25;6293;220277
336;20:00:11.177;enp0s25;7094;185944
337;20:00:12.190;enp0s25;21502;926245
338;20:00:13.202;enp0s25;1102;36519
339;20:00:14.211;enp0s25;64;962
340;20:00:15.218;enp0s25;64;1336
341;20:00:16.225;enp0s25;0;64
342;20:00:17.232;enp0s25;64;0
343;20:00:18.239;enp0s25;0;64
344;20:00:19.246;enp0s25;0;0
345;20:00:20.253;enp0s25;0;64
346;20:00:21.260;enp0s25;128;64
347;20:00:22.267;enp0s25;0;64
348;20:00:23.274;enp0s25;0;0
349;20:00:24.281;enp0s25;0;64
350;20:00:25.290;enp0s25;0;0
351;20:00:26.297;enp0s25;0;64
352;20:00:27.304;enp0s25;0;0
353;20:00:28.311;enp0s25;0;64
354;20:00:29.318;enp0s25;64;0
355;20:00:30.325;enp0s25;0;64
356;20:00:31.332;enp0s25;0;0
357;20:00:32.339;enp0s25;947;454
358;20:00:33.345;enp0s25;36115;961181
359;20:00:34.353;enp0s25;0;64
360;20:00:35.360;enp0s25;0;0
361;20:00:36.367;enp0s25;0;64
362;20:00:37.374;enp0s25;306;762
363;20:00:38.381;enp0s25;709;3153
364;20:00:39.388;enp0s25;0;0
365;20:00:40.394;enp0s25;0;64
366;20:00:41.401;enp0s25;0;0
367;20:00:42.408;enp0s25;64;300
368;20:00:43.416;enp0s25;0;0
369;20:00:44.424;enp0s25;0;64
370;20:00:45.431;enp0s25;64;0
371;20:00:46.438;enp0s25;0;64
372;20:00:47.446;enp0s25;0;0
373;20:00:48.453;enp0s25;0;64
374;20:00:49.460;enp0s25;0;0
375;20:00:50.466;enp0s25;11590;3235
376;20:00:51.473;enp0s25;0;0
377;20:00:52.480;enp0s25;0;64
378;20:00:53.487;enp0s25;64;64
379;20:00:54.495;enp0s25;0;1702
380;20:00:55.502;enp0s25;0;3308
381;20:00:56.508;enp0s25;0;824
382;20:00:57.516;enp0s25;110249;1643768
383;20:00:58.523;enp0s25;145569;2568835
384;20:00:59.530;enp0s25;126722;2617508
385;20:01:00.537;enp0s25;82138;2951857
386;20:01:01.545;enp0s25;50541;852357
387;20:01:02.552;enp0s25;45793;566649
388;20:01:03.559;enp0s25;39670;555850
389;20:01:04.566;enp0s25;73688;1684377
390;20:01:05.572;enp0s25;43638;650301
391;20:01:06.579;enp0s25;51397;868625
392;20:01:07.586;enp0s25;45196;355536
393;20:01:08.593;enp0s25;48046;735028
394;20:01:09.600;enp0s25;42971;1010926
395;20:01:10.606;enp0s25;40266;375066
396;20:01:11.613;enp0s25;79770;1939053
397;20:01:12.620;enp0s25;45743;714890
398;20:01:13.627;enp0s25;51384;1576417
399;20:01:14.634;enp0s25;40823;430280
400;20:01:15.641;enp0s25;65867;951931
401;20:01:16.649;enp0s25;42424;563261
402;20:01:17.656;enp0s25;41777;755673
403;20:01:18.663;enp0s25;14301;105383
404;20:01:19.670;enp0s25;56440;1755915
405;20:01:20.677;enp0s25;26825;261020
406;20:01:21.684;enp0s25;31333;139778
407;20:01:22.691;enp0s25;31470;642990
408;20:01:23.698;enp0s25;82527;2112602
409;20:01:24.706;enp0s25;57706;1407208
410;20:01:25.713;enp0s25;62523;1530544
411;20:01:26.720;enp0s25;98542;5736274
412;20:01:27.727;enp0s25;78433;4428425
413;20:01:28.734;enp0s25;111062;5077594
414;20:01:29.741;enp0s25;101661;4514166
415;20:01:30.749;enp0s25;95734;3093320
416;20:01:31.756;enp0s25;52236;1156007
417;20:01:32.764;enp0s25;56203;1911175
418;20:01:33.771;enp0s25;15722;347442
419;20:01:34.778;enp0s25;43986;761665
420;20:01:35.786;enp0s25;69252;2928364
421;20:01:36.793;enp0s25;32272;442759
422;20:01:37.800;enp0s25;48776;1772938
423;20:01:38.807;enp0s25;33188;1908076
424;20:01:39.814;enp0s25;0;64
425;20:01:40.822;enp0s25;0;0
426;20:01:41.828;enp0s25;0;64
427;20:01:42.835;enp0s25;1476;26729
428;20:01:43.841;enp0s25;2324;396267
429;20:01:44.849;enp0s25;10012;355544
430;20:01:45.856;enp0s25;14452;428095
431;20:01:46.863;enp0s25;13310;539870
432;20:01:47.870;enp0s25;15178;571490
433;20:01:48.877;enp0s25;9822;582442
434;20:01:49.884;enp0s25;8860;370953
435;20:01:50.891;enp0s25;40358;1826366
436;20:01:51.901;enp0s25;49742;2324197
437;20:01:52.913;enp0s25;7648;434359
438;20:01:53.922;enp0s25;53368;2570097
439;20:01:54.931;enp0s25;20648;1130130
440;20:01:55.938;enp0s25;7230;225460
441;20:01:56.945;enp0s25;48807;987034
442;20:01:57.961;enp0s25;41824;766081
443;20:01:58.980;enp0s25;22104;393111
444;20:01:59.990;enp0s25;19062;299271
445;20:02:00.998;enp0s25;16141;133924
446;20:02:02.006;enp0s25;100583;1314864
447;20:02:03.013;enp0s25;0;0
448;20:02:04.020;enp0s25;0;64
449;20:02:05.027;enp0s25;3657;4183
450;20:02:06.041;enp0s25;96712;2179709
451;20:02:07.055;enp0s25;3456;86462
452;20:02:08.064;enp0s25;89568;2208701
453;20:02:09.076;enp0s25;10650;197271
454;20:02:10.084;enp0s25;11996;269389
455;20:02:11.100;enp0s25;15596;274811
456;20:02:12.120;enp0s25;18208;386165
457;20:02:13.134;enp0s25;26600;560113
458;20:02:14.149;enp0s25;21022;378179
459;20:02:15.162;enp0s25;9398;135095
460;20:02:16.174;enp0s25;46458;986864
461;20:02:17.186;enp0s25;22263;201296
462;20:02:18.193;enp0s25;86969;1280736
463;20:02:19.200;enp0s25;118922;2590741
464;20:02:20.207;enp0s25;0;64
465;20:02:21.214;enp0s25;0;0
466;20:02:22.221;enp0s25;1984;1088
467;20:02:23.228;enp0s25;0;86
468;20:02:24.235;enp0s25;0;64
469;20:02:25.241;enp0s25;0;0
470;20:02:26.248;enp0s25;0;64
471;20:02:27.255;enp0s25;0;0
472;20:02:28.262;enp0s25;0;64
473;20:02:29.268;enp0s25;0;0
474;20:02:30.275;enp0s25;0;64
475;20:02:31.281;enp0s25;0;0
476;20:02:32.288;enp0s25;0;64
477;20:02:33.295;enp0s25;64;64
478;20:02:34.301;enp0s25;0;64
479;20:02:35.308;enp0s25;0;0
480;20:02:36.314;enp0s25;0;64
481;20:02:37.321;enp0s25;0;0
482;20:02:38.327;enp0s25;0;64
483;20:02:39.334;enp0s25;1592;3382
484;20:02:40.341;enp0s25;3797;20098
485;20:02:41.356;enp0s25;65730;1735446
486;20:02:42.364;enp0s25;37107;1496031
487;20:02:43.371;enp0s25;32043;1355574
488;20:02:44.381;enp0s25;29324;1328378
489;20:02:45.391;enp0s25;31010;1398078
490;20:02:46.400;enp0s25;31430;1402766
491;20:02:47.412;enp0s25;33110;1484674
492;20:02:48.421;enp0s25;33320;1480114
493;20:02:49.431;enp0s25;31780;1419330
494;20:02:50.439;enp0s25;32060;1449754
495;20:02:51.452;enp0s25;34020;1531662
496;20:02:52.464;enp0s25;32760;1480114
497;20:02:53.476;enp0s25;32465;1455762
498;20:02:54.484;enp0s25;31844;1449818
499;20:02:55.492;enp0s25;31920;1440276
500;20:02:56.499;enp0s25;31640;1435186
501;20:02:57.506;enp0s25;33960;1503580
502;20:02:58.515;enp0s25;31364;1251192
503;20:02:59.522;enp0s25;0;402
504;20:03:00.529;enp0s25;0;458
505;20:03:01.536;enp0s25;0;0
506;20:03:02.542;enp0s25;0;64
507;20:03:03.549;enp0s25;0;0
508;20:03:04.555;enp0s25;45748;1384719
509;20:03:05.571;enp0s25;27854;1231162
510;20:03:06.585;enp0s25;18480;798618
511;20:03:07.599;enp0s25;29470;1279674
512;20:03:09.472;enp0s25;31249;1352538
513;20:03:10.489;enp0s25;27370;1190176
514;20:03:11.506;enp0s25;27720;1203774
515;20:03:12.518;enp0s25;24010;1044620
516;20:03:13.529;enp0s25;23240;1007952
517;20:03:14.542;enp0s25;28350;1228126
518;20:03:15.556;enp0s25;28560;1238688
519;20:03:16.570;enp0s25;31284;1355702
520;20:03:17.587;enp0s25;24990;1085370
521;20:03:18.597;enp0s25;18620;810676
522;20:03:19.606;enp0s25;11296;453882
523;20:03:20.623;enp0s25;27510;1193212
524;20:03:21.636;enp0s25;30240;1313070
525;20:03:22.652;enp0s25;29680;1284292
526;20:03:23.664;enp0s25;30660;1328250
527;20:03:24.675;enp0s25;32200;1396624
528;20:03:25.686;enp0s25;32130;1393524
529;20:03:26.701;enp0s25;28840;1250896
530;20:03:27.717;enp0s25;16444;715106
531;20:03:28.732;enp0s25;8460;356730
532;20:03:29.743;enp0s25;11480;499486
533;20:03:30.757;enp0s25;13274;537372
534;20:03:31.768;enp0s25;16380;710488
535;20:03:32.783;enp0s25;30520;1323696
536;20:03:33.799;enp0s25;29960;1297954
537;20:03:34.810;enp0s25;20930;907764
538;20:03:35.824;enp0s25;16800;728704
539;20:03:36.838;enp0s25;9450;409860
540;20:03:37.854;enp0s25;14770;637624
541;20:03:38.867;enp0s25;13014;560206
542;20:03:39.876;enp0s25;33349;1330824
543;20:03:40.892;enp0s25;26146;1126356
544;20:03:41.905;enp0s25;29260;1270630
545;20:03:42.921;enp0s25;23800;1027858
546;20:03:43.933;enp0s25;24780;1073290
547;20:03:44.942;enp0s25;29120;1261458
548;20:03:45.956;enp0s25;15540;677092
549;20:03:46.974;enp0s25;14980;649704
550;20:03:47.988;enp0s25;12600;549580
551;20:03:49.003;enp0s25;19460;844008
552;20:03:50.015;enp0s25;31354;1358738
553;20:03:51.024;enp0s25;27860;1205378
554;20:03:52.039;enp0s25;31010;1346530
555;20:03:53.055;enp0s25;30170;1308763
556;20:03:54.072;enp0s25;30590;1325278
557;20:03:55.086;enp0s25;20370;883476
558;20:03:56.093;enp0s25;27090;1176514
559;20:03:57.106;enp0s25;31990;1390488
560;20:03:58.122;enp0s25;31850;1379926
561;20:03:59.136;enp0s25;30769;1320660
562;20:04:00.147;enp0s25;31749;1366264
563;20:04:01.158;enp0s25;30580;1284292
564;20:04:02.169;enp0s25;37084;1401418
565;20:04:03.179;enp0s25;31149;1322178
566;20:04:04.193;enp0s25;26320;1140082
567;20:04:05.206;enp0s25;23380;1015542
568;20:04:06.216;enp0s25;13930;605746
569;20:04:07.231;enp0s25;31990;1387452
570;20:04:08.242;enp0s25;24640;1067218
571;20:04:09.255;enp0s25;31530;1358674
572;20:04:10.269;enp0s25;23730;1030786
573;20:04:11.279;enp0s25;24570;1062600
574;20:04:12.290;enp0s25;24494;1058174
575;20:04:13.307;enp0s25;7070;309844
576;20:04:14.324;enp0s25;8696;370456
577;20:04:15.337;enp0s25;11970;517638
578;20:04:16.348;enp0s25;15442;584494
579;20:04:17.359;enp0s25;17627;680064
580;20:04:18.374;enp0s25;33040;1431538
581;20:04:19.386;enp0s25;32200;1396560
582;20:04:20.400;enp0s25;32200;1396624
583;20:04:21.417;enp0s25;37444;1117199
584;20:04:22.429;enp0s25;52091;1703210
585;20:04:23.439;enp0s25;53315;1479252
586;20:04:24.448;enp0s25;34300;1568158
587;20:04:25.457;enp0s25;35697;1587828
588;20:04:26.470;enp0s25;38407;1655928
589;20:04:27.477;enp0s25;70;134
590;20:04:28.485;enp0s25;0;64
591;20:04:29.492;enp0s25;0;0
592;20:04:30.498;enp0s25;0;64
593;20:04:31.506;enp0s25;0;1552
594;20:04:32.513;enp0s25;0;3372
595;20:04:33.520;enp0s25;0;760
596;20:04:34.527;enp0s25;64;1278
597;20:04:35.534;enp0s25;0;418
598;20:04:36.541;enp0s25;0;64
599;20:04:37.548;enp0s25;0;1150
600;20:04:38.555;enp0s25;0;64
601;20:04:39.562;enp0s25;0;0
602;20:04:40.569;enp0s25;0;64
603;20:04:41.576;enp0s25;0;0
604;20:04:42.584;enp0s25;0;236
605;20:04:43.591;enp0s25;0;0
606;20:04:44.598;enp0s25;64;460
607;20:04:45.605;enp0s25;0;0
608;20:04:46.611;enp0s25;0;64
609;20:04:47.620;enp0s25;41408;962116
610;20:04:48.629;enp0s25;70;204
611;20:04:49.637;enp0s25;0;256
612;20:04:50.649;enp0s25;0;64
613;20:04:51.656;enp0s25;306;762
614;20:04:52.666;enp0s25;709;3153
615;20:04:53.673;enp0s25;0;0
616;20:04:54.680;enp0s25;0;64
617;20:04:55.686;enp0s25;64;458
618;20:04:56.693;enp0s25;0;64
619;20:04:57.700;enp0s25;0;0
620;20:04:58.707;enp0s25;0;64
621;20:04:59.714;enp0s25;0;0
622;20:05:00.720;enp0s25;0;0
623;20:05:01.727;enp0s25;0;64
624;20:05:02.733;enp0s25;0;0
625;20:05:03.744;enp0s25;0;64
626;20:05:04.751;enp0s25;11648;3235
627;20:05:05.758;enp0s25;0;64
628;20:05:06.765;enp0s25;64;64
629;20:05:07.772;enp0s25;0;64
630;20:05:08.779;enp0s25;0;0
631;20:05:09.786;enp0s25;0;64
632;20:05:10.792;enp0s25;0;0
633;20:05:11.799;enp0s25;132350;2281517
634;20:05:12.806;enp0s25;113141;2206298
635;20:05:13.814;enp0s25;134635;3157453
636;20:05:14.824;enp0s25;98622;2780246
637;20:05:15.831;enp0s25;42430;412794
638;20:05:16.839;enp0s25;53941;686486
639;20:05:17.846;enp0s25;70405;1761140
640;20:05:18.854;enp0s25;38430;437146
641;20:05:19.861;enp0s25;65777;1147655
642;20:05:20.868;enp0s25;42672;416253
643;20:05:21.878;enp0s25;32562;225020
644;20:05:22.889;enp0s25;51370;727845
645;20:05:23.896;enp0s25;47141;1053400
646;20:05:24.903;enp0s25;58545;931235
647;20:05:25.913;enp0s25;62077;1392022
648;20:05:26.921;enp0s25;51364;1222334
649;20:05:27.928;enp0s25;45449;964216
650;20:05:28.935;enp0s25;56821;826284
651;20:05:29.943;enp0s25;54990;708854
652;20:05:30.951;enp0s25;50343;850313
653;20:05:31.963;enp0s25;50787;1777842
654;20:05:32.972;enp0s25;35812;355923
655;20:05:33.983;enp0s25;27972;131141
656;20:05:34.992;enp0s25;49031;834745
657;20:05:36.004;enp0s25;52351;1445038
658;20:05:37.013;enp0s25;65451;1636892
659;20:05:38.020;enp0s25;65729;1374151
660;20:05:39.033;enp0s25;79666;3459668
661;20:05:40.040;enp0s25;97043;5486253
662;20:05:41.049;enp0s25;79541;5150621
663;20:05:42.057;enp0s25;80541;4195516
664;20:05:43.064;enp0s25;96830;4772871
665;20:05:44.077;enp0s25;46319;968321
666;20:05:45.088;enp0s25;60849;2321276
667;20:05:46.098;enp0s25;43410;574485
668;20:05:47.108;enp0s25;23519;403417
669;20:05:48.118;enp0s25;46459;2218415
670;20:05:49.126;enp0s25;46808;1223550
671;20:05:50.135;enp0s25;47023;1419589
672;20:05:51.143;enp0s25;45082;2090345
673;20:05:52.150;enp0s25;2176;243767
674;20:05:53.159;enp0s25;0;0
675;20:05:54.169;enp0s25;0;64
676;20:05:55.176;enp0s25;0;0
677;20:05:56.182;enp0s25;1476;26621
678;20:05:57.192;enp0s25;14640;730937
679;20:05:58.214;enp0s25;9626;246185
680;20:05:59.221;enp0s25;18136;721725
681;20:06:00.228;enp0s25;15626;632413
682;20:06:01.235;enp0s25;19450;891876
683;20:06:02.242;enp0s25;30396;1745306
684;20:06:03.249;enp0s25;9322;434848
685;20:06:04.256;enp0s25;29950;1373940
686;20:06:05.263;enp0s25;11918;509335
687;20:06:06.276;enp0s25;6984;224672
688;20:06:07.289;enp0s25;41598;2102195
689;20:06:08.298;enp0s25;20966;942795
690;20:06:09.312;enp0s25;21220;1116776
691;20:06:10.321;enp0s25;9631;194497
692;20:06:11.327;enp0s25;98480;1810690
693;20:06:12.335;enp0s25;26515;455230
694;20:06:13.342;enp0s25;40563;306552
695;20:06:14.349;enp0s25;49358;1077306
696;20:06:15.356;enp0s25;1920;960
697;20:06:16.362;enp0s25;98717;2283134
698;20:06:17.370;enp0s25;960;25342
699;20:06:18.378;enp0s25;96716;2167696
700;20:06:19.385;enp0s25;23316;470444
701;20:06:20.398;enp0s25;13154;248209
702;20:06:21.415;enp0s25;17862;254510
703;20:06:22.426;enp0s25;49474;1033057
704;20:06:23.435;enp0s25;50619;1062581
705;20:06:24.444;enp0s25;2362;55292
706;20:06:25.451;enp0s25;91496;1333104
707;20:06:26.458;enp0s25;118608;2706873
708;20:06:27.465;enp0s25;0;0
709;20:06:28.472;enp0s25;0;64
710;20:06:29.479;enp0s25;0;0
711;20:06:30.486;enp0s25;1920;1024
712;20:06:31.493;enp0s25;0;0
713;20:06:32.500;enp0s25;0;64
714;20:06:33.507;enp0s25;0;0
715;20:06:34.514;enp0s25;0;64
716;20:06:35.520;enp0s25;64;64
717;20:06:36.527;enp0s25;0;64
718;20:06:37.534;enp0s25;0;0
719;20:06:38.541;enp0s25;0;64
720;20:06:40.961;enp0s25;0;0
721;20:06:41.968;enp0s25;0;64
722;20:06:42.976;enp0s25;0;172
723;20:06:43.985;enp0s25;0;64
724;20:06:44.992;enp0s25;0;0
725;20:06:46.000;enp0s25;64;128
726;20:06:47.008;enp0s25;1514;3620
727;20:06:48.016;enp0s25;0;150
728;20:06:49.031;enp0s25;63757;1573608
729;20:06:50.038;enp0s25;47583;1835891
730;20:06:51.050;enp0s25;37503;1584792
731;20:06:52.060;enp0s25;36470;1601554
732;20:06:53.070;enp0s25;10430;452364
733;20:06:54.080;enp0s25;20370;879056
734;20:06:55.095;enp0s25;28910;1247866
735;20:06:56.105;enp0s25;31710;1372336
736;20:06:57.117;enp0s25;31774;1375372
737;20:06:58.132;enp0s25;31780;1381444
738;20:06:59.145;enp0s25;32130;1395042
739;20:07:00.156;enp0s25;31850;1379926
740;20:07:01.165;enp0s25;15890;698280
741;20:07:02.186;enp0s25;15400;669502
742;20:07:03.200;enp0s25;30785;1354056
743;20:07:04.208;enp0s25;22190;963994
744;20:07:05.215;enp0s25;32130;1393524
745;20:07:06.227;enp0s25;32200;1396624
746;20:07:07.241;enp0s25;32270;1399596
747;20:07:08.250;enp0s25;27157;1117787
748;20:07:09.258;enp0s25;28151;1091625
749;20:07:10.264;enp0s25;0;64
750;20:07:11.271;enp0s25;0;0
751;20:07:12.278;enp0s25;0;64
752;20:07:13.284;enp0s25;0;172
753;20:07:14.291;enp0s25;455;516
754;20:07:15.304;enp0s25;20909;512770
755;20:07:16.319;enp0s25;20172;554204
756;20:07:17.334;enp0s25;5810;248952
757;20:07:18.349;enp0s25;9880;396262
758;20:07:19.359;enp0s25;11544;493414
759;20:07:20.377;enp0s25;5952;226246
760;20:07:21.392;enp0s25;4340;195822
761;20:07:22.407;enp0s25;1260;54712
762;20:07:23.422;enp0s25;980;44022
763;20:07:24.431;enp0s25;1960;85072
764;20:07:25.446;enp0s25;1750;74382
765;20:07:26.464;enp0s25;2030;86590
766;20:07:27.478;enp0s25;2030;86526
767;20:07:28.491;enp0s25;1330;57748
768;20:07:29.500;enp0s25;1330;59202
769;20:07:30.516;enp0s25;1604;66920
770;20:07:31.534;enp0s25;1680;72864
771;20:07:32.551;enp0s25;2870;124626
772;20:07:33.562;enp0s25;7070;309672
773;20:07:34.570;enp0s25;11760;516184
774;20:07:35.587;enp0s25;1728;60720
775;20:07:36.600;enp0s25;3210;113914
776;20:07:37.618;enp0s25;2380;103224
777;20:07:38.633;enp0s25;3046;124540
778;20:07:39.643;enp0s25;7840;344586
779;20:07:40.659;enp0s25;6300;276340
780;20:07:41.675;enp0s25;3593;139720
781;20:07:42.691;enp0s25;1330;57748
782;20:07:43.703;enp0s25;4550;195994
783;20:07:44.713;enp0s25;9870;429658
784;20:07:45.729;enp0s25;2870;126058
785;20:07:46.746;enp0s25;1600;59202
786;20:07:47.760;enp0s25;2264;75964
787;20:07:48.771;enp0s25;2870;124476
788;20:07:49.786;enp0s25;6580;290002
789;20:07:50.800;enp0s25;12250;535854
790;20:07:51.815;enp0s25;10774;467672
791;20:07:52.829;enp0s25;1540;66792
792;20:07:53.838;enp0s25;1832;74782
793;20:07:54.856;enp0s25;1820;78936
794;20:07:55.870;enp0s25;2870;126058
795;20:07:56.886;enp0s25;6790;300564
796;20:07:57.904;enp0s25;11410;496450
797;20:07:58.913;enp0s25;2450;104742
798;20:07:59.927;enp0s25;1646;65338
799;20:08:00.945;enp0s25;1680;72864
800;20:08:01.959;enp0s25;2170;89626
801;20:08:02.972;enp0s25;2864;118468
802;20:08:03.982;enp0s25;6510;285448
803;20:08:04.999;enp0s25;2100;92598
804;20:08:06.016;enp0s25;910;39532
805;20:08:07.030;enp0s25;840;34914
806;20:08:08.043;enp0s25;1962;51676
807;20:08:09.053;enp0s25;2030;88044
808;20:08:10.071;enp0s25;1120;45604
809;20:08:11.086;enp0s25;770;33396
810;20:08:12.101;enp0s25;1330;56230
811;20:08:13.114;enp0s25;1540;68396
812;20:08:14.124;enp0s25;2094;85222
813;20:08:15.140;enp0s25;2380;100188
814;20:08:16.159;enp0s25;2660;115518
815;20:08:17.173;enp0s25;3150;138138
816;20:08:18.185;enp0s25;2450;107842
817;20:08:19.201;enp0s25;1330;56166
818;20:08:20.214;enp0s25;1814;77546
819;20:08:21.233;enp0s25;1960;78936
820;20:08:22.247;enp0s25;3850;165526
821;20:08:23.259;enp0s25;2660;116886
822;20:08:24.275;enp0s25;7620;324916
823;20:08:25.289;enp0s25;2260;80518
824;20:08:26.303;enp0s25;2450;104806
825;20:08:27.318;enp0s25;1260;53130
826;20:08:28.326;enp0s25;2100;92662
827;20:08:29.342;enp0s25;2730;119922
828;20:08:30.360;enp0s25;2724;118532
829;20:08:31.376;enp0s25;2322;101706
830;20:08:32.390;enp0s25;2310;101770
831;20:08:33.398;enp0s25;1820;80454
832;20:08:34.413;enp0s25;2590;112396
833;20:08:35.429;enp0s25;5460;236808
834;20:08:36.443;enp0s25;10004;434276
835;20:08:37.455;enp0s25;1470;63756
836;20:08:38.471;enp0s25;1540;68374
837;20:08:39.485;enp0s25;1890;81972
838;20:08:40.500;enp0s25;1960;80518
839;20:08:41.515;enp0s25;2100;86526
840;20:08:42.524;enp0s25;2100;89626
841;20:08:43.540;enp0s25;3886;158044
842;20:08:44.558;enp0s25;6580;285448
843;20:08:45.573;enp0s25;3292;133584
844;20:08:46.588;enp0s25;3990;174634
845;20:08:47.596;enp0s25;2538;103288
846;20:08:48.611;enp0s25;2100;89626
847;20:08:49.627;enp0s25;4270;188232
848;20:08:50.644;enp0s25;1260;54712
849;20:08:51.655;enp0s25;1330;56166
850;20:08:52.664;enp0s25;1260;54712
851;20:08:53.679;enp0s25;2030;83490
852;20:08:54.696;enp0s25;2240;95698
853;20:08:55.710;enp0s25;4620;203412
854;20:08:56.723;enp0s25;4690;200376
855;20:08:57.739;enp0s25;10500;458500
856;20:08:58.755;enp0s25;6364;276340
857;20:08:59.770;enp0s25;3010;132130
858;20:09:00.786;enp0s25;2672;113936
859;20:09:01.797;enp0s25;2556;106324
860;20:09:02.813;enp0s25;1400;59202
861;20:09:03.830;enp0s25;1540;68374
862;20:09:04.845;enp0s25;1960;81972
863;20:09:05.859;enp0s25;2310;98734
864;20:09:06.869;enp0s25;1610;68310
865;20:09:07.883;enp0s25;1330;59266
866;20:09:08.902;enp0s25;8464;367572
867;20:09:09.918;enp0s25;7980;347082
868;20:09:10.933;enp0s25;7840;346104
869;20:09:11.943;enp0s25;9660;415628
870;20:09:12.958;enp0s25;4270;187046
871;20:09:13.975;enp0s25;3290;141042
872;20:09:14.991;enp0s25;5696;232254
873;20:09:16.003;enp0s25;2498;98734
874;20:09:17.018;enp0s25;2240;98670
875;20:09:18.033;enp0s25;2654;115496
876;20:09:19.052;enp0s25;1400;62238
877;20:09:20.065;enp0s25;1534;65402
878;20:09:21.075;enp0s25;3710;159390
879;20:09:22.092;enp0s25;8960;392040
880;20:09:23.108;enp0s25;7700;336996
881;20:09:24.123;enp0s25;1960;86590
882;20:09:25.135;enp0s25;2100;92992
883;20:09:26.146;enp0s25;1400;59266
884;20:09:27.163;enp0s25;1260;53130
885;20:09:28.178;enp0s25;1120;50158
886;20:09:29.195;enp0s25;1470;60720
887;20:09:30.206;enp0s25;2380;101770
888;20:09:31.216;enp0s25;3844;165526
889;20:09:32.231;enp0s25;3710;164008
890;20:09:33.246;enp0s25;10500;452364
891;20:09:34.262;enp0s25;6930;302146
892;20:09:35.272;enp0s25;2800;119922
893;20:09:36.287;enp0s25;3220;142756
894;20:09:37.303;enp0s25;1400;62238
895;20:09:38.321;enp0s25;2590;110878
896;20:09:39.334;enp0s25;2310;98670
897;20:09:40.343;enp0s25;1470;65338
898;20:09:41.359;enp0s25;1750;74382
899;20:09:42.377;enp0s25;1534;62366
900;20:09:43.394;enp0s25;1832;72950
901;20:09:44.406;enp0s25;2520;106496
902;20:09:45.420;enp0s25;6650;288420
903;20:09:46.433;enp0s25;4060;177670
904;20:09:47.449;enp0s25;2170;95634
905;20:09:48.463;enp0s25;1330;56230
906;20:09:49.473;enp0s25;1798;69828
907;20:09:50.486;enp0s25;2030;83554
908;20:09:51.504;enp0s25;2660;109296
909;20:09:52.518;enp0s25;2976;123022
910;20:09:53.535;enp0s25;2374;98734
911;20:09:54.546;enp0s25;1260;53194
912;20:09:55.563;enp0s25;5180;227700
913;20:09:56.579;enp0s25;6440;285448
914;20:09:57.595;enp0s25;1470;65274
915;20:09:58.610;enp0s25;1610;68374
916;20:09:59.622;enp0s25;1610;66792
917;20:10:00.632;enp0s25;2444;103352
918;20:10:01.644;enp0s25;3220;135102
919;20:10:02.660;enp0s25;1820;77482
920;20:10:03.675;enp0s25;2380;106260
921;20:10:04.685;enp0s25;3284;138266
922;20:10:05.703;enp0s25;3080;138538
923;20:10:06.718;enp0s25;6510;286264
924;20:10:07.735;enp0s25;8750;385584
925;20:10:08.748;enp0s25;1260;54648
926;20:10:09.759;enp0s25;1120;48406
927;20:10:10.766;enp0s25;2170;92598
928;20:10:11.781;enp0s25;2640;98430
929;20:10:12.797;enp0s25;2580;101706
930;20:10:13.810;enp0s25;3290;145964
931;20:10:14.819;enp0s25;7350;320298
932;20:10:15.835;enp0s25;4544;197468
933;20:10:16.850;enp0s25;1330;59202
934;20:10:17.867;enp0s25;1774;74446
935;20:10:18.879;enp0s25;3990;177992
936;20:10:19.891;enp0s25;7070;306700
937;20:10:20.908;enp0s25;10570;461472
938;20:10:21.924;enp0s25;14464;575386
939;20:10:22.940;enp0s25;13160;561660
940;20:10:23.952;enp0s25;10570;450910
941;20:10:24.963;enp0s25;1820;78936
942;20:10:25.980;enp0s25;5384;232382
943;20:10:26.997;enp0s25;10710;466026
944;20:10:28.012;enp0s25;11620;507076
945;20:10:29.022;enp0s25;10500;458522
946;20:10:30.037;enp0s25;1680;71410
947;20:10:31.052;enp0s25;2800;121440
948;20:10:32.066;enp0s25;6230;270268
949;20:10:33.080;enp0s25;12390;543444
950;20:10:34.090;enp0s25;9450;412960
951;20:10:35.105;enp0s25;1050;45540
952;20:10:36.121;enp0s25;1962;71410
953;20:10:37.136;enp0s25;1534;62302
954;20:10:38.147;enp0s25;1902;79000
955;20:10:39.156;enp0s25;1680;69828
956;20:10:40.171;enp0s25;3780;165526
957;20:10:41.188;enp0s25;9870;431112
958;20:10:42.203;enp0s25;11200;484306
959;20:10:43.214;enp0s25;12880;544962
960;20:10:44.226;enp0s25;2380;100424
961;20:10:45.242;enp0s25;5180;225050
962;20:10:46.259;enp0s25;8540;370456
963;20:10:47.275;enp0s25;19806;761978
964;20:10:48.286;enp0s25;3177;127640
965;20:10:49.302;enp0s25;2170;94116
966;20:10:50.314;enp0s25;3360;148828
967;20:10:51.331;enp0s25;1680;74382
968;20:10:52.347;enp0s25;3780;167044
969;20:10:53.361;enp0s25;10920;484242
970;20:10:54.377;enp0s25;6430;273304
971;20:10:55.391;enp0s25;2660;115368
972;20:10:56.409;enp0s25;7980;350722
973;20:10:57.422;enp0s25;2590;115806
974;20:10:58.432;enp0s25;1400;60784
975;20:10:59.447;enp0s25;1254;53194
976;20:11:00.464;enp0s25;2170;95698
977;20:11:01.480;enp0s25;1680;66792
978;20:11:02.495;enp0s25;1622;63820
979;20:11:03.506;enp0s25;2870;124476
980;20:11:04.523;enp0s25;2940;127576
981;20:11:05.537;enp0s25;1378;44022
982;20:11:06.551;enp0s25;1740;60784
983;20:11:07.567;enp0s25;6828;267168
984;20:11:08.576;enp0s25;7000;302146
985;20:11:09.593;enp0s25;1330;57718
986;20:11:10.611;enp0s25;2724;120322
987;20:11:11.626;enp0s25;3430;157114
988;20:11:12.641;enp0s25;3430;153014
989;20:11:13.650;enp0s25;3840;158462
990;20:11:14.667;enp0s25;7280;317326
991;20:11:15.683;enp0s25;3850;168130
992;20:11:16.699;enp0s25;1540;65338
993;20:11:17.712;enp0s25;2240;97152
994;20:11:18.721;enp0s25;2240;95634
995;20:11:19.737;enp0s25;2100;92662
996;20:11:20.753;enp0s25;1960;85402
997;20:11:21.770;enp0s25;4054;173180
998;20:11:22.783;enp0s25;9940;438702
999;20:11:23.795;enp0s25;6790;297592
1000;20:11:24.813;enp0s25;1120;48270
1001;20:11:25.829;enp0s25;980;44006
1002;20:11:26.845;enp0s25;2800;124410
1003;20:11:27.856;enp0s25;3920;169712
1004;20:11:28.871;enp0s25;6930;303932
1005;20:11:29.887;enp0s25;8260;364384
1006;20:11:30.903;enp0s25;2654;115064
1007;20:11:31.916;enp0s25;1050;44086
1008;20:11:32.926;enp0s25;1884;80518
1009;20:11:33.939;enp0s25;7490;330038
1010;20:11:34.956;enp0s25;5216;225610
1011;20:11:35.971;enp0s25;2660;113294
1012;20:11:36.986;enp0s25;1820;81920
1013;20:11:37.996;enp0s25;1400;59652
1014;20:11:39.012;enp0s25;910;41884
1015;20:11:40.026;enp0s25;1820;74446
1016;20:11:41.043;enp0s25;4410;194000
1017;20:11:42.058;enp0s25;9240;404290
1018;20:11:43.066;enp0s25;2234;95698
1019;20:11:44.078;enp0s25;2008;80690
1020;20:11:45.091;enp0s25;2100;89562
1021;20:11:46.106;enp0s25;2310;98734
1022;20:11:47.117;enp0s25;4130;183678
1023;20:11:48.134;enp0s25;4614;145792
1024;20:11:49.151;enp0s25;9310;406824
1025;20:11:50.166;enp0s25;10150;447874
1026;20:11:51.182;enp0s25;3922;160908
1027;20:11:52.190;enp0s25;7140;309736
1028;20:11:53.205;enp0s25;1330;56166
1029;20:11:54.222;enp0s25;1464;62366
1030;20:11:55.237;enp0s25;3920;174570
1031;20:11:56.254;enp0s25;7980;350722
1032;20:11:57.265;enp0s25;6756;285384
1033;20:11:58.280;enp0s25;1750;77568
1034;20:11:59.294;enp0s25;910;37950
1035;20:12:00.310;enp0s25;1610;71410
1036;20:12:01.323;enp0s25;4200;188232
1037;20:12:02.332;enp0s25;2660;110878
1038;20:12:03.347;enp0s25;7958;341550
1039;20:12:04.363;enp0s25;18550;807640
1040;20:12:05.377;enp0s25;2584;109360
1041;20:12:06.391;enp0s25;3466;142756
1042;20:12:07.400;enp0s25;1960;83490
1043;20:12:08.414;enp0s25;3360;142756
1044;20:12:09.430;enp0s25;2030;85008
1045;20:12:10.444;enp0s25;1260;54712
1046;20:12:11.456;enp0s25;1050;44022
1047;20:12:12.467;enp0s25;1540;66856
1048;20:12:13.481;enp0s25;2304;95698
1049;20:12:14.498;enp0s25;1470;60956
1050;20:12:15.515;enp0s25;4340;189750
1051;20:12:16.530;enp0s25;11334;487406
1052;20:12:17.539;enp0s25;12170;519156
1053;20:12:18.556;enp0s25;3010;130612
1054;20:12:19.573;enp0s25;3116;130548
1055;20:12:20.587;enp0s25;2030;83554
1056;20:12:21.601;enp0s25;6212;226182
1057;20:12:22.609;enp0s25;10150;438766
1058;20:12:23.625;enp0s25;6860;294492
1059;20:12:24.641;enp0s25;2406;91144
1060;20:12:25.652;enp0s25;2346;95634
1061;20:12:26.668;enp0s25;5320;232318
1062;20:12:27.679;enp0s25;17844;771208
1063;20:12:28.694;enp0s25;3220;136684
1064;20:12:29.710;enp0s25;1400;59202
1065;20:12:30.724;enp0s25;2170;92598
1066;20:12:31.736;enp0s25;2310;95698
1067;20:12:32.748;enp0s25;2242;86526
1068;20:12:33.759;enp0s25;7210;312772
1069;20:12:34.768;enp0s25;20230;872850
1070;20:12:35.782;enp0s25;3080;135166
1071;20:12:36.797;enp0s25;1540;65274
1072;20:12:37.811;enp0s25;7656;311254
1073;20:12:38.821;enp0s25;2002;77482
1074;20:12:39.831;enp0s25;2450;103288
1075;20:12:40.841;enp0s25;1120;48576
1076;20:12:41.853;enp0s25;4550;195972
1077;20:12:42.868;enp0s25;2520;109296
1078;20:12:43.883;enp0s25;2230;83726
1079;20:12:44.895;enp0s25;2419;94116
1080;20:12:45.903;enp0s25;1810;65338
1081;20:12:46.912;enp0s25;1750;75900
1082;20:12:47.923;enp0s25;2730;118468
1083;20:12:48.934;enp0s25;6230;270204
1084;20:12:49.948;enp0s25;17004;736358
1085;20:12:50.958;enp0s25;21739;929016
1086;20:12:51.970;enp0s25;3466;142756
1087;20:12:52.981;enp0s25;4475;115690
1088;20:12:53.994;enp0s25;1260;54712
1089;20:12:55.010;enp0s25;1190;47058
1090;20:12:56.024;enp0s25;1400;59266
1091;20:12:57.037;enp0s25;1820;75900
1092;20:12:58.051;enp0s25;2170;89626
1093;20:12:59.063;enp0s25;2310;100188
1094;20:13:00.074;enp0s25;3146;124604
1095;20:13:01.082;enp0s25;4060;173052
1096;20:13:02.091;enp0s25;10169;417584
1097;20:13:03.100;enp0s25;20829;769696
1098;20:13:04.110;enp0s25;4620;195886
1099;20:13:05.123;enp0s25;1846;62644
1100;20:13:06.132;enp0s25;2806;76174
1101;20:13:07.147;enp0s25;3418;123028
1102;20:13:08.161;enp0s25;7665;300628
1103;20:13:09.170;enp0s25;10318;428076
1104;20:13:10.181;enp0s25;4832;195886
1105;20:13:11.192;enp0s25;3162;86590
1106;20:13:12.209;enp0s25;3710;162490
1107;20:13:13.225;enp0s25;3116;127512
1108;20:13:14.236;enp0s25;7910;338750
1109;20:13:15.246;enp0s25;14980;651222
1110;20:13:16.333;enp0s25;770;31942
1111;20:13:17.346;enp0s25;770;33396
1112;20:13:18.361;enp0s25;700;28906
1113;20:13:19.374;enp0s25;1402;47058
1114;20:13:20.387;enp0s25;1330;53194
1115;20:13:21.397;enp0s25;1680;69828
1116;20:13:22.405;enp0s25;1954;77546
1117;20:13:23.421;enp0s25;1540;63756
1118;20:13:24.435;enp0s25;2078;80518
1119;20:13:25.450;enp0s25;1890;78936
1120;20:13:26.463;enp0s25;2042;82122
1121;20:13:27.474;enp0s25;1960;81666
1122;20:13:28.482;enp0s25;1750;68294
1123;20:13:29.499;enp0s25;4270;186648
1124;20:13:30.515;enp0s25;1646;63452
1125;20:13:31.530;enp0s25;2800;121440
1126;20:13:32.539;enp0s25;1680;74778
1127;20:13:33.552;enp0s25;2164;90776
1128;20:13:34.570;enp0s25;2940;127576
1129;20:13:35.578;enp0s25;3606;148764
1130;20:13:36.590;enp0s25;5250;229282
1131;20:13:37.600;enp0s25;5600;245916
1132;20:13:38.612;enp0s25;1820;77482
1133;20:13:39.626;enp0s25;2206;86920
1134;20:13:40.641;enp0s25;1680;72928
1135;20:13:41.655;enp0s25;2310;97152
1136;20:13:42.666;enp0s25;1960;85072
1137;20:13:43.680;enp0s25;3910;159390
1138;20:13:44.691;enp0s25;6014;259878
1139;20:13:45.706;enp0s25;1610;71346
1140;20:13:46.721;enp0s25;1890;81972
1141;20:13:47.730;enp0s25;3640;157936
1142;20:13:48.739;enp0s25;3500;148764
1143;20:13:49.748;enp0s25;1610;68374
1144;20:13:50.755;enp0s25;1050;44022
1145;20:13:51.766;enp0s25;1050;44086
1146;20:13:52.775;enp0s25;1680;71346
1147;20:13:53.789;enp0s25;1890;77482
1148;20:13:54.800;enp0s25;2170;91080
1149;20:13:55.816;enp0s25;3984;167108
1150;20:13:56.831;enp0s25;7420;323334
1151;20:13:57.840;enp0s25;1890;80518
1152;20:13:58.850;enp0s25;2800;121440
1153;20:13:59.860;enp0s25;980;41050
1154;20:14:00.875;enp0s25;770;33396
1155;20:14:01.890;enp0s25;840;38166
1156;20:14:02.905;enp0s25;1260;55562
1157;20:14:03.920;enp0s25;1436;56230
1158;20:14:04.933;enp0s25;1890;80454
1159;20:14:05.946;enp0s25;1820;73260
1160;20:14:06.956;enp0s25;4054;174266
1161;20:14:07.972;enp0s25;10990;478234
1162;20:14:08.984;enp0s25;2230;80454
1163;20:14:09.993;enp0s25;2310;98820
1164;20:14:11.003;enp0s25;910;39468
1165;20:14:12.019;enp0s25;1402;47122
1166;20:14:13.030;enp0s25;1260;54648
1167;20:14:14.044;enp0s25;1470;60784
1168;20:14:15.055;enp0s25;1890;85512
1169;20:14:16.064;enp0s25;3850;167044
1170;20:14:17.076;enp0s25;6126;259578
1171;20:14:18.088;enp0s25;4754;202022
1172;20:14:19.097;enp0s25;7980;344586
1173;20:14:20.107;enp0s25;1610;68374
1174;20:14:21.121;enp0s25;15330;664884
1175;20:14:22.136;enp0s25;7276;293038
1176;20:14:23.149;enp0s25;2380;104742
1177;20:14:24.157;enp0s25;3010;126058
1178;20:14:25.168;enp0s25;2170;95634
1179;20:14:26.179;enp0s25;3290;139720
1180;20:14:27.193;enp0s25;1680;72864
1181;20:14:28.208;enp0s25;3494;145856
1182;20:14:29.218;enp0s25;6930;294492
1183;20:14:30.227;enp0s25;2100;89626
1184;20:14:31.235;enp0s25;1330;56166
1185;20:14:32.252;enp0s25;1050;44086
1186;20:14:33.268;enp0s25;1680;68310
1187;20:14:34.284;enp0s25;2532;106324
1188;20:14:35.294;enp0s25;1884;75964
1189;20:14:36.307;enp0s25;840;36496
1190;20:14:37.319;enp0s25;1330;56166
1191;20:14:38.334;enp0s25;2240;95698
1192;20:14:39.346;enp0s25;3440;133648
1193;20:14:40.357;enp0s25;3150;137078
1194;20:14:41.369;enp0s25;2510;94116
1195;20:14:42.378;enp0s25;770;33460
1196;20:14:43.394;enp0s25;910;37950
1197;20:14:44.407;enp0s25;980;42740
1198;20:14:45.417;enp0s25;1540;66792
1199;20:14:46.429;enp0s25;2687;104806
1200;20:14:47.443;enp0s25;2280;59202
1201;20:14:48.455;enp0s25;2226;80588
1202;20:14:49.470;enp0s25;3602;142762
1203;20:14:50.482;enp0s25;1780;65472
1204;20:14:51.491;enp0s25;2902;118474
1205;20:14:52.503;enp0s25;2621;104806
1206;20:14:53.522;enp0s25;1260;53130
1207;20:14:54.536;enp0s25;1925;62893
1208;20:14:55.548;enp0s25;15536;501274
1209;20:14:56.558;enp0s25;29270;1310098
1210;20:14:57.572;enp0s25;32130;1504338
1211;20:14:58.587;enp0s25;21840;944260
1212;20:14:59.599;enp0s25;27799;1174800
1213;20:15:00.612;enp0s25;8362;176733
1214;20:15:01.624;enp0s25;9350;241482
1215;20:15:02.637;enp0s25;8603;183345
1216;20:15:03.653;enp0s25;10487;274466
1217;20:15:04.666;enp0s25;11905;354532
1218;20:15:05.676;enp0s25;15873;470027
1219;20:15:06.686;enp0s25;20110;578783
1220;20:15:07.702;enp0s25;9510;242596
1221;20:15:08.716;enp0s25;4217;87308
1222;20:15:09.729;enp0s25;2039;40016
1223;20:15:10.739;enp0s25;2792;77808
1224;20:15:11.755;enp0s25;3264;111882
1225;20:15:12.773;enp0s25;5120;115459
1226;20:15:13.788;enp0s25;5196;146111
1227;20:15:14.799;enp0s25;20790;901864
1228;20:15:15.811;enp0s25;27370;1191694
1229;20:15:16.829;enp0s25;3010;130548
1230;20:15:17.847;enp0s25;2030;89626
1231;20:15:18.861;enp0s25;2310;97152
1232;20:15:19.871;enp0s25;8373;337290
1233;20:15:20.884;enp0s25;9870;428146
1234;20:15:21.899;enp0s25;2030;88108
1235;20:15:22.915;enp0s25;4550;197340
1236;20:15:23.926;enp0s25;7540;294824
1237;20:15:24.935;enp0s25;4939;203961
1238;20:15:25.948;enp0s25;7019;218011
1239;20:15:26.965;enp0s25;8486;270091
1240;20:15:27.980;enp0s25;3570;150346
1241;20:15:28.991;enp0s25;3430;151800
1242;20:15:30.002;enp0s25;4760;204994
1243;20:15:31.017;enp0s25;1820;77418
1244;20:15:32.030;enp0s25;1890;82036
1245;20:15:33.040;enp0s25;2590;107778
1246;20:15:34.058;enp0s25;2012;72069
1247;20:15:35.070;enp0s25;128;64
1248;20:15:36.082;enp0s25;64;64
1249;20:15:37.094;enp0s25;0;0
1250;20:15:38.103;enp0s25;64;150
1251;20:15:39.111;enp0s25;0;0
1252;20:15:40.118;enp0s25;0;64
1253;20:15:41.126;enp0s25;0;0
1254;20:15:42.133;enp0s25;64;64
1255;20:15:43.141;enp0s25;0;0
1256;20:15:44.148;enp0s25;0;64
1257;20:15:45.155;enp0s25;0;172
1258;20:15:46.162;enp0s25;64;128
1259;20:15:47.169;enp0s25;0;0
1260;20:15:48.176;enp0s25;0;64
1261;20:15:49.182;enp0s25;0;0
1262;20:15:50.189;enp0s25;64;64
1263;20:15:51.196;enp0s25;0;0
1264;20:15:52.203;enp0s25;0;64
1265;20:15:53.212;enp0s25;0;247
1266;20:15:54.219;enp0s25;883;371
1267;20:15:55.227;enp0s25;40665;961372
1268;20:15:56.235;enp0s25;64;128
1269;20:15:57.242;enp0s25;0;0
1270;20:15:58.249;enp0s25;0;64
1271;20:15:59.257;enp0s25;306;762
1272;20:16:00.266;enp0s25;709;3153
1273;20:16:01.273;enp0s25;0;1212
1274;20:16:02.280;enp0s25;0;3352
1275;20:16:03.287;enp0s25;0;1120
1276;20:16:04.294;enp0s25;0;1214
1277;20:16:05.301;enp0s25;0;332
1278;20:16:06.308;enp0s25;64;64
1279;20:16:07.315;enp0s25;64;1214
1280;20:16:08.322;enp0s25;0;64
1281;20:16:09.329;enp0s25;0;0
1282;20:16:10.337;enp0s25;0;64
1283;20:16:11.364;enp0s25;0;0
1284;20:16:12.372;enp0s25;11590;3235
1285;20:16:13.379;enp0s25;0;0
1286;20:16:14.386;enp0s25;0;396
1287;20:16:15.393;enp0s25;0;566
1288;20:16:16.399;enp0s25;0;64
1289;20:16:17.407;enp0s25;0;0
1290;20:16:18.413;enp0s25;2690;1108
1291;20:16:19.421;enp0s25;129153;2282064
1292;20:16:20.428;enp0s25;160784;2919398
1293;20:16:21.435;enp0s25;88750;2173385
1294;20:16:22.442;enp0s25;66098;3007037
1295;20:16:23.448;enp0s25;57625;703168
1296;20:16:24.455;enp0s25;33717;415238
1297;20:16:25.462;enp0s25;61650;1767187
1298;20:16:26.468;enp0s25;45263;468423
1299;20:16:27.475;enp0s25;62309;1151654
1300;20:16:28.482;enp0s25;41297;410574
1301;20:16:29.489;enp0s25;34969;191720
1302;20:16:30.495;enp0s25;53944;803648
1303;20:16:31.502;enp0s25;67660;1070186
1304;20:16:32.509;enp0s25;57061;980020
1305;20:16:33.516;enp0s25;53126;1296660
1306;20:16:34.522;enp0s25;68878;1324478
1307;20:16:35.530;enp0s25;52782;946019
1308;20:16:36.539;enp0s25;57616;968812
1309;20:16:37.545;enp0s25;43799;560796
1310;20:16:38.552;enp0s25;47326;646962
1311;20:16:39.559;enp0s25;23717;420377
1312;20:16:40.566;enp0s25;42260;1021514
1313;20:16:41.572;enp0s25;58247;1076909
1314;20:16:42.579;enp0s25;57240;322102
1315;20:16:43.585;enp0s25;61696;1986062
1316;20:16:44.592;enp0s25;59014;1560954
1317;20:16:45.599;enp0s25;53043;800261
1318;20:16:46.606;enp0s25;108285;3749264
1319;20:16:47.612;enp0s25;74351;4145625
1320;20:16:48.619;enp0s25;76073;5275143
1321;20:16:49.626;enp0s25;64179;4569795
1322;20:16:50.633;enp0s25;83216;5736723
1323;20:16:51.639;enp0s25;43415;1154157
1324;20:16:52.646;enp0s25;50462;1025327
1325;20:16:53.653;enp0s25;47690;1659884
1326;20:16:54.660;enp0s25;21441;444621
1327;20:16:55.667;enp0s25;39507;736400
1328;20:16:56.674;enp0s25;61950;2935107
1329;20:16:57.680;enp0s25;28929;228803
1330;20:16:58.687;enp0s25;43319;1564286
1331;20:16:59.694;enp0s25;30614;2111488
1332;20:17:00.701;enp0s25;0;64
1333;20:17:01.708;enp0s25;0;0
1334;20:17:02.715;enp0s25;64;128
1335;20:17:03.722;enp0s25;1412;26592
1336;20:17:04.729;enp0s25;2644;396203
1337;20:17:05.736;enp0s25;13152;402334
1338;20:17:06.742;enp0s25;10864;300804
1339;20:17:07.749;enp0s25;19978;1066885
1340;20:17:08.756;enp0s25;22136;903446
1341;20:17:09.763;enp0s25;9986;320530
1342;20:17:10.772;enp0s25;23540;1563174
1343;20:17:11.782;enp0s25;2610;63492
1344;20:17:12.789;enp0s25;24310;1163307
1345;20:17:13.797;enp0s25;31928;1629062
1346;20:17:14.805;enp0s25;49888;2386179
1347;20:17:15.821;enp0s25;21414;1266575
1348;20:17:16.830;enp0s25;6848;225396
1349;20:17:17.837;enp0s25;92929;1827847
1350;20:17:18.844;enp0s25;31340;507223
1351;20:17:19.853;enp0s25;22049;240107
1352;20:17:20.861;enp0s25;86143;1315541
1353;20:17:21.868;enp0s25;0;1214
1354;20:17:22.874;enp0s25;18771;416294
1355;20:17:23.881;enp0s25;85252;1892309
1356;20:17:24.888;enp0s25;25184;487391
1357;20:17:25.895;enp0s25;92166;2018298
1358;20:17:26.902;enp0s25;41768;763761
1359;20:17:27.910;enp0s25;30440;634973
1360;20:17:28.925;enp0s25;29180;436179
1361;20:17:29.933;enp0s25;45227;983850
1362;20:17:30.940;enp0s25;7132;7027
1363;20:17:31.947;enp0s25;143019;2419606
1364;20:17:32.954;enp0s25;66185;1616568
1365;20:17:33.960;enp0s25;0;64
1366;20:17:34.967;enp0s25;0;0
1367;20:17:35.974;enp0s25;1984;1088
1368;20:17:36.981;enp0s25;0;0
1369;20:17:37.987;enp0s25;0;64
1370;20:17:38.994;enp0s25;0;0
1371;20:17:40.000;enp0s25;0;64
1372;20:17:41.007;enp0s25;0;0
1373;20:17:42.015;enp0s25;0;64
1374;20:17:43.021;enp0s25;0;0
1375;20:17:44.028;enp0s25;0;64
1376;20:17:45.034;enp0s25;0;172
1377;20:17:46.041;enp0s25;0;64
1378;20:17:47.048;enp0s25;64;64
1379;20:17:48.054;enp0s25;0;64
1380;20:17:49.061;enp0s25;0;0
1381;20:17:50.068;enp0s25;0;150
1382;20:17:51.075;enp0s25;0;0
1383;20:17:52.082;enp0s25;0;64
1384;20:17:53.089;enp0s25;1592;3382
Build Completed
