ID; Time; Network interface; TBPS; RBPS
1;16:39:06.817;enp0s25;0;0
2;16:39:07.830;enp0s25;0;64
3;16:39:08.837;enp0s25;4161;9128
4;16:39:09.851;enp0s25;56978;1801947
5;16:39:10.865;enp0s25;1323;11539
6;16:39:11.874;enp0s25;15175;446914
7;16:39:12.885;enp0s25;110198;5472390
8;16:39:13.895;enp0s25;116180;5460310
9;16:39:14.902;enp0s25;88470;4818132
10;16:39:15.911;enp0s25;93760;4860700
11;16:39:16.925;enp0s25;90658;4522122
12;16:39:17.938;enp0s25;100316;4478164
13;16:39:18.946;enp0s25;103230;4819650
14;16:39:19.955;enp0s25;83754;3851230
15;16:39:20.969;enp0s25;81350;3705438
16;16:39:21.986;enp0s25;37602;1698348
17;16:39:22.995;enp0s25;64;64
18;16:39:24.002;enp0s25;0;64
19;16:39:25.009;enp0s25;0;1466
20;16:39:26.016;enp0s25;0;64
21;16:39:27.023;enp0s25;0;0
22;16:39:28.030;enp0s25;0;64
23;16:39:29.036;enp0s25;0;0
24;16:39:30.043;enp0s25;0;924
25;16:39:31.049;enp0s25;0;372
26;16:39:32.056;enp0s25;0;64
27;16:39:33.063;enp0s25;0;372
28;16:39:34.075;enp0s25;64;128
29;16:39:35.085;enp0s25;0;0
30;16:39:36.097;enp0s25;0;64
31;16:39:37.105;enp0s25;0;708
32;16:39:38.115;enp0s25;0;1530
33;16:39:39.122;enp0s25;0;0
34;16:39:40.128;enp0s25;494;307
35;16:39:41.143;enp0s25;350;4011
36;16:39:42.151;enp0s25;0;64
37;16:39:43.158;enp0s25;0;0
38;16:39:44.167;enp0s25;883;680
39;16:39:45.183;enp0s25;22583;567809
40;16:39:46.194;enp0s25;104826;3975030
41;16:39:47.202;enp0s25;104604;4048786
42;16:39:48.216;enp0s25;122654;4936600
43;16:39:49.227;enp0s25;116584;4475166
44;16:39:50.241;enp0s25;99796;4115450
45;16:39:51.253;enp0s25;83440;4142832
46;16:39:52.264;enp0s25;75756;4063960
47;16:39:53.272;enp0s25;85356;3791964
48;16:39:54.280;enp0s25;65735;2554091
49;16:39:55.289;enp0s25;77484;3156398
50;16:39:56.301;enp0s25;76232;2723934
51;16:39:57.311;enp0s25;76252;3052762
52;16:39:58.323;enp0s25;77444;3057062
53;16:39:59.334;enp0s25;69302;2736938
54;16:40:00.342;enp0s25;42884;1545454
55;16:40:01.352;enp0s25;71736;2642534
56;16:40:02.367;enp0s25;55899;2547204
57;16:40:03.377;enp0s25;66827;2706606
58;16:40:04.385;enp0s25;64213;2434057
59;16:40:05.395;enp0s25;72134;2747644
60;16:40:06.409;enp0s25;74880;2910070
61;16:40:07.420;enp0s25;70702;2969272
62;16:40:08.429;enp0s25;70910;2856876
63;16:40:09.445;enp0s25;68343;2326141
64;16:40:10.460;enp0s25;43212;1566576
65;16:40:11.472;enp0s25;51011;2055736
66;16:40:12.481;enp0s25;7498;70663
67;16:40:13.497;enp0s25;18473;378621
68;16:40:14.509;enp0s25;34715;991166
69;16:40:15.521;enp0s25;33474;945221
70;16:40:16.530;enp0s25;13820;217980
71;16:40:17.543;enp0s25;38597;1017859
72;16:40:18.559;enp0s25;75066;3284952
73;16:40:19.574;enp0s25;37880;1377169
74;16:40:20.585;enp0s25;0;0
75;16:40:21.593;enp0s25;0;64
76;16:40:22.599;enp0s25;0;0
77;16:40:23.607;enp0s25;0;64
78;16:40:24.615;enp0s25;0;2262
79;16:40:25.622;enp0s25;0;2818
80;16:40:26.629;enp0s25;0;760
81;16:40:27.635;enp0s25;0;1214
82;16:40:28.642;enp0s25;64;1980
83;16:40:29.649;enp0s25;0;64
84;16:40:30.656;enp0s25;0;1150
85;16:40:31.663;enp0s25;0;64
86;16:40:32.674;enp0s25;0;0
87;16:40:33.685;enp0s25;0;64
88;16:40:34.693;enp0s25;0;0
89;16:40:35.702;enp0s25;0;155
90;16:40:36.709;enp0s25;0;394
91;16:40:37.716;enp0s25;4507;91819
92;16:40:38.722;enp0s25;63412;1171943
93;16:40:39.738;enp0s25;45922;1496876
94;16:40:40.754;enp0s25;46742;1383580
95;16:40:41.766;enp0s25;1558;24460
96;16:40:42.775;enp0s25;0;0
97;16:40:43.783;enp0s25;0;64
98;16:40:44.790;enp0s25;0;0
99;16:40:45.799;enp0s25;0;64
100;16:40:46.807;enp0s25;0;0
101;16:40:47.814;enp0s25;0;64
102;16:40:48.821;enp0s25;7097;124086
103;16:40:49.833;enp0s25;17060;614558
104;16:40:50.842;enp0s25;10762;349350
105;16:40:51.853;enp0s25;8316;248032
106;16:40:52.862;enp0s25;7924;186549
107;16:40:53.871;enp0s25;9770;264912
108;16:40:54.888;enp0s25;6944;222677
109;16:40:55.902;enp0s25;4226;102688
110;16:40:56.910;enp0s25;7834;278885
111;16:40:57.926;enp0s25;7344;280318
112;16:40:58.941;enp0s25;2688;104483
113;16:40:59.957;enp0s25;9452;327303
114;16:41:00.967;enp0s25;11412;442706
115;16:41:01.982;enp0s25;10536;329071
116;16:41:02.996;enp0s25;10156;315164
117;16:41:04.012;enp0s25;8532;259359
118;16:41:05.026;enp0s25;14056;520331
119;16:41:06.035;enp0s25;12922;470864
120;16:41:07.047;enp0s25;13958;519067
121;16:41:08.055;enp0s25;12298;436822
122;16:41:09.065;enp0s25;1408;67459
123;16:41:10.079;enp0s25;12026;400148
124;16:41:11.088;enp0s25;15244;631770
125;16:41:12.107;enp0s25;14848;573179
126;16:41:13.118;enp0s25;10816;358115
127;16:41:14.132;enp0s25;10042;287473
128;16:41:15.143;enp0s25;14924;557359
129;16:41:16.154;enp0s25;2176;38001
130;16:41:17.168;enp0s25;13700;564749
131;16:41:18.183;enp0s25;17620;721530
132;16:41:19.195;enp0s25;20432;857102
133;16:41:20.204;enp0s25;29874;1338138
134;16:41:21.213;enp0s25;9720;303887
135;16:41:22.224;enp0s25;9020;248173
136;16:41:23.238;enp0s25;38768;1748232
137;16:41:24.247;enp0s25;19742;824822
138;16:41:25.263;enp0s25;0;0
139;16:41:26.280;enp0s25;14406;526400
140;16:41:27.293;enp0s25;16888;644943
141;16:41:28.306;enp0s25;19502;776331
142;16:41:29.316;enp0s25;19910;733629
143;16:41:30.325;enp0s25;13748;372781
144;16:41:31.336;enp0s25;8174;135419
145;16:41:32.350;enp0s25;6144;165499
146;16:41:33.361;enp0s25;11536;311180
147;16:41:34.370;enp0s25;18386;684601
148;16:41:35.383;enp0s25;2900;93242
149;16:41:36.398;enp0s25;13546;459272
150;16:41:37.412;enp0s25;16082;513051
151;16:41:38.423;enp0s25;2826;51105
152;16:41:39.441;enp0s25;12810;417480
153;16:41:40.449;enp0s25;10864;223429
154;16:41:41.457;enp0s25;11680;407818
155;16:41:42.471;enp0s25;3154;107606
156;16:41:43.486;enp0s25;8288;220600
157;16:41:44.499;enp0s25;21528;908407
158;16:41:45.508;enp0s25;6854;217149
159;16:41:46.522;enp0s25;5516;127733
160;16:41:47.534;enp0s25;10298;268134
161;16:41:48.548;enp0s25;4782;106946
162;16:41:49.557;enp0s25;1712;66006
163;16:41:50.574;enp0s25;2844;74379
164;16:41:51.586;enp0s25;3666;88759
165;16:41:52.600;enp0s25;8356;236893
166;16:41:53.612;enp0s25;12552;441760
167;16:41:54.627;enp0s25;16280;685124
168;16:41:55.638;enp0s25;10988;308271
169;16:41:56.648;enp0s25;11184;403136
170;16:41:57.658;enp0s25;11588;363708
171;16:41:58.668;enp0s25;1346;23551
172;16:41:59.680;enp0s25;11244;364760
173;16:42:00.697;enp0s25;8860;182932
174;16:42:01.711;enp0s25;9390;271457
175;16:42:02.724;enp0s25;9678;283093
176;16:42:03.732;enp0s25;9424;317053
177;16:42:04.748;enp0s25;14784;703238
178;16:42:05.764;enp0s25;17920;855989
179;16:42:06.774;enp0s25;7720;218316
180;16:42:07.782;enp0s25;9622;281051
181;16:42:08.789;enp0s25;7964;209190
182;16:42:09.801;enp0s25;3342;94805
183;16:42:10.815;enp0s25;6866;159440
184;16:42:11.824;enp0s25;14852;641204
185;16:42:12.837;enp0s25;3666;110488
186;16:42:13.852;enp0s25;10046;222333
187;16:42:14.863;enp0s25;10376;295565
188;16:42:15.874;enp0s25;3522;60368
189;16:42:16.885;enp0s25;7904;182954
190;16:42:17.895;enp0s25;9060;237202
191;16:42:18.909;enp0s25;10680;378290
192;16:42:19.916;enp0s25;4076;109058
193;16:42:20.926;enp0s25;6640;103138
194;16:42:21.937;enp0s25;8816;248802
195;16:42:22.949;enp0s25;9064;158032
196;16:42:23.961;enp0s25;8170;152576
197;16:42:24.970;enp0s25;7154;123315
198;16:42:25.980;enp0s25;7352;238850
199;16:42:26.997;enp0s25;11212;398075
200;16:42:28.011;enp0s25;10196;334479
201;16:42:29.027;enp0s25;8272;214082
202;16:42:30.039;enp0s25;7778;173085
203;16:42:31.051;enp0s25;6562;124573
204;16:42:32.060;enp0s25;6656;102637
205;16:42:33.073;enp0s25;5918;83456
206;16:42:34.084;enp0s25;6450;155670
207;16:42:35.101;enp0s25;11582;440672
208;16:42:36.112;enp0s25;15102;675340
209;16:42:37.125;enp0s25;18060;670314
210;16:42:38.133;enp0s25;19572;756744
211;16:42:39.142;enp0s25;13816;590594
212;16:42:40.156;enp0s25;16194;627034
213;16:42:41.170;enp0s25;23702;947970
214;16:42:42.188;enp0s25;21454;760762
215;16:42:43.206;enp0s25;8406;265728
216;16:42:44.223;enp0s25;14350;638276
217;16:42:45.236;enp0s25;24220;1065240
218;16:42:46.244;enp0s25;21712;907727
219;16:42:47.255;enp0s25;15738;539234
220;16:42:48.270;enp0s25;4402;56639
221;16:42:49.284;enp0s25;6392;130982
222;16:42:50.295;enp0s25;1168;25258
223;16:42:51.311;enp0s25;1088;42972
224;16:42:52.329;enp0s25;2728;54509
225;16:42:53.344;enp0s25;5882;148711
226;16:42:54.355;enp0s25;5166;91570
227;16:42:55.366;enp0s25;3976;55898
228;16:42:56.379;enp0s25;5774;169337
229;16:42:57.395;enp0s25;11676;363762
230;16:42:58.402;enp0s25;9530;187139
231;16:42:59.413;enp0s25;12912;415741
232;16:43:00.428;enp0s25;3028;100786
233;16:43:01.435;enp0s25;10662;398051
234;16:43:02.445;enp0s25;3982;89798
235;16:43:03.458;enp0s25;5980;113301
236;16:43:04.468;enp0s25;6018;97326
237;16:43:05.479;enp0s25;2004;29652
238;16:43:06.496;enp0s25;5514;107779
239;16:43:07.513;enp0s25;5284;103394
240;16:43:08.524;enp0s25;1788;12988
241;16:43:09.539;enp0s25;2132;16780
242;16:43:10.555;enp0s25;3252;61818
243;16:43:11.570;enp0s25;7046;150883
244;16:43:12.583;enp0s25;8146;308250
245;16:43:13.594;enp0s25;7142;203480
246;16:43:14.602;enp0s25;6484;137810
247;16:43:15.612;enp0s25;7682;236190
248;16:43:16.625;enp0s25;8102;212808
249;16:43:17.635;enp0s25;14208;674056
250;16:43:18.651;enp0s25;19498;881395
251;16:43:19.666;enp0s25;24292;1107391
252;16:43:20.680;enp0s25;14812;660051
253;16:43:21.688;enp0s25;18574;853078
254;16:43:22.700;enp0s25;30464;1448172
255;16:43:23.713;enp0s25;4260;156937
256;16:43:24.724;enp0s25;30920;1237513
257;16:43:25.736;enp0s25;15800;408913
258;16:43:26.749;enp0s25;7428;143683
259;16:43:27.761;enp0s25;17580;527078
260;16:43:28.775;enp0s25;29072;1289974
261;16:43:29.788;enp0s25;10008;250476
262;16:43:30.797;enp0s25;3880;74552
263;16:43:31.812;enp0s25;7692;191786
264;16:43:32.825;enp0s25;9774;293155
265;16:43:33.839;enp0s25;6270;102243
266;16:43:34.850;enp0s25;3824;75045
267;16:43:35.859;enp0s25;8888;212894
268;16:43:36.874;enp0s25;15294;573717
269;16:43:37.886;enp0s25;10073;162347
270;16:43:38.894;enp0s25;25494;956818
271;16:43:39.902;enp0s25;7038;136789
272;16:43:40.912;enp0s25;75396;3470157
273;16:43:41.927;enp0s25;62166;2497264
274;16:43:42.944;enp0s25;9094;481052
275;16:43:43.959;enp0s25;3586;95670
276;16:43:44.969;enp0s25;3672;45278
277;16:43:45.978;enp0s25;1168;33193
278;16:43:46.992;enp0s25;5802;80198
279;16:43:48.001;enp0s25;11864;282497
280;16:43:49.014;enp0s25;17288;693441
281;16:43:50.021;enp0s25;31268;1438929
282;16:43:51.028;enp0s25;20740;898400
283;16:43:52.038;enp0s25;5184;111002
284;16:43:53.051;enp0s25;5260;120031
285;16:43:54.059;enp0s25;0;458
286;16:43:55.065;enp0s25;10233;4375
287;16:43:56.072;enp0s25;730;3541
288;16:43:57.079;enp0s25;0;0
289;16:43:58.085;enp0s25;64;128
290;16:43:59.097;enp0s25;0;0
291;16:44:00.104;enp0s25;0;64
292;16:44:01.111;enp0s25;0;0
293;16:44:02.118;enp0s25;0;64
294;16:44:03.125;enp0s25;0;0
295;16:44:04.132;enp0s25;0;64
296;16:44:05.138;enp0s25;0;1466
297;16:44:06.145;enp0s25;0;64
298;16:44:07.152;enp0s25;0;0
299;16:44:08.160;enp0s25;0;64
300;16:44:09.167;enp0s25;64;64
301;16:44:10.174;enp0s25;0;64
302;16:44:11.181;enp0s25;0;90
303;16:44:12.191;enp0s25;0;64
304;16:44:13.201;enp0s25;0;0
305;16:44:14.212;enp0s25;12310;7675
306;16:44:15.223;enp0s25;159788;2858255
307;16:44:16.230;enp0s25;166710;4646808
308;16:44:17.237;enp0s25;135526;4452367
309;16:44:18.245;enp0s25;96369;3049046
310;16:44:19.252;enp0s25;145375;2609653
311;16:44:20.259;enp0s25;58061;853261
312;16:44:21.266;enp0s25;70753;929864
313;16:44:22.273;enp0s25;52535;1004435
314;16:44:23.280;enp0s25;54969;909427
315;16:44:24.287;enp0s25;70028;1594447
316;16:44:25.295;enp0s25;55752;974219
317;16:44:26.302;enp0s25;61972;1147738
318;16:44:27.309;enp0s25;48764;1048682
319;16:44:28.316;enp0s25;67764;835939
320;16:44:29.323;enp0s25;39173;641854
321;16:44:30.331;enp0s25;61092;1243610
322;16:44:31.338;enp0s25;51677;1011880
323;16:44:32.345;enp0s25;47881;862175
324;16:44:33.352;enp0s25;58204;703939
325;16:44:34.359;enp0s25;36110;561766
326;16:44:35.367;enp0s25;23175;321025
327;16:44:36.374;enp0s25;32214;598445
328;16:44:37.381;enp0s25;62339;761519
329;16:44:38.388;enp0s25;43877;678112
330;16:44:39.395;enp0s25;36282;850351
331;16:44:40.402;enp0s25;56430;855843
332;16:44:41.409;enp0s25;44222;1107163
333;16:44:42.416;enp0s25;51803;850232
334;16:44:43.423;enp0s25;42467;634095
335;16:44:44.430;enp0s25;49881;773370
336;16:44:45.437;enp0s25;18054;231526
337;16:44:46.444;enp0s25;53400;404703
338;16:44:47.456;enp0s25;27852;218001
339;16:44:48.466;enp0s25;33460;312874
340;16:44:49.473;enp0s25;56827;466535
341;16:44:50.480;enp0s25;36254;425189
342;16:44:51.486;enp0s25;40922;595513
343;16:44:52.493;enp0s25;48823;1142825
344;16:44:53.500;enp0s25;64366;890856
345;16:44:54.507;enp0s25;49273;787785
346;16:44:55.514;enp0s25;31744;476268
347;16:44:56.520;enp0s25;3942;124059
348;16:44:57.527;enp0s25;1152;52432
349;16:44:58.534;enp0s25;0;0
350;16:44:59.540;enp0s25;0;64
351;16:45:00.547;enp0s25;0;0
352;16:45:01.557;enp0s25;0;64
353;16:45:02.564;enp0s25;4438;30244
354;16:45:03.572;enp0s25;26174;793296
355;16:45:04.581;enp0s25;65520;2196808
356;16:45:05.590;enp0s25;22074;681518
357;16:45:06.598;enp0s25;1920;960
358;16:45:07.607;enp0s25;15723;194345
359;16:45:08.620;enp0s25;76178;1550921
360;16:45:09.634;enp0s25;8954;187952
361;16:45:10.649;enp0s25;24178;420038
362;16:45:11.663;enp0s25;21025;219218
363;16:45:12.672;enp0s25;70697;1071372
364;16:45:13.679;enp0s25;8000;228752
365;16:45:14.686;enp0s25;3347;4247
366;16:45:15.700;enp0s25;26244;648888
367;16:45:16.710;enp0s25;125292;3421554
368;16:45:17.724;enp0s25;34454;658557
369;16:45:18.739;enp0s25;4816;59383
370;16:45:19.755;enp0s25;56114;951851
371;16:45:20.764;enp0s25;187828;3992133
372;16:45:21.774;enp0s25;19214;290058
373;16:45:22.787;enp0s25;54806;1886498
374;16:45:23.802;enp0s25;8686;119142
375;16:45:24.814;enp0s25;1152;21755
376;16:45:25.822;enp0s25;22080;308640
377;16:45:26.830;enp0s25;109564;1530387
378;16:45:27.838;enp0s25;56254;1022501
379;16:45:28.851;enp0s25;22464;634524
380;16:45:29.858;enp0s25;6030;95672
381;16:45:30.867;enp0s25;74695;1450999
382;16:45:31.881;enp0s25;41256;823475
383;16:45:32.889;enp0s25;89366;2271818
384;16:45:33.896;enp0s25;12986;390741
385;16:45:34.911;enp0s25;15768;274421
386;16:45:35.921;enp0s25;29130;549851
387;16:45:36.937;enp0s25;32362;626924
388;16:45:37.949;enp0s25;15120;201161
389;16:45:38.957;enp0s25;33050;744631
390;16:45:39.965;enp0s25;3520;137269
391;16:45:40.976;enp0s25;81169;918938
392;16:45:41.984;enp0s25;72378;1216673
393;16:45:42.991;enp0s25;54589;1346620
394;16:45:43.999;enp0s25;9792;273561
395;16:45:45.006;enp0s25;1920;960
396;16:45:46.013;enp0s25;1544;3792
397;16:45:47.025;enp0s25;0;0
398;16:45:48.034;enp0s25;64;1594
399;16:45:49.041;enp0s25;0;0
400;16:45:50.048;enp0s25;0;64
401;16:45:51.055;enp0s25;0;0
402;16:45:52.061;enp0s25;0;64
403;16:45:53.072;enp0s25;0;0
404;16:45:54.079;enp0s25;0;64
405;16:45:55.086;enp0s25;0;0
406;16:45:56.093;enp0s25;0;64
407;16:45:57.100;enp0s25;0;0
408;16:45:58.106;enp0s25;0;64
409;16:45:59.113;enp0s25;64;64
410;16:46:00.120;enp0s25;0;1530
411;16:46:01.127;enp0s25;0;0
412;16:46:02.134;enp0s25;0;64
413;16:46:03.141;enp0s25;0;0
414;16:46:04.147;enp0s25;0;64
415;16:46:05.154;enp0s25;0;0
416;16:46:06.161;enp0s25;0;64
417;16:46:07.168;enp0s25;0;0
418;16:46:08.174;enp0s25;0;64
419;16:46:09.181;enp0s25;0;0
420;16:46:10.188;enp0s25;64;128
421;16:46:11.195;enp0s25;0;0
422;16:46:12.202;enp0s25;0;64
423;16:46:13.208;enp0s25;0;1466
424;16:46:14.215;enp0s25;0;64
425;16:46:15.221;enp0s25;2683;25153
426;16:46:16.228;enp0s25;8777;196607
427;16:46:17.235;enp0s25;721;2696
428;16:46:18.242;enp0s25;23909;406661
429;16:46:19.249;enp0s25;2629;60674
430;16:46:20.256;enp0s25;12202;279629
431;16:46:21.262;enp0s25;64;64
432;16:46:22.269;enp0s25;0;64
433;16:46:23.276;enp0s25;0;0
434;16:46:24.283;enp0s25;0;64
435;16:46:25.290;enp0s25;0;0
436;16:46:26.297;enp0s25;0;64
437;16:46:27.304;enp0s25;0;0
438;16:46:28.310;enp0s25;0;64
439;16:46:29.317;enp0s25;140;235
440;16:46:30.324;enp0s25;8618;165189
441;16:46:31.331;enp0s25;80771;2800193
442;16:46:32.338;enp0s25;55573;1924891
443;16:46:33.345;enp0s25;17500;442757
444;16:46:34.354;enp0s25;0;0
445;16:46:35.361;enp0s25;0;64
446;16:46:36.368;enp0s25;0;0
447;16:46:37.375;enp0s25;0;64
448;16:46:38.382;enp0s25;0;0
449;16:46:39.389;enp0s25;0;64
450;16:46:40.396;enp0s25;0;3226
451;16:46:41.403;enp0s25;0;2614
452;16:46:42.410;enp0s25;0;0
453;16:46:43.416;enp0s25;64;1278
454;16:46:44.423;enp0s25;1462;16382
455;16:46:45.431;enp0s25;40000;1355617
456;16:46:46.438;enp0s25;0;0
457;16:46:47.451;enp0s25;0;64
458;16:46:48.458;enp0s25;0;0
459;16:46:49.467;enp0s25;0;64
460;16:46:50.474;enp0s25;0;0
461;16:46:51.480;enp0s25;94206;3964708
462;16:46:52.488;enp0s25;47607;2427247
463;16:46:53.496;enp0s25;119;64
464;16:46:54.502;enp0s25;250;64
465;16:46:55.512;enp0s25;186;64
466;16:46:56.518;enp0s25;1554;15926
467;16:46:57.534;enp0s25;11324;309740
468;16:46:58.548;enp0s25;0;0
469;16:46:59.556;enp0s25;0;64
470;16:47:00.568;enp0s25;0;0
471;16:47:01.574;enp0s25;0;64
472;16:47:02.585;enp0s25;0;0
473;16:47:03.592;enp0s25;0;64
474;16:47:04.599;enp0s25;64;64
475;16:47:05.605;enp0s25;0;64
476;16:47:06.612;enp0s25;3290;10664
477;16:47:07.619;enp0s25;23520;336654
478;16:47:08.625;enp0s25;13779;230084
479;16:47:09.632;enp0s25;17505;501490
480;16:47:10.639;enp0s25;19850;211526
481;16:47:11.646;enp0s25;142018;3905230
482;16:47:12.654;enp0s25;121787;3873400
483;16:47:13.661;enp0s25;36615;847729
484;16:47:14.672;enp0s25;18128;588319
485;16:47:15.679;enp0s25;14675;317477
486;16:47:16.686;enp0s25;4615;9616
487;16:47:17.692;enp0s25;63428;1448866
488;16:47:18.701;enp0s25;13823;201782
489;16:47:19.709;enp0s25;2563;5543
490;16:47:20.717;enp0s25;7640;110742
491;16:47:21.728;enp0s25;16119;268031
492;16:47:22.737;enp0s25;25111;708298
493;16:47:23.747;enp0s25;29224;931938
494;16:47:24.754;enp0s25;78490;3001760
495;16:47:25.763;enp0s25;93800;3799057
496;16:47:26.775;enp0s25;22764;711556
497;16:47:27.783;enp0s25;123289;4854421
498;16:47:28.792;enp0s25;6036;122363
499;16:47:29.799;enp0s25;9236;261359
500;16:47:30.806;enp0s25;0;0
501;16:47:31.813;enp0s25;0;64
502;16:47:32.820;enp0s25;0;0
503;16:47:33.827;enp0s25;0;64
504;16:47:34.833;enp0s25;0;0
505;16:47:35.843;enp0s25;0;64
506;16:47:36.850;enp0s25;0;0
507;16:47:37.861;enp0s25;484;603
508;16:47:38.872;enp0s25;0;0
509;16:47:39.883;enp0s25;0;64
510;16:47:40.890;enp0s25;318;329
511;16:47:41.900;enp0s25;21133;471902
512;16:47:42.907;enp0s25;42831;1351449
513;16:47:43.913;enp0s25;368;591
514;16:47:44.922;enp0s25;104981;4825651
515;16:47:45.931;enp0s25;154408;7166542
516;16:47:46.940;enp0s25;151690;7164960
517;16:47:47.947;enp0s25;148490;7165094
518;16:47:48.955;enp0s25;152104;7166614
519;16:47:49.964;enp0s25;151620;7140728
520;16:47:50.971;enp0s25;74130;3600022
521;16:47:51.979;enp0s25;0;1714
522;16:47:52.988;enp0s25;0;370
523;16:47:53.995;enp0s25;0;1296
524;16:47:55.003;enp0s25;0;0
525;16:47:56.009;enp0s25;0;64
526;16:47:57.016;enp0s25;0;0
527;16:47:58.023;enp0s25;0;64
528;16:47:59.030;enp0s25;0;0
529;16:48:00.037;enp0s25;64;128
530;16:48:01.044;enp0s25;0;0
531;16:48:02.051;enp0s25;0;64
532;16:48:03.060;enp0s25;0;0
533;16:48:04.076;enp0s25;0;64
534;16:48:05.085;enp0s25;0;0
535;16:48:06.092;enp0s25;0;64
536;16:48:07.099;enp0s25;0;0
537;16:48:08.106;enp0s25;0;64
538;16:48:09.113;enp0s25;844;4164
539;16:48:10.120;enp0s25;0;64
540;16:48:11.127;enp0s25;64;64
541;16:48:12.133;enp0s25;0;64
542;16:48:13.141;enp0s25;6202;148125
543;16:48:14.149;enp0s25;50951;1831393
544;16:48:15.157;enp0s25;144474;6048234
545;16:48:16.164;enp0s25;147388;6922144
546;16:48:17.171;enp0s25;151970;7145226
547;16:48:18.178;enp0s25;148810;7136182
548;16:48:19.186;enp0s25;151970;7137636
549;16:48:20.194;enp0s25;134219;6218473
550;16:48:21.201;enp0s25;151760;7145226
551;16:48:22.209;enp0s25;151964;7142318
552;16:48:23.217;enp0s25;129977;5966329
553;16:48:24.225;enp0s25;147140;7052692
554;16:48:25.234;enp0s25;143265;6641751
555;16:48:26.242;enp0s25;97207;4359068
556;16:48:27.250;enp0s25;22615;477520
557;16:48:28.262;enp0s25;57813;1874794
558;16:48:29.276;enp0s25;31503;853035
559;16:48:30.287;enp0s25;130634;5046561
560;16:48:31.295;enp0s25;134;134
561;16:48:32.303;enp0s25;0;64
562;16:48:33.311;enp0s25;64;128
563;16:48:34.319;enp0s25;0;0
564;16:48:35.326;enp0s25;0;64
565;16:48:36.333;enp0s25;0;0
566;16:48:37.340;enp0s25;0;64
567;16:48:38.348;enp0s25;0;0
568;16:48:39.355;enp0s25;0;64
569;16:48:40.363;enp0s25;0;0
570;16:48:41.373;enp0s25;0;64
571;16:48:42.380;enp0s25;0;0
572;16:48:43.388;enp0s25;0;64
573;16:48:44.395;enp0s25;64;64
574;16:48:45.403;enp0s25;0;64
575;16:48:46.409;enp0s25;0;0
576;16:48:47.416;enp0s25;0;64
577;16:48:48.423;enp0s25;368;527
578;16:48:49.430;enp0s25;126469;4202333
579;16:48:50.438;enp0s25;0;0
580;16:48:51.449;enp0s25;0;64
581;16:48:52.456;enp0s25;0;0
582;16:48:53.463;enp0s25;0;64
583;16:48:54.470;enp0s25;0;0
584;16:48:55.476;enp0s25;64;128
585;16:48:56.483;enp0s25;93;285
586;16:48:57.490;enp0s25;19475;738429
587;16:48:58.503;enp0s25;0;0
588;16:48:59.514;enp0s25;22320;863337
589;16:49:00.522;enp0s25;24072;868312
590;16:49:01.531;enp0s25;9870;420647
591;16:49:02.541;enp0s25;13058;484386
592;16:49:03.556;enp0s25;1858;70386
593;16:49:04.565;enp0s25;3978;144530
594;16:49:05.579;enp0s25;9104;296455
595;16:49:06.588;enp0s25;25154;859896
596;16:49:07.595;enp0s25;24682;970453
597;16:49:08.603;enp0s25;27846;1006152
598;16:49:09.614;enp0s25;35530;1476642
599;16:49:10.625;enp0s25;2638;67169
600;16:49:11.638;enp0s25;17004;544659
601;16:49:12.650;enp0s25;13644;457415
602;16:49:13.659;enp0s25;33898;1474659
603;16:49:14.671;enp0s25;47800;2234438
604;16:49:15.681;enp0s25;2716;70807
605;16:49:16.693;enp0s25;64;64
606;16:49:17.703;enp0s25;6344;120466
607;16:49:18.715;enp0s25;56832;2635769
608;16:49:19.724;enp0s25;29850;1175491
609;16:49:20.732;enp0s25;25254;1000593
610;16:49:21.738;enp0s25;25270;959450
611;16:49:22.747;enp0s25;772;16894
612;16:49:23.763;enp0s25;7272;131325
613;16:49:24.770;enp0s25;12752;325069
614;16:49:25.782;enp0s25;7688;196212
615;16:49:26.793;enp0s25;19694;776482
616;16:49:27.803;enp0s25;4148;100088
617;16:49:28.821;enp0s25;16114;636266
618;16:49:29.829;enp0s25;15792;402805
619;16:49:30.839;enp0s25;2120;38917
620;16:49:31.852;enp0s25;17838;544994
621;16:49:32.862;enp0s25;5324;170026
622;16:49:33.877;enp0s25;12380;388450
623;16:49:34.891;enp0s25;3722;112443
624;16:49:35.903;enp0s25;30844;1198427
625;16:49:36.912;enp0s25;14846;415494
626;16:49:37.924;enp0s25;18018;504550
627;16:49:38.933;enp0s25;31658;1190096
628;16:49:39.947;enp0s25;19588;694261
629;16:49:40.961;enp0s25;21818;728800
630;16:49:41.973;enp0s25;15730;382700
631;16:49:42.985;enp0s25;32020;1224279
632;16:49:43.995;enp0s25;34936;1462065
633;16:49:45.005;enp0s25;17722;447511
634;16:49:46.015;enp0s25;23476;865991
635;16:49:47.030;enp0s25;4520;133804
636;16:49:48.045;enp0s25;15718;383180
637;16:49:49.058;enp0s25;18344;528134
638;16:49:50.067;enp0s25;7362;278700
639;16:49:51.075;enp0s25;11284;218911
640;16:49:52.089;enp0s25;518;2195
641;16:49:53.100;enp0s25;10986;300726
642;16:49:54.114;enp0s25;7722;139451
643;16:49:55.121;enp0s25;8030;148545
644;16:49:56.133;enp0s25;22644;748752
645;16:49:57.145;enp0s25;18870;563775
646;16:49:58.153;enp0s25;4422;81000
647;16:49:59.165;enp0s25;10842;194684
648;16:50:00.178;enp0s25;3380;45863
649;16:50:01.191;enp0s25;11780;244309
650;16:50:02.198;enp0s25;39854;1766240
651;16:50:03.208;enp0s25;18100;742924
652;16:50:04.222;enp0s25;2562;107340
653;16:50:05.232;enp0s25;50696;2443559
654;16:50:06.240;enp0s25;39838;1856710
655;16:50:07.247;enp0s25;44972;1998946
656;16:50:08.256;enp0s25;6784;107928
657;16:50:09.271;enp0s25;7076;189636
658;16:50:10.286;enp0s25;4094;111129
659;16:50:11.293;enp0s25;4574;96414
660;16:50:12.309;enp0s25;8148;166041
661;16:50:13.322;enp0s25;17702;476063
662;16:50:14.329;enp0s25;5046;136174
663;16:50:15.342;enp0s25;18378;641174
664;16:50:16.350;enp0s25;18132;490105
665;16:50:17.356;enp0s25;10948;204447
666;16:50:18.364;enp0s25;12504;234991
667;16:50:19.371;enp0s25;19846;652242
668;16:50:20.377;enp0s25;15600;392282
669;16:50:21.387;enp0s25;39256;1821736
670;16:50:22.396;enp0s25;35102;1727609
671;16:50:23.403;enp0s25;70108;3421557
672;16:50:24.417;enp0s25;976;25015
673;16:50:25.430;enp0s25;10310;325329
674;16:50:26.441;enp0s25;11682;333004
675;16:50:27.453;enp0s25;8964;168755
676;16:50:28.460;enp0s25;9338;389043
677;16:50:29.470;enp0s25;20284;997222
678;16:50:30.480;enp0s25;22972;765534
679;16:50:31.488;enp0s25;5434;156296
680;16:50:32.496;enp0s25;15378;399841
681;16:50:33.509;enp0s25;4484;82061
682;16:50:34.517;enp0s25;2590;33301
683;16:50:35.527;enp0s25;2592;36507
684;16:50:36.537;enp0s25;23976;850928
685;16:50:37.549;enp0s25;11880;254362
686;16:50:38.559;enp0s25;49592;2291131
687;16:50:39.568;enp0s25;101078;5080034
688;16:50:40.578;enp0s25;12560;219081
689;16:50:41.589;enp0s25;6294;159849
690;16:50:42.601;enp0s25;43742;2028966
691;16:50:43.608;enp0s25;30922;1220628
692;16:50:44.619;enp0s25;3514;61699
693;16:50:45.633;enp0s25;320;11462
694;16:50:46.641;enp0s25;10105;512
695;16:50:47.648;enp0s25;666;7724
696;16:50:48.655;enp0s25;0;0
697;16:50:49.663;enp0s25;0;64
698;16:50:50.670;enp0s25;0;0
699;16:50:51.681;enp0s25;0;64
700;16:50:52.688;enp0s25;0;0
701;16:50:53.695;enp0s25;0;64
702;16:50:54.702;enp0s25;0;0
703;16:50:55.709;enp0s25;0;64
704;16:50:56.716;enp0s25;64;64
705;16:50:57.723;enp0s25;0;64
706;16:50:58.730;enp0s25;0;0
707;16:50:59.737;enp0s25;0;64
708;16:51:00.744;enp0s25;0;0
709;16:51:01.751;enp0s25;0;64
710;16:51:02.758;enp0s25;0;0
711;16:51:03.765;enp0s25;0;64
712;16:51:04.771;enp0s25;0;0
713;16:51:05.778;enp0s25;0;64
714;16:51:06.784;enp0s25;141717;2576397
715;16:51:07.792;enp0s25;163359;7159731
716;16:51:08.799;enp0s25;83934;5446393
717;16:51:09.807;enp0s25;108444;2790047
718;16:51:10.814;enp0s25;46933;933631
719;16:51:11.821;enp0s25;108909;2348079
720;16:51:12.829;enp0s25;64734;1955141
721;16:51:13.836;enp0s25;61799;1269562
722;16:51:14.843;enp0s25;53610;508003
723;16:51:15.849;enp0s25;32922;366144
724;16:51:16.856;enp0s25;45708;521167
725;16:51:17.863;enp0s25;54314;578066
726;16:51:18.870;enp0s25;35818;566987
727;16:51:19.877;enp0s25;67695;1457836
728;16:51:20.884;enp0s25;45412;1047043
729;16:51:21.891;enp0s25;35065;595680
730;16:51:22.900;enp0s25;60497;977514
731;16:51:23.908;enp0s25;43224;713636
732;16:51:24.916;enp0s25;20709;291259
733;16:51:25.923;enp0s25;44426;747693
734;16:51:26.930;enp0s25;35210;1605032
735;16:51:27.937;enp0s25;18625;83998
736;16:51:28.944;enp0s25;23320;80389
737;16:51:29.951;enp0s25;17772;347738
738;16:51:30.958;enp0s25;36947;596686
739;16:51:31.965;enp0s25;96145;2358160
740;16:51:32.972;enp0s25;44215;695714
741;16:51:33.979;enp0s25;69162;840803
742;16:51:34.985;enp0s25;31231;262360
743;16:51:35.995;enp0s25;46098;408492
744;16:51:37.002;enp0s25;49762;396273
745;16:51:38.009;enp0s25;32186;277808
746;16:51:39.016;enp0s25;26457;425984
747;16:51:40.024;enp0s25;40007;424733
748;16:51:41.031;enp0s25;55087;1378648
749;16:51:42.038;enp0s25;59480;1029516
750;16:51:43.045;enp0s25;46548;749065
751;16:51:44.052;enp0s25;42979;479462
752;16:51:45.059;enp0s25;5696;153274
753;16:51:46.067;enp0s25;192;5091
754;16:51:47.074;enp0s25;0;0
755;16:51:48.080;enp0s25;0;64
756;16:51:49.087;enp0s25;0;0
757;16:51:50.094;enp0s25;0;64
758;16:51:51.101;enp0s25;64;64
759;16:51:52.108;enp0s25;1153;3339
760;16:51:53.119;enp0s25;104137;2928704
761;16:51:54.134;enp0s25;17812;721591
762;16:51:55.142;enp0s25;1920;960
763;16:51:56.149;enp0s25;46502;927358
764;16:51:57.163;enp0s25;52076;1003421
765;16:51:58.177;enp0s25;19084;342720
766;16:51:59.188;enp0s25;24967;267143
767;16:52:00.203;enp0s25;53374;508616
768;16:52:01.211;enp0s25;30673;795305
769;16:52:02.223;enp0s25;1984;1088
770;16:52:03.230;enp0s25;4313;120350
771;16:52:04.238;enp0s25;72406;2435286
772;16:52:05.249;enp0s25;30920;761899
773;16:52:06.259;enp0s25;68886;1463963
774;16:52:07.266;enp0s25;123740;2935747
775;16:52:08.282;enp0s25;123332;3733753
776;16:52:09.293;enp0s25;18338;548739
777;16:52:10.301;enp0s25;21376;300759
778;16:52:11.308;enp0s25;146626;2845211
779;16:52:12.314;enp0s25;4032;434589
780;16:52:13.321;enp0s25;64;128
781;16:52:14.331;enp0s25;17097;415932
782;16:52:15.338;enp0s25;79460;1752533
783;16:52:16.352;enp0s25;61824;1438452
784;16:52:17.370;enp0s25;38292;1348441
785;16:52:18.383;enp0s25;11222;251427
786;16:52:19.393;enp0s25;11396;191730
787;16:52:20.400;enp0s25;11086;209105
788;16:52:21.412;enp0s25;7386;200570
789;16:52:22.426;enp0s25;38304;774073
790;16:52:23.442;enp0s25;45604;972963
791;16:52:24.452;enp0s25;64;64
792;16:52:25.459;enp0s25;90100;1312666
793;16:52:26.466;enp0s25;110967;2409814
794;16:52:27.473;enp0s25;1856;48855
795;16:52:28.479;enp0s25;0;0
796;16:52:29.486;enp0s25;1920;1024
797;16:52:30.493;enp0s25;1614;3404
798;16:52:31.502;enp0s25;0;64
799;16:52:32.508;enp0s25;0;0
800;16:52:33.515;enp0s25;0;64
801;16:52:34.522;enp0s25;0;0
802;16:52:35.528;enp0s25;64;128
803;16:52:36.535;enp0s25;0;0
804;16:52:37.542;enp0s25;0;64
805;16:52:38.548;enp0s25;0;0
806;16:52:39.555;enp0s25;0;64
807;16:52:40.561;enp0s25;0;0
808;16:52:41.568;enp0s25;0;64
809;16:52:42.574;enp0s25;0;0
810;16:52:43.581;enp0s25;0;64
811;16:52:44.588;enp0s25;0;0
812;16:52:45.594;enp0s25;0;64
813;16:52:46.601;enp0s25;64;64
814;16:52:47.608;enp0s25;0;64
815;16:52:48.614;enp0s25;0;0
816;16:52:49.625;enp0s25;0;64
817;16:52:50.631;enp0s25;0;0
818;16:52:51.638;enp0s25;0;400
819;16:52:52.645;enp0s25;0;0
820;16:52:53.651;enp0s25;0;64
821;16:52:54.658;enp0s25;0;0
822;16:52:55.664;enp0s25;0;64
823;16:52:56.671;enp0s25;0;0
824;16:52:57.678;enp0s25;64;128
825;16:52:58.684;enp0s25;0;0
826;16:52:59.691;enp0s25;8252;181140
827;16:53:00.698;enp0s25;3267;37607
828;16:53:01.705;enp0s25;20207;333419
829;16:53:02.712;enp0s25;7526;157090
830;16:53:03.719;enp0s25;11015;259113
831;16:53:04.727;enp0s25;0;0
832;16:53:05.734;enp0s25;0;64
833;16:53:06.741;enp0s25;0;0
834;16:53:07.748;enp0s25;0;64
835;16:53:08.755;enp0s25;64;64
836;16:53:09.762;enp0s25;0;64
837;16:53:10.772;enp0s25;0;0
838;16:53:11.781;enp0s25;0;64
839;16:53:12.789;enp0s25;140;171
840;16:53:13.796;enp0s25;33297;866945
841;16:53:14.803;enp0s25;59647;2152398
842;16:53:15.810;enp0s25;64624;2191228
843;16:53:16.817;enp0s25;5320;128467
844;16:53:17.824;enp0s25;0;64
845;16:53:18.830;enp0s25;0;0
846;16:53:19.837;enp0s25;64;128
847;16:53:20.844;enp0s25;0;0
848;16:53:21.851;enp0s25;0;64
849;16:53:23.026;enp0s25;0;0
850;16:53:24.033;enp0s25;0;64
851;16:53:25.040;enp0s25;0;0
852;16:53:26.047;enp0s25;0;64
853;16:53:27.053;enp0s25;0;0
854;16:53:28.060;enp0s25;41398;1370399
855;16:53:29.067;enp0s25;0;0
856;16:53:30.074;enp0s25;64;128
857;16:53:31.080;enp0s25;0;0
858;16:53:32.087;enp0s25;0;64
859;16:53:33.094;enp0s25;0;0
860;16:53:34.101;enp0s25;0;64
861;16:53:35.108;enp0s25;38846;1192382
862;16:53:36.115;enp0s25;97790;5205251
863;16:53:37.122;enp0s25;0;0
864;16:53:38.132;enp0s25;0;64
865;16:53:39.139;enp0s25;0;0
866;16:53:40.145;enp0s25;2540;46350
867;16:53:41.161;enp0s25;10675;279380
868;16:53:42.169;enp0s25;0;64
869;16:53:43.175;enp0s25;0;0
870;16:53:44.182;enp0s25;0;64
871;16:53:45.189;enp0s25;0;0
872;16:53:46.196;enp0s25;0;64
873;16:53:47.202;enp0s25;0;0
874;16:53:48.209;enp0s25;2400;7061
875;16:53:49.216;enp0s25;19291;272975
876;16:53:50.223;enp0s25;18058;297430
877;16:53:51.230;enp0s25;18415;501426
878;16:53:52.238;enp0s25;14515;172867
879;16:53:53.245;enp0s25;127729;2793630
880;16:53:54.252;enp0s25;118729;3689842
881;16:53:55.260;enp0s25;44320;1255070
882;16:53:56.268;enp0s25;55201;1466805
883;16:53:57.276;enp0s25;15149;325100
884;16:53:58.282;enp0s25;2018;4187
885;16:53:59.289;enp0s25;59811;1400923
886;16:54:00.297;enp0s25;18975;250970
887;16:54:01.305;enp0s25;2563;5479
888;16:54:02.312;enp0s25;3536;51742
889;16:54:03.321;enp0s25;13576;178050
890;16:54:04.334;enp0s25;27417;734781
891;16:54:05.342;enp0s25;37829;1144135
892;16:54:06.349;enp0s25;30540;1031018
893;16:54:07.357;enp0s25;141400;5762438
894;16:54:08.365;enp0s25;8010;164525
895;16:54:09.373;enp0s25;126442;5033081
896;16:54:10.380;enp0s25;17682;508715
897;16:54:11.387;enp0s25;10107;264993
898;16:54:12.393;enp0s25;0;0
899;16:54:13.400;enp0s25;0;64
900;16:54:14.406;enp0s25;64;64
901;16:54:15.413;enp0s25;0;64
902;16:54:16.420;enp0s25;0;394
903;16:54:17.426;enp0s25;0;64
904;16:54:18.433;enp0s25;0;0
905;16:54:19.440;enp0s25;140;64
906;16:54:20.447;enp0s25;280;475
907;16:54:21.454;enp0s25;0;64
908;16:54:22.461;enp0s25;0;0
909;16:54:23.468;enp0s25;2134;4005
910;16:54:24.481;enp0s25;58605;1713332
911;16:54:25.489;enp0s25;4675;70300
912;16:54:26.496;enp0s25;3470;23156
913;16:54:27.507;enp0s25;122181;5757908
914;16:54:28.515;enp0s25;151970;7160406
915;16:54:29.522;enp0s25;151830;7161988
916;16:54:30.529;enp0s25;148560;7166548
917;16:54:31.537;enp0s25;151200;7108858
918;16:54:32.544;enp0s25;152390;7163442
919;16:54:33.553;enp0s25;55510;2694156
920;16:54:34.561;enp0s25;0;0
921;16:54:35.568;enp0s25;0;64
922;16:54:36.575;enp0s25;64;64
923;16:54:37.585;enp0s25;0;64
924;16:54:38.591;enp0s25;0;0
925;16:54:39.598;enp0s25;0;64
926;16:54:40.604;enp0s25;0;0
927;16:54:41.612;enp0s25;0;64
928;16:54:42.618;enp0s25;0;0
929;16:54:43.625;enp0s25;0;64
930;16:54:44.631;enp0s25;0;0
931;16:54:45.643;enp0s25;0;64
932;16:54:46.655;enp0s25;0;0
933;16:54:47.664;enp0s25;64;128
934;16:54:48.675;enp0s25;0;0
935;16:54:49.682;enp0s25;0;64
936;16:54:50.689;enp0s25;0;0
937;16:54:51.696;enp0s25;844;4228
938;16:54:52.703;enp0s25;0;0
939;16:54:53.710;enp0s25;0;64
940;16:54:54.717;enp0s25;0;0
941;16:54:55.724;enp0s25;19326;432213
942;16:54:56.774;enp0s25;145426;7133162
943;16:54:57.782;enp0s25;150780;7076980
944;16:54:58.789;enp0s25;152314;7165024
945;16:54:59.797;enp0s25;148950;7165024
946;16:55:00.806;enp0s25;152040;7187730
947;16:55:01.823;enp0s25;147239;6836331
948;16:55:02.838;enp0s25;152320;7164960
949;16:55:03.846;enp0s25;148719;7169578
950;16:55:04.854;enp0s25;154788;6969447
951;16:55:05.862;enp0s25;129430;6093316
952;16:55:06.874;enp0s25;140605;6503112
953;16:55:07.881;enp0s25;102699;4152999
954;16:55:08.889;enp0s25;88072;2642052
955;16:55:09.900;enp0s25;103206;5241991
956;16:55:10.908;enp0s25;0;0
957;16:55:11.914;enp0s25;0;64
958;16:55:12.921;enp0s25;0;0
959;16:55:13.929;enp0s25;0;64
960;16:55:14.936;enp0s25;0;0
961;16:55:15.943;enp0s25;0;64
962;16:55:16.951;enp0s25;0;0
963;16:55:17.962;enp0s25;0;64
964;16:55:18.971;enp0s25;0;0
965;16:55:19.978;enp0s25;0;64
966;16:55:20.985;enp0s25;64;64
967;16:55:21.992;enp0s25;0;64
968;16:55:23.000;enp0s25;0;0
969;16:55:24.007;enp0s25;0;64
970;16:55:25.015;enp0s25;0;0
971;16:55:26.022;enp0s25;0;64
972;16:55:27.029;enp0s25;0;0
973;16:55:28.036;enp0s25;7131;146467
974;16:55:29.046;enp0s25;120712;4042731
975;16:55:30.054;enp0s25;0;64
976;16:55:31.067;enp0s25;64;64
977;16:55:32.075;enp0s25;0;64
978;16:55:33.082;enp0s25;0;0
979;16:55:34.089;enp0s25;0;64
980;16:55:35.095;enp0s25;0;0
981;16:55:36.102;enp0s25;3447;60593
982;16:55:37.109;enp0s25;11400;496974
983;16:55:38.116;enp0s25;5340;181947
984;16:55:39.126;enp0s25;0;0
985;16:55:40.141;enp0s25;15944;607195
986;16:55:41.152;enp0s25;14226;527466
987;16:55:42.162;enp0s25;28462;1115209
988;16:55:43.171;enp0s25;25692;921200
989;16:55:44.181;enp0s25;24770;861299
990;16:55:45.189;enp0s25;29050;1094811
991;16:55:46.200;enp0s25;25456;959240
992;16:55:47.209;enp0s25;29376;1244667
993;16:55:48.218;enp0s25;18814;661490
994;16:55:49.232;enp0s25;24448;888554
995;16:55:50.243;enp0s25;36534;1654574
996;16:55:51.251;enp0s25;44020;1928517
997;16:55:52.258;enp0s25;524;3470
998;16:55:53.268;enp0s25;44688;2004441
999;16:55:54.282;enp0s25;0;64
1000;16:55:55.297;enp0s25;19694;833126
1001;16:55:56.310;enp0s25;29054;1140057
1002;16:55:57.321;enp0s25;26220;1072198
1003;16:55:58.331;enp0s25;22390;825184
1004;16:55:59.348;enp0s25;772;16987
1005;16:56:00.364;enp0s25;6814;128729
1006;16:56:01.379;enp0s25;7112;173448
1007;16:56:02.390;enp0s25;12888;314273
1008;16:56:03.398;enp0s25;20784;812810
1009;16:56:04.409;enp0s25;3828;82728
1010;16:56:05.425;enp0s25;9198;377537
1011;16:56:06.442;enp0s25;7998;281699
1012;16:56:07.456;enp0s25;4958;178175
1013;16:56:08.466;enp0s25;11668;235941
1014;16:56:09.478;enp0s25;9974;453164
1015;16:56:10.490;enp0s25;18986;590599
1016;16:56:11.501;enp0s25;33534;1351943
1017;16:56:12.511;enp0s25;1170;10978
1018;16:56:13.524;enp0s25;12632;373238
1019;16:56:14.537;enp0s25;8006;232533
1020;16:56:15.551;enp0s25;4186;86378
1021;16:56:16.565;enp0s25;28916;1089167
1022;16:56:17.577;enp0s25;15464;568279
1023;16:56:18.592;enp0s25;9668;346878
1024;16:56:19.601;enp0s25;5816;182819
1025;16:56:20.614;enp0s25;14796;539391
1026;16:56:21.624;enp0s25;3422;76105
1027;16:56:22.634;enp0s25;4626;138015
1028;16:56:23.642;enp0s25;4370;71866
1029;16:56:24.658;enp0s25;12246;327764
1030;16:56:25.670;enp0s25;49788;2217213
1031;16:56:26.684;enp0s25;19360;547826
1032;16:56:27.693;enp0s25;12242;315086
1033;16:56:28.707;enp0s25;22446;830528
1034;16:56:29.715;enp0s25;5486;155381
1035;16:56:30.724;enp0s25;16038;379120
1036;16:56:31.736;enp0s25;19364;529381
1037;16:56:32.745;enp0s25;15516;432238
1038;16:56:33.755;enp0s25;11946;301151
1039;16:56:34.763;enp0s25;7594;145975
1040;16:56:35.772;enp0s25;12330;214398
1041;16:56:36.783;enp0s25;22134;723515
1042;16:56:37.793;enp0s25;4868;187198
1043;16:56:38.806;enp0s25;8724;274962
1044;16:56:39.816;enp0s25;4816;123103
1045;16:56:40.829;enp0s25;11910;207040
1046;16:56:41.839;enp0s25;12444;188085
1047;16:56:42.847;enp0s25;19244;692009
1048;16:56:43.860;enp0s25;20962;961825
1049;16:56:44.869;enp0s25;36846;1599771
1050;16:56:45.878;enp0s25;51480;2399838
1051;16:56:46.890;enp0s25;39632;1808344
1052;16:56:47.906;enp0s25;38224;1625060
1053;16:56:48.918;enp0s25;8288;152216
1054;16:56:49.934;enp0s25;8132;231468
1055;16:56:50.944;enp0s25;4066;91509
1056;16:56:51.951;enp0s25;2646;42145
1057;16:56:52.960;enp0s25;8590;206219
1058;16:56:53.975;enp0s25;13706;380652
1059;16:56:54.985;enp0s25;18982;579766
1060;16:56:55.993;enp0s25;6700;242808
1061;16:56:57.002;enp0s25;17686;485960
1062;16:56:58.013;enp0s25;4158;69312
1063;16:56:59.029;enp0s25;10520;200234
1064;16:57:00.041;enp0s25;12814;236826
1065;16:57:01.057;enp0s25;17400;582531
1066;16:57:02.072;enp0s25;5790;134435
1067;16:57:03.082;enp0s25;11292;284782
1068;16:57:04.095;enp0s25;29526;1463257
1069;16:57:05.105;enp0s25;7544;333155
1070;16:57:06.120;enp0s25;33154;1646979
1071;16:57:07.134;enp0s25;2780;100573
1072;16:57:08.148;enp0s25;62828;3365117
1073;16:57:09.158;enp0s25;15800;462157
1074;16:57:10.166;enp0s25;7372;204626
1075;16:57:11.178;enp0s25;3384;48180
1076;16:57:12.191;enp0s25;45362;2014143
1077;16:57:13.203;enp0s25;7110;169846
1078;16:57:14.215;enp0s25;2122;37894
1079;16:57:15.225;enp0s25;2518;55177
1080;16:57:16.237;enp0s25;16270;441795
1081;16:57:17.249;enp0s25;9220;176816
1082;16:57:18.266;enp0s25;1288;45503
1083;16:57:19.281;enp0s25;2590;39667
1084;16:57:20.293;enp0s25;868;21121
1085;16:57:21.304;enp0s25;8134;246719
1086;16:57:22.319;enp0s25;13800;533409
1087;16:57:23.334;enp0s25;4184;91117
1088;16:57:24.349;enp0s25;1032;29157
1089;16:57:25.360;enp0s25;3509;23304
1090;16:57:26.373;enp0s25;3984;59931
1091;16:57:27.390;enp0s25;22994;975802
1092;16:57:28.401;enp0s25;103780;5222135
1093;16:57:29.410;enp0s25;29784;1413652
1094;16:57:30.421;enp0s25;1110;8811
1095;16:57:31.433;enp0s25;2704;45408
1096;16:57:32.440;enp0s25;9156;182560
1097;16:57:33.455;enp0s25;3578;109202
1098;16:57:34.464;enp0s25;1524;29048
1099;16:57:35.472;enp0s25;714;14822
1100;16:57:36.485;enp0s25;5154;130230
1101;16:57:37.497;enp0s25;57112;2815060
1102;16:57:38.506;enp0s25;4420;129337
1103;16:57:39.516;enp0s25;3806;92086
1104;16:57:40.523;enp0s25;4410;103563
1105;16:57:41.530;enp0s25;0;64
1106;16:57:42.537;enp0s25;10169;4375
1107;16:57:43.543;enp0s25;666;3605
1108;16:57:44.550;enp0s25;0;0
1109;16:57:45.557;enp0s25;0;64
1110;16:57:46.563;enp0s25;0;0
1111;16:57:47.570;enp0s25;0;64
1112;16:57:48.577;enp0s25;0;0
1113;16:57:49.584;enp0s25;0;64
1114;16:57:50.590;enp0s25;0;0
1115;16:57:51.597;enp0s25;0;64
1116;16:57:52.604;enp0s25;0;0
1117;16:57:53.610;enp0s25;0;64
1118;16:57:54.617;enp0s25;64;64
1119;16:57:55.626;enp0s25;0;1018
1120;16:57:56.637;enp0s25;0;2464
1121;16:57:57.644;enp0s25;0;962
1122;16:57:58.651;enp0s25;0;1466
1123;16:57:59.658;enp0s25;0;450
1124;16:58:00.664;enp0s25;0;898
1125;16:58:01.671;enp0s25;59327;835103
1126;16:58:02.677;enp0s25;208865;6137272
1127;16:58:03.684;enp0s25;75944;7161151
1128;16:58:04.691;enp0s25;81369;1851500
1129;16:58:05.698;enp0s25;83048;2485646
1130;16:58:06.705;enp0s25;67425;838385
1131;16:58:07.712;enp0s25;114351;3097815
1132;16:58:08.718;enp0s25;56947;1341223
1133;16:58:09.728;enp0s25;52368;892831
1134;16:58:10.736;enp0s25;32884;346288
1135;16:58:11.743;enp0s25;59706;734417
1136;16:58:12.751;enp0s25;31558;287640
1137;16:58:13.757;enp0s25;40275;570423
1138;16:58:14.764;enp0s25;52342;664539
1139;16:58:15.771;enp0s25;59897;1898846
1140;16:58:16.777;enp0s25;48551;857251
1141;16:58:17.784;enp0s25;45548;700096
1142;16:58:18.790;enp0s25;33648;421164
1143;16:58:19.797;enp0s25;34389;761597
1144;16:58:20.804;enp0s25;28036;245339
1145;16:58:21.810;enp0s25;56636;2106267
1146;16:58:22.817;enp0s25;28353;317538
1147;16:58:23.824;enp0s25;27172;92117
1148;16:58:24.830;enp0s25;16266;56203
1149;16:58:25.837;enp0s25;50841;833228
1150;16:58:26.850;enp0s25;87678;2337167
1151;16:58:27.856;enp0s25;51877;732966
1152;16:58:28.863;enp0s25;62726;799427
1153;16:58:29.869;enp0s25;29094;249561
1154;16:58:30.876;enp0s25;37774;347533
1155;16:58:31.883;enp0s25;53319;439378
1156;16:58:32.890;enp0s25;35359;306510
1157;16:58:33.897;enp0s25;33981;294211
1158;16:58:34.904;enp0s25;55686;964770
1159;16:58:35.910;enp0s25;52112;1495328
1160;16:58:36.917;enp0s25;39856;639476
1161;16:58:37.924;enp0s25;41944;935752
1162;16:58:38.931;enp0s25;44376;344690
1163;16:58:39.937;enp0s25;3604;12765
1164;16:58:40.947;enp0s25;3328;94109
1165;16:58:41.954;enp0s25;0;64
1166;16:58:42.965;enp0s25;0;0
1167;16:58:43.972;enp0s25;0;64
1168;16:58:44.978;enp0s25;0;0
1169;16:58:45.985;enp0s25;0;64
1170;16:58:46.991;enp0s25;0;0
1171;16:58:47.998;enp0s25;3424;11434
1172;16:58:49.010;enp0s25;135358;3696004
1173;16:58:50.017;enp0s25;64;128
1174;16:58:51.024;enp0s25;7338;138234
1175;16:58:52.032;enp0s25;100336;1836475
1176;16:58:53.045;enp0s25;27000;510081
1177;16:58:54.053;enp0s25;33436;199939
1178;16:58:55.066;enp0s25;60349;1185150
1179;16:58:56.073;enp0s25;1920;1024
1180;16:58:57.080;enp0s25;1299;3223
1181;16:58:58.093;enp0s25;77468;2626466
1182;16:58:59.111;enp0s25;576;13767
1183;16:59:00.121;enp0s25;95202;2250650
1184;16:59:01.130;enp0s25;188450;5040638
1185;16:59:02.144;enp0s25;72070;2166010
1186;16:59:03.154;enp0s25;24790;362927
1187;16:59:04.161;enp0s25;90545;1823695
1188;16:59:05.168;enp0s25;74689;1463373
1189;16:59:06.175;enp0s25;1216;31739
1190;16:59:07.181;enp0s25;0;0
1191;16:59:08.188;enp0s25;24149;416860
1192;16:59:09.199;enp0s25;73128;1831452
1193;16:59:10.207;enp0s25;58752;1332641
1194;16:59:11.217;enp0s25;25952;995455
1195;16:59:12.226;enp0s25;14202;388661
1196;16:59:13.240;enp0s25;11734;205143
1197;16:59:14.252;enp0s25;9732;171628
1198;16:59:15.262;enp0s25;39218;853830
1199;16:59:16.271;enp0s25;26198;413204
1200;16:59:17.283;enp0s25;7786;101160
1201;16:59:18.299;enp0s25;40570;869144
1202;16:59:19.307;enp0s25;0;0
1203;16:59:20.315;enp0s25;81712;993117
1204;16:59:21.322;enp0s25;114725;2353836
1205;16:59:22.330;enp0s25;13440;378180
1206;16:59:23.337;enp0s25;0;64
1207;16:59:24.344;enp0s25;0;0
1208;16:59:25.350;enp0s25;3534;4428
1209;16:59:26.367;enp0s25;0;0
1210;16:59:27.375;enp0s25;0;64
1211;16:59:28.382;enp0s25;0;0
1212;16:59:29.388;enp0s25;0;64
1213;16:59:30.395;enp0s25;0;0
1214;16:59:31.402;enp0s25;0;64
1215;16:59:32.408;enp0s25;0;0
1216;16:59:33.415;enp0s25;64;128
1217;16:59:34.421;enp0s25;0;0
1218;16:59:35.428;enp0s25;0;64
1219;16:59:36.435;enp0s25;0;0
1220;16:59:37.441;enp0s25;0;64
1221;16:59:38.448;enp0s25;0;0
1222;16:59:39.455;enp0s25;0;64
1223;16:59:40.462;enp0s25;0;0
1224;16:59:41.468;enp0s25;0;64
1225;16:59:42.475;enp0s25;0;0
1226;16:59:43.482;enp0s25;0;64
1227;16:59:44.492;enp0s25;64;64
1228;16:59:45.501;enp0s25;0;64
1229;16:59:46.514;enp0s25;0;0
1230;16:59:47.522;enp0s25;0;64
1231;16:59:48.528;enp0s25;0;0
1232;16:59:49.535;enp0s25;0;64
1233;16:59:50.541;enp0s25;0;0
1234;16:59:51.548;enp0s25;0;64
1235;16:59:52.555;enp0s25;0;0
1236;16:59:53.562;enp0s25;0;64
1237;16:59:54.568;enp0s25;0;0
1238;16:59:55.575;enp0s25;326;400
1239;16:59:56.581;enp0s25;11210;224685
1240;16:59:57.588;enp0s25;720;2297
1241;16:59:58.595;enp0s25;25941;468048
1242;16:59:59.601;enp0s25;11763;279215
1243;17:00:00.609;enp0s25;414;414
1244;17:00:01.615;enp0s25;0;64
1245;17:00:02.622;enp0s25;0;0
1246;17:00:03.636;enp0s25;0;64
1247;17:00:04.644;enp0s25;0;0
1248;17:00:05.651;enp0s25;0;64
1249;17:00:06.658;enp0s25;64;2658
1250;17:00:07.665;enp0s25;0;2406
1251;17:00:08.672;enp0s25;140;931
1252;17:00:09.679;enp0s25;984;2135
1253;17:00:10.687;enp0s25;31596;885377
1254;17:00:11.694;enp0s25;56567;2087515
1255;17:00:12.701;enp0s25;50337;1906570
1256;17:00:13.708;enp0s25;16247;458297
1257;17:00:14.715;enp0s25;0;0
1258;17:00:15.722;enp0s25;0;64
1259;17:00:16.729;enp0s25;0;0
1260;17:00:17.736;enp0s25;64;128
1261;17:00:18.743;enp0s25;0;0
1262;17:00:19.749;enp0s25;0;434
1263;17:00:20.756;enp0s25;0;0
1264;17:00:21.817;enp0s25;0;64
1265;17:00:22.823;enp0s25;0;0
1266;17:00:23.830;enp0s25;0;64
1267;17:00:24.837;enp0s25;331;309
1268;17:00:25.844;enp0s25;40747;1370090
1269;17:00:26.851;enp0s25;0;0
1270;17:00:27.857;enp0s25;0;64
1271;17:00:28.865;enp0s25;64;64
1272;17:00:29.871;enp0s25;0;64
1273;17:00:30.878;enp0s25;26430;703586
1274;17:00:31.885;enp0s25;112896;5689493
1275;17:00:32.892;enp0s25;0;0
1276;17:00:33.899;enp0s25;0;64
1277;17:00:34.909;enp0s25;0;0
1278;17:00:35.917;enp0s25;472;662
1279;17:00:36.933;enp0s25;12189;325844
1280;17:00:37.941;enp0s25;70;134
1281;17:00:38.948;enp0s25;0;394
1282;17:00:39.955;enp0s25;64;128
1283;17:00:40.962;enp0s25;0;0
1284;17:00:41.969;enp0s25;0;64
1285;17:00:42.976;enp0s25;0;0
1286;17:00:43.982;enp0s25;0;64
1287;17:00:44.989;enp0s25;2330;6919
1288;17:00:45.995;enp0s25;18739;268356
1289;17:00:47.004;enp0s25;19554;301985
1290;17:00:48.012;enp0s25;17225;501420
1291;17:00:49.019;enp0s25;14941;172738
1292;17:00:50.026;enp0s25;147679;3391432
1293;17:00:51.033;enp0s25;129581;3714101
1294;17:00:52.040;enp0s25;48842;1451337
1295;17:00:53.050;enp0s25;19645;655592
1296;17:00:54.058;enp0s25;3651;34138
1297;17:00:55.064;enp0s25;13491;290959
1298;17:00:56.071;enp0s25;1940;4833
1299;17:00:57.078;enp0s25;55957;1360652
1300;17:00:58.084;enp0s25;18497;188595
1301;17:00:59.092;enp0s25;5110;106216
1302;17:01:00.102;enp0s25;2563;5542
1303;17:01:01.113;enp0s25;8370;114096
1304;17:01:02.122;enp0s25;23503;594894
1305;17:01:03.130;enp0s25;30364;760936
1306;17:01:04.142;enp0s25;29580;777498
1307;17:01:05.150;enp0s25;134481;5317533
1308;17:01:06.157;enp0s25;31430;1278189
1309;17:01:07.164;enp0s25;84090;3149945
1310;17:01:08.171;enp0s25;65641;2455257
1311;17:01:09.179;enp0s25;13840;356347
1312;17:01:10.187;enp0s25;0;962
1313;17:01:11.193;enp0s25;0;1718
1314;17:01:12.200;enp0s25;0;1230
1315;17:01:13.207;enp0s25;64;346
1316;17:01:14.213;enp0s25;0;346
1317;17:01:15.220;enp0s25;0;1214
1318;17:01:16.227;enp0s25;420;821
1319;17:01:17.234;enp0s25;0;0
