ID; Time; Network interface; TBPS; RBPS
1;18:29:06.572;enp0s25;64;64
2;18:29:07.583;enp0s25;0;64
3;18:29:08.590;enp0s25;4301;9234
4;18:29:09.606;enp0s25;61241;1800920
5;18:29:10.614;enp0s25;0;0
6;18:29:11.621;enp0s25;66241;2989462
7;18:29:12.633;enp0s25;156574;7166478
8;18:29:13.642;enp0s25;152810;7146808
9;18:29:14.654;enp0s25;145810;6838590
10;18:29:15.664;enp0s25;104024;5956766
11;18:29:16.674;enp0s25;132748;6143346
12;18:29:17.683;enp0s25;110430;6110078
13;18:29:18.692;enp0s25;37856;1786328
14;18:29:19.702;enp0s25;0;64
15;18:29:20.712;enp0s25;0;0
16;18:29:21.720;enp0s25;0;64
17;18:29:22.727;enp0s25;0;0
18;18:29:23.734;enp0s25;0;400
19;18:29:24.741;enp0s25;0;0
20;18:29:25.747;enp0s25;0;64
21;18:29:26.754;enp0s25;0;0
22;18:29:27.761;enp0s25;0;64
23;18:29:28.767;enp0s25;64;64
24;18:29:29.781;enp0s25;0;64
25;18:29:30.791;enp0s25;0;0
26;18:29:31.800;enp0s25;0;64
27;18:29:32.808;enp0s25;0;0
28;18:29:33.814;enp0s25;0;64
29;18:29:34.821;enp0s25;0;0
30;18:29:35.828;enp0s25;0;64
31;18:29:36.835;enp0s25;844;4164
32;18:29:37.842;enp0s25;0;64
33;18:29:38.850;enp0s25;0;0
34;18:29:39.857;enp0s25;64;128
35;18:29:40.867;enp0s25;6126;142053
36;18:29:41.879;enp0s25;58231;2109327
37;18:29:42.888;enp0s25;142780;6281694
38;18:29:43.898;enp0s25;141878;6624616
39;18:29:44.906;enp0s25;101536;5800348
40;18:29:45.914;enp0s25;152460;7163506
41;18:29:46.922;enp0s25;148950;7163442
42;18:29:47.930;enp0s25;135129;6261009
43;18:29:48.937;enp0s25;151760;7161924
44;18:29:49.944;enp0s25;137954;6686854
45;18:29:50.960;enp0s25;145245;6424262
46;18:29:51.970;enp0s25;107933;5023914
47;18:29:52.986;enp0s25;137200;6477306
48;18:29:53.995;enp0s25;145015;6701017
49;18:29:55.003;enp0s25;29003;925771
50;18:29:56.013;enp0s25;49046;1425097
51;18:29:57.022;enp0s25;30973;900453
52;18:29:58.035;enp0s25;83593;3527111
53;18:29:59.045;enp0s25;77034;2271097
54;18:30:00.054;enp0s25;0;64
55;18:30:01.061;enp0s25;0;0
56;18:30:02.068;enp0s25;64;1278
57;18:30:03.075;enp0s25;0;0
58;18:30:04.083;enp0s25;0;64
59;18:30:05.090;enp0s25;0;0
60;18:30:06.098;enp0s25;0;64
61;18:30:07.105;enp0s25;0;0
62;18:30:08.112;enp0s25;0;568
63;18:30:09.119;enp0s25;0;0
64;18:30:10.127;enp0s25;0;64
65;18:30:11.137;enp0s25;0;0
66;18:30:12.144;enp0s25;0;64
67;18:30:13.151;enp0s25;64;64
68;18:30:14.159;enp0s25;0;64
69;18:30:15.165;enp0s25;0;0
70;18:30:16.172;enp0s25;0;64
71;18:30:17.179;enp0s25;46471;1202476
72;18:30:18.186;enp0s25;72894;2963952
73;18:30:19.193;enp0s25;0;0
74;18:30:20.200;enp0s25;0;64
75;18:30:21.207;enp0s25;0;394
76;18:30:22.216;enp0s25;0;64
77;18:30:23.222;enp0s25;0;0
78;18:30:24.229;enp0s25;64;128
79;18:30:25.236;enp0s25;14655;557442
80;18:30:26.246;enp0s25;13578;494220
81;18:30:27.262;enp0s25;6066;227957
82;18:30:28.271;enp0s25;3482;134201
83;18:30:29.279;enp0s25;5414;189672
84;18:30:30.292;enp0s25;7226;269049
85;18:30:31.308;enp0s25;25072;1013791
86;18:30:32.317;enp0s25;23090;854443
87;18:30:33.330;enp0s25;4154;127736
88;18:30:34.341;enp0s25;7214;216408
89;18:30:35.354;enp0s25;29066;1064950
90;18:30:36.368;enp0s25;28470;1090806
91;18:30:37.380;enp0s25;26962;1001832
92;18:30:38.389;enp0s25;11010;500685
93;18:30:39.398;enp0s25;12562;545703
94;18:30:40.411;enp0s25;1402;23575
95;18:30:41.419;enp0s25;20140;753924
96;18:30:42.427;enp0s25;18560;668728
97;18:30:43.436;enp0s25;17812;779284
98;18:30:44.444;enp0s25;50002;2311213
99;18:30:45.450;enp0s25;10960;324548
100;18:30:46.464;enp0s25;0;0
101;18:30:47.478;enp0s25;4196;63635
102;18:30:48.488;enp0s25;39200;1925063
103;18:30:49.502;enp0s25;2660;87366
104;18:30:50.517;enp0s25;18054;784135
105;18:30:51.532;enp0s25;3160;143738
106;18:30:52.544;enp0s25;26818;1055799
107;18:30:53.557;enp0s25;30936;1248334
108;18:30:54.567;enp0s25;13362;448040
109;18:30:55.581;enp0s25;836;16958
110;18:30:56.595;enp0s25;13482;296739
111;18:30:57.608;enp0s25;15098;365525
112;18:30:58.614;enp0s25;18634;760717
113;18:30:59.631;enp0s25;13730;477065
114;18:31:00.643;enp0s25;18012;562673
115;18:31:01.656;enp0s25;20478;611123
116;18:31:02.665;enp0s25;18764;580914
117;18:31:03.680;enp0s25;33734;1369398
118;18:31:04.687;enp0s25;10258;345527
119;18:31:05.702;enp0s25;10272;318329
120;18:31:06.714;enp0s25;28600;1088933
121;18:31:07.725;enp0s25;26856;939599
122;18:31:08.735;enp0s25;23778;792938
123;18:31:09.743;enp0s25;16830;414555
124;18:31:10.751;enp0s25;15906;447632
125;18:31:11.761;enp0s25;48962;2201401
126;18:31:12.772;enp0s25;18440;514950
127;18:31:13.785;enp0s25;22048;851914
128;18:31:14.797;enp0s25;17860;497297
129;18:31:15.810;enp0s25;15474;372410
130;18:31:16.818;enp0s25;12180;370982
131;18:31:17.835;enp0s25;11800;299784
132;18:31:18.848;enp0s25;15224;368600
133;18:31:19.858;enp0s25;3798;72428
134;18:31:20.870;enp0s25;4618;70196
135;18:31:21.881;enp0s25;7400;140153
136;18:31:22.895;enp0s25;11496;328378
137;18:31:23.903;enp0s25;13326;488741
138;18:31:24.917;enp0s25;14120;452226
139;18:31:25.927;enp0s25;14148;283573
140;18:31:26.937;enp0s25;12192;197641
141;18:31:27.947;enp0s25;31732;1244514
142;18:31:28.957;enp0s25;30062;1168790
143;18:31:29.968;enp0s25;49858;2309244
144;18:31:30.978;enp0s25;48500;2215630
145;18:31:31.985;enp0s25;39406;1876570
146;18:31:32.994;enp0s25;15326;395920
147;18:31:34.002;enp0s25;7736;219208
148;18:31:35.014;enp0s25;14656;297237
149;18:31:36.025;enp0s25;5142;118672
150;18:31:37.039;enp0s25;14398;399141
151;18:31:38.050;enp0s25;10206;322480
152;18:31:39.065;enp0s25;2112;75900
153;18:31:40.074;enp0s25;6784;189745
154;18:31:41.087;enp0s25;16460;540994
155;18:31:42.102;enp0s25;10570;186607
156;18:31:43.115;enp0s25;4416;76242
157;18:31:44.129;enp0s25;12176;212329
158;18:31:45.139;enp0s25;21124;662408
159;18:31:46.146;enp0s25;16034;407292
160;18:31:47.157;enp0s25;40258;1736626
161;18:31:48.168;enp0s25;36864;1784472
162;18:31:49.182;enp0s25;49038;2474167
163;18:31:50.189;enp0s25;21134;947134
164;18:31:51.204;enp0s25;1872;66604
165;18:31:52.218;enp0s25;14102;414345
166;18:31:53.226;enp0s25;3516;58518
167;18:31:54.233;enp0s25;6420;179988
168;18:31:55.243;enp0s25;28988;1128031
169;18:31:56.253;enp0s25;29170;1134200
170;18:31:57.260;enp0s25;16840;448072
171;18:31:58.270;enp0s25;13396;267905
172;18:31:59.281;enp0s25;16328;552369
173;18:32:00.295;enp0s25;10788;356205
174;18:32:01.305;enp0s25;24459;894123
175;18:32:02.313;enp0s25;62456;2933372
176;18:32:03.321;enp0s25;76434;3797117
177;18:32:04.329;enp0s25;3436;55851
178;18:32:05.345;enp0s25;9140;179920
179;18:32:06.352;enp0s25;12978;298125
180;18:32:07.361;enp0s25;59140;2838439
181;18:32:08.372;enp0s25;12124;309032
182;18:32:09.382;enp0s25;0;2356
183;18:32:10.388;enp0s25;10105;1594
184;18:32:11.395;enp0s25;666;9042
185;18:32:12.402;enp0s25;0;0
186;18:32:13.408;enp0s25;64;1466
187;18:32:14.415;enp0s25;0;0
188;18:32:15.423;enp0s25;0;1214
189;18:32:16.429;enp0s25;0;0
190;18:32:17.436;enp0s25;0;64
191;18:32:18.443;enp0s25;0;0
192;18:32:19.450;enp0s25;0;64
193;18:32:20.456;enp0s25;0;0
194;18:32:21.463;enp0s25;0;64
195;18:32:22.469;enp0s25;0;504
196;18:32:23.476;enp0s25;0;64
197;18:32:24.483;enp0s25;64;64
198;18:32:25.489;enp0s25;0;64
199;18:32:26.497;enp0s25;0;0
200;18:32:27.503;enp0s25;0;64
201;18:32:28.510;enp0s25;0;0
202;18:32:29.517;enp0s25;37551;224655
203;18:32:30.526;enp0s25;229824;6107348
204;18:32:31.536;enp0s25;82555;6727782
205;18:32:32.543;enp0s25;95615;3005557
206;18:32:33.550;enp0s25;93357;2248867
207;18:32:34.557;enp0s25;67879;1023645
208;18:32:35.563;enp0s25;70262;3672129
209;18:32:36.570;enp0s25;51672;893288
210;18:32:37.577;enp0s25;53074;1025440
211;18:32:38.584;enp0s25;29091;169746
212;18:32:39.591;enp0s25;55458;771975
213;18:32:40.597;enp0s25;30796;254624
214;18:32:41.604;enp0s25;45867;726533
215;18:32:42.612;enp0s25;64718;1066052
216;18:32:43.624;enp0s25;35580;1280127
217;18:32:44.631;enp0s25;52475;823592
218;18:32:45.643;enp0s25;58897;925953
219;18:32:46.650;enp0s25;49475;823587
220;18:32:47.657;enp0s25;33874;194728
221;18:32:48.663;enp0s25;31566;2186557
222;18:32:49.670;enp0s25;21566;251560
223;18:32:50.676;enp0s25;19713;109238
224;18:32:51.683;enp0s25;31524;143397
225;18:32:52.690;enp0s25;51775;887577
226;18:32:53.696;enp0s25;52910;1394361
227;18:32:54.703;enp0s25;80195;1559491
228;18:32:55.710;enp0s25;19623;271115
229;18:32:56.719;enp0s25;38832;473946
230;18:32:57.726;enp0s25;35479;313648
231;18:32:58.733;enp0s25;51152;489714
232;18:32:59.744;enp0s25;40412;330006
233;18:33:00.751;enp0s25;35324;285006
234;18:33:01.757;enp0s25;38950;553349
235;18:33:02.764;enp0s25;52927;740207
236;18:33:03.772;enp0s25;46822;1504010
237;18:33:04.779;enp0s25;39121;633770
238;18:33:05.785;enp0s25;41700;929598
239;18:33:06.792;enp0s25;44050;363418
240;18:33:07.799;enp0s25;256;41806
241;18:33:08.806;enp0s25;64;64
242;18:33:09.813;enp0s25;0;64
243;18:33:10.819;enp0s25;0;0
244;18:33:11.826;enp0s25;0;64
245;18:33:12.833;enp0s25;0;0
246;18:33:13.839;enp0s25;0;64
247;18:33:14.846;enp0s25;1293;3590
248;18:33:15.859;enp0s25;117851;3722546
249;18:33:16.866;enp0s25;0;128
250;18:33:17.874;enp0s25;1920;1024
251;18:33:18.881;enp0s25;91282;1811308
252;18:33:19.888;enp0s25;17870;330470
253;18:33:20.895;enp0s25;31529;393234
254;18:33:21.902;enp0s25;52830;429544
255;18:33:22.909;enp0s25;39731;909677
256;18:33:23.922;enp0s25;1920;1024
257;18:33:24.929;enp0s25;6169;207991
258;18:33:25.937;enp0s25;154482;4423068
259;18:33:26.944;enp0s25;8854;169592
260;18:33:27.956;enp0s25;130850;3013780
261;18:33:28.971;enp0s25;95560;2215641
262;18:33:29.982;enp0s25;61713;2034527
263;18:33:30.990;enp0s25;34517;587470
264;18:33:31.998;enp0s25;74915;1613198
265;18:33:33.005;enp0s25;45310;1370709
266;18:33:34.012;enp0s25;0;64
267;18:33:35.018;enp0s25;1920;960
268;18:33:36.025;enp0s25;89425;1951029
269;18:33:37.040;enp0s25;11904;344444
270;18:33:38.054;enp0s25;56896;1170155
271;18:33:39.069;enp0s25;46188;1202059
272;18:33:40.082;enp0s25;11130;253965
273;18:33:41.099;enp0s25;2476;39450
274;18:33:42.109;enp0s25;34236;641259
275;18:33:43.117;enp0s25;26536;635368
276;18:33:44.127;enp0s25;21202;330354
277;18:33:45.136;enp0s25;3792;67590
278;18:33:46.148;enp0s25;31028;627880
279;18:33:47.158;enp0s25;12902;278557
280;18:33:48.165;enp0s25;60916;751408
281;18:33:49.172;enp0s25;124403;2350899
282;18:33:50.179;enp0s25;22368;641310
283;18:33:51.186;enp0s25;0;0
284;18:33:52.192;enp0s25;0;64
285;18:33:53.199;enp0s25;3528;4358
286;18:33:54.206;enp0s25;0;64
287;18:33:55.216;enp0s25;0;0
288;18:33:56.224;enp0s25;0;64
289;18:33:57.232;enp0s25;0;0
290;18:33:58.239;enp0s25;0;64
291;18:33:59.246;enp0s25;0;0
292;18:34:00.253;enp0s25;0;64
293;18:34:01.260;enp0s25;0;0
294;18:34:02.267;enp0s25;0;64
295;18:34:03.274;enp0s25;0;0
296;18:34:04.281;enp0s25;64;128
297;18:34:05.287;enp0s25;0;0
298;18:34:06.294;enp0s25;0;64
299;18:34:07.301;enp0s25;0;0
300;18:34:08.308;enp0s25;0;64
301;18:34:09.315;enp0s25;0;0
302;18:34:10.321;enp0s25;0;64
303;18:34:11.328;enp0s25;0;0
304;18:34:12.335;enp0s25;0;64
305;18:34:13.342;enp0s25;0;0
306;18:34:14.348;enp0s25;0;64
307;18:34:15.355;enp0s25;64;64
308;18:34:16.362;enp0s25;0;64
309;18:34:17.369;enp0s25;0;0
310;18:34:18.376;enp0s25;0;64
311;18:34:19.383;enp0s25;0;64
312;18:34:20.389;enp0s25;0;0
313;18:34:21.396;enp0s25;0;64
314;18:34:22.403;enp0s25;78;0
315;18:34:23.409;enp0s25;11266;224749
316;18:34:24.417;enp0s25;3758;5436
317;18:34:25.426;enp0s25;22940;464797
318;18:34:26.435;enp0s25;35395;852028
319;18:34:27.441;enp0s25;4468;144383
320;18:34:28.448;enp0s25;0;0
321;18:34:29.455;enp0s25;0;64
322;18:34:30.462;enp0s25;0;0
323;18:34:31.469;enp0s25;0;64
324;18:34:32.476;enp0s25;0;0
325;18:34:33.482;enp0s25;0;64
326;18:34:34.490;enp0s25;0;0
327;18:34:35.497;enp0s25;140;235
328;18:34:36.503;enp0s25;1608;16235
329;18:34:37.510;enp0s25;49726;1329775
330;18:34:38.518;enp0s25;73034;2761803
331;18:34:39.528;enp0s25;34454;1164497
332;18:34:40.536;enp0s25;0;0
333;18:34:41.548;enp0s25;0;64
334;18:34:42.557;enp0s25;0;0
335;18:34:43.564;enp0s25;0;64
336;18:34:44.571;enp0s25;0;0
337;18:34:45.578;enp0s25;0;64
338;18:34:46.584;enp0s25;0;0
339;18:34:47.591;enp0s25;64;128
340;18:34:48.597;enp0s25;0;0
341;18:34:49.604;enp0s25;0;64
342;18:34:50.611;enp0s25;0;0
343;18:34:51.618;enp0s25;41782;1370399
344;18:34:52.625;enp0s25;0;0
345;18:34:53.632;enp0s25;0;64
346;18:34:54.639;enp0s25;0;0
347;18:34:55.650;enp0s25;0;64
348;18:34:56.657;enp0s25;0;0
349;18:34:57.664;enp0s25;0;64
350;18:34:58.671;enp0s25;47550;1751070
351;18:34:59.678;enp0s25;91072;4643591
352;18:35:00.686;enp0s25;0;0
353;18:35:01.693;enp0s25;0;64
354;18:35:02.699;enp0s25;0;0
355;18:35:03.706;enp0s25;790;740
356;18:35:04.718;enp0s25;12221;325836
357;18:35:05.727;enp0s25;0;64
358;18:35:06.733;enp0s25;0;0
359;18:35:07.744;enp0s25;0;64
360;18:35:08.751;enp0s25;0;0
361;18:35:09.758;enp0s25;64;1100
362;18:35:10.764;enp0s25;0;3206
363;18:35:11.771;enp0s25;0;898
364;18:35:12.777;enp0s25;5792;28217
365;18:35:13.784;enp0s25;22978;353251
366;18:35:14.791;enp0s25;17914;421574
367;18:35:15.798;enp0s25;9870;246762
368;18:35:16.805;enp0s25;27195;321407
369;18:35:17.811;enp0s25;138843;3799565
370;18:35:18.819;enp0s25;148380;4084497
371;18:35:19.825;enp0s25;32345;661100
372;18:35:20.836;enp0s25;13783;562830
373;18:35:21.855;enp0s25;14871;322183
374;18:35:22.862;enp0s25;53259;1325600
375;18:35:23.868;enp0s25;15485;154588
376;18:35:24.876;enp0s25;12582;179427
377;18:35:25.883;enp0s25;2563;6924
378;18:35:26.889;enp0s25;7430;110740
379;18:35:27.896;enp0s25;24099;599732
380;18:35:28.903;enp0s25;26818;722691
381;18:35:29.911;enp0s25;24202;678902
382;18:35:30.919;enp0s25;111205;4310392
383;18:35:31.927;enp0s25;62084;2477975
384;18:35:32.934;enp0s25;38170;1316655
385;18:35:33.943;enp0s25;93857;4183013
386;18:35:34.957;enp0s25;6291;118728
387;18:35:35.964;enp0s25;10737;264993
388;18:35:36.971;enp0s25;0;504
389;18:35:37.977;enp0s25;0;64
390;18:35:38.984;enp0s25;0;0
391;18:35:39.991;enp0s25;0;64
392;18:35:40.998;enp0s25;0;0
393;18:35:42.006;enp0s25;0;64
394;18:35:43.012;enp0s25;64;64
395;18:35:44.019;enp0s25;420;539
396;18:35:45.026;enp0s25;0;0
397;18:35:46.033;enp0s25;0;64
398;18:35:47.040;enp0s25;0;0
399;18:35:48.047;enp0s25;4161;8701
400;18:35:49.054;enp0s25;58178;1802817
401;18:35:50.060;enp0s25;2196;11913
402;18:35:51.067;enp0s25;21901;742688
403;18:35:52.075;enp0s25;151354;7165024
404;18:35:53.083;enp0s25;149372;7164960
405;18:35:54.090;enp0s25;149198;7165088
406;18:35:55.098;enp0s25;148280;7161994
407;18:35:56.105;enp0s25;151130;7093678
408;18:35:57.113;enp0s25;152530;7166478
409;18:35:58.121;enp0s25;9030;537078
410;18:35:59.129;enp0s25;0;0
411;18:36:00.136;enp0s25;0;64
412;18:36:01.143;enp0s25;0;0
413;18:36:02.149;enp0s25;0;64
414;18:36:03.156;enp0s25;0;504
415;18:36:04.162;enp0s25;0;64
416;18:36:05.169;enp0s25;64;64
417;18:36:06.175;enp0s25;0;64
418;18:36:07.182;enp0s25;0;0
419;18:36:08.189;enp0s25;0;64
420;18:36:09.203;enp0s25;0;0
421;18:36:10.218;enp0s25;0;64
422;18:36:11.226;enp0s25;0;0
423;18:36:12.233;enp0s25;0;64
424;18:36:13.240;enp0s25;0;0
425;18:36:14.247;enp0s25;0;64
426;18:36:15.254;enp0s25;0;0
427;18:36:16.260;enp0s25;908;4292
428;18:36:17.267;enp0s25;0;0
429;18:36:18.279;enp0s25;0;64
430;18:36:19.286;enp0s25;0;0
431;18:36:20.294;enp0s25;16922;364713
432;18:36:21.309;enp0s25;116790;5245882
433;18:36:22.321;enp0s25;143652;5978228
434;18:36:23.330;enp0s25;152740;7148262
435;18:36:24.342;enp0s25;151970;7142254
436;18:36:25.350;enp0s25;148880;7143708
437;18:36:26.359;enp0s25;135969;6289851
438;18:36:27.367;enp0s25;152314;7143772
439;18:36:28.374;enp0s25;152390;7155916
440;18:36:29.382;enp0s25;149594;7165024
441;18:36:30.390;enp0s25;133158;6093911
442;18:36:31.400;enp0s25;95550;4484236
443;18:36:32.407;enp0s25;143895;6666039
444;18:36:33.416;enp0s25;66720;2818307
445;18:36:34.431;enp0s25;32311;778901
446;18:36:35.444;enp0s25;49277;1584615
447;18:36:36.454;enp0s25;56153;2098481
448;18:36:37.462;enp0s25;108542;3774091
449;18:36:38.469;enp0s25;64;64
450;18:36:39.476;enp0s25;0;64
451;18:36:40.484;enp0s25;0;0
452;18:36:41.492;enp0s25;0;64
453;18:36:42.500;enp0s25;0;0
454;18:36:43.508;enp0s25;0;64
455;18:36:44.518;enp0s25;0;0
456;18:36:45.526;enp0s25;0;64
457;18:36:46.533;enp0s25;0;0
458;18:36:47.540;enp0s25;0;64
459;18:36:48.547;enp0s25;0;0
460;18:36:49.554;enp0s25;64;128
461;18:36:50.562;enp0s25;0;0
462;18:36:51.569;enp0s25;0;64
463;18:36:52.577;enp0s25;0;0
464;18:36:53.584;enp0s25;0;64
465;18:36:54.594;enp0s25;0;0
466;18:36:55.604;enp0s25;4401;91819
467;18:36:56.616;enp0s25;126428;4100415
468;18:36:57.625;enp0s25;0;64
469;18:36:58.632;enp0s25;0;0
470;18:36:59.638;enp0s25;64;128
471;18:37:00.645;enp0s25;0;0
472;18:37:01.754;enp0s25;0;64
473;18:37:02.762;enp0s25;0;0
474;18:37:03.769;enp0s25;5375;128230
475;18:37:04.780;enp0s25;12882;550787
476;18:37:05.794;enp0s25;1738;60559
477;18:37:06.808;enp0s25;2676;82586
478;18:37:07.818;enp0s25;26280;1002754
479;18:37:08.830;enp0s25;24814;972712
480;18:37:09.843;enp0s25;25582;947008
481;18:37:10.853;enp0s25;16812;528590
482;18:37:11.863;enp0s25;27426;1035619
483;18:37:12.872;enp0s25;26772;1069934
484;18:37:13.883;enp0s25;32070;1288920
485;18:37:14.891;enp0s25;18540;686852
486;18:37:15.901;enp0s25;19726;748942
487;18:37:16.909;enp0s25;21328;828025
488;18:37:17.920;enp0s25;18790;836211
489;18:37:18.931;enp0s25;1242;36267
490;18:37:19.944;enp0s25;40786;2017380
491;18:37:20.957;enp0s25;10748;322858
492;18:37:21.966;enp0s25;64;128
493;18:37:22.980;enp0s25;1368;20332
494;18:37:23.999;enp0s25;0;64
495;18:37:25.012;enp0s25;2252;42042
496;18:37:26.019;enp0s25;33848;1946967
497;18:37:27.031;enp0s25;30538;1252281
498;18:37:28.045;enp0s25;31720;1313168
499;18:37:29.052;enp0s25;23466;948362
500;18:37:30.059;enp0s25;10414;315457
501;18:37:31.071;enp0s25;772;16894
502;18:37:32.081;enp0s25;8754;160208
503;18:37:33.090;enp0s25;11206;296475
504;18:37:34.104;enp0s25;8428;211668
505;18:37:35.116;enp0s25;1134;35100
506;18:37:36.129;enp0s25;17692;725928
507;18:37:37.138;enp0s25;10432;338057
508;18:37:38.150;enp0s25;20414;681422
509;18:37:39.158;enp0s25;18696;605773
510;18:37:40.171;enp0s25;16796;472676
511;18:37:41.183;enp0s25;27978;1243619
512;18:37:42.195;enp0s25;4426;120313
513;18:37:43.203;enp0s25;13090;410461
514;18:37:44.219;enp0s25;2372;45802
515;18:37:45.236;enp0s25;10914;293553
516;18:37:46.248;enp0s25;25514;923507
517;18:37:47.257;enp0s25;24210;842650
518;18:37:48.267;enp0s25;21800;742182
519;18:37:49.275;enp0s25;17970;546144
520;18:37:50.282;enp0s25;17082;477982
521;18:37:51.290;enp0s25;48180;2138277
522;18:37:52.299;enp0s25;16402;472152
523;18:37:53.310;enp0s25;4292;101942
524;18:37:54.319;enp0s25;7754;232089
525;18:37:55.334;enp0s25;2442;27273
526;18:37:56.350;enp0s25;21178;855525
527;18:37:57.360;enp0s25;15720;468331
528;18:37:58.369;enp0s25;14510;348325
529;18:37:59.377;enp0s25;11668;351522
530;18:38:00.394;enp0s25;3582;146903
531;18:38:01.410;enp0s25;1258;16832
532;18:38:02.426;enp0s25;8620;179251
533;18:38:03.435;enp0s25;14348;343576
534;18:38:04.443;enp0s25;7118;125533
535;18:38:05.458;enp0s25;8358;165052
536;18:38:06.470;enp0s25;10818;310453
537;18:38:07.477;enp0s25;4914;152183
538;18:38:08.487;enp0s25;7810;330888
539;18:38:09.496;enp0s25;18544;559447
540;18:38:10.505;enp0s25;3282;52242
541;18:38:11.519;enp0s25;12036;208396
542;18:38:12.526;enp0s25;9912;130064
543;18:38:13.536;enp0s25;31518;1275814
544;18:38:14.542;enp0s25;10646;471417
545;18:38:15.556;enp0s25;23996;992846
546;18:38:16.568;enp0s25;52892;2457562
547;18:38:17.579;enp0s25;43802;1967873
548;18:38:18.587;enp0s25;27410;1276383
549;18:38:19.594;enp0s25;15192;582523
550;18:38:20.607;enp0s25;7432;143494
551;18:38:21.623;enp0s25;8452;231293
552;18:38:22.640;enp0s25;2314;73299
553;18:38:23.652;enp0s25;9706;163436
554;18:38:24.660;enp0s25;5456;139265
555;18:38:25.672;enp0s25;18828;534816
556;18:38:26.683;enp0s25;4292;120394
557;18:38:27.692;enp0s25;8236;297511
558;18:38:28.704;enp0s25;20122;656117
559;18:38:29.713;enp0s25;10852;174532
560;18:38:30.722;enp0s25;13108;241812
561;18:38:31.729;enp0s25;14316;583132
562;18:38:32.742;enp0s25;8976;219683
563;18:38:33.755;enp0s25;7146;172474
564;18:38:34.766;enp0s25;3872;123201
565;18:38:35.780;enp0s25;42970;1991221
566;18:38:36.790;enp0s25;80072;3985241
567;18:38:37.801;enp0s25;25754;1139175
568;18:38:38.810;enp0s25;14262;338204
569;18:38:39.818;enp0s25;20368;662839
570;18:38:40.826;enp0s25;39888;1721229
571;18:38:41.839;enp0s25;13736;308413
572;18:38:42.851;enp0s25;13044;343893
573;18:38:43.858;enp0s25;11638;234797
574;18:38:44.869;enp0s25;22024;757488
575;18:38:45.878;enp0s25;5647;55131
576;18:38:46.892;enp0s25;23628;984451
577;18:38:47.903;enp0s25;95204;4756860
578;18:38:48.912;enp0s25;41006;1886062
579;18:38:49.924;enp0s25;1804;41647
580;18:38:50.934;enp0s25;9592;184267
581;18:38:51.947;enp0s25;5630;139848
582;18:38:52.955;enp0s25;46606;2165832
583;18:38:53.962;enp0s25;27642;1057958
584;18:38:54.970;enp0s25;2726;69665
585;18:38:55.976;enp0s25;0;64
586;18:38:56.983;enp0s25;10297;4375
587;18:38:57.990;enp0s25;666;3541
588;18:38:58.997;enp0s25;0;0
589;18:39:00.004;enp0s25;0;64
590;18:39:01.014;enp0s25;64;64
591;18:39:02.021;enp0s25;0;64
592;18:39:03.029;enp0s25;0;0
593;18:39:04.035;enp0s25;0;64
594;18:39:05.043;enp0s25;0;0
595;18:39:06.050;enp0s25;0;64
596;18:39:07.056;enp0s25;0;0
597;18:39:08.063;enp0s25;0;64
598;18:39:09.069;enp0s25;0;0
599;18:39:10.076;enp0s25;0;64
600;18:39:11.082;enp0s25;0;0
601;18:39:12.089;enp0s25;64;128
602;18:39:13.096;enp0s25;0;0
603;18:39:14.103;enp0s25;0;64
604;18:39:15.110;enp0s25;0;0
605;18:39:16.117;enp0s25;146188;2765152
606;18:39:17.129;enp0s25;127662;7163252
607;18:39:18.152;enp0s25;126254;5388031
608;18:39:19.158;enp0s25;83475;1736446
609;18:39:20.166;enp0s25;82578;1991435
610;18:39:21.172;enp0s25;47712;648347
611;18:39:22.179;enp0s25;81336;3325921
612;18:39:23.186;enp0s25;73730;1333723
613;18:39:24.193;enp0s25;37920;439249
614;18:39:25.199;enp0s25;42792;343419
615;18:39:26.206;enp0s25;50245;598348
616;18:39:27.213;enp0s25;37987;356651
617;18:39:28.220;enp0s25;56180;915910
618;18:39:29.226;enp0s25;69135;1309806
619;18:39:30.234;enp0s25;49311;800788
620;18:39:31.241;enp0s25;61145;1176598
621;18:39:32.248;enp0s25;22993;298279
622;18:39:33.257;enp0s25;64349;1119308
623;18:39:34.270;enp0s25;20593;83025
624;18:39:35.277;enp0s25;26849;2092906
625;18:39:36.284;enp0s25;38451;443550
626;18:39:37.291;enp0s25;49688;561968
627;18:39:38.297;enp0s25;32124;527617
628;18:39:39.305;enp0s25;91988;1965045
629;18:39:40.312;enp0s25;53629;862751
630;18:39:41.319;enp0s25;40197;649462
631;18:39:42.325;enp0s25;52935;493114
632;18:39:43.332;enp0s25;34889;279701
633;18:39:44.338;enp0s25;40689;343812
634;18:39:45.345;enp0s25;49397;382977
635;18:39:46.354;enp0s25;32341;239347
636;18:39:47.363;enp0s25;31085;550594
637;18:39:48.375;enp0s25;25765;260509
638;18:39:49.382;enp0s25;58031;1696489
639;18:39:50.389;enp0s25;45844;679003
640;18:39:51.396;enp0s25;52989;894148
641;18:39:52.403;enp0s25;37535;367650
642;18:39:53.409;enp0s25;9094;178585
643;18:39:54.416;enp0s25;0;0
644;18:39:55.422;enp0s25;0;64
645;18:39:56.429;enp0s25;64;64
646;18:39:57.437;enp0s25;0;64
647;18:39:58.444;enp0s25;0;0
648;18:39:59.451;enp0s25;0;64
649;18:40:00.457;enp0s25;0;0
650;18:40:01.464;enp0s25;0;64
651;18:40:02.472;enp0s25;3494;11297
652;18:40:03.488;enp0s25;137656;3714666
653;18:40:04.497;enp0s25;0;0
654;18:40:05.504;enp0s25;10824;194291
655;18:40:06.513;enp0s25;42792;858692
656;18:40:07.521;enp0s25;40248;876007
657;18:40:08.532;enp0s25;12332;213125
658;18:40:09.544;enp0s25;25033;353785
659;18:40:10.552;enp0s25;45391;339260
660;18:40:11.561;enp0s25;50488;1042011
661;18:40:12.569;enp0s25;1920;960
662;18:40:13.576;enp0s25;1299;3288
663;18:40:14.591;enp0s25;130506;3732892
664;18:40:15.600;enp0s25;58600;1175813
665;18:40:16.607;enp0s25;197902;4615218
666;18:40:17.621;enp0s25;79226;2268644
667;18:40:18.632;enp0s25;35240;585829
668;18:40:19.640;enp0s25;53351;976364
669;18:40:20.648;enp0s25;81320;2048179
670;18:40:21.654;enp0s25;3136;260174
671;18:40:22.661;enp0s25;1920;960
672;18:40:23.668;enp0s25;81961;1752947
673;18:40:24.675;enp0s25;17034;503417
674;18:40:25.683;enp0s25;67456;1826280
675;18:40:26.691;enp0s25;19290;551670
676;18:40:27.698;enp0s25;10454;285141
677;18:40:28.711;enp0s25;20670;430115
678;18:40:29.720;enp0s25;21434;456960
679;18:40:30.727;enp0s25;22668;582224
680;18:40:31.741;enp0s25;5578;69959
681;18:40:32.757;enp0s25;5560;73108
682;18:40:33.772;enp0s25;41712;767468
683;18:40:34.782;enp0s25;7360;207063
684;18:40:35.789;enp0s25;96662;1307436
685;18:40:36.797;enp0s25;93474;2094579
686;18:40:37.803;enp0s25;13184;364558
687;18:40:38.810;enp0s25;0;0
688;18:40:39.817;enp0s25;1984;1088
689;18:40:40.823;enp0s25;1614;3404
690;18:40:41.830;enp0s25;0;64
691;18:40:42.837;enp0s25;0;0
692;18:40:43.844;enp0s25;0;64
693;18:40:44.851;enp0s25;0;0
694;18:40:45.857;enp0s25;0;64
695;18:40:46.864;enp0s25;0;0
696;18:40:47.871;enp0s25;0;64
697;18:40:48.877;enp0s25;0;0
698;18:40:49.884;enp0s25;0;64
699;18:40:50.891;enp0s25;64;64
700;18:40:51.898;enp0s25;0;64
701;18:40:52.905;enp0s25;0;0
702;18:40:53.912;enp0s25;0;64
703;18:40:54.919;enp0s25;0;0
704;18:40:55.926;enp0s25;0;64
705;18:40:56.932;enp0s25;0;0
706;18:40:57.939;enp0s25;0;64
707;18:40:58.946;enp0s25;0;0
708;18:40:59.953;enp0s25;0;64
709;18:41:00.960;enp0s25;0;0
710;18:41:01.967;enp0s25;64;128
711;18:41:02.974;enp0s25;0;0
712;18:41:03.981;enp0s25;0;64
713;18:41:04.988;enp0s25;0;0
714;18:41:05.995;enp0s25;0;64
715;18:41:07.001;enp0s25;0;0
716;18:41:08.009;enp0s25;0;64
717;18:41:09.016;enp0s25;0;0
718;18:41:10.023;enp0s25;0;64
719;18:41:11.030;enp0s25;11390;224957
720;18:41:12.037;enp0s25;4791;6688
721;18:41:13.044;enp0s25;21979;463014
722;18:41:14.051;enp0s25;36033;987533
723;18:41:15.060;enp0s25;2458;8814
724;18:41:16.067;enp0s25;0;64
725;18:41:17.074;enp0s25;0;0
726;18:41:18.081;enp0s25;0;64
727;18:41:19.088;enp0s25;0;0
728;18:41:20.095;enp0s25;0;64
729;18:41:21.102;enp0s25;0;0
730;18:41:22.109;enp0s25;0;64
731;18:41:23.116;enp0s25;140;171
732;18:41:24.123;enp0s25;746;971
733;18:41:25.129;enp0s25;41068;1097605
734;18:41:26.137;enp0s25;80524;2881789
735;18:41:27.144;enp0s25;38724;1354183
736;18:41:28.151;enp0s25;0;510
737;18:41:29.158;enp0s25;0;0
738;18:41:30.168;enp0s25;0;64
739;18:41:31.175;enp0s25;0;0
740;18:41:32.181;enp0s25;0;64
741;18:41:33.188;enp0s25;0;107
742;18:41:34.195;enp0s25;0;171
743;18:41:35.201;enp0s25;64;64
744;18:41:36.208;enp0s25;0;64
745;18:41:37.215;enp0s25;0;0
746;18:41:38.221;enp0s25;0;64
747;18:41:39.228;enp0s25;35254;1046654
748;18:41:40.235;enp0s25;5760;291867
749;18:41:41.242;enp0s25;0;0
750;18:41:42.249;enp0s25;0;64
751;18:41:43.256;enp0s25;0;0
752;18:41:44.263;enp0s25;0;64
753;18:41:45.270;enp0s25;0;0
754;18:41:46.278;enp0s25;14974;360646
755;18:41:47.287;enp0s25;28434;1067490
756;18:41:48.303;enp0s25;24768;1181616
757;18:41:49.313;enp0s25;32320;1547030
758;18:41:50.323;enp0s25;39808;1903456
759;18:41:51.335;enp0s25;5504;260771
760;18:41:52.344;enp0s25;0;64
761;18:41:53.351;enp0s25;0;0
762;18:41:54.358;enp0s25;0;64
763;18:41:55.365;enp0s25;13042;325815
764;18:41:56.372;enp0s25;0;64
765;18:41:57.379;enp0s25;64;64
766;18:41:58.386;enp0s25;0;0
767;18:41:59.394;enp0s25;0;64
768;18:42:00.400;enp0s25;0;0
769;18:42:01.407;enp0s25;0;64
770;18:42:02.414;enp0s25;0;0
771;18:42:03.421;enp0s25;2330;7061
772;18:42:04.428;enp0s25;19530;287576
773;18:42:05.435;enp0s25;16419;282757
774;18:42:06.442;enp0s25;18275;501426
775;18:42:07.449;enp0s25;14031;172803
776;18:42:08.456;enp0s25;136593;3144251
777;18:42:09.463;enp0s25;144074;4382390
778;18:42:10.471;enp0s25;30740;902403
779;18:42:11.481;enp0s25;24953;748200
780;18:42:12.488;enp0s25;11892;118764
781;18:42:13.495;enp0s25;59427;1531524
782;18:42:14.503;enp0s25;10073;98600
783;18:42:15.511;enp0s25;17814;236672
784;18:42:16.518;enp0s25;2563;5479
785;18:42:17.525;enp0s25;5600;89656
786;18:42:18.532;enp0s25;14581;214041
787;18:42:19.539;enp0s25;24397;710606
788;18:42:20.546;enp0s25;34070;1095345
789;18:42:21.552;enp0s25;58400;2199766
790;18:42:22.567;enp0s25;113400;4592281
791;18:42:23.574;enp0s25;9864;218245
792;18:42:24.580;enp0s25;135139;5318151
793;18:42:25.589;enp0s25;7831;187406
794;18:42:26.599;enp0s25;9897;264929
795;18:42:27.606;enp0s25;0;64
796;18:42:28.613;enp0s25;0;0
797;18:42:29.619;enp0s25;0;64
798;18:42:30.626;enp0s25;64;568
799;18:42:31.633;enp0s25;0;64
800;18:42:32.640;enp0s25;0;0
801;18:42:33.647;enp0s25;420;539
802;18:42:34.654;enp0s25;0;0
803;18:42:35.664;enp0s25;0;64
804;18:42:36.671;enp0s25;0;0
805;18:42:37.679;enp0s25;2606;4779
806;18:42:38.686;enp0s25;42715;1144130
807;18:42:39.693;enp0s25;17701;640559
808;18:42:40.700;enp0s25;1325;15855
809;18:42:41.713;enp0s25;123326;5422205
810;18:42:42.722;enp0s25;152114;7031376
811;18:42:43.730;enp0s25;150570;7083052
812;18:42:44.738;enp0s25;142260;6870538
813;18:42:45.746;enp0s25;151480;7099750
814;18:42:46.755;enp0s25;151550;7099686
815;18:42:47.763;enp0s25;75040;3607992
816;18:42:48.770;enp0s25;0;0
817;18:42:49.778;enp0s25;0;64
818;18:42:50.785;enp0s25;0;0
819;18:42:51.792;enp0s25;0;64
820;18:42:52.803;enp0s25;64;64
821;18:42:53.810;enp0s25;0;64
822;18:42:54.821;enp0s25;0;0
823;18:42:55.832;enp0s25;0;64
824;18:42:56.840;enp0s25;0;0
825;18:42:57.847;enp0s25;0;568
826;18:42:58.854;enp0s25;0;0
827;18:42:59.869;enp0s25;0;64
828;18:43:00.884;enp0s25;0;0
829;18:43:01.893;enp0s25;0;64
830;18:43:02.900;enp0s25;0;0
831;18:43:03.907;enp0s25;64;128
832;18:43:04.914;enp0s25;0;0
833;18:43:05.927;enp0s25;774;4158
834;18:43:06.937;enp0s25;70;70
835;18:43:07.945;enp0s25;0;64
836;18:43:08.952;enp0s25;0;0
837;18:43:09.961;enp0s25;922;776
838;18:43:10.979;enp0s25;37490;1084067
839;18:43:11.989;enp0s25;141948;6116226
840;18:43:12.997;enp0s25;153676;6894826
841;18:43:14.012;enp0s25;151964;7142318
842;18:43:15.019;enp0s25;146020;6882612
843;18:43:16.033;enp0s25;149790;7165024
844;18:43:17.041;enp0s25;135899;6291305
845;18:43:18.070;enp0s25;140248;6620062
846;18:43:19.085;enp0s25;109522;5505856
847;18:43:20.094;enp0s25;115751;6005272
848;18:43:21.102;enp0s25;93958;4278243
849;18:43:22.118;enp0s25;90710;4141168
850;18:43:23.127;enp0s25;102870;4625416
851;18:43:24.136;enp0s25;113475;5725013
852;18:43:25.149;enp0s25;48276;2027359
853;18:43:26.158;enp0s25;26007;601143
854;18:43:27.168;enp0s25;54669;1743349
855;18:43:28.179;enp0s25;42605;1409971
856;18:43:29.188;enp0s25;117032;4475279
857;18:43:30.195;enp0s25;128;128
858;18:43:31.203;enp0s25;0;0
859;18:43:32.210;enp0s25;0;64
860;18:43:33.217;enp0s25;0;0
861;18:43:34.224;enp0s25;0;64
862;18:43:35.232;enp0s25;0;0
863;18:43:36.239;enp0s25;64;128
864;18:43:37.246;enp0s25;0;0
865;18:43:38.253;enp0s25;0;64
866;18:43:39.260;enp0s25;0;0
867;18:43:40.267;enp0s25;0;64
868;18:43:41.276;enp0s25;0;0
869;18:43:42.285;enp0s25;0;64
870;18:43:43.300;enp0s25;0;0
871;18:43:44.309;enp0s25;0;64
872;18:43:45.316;enp0s25;0;0
873;18:43:46.323;enp0s25;0;64
874;18:43:47.330;enp0s25;3765;76639
875;18:43:48.342;enp0s25;104144;4127803
876;18:43:49.350;enp0s25;0;0
877;18:43:50.357;enp0s25;0;64
878;18:43:51.365;enp0s25;0;0
879;18:43:52.375;enp0s25;0;64
880;18:43:53.382;enp0s25;0;0
881;18:43:54.389;enp0s25;0;0
882;18:43:55.399;enp0s25;1569;4000
883;18:43:56.415;enp0s25;15280;618060
884;18:43:57.432;enp0s25;1674;60559
885;18:43:58.448;enp0s25;14496;540610
886;18:43:59.459;enp0s25;14652;545049
887;18:44:00.468;enp0s25;0;336
888;18:44:01.482;enp0s25;22510;868583
889;18:44:02.492;enp0s25;26438;1007032
890;18:44:03.500;enp0s25;19726;618733
891;18:44:04.515;enp0s25;25590;990871
892;18:44:05.526;enp0s25;23944;933820
893;18:44:06.539;enp0s25;6810;280567
894;18:44:07.551;enp0s25;31802;1262756
895;18:44:08.562;enp0s25;21854;853947
896;18:44:09.571;enp0s25;17766;595443
897;18:44:10.582;enp0s25;23112;944903
898;18:44:11.593;enp0s25;49312;2287731
899;18:44:12.603;enp0s25;20354;717174
900;18:44:13.616;enp0s25;4132;63703
901;18:44:14.632;enp0s25;38496;1890780
902;18:44:15.648;enp0s25;0;64
903;18:44:16.663;enp0s25;3430;102069
904;18:44:17.671;enp0s25;10460;484564
905;18:44:18.687;enp0s25;21412;835323
906;18:44:19.698;enp0s25;17310;694423
907;18:44:20.710;enp0s25;10734;480605
908;18:44:21.720;enp0s25;14634;510142
909;18:44:22.728;enp0s25;18610;719788
910;18:44:23.742;enp0s25;836;16958
911;18:44:24.756;enp0s25;700;14269
912;18:44:25.771;enp0s25;8446;146933
913;18:44:26.784;enp0s25;5548;158481
914;18:44:27.794;enp0s25;14452;384536
915;18:44:28.801;enp0s25;12066;491663
916;18:44:29.807;enp0s25;6514;251538
917;18:44:30.819;enp0s25;2042;44088
918;18:44:31.828;enp0s25;10864;416434
919;18:44:32.838;enp0s25;18460;562593
920;18:44:33.851;enp0s25;18596;584565
921;18:44:34.863;enp0s25;14914;447239
922;18:44:35.877;enp0s25;8934;263350
923;18:44:36.892;enp0s25;4060;85043
924;18:44:37.902;enp0s25;17800;878903
925;18:44:38.911;enp0s25;5958;207156
926;18:44:39.925;enp0s25;13610;383380
927;18:44:40.940;enp0s25;7348;228530
928;18:44:41.951;enp0s25;1050;8329
929;18:44:42.965;enp0s25;6226;204001
930;18:44:43.975;enp0s25;13612;356682
931;18:44:44.983;enp0s25;29316;1185756
932;18:44:45.993;enp0s25;17058;585816
933;18:44:47.002;enp0s25;5970;209898
934;18:44:48.015;enp0s25;15528;523952
935;18:44:49.021;enp0s25;9778;214755
936;18:44:50.029;enp0s25;14824;438127
937;18:44:51.040;enp0s25;48440;2185316
938;18:44:52.050;enp0s25;14264;372192
939;18:44:53.062;enp0s25;5014;147355
940;18:44:54.078;enp0s25;2548;85819
941;18:44:55.096;enp0s25;2378;30349
942;18:44:56.106;enp0s25;18922;781860
943;18:44:57.114;enp0s25;4694;92522
944;18:44:58.129;enp0s25;5784;226065
945;18:44:59.138;enp0s25;10242;242580
946;18:45:00.150;enp0s25;6190;148472
947;18:45:01.162;enp0s25;18070;538245
948;18:45:02.169;enp0s25;5288;167106
949;18:45:03.186;enp0s25;11994;208173
950;18:45:04.195;enp0s25;5002;160815
951;18:45:05.204;enp0s25;11000;207723
952;18:45:06.214;enp0s25;502;3628
953;18:45:07.231;enp0s25;14298;347389
954;18:45:08.245;enp0s25;18180;607848
955;18:45:09.262;enp0s25;18028;555562
956;18:45:10.271;enp0s25;516;3618
957;18:45:11.277;enp0s25;2450;33458
958;18:45:12.285;enp0s25;12098;238433
959;18:45:13.296;enp0s25;2862;28226
960;18:45:14.307;enp0s25;12890;254258
961;18:45:15.315;enp0s25;36838;1612142
962;18:45:16.322;enp0s25;26074;1165062
963;18:45:17.333;enp0s25;51148;2374975
964;18:45:18.342;enp0s25;47260;2121606
965;18:45:19.351;enp0s25;37322;1623676
966;18:45:20.358;enp0s25;6294;104956
967;18:45:21.368;enp0s25;4444;126106
968;18:45:22.376;enp0s25;5108;140494
969;18:45:23.390;enp0s25;7492;145595
970;18:45:24.405;enp0s25;4414;60166
971;18:45:25.416;enp0s25;17242;513879
972;18:45:26.429;enp0s25;11340;287420
973;18:45:27.443;enp0s25;8944;311421
974;18:45:28.451;enp0s25;10940;433437
975;18:45:29.462;enp0s25;4628;110954
976;18:45:30.478;enp0s25;10576;212111
977;18:45:31.495;enp0s25;2762;50075
978;18:45:32.508;enp0s25;7760;152760
979;18:45:33.520;enp0s25;4560;91747
980;18:45:34.529;enp0s25;16674;485837
981;18:45:35.538;enp0s25;14850;385795
982;18:45:36.551;enp0s25;4210;98272
983;18:45:37.569;enp0s25;5658;162915
984;18:45:38.579;enp0s25;2122;41649
985;18:45:39.586;enp0s25;30358;1458665
986;18:45:40.601;enp0s25;39546;1979164
987;18:45:41.618;enp0s25;52814;2572818
988;18:45:42.631;enp0s25;23162;996871
989;18:45:43.640;enp0s25;17040;473249
990;18:45:44.651;enp0s25;12760;306473
991;18:45:45.664;enp0s25;45434;1990072
992;18:45:46.677;enp0s25;4376;108176
993;18:45:47.687;enp0s25;13654;312228
994;18:45:48.696;enp0s25;16094;410836
995;18:45:49.706;enp0s25;2590;36252
996;18:45:50.718;enp0s25;1416;20052
997;18:45:51.729;enp0s25;3958;104956
998;18:45:52.743;enp0s25;21578;755623
999;18:45:53.756;enp0s25;21325;700778
1000;18:45:54.763;enp0s25;47030;2362078
1001;18:45:55.771;enp0s25;92428;4597409
1002;18:45:56.780;enp0s25;2978;35398
1003;18:45:57.791;enp0s25;8760;178400
1004;18:45:58.800;enp0s25;6486;160544
1005;18:45:59.810;enp0s25;5008;84968
1006;18:46:00.826;enp0s25;50510;2424045
1007;18:46:01.838;enp0s25;22276;747912
1008;18:46:02.845;enp0s25;256;12256
1009;18:46:03.852;enp0s25;10105;128
1010;18:46:04.859;enp0s25;730;7811
1011;18:46:05.866;enp0s25;0;64
1012;18:46:06.873;enp0s25;0;0
1013;18:46:07.880;enp0s25;0;64
1014;18:46:08.888;enp0s25;0;0
1015;18:46:09.898;enp0s25;0;530
1016;18:46:10.905;enp0s25;64;64
1017;18:46:11.913;enp0s25;0;64
1018;18:46:12.920;enp0s25;0;0
1019;18:46:13.927;enp0s25;0;64
1020;18:46:14.933;enp0s25;0;0
1021;18:46:15.940;enp0s25;0;64
1022;18:46:16.947;enp0s25;0;0
1023;18:46:17.954;enp0s25;0;64
1024;18:46:18.960;enp0s25;0;0
1025;18:46:19.967;enp0s25;0;64
1026;18:46:20.974;enp0s25;0;0
1027;18:46:21.981;enp0s25;64;128
1028;18:46:22.987;enp0s25;2578;3758
1029;18:46:23.994;enp0s25;197283;5052063
1030;18:46:25.002;enp0s25;127283;6753990
1031;18:46:26.009;enp0s25;108055;3881804
1032;18:46:27.017;enp0s25;104493;2529231
1033;18:46:28.025;enp0s25;60910;953915
1034;18:46:29.032;enp0s25;100065;2821031
1035;18:46:30.039;enp0s25;42659;1170874
1036;18:46:31.046;enp0s25;85586;1510297
1037;18:46:32.053;enp0s25;32355;276064
1038;18:46:33.059;enp0s25;45438;584441
1039;18:46:34.066;enp0s25;43229;435920
1040;18:46:35.072;enp0s25;39357;515546
1041;18:46:36.079;enp0s25;46179;708273
1042;18:46:37.086;enp0s25;71776;1677201
1043;18:46:38.095;enp0s25;42850;654339
1044;18:46:39.113;enp0s25;58004;1094771
1045;18:46:40.121;enp0s25;37302;494345
1046;18:46:41.128;enp0s25;43966;762584
1047;18:46:42.135;enp0s25;25616;295885
1048;18:46:43.141;enp0s25;30189;1966934
1049;18:46:44.148;enp0s25;21542;311930
1050;18:46:45.155;enp0s25;13801;89906
1051;18:46:46.162;enp0s25;25019;70698
1052;18:46:47.169;enp0s25;18798;474818
1053;18:46:48.176;enp0s25;47026;607406
1054;18:46:49.183;enp0s25;85177;2212421
1055;18:46:50.190;enp0s25;65817;1177233
1056;18:46:51.198;enp0s25;34253;353100
1057;18:46:52.205;enp0s25;49230;418675
1058;18:46:53.215;enp0s25;26545;236957
1059;18:46:54.230;enp0s25;37647;310442
1060;18:46:55.244;enp0s25;47278;328881
1061;18:46:56.251;enp0s25;29292;498528
1062;18:46:57.258;enp0s25;38778;427833
1063;18:46:58.265;enp0s25;70200;1785571
1064;18:46:59.272;enp0s25;52936;824526
1065;18:47:00.279;enp0s25;39807;808671
1066;18:47:01.286;enp0s25;37210;282192
1067;18:47:02.293;enp0s25;1984;99328
1068;18:47:03.300;enp0s25;0;0
1069;18:47:04.306;enp0s25;0;242
1070;18:47:05.313;enp0s25;64;64
1071;18:47:06.320;enp0s25;0;64
1072;18:47:07.326;enp0s25;0;0
1073;18:47:08.333;enp0s25;0;64
1074;18:47:09.340;enp0s25;0;0
1075;18:47:10.351;enp0s25;52284;1306787
1076;18:47:11.359;enp0s25;73998;2381550
1077;18:47:12.366;enp0s25;1920;1024
1078;18:47:13.374;enp0s25;49796;1053277
1079;18:47:14.380;enp0s25;60648;1076380
1080;18:47:15.392;enp0s25;14360;222508
1081;18:47:16.401;enp0s25;20589;219358
1082;18:47:17.408;enp0s25;86287;1308402
1083;18:47:18.419;enp0s25;0;0
1084;18:47:19.426;enp0s25;3283;4247
1085;18:47:20.440;enp0s25;64908;2184730
1086;18:47:21.455;enp0s25;98080;2587690
1087;18:47:22.464;enp0s25;144110;3035569
1088;18:47:23.474;enp0s25;134910;2980218
1089;18:47:24.482;enp0s25;33314;1246946
1090;18:47:25.489;enp0s25;21184;300747
1091;18:47:26.496;enp0s25;141966;2988151
1092;18:47:27.502;enp0s25;3270;297169
1093;18:47:28.509;enp0s25;0;0
1094;18:47:29.516;enp0s25;17225;416171
1095;18:47:30.523;enp0s25;78360;1706185
1096;18:47:31.529;enp0s25;21052;374198
1097;18:47:32.536;enp0s25;58954;1993816
1098;18:47:33.543;enp0s25;9562;179805
1099;18:47:34.549;enp0s25;14006;400191
1100;18:47:35.560;enp0s25;15204;289197
1101;18:47:36.567;enp0s25;11342;222095
1102;18:47:37.583;enp0s25;39874;896363
1103;18:47:38.598;enp0s25;4856;75186
1104;18:47:39.606;enp0s25;40780;910187
1105;18:47:40.613;enp0s25;384;21053
1106;18:47:41.620;enp0s25;88726;1313329
1107;18:47:42.626;enp0s25;101361;2092086
1108;18:47:43.633;enp0s25;10240;366318
1109;18:47:44.640;enp0s25;0;0
1110;18:47:45.647;enp0s25;1920;1024
1111;18:47:46.654;enp0s25;1614;3404
1112;18:47:47.661;enp0s25;0;64
1113;18:47:48.669;enp0s25;0;0
1114;18:47:49.675;enp0s25;64;128
1115;18:47:50.682;enp0s25;0;0
1116;18:47:51.688;enp0s25;0;64
1117;18:47:52.695;enp0s25;0;0
1118;18:47:53.702;enp0s25;0;64
1119;18:47:54.708;enp0s25;0;0
1120;18:47:55.715;enp0s25;0;64
1121;18:47:56.722;enp0s25;0;0
1122;18:47:57.728;enp0s25;0;418
1123;18:47:58.735;enp0s25;0;0
1124;18:47:59.742;enp0s25;0;64
1125;18:48:00.748;enp0s25;64;64
1126;18:48:01.755;enp0s25;0;64
1127;18:48:02.761;enp0s25;0;0
1128;18:48:03.768;enp0s25;0;64
1129;18:48:04.775;enp0s25;0;0
1130;18:48:05.786;enp0s25;0;64
1131;18:48:06.799;enp0s25;0;0
1132;18:48:07.806;enp0s25;0;64
1133;18:48:08.813;enp0s25;0;0
1134;18:48:09.819;enp0s25;0;64
1135;18:48:10.826;enp0s25;0;0
1136;18:48:11.832;enp0s25;64;128
1137;18:48:12.839;enp0s25;0;0
1138;18:48:13.846;enp0s25;0;64
1139;18:48:14.852;enp0s25;0;0
1140;18:48:15.859;enp0s25;0;64
1141;18:48:16.865;enp0s25;11276;221195
1142;18:48:17.872;enp0s25;2008;5627
1143;18:48:18.879;enp0s25;25257;467367
1144;18:48:19.886;enp0s25;28891;791308
1145;18:48:20.893;enp0s25;6148;205039
1146;18:48:21.900;enp0s25;0;64
1147;18:48:22.908;enp0s25;64;64
1148;18:48:23.915;enp0s25;0;64
1149;18:48:24.922;enp0s25;0;0
1150;18:48:25.928;enp0s25;0;64
1151;18:48:26.941;enp0s25;0;0
1152;18:48:27.949;enp0s25;0;64
1153;18:48:28.956;enp0s25;140;171
1154;18:48:29.963;enp0s25;0;64
1155;18:48:30.970;enp0s25;35240;899590
1156;18:48:31.977;enp0s25;73314;2518987
1157;18:48:32.983;enp0s25;54334;1932541
1158;18:48:33.990;enp0s25;64;128
1159;18:48:34.997;enp0s25;0;0
1160;18:48:36.003;enp0s25;0;64
1161;18:48:37.011;enp0s25;0;0
1162;18:48:38.018;enp0s25;0;64
1163;18:48:40.371;enp0s25;0;64
1164;18:48:41.381;enp0s25;0;0
1165;18:48:42.387;enp0s25;0;64
1166;18:48:43.394;enp0s25;0;64
1167;18:48:44.401;enp0s25;64;64
1168;18:48:45.408;enp0s25;0;64
1169;18:48:46.414;enp0s25;114;0
1170;18:48:47.421;enp0s25;43755;1370518
1171;18:48:48.428;enp0s25;0;0
1172;18:48:49.434;enp0s25;0;64
1173;18:48:50.441;enp0s25;0;0
1174;18:48:51.448;enp0s25;0;64
1175;18:48:52.455;enp0s25;0;0
1176;18:48:53.462;enp0s25;85310;3481590
1177;18:48:54.469;enp0s25;56448;2881129
1178;18:48:55.481;enp0s25;64;128
1179;18:48:56.490;enp0s25;0;0
1180;18:48:57.497;enp0s25;0;64
1181;18:48:58.504;enp0s25;472;598
1182;18:48:59.521;enp0s25;12221;325830
1183;18:49:00.529;enp0s25;70;70
1184;18:49:01.536;enp0s25;0;64
1185;18:49:02.543;enp0s25;0;0
1186;18:49:03.550;enp0s25;0;64
1187;18:49:04.557;enp0s25;0;0
1188;18:49:05.563;enp0s25;0;64
1189;18:49:06.570;enp0s25;64;64
1190;18:49:07.577;enp0s25;2400;7061
1191;18:49:08.588;enp0s25;22980;287578
1192;18:49:09.595;enp0s25;14789;282757
1193;18:49:10.602;enp0s25;17575;501356
1194;18:49:11.608;enp0s25;15248;172804
1195;18:49:12.615;enp0s25;138900;3654091
1196;18:49:13.622;enp0s25;118552;3675058
1197;18:49:14.634;enp0s25;48333;1119471
1198;18:49:15.641;enp0s25;23343;748129
1199;18:49:16.649;enp0s25;12934;254473
1200;18:49:17.655;enp0s25;55369;1395884
1201;18:49:18.662;enp0s25;9583;92641
1202;18:49:19.670;enp0s25;20054;242562
1203;18:49:20.676;enp0s25;2563;5478
1204;18:49:21.687;enp0s25;3466;51742
1205;18:49:22.694;enp0s25;12882;177850
1206;18:49:23.704;enp0s25;25807;732711
1207;18:49:24.712;enp0s25;38039;1141228
1208;18:49:25.719;enp0s25;34390;1211624
1209;18:49:26.728;enp0s25;139930;5585769
1210;18:49:27.734;enp0s25;9024;181895
1211;18:49:28.745;enp0s25;128944;5033110
1212;18:49:29.752;enp0s25;16680;507629
1213;18:49:30.760;enp0s25;10037;264929
1214;18:49:31.766;enp0s25;0;64
1215;18:49:32.773;enp0s25;0;0
1216;18:49:33.780;enp0s25;0;64
1217;18:49:34.786;enp0s25;0;0
1218;18:49:35.793;enp0s25;0;64
1219;18:49:36.799;enp0s25;0;0
1220;18:49:37.806;enp0s25;420;875
1221;18:49:38.813;enp0s25;0;1644
