ID; Time; CPU %; MEM %; MEM KiB
1;10:17:57.504;23.4;25.390607;5115328
2;10:17:57.678;20.6;25.465486;5129908
3;10:17:57.847;22.7;25.494615;5135556
4;10:17:58.016;14.7;25.548069;5146544
5;10:17:58.185;3.0;25.551842;5147304
6;10:17:58.361;24.6;25.650310;5167140
7;10:17:58.532;13.4;25.653308;5167744
8;10:17:58.703;3.1;25.657478;5168860
9;10:17:58.873;3.0;25.657716;5168632
10;10:17:59.044;1.5;25.658689;5168680
11;10:17:59.214;3.0;25.653249;5167732
12;10:17:59.386;6.1;25.527041;5145016
13;10:17:59.564;18.8;25.594871;5155972
14;10:17:59.737;3.1;25.595526;5156104
15;10:17:59.909;2.6;25.598921;5156788
16;10:18:00.079;1.5;25.599993;5156716
17;10:18:00.249;6.2;25.599954;5156848
18;10:18:00.420;2.9;25.600510;5157108
19;10:18:00.589;1.5;25.603210;5157652
20;10:18:00.759;3.1;25.600768;5157160
21;10:18:00.930;1.6;25.600847;5157176
22;10:18:01.101;0.0;25.600728;5157152
23;10:18:01.271;1.6;25.600291;5157064
24;10:18:01.441;3.1;25.602793;5157348
25;10:18:01.611;1.5;25.601383;5157284
26;10:18:01.784;4.5;25.601820;5157372
27;10:18:01.960;4.3;25.599795;5157216
28;10:18:02.138;7.1;25.600609;5157128
29;10:18:02.314;4.3;25.600053;5157016
30;10:18:02.491;4.5;25.601225;5157032
31;10:18:02.669;4.5;25.598544;5156712
32;10:18:02.845;4.5;25.599715;5156948
33;10:18:03.020;2.8;25.600708;5157148
34;10:18:03.193;4.3;25.603071;5157624
35;10:18:03.369;3.0;25.612265;5159476
36;10:18:03.547;4.5;25.604461;5157736
37;10:18:03.718;6.0;25.602078;5157272
38;10:18:03.890;4.3;25.603071;5157624
39;10:18:04.063;6.1;25.611054;5159380
40;10:18:04.239;4.5;25.619731;5160980
41;10:18:04.417;4.5;25.603051;5157320
42;10:18:04.592;4.3;25.600132;5156880
43;10:18:04.765;2.9;25.599140;5156832
44;10:18:04.937;1.5;25.599775;5157000
45;10:18:05.111;4.2;25.592925;5155832
46;10:18:05.285;1.5;25.594970;5155992
47;10:18:05.457;2.9;25.597670;5156536
48;10:18:05.629;4.5;25.596836;5156368
49;10:18:05.802;1.5;25.598643;5156732
50;10:18:05.974;1.5;25.599239;5156684
51;10:18:06.148;5.7;25.599179;5156620
52;10:18:06.319;2.8;25.596658;5156584
53;10:18:06.491;4.2;25.594195;5155152
54;10:18:06.665;4.3;25.600430;5157344
55;10:18:06.837;5.6;25.601125;5157484
56;10:18:07.009;3.0;25.612999;5159876
57;10:18:07.181;5.6;25.615442;5160116
58;10:18:07.353;6.7;25.622411;5161300
59;10:18:07.525;6.8;25.625628;5162168
60;10:18:07.696;7.8;25.630453;5163140
61;10:18:07.868;10.3;25.631665;5163384
62;10:18:08.040;11.0;25.643241;5165716
63;10:18:08.211;15.5;25.646775;5166940
64;10:18:08.384;9.0;25.649158;5166748
65;10:18:08.558;14.1;25.661052;5169464
66;10:18:08.732;12.9;25.661052;5169456
67;10:18:08.905;15.1;25.674396;5171992
68;10:18:09.078;13.4;25.673244;5171760
69;10:18:09.251;13.2;25.745323;5186280
70;10:18:09.421;1.5;25.766153;5190476
71;10:18:09.591;3.2;25.784321;5194136
72;10:18:09.761;6.0;25.905664;5218864
73;10:18:09.933;3.0;26.022142;5244060
74;10:18:10.104;1.5;26.174700;5272668
75;10:18:10.274;1.5;26.341177;5305944
76;10:18:10.444;1.5;26.493218;5336356
77;10:18:10.615;6.2;26.490934;5336584
78;10:18:10.789;4.8;26.493754;5337300
79;10:18:10.959;1.6;26.494806;5337260
80;10:18:11.129;3.1;26.605049;5359392
81;10:18:11.300;3.0;26.679134;5374064
82;10:18:11.471;5.9;26.740351;5386396
83;10:18:11.642;1.5;26.742019;5387060
84;10:18:11.812;0.0;26.739220;5386748
85;10:18:11.982;1.6;26.741761;5387008
86;10:18:12.152;1.6;26.745991;5387860
87;10:18:12.322;1.5;26.740709;5386796
88;10:18:12.491;3.1;26.745097;5387680
89;10:18:12.660;3.0;26.744879;5387636
90;10:18:12.831;1.5;26.743926;5387444
91;10:18:13.002;1.5;26.743906;5387292
92;10:18:13.171;1.6;26.743509;5387212
93;10:18:13.340;1.5;26.752940;5389260
94;10:18:13.509;1.5;26.754072;5389488
95;10:18:13.678;1.5;26.754430;5389560
96;10:18:13.848;1.6;26.764398;5391568
97;10:18:14.017;1.6;26.765649;5391820
98;10:18:14.186;1.6;26.765152;5391720
99;10:18:14.357;1.5;26.762730;5391232
100;10:18:14.526;3.0;26.762650;5391216
101;10:18:14.694;1.6;26.762928;5391272
102;10:18:14.864;1.5;26.764378;5391344
103;10:18:15.034;1.5;26.864911;5411816
104;10:18:15.203;2.9;27.168259;5472972
105;10:18:15.373;0.0;27.191153;5477536
106;10:18:15.544;4.5;27.192325;5477772
107;10:18:15.713;0.0;27.192901;5477740
108;10:18:15.883;3.1;27.192920;5477892
109;10:18:16.052;1.6;27.192841;5477876
110;10:18:16.221;1.4;27.193079;5477924
111;10:18:16.390;1.6;27.191391;5477876
112;10:18:16.561;0.0;27.195224;5478356
113;10:18:16.731;3.0;27.194449;5478200
114;10:18:16.901;0.0;27.194489;5478208
115;10:18:17.070;1.5;27.194152;5477988
116;10:18:17.240;1.5;27.193556;5477872
117;10:18:17.409;0.0;27.195283;5478368
118;10:18:17.578;1.6;27.195283;5478368
119;10:18:17.748;1.5;27.193516;5478012
120;10:18:17.917;1.6;27.190419;5477388
121;10:18:18.087;1.6;27.192801;5477868
122;10:18:18.256;3.0;27.193000;5477908
123;10:18:18.426;3.0;27.191332;5477572
124;10:18:18.595;1.6;27.202035;5479728
125;10:18:18.765;1.6;27.233070;5485980
126;10:18:18.934;1.5;27.336483;5506812
127;10:18:19.104;4.5;27.335510;5506616
128;10:18:19.274;0.0;27.335689;5506652
129;10:18:19.444;3.0;27.336940;5506904
130;10:18:19.613;1.6;27.336940;5506904
131;10:18:19.782;1.5;27.338151;5507148
132;10:18:19.952;1.5;27.337257;5506968
133;10:18:20.121;1.5;27.335808;5506676
134;10:18:20.290;3.0;27.336483;5506812
135;10:18:20.466;4.5;27.340156;5507552
136;10:18:20.644;5.6;27.340434;5507608
137;10:18:20.821;4.5;27.339362;5507392
138;10:18:20.997;5.9;27.339322;5507384
139;10:18:21.174;4.4;27.339203;5507360
140;10:18:21.350;2.9;27.341785;5507880
141;10:18:21.529;3.1;27.341665;5507856
142;10:18:21.703;5.8;27.341785;5507880
143;10:18:21.881;4.3;27.341824;5507888
144;10:18:22.057;4.5;27.339600;5507440
145;10:18:22.233;4.6;27.337952;5507108
146;10:18:22.407;3.1;27.337138;5506944
147;10:18:22.577;2.9;27.342638;5508052
148;10:18:22.747;6.0;27.343889;5508304
149;10:18:22.917;0.0;27.343572;5508020
150;10:18:23.087;3.1;27.346272;5508944
151;10:18:23.257;1.6;27.346173;5508764
152;10:18:23.427;4.3;27.347424;5508796
153;10:18:23.597;3.0;27.354731;5510488
154;10:18:23.767;1.5;27.357312;5511008
155;10:18:23.937;0.0;27.356558;5510856
156;10:18:24.107;0.0;27.356915;5511180
157;10:18:24.277;1.5;27.360589;5511592
158;10:18:24.448;1.5;27.533141;5546208
159;10:18:24.618;2.9;27.545214;5549112
160;10:18:24.788;3.0;27.547716;5549364
161;10:18:24.957;3.1;27.550238;5549872
162;10:18:25.127;4.5;27.551449;5550116
163;10:18:25.297;1.6;27.551489;5550124
164;10:18:25.466;1.5;27.554189;5550668
165;10:18:25.635;1.6;27.554189;5550668
166;10:18:25.805;1.6;27.574125;5554684
167;10:18:25.974;1.6;27.573927;5554644
168;10:18:26.144;0.0;27.574284;5554716
169;10:18:26.314;1.6;27.574165;5554692
170;10:18:26.483;3.0;27.574244;5554708
171;10:18:26.653;1.5;27.574324;5554724
172;10:18:26.822;0.0;27.574284;5554716
173;10:18:26.991;1.5;27.574086;5554676
174;10:18:27.161;3.1;27.573192;5554496
175;10:18:27.331;10.6;27.556910;5551216
176;10:18:27.501;1.5;27.556910;5551216
177;10:18:27.671;1.6;27.556910;5551216
178;10:18:27.841;1.5;27.558161;5551468
179;10:18:28.010;3.2;27.562152;5552272
180;10:18:28.180;4.9;27.555758;5551268
181;10:18:28.350;4.4;27.555480;5550928
182;10:18:28.520;1.6;27.555202;5551164
183;10:18:28.690;0.0;27.557903;5551416
184;10:18:28.861;3.0;27.557664;5551368
185;10:18:29.030;3.0;27.557863;5551188
186;10:18:29.200;3.0;27.556552;5551144
187;10:18:29.371;4.4;27.557803;5551396
188;10:18:29.549;3.0;27.556453;5551124
189;10:18:29.718;2.9;27.556671;5551168
190;10:18:29.889;1.6;27.555579;5550948
191;10:18:30.059;3.1;27.558161;5551468
192;10:18:30.229;3.0;27.557903;5551416
193;10:18:30.399;0.0;27.557823;5551400
194;10:18:30.569;0.0;27.557783;5551392
195;10:18:30.738;1.6;27.558756;5551588
196;10:18:30.908;1.6;27.556810;5551196
197;10:18:31.078;1.6;27.558101;5551456
198;10:18:31.248;4.5;27.557029;5551240
199;10:18:31.417;1.6;27.557069;5551248
200;10:18:31.587;1.6;27.558240;5551484
201;10:18:31.757;0.0;27.558041;5551628
202;10:18:31.926;1.5;27.559570;5551752
203;10:18:32.097;3.0;27.560901;5551800
204;10:18:32.267;3.0;27.558856;5551608
205;10:18:32.437;3.1;27.557525;5551340
206;10:18:32.607;1.5;27.557625;5551360
207;10:18:32.777;6.5;27.548451;5549512
208;10:18:32.946;22.4;27.650195;5570008
209;10:18:33.118;3.1;27.648825;5569732
210;10:18:33.289;18.5;27.659647;5571880
211;10:18:33.460;3.1;27.659965;5571976
212;10:18:33.630;18.5;27.647773;5570276
213;10:18:33.801;23.1;27.657820;5571544
214;10:18:33.981;3.1;27.654306;5570836
215;10:18:34.151;1.5;27.655100;5570996
216;10:18:34.321;3.0;27.655120;5571000
217;10:18:34.495;3.1;27.658773;5571588
218;10:18:34.668;2.9;27.659290;5571840
219;10:18:34.842;4.4;27.658078;5571848
220;10:18:35.022;1.5;27.657880;5571588
221;10:18:35.199;3.0;27.654623;5570188
222;10:18:35.370;4.5;27.652916;5570808
223;10:18:35.546;3.1;27.655338;5571044
224;10:18:35.718;3.0;27.656589;5571296
225;10:18:35.894;4.6;27.657999;5571832
226;10:18:36.069;6.1;27.658356;5571904
227;10:18:36.238;4.5;27.659786;5571940
228;10:18:36.414;3.0;27.658853;5571752
229;10:18:36.586;3.1;27.657701;5571300
230;10:18:36.758;11.3;27.576627;5555188
231;10:18:36.927;15.9;27.649997;5569968
232;10:18:37.101;0.0;27.648091;5569540
233;10:18:37.271;6.1;27.551270;5550080
234;10:18:37.441;0.0;27.551429;5550112
235;10:18:37.612;1.5;27.552601;5550348
236;10:18:37.781;4.6;27.552680;5550364
237;10:18:37.953;7.6;27.569955;5553624
238;10:18:38.125;3.0;27.567851;5553608
239;10:18:38.298;2.9;27.572616;5554380
240;10:18:38.468;1.5;27.572576;5554372
241;10:18:38.638;4.4;27.578831;5555900
242;10:18:38.814;1.6;27.578871;5555492
243;10:18:38.988;18.5;27.676803;5575368
244;10:18:39.158;12.5;27.676386;5575284
245;10:18:39.328;1.5;27.677617;5575532
246;10:18:39.497;3.1;27.679841;5575980
247;10:18:39.666;3.0;27.678054;5575620
248;10:18:39.841;3.1;27.677478;5575504
249;10:18:40.016;4.3;27.677280;5575244
250;10:18:40.193;1.5;27.677240;5575456
251;10:18:40.372;3.2;27.675910;5575456
252;10:18:40.545;0.0;27.674996;5575004
253;10:18:40.717;1.6;27.676783;5575364
254;10:18:40.887;3.0;27.676783;5575364
255;10:18:41.059;7.4;27.585463;5556968
256;10:18:41.232;3.1;27.586099;5557096
257;10:18:41.404;2.9;27.586039;5557084
258;10:18:41.573;3.0;27.585304;5557036
259;10:18:41.743;4.5;27.587171;5557312
260;10:18:41.922;3.1;27.588561;5557592
261;10:18:42.092;4.4;27.590010;5557884
262;10:18:42.261;1.4;27.590189;5557920
263;10:18:42.431;1.5;27.590308;5558000
264;10:18:42.601;3.1;27.587310;5557340
265;10:18:42.771;0.0;27.592592;5558404
266;10:18:42.941;1.6;27.592592;5558404
267;10:18:43.111;4.5;27.590288;5557940
268;10:18:43.281;5.9;27.592314;5558348
269;10:18:43.458;5.8;27.592989;5558484
270;10:18:43.632;0.0;27.589613;5558076
271;10:18:43.805;4.5;27.597516;5559396
272;10:18:43.980;3.0;27.605836;5561072
273;10:18:44.158;3.1;27.596226;5559136
274;10:18:44.328;3.0;27.628333;5565604
275;10:18:44.498;3.0;27.677558;5575520
276;10:18:44.668;4.5;27.776403;5595432
277;10:18:44.838;2.9;27.810417;5602208
278;10:18:45.009;1.5;27.892087;5618736
279;10:18:45.179;1.5;27.890439;5618656
280;10:18:45.349;0.0;27.891491;5618868
281;10:18:45.520;0.0;27.893517;5619056
282;10:18:45.690;0.0;27.893835;5619088
283;10:18:45.860;3.1;27.895224;5619368
284;10:18:46.029;1.6;27.895582;5619440
285;10:18:46.198;4.5;27.894748;5619272
286;10:18:46.368;1.5;27.894748;5619272
287;10:18:46.538;3.0;27.894748;5619272
288;10:18:46.708;1.6;27.894748;5619272
289;10:18:46.878;1.5;27.897409;5619588
290;10:18:47.048;2.9;27.895006;5619576
291;10:18:47.218;4.4;27.896257;5619576
292;10:18:47.388;4.5;27.896535;5619884
293;10:18:47.558;1.4;27.919449;5624248
294;10:18:47.728;3.0;27.926280;5625624
295;10:18:47.898;3.1;27.938571;5628100
296;10:18:48.068;1.5;27.959857;5632388
297;10:18:48.238;3.1;28.328970;5706744
298;10:18:48.407;4.3;28.328970;5706744
299;10:18:48.577;3.0;28.328930;5706736
300;10:18:48.747;1.5;28.331471;5707248
301;10:18:48.916;1.6;28.331471;5707248
302;10:18:49.086;1.6;28.330359;5706804
303;10:18:49.255;0.0;28.330896;5707132
304;10:18:49.425;1.6;28.330935;5707140
305;10:18:49.595;1.4;28.350792;5711140
306;10:18:49.764;1.5;28.352122;5711408
307;10:18:49.934;0.0;28.352122;5711408
308;10:18:50.103;0.0;28.352321;5711228
309;10:18:50.273;3.1;28.346940;5709984
310;10:18:50.446;3.1;28.347774;5710784
311;10:18:50.617;4.5;28.349660;5710912
312;10:18:50.787;1.6;28.349541;5711140
313;10:18:50.956;0.0;28.346781;5710332
314;10:18:51.127;10.8;28.353274;5711420
315;10:18:51.297;1.6;28.352221;5711428
316;10:18:51.468;3.0;28.353254;5711416
317;10:18:51.638;0.0;28.352162;5711416
318;10:18:51.808;3.0;28.351288;5711520
319;10:18:51.985;0.0;28.351467;5711276
320;10:18:52.156;1.6;28.351050;5711192
321;10:18:52.326;3.1;28.353512;5711540
322;10:18:52.497;1.5;28.351129;5711208
323;10:18:52.666;1.5;28.352698;5711524
324;10:18:52.835;1.6;28.352698;5711524
325;10:18:53.005;0.0;28.351209;5711224
326;10:18:53.175;1.6;28.352837;5711552
327;10:18:53.345;4.5;28.353274;5711744
328;10:18:53.523;4.3;28.355974;5712420
329;10:18:53.702;2.9;28.356848;5712360
330;10:18:53.881;3.0;28.360958;5713188
331;10:18:54.057;6.0;28.360998;5713196
332;10:18:54.236;3.1;28.358854;5712764
333;10:18:54.410;1.6;28.358675;5712508
334;10:18:54.587;4.8;28.357325;5712456
335;10:18:54.761;1.9;28.357801;5712552
336;10:18:54.932;5.7;28.359985;5712992
337;10:18:55.106;4.5;28.367372;5714328
338;10:18:55.282;3.1;28.372694;5715492
339;10:18:55.459;1.7;28.353750;5711736
340;10:18:55.630;3.3;28.352777;5711540
341;10:18:55.803;5.1;28.355796;5712148
342;10:18:55.977;4.5;28.362944;5713588
343;10:18:56.151;1.8;28.358496;5712692
344;10:18:56.322;1.9;28.356669;5712324
345;10:18:56.494;0.0;28.355279;5712044
346;10:18:56.665;1.8;28.355657;5712280
347;10:18:56.837;0.0;28.357344;5712460
348;10:18:57.009;3.5;28.358953;5712784
349;10:18:57.182;3.7;28.357523;5712196
350;10:18:57.353;0.0;28.356074;5712204
351;10:18:57.525;3.4;28.357364;5712464
352;10:18:57.700;0.0;28.359271;5713016
353;10:18:57.872;0.0;28.358357;5712664
354;10:18:58.044;6.2;28.360244;5713044
355;10:18:58.222;6.1;28.364116;5713824
356;10:18:58.398;6.2;28.366776;5714360
357;10:18:58.568;3.0;28.358039;5712380
358;10:18:58.743;3.1;28.353393;5711664
359;10:18:58.917;1.7;28.354723;5712092
360;10:18:59.091;4.6;28.357285;5712448
361;10:18:59.271;1.6;28.358278;5712648
362;10:18:59.448;3.2;28.355498;5712120
363;10:18:59.619;3.0;28.360422;5713080
364;10:18:59.798;3.0;28.366856;5714376
365;10:18:59.974;4.8;28.378849;5716572
366;10:19:00.148;6.2;28.376228;5716088
367;10:19:00.323;4.4;28.360998;5713196
368;10:19:00.497;3.0;28.360998;5713196
369;10:19:00.669;3.1;28.364374;5713876
370;10:19:00.842;4.4;28.358159;5712624
371;10:19:01.016;3.2;28.360462;5713340
372;10:19:01.188;3.0;28.360065;5713008
373;10:19:01.362;3.0;28.359112;5712976
374;10:19:01.535;3.3;28.362189;5713436
375;10:19:01.707;3.1;28.362666;5713312
376;10:19:01.878;1.4;28.364096;5713820
377;10:19:02.053;3.1;28.372694;5715552
378;10:19:02.229;1.6;28.363004;5713600
379;10:19:02.401;3.0;28.363321;5713664
380;10:19:02.574;1.5;28.364076;5713816
381;10:19:02.747;3.0;28.368087;5714624
382;10:19:02.925;1.5;28.373845;5715784
383;10:19:03.102;4.6;28.378670;5716916
384;10:19:03.277;4.6;28.367034;5714412
385;10:19:03.452;2.8;28.363778;5713908
386;10:19:03.626;2.9;28.365962;5714196
387;10:19:03.799;4.3;28.364314;5713864
388;10:19:03.972;4.3;28.364930;5713988
389;10:19:04.144;5.6;28.365644;5713984
390;10:19:04.314;3.1;28.370509;5715112
391;10:19:04.490;4.9;28.358437;5712680
392;10:19:04.660;4.5;28.364135;5713828
393;10:19:04.836;6.1;28.368107;5714880
394;10:19:05.010;4.7;28.369814;5714972
395;10:19:05.185;4.5;28.370291;5715068
396;10:19:05.361;6.9;28.361395;5713276
397;10:19:05.538;5.8;28.358715;5712736
398;10:19:05.710;5.9;28.362249;5713448
399;10:19:05.885;4.1;28.362328;5713716
400;10:19:06.059;5.6;28.365347;5714072
401;10:19:06.233;1.6;28.371343;5715164
402;10:19:06.410;1.5;28.365009;5713784
403;10:19:06.583;6.7;28.363440;5713688
404;10:19:06.759;4.4;28.368365;5714680
405;10:19:06.934;3.1;28.376685;5716356
406;10:19:07.110;4.5;28.369397;5714408
407;10:19:07.288;5.9;28.371304;5715272
408;10:19:07.465;3.1;28.364830;5713968
409;10:19:07.636;7.0;28.364771;5713956
410;10:19:07.809;5.9;28.362249;5713448
411;10:19:07.982;5.4;28.363619;5713724
412;10:19:08.157;4.3;28.363520;5713704
413;10:19:08.330;4.3;28.363838;5713768
414;10:19:08.503;2.9;28.364930;5713988
415;10:19:08.674;1.5;28.366022;5714208
416;10:19:08.847;7.0;28.365883;5714180
417;10:19:09.025;4.4;28.367094;5714204
418;10:19:09.200;3.0;28.365605;5714124
419;10:19:09.377;3.1;28.368961;5714612
420;10:19:09.553;4.6;28.368444;5714696
421;10:19:09.729;6.1;28.367193;5714444
422;10:19:09.906;6.0;28.368901;5714788
423;10:19:10.080;5.8;28.371224;5715256
424;10:19:10.253;6.2;28.370470;5715104
425;10:19:10.428;3.0;28.369318;5714872
426;10:19:10.606;3.1;28.368246;5714656
427;10:19:10.780;6.2;28.367273;5714460
428;10:19:10.952;3.1;28.368782;5714764
429;10:19:11.129;7.2;28.369099;5714828
430;10:19:11.306;1.6;28.369060;5714820
431;10:19:11.481;3.0;28.369298;5715120
432;10:19:11.658;4.5;28.374222;5715860
433;10:19:11.836;3.1;28.375136;5715896
434;10:19:12.011;1.6;28.373726;5715760
435;10:19:12.181;7.1;28.372416;5715496
436;10:19:12.356;3.1;28.369735;5715240
437;10:19:12.529;1.7;28.375791;5716176
438;10:19:12.701;7.6;28.375950;5716256
439;10:19:12.873;2.7;28.381232;5717272
440;10:19:13.052;2.9;28.376764;5716648
441;10:19:13.225;6.1;28.383714;5717740
442;10:19:13.404;1.6;28.428768;5728864
443;10:19:13.575;2.9;28.459824;5733104
444;10:19:13.745;1.5;28.461452;5733432
445;10:19:13.914;1.5;28.463835;5733912
446;10:19:14.084;4.5;28.472989;5736036
447;10:19:14.253;3.2;28.524159;5746064
448;10:19:14.424;4.4;28.522590;5745744
449;10:19:14.596;3.1;28.527793;5746796
450;10:19:14.766;0.0;28.525489;5746332
451;10:19:14.936;3.0;28.534266;5748100
452;10:19:15.106;1.5;28.681283;5777716
453;10:19:15.276;1.6;28.856675;5813048
454;10:19:15.447;1.5;29.012946;5844528
455;10:19:15.616;3.1;29.166318;5875968
456;10:19:15.787;2.9;29.169276;5876272
457;10:19:15.958;3.1;29.270485;5898464
458;10:19:16.128;3.1;29.302195;5903048
459;10:19:16.298;4.5;29.300011;5902280
460;10:19:16.469;3.0;29.424075;5927348
461;10:19:16.638;1.4;29.581834;5959128
462;10:19:16.808;4.3;29.715409;5985996
463;10:19:16.980;4.6;29.778513;5999000
464;10:19:17.151;3.2;29.822634;6007636
465;10:19:17.320;0.0;29.823349;6008036
466;10:19:17.491;1.6;29.823349;6007780
467;10:19:17.661;1.5;29.822376;6007584
468;10:19:17.831;3.0;29.824123;6008188
469;10:19:18.001;1.5;29.836375;6010404
470;10:19:18.171;0.0;29.946836;6034956
471;10:19:18.341;3.0;30.090279;6061876
472;10:19:18.512;1.5;30.090776;6061652
473;10:19:18.683;0.0;30.123400;6068476
474;10:19:18.853;1.5;30.123281;6068200
475;10:19:19.023;1.5;30.122209;6067984
476;10:19:19.193;3.1;30.119786;6067748
477;10:19:19.363;3.1;30.274210;6098856
478;10:19:19.533;1.5;30.272403;6098240
479;10:19:19.703;3.1;30.275203;6098804
480;10:19:19.873;1.4;30.275441;6098852
481;10:19:20.043;3.0;30.280107;6099792
482;10:19:20.215;1.5;30.279214;6099612
483;10:19:20.385;3.0;30.274806;6098976
484;10:19:20.555;3.1;30.276851;6099136
485;10:19:20.724;1.6;30.285985;6101228
486;10:19:20.895;3.0;30.287792;6101340
487;10:19:21.065;3.2;30.293967;6102584
488;10:19:21.236;3.0;30.296449;6103084
489;10:19:21.406;3.1;30.305881;6104984
490;10:19:21.576;1.5;30.314022;6106624
491;10:19:21.746;3.1;30.313983;6106868
492;10:19:21.916;1.5;30.324705;6108776
493;10:19:22.086;1.5;30.338029;6111460
494;10:19:22.256;3.0;30.376094;6119128
495;10:19:22.426;4.5;30.460960;6136224
496;10:19:22.597;3.1;30.459729;6135976
497;10:19:22.768;4.5;30.457049;6135436
498;10:19:22.937;1.6;30.460444;6136120
499;10:19:23.108;3.1;30.489375;6141948
500;10:19:23.278;3.0;30.485384;6141144
501;10:19:23.449;3.0;30.487032;6141476
502;10:19:23.619;0.0;30.485860;6141240
503;10:19:23.789;0.0;30.487310;6141532
504;10:19:23.959;1.5;30.497953;6143928
505;10:19:24.129;3.0;30.510065;6146116
506;10:19:24.299;3.1;30.523210;6148764
507;10:19:24.469;1.5;30.522317;6148584
508;10:19:24.640;1.5;30.531888;6150764
509;10:19:24.810;4.2;30.543047;6153280
510;10:19:24.980;1.6;30.546244;6153656
511;10:19:25.151;1.5;30.552876;6155128
512;10:19:25.321;3.1;30.606429;6165452
513;10:19:25.491;0.0;30.660816;6176156
514;10:19:25.661;3.0;30.658910;6176100
515;10:19:25.831;1.5;30.662107;6176996
516;10:19:26.002;4.4;30.660895;6176500
517;10:19:26.172;1.6;30.661769;6176676
518;10:19:26.345;0.0;30.691454;6182908
519;10:19:26.515;1.4;30.721894;6189040
520;10:19:26.686;2.9;30.723304;6189836
521;10:19:26.856;1.5;30.725667;6189548
522;10:19:27.027;3.0;30.725588;6189532
523;10:19:27.198;0.0;30.726521;6189720
524;10:19:27.368;4.7;30.729420;6190304
525;10:19:27.539;1.6;30.725449;6189504
526;10:19:27.709;7.0;30.725191;6189452
527;10:19:27.880;1.6;30.723602;6189384
528;10:19:28.051;3.0;30.724932;6189652
529;10:19:28.221;1.5;30.724396;6188964
530;10:19:28.391;1.6;31.063644;6257884
531;10:19:28.565;3.1;31.064121;6257728
532;10:19:28.734;3.1;31.066265;6258160
533;10:19:28.903;1.5;31.066146;6258136
534;10:19:29.073;3.0;31.067516;6258412
535;10:19:29.242;4.6;31.064856;6257876
536;10:19:29.412;1.6;31.065054;6258184
537;10:19:29.582;1.5;31.063922;6257688
538;10:19:29.753;1.6;31.064081;6257720
539;10:19:29.923;1.6;31.064081;6258004
540;10:19:30.093;3.0;31.065372;6257980
541;10:19:30.263;3.1;31.065292;6258216
542;10:19:30.433;3.0;31.068529;6258616
543;10:19:30.602;1.5;31.069423;6258796
544;10:19:30.772;1.6;31.068827;6258676
545;10:19:30.942;4.7;31.067655;6258220
546;10:19:31.112;3.0;31.068033;6258516
547;10:19:31.282;9.4;31.066821;6258272
548;10:19:31.451;4.5;31.072699;6259456
549;10:19:31.622;6.2;31.151509;6275332
550;10:19:31.792;3.0;31.151311;6275292
551;10:19:31.961;1.5;31.154011;6275836
552;10:19:32.131;4.5;31.154011;6275836
553;10:19:32.301;1.5;31.154250;6275884
554;10:19:32.471;0.0;31.154667;6275968
555;10:19:32.641;0.0;31.153872;6275588
556;10:19:32.811;3.2;31.151291;6275288
557;10:19:32.981;2.9;31.152006;6275432
558;10:19:33.151;1.6;31.151509;6275184
559;10:19:33.321;1.6;31.151390;6275308
560;10:19:33.491;1.5;31.151311;6275292
561;10:19:33.661;4.5;31.151311;6275292
562;10:19:33.831;3.1;31.153495;6275732
563;10:19:34.001;1.5;31.153574;6275748
564;10:19:34.176;3.1;31.156573;6276352
565;10:19:34.350;3.0;31.160683;6277180
566;10:19:34.528;3.1;31.159035;6276848
567;10:19:34.699;1.6;31.160921;6277228
568;10:19:34.873;3.2;31.162569;6277560
569;10:19:35.045;3.2;31.161596;6277144
570;10:19:35.217;1.6;31.158320;6276704
571;10:19:35.391;4.5;31.158479;6276988
572;10:19:35.570;3.0;31.159412;6276924
573;10:19:35.746;3.0;31.159909;6276804
574;10:19:35.920;3.2;31.158539;6276748
575;10:19:36.090;4.3;31.159035;6276848
576;10:19:36.268;8.7;31.160564;6277156
577;10:19:36.442;3.2;31.157983;6276888
578;10:19:36.615;1.6;31.158539;6276748
579;10:19:36.787;2.9;31.160604;6277164
580;10:19:36.964;3.1;31.160206;6277084
581;10:19:37.140;3.0;31.160206;6277084
582;10:19:37.314;4.8;31.158419;6276724
583;10:19:37.489;3.0;31.155183;6276144
584;10:19:37.668;2.9;31.155223;6276332
585;10:19:37.845;1.6;31.155520;6276140
586;10:19:38.060;3.0;31.158916;6276824
587;10:19:38.236;1.6;31.159710;6276984
588;10:19:38.407;1.6;31.157347;6276508
589;10:19:38.581;3.1;31.156235;6276284
590;10:19:38.754;4.8;31.157248;6276268
591;10:19:38.928;3.0;31.152641;6275812
592;10:19:39.102;1.6;31.156791;6276176
593;10:19:39.278;1.6;31.155798;6276196
594;10:19:39.450;6.1;31.153217;6275676
595;10:19:39.627;1.6;31.152145;6275460
596;10:19:39.798;1.6;31.152780;6275588
597;10:19:39.972;4.5;31.152681;6275568
598;10:19:40.143;3.1;31.154408;6275916
599;10:19:40.321;3.1;31.153753;6275784
600;10:19:40.493;1.5;31.155342;6276104
601;10:19:40.663;1.6;31.158380;6276716
602;10:19:40.837;3.2;31.157824;6276604
603;10:19:41.011;1.6;31.158697;6276780
604;10:19:41.183;4.6;31.155123;6276060
605;10:19:41.361;1.7;31.155858;6276208
606;10:19:41.533;3.1;31.155818;6276200
607;10:19:41.706;3.0;31.155898;6276216
608;10:19:41.880;3.1;31.153674;6275768
609;10:19:42.053;3.2;31.153336;6275700
610;10:19:42.226;1.5;31.154428;6275920
611;10:19:42.400;4.5;31.153177;6275668
612;10:19:42.578;1.5;31.154150;6275864
613;10:19:42.755;3.0;31.152820;6275596
614;10:19:42.926;1.6;31.152462;6275524
615;10:19:43.099;0.0;31.152184;6275468
616;10:19:43.273;2.9;31.152026;6275436
617;10:19:43.446;1.5;31.153674;6276052
618;10:19:43.616;1.6;31.155163;6276360
619;10:19:43.786;3.1;31.154071;6275848
620;10:19:43.963;4.4;31.154945;6276276
621;10:19:44.138;4.7;31.158975;6276836
622;10:19:44.309;3.0;31.158181;6276676
623;10:19:44.486;4.7;31.158658;6276772
624;10:19:44.659;1.5;31.154587;6275952
625;10:19:44.830;3.0;31.153713;6275776
626;10:19:45.001;4.3;31.153396;6275744
627;10:19:45.171;5.9;31.154587;6275952
628;10:19:45.345;3.3;31.156970;6276432
629;10:19:45.521;1.5;31.157903;6276620
630;10:19:45.696;3.0;31.158499;6276740
631;10:19:45.872;1.6;31.159055;6276852
632;10:19:46.046;1.6;31.158062;6276652
633;10:19:46.221;3.1;31.159154;6276696
634;10:19:46.392;4.6;31.157268;6276272
635;10:19:46.565;1.5;31.159353;6276764
636;10:19:46.743;3.1;31.155242;6275788
637;10:19:46.916;3.0;31.153277;6275688
638;10:19:47.091;4.6;31.154607;6276216
639;10:19:47.263;1.5;31.154468;6275928
640;10:19:47.437;4.5;31.156473;6276332
641;10:19:47.609;3.0;31.155540;6276144
642;10:19:47.781;1.6;31.155858;6276208
643;10:19:47.954;3.2;31.156176;6276524
644;10:19:48.124;3.0;31.157268;6276492
645;10:19:48.296;3.0;31.156990;6276216
646;10:19:48.472;4.3;31.155064;6276048
647;10:19:48.649;6.1;31.154587;6275952
648;10:19:48.826;4.6;31.154587;6275952
649;10:19:49.002;3.0;31.157387;6276516
650;10:19:49.180;6.0;31.152999;6275480
651;10:19:49.353;4.5;31.154210;6275876
652;10:19:49.530;5.9;31.157685;6276868
653;10:19:49.706;3.0;31.160067;6276836
654;10:19:49.882;6.0;31.158856;6277096
655;10:19:50.058;3.2;31.161557;6277208
656;10:19:50.228;7.5;31.159968;6277036
657;10:19:50.401;4.5;31.158757;6276748
658;10:19:50.574;3.1;31.155798;6276448
659;10:19:50.749;3.0;31.157804;6276600
660;10:19:50.924;0.0;31.158042;6276648
661;10:19:51.098;2.9;31.157466;6276532
662;10:19:51.271;1.6;31.158876;6276816
663;10:19:51.442;4.5;31.156990;6276436
664;10:19:51.619;4.5;31.157168;6276472
665;10:19:51.792;1.6;31.157347;6276288
666;10:19:51.962;4.4;31.156454;6276328
667;10:19:52.136;3.0;31.155520;6276140
668;10:19:52.308;3.2;31.154627;6275960
669;10:19:52.479;4.6;31.153217;6275676
670;10:19:52.653;3.1;31.152661;6275564
671;10:19:52.828;3.0;31.155342;6275884
672;10:19:53.003;3.0;31.153972;6275828
673;10:19:53.180;4.5;31.155342;6276120
674;10:19:53.356;3.0;31.156692;6276376
675;10:19:53.531;4.6;31.161497;6277344
676;10:19:53.702;3.0;31.162669;6277580
677;10:19:53.875;3.1;31.173113;6279684
678;10:19:54.050;1.6;31.180500;6281172
679;10:19:54.221;2.9;31.184412;6281960
680;10:19:54.398;3.0;31.193387;6283768
681;10:19:54.567;4.5;31.195611;6284476
682;10:19:54.741;4.5;31.199046;6284908
683;10:19:54.911;3.0;31.200336;6285168
684;10:19:55.086;3.0;31.201429;6285168
685;10:19:55.263;4.5;31.200019;6285104
686;10:19:55.441;4.4;31.202680;6285640
687;10:19:55.618;3.1;31.201746;6285452
688;10:19:55.788;1.6;31.202997;6285720
689;10:19:55.963;1.6;31.212111;6287792
690;10:19:56.136;3.1;31.216758;6288256
691;10:19:56.307;3.1;31.217790;6288552
692;10:19:56.482;4.9;31.214057;6287932
693;10:19:56.653;4.6;31.213779;6287876
694;10:19:56.831;4.5;31.211734;6287464
695;10:19:57.003;3.0;31.211595;6287688
696;10:19:57.178;1.5;31.215507;6288224
697;10:19:57.350;4.6;31.215586;6288240
698;10:19:57.524;3.1;31.215586;6288492
699;10:19:57.694;4.6;31.216579;6288440
700;10:19:57.873;4.6;31.218108;6288748
701;10:19:58.049;1.5;31.217413;6288608
702;10:19:58.222;1.6;31.218704;6288868
703;10:19:58.394;4.5;31.216559;6288436
704;10:19:58.573;0.0;31.217413;6288608
705;10:19:58.744;4.6;31.223032;6289740
706;10:19:58.918;0.0;31.222516;6290024
707;10:19:59.088;4.6;31.233695;6291888
708;10:19:59.262;3.1;31.240367;6293232
709;10:19:59.438;1.6;31.243028;6293768
710;10:19:59.616;3.1;31.251467;6295468
711;10:19:59.790;3.2;31.259092;6297004
712;10:19:59.960;3.4;31.264850;6298416
713;10:20:00.132;1.6;31.268107;6298820
714;10:20:00.303;1.6;31.271701;6299544
715;10:20:00.473;1.6;31.272316;6299668
716;10:20:00.645;3.1;31.281827;6301584
717;10:20:00.814;1.5;31.283714;6301964
718;10:20:00.989;1.6;31.284965;6302068
719;10:20:01.165;4.5;31.283714;6301964
720;10:20:01.341;3.2;31.286653;6302556
721;10:20:01.515;6.2;31.285918;6302408
722;10:20:01.686;1.6;31.285918;6302408
723;10:20:01.859;1.6;31.290028;6303236
724;10:20:02.031;7.4;31.291637;6303560
725;10:20:02.210;3.1;31.291696;6303572
726;10:20:02.379;3.1;31.291934;6303620
727;10:20:02.553;4.7;31.291160;6303464
728;10:20:02.726;1.5;31.292014;6303636
729;10:20:02.904;3.0;31.297137;6304668
730;10:20:03.076;1.7;31.296263;6304492
731;10:20:03.247;1.5;31.297196;6304680
732;10:20:03.424;3.2;31.308117;6306880
733;10:20:03.597;3.1;31.308733;6307004
734;10:20:03.770;4.5;31.309090;6307076
735;10:20:03.943;4.3;31.309249;6307108
736;10:20:04.119;1.6;31.304762;6306204
737;10:20:04.290;3.0;31.309905;6307500
738;10:20:04.461;3.1;31.312565;6307556
739;10:20:04.630;3.1;31.320786;6309432
740;10:20:04.805;3.1;31.333534;6312000
741;10:20:04.981;3.1;31.333057;6311904
742;10:20:05.152;1.6;31.348704;6315056
743;10:20:05.323;3.1;31.350114;6315340
744;10:20:05.497;3.1;31.351087;6315536
745;10:20:05.672;1.6;31.352000;6315720
746;10:20:05.842;3.1;31.351961;6315712
747;10:20:06.014;3.1;31.354879;6316300
748;10:20:06.188;1.6;31.354462;6316216
749;10:20:06.361;4.6;31.354383;6316200
750;10:20:06.539;3.1;31.356667;6316660
751;10:20:06.714;3.1;31.356468;6316620
752;10:20:06.887;6.1;31.356587;6316644
753;10:20:07.058;1.5;31.356607;6316648
754;10:20:07.232;1.6;31.359029;6317136
755;10:20:07.406;3.1;31.358751;6317080
756;10:20:07.580;1.6;31.360280;6317388
757;10:20:07.753;6.1;31.362445;6318076
758;10:20:07.925;3.0;31.400589;6325508
759;10:20:08.103;4.4;31.402396;6325872
760;10:20:08.277;3.0;31.399179;6325004
761;10:20:08.453;1.6;31.401304;6325652
762;10:20:08.626;3.0;31.401860;6325764
763;10:20:08.799;2.9;31.401741;6325740
764;10:20:08.976;4.4;31.401939;6325780
765;10:20:09.156;3.0;31.401582;6325708
766;10:20:09.334;5.7;31.404084;6326212
767;10:20:09.513;3.1;31.404044;6326204
768;10:20:09.690;3.1;31.402813;6325736
769;10:20:09.863;7.4;31.402992;6325992
770;10:20:10.039;3.0;31.405414;6326480
771;10:20:10.217;6.0;31.405772;6326332
772;10:20:10.393;4.5;31.404580;6326312
773;10:20:10.570;3.1;31.405831;6326564
774;10:20:10.746;4.6;31.402237;6325840
775;10:20:10.922;1.6;31.403806;6326156
776;10:20:11.097;4.5;31.405255;6326448
777;10:20:11.274;4.6;31.405057;6326528
778;10:20:11.447;6.2;31.409743;6327352
779;10:20:11.631;6.2;31.418579;6329132
780;10:20:11.808;1.6;31.419969;6329192
781;10:20:11.998;1.7;31.428924;6331216
782;10:20:12.174;3.2;31.436470;6332736
783;10:20:12.346;4.5;31.437681;6332980
784;10:20:12.518;3.1;31.437880;6332800
785;10:20:12.692;6.1;31.436629;6332548
786;10:20:12.867;10.6;31.436013;6332896
787;10:20:13.051;7.9;31.436926;6332828
788;10:20:13.223;8.8;31.436013;6332644
789;10:20:13.395;7.9;31.435834;6332860
790;10:20:13.570;3.2;31.436271;6332696
791;10:20:13.744;3.1;31.436589;6332792
792;10:20:13.916;1.5;31.439885;6333424
793;10:20:14.091;4.5;31.441295;6333724
794;10:20:14.266;3.1;31.441136;6333676
795;10:20:14.435;6.1;31.442466;6333944
796;10:20:14.605;18.8;31.448860;6335232
797;10:20:14.783;22.6;31.451461;6335756
798;10:20:14.957;4.7;31.448900;6334964
799;10:20:15.130;1.6;31.446199;6334700
800;10:20:15.300;7.6;31.448602;6335432
801;10:20:15.474;12.7;31.448940;6335248
802;10:20:15.654;23.8;31.451064;6335928
803;10:20:15.831;19.4;31.453983;6335824
804;10:20:16.007;14.3;31.454658;6336400
805;10:20:16.186;3.1;31.456346;6336740
806;10:20:16.358;1.6;31.455989;6336668
807;10:20:16.531;10.8;31.456187;6336708
808;10:20:16.704;11.1;31.452931;6336052
809;10:20:16.874;0.0;31.460159;6337508
810;10:20:17.047;13.8;31.461449;6337768
811;10:20:17.226;3.1;31.463554;6338192
812;10:20:17.398;4.5;31.469054;6339300
813;10:20:17.572;2.9;31.478764;6341256
814;10:20:17.748;6.3;31.480611;6341884
815;10:20:17.925;6.3;31.482835;6342332
816;10:20:18.101;3.2;31.483311;6342172
817;10:20:18.272;1.6;31.483391;6342188
818;10:20:18.447;1.6;31.479479;6341400
819;10:20:18.617;0.0;31.479022;6341560
820;10:20:18.789;3.2;31.483133;6342136
821;10:20:18.962;7.2;31.485654;6342644
822;10:20:19.137;6.3;31.485059;6342524
823;10:20:19.313;6.2;31.484165;6342344
824;10:20:19.485;7.7;31.485535;6342872
825;10:20:19.659;1.5;31.486409;6342796
826;10:20:19.834;3.1;31.488315;6343180
827;10:20:20.012;3.4;31.488533;6343004
828;10:20:20.188;3.0;31.485972;6342708
829;10:20:20.371;3.1;31.484503;6342412
830;10:20:20.541;1.6;31.482596;6342028
831;10:20:20.714;1.6;31.486568;6342828
832;10:20:20.886;3.1;31.487799;6342856
833;10:20:21.057;0.0;31.485575;6342628
834;10:20:21.233;4.3;31.485039;6342520
835;10:20:21.413;4.5;31.483907;6342292
836;10:20:21.593;4.6;31.484840;6342480
837;10:20:21.764;3.0;31.485237;6342812
838;10:20:21.937;1.5;31.486369;6342568
839;10:20:22.113;3.0;31.486627;6343092
840;10:20:22.289;4.7;31.484900;6342492
841;10:20:22.465;0.0;31.485515;6342396
842;10:20:22.638;3.1;31.484284;6342368
843;10:20:22.818;3.1;31.482974;6342104
844;10:20:22.991;1.6;31.482974;6342104
845;10:20:23.165;3.1;31.482577;6342024
846;10:20:23.341;1.6;31.480075;6341680
847;10:20:23.516;1.6;31.482219;6341732
848;10:20:23.692;1.6;31.483867;6342284
849;10:20:23.869;3.2;31.485098;6342532
850;10:20:24.042;1.6;31.485495;6342392
851;10:20:24.214;3.1;31.485059;6342524
852;10:20:24.388;1.7;31.485595;6342784
853;10:20:24.558;1.5;31.484046;6342320
854;10:20:24.732;1.6;31.483887;6342288
855;10:20:24.907;1.6;31.480452;6341596
856;10:20:25.084;3.2;31.481524;6341812
857;10:20:25.258;0.0;31.483232;6341936
858;10:20:25.428;1.5;31.481782;6342116
859;10:20:25.600;1.6;31.481028;6341996
860;10:20:25.770;4.7;31.485039;6342300
861;10:20:25.943;1.6;31.484642;6342440
862;10:20:26.118;3.1;31.483708;6342252
863;10:20:26.295;3.0;31.485019;6342548
864;10:20:26.469;3.0;31.484483;6342660
865;10:20:26.644;1.5;31.485932;6342700
866;10:20:26.819;1.6;31.484244;6342140
867;10:20:26.997;4.5;31.481703;6341848
868;10:20:27.173;1.6;31.482656;6342040
869;10:20:27.347;1.6;31.480353;6341576
870;10:20:27.524;4.6;31.483609;6342232
871;10:20:27.696;1.6;31.484185;6342200
872;10:20:27.868;5.9;31.483609;6342232
873;10:20:28.045;4.6;31.486707;6342856
874;10:20:28.217;1.6;31.484284;6342368
875;10:20:28.393;1.6;31.483113;6342132
876;10:20:28.567;3.0;31.485773;6342668
877;10:20:28.742;3.1;31.484483;6342408
878;10:20:28.919;3.1;31.486071;6342728
879;10:20:29.091;1.6;31.486230;6342760
880;10:20:29.261;3.1;31.483887;6342288
881;10:20:29.437;0.0;31.482557;6342020
882;10:20:29.609;1.6;31.482596;6342028
883;10:20:29.781;1.6;31.485873;6342688
884;10:20:29.956;1.6;31.486151;6342744
885;10:20:30.127;0.0;31.483133;6342152
886;10:20:30.298;4.5;31.483351;6342180
887;10:20:30.472;4.4;31.484284;6342368
888;10:20:30.650;4.5;31.483649;6342240
889;10:20:30.821;3.1;31.484800;6342472
890;10:20:30.996;1.6;31.484125;6342336
891;10:20:31.174;2.9;31.482716;6342304
892;10:20:31.351;4.5;31.483966;6342304
893;10:20:31.530;3.0;31.484086;6342328
894;10:20:31.704;3.1;31.483966;6342304
895;10:20:31.878;5.6;31.484006;6342092
896;10:20:32.058;3.1;31.482021;6341912
897;10:20:32.230;4.5;31.487302;6342828
898;10:20:32.403;3.1;31.487700;6342756
899;10:20:32.573;3.2;31.485237;6342828
900;10:20:32.744;3.1;31.486012;6342568
901;10:20:32.914;4.5;31.483788;6342048
902;10:20:33.085;3.1;31.482457;6342000
903;10:20:33.257;1.6;31.482318;6341972
904;10:20:33.431;3.0;31.481087;6341576
905;10:20:33.608;3.0;31.481127;6341732
906;10:20:33.785;3.0;31.481087;6341976
907;10:20:33.960;4.4;31.484840;6342480
908;10:20:34.137;5.9;31.484840;6342332
909;10:20:34.312;3.1;31.483470;6342204
910;10:20:34.484;1.5;31.483708;6342032
911;10:20:34.657;3.1;31.483013;6342112
912;10:20:34.834;1.6;31.483291;6342168
913;10:20:35.007;5.8;31.482716;6342052
914;10:20:35.181;1.6;31.478585;6341220
915;10:20:35.356;3.1;31.481087;6341724
916;10:20:35.532;1.6;31.481087;6341724
917;10:20:35.708;4.5;31.480313;6341348
918;10:20:35.884;0.0;31.478446;6341192
919;10:20:36.062;7.4;31.477791;6341328
920;10:20:36.237;1.5;31.477672;6341036
921;10:20:36.408;4.6;31.480730;6341652
922;10:20:36.579;1.5;31.482100;6341708
923;10:20:36.753;3.1;31.480650;6341636
924;10:20:36.923;4.7;31.482497;6342008
925;10:20:37.092;4.5;31.483549;6342220
926;10:20:37.263;0.0;31.482775;6342064
927;10:20:37.434;4.6;31.483093;6342128
928;10:20:37.607;3.0;31.483172;6341924
929;10:20:37.782;1.6;31.482219;6341804
930;10:20:37.953;0.0;31.484840;6342480
931;10:20:38.123;4.5;31.484602;6342432
932;10:20:38.302;3.1;31.484403;6342392
933;10:20:38.472;4.5;31.484324;6342376
934;10:20:38.650;3.0;31.484324;6342376
935;10:20:38.825;4.5;31.483152;6342140
936;10:20:39.001;4.5;31.484483;6342408
937;10:20:39.179;6.2;31.482974;6342104
938;10:20:39.350;0.0;31.483788;6342268
939;10:20:39.521;1.6;31.485515;6342616
940;10:20:39.694;1.9;31.484383;6342388
941;10:20:39.866;3.7;31.483748;6342260
942;10:20:40.038;5.9;31.486627;6342840
943;10:20:40.218;3.2;31.482477;6341784
944;10:20:40.394;3.1;31.482021;6341912
945;10:20:40.568;1.6;31.487044;6342704
946;10:20:40.746;3.0;31.486012;6342968
947;10:20:40.922;1.6;31.487302;6342976
948;10:20:41.096;1.5;31.486190;6342752
949;10:20:41.267;1.5;31.483371;6342436
950;10:20:41.440;3.1;31.483411;6342192
951;10:20:41.612;4.6;31.483649;6342240
952;10:20:41.786;3.2;31.483887;6342288
953;10:20:41.955;1.5;31.485198;6342552
954;10:20:42.125;1.5;31.485555;6342352
955;10:20:42.298;3.2;31.484880;6342488
956;10:20:42.469;1.6;31.484602;6342212
957;10:20:42.642;1.6;31.483788;6342268
958;10:20:42.813;1.8;31.483391;6342036
959;10:20:42.984;4.5;31.485595;6342632
960;10:20:43.155;1.6;31.483827;6342276
961;10:20:43.325;1.6;31.484304;6342372
962;10:20:43.500;3.0;31.484105;6342332
963;10:20:43.674;1.5;31.483172;6342144
964;10:20:43.845;3.1;31.484781;6342468
965;10:20:44.019;3.0;31.483947;6342300
966;10:20:44.196;4.6;31.483133;6342136
967;10:20:44.374;4.5;31.482974;6342104
968;10:20:44.547;1.5;31.482815;6342072
969;10:20:44.723;1.6;31.483907;6342292
970;10:20:44.897;1.6;31.483133;6342136
971;10:20:45.075;3.1;31.483768;6342648
972;10:20:45.249;3.0;31.485436;6342600
973;10:20:45.424;3.0;31.487064;6343332
974;10:20:45.598;4.5;31.485118;6342788
975;10:20:45.776;2.9;31.485019;6342516
976;10:20:45.951;6.0;31.484959;6342504
977;10:20:46.127;4.5;31.482299;6341968
978;10:20:46.302;4.5;31.483629;6342236
979;10:20:46.476;1.6;31.483430;6342196
980;10:20:46.647;3.0;31.483748;6342260
981;10:20:46.819;3.0;31.481842;6342128
982;10:20:46.996;3.1;31.485257;6342564
983;10:20:47.168;3.0;31.485773;6342448
984;10:20:47.346;5.8;31.483649;6342240
985;10:20:47.522;3.1;31.483133;6341916
986;10:20:47.698;6.0;31.485654;6342644
987;10:20:47.874;4.3;31.485813;6342676
988;10:20:48.050;3.0;31.482894;6342356
989;10:20:48.223;3.1;31.484761;6342464
990;10:20:48.400;2.9;31.483708;6342252
991;10:20:48.577;3.1;31.483966;6342152
992;10:20:48.750;0.0;31.484185;6342348
993;10:20:48.923;1.6;31.485059;6342524
994;10:20:49.095;3.1;31.485138;6342540
995;10:20:49.265;1.5;31.493498;6344004
996;10:20:49.439;4.5;31.490301;6343580
997;10:20:49.613;4.5;31.492783;6344080
998;10:20:49.790;3.2;31.491353;6343404
999;10:20:49.964;4.5;31.495245;6344576
1000;10:20:50.137;7.0;31.494490;6344424
1001;10:20:50.310;1.5;31.498720;6345276
1002;10:20:50.484;0.0;31.500408;6345616
1003;10:20:50.656;3.0;31.497111;6345204
1004;10:20:50.832;3.1;31.498640;6345260
1005;10:20:51.005;1.5;31.498601;6345252
1006;10:20:51.178;3.1;31.499613;6345456
1007;10:20:51.354;6.0;31.499316;6345396
1008;10:20:51.529;3.1;31.498839;6345552
1009;10:20:51.700;0.0;31.500189;6345572
1010;10:20:51.869;1.6;31.501083;6345752
1011;10:20:52.040;4.5;31.500884;6345712
1012;10:20:52.213;3.0;31.503406;6346072
1013;10:20:52.386;3.1;31.505451;6346632
1014;10:20:52.557;3.1;31.504597;6346460
1015;10:20:52.729;4.7;31.504697;6346480
1016;10:20:52.901;2.8;31.505967;6346736
1017;10:20:53.076;3.1;31.504816;6346504
1018;10:20:53.246;5.7;31.504419;6346424
1019;10:20:53.425;1.5;31.502413;6346020
1020;10:20:53.601;1.6;31.506841;6346912
1021;10:20:53.778;4.5;31.505034;6346548
1022;10:20:53.950;1.6;31.505193;6346580
1023;10:20:54.125;3.0;31.506563;6346856
1024;10:20:54.300;3.1;31.505511;6346644
1025;10:20:54.471;3.1;31.504558;6346232
1026;10:20:54.641;1.6;31.502691;6346076
1027;10:20:54.811;2.5;31.502691;6346076
1028;10:20:54.981;0.0;31.502056;6345948
1029;10:20:55.150;1.6;31.502095;6345956
1030;10:20:55.320;1.6;31.501142;6345764
1031;10:20:55.490;3.0;31.501182;6345772
1032;10:20:55.660;1.3;31.501063;6345748
1033;10:20:55.830;3.1;31.501182;6345772
1034;10:20:56.001;1.6;31.501142;6345764
1035;10:20:56.170;0.0;31.503684;6346276
1036;10:20:56.340;1.5;31.503605;6346040
1037;10:20:56.510;1.5;31.502076;6345952
1038;10:20:56.679;3.0;31.501619;6345860
1039;10:20:56.849;3.1;31.501420;6345820
1040;10:20:57.019;3.1;31.501420;6345820
1041;10:20:57.189;1.6;31.501420;6345820
1042;10:20:57.358;3.1;31.501500;6345836
1043;10:20:57.528;3.1;31.501420;6345820
1044;10:20:57.698;1.6;31.501579;6345852
1045;10:20:57.868;1.6;31.501539;6345624
1046;10:20:58.038;0.0;31.499077;6345200
1047;10:20:58.208;3.1;31.498978;6345328
1048;10:20:58.378;1.5;31.498938;6345320
1049;10:20:58.548;3.1;31.498978;6345328
1050;10:20:58.718;4.5;31.500189;6345572
1051;10:20:58.888;1.5;31.500269;6345588
1052;10:20:59.058;0.0;31.500169;6345568
1053;10:20:59.228;1.6;31.499196;6345372
1054;10:20:59.398;0.0;31.499157;6345144
1055;10:20:59.568;1.6;31.498303;6345192
1056;10:20:59.739;3.1;31.498025;6345136
1057;10:20:59.909;1.6;31.501778;6345892
1058;10:21:00.080;1.6;31.501956;6345928
1059;10:21:00.249;1.6;31.498541;6345492
1060;10:21:00.419;3.0;31.499792;6345492
1061;10:21:00.590;4.8;31.495861;6344540
1062;10:21:00.762;4.6;31.495444;6344868
1063;10:21:00.933;0.0;31.496198;6344768
1064;10:21:01.103;1.6;31.498581;6345248
1065;10:21:01.272;1.6;31.498740;6345280
1066;10:21:01.442;0.0;31.499911;6345516
1067;10:21:01.613;1.6;31.499911;6345516
1068;10:21:01.783;1.3;31.499911;6345516
1069;10:21:01.954;3.1;31.499911;6345516
1070;10:21:02.124;1.6;31.499177;6345368
1071;10:21:02.295;3.0;31.500189;6345572
1072;10:21:02.466;3.1;31.500110;6345556
1073;10:21:02.636;0.0;31.500070;6345548
1074;10:21:02.806;1.6;31.500586;6345432
1075;10:21:02.977;1.5;31.499613;6345456
1076;10:21:03.147;3.1;31.500050;6345544
1077;10:21:03.317;3.1;31.500130;6345560
1078;10:21:03.488;3.1;31.499911;6345516
1079;10:21:03.658;3.0;31.499951;6345524
1080;10:21:03.828;2.9;31.500110;6345556
1081;10:21:03.998;1.6;31.498601;6345252
1082;10:21:04.169;4.6;31.498799;6345292
1083;10:21:04.340;3.2;31.498839;6345300
1084;10:21:04.511;1.5;31.498998;6345332
1085;10:21:04.681;1.6;31.498998;6345332
1086;10:21:04.851;0.0;31.499057;6345344
1087;10:21:05.021;3.1;31.501480;6345832
1088;10:21:05.191;3.1;31.504141;6346368
1089;10:21:05.362;1.6;31.502354;6346008
1090;10:21:05.531;1.5;31.502790;6345876
1091;10:21:05.701;1.6;31.501917;6345920
1092;10:21:05.871;3.1;31.501917;6345920
1093;10:21:06.042;1.6;31.502036;6345944
1094;10:21:06.213;3.2;31.498760;6345284
1095;10:21:06.384;1.6;31.499157;6345216
1096;10:21:06.554;1.6;31.498263;6345184
1097;10:21:06.724;4.6;31.498303;6345192
1098;10:21:06.894;3.1;31.498343;6345200
1099;10:21:07.064;0.0;31.498223;6345176
1100;10:21:07.234;1.6;31.499474;6345428
1101;10:21:07.403;3.0;31.500567;6345648
1102;10:21:07.573;0.0;31.500646;6345664
1103;10:21:07.743;1.5;31.499375;6345408
1104;10:21:07.913;1.6;31.499296;6345392
1105;10:21:08.084;1.5;31.499296;6345392
1106;10:21:08.254;1.6;31.499375;6345188
1107;10:21:08.423;1.6;31.499653;6345464
1108;10:21:08.593;1.5;31.498541;6345240
1109;10:21:08.764;3.1;31.497330;6344996
1110;10:21:08.934;3.1;31.499792;6345492
1111;10:21:09.106;1.6;31.501003;6345736
1112;10:21:09.276;1.6;31.500904;6346016
1113;10:21:09.446;3.0;31.502036;6345944
1114;10:21:09.616;0.0;31.504578;6346308
1115;10:21:09.787;3.0;31.501996;6345936
1116;10:21:09.958;1.6;31.502135;6345964
1117;10:21:10.129;1.5;31.502095;6345736
1118;10:21:10.300;0.0;31.502453;6346028
1119;10:21:10.471;1.6;31.502771;6345872
1120;10:21:10.642;3.1;31.501281;6345792
1121;10:21:10.813;3.0;31.500388;6345612
1122;10:21:10.984;3.0;31.500229;6345580
1123;10:21:11.154;1.5;31.500547;6345644
1124;10:21:11.324;4.5;31.500547;6345644
1125;10:21:11.494;1.6;31.500547;6345644
1126;10:21:11.665;1.6;31.500706;6345676
1127;10:21:11.836;1.6;31.500745;6345464
1128;10:21:12.006;1.5;31.499693;6345472
1129;10:21:12.176;1.5;31.499534;6345440
1130;10:21:12.346;1.6;31.500130;6345560
1131;10:21:12.516;3.1;31.499852;6345504
1132;10:21:12.687;2.9;31.500269;6345588
1133;10:21:12.858;0.0;31.501400;6345816
1134;10:21:13.028;3.1;31.501281;6345792
1135;10:21:13.198;3.1;31.501361;6345808
1136;10:21:13.368;1.5;31.501559;6345848
1137;10:21:13.538;0.0;31.502413;6346020
1138;10:21:13.708;4.6;31.502532;6346044
1139;10:21:13.878;1.6;31.502612;6345912
1140;10:21:14.049;1.5;31.498799;6345292
1141;10:21:14.219;3.0;31.499752;6345264
1142;10:21:14.389;1.6;31.500666;6345668
1143;10:21:14.560;3.1;31.500666;6345668
1144;10:21:14.731;1.6;31.500507;6345636
1145;10:21:14.901;1.6;31.500547;6345644
1146;10:21:15.072;1.6;31.500547;6345644
1147;10:21:15.242;3.1;31.503883;6346016
1148;10:21:15.411;1.6;31.501976;6345932
1149;10:21:15.581;3.1;31.502155;6345968
1150;10:21:15.751;3.1;31.502115;6345960
1151;10:21:15.922;3.0;31.494947;6343976
1152;10:21:16.093;1.6;31.501619;6346112
1153;10:21:16.263;1.5;31.503664;6346124
1154;10:21:16.433;3.1;31.502195;6346136
1155;10:21:16.604;2.9;31.508013;6346996
1156;10:21:16.775;4.5;31.510832;6347716
1157;10:21:16.945;3.0;31.509998;6347548
1158;10:21:17.115;3.1;31.508072;6347160
1159;10:21:17.285;6.1;31.504856;6346512
1160;10:21:17.456;1.5;31.507953;6347136
1161;10:21:17.627;2.9;31.507417;6347028
1162;10:21:17.797;4.5;31.506384;6346820
1163;10:21:17.968;6.9;31.504379;6346416
1164;10:21:18.139;1.5;31.505570;6346656
1165;10:21:18.310;4.3;31.509065;6347652
1166;10:21:18.480;2.9;31.507596;6347064
1167;10:21:18.650;1.5;31.510415;6347632
1168;10:21:18.822;2.9;31.516412;6348840
1169;10:21:18.993;1.4;31.511051;6347600
1170;10:21:19.165;3.1;31.507099;6346964
1171;10:21:19.338;4.5;31.508013;6347148
1172;10:21:19.508;1.5;31.512421;6348036
1173;10:21:19.680;4.6;31.513017;6348156
1174;10:21:19.851;1.5;31.513652;6348132
1175;10:21:20.023;3.0;31.513215;6348196
1176;10:21:20.196;1.6;31.512739;6348100
1177;10:21:20.367;6.1;31.511607;6347872
1178;10:21:20.537;1.4;31.512461;6348044
1179;10:21:20.707;0.0;31.512341;6348020
1180;10:21:20.877;3.2;31.512302;6347792
1181;10:21:21.048;3.1;31.511309;6347812
1182;10:21:21.218;3.2;31.511468;6347844
1183;10:21:21.389;1.6;31.511468;6347844
1184;10:21:21.560;1.6;31.510376;6347624
1185;10:21:21.730;1.5;31.510554;6347660
1186;10:21:21.900;1.5;31.510951;6347740
1187;10:21:22.071;0.0;31.510395;6347628
1188;10:21:22.242;1.6;31.512163;6347984
1189;10:21:22.412;4.5;31.512401;6348032
1190;10:21:22.582;1.6;31.512282;6348008
1191;10:21:22.752;3.3;31.511229;6347796
1192;10:21:22.924;3.1;31.512083;6347968
1193;10:21:23.097;4.6;31.509859;6347520
1194;10:21:23.268;4.5;31.509224;6347392
1195;10:21:23.439;2.9;31.510951;6347740
1196;10:21:23.609;3.2;31.510951;6347740
1197;10:21:23.779;1.5;31.512044;6347960
1198;10:21:23.952;1.5;31.512083;6347968
1199;10:21:24.122;1.5;31.511646;6347880
1200;10:21:24.292;1.5;31.511567;6348180
1201;10:21:24.465;3.0;31.513334;6348220
1202;10:21:24.635;3.1;31.514863;6348528
1203;10:21:24.808;1.5;31.514387;6348432
1204;10:21:24.978;3.1;31.512500;6348052
1205;10:21:25.149;1.6;31.512202;6347992
1206;10:21:25.319;1.6;31.513692;6348292
1207;10:21:25.489;1.5;31.509998;6347800
1208;10:21:25.659;1.5;31.513751;6348304
1209;10:21:25.829;3.1;31.513632;6348280
1210;10:21:25.999;4.4;31.513791;6348312
1211;10:21:26.170;3.1;31.515002;6348336
1212;10:21:26.340;3.1;31.514228;6348400
1213;10:21:26.512;1.6;31.515717;6348700
1214;10:21:26.682;1.6;31.514764;6348508
1215;10:21:26.853;1.6;31.514446;6348444
1216;10:21:27.023;0.0;31.513930;6348340
1217;10:21:27.194;3.1;31.514128;6348380
1218;10:21:27.364;0.0;31.514128;6348380
1219;10:21:27.534;1.6;31.514168;6348388
1220;10:21:27.705;1.5;31.514287;6348264
1221;10:21:27.875;1.5;31.513314;6348068
1222;10:21:28.046;0.0;31.512262;6348004
1223;10:21:28.217;3.2;31.511488;6347848
1224;10:21:28.387;1.6;31.511488;6347628
1225;10:21:28.557;3.1;31.509959;6347540
1226;10:21:28.727;3.0;31.510852;6347720
1227;10:21:28.898;3.1;31.510932;6347736
1228;10:21:29.068;4.5;31.511011;6347752
1229;10:21:29.238;1.6;31.510852;6347720
1230;10:21:29.409;3.1;31.511885;6347928
1231;10:21:29.579;0.0;31.512441;6348040
1232;10:21:29.750;1.6;31.512540;6348060
1233;10:21:29.920;1.5;31.510773;6347704
1234;10:21:30.090;1.6;31.509839;6347516
1235;10:21:30.261;1.6;31.508847;6347316
1236;10:21:30.431;1.6;31.510018;6347552
1237;10:21:30.601;3.1;31.508092;6347164
1238;10:21:30.771;1.6;31.509145;6347628
1239;10:21:30.941;5.6;31.512004;6347952
1240;10:21:31.114;3.0;31.511924;6347936
1241;10:21:31.284;3.0;31.512083;6347968
1242;10:21:31.454;1.6;31.512143;6347980
1243;10:21:31.624;3.1;31.511249;6347800
1244;10:21:31.795;1.6;31.513473;6348248
1245;10:21:31.966;0.0;31.513314;6348216
1246;10:21:32.136;1.6;31.511825;6347916
1247;10:21:32.307;1.5;31.510495;6347648
1248;10:21:32.477;1.6;31.510495;6347648
1249;10:21:32.647;1.6;31.509919;6347532
1250;10:21:32.817;1.6;31.509522;6347452
1251;10:21:32.987;3.1;31.510932;6347736
1252;10:21:33.158;1.6;31.510793;6347488
1253;10:21:33.328;1.6;31.509700;6347488
1254;10:21:33.498;3.0;31.512997;6348152
1255;10:21:33.669;3.1;31.512083;6347968
1256;10:21:33.839;3.1;31.511686;6347888
1257;10:21:34.009;1.6;31.512401;6348032
1258;10:21:34.179;1.5;31.511924;6347936
1259;10:21:34.348;4.6;31.511448;6347840
1260;10:21:34.519;1.6;31.511924;6347936
1261;10:21:34.690;3.1;31.512202;6347992
1262;10:21:34.861;3.0;31.511845;6347920
1263;10:21:35.032;0.0;31.512758;6348104
1264;10:21:35.203;1.5;31.511468;6347844
1265;10:21:35.373;2.9;31.511488;6347848
1266;10:21:35.543;3.1;31.506484;6346840
1267;10:21:35.714;1.5;31.507099;6346964
1268;10:21:35.884;1.5;31.510098;6347568
1269;10:21:36.055;3.1;31.512818;6348116
1270;10:21:36.226;3.1;31.512083;6347968
1271;10:21:36.396;1.6;31.511646;6347880
1272;10:21:36.569;1.6;31.513255;6348204
1273;10:21:36.740;3.0;31.511349;6347600
1274;10:21:36.910;1.6;31.510971;6347744
1275;10:21:37.081;0.0;31.509760;6347500
1276;10:21:37.250;0.0;31.511349;6347820
1277;10:21:37.420;3.0;31.512480;6348048
1278;10:21:37.590;1.6;31.512480;6348048
1279;10:21:37.761;4.5;31.513394;6348232
1280;10:21:37.930;3.1;31.512937;6348140
1281;10:21:38.101;1.5;31.512977;6348148
1282;10:21:38.271;3.1;31.513017;6348156
1283;10:21:38.441;3.0;31.514426;6348440
1284;10:21:38.611;1.6;31.513533;6348260
1285;10:21:38.781;1.6;31.513493;6348252
1286;10:21:38.951;3.0;31.515399;6348636
1287;10:21:39.123;4.3;31.512858;6348124
1288;10:21:39.294;1.5;31.513017;6348156
1289;10:21:39.465;1.6;31.512639;6347860
1290;10:21:39.637;3.0;31.513017;6348156
1291;10:21:39.808;3.1;31.512083;6347968
1292;10:21:39.978;1.5;31.512679;6348088
1293;10:21:40.148;1.6;31.512639;6347860
1294;10:21:40.318;4.4;31.512183;6347836
1295;10:21:40.490;3.2;31.512421;6348240
1296;10:21:40.661;1.5;31.514784;6348212
1297;10:21:40.831;2.9;31.513136;6348180
1298;10:21:41.002;1.6;31.507477;6347292
1299;10:21:41.173;3.2;31.507655;6347328
1300;10:21:41.344;3.1;31.508410;6347228
1301;10:21:41.514;3.1;31.508569;6347260
1302;10:21:41.686;3.0;31.510495;6347648
1303;10:21:41.857;1.5;31.512758;6348412
1304;10:21:42.027;1.6;31.514367;6348428
1305;10:21:42.197;1.6;31.515320;6348620
1306;10:21:42.367;3.0;31.512798;6348112
1307;10:21:42.539;3.2;31.513672;6348288
1308;10:21:42.709;1.6;31.515538;6348664
1309;10:21:42.879;1.5;31.514208;6348396
1310;10:21:43.049;0.0;31.514208;6348396
1311;10:21:43.219;1.5;31.514089;6348372
1312;10:21:43.390;3.0;31.514406;6348436
1313;10:21:43.561;3.1;31.513314;6348216
1314;10:21:43.731;4.4;31.513374;6348228
1315;10:21:43.901;1.5;31.513652;6348284
1316;10:21:44.072;1.6;31.509065;6347612
1317;10:21:44.242;1.6;31.509919;6347532
1318;10:21:44.413;1.5;31.511329;6347816
1319;10:21:44.583;3.1;31.515836;6348724
1320;10:21:44.755;1.5;31.511527;6347488
1321;10:21:44.925;1.6;31.511110;6347772
1322;10:21:45.094;0.0;31.509820;6347512
1323;10:21:45.263;3.1;31.509045;6347608
1324;10:21:45.433;1.6;31.509323;6347664
1325;10:21:45.604;3.1;31.508350;6347216
1326;10:21:45.775;1.6;31.511329;6347816
1327;10:21:45.946;1.6;31.513076;6348168
1328;10:21:46.117;3.1;31.514605;6348476
1329;10:21:46.287;3.2;31.512024;6348208
1330;10:21:46.457;3.2;31.512123;6347976
1331;10:21:46.628;3.1;31.513791;6348312
1332;10:21:46.799;3.1;31.515777;6348712
1333;10:21:46.970;3.1;31.512560;6348240
1334;10:21:47.141;1.6;31.514267;6348408
1335;10:21:47.311;3.1;31.516611;6348880
1336;10:21:47.481;1.5;31.519907;6349544
1337;10:21:47.653;3.1;31.519907;6349544
1338;10:21:47.825;3.1;31.522290;6350024
1339;10:21:47.996;0.0;31.522607;6350088
1340;10:21:48.166;3.0;31.522131;6349992
1341;10:21:48.336;1.6;31.521575;6349880
1342;10:21:48.506;1.6;31.523342;6350236
1343;10:21:48.676;0.0;31.523183;6350204
1344;10:21:48.846;1.5;31.522071;6349980
1345;10:21:49.016;0.0;31.522071;6349980
1346;10:21:49.186;3.1;31.521952;6349736
1347;10:21:49.357;1.6;31.522349;6350036
1348;10:21:49.528;3.2;31.526261;6350824
1349;10:21:49.698;3.0;31.526559;6350884
1350;10:21:49.869;0.0;31.524871;6350544
1351;10:21:50.040;1.6;31.524295;6350428
1352;10:21:50.210;1.5;31.524295;6350208
1353;10:21:50.380;3.1;31.523163;6350200
1354;10:21:50.550;0.0;31.519966;6350084
1355;10:21:50.722;1.6;31.521575;6349880
1356;10:21:50.893;3.1;31.521257;6349816
1357;10:21:51.063;1.6;31.521098;6349784
1358;10:21:51.233;1.6;31.522190;6350004
1359;10:21:51.404;3.1;31.523382;6350244
1360;10:21:51.575;3.1;31.522051;6349976
1361;10:21:51.744;1.6;31.522071;6349980
1362;10:21:51.914;1.5;31.521793;6349924
1363;10:21:52.085;3.1;31.522786;6350124
1364;10:21:52.256;3.1;31.522627;6350092
1365;10:21:52.428;4.5;31.523243;6350216
1366;10:21:52.598;3.1;31.523401;6350248
1367;10:21:52.768;3.1;31.523084;6350184
1368;10:21:52.938;1.6;31.523044;6350176
1369;10:21:53.108;1.6;31.522766;6350372
1370;10:21:53.278;1.5;31.523699;6350308
1371;10:21:53.448;4.6;31.526062;6350784
1372;10:21:53.618;4.8;31.522627;6350828
1373;10:21:53.789;1.6;31.523640;6350296
1374;10:21:53.961;1.5;31.524156;6350652
1375;10:21:54.133;4.6;31.525030;6350576
1376;10:21:54.304;1.6;31.526340;6351108
1377;10:21:54.474;1.6;31.527234;6351020
1378;10:21:54.644;0.0;31.526102;6350792
1379;10:21:54.814;1.6;31.526181;6350808
1380;10:21:54.984;0.0;31.526181;6350440
1381;10:21:55.154;3.0;31.523679;6350304
1382;10:21:55.324;0.0;31.523719;6350312
1383;10:21:55.495;3.1;31.523878;6350344
1384;10:21:55.665;1.6;31.521753;6350168
1385;10:21:55.835;3.0;31.525824;6350736
1386;10:21:56.005;0.0;31.524732;6350516
1387;10:21:56.176;0.0;31.523679;6350304
1388;10:21:56.346;1.6;31.523679;6350304
1389;10:21:56.516;3.1;31.523560;6350280
1390;10:21:56.688;1.6;31.524930;6350556
1391;10:21:56.858;3.1;31.523799;6350328
1392;10:21:57.027;3.0;31.523679;6350084
1393;10:21:57.198;3.1;31.522865;6350140
1394;10:21:57.369;0.0;31.522945;6350156
1395;10:21:57.539;2.9;31.523064;6350180
1396;10:21:57.711;3.1;31.522746;6350116
1397;10:21:57.881;1.6;31.526539;6350880
1398;10:21:58.051;0.0;31.526459;6350644
1399;10:21:58.221;1.5;31.525586;6350688
1400;10:21:58.391;1.6;31.523838;6350336
1401;10:21:58.561;3.1;31.520383;6349736
1402;10:21:58.733;3.1;31.521158;6350048
1403;10:21:58.904;1.6;31.524235;6350416
1404;10:21:59.073;1.6;31.523679;6350304
1405;10:21:59.243;0.0;31.525228;6350616
1406;10:21:59.413;1.6;31.525308;6350632
1407;10:21:59.583;0.0;31.525228;6350616
1408;10:21:59.753;1.5;31.525109;6350500
1409;10:21:59.923;1.6;31.520939;6349752
1410;10:22:00.093;1.5;31.520701;6349704
1411;10:22:00.263;3.1;31.524454;6350312
1412;10:22:00.433;0.0;31.523163;6350200
1413;10:22:00.604;4.6;31.523481;6350516
1414;10:22:00.774;0.0;31.527393;6351052
1415;10:22:00.943;1.5;31.527353;6351044
1416;10:22:01.113;4.5;31.521952;6349956
1417;10:22:01.282;2.9;31.520006;6349564
1418;10:22:01.453;1.5;31.519887;6350044
1419;10:22:01.624;3.0;31.521833;6349528
1420;10:22:01.794;0.0;31.518993;6349360
1421;10:22:01.965;4.5;31.520304;6349876
1422;10:22:02.135;3.2;31.520820;6349652
1423;10:22:02.305;2.9;31.520264;6349616
1424;10:22:02.475;1.5;31.522567;6349932
1425;10:22:02.645;3.1;31.526221;6350596
1426;10:22:02.814;3.1;31.525625;6350696
1427;10:22:02.984;1.5;31.525526;6350992
1428;10:22:03.160;1.5;31.524533;6350752
1429;10:22:03.330;3.1;31.526023;6351028
1430;10:22:03.502;1.5;31.525705;6350712
1431;10:22:03.679;3.1;31.524216;6350412
1432;10:22:03.855;3.0;31.524116;6350392
1433;10:22:04.028;2.9;31.528763;6351580
1434;10:22:04.205;1.6;31.540041;6353600
1435;10:22:04.382;2.9;31.527651;6350956
1436;10:22:04.555;3.0;31.526082;6350788
1437;10:22:04.724;1.6;31.522806;6350128
1438;10:22:04.895;3.2;31.523600;6350288
1439;10:22:05.065;0.0;31.526380;6350848
1440;10:22:05.235;3.1;31.526380;6350848
1441;10:22:05.405;6.5;31.431486;6331984
1442;10:22:05.580;16.7;31.531404;6351640
1443;10:22:05.756;1.6;31.531046;6351788
1444;10:22:05.926;2.5;31.531086;6351796
1445;10:22:06.096;3.1;31.533588;6352300
1446;10:22:06.266;1.6;31.532952;6352172
1447;10:22:06.436;1.6;31.533072;6352196
1448;10:22:06.606;1.5;31.531582;6351896
1449;10:22:06.777;3.1;31.531979;6351976
1450;10:22:06.948;4.6;31.534799;6352544
1451;10:22:07.126;1.6;31.531205;6352072
1452;10:22:07.299;1.6;31.536646;6352916
1453;10:22:07.469;1.6;31.537122;6353012
1454;10:22:07.639;1.5;31.535931;6352772
1455;10:22:07.810;1.6;31.534720;6352376
1456;10:22:07.980;1.6;31.533806;6352196
1457;10:22:08.152;5.7;31.533072;6352196
1458;10:22:08.329;1.5;31.533747;6352332
1459;10:22:08.501;1.5;31.532754;6352132
1460;10:22:08.674;1.6;31.532059;6352300
1461;10:22:08.847;1.5;31.535097;6352456
1462;10:22:09.018;1.6;31.534124;6352408
1463;10:22:09.192;4.5;31.533290;6352240
1464;10:22:09.370;4.3;31.534462;6352476
1465;10:22:09.546;3.0;31.534422;6352468
1466;10:22:09.722;3.0;31.534462;6352476
1467;10:22:09.898;3.0;31.534303;6352444
1468;10:22:10.068;4.5;31.534223;6352428
1469;10:22:10.238;6.2;31.534700;6352524
1470;10:22:10.408;0.0;31.534521;6352488
1471;10:22:10.578;1.6;31.533350;6352252
1472;10:22:10.748;1.6;31.533429;6352268
1473;10:22:10.918;1.7;31.534084;6352400
1474;10:22:11.089;1.5;31.533727;6352328
1475;10:22:11.258;3.0;31.533608;6352304
1476;10:22:11.429;1.6;31.533608;6352304
1477;10:22:11.599;1.5;31.533647;6352312
1478;10:22:11.769;0.0;31.531086;6351796
1479;10:22:11.938;3.1;31.531046;6351788
1480;10:22:12.108;1.6;31.527988;6336244
1481;10:22:12.280;7.7;31.441493;6333308
1482;10:22:12.452;1.5;31.443281;6334108
1483;10:22:12.622;1.5;31.444611;6334376
1484;10:22:12.792;2.9;31.445246;6334504
1485;10:22:12.962;0.0;31.444412;6334336
1486;10:22:13.131;1.4;31.444611;6334376
1487;10:22:13.301;3.1;31.443479;6334148
1488;10:22:13.471;1.5;31.442744;6334032
1489;10:22:13.641;4.5;31.442824;6333868
1490;10:22:13.812;3.0;31.442010;6333852
1491;10:22:13.982;3.1;31.442208;6333892
1492;10:22:14.157;4.5;31.443122;6334076
1493;10:22:14.329;6.0;31.441891;6333828
1494;10:22:14.504;3.0;31.444670;6334388
1495;10:22:14.681;1.5;31.443618;6333804
1496;10:22:14.857;3.0;31.441374;6333724
1497;10:22:15.034;1.5;31.439150;6333276
1498;10:22:15.205;1.6;31.439071;6333260
1499;10:22:15.374;3.2;31.437046;6333104
1500;10:22:15.544;6.1;31.439548;6333356
1501;10:22:15.716;1.6;31.440163;6333480
1502;10:22:15.888;3.1;31.441613;6333772
1503;10:22:16.063;4.5;31.441414;6333732
1504;10:22:16.235;4.7;31.443142;6334080
1505;10:22:16.408;3.0;31.443420;6334388
1506;10:22:16.583;3.0;31.444651;6334384
1507;10:22:16.761;5.8;31.444174;6334288
1508;10:22:16.937;4.5;31.444412;6334336
1509;10:22:17.113;0.0;31.444373;6334328
1510;10:22:17.290;4.5;31.444512;6334356
1511;10:22:17.459;3.0;31.439806;6333408
1512;10:22:17.630;1.6;31.440362;6333520
1513;10:22:17.801;6.2;31.443181;6334104
1514;10:22:17.974;1.6;31.440481;6333544
1515;10:22:18.144;3.1;31.443300;6334364
1516;10:22:18.315;3.0;31.443817;6334216
1517;10:22:18.492;4.6;31.445723;6334600
1518;10:22:18.664;4.7;31.441354;6333720
1519;10:22:18.833;7.4;31.445624;6334580
1520;10:22:19.010;0.0;31.445703;6334596
1521;10:22:19.186;4.5;31.444869;6334428
1522;10:22:19.362;3.0;31.444750;6334404
1523;10:22:19.540;2.9;31.444293;6334312
1524;10:22:19.714;3.0;31.443459;6334144
1525;10:22:19.884;1.5;31.443698;6334192
1526;10:22:20.057;1.6;31.442725;6333996
1527;10:22:20.226;4.5;31.440540;6333848
1528;10:22:20.404;3.1;31.440481;6333828
1529;10:22:20.577;0.0;31.445028;6334712
1530;10:22:20.749;1.5;31.444929;6334440
1531;10:22:20.919;3.0;31.443539;6334412
1532;10:22:21.090;9.6;31.446994;6334856
1533;10:22:21.260;0.0;31.446338;6334724
1534;10:22:21.429;1.5;31.446418;6334740
1535;10:22:21.598;0.0;31.446656;6334568
1536;10:22:21.768;4.6;31.446418;6334740
1537;10:22:21.937;1.6;31.446418;6334740
1538;10:22:22.107;1.5;31.445643;6334436
1539;10:22:22.276;4.6;31.445167;6334488
1540;10:22:22.446;1.6;31.446736;6334804
1541;10:22:22.615;1.5;31.446100;6334676
1542;10:22:22.785;2.9;31.446736;6334804
1543;10:22:22.955;3.0;31.445763;6334608
1544;10:22:23.126;3.2;31.446676;6334792
1545;10:22:23.296;1.6;31.444948;6334444
1546;10:22:23.467;4.4;31.444194;6334292
1547;10:22:23.637;1.6;31.446140;6334684
1548;10:22:23.807;4.5;31.445902;6334416
1549;10:22:23.977;1.5;31.446021;6334660
1550;10:22:24.147;1.6;31.447470;6334952
1551;10:22:24.317;1.6;31.446458;6334748
1552;10:22:24.487;1.5;31.446497;6335016
1553;10:22:24.656;3.0;31.447788;6334796
1554;10:22:24.825;1.6;31.450608;6335852
1555;10:22:24.995;1.5;31.449098;6335280
1556;10:22:25.165;3.0;31.449218;6335304
1557;10:22:25.334;1.6;31.449913;6335444
1558;10:22:25.504;1.6;31.446934;6335096
1559;10:22:25.674;3.1;31.447589;6334756
1560;10:22:25.844;1.6;31.448920;6335244
1561;10:22:26.013;3.0;31.448801;6335220
1562;10:22:26.183;3.1;31.447808;6335304
1563;10:22:26.353;1.4;31.449218;6335304
1564;10:22:26.523;3.1;31.400748;6326768
1565;10:22:26.693;7.9;31.454420;6336352
1566;10:22:26.863;6.2;31.456584;6336788
1567;10:22:27.033;1.6;31.453110;6336088
1568;10:22:27.204;3.1;31.454122;6336292
1569;10:22:27.374;7.9;31.447113;6334880
1570;10:22:27.546;4.8;31.448721;6335204
1571;10:22:27.717;3.1;31.451561;6335776
1572;10:22:27.887;4.6;31.454460;6336360
1573;10:22:28.057;0.0;31.454301;6336328
1574;10:22:28.227;1.6;31.453090;6336084
1575;10:22:28.397;1.5;31.453209;6336108
1576;10:22:28.567;1.6;31.453308;6336128
1577;10:22:28.737;1.6;31.454599;6336388
1578;10:22:28.906;3.1;31.454599;6336388
1579;10:22:29.076;4.5;31.454877;6336296
1580;10:22:29.246;0.0;31.453507;6336168
1581;10:22:29.416;3.0;31.452613;6335988
1582;10:22:29.586;0.0;31.452454;6335956
1583;10:22:29.755;3.0;31.452494;6335964
1584;10:22:29.925;3.1;31.453745;6336216
1585;10:22:30.095;1.5;31.453943;6336256
1586;10:22:30.265;3.0;31.453864;6336240
1587;10:22:30.435;3.1;31.452792;6336024
1588;10:22:30.605;3.1;31.452911;6336048
1589;10:22:30.775;1.5;31.452256;6335916
1590;10:22:30.945;3.1;31.453348;6335916
1591;10:22:31.115;4.6;31.451918;6335848
1592;10:22:31.285;3.1;31.451918;6335848
1593;10:22:31.455;1.6;31.453010;6336068
1594;10:22:31.625;1.5;31.453129;6336092
1595;10:22:31.795;3.0;31.453090;6336084
1596;10:22:31.964;4.6;31.453407;6336148
1597;10:22:32.134;1.6;31.453249;6335896
1598;10:22:32.305;1.6;31.452911;6335676
1599;10:22:32.475;1.5;31.450627;6335588
1600;10:22:32.645;1.5;31.451144;6335472
1601;10:22:32.815;1.5;31.450012;6335464
1602;10:22:32.986;3.2;31.452871;6336040
1603;10:22:33.156;4.8;31.450389;6335540
1604;10:22:33.327;4.5;31.452156;6335896
1605;10:22:33.497;3.1;31.453447;6336156
1606;10:22:33.667;1.5;31.452236;6335912
1607;10:22:33.837;1.6;31.452117;6335668
1608;10:22:34.009;1.6;31.451223;6335708
1609;10:22:34.179;1.6;31.450886;6335640
1610;10:22:34.349;3.1;31.450806;6335624
1611;10:22:34.519;0.0;31.453387;6336144
1612;10:22:34.689;1.6;31.453467;6335940
1613;10:22:34.859;0.0;31.451203;6335704
1614;10:22:35.029;1.5;31.453129;6336092
1615;10:22:35.198;1.6;31.452712;6336008
1616;10:22:35.368;0.0;31.450250;6334712
1617;10:22:35.540;1.6;31.450429;6335548
1618;10:22:35.710;1.6;31.450349;6335532
1619;10:22:35.881;3.0;31.453884;6336024
1620;10:22:36.051;4.5;31.454619;6336392
1621;10:22:36.222;1.6;31.453606;6336188
1622;10:22:36.392;4.5;31.452474;6335960
1623;10:22:36.562;1.5;31.453705;6336208
1624;10:22:36.732;3.1;31.453665;6335980
1625;10:22:36.903;4.5;31.449853;6335432
1626;10:22:37.073;3.1;31.451541;6335772
1627;10:22:37.243;1.5;31.451521;6335768
1628;10:22:37.413;1.6;31.451283;6335720
1629;10:22:37.583;0.0;31.451164;6335696
1630;10:22:37.752;1.5;31.451402;6335744
1631;10:22:37.922;3.2;31.451402;6335744
1632;10:22:38.092;1.5;31.452415;6335948
1633;10:22:38.262;1.6;31.452772;6336020
1634;10:22:38.432;0.0;31.453050;6336336
1635;10:22:38.601;0.0;31.455592;6336368
1636;10:22:38.771;1.6;31.454162;6336300
1637;10:22:38.941;0.0;31.454202;6336308
1638;10:22:39.111;3.1;31.454440;6336356
1639;10:22:39.281;3.0;31.454162;6336300
1640;10:22:39.451;1.6;31.454281;6336324
1641;10:22:39.621;1.6;31.454122;6336292
1642;10:22:39.791;3.1;31.452017;6335868
1643;10:22:39.961;1.6;31.452017;6335868
1644;10:22:40.131;1.6;31.452097;6335884
1645;10:22:40.300;1.5;31.452335;6335932
1646;10:22:40.470;1.6;31.452415;6335948
1647;10:22:40.640;1.6;31.453467;6336160
1648;10:22:40.810;0.0;31.453467;6336160
1649;10:22:40.980;3.1;31.453467;6336160
1650;10:22:41.150;1.5;31.450210;6335504
1651;10:22:41.321;3.1;31.450171;6335496
1652;10:22:41.491;0.0;31.450052;6335472
1653;10:22:41.661;0.0;31.452593;6335984
1654;10:22:41.831;0.0;31.452593;6335984
1655;10:22:42.001;1.6;31.452752;6336016
1656;10:22:42.171;1.6;31.452057;6335876
1657;10:22:42.341;0.0;31.453387;6336144
1658;10:22:42.510;3.1;31.452097;6335884
1659;10:22:42.680;3.1;31.452176;6335900
1660;10:22:42.850;0.0;31.453348;6336136
1661;10:22:43.020;1.6;31.454678;6336404
1662;10:22:43.190;1.6;31.454638;6336396
1663;10:22:43.360;1.5;31.454638;6336396
1664;10:22:43.530;1.6;31.454797;6336428
1665;10:22:43.701;0.0;31.454678;6336404
1666;10:22:43.871;1.5;31.456028;6336676
1667;10:22:44.041;0.0;31.456465;6336764
1668;10:22:44.211;1.5;31.456187;6336708
1669;10:22:44.381;0.0;31.454043;6336276
1670;10:22:44.551;1.5;31.452732;6336012
1671;10:22:44.721;1.5;31.453844;6336236
1672;10:22:44.891;3.0;31.453804;6336228
1673;10:22:45.061;0.0;31.456505;6336772
1674;10:22:45.231;3.1;31.456227;6336716
1675;10:22:45.401;3.1;31.456227;6336716
1676;10:22:45.571;0.0;31.456306;6336732
1677;10:22:45.741;1.4;31.456148;6336700
1678;10:22:45.911;2.9;31.457399;6336732
1679;10:22:46.097;1.6;31.455472;6336564
1680;10:22:46.269;1.5;31.455314;6336532
1681;10:22:46.439;1.6;31.455075;6336484
1682;10:22:46.609;0.0;31.455036;6336476
1683;10:22:46.778;1.6;31.454579;6336384
1684;10:22:46.948;1.5;31.455572;6336584
1685;10:22:47.119;1.5;31.452196;6335904
1686;10:22:47.289;1.6;31.452137;6335892
1687;10:22:47.459;1.5;31.451898;6335844
1688;10:22:47.628;1.6;31.450667;6335848
1689;10:22:47.799;0.0;31.451918;6335848
1690;10:22:47.969;1.5;31.453249;6336116
1691;10:22:48.138;3.0;31.453249;6336100
1692;10:22:48.310;1.6;31.456187;6336380
1693;10:22:48.480;3.1;31.450230;6335760
1694;10:22:48.651;1.5;31.452216;6335580
1695;10:22:48.821;1.6;31.449674;6335396
1696;10:22:48.992;1.6;31.450925;6335648
1697;10:22:49.162;1.6;31.451263;6335716
1698;10:22:49.331;2.9;31.451025;6335448
1699;10:22:49.501;3.0;31.451382;6335740
1700;10:22:49.671;1.6;31.452832;6336032
1701;10:22:49.841;1.5;31.452752;6336016
1702;10:22:50.011;3.1;31.451660;6335796
1703;10:22:50.181;3.1;31.452097;6335884
1704;10:22:50.350;1.6;31.452097;6335884
1705;10:22:50.519;1.6;31.453427;6336152
1706;10:22:50.689;0.0;31.453348;6336136
1707;10:22:50.858;1.6;31.453308;6336128
1708;10:22:51.029;0.0;31.453824;6336080
1709;10:22:51.198;0.0;31.453348;6336136
1710;10:22:51.367;3.1;31.453308;6336128
1711;10:22:51.537;1.5;31.453189;6336104
1712;10:22:51.706;1.6;31.453229;6336112
1713;10:22:51.876;3.0;31.452752;6336016
1714;10:22:52.045;0.0;31.451819;6336080
1715;10:22:52.215;1.6;31.454638;6336396
1716;10:22:52.385;1.6;31.454559;6336380
1717;10:22:52.555;1.5;31.454400;6336128
1718;10:22:52.725;1.5;31.454519;6336372
1719;10:22:52.895;1.6;31.454758;6336420
1720;10:22:53.065;3.1;31.454758;6336200
1721;10:22:53.234;0.0;31.453765;6336220
1722;10:22:53.404;0.0;31.453765;6336220
1723;10:22:53.574;3.1;31.450290;6335520
1724;10:22:53.744;7.8;31.448304;6335120
1725;10:22:53.916;1.5;31.442427;6333936
1726;10:22:54.088;1.6;31.444988;6334232
1727;10:22:54.257;1.5;31.445346;6334524
1728;10:22:54.430;0.0;31.445465;6334548
1729;10:22:54.600;3.0;31.445346;6334524
1730;10:22:54.769;3.1;31.443757;6334204
1731;10:22:54.941;14.1;31.519649;6349492
1732;10:22:55.111;3.1;31.520701;6349484
1733;10:22:55.285;4.5;31.519073;6349376
1734;10:22:55.460;0.0;31.522587;6350084
1735;10:22:55.634;6.5;31.532099;6351780
1736;10:22:55.804;3.1;31.529914;6351120
1737;10:22:55.977;1.6;31.527452;6351064
1738;10:22:56.150;3.1;31.530431;6351444
1739;10:22:56.321;1.5;31.532099;6351780
1740;10:22:56.491;7.5;31.527849;6351144
1741;10:22:56.668;12.3;31.448543;6335020
1742;10:22:56.841;3.0;31.446279;6334712
1743;10:22:57.012;1.6;31.446477;6334452
1744;10:22:57.184;0.0;31.447232;6334904
1745;10:22:57.354;1.4;31.449496;6335360
1746;10:22:57.524;3.0;31.451104;6335684
1747;10:22:57.693;1.5;31.451025;6335668
1748;10:22:57.863;1.5;31.450568;6335576
1749;10:22:58.033;1.6;31.450052;6335268
1750;10:22:58.212;4.4;31.450270;6335364
1751;10:22:58.385;3.1;31.449873;6335436
1752;10:22:58.558;6.6;31.442407;6333492
1753;10:22:58.732;6.0;31.436787;6332800
1754;10:22:58.907;3.0;31.439210;6333288
1755;10:22:59.079;0.0;31.437105;6332864
1756;10:22:59.249;1.5;31.440243;6333496
1757;10:22:59.420;3.0;31.442625;6333976
1758;10:22:59.591;3.1;31.441414;6333732
1759;10:22:59.763;0.0;31.440243;6333764
1760;10:22:59.933;0.0;31.441990;6334100
1761;10:23:00.105;1.6;31.445802;6334616
1762;10:23:00.278;3.1;31.445485;6334844
1763;10:23:00.448;0.0;31.445564;6334568
1764;10:23:00.619;4.4;31.445802;6334616
1765;10:23:00.790;3.1;31.445802;6334616
1766;10:23:00.960;1.5;31.447530;6335076
1767;10:23:01.130;3.2;31.448026;6335064
1768;10:23:01.300;0.0;31.448960;6335104
1769;10:23:01.470;1.6;31.448960;6335252
1770;10:23:01.639;1.6;31.448960;6335280
1771;10:23:01.811;1.6;31.447510;6334960
1772;10:23:01.981;0.0;31.449535;6335368
1773;10:23:02.152;8.8;31.448721;6335204
1774;10:23:02.327;11.2;31.447470;6335204
1775;10:23:02.501;7.5;31.453229;6336112
1776;10:23:02.672;0.0;31.459007;6337452
1777;10:23:02.844;1.5;31.465838;6338652
1778;10:23:03.015;4.5;31.446120;6334680
1779;10:23:03.189;12.7;31.454380;6336124
1780;10:23:03.362;7.4;31.459086;6337592
1781;10:23:03.533;6.2;31.461092;6337948
1782;10:23:03.704;7.5;31.472827;6340060
1783;10:23:03.881;3.6;31.474555;6340188
1784;10:23:04.055;4.5;31.482994;6342108
1785;10:23:04.230;7.8;31.480988;6341704
1786;10:23:04.407;6.0;31.492147;6343952
1787;10:23:04.581;1.7;31.493279;6344180
1788;10:23:04.753;1.7;31.503803;6346300
1789;10:23:04.929;0.0;31.513414;6348236
1790;10:23:05.106;3.8;31.513771;6348216
1791;10:23:05.278;3.5;31.523679;6350304
1792;10:23:05.453;1.9;31.533052;6352192
1793;10:23:05.628;0.0;31.542007;6354148
1794;10:23:05.806;1.9;31.541967;6353768
1795;10:23:05.979;2.0;31.552749;6356160
1796;10:23:06.153;3.8;31.561526;6357928
1797;10:23:06.327;3.8;31.561685;6357960
1798;10:23:06.501;1.9;31.571534;6359944
1799;10:23:06.674;3.7;31.574711;6360584
1800;10:23:06.846;3.7;31.584361;6362804
1801;10:23:07.018;1.9;31.584957;6362900
1802;10:23:07.191;3.6;31.598340;6365344
1803;10:23:07.370;3.2;31.594766;6364624
1804;10:23:07.545;1.9;31.607752;6367240
1805;10:23:07.718;1.8;31.609320;6367556
1806;10:23:07.891;5.5;31.617759;6369400
1807;10:23:08.065;1.8;31.620222;6369752
1808;10:23:08.237;1.6;31.628681;6371616
1809;10:23:08.408;4.8;31.631083;6371940
1810;10:23:08.581;1.6;31.635571;6372844
1811;10:23:08.752;1.5;31.649550;6375660
1812;10:23:08.923;3.5;31.651813;6376116
1813;10:23:09.095;3.1;31.657036;6377168
1814;10:23:09.266;0.0;31.664780;6378728
1815;10:23:09.438;3.3;31.664124;6378376
1816;10:23:09.608;0.0;31.670141;6379808
1817;10:23:09.782;3.7;31.670776;6379936
1818;10:23:09.955;1.9;31.681201;6382036
1819;10:23:10.130;3.6;31.682849;6382368
1820;10:23:10.314;0.0;31.694465;6384488
1821;10:23:10.488;3.7;31.690653;6385852
1822;10:23:10.670;3.5;31.701752;6386176
1823;10:23:10.845;1.8;31.707034;6387240
1824;10:23:11.021;1.8;31.707590;6387880
1825;10:23:11.197;3.4;31.721073;6389740
1826;10:23:11.373;1.7;31.721807;6390216
1827;10:23:11.546;1.7;31.727725;6391408
1828;10:23:11.731;7.0;31.730981;6391844
1829;10:23:11.904;1.8;31.743808;6394820
1830;10:23:12.077;1.8;31.744702;6394824
1831;10:23:12.250;0.0;31.751274;6395932
1832;10:23:12.425;1.8;31.748673;6395628
1833;10:23:12.598;3.4;31.761084;6398128
1834;10:23:12.773;1.7;31.758403;6397588
1835;10:23:12.946;0.0;31.770456;6400016
1836;10:23:13.121;1.7;31.775758;6401084
1837;10:23:13.295;3.2;31.781516;6402244
1838;10:23:13.469;3.3;31.790610;6404076
1839;10:23:13.643;1.6;31.792616;6404480
1840;10:23:13.816;3.0;31.793291;6404616
1841;10:23:13.986;0.0;31.793211;6404812
1842;10:23:14.158;3.2;31.803735;6406816
1843;10:23:14.331;1.6;31.803735;6406720
1844;10:23:14.506;1.6;31.801492;6406268
1845;10:23:14.680;3.0;31.803298;6407160
1846;10:23:14.856;1.5;31.807250;6407428
1847;10:23:15.031;3.0;31.808421;6407664
1848;10:23:15.209;6.0;31.809533;6407888
1849;10:23:15.382;9.0;31.809811;6407944
1850;10:23:15.559;4.6;31.817099;6409412
1851;10:23:15.734;4.6;31.816880;6409368
1852;10:23:15.909;4.7;31.818389;6409672
1853;10:23:16.084;1.5;31.817853;6409564
1854;10:23:16.256;6.3;31.814875;6408964
1855;10:23:16.429;6.0;31.814835;6408712
1856;10:23:16.601;5.9;31.816483;6409288
1857;10:23:16.777;4.5;31.816523;6409548
1858;10:23:16.954;3.0;31.819720;6409940
1859;10:23:17.128;5.7;31.819799;6409932
1860;10:23:17.305;3.1;31.831098;6412232
1861;10:23:17.482;3.1;31.830859;6412184
1862;10:23:17.658;5.7;31.829390;6412148
1863;10:23:17.832;2.9;31.832150;6412444
1864;10:23:18.006;3.1;31.831654;6412344
1865;10:23:18.944;6.0;31.850140;6416320
1866;10:23:19.125;6.1;31.848869;6415812
1867;10:23:19.299;3.0;31.915924;6429320
1868;10:23:19.468;3.0;31.939871;6434144
1869;10:23:19.637;3.1;31.939852;6434140
1870;10:23:19.807;1.6;31.939852;6434140
1871;10:23:19.977;1.6;31.959529;6438104
1872;10:23:20.147;3.0;32.040365;6454640
1873;10:23:20.317;1.6;32.062267;6458800
1874;10:23:20.487;4.3;32.075531;6461472
1875;10:23:20.658;3.0;32.074637;6461292
1876;10:23:20.828;3.0;32.134683;6473388
1877;10:23:20.998;1.6;32.280092;6502680
1878;10:23:21.167;1.6;32.437693;6534428
1879;10:23:21.337;1.5;32.601708;6571532
1880;10:23:21.508;4.6;32.701606;6587564
1881;10:23:21.678;3.0;32.703870;6588048
1882;10:23:21.850;3.1;32.836054;6614548
1883;10:23:22.021;3.0;32.836074;6614948
1884;10:23:22.192;4.5;32.837265;6614920
1885;10:23:22.362;3.1;33.010811;6649880
1886;10:23:22.531;3.1;33.173098;6682572
1887;10:23:22.701;6.2;33.271467;6702640
1888;10:23:22.873;1.5;33.366083;6721448
1889;10:23:23.045;3.1;33.364395;6721108
1890;10:23:23.215;4.3;33.366242;6721924
1891;10:23:23.386;1.6;33.369399;6722488
1892;10:23:23.555;1.5;33.367950;6721936
1893;10:23:23.725;1.5;33.367771;6721788
1894;10:23:23.896;2.9;33.389931;6726252
1895;10:23:24.066;1.5;33.544256;6757584
1896;10:23:24.236;3.2;33.627970;6773876
1897;10:23:24.409;3.1;33.663176;6781148
1898;10:23:24.580;1.6;33.668061;6782524
1899;10:23:24.750;4.5;33.664228;6781508
1900;10:23:24.920;1.5;33.669749;6782620
1901;10:23:25.090;3.1;33.744449;6798252
1902;10:23:25.262;3.2;33.814602;6811608
1903;10:23:25.432;2.9;33.809280;6810728
1904;10:23:25.602;3.1;33.811524;6811180
1905;10:23:25.773;1.5;33.810789;6810704
1906;10:23:25.943;1.6;33.813609;6811600
1907;10:23:26.112;1.6;33.809796;6810536
1908;10:23:26.283;1.5;33.810789;6811032
1909;10:23:26.453;1.6;33.822981;6813488
1910;10:23:26.623;2.9;33.818930;6812672
1911;10:23:26.794;1.6;33.830586;6814936
1912;10:23:26.964;1.5;33.830983;6815100
1913;10:23:27.134;1.5;33.840077;6816932
1914;10:23:27.304;1.6;33.850165;6818964
1915;10:23:27.474;4.7;33.849787;6818888
1916;10:23:27.645;3.0;33.862376;6821536
1917;10:23:27.816;1.5;33.861423;6821232
1918;10:23:27.986;3.0;33.880664;6825360
1919;10:23:28.155;3.0;33.953756;6839640
1920;10:23:28.326;1.6;34.004251;6850004
1921;10:23:28.496;3.1;34.009831;6851372
1922;10:23:28.667;1.6;34.008043;6851012
1923;10:23:28.837;4.5;34.018468;6852868
1924;10:23:29.008;1.5;34.032646;6855724
1925;10:23:29.178;1.6;34.027046;6854856
1926;10:23:29.349;1.6;34.027483;6854684
1927;10:23:29.519;3.0;34.028158;6855080
1928;10:23:29.689;1.5;34.028496;6855384
1929;10:23:29.859;2.9;34.050457;6859312
1930;10:23:30.030;1.6;34.063840;6861860
1931;10:23:30.200;2.9;34.061636;6861564
1932;10:23:30.370;1.5;34.061577;6861476
1933;10:23:30.541;1.5;34.074841;6864224
1934;10:23:30.711;3.1;34.082346;6865736
1935;10:23:30.882;0.0;34.092950;6867872
1936;10:23:31.053;1.6;34.092295;6867740
1937;10:23:31.224;1.5;34.182165;6885144
1938;10:23:31.394;3.1;34.180418;6885492
1939;10:23:31.565;3.0;34.179703;6885348
1940;10:23:31.735;4.4;34.180020;6885664
1941;10:23:31.906;3.1;34.186851;6886788
1942;10:23:32.076;0.0;34.200512;6889636
1943;10:23:32.246;3.0;34.219436;6893596
1944;10:23:32.417;1.5;34.249081;6899324
1945;10:23:32.586;4.5;34.247572;6899020
1946;10:23:32.756;4.5;34.248247;6898828
1947;10:23:32.927;4.3;34.249955;6899500
1948;10:23:33.097;1.5;34.250213;6899404
1949;10:23:33.269;3.1;34.249022;6899312
1950;10:23:33.439;3.0;34.250531;6899616
1951;10:23:33.609;3.1;34.252517;6899688
1952;10:23:33.780;1.6;34.253926;6899972
1953;10:23:33.950;3.1;34.255356;6900724
1954;10:23:34.120;1.5;34.257620;6901044
1955;10:23:34.291;1.5;34.257262;6900972
1956;10:23:34.460;1.5;34.257222;6900964
1957;10:23:34.630;1.5;34.267270;6902840
1958;10:23:34.801;1.5;34.275490;6904644
1959;10:23:34.971;3.0;34.298246;6909228
1960;10:23:35.141;2.9;34.319075;6913276
1961;10:23:35.310;4.5;34.324953;6914608
1962;10:23:35.480;2.9;34.339726;6917436
1963;10:23:35.651;3.0;34.357796;6921476
1964;10:23:35.822;2.9;34.380472;6925912
1965;10:23:35.993;2.9;34.597642;6971588
1966;10:23:36.164;1.5;34.759532;7002004
1967;10:23:36.334;4.4;34.757983;7002100
1968;10:23:36.503;4.4;34.759532;7002004
1969;10:23:36.673;1.6;34.758539;7002236
1970;10:23:36.842;1.6;34.758301;7001904
1971;10:23:37.012;3.1;34.758916;7002028
1972;10:23:37.182;1.6;34.759572;7002160
1973;10:23:37.352;1.6;34.780699;7006416
1974;10:23:37.522;1.5;34.779567;7006188
1975;10:23:37.692;1.5;34.779091;7006352
1976;10:23:37.862;3.2;34.780342;7006344
1977;10:23:38.033;1.6;34.782347;7006452
1978;10:23:38.202;1.5;34.779726;7006220
1979;10:23:38.372;1.5;34.779210;7005968
1980;10:23:38.541;3.1;34.777879;7005976
1981;10:23:38.710;0.0;34.778078;7005888
1982;10:23:38.880;7.9;34.774603;7005188
1983;10:23:39.052;21.2;34.868207;7023508
1984;10:23:39.225;1.5;34.872317;7024724
1985;10:23:39.396;2.7;34.874084;7025228
1986;10:23:39.566;4.5;34.876586;7025732
1987;10:23:39.742;3.1;34.875156;7025704
1988;10:23:39.919;1.5;34.874779;7025368
1989;10:23:40.091;4.6;34.873687;7025384
1990;10:23:40.265;2.9;34.874858;7025384
1991;10:23:40.442;3.0;34.877360;7025740
1992;10:23:40.619;4.5;34.877400;7025748
1993;10:23:40.794;4.4;34.876626;7025592
1994;10:23:40.973;3.0;34.876487;7025564
1995;10:23:41.149;4.5;34.874700;7025352
1996;10:23:41.326;7.4;34.875176;7025448
1997;10:23:41.503;3.0;34.874779;7025220
1998;10:23:41.680;1.5;34.872277;7024864
1999;10:23:41.856;5.8;34.871761;7024612
2000;10:23:42.033;5.9;34.870331;7024732
2001;10:23:42.210;3.1;34.869775;7024360
2002;10:23:42.380;0.0;34.871761;7024904
2003;10:23:42.549;1.6;34.871066;7024912
2004;10:23:42.722;1.5;34.870550;7024516
2005;10:23:42.899;3.1;34.870907;7024588
2006;10:23:43.074;3.1;34.872257;7024416
2007;10:23:43.243;1.5;34.873091;7024880
2008;10:23:43.412;0.0;34.871761;7024760
2009;10:23:43.582;1.5;34.871761;7024760
2010;10:23:43.755;1.5;34.870589;7024524
2011;10:23:43.933;0.0;34.871840;7024776
2012;10:23:44.109;1.6;34.873012;7025012
2013;10:23:44.286;0.0;34.872972;7024856
2014;10:23:44.455;3.0;34.871681;7024524
2015;10:23:44.625;3.1;34.869934;7024912
2016;10:23:44.798;4.5;34.872277;7024864
2017;10:23:44.974;3.0;34.872198;7024848
2018;10:23:45.149;7.0;34.873568;7025124
2019;10:23:45.326;4.6;34.872793;7025228
2020;10:23:45.502;3.0;34.872158;7024788
2021;10:23:45.678;3.0;34.872496;7024908
2022;10:23:45.854;3.0;34.872496;7025132
2023;10:23:46.029;4.5;34.875514;7025516
2024;10:23:46.203;2.9;34.875474;7025508
2025;10:23:46.378;3.2;34.874005;7025212
2026;10:23:46.549;1.5;34.873846;7025432
2027;10:23:46.726;4.4;34.876090;7025632
2028;10:23:46.902;3.0;34.877936;7026004
2029;10:23:47.078;4.4;34.878989;7025920
2030;10:23:47.256;1.5;34.874640;7025340
2031;10:23:47.434;1.5;34.874124;7025236
2032;10:23:47.609;1.5;34.875454;7025632
2033;10:23:47.786;3.1;34.874719;7025208
2034;10:23:47.961;6.0;34.874124;7025236
2035;10:23:48.138;4.5;34.874640;7025340
2036;10:23:48.314;3.0;34.874163;7025244
2037;10:23:48.492;1.5;34.872873;7024836
2038;10:23:48.667;5.9;34.874124;7025756
2039;10:23:48.843;4.4;34.875891;7025860
2040;10:23:49.019;3.0;34.876626;7025740
2041;10:23:49.194;5.9;34.875335;7025480
2042;10:23:49.370;4.5;34.875931;7025600
2043;10:23:49.546;4.5;34.875375;7025488
2044;10:23:49.722;3.0;34.875414;7025496
2045;10:23:49.898;3.0;34.874640;7025340
2046;10:23:50.073;2.9;34.875792;7025728
2047;10:23:50.250;1.5;34.874025;7025372
2048;10:23:50.420;3.1;34.873330;7025076
2049;10:23:50.589;1.5;34.874640;7025044
2050;10:23:50.759;4.5;34.873171;7025044
2051;10:23:50.928;0.0;34.872396;7024592
2052;10:23:51.098;6.2;34.947692;7039760
2053;10:23:51.270;1.5;34.944555;7039424
2054;10:23:51.440;3.1;34.944793;7039444
2055;10:23:51.617;2.9;34.944316;7039628
2056;10:23:51.787;0.0;34.946898;7039748
2057;10:23:51.957;1.6;34.946759;7040144
2058;10:23:52.127;1.5;34.945965;7039708
2059;10:23:52.304;1.6;34.946799;7039876
2060;10:23:52.475;1.5;34.947315;7039980
2061;10:23:52.645;1.6;34.946064;7039580
2062;10:23:52.815;1.5;34.947990;7040116
2063;10:23:52.984;1.6;34.949281;7040512
2064;10:23:53.154;4.5;35.079797;7066884
2065;10:23:53.324;1.5;35.277349;7106464
2066;10:23:53.495;1.6;35.277469;7106732
2067;10:23:53.664;1.5;35.278680;7106584
2068;10:23:53.834;1.5;35.277349;7106708
2069;10:23:54.005;1.6;35.278640;7106724
2070;10:23:54.175;3.1;35.280785;7106860
2071;10:23:54.428;2.9;35.278064;7106608
2072;10:23:54.597;3.1;35.280328;7107064
2073;10:23:54.767;1.5;35.279037;7106804
2074;10:23:54.937;0.0;35.275781;7105928
2075;10:23:55.107;3.1;35.273954;7105780
2076;10:23:55.277;1.6;35.272941;7105576
2077;10:23:55.448;9.2;35.181721;7087200
2078;10:23:55.618;0.0;35.179417;7086736
2079;10:23:55.787;1.5;35.179378;7086728
2080;10:23:55.956;0.0;35.179457;7087004
2081;10:23:56.128;1.6;35.182098;7087276
2082;10:23:56.298;3.0;35.181343;7087124
2083;10:23:56.467;3.1;35.181582;7087172
2084;10:23:56.638;4.6;35.183269;7087512
2085;10:23:56.808;1.5;35.184302;7087720
2086;10:23:56.979;3.1;35.183845;7087628
2087;10:23:57.149;1.5;35.183964;7087504
2088;10:23:57.319;0.0;35.187836;7088132
2089;10:23:57.489;0.0;35.186427;7088148
2090;10:23:57.659;1.5;35.186387;7088456
2091;10:23:57.834;3.2;35.187102;7088656
2092;10:23:58.005;1.6;35.186407;7088144
2093;10:23:58.177;1.5;35.183071;7086860
2094;10:23:58.350;4.4;35.189345;7088996
2095;10:23:58.527;1.5;35.191033;7088260
2096;10:23:58.705;3.0;35.182694;7087396
2097;10:23:58.880;6.0;35.182336;7087324
2098;10:23:59.057;3.1;35.182018;7087260
2099;10:23:59.228;4.6;35.184203;7087700
2100;10:23:59.400;4.4;35.183230;7087356
2101;10:23:59.577;3.1;35.182296;7087608
2102;10:23:59.753;5.8;35.181343;7087788
2103;10:23:59.927;4.4;35.185692;7088096
2104;10:24:00.103;3.0;35.187400;7088344
2105;10:24:00.279;4.4;35.185732;7087860
2106;10:24:00.455;4.4;35.185096;7088296
2107;10:24:00.629;4.5;35.187122;7088288
2108;10:24:00.805;3.1;35.187697;7088256
2109;10:24:00.981;3.0;35.185751;7088012
2110;10:24:01.158;3.0;35.185950;7088052
2111;10:24:01.335;4.5;35.185652;7087992
2112;10:24:01.505;1.6;35.187777;7088420
2113;10:24:01.675;3.1;35.184957;7088216
2114;10:24:01.845;3.0;35.186466;7088400
2115;10:24:02.015;2.8;35.187439;7088604
2116;10:24:02.185;1.5;35.187896;7088444
2117;10:24:02.355;1.5;35.188392;7088396
2118;10:24:02.525;3.0;35.187817;7088280
2119;10:24:02.695;1.5;35.189425;7088700
2120;10:24:02.865;3.0;35.193218;7089768
2121;10:24:03.036;1.5;35.193059;7089484
2122;10:24:03.205;1.6;35.194647;7089804
2123;10:24:03.375;1.5;35.192403;7089352
2124;10:24:03.545;1.5;35.193952;7089664
2125;10:24:03.715;1.6;35.191689;7089208
2126;10:24:03.885;1.5;35.195362;7089948
2127;10:24:04.054;0.0;35.196653;7090208
2128;10:24:04.223;3.0;35.194151;7089704
2129;10:24:04.393;4.6;35.193793;7089916
2130;10:24:04.563;0.0;35.196692;7090136
2131;10:24:04.733;0.0;35.196295;7090136
2132;10:24:04.903;1.5;35.194945;7090108
2133;10:24:05.074;3.1;35.212875;7093720
2134;10:24:05.245;0.0;35.216172;7094140
2135;10:24:05.414;1.6;35.213948;7093692
2136;10:24:05.584;1.5;35.212717;7093148
2137;10:24:05.754;1.5;35.215040;7093912
2138;10:24:05.924;1.5;35.216231;7094004
2139;10:24:06.094;3.0;35.215496;7093856
2140;10:24:06.264;1.6;35.213610;7093624
2141;10:24:06.433;1.6;35.216906;7094288
2142;10:24:06.603;1.5;35.217482;7094256
2143;10:24:06.773;1.6;35.216787;7094264
2144;10:24:06.943;1.5;35.214682;7093840
2145;10:24:07.113;1.6;35.214206;7093744
2146;10:24:07.283;1.5;35.212518;7093656
2147;10:24:07.453;1.6;35.214940;7093744
2148;10:24:07.623;3.0;35.214206;7093744
2149;10:24:07.793;1.6;35.214246;7094036
2150;10:24:07.962;10.9;35.208626;7092776
2151;10:24:08.131;0.0;35.210135;7092924
2152;10:24:08.301;1.5;35.210135;7092776
2153;10:24:08.471;1.6;35.208567;7092608
2154;10:24:08.640;1.5;35.208229;7092904
2155;10:24:08.810;0.0;35.209401;7092776
2156;10:24:08.980;1.5;35.209361;7092768
2157;10:24:09.149;1.5;35.209401;7093296
2158;10:24:09.324;1.5;35.214524;7093360
2159;10:24:09.495;1.6;35.215298;7093964
2160;10:24:09.666;1.6;35.213809;7093908
2161;10:24:09.836;1.6;35.217065;7094320
2162;10:24:10.006;0.0;35.217164;7094340
2163;10:24:10.181;3.2;35.216787;7094264
2164;10:24:10.351;4.5;35.218098;7094528
2165;10:24:10.521;3.2;35.219011;7094712
2166;10:24:10.691;1.5;35.216728;7094252
2167;10:24:10.865;3.0;35.217641;7094436
2168;10:24:11.035;1.6;35.216350;7094444
2169;10:24:11.206;2.9;35.215635;7094032
2170;10:24:11.378;1.6;35.214345;7093772
2171;10:24:11.548;1.6;35.215993;7094396
2172;10:24:11.720;1.5;35.215417;7093988
2173;10:24:11.889;1.5;35.216509;7094208
2174;10:24:12.059;1.5;35.215814;7094068
2175;10:24:12.229;0.0;35.217303;7094220
2176;10:24:12.399;1.6;35.215278;7093960
2177;10:24:12.569;1.7;35.213431;7093588
2178;10:24:12.740;0.0;35.213372;7093576
2179;10:24:12.911;1.5;35.213253;7093552
2180;10:24:13.081;1.6;35.212935;7093488
2181;10:24:13.250;0.0;35.212578;7093416
2182;10:24:13.420;3.0;35.213372;7093576
2183;10:24:13.590;3.1;35.215278;7094220
2184;10:24:13.759;1.6;35.216648;7094088
2185;10:24:13.928;0.0;35.216330;7094024
2186;10:24:14.098;12.1;35.214464;7093784
2187;10:24:14.273;0.0;35.216430;7094192
2188;10:24:14.443;3.1;35.216946;7094296
2189;10:24:14.613;1.5;35.216350;7094428
2190;10:24:14.782;1.6;35.218118;7094532
2191;10:24:14.953;3.1;35.217681;7094148
2192;10:24:15.122;1.6;35.215496;7094004
2193;10:24:15.292;1.5;35.214841;7093872
2194;10:24:15.461;3.0;35.218018;7094512
2195;10:24:15.637;7.7;35.220818;7094616
2196;10:24:15.809;0.0;35.219865;7094884
2197;10:24:15.980;1.6;35.219865;7094884
2198;10:24:16.152;1.6;35.217979;7094504
2199;10:24:16.322;3.1;35.217939;7094348
2200;10:24:16.492;4.5;35.216033;7094112
2201;10:24:16.662;1.7;35.215596;7094124
2202;10:24:16.833;1.6;35.218733;7094720
2203;10:24:17.003;3.0;35.218713;7094652
2204;10:24:17.179;2.9;35.220401;7094992
2205;10:24:17.352;3.1;35.218634;7094636
2206;10:24:17.522;6.0;35.216867;7094280
2207;10:24:17.696;3.1;35.218058;7094520
2208;10:24:17.866;1.5;35.218018;7094764
2209;10:24:18.037;1.6;35.217581;7094276
2210;10:24:18.210;1.6;35.219408;7094644
2211;10:24:18.380;3.1;35.218912;7094692
2212;10:24:18.553;1.6;35.217998;7094508
2213;10:24:18.724;4.7;35.216807;7094268
2214;10:24:18.895;1.5;35.217442;7094396
2215;10:24:19.068;1.6;35.220739;7095196
2216;10:24:19.244;3.0;35.219428;7094796
2217;10:24:19.414;1.6;35.216152;7094136
2218;10:24:19.585;4.6;35.216648;7094236
2219;10:24:19.755;2.9;35.217184;7094196
2220;10:24:19.926;1.6;35.215357;7094220
2221;10:24:20.096;1.6;35.216052;7093968
2222;10:24:20.266;0.0;35.214265;7093728
2223;10:24:20.436;3.0;35.214663;7093836
2224;10:24:20.606;1.6;35.215794;7094064
2225;10:24:20.776;1.5;35.215794;7094064
2226;10:24:20.945;0.0;35.216509;7094208
2227;10:24:21.116;1.6;35.218415;7094444
2228;10:24:21.286;3.0;35.217164;7094340
2229;10:24:21.456;1.6;35.215755;7094056
2230;10:24:21.626;4.5;35.217760;7094460
2231;10:24:21.797;3.2;35.215715;7094048
2232;10:24:21.966;3.0;35.215536;7094012
2233;10:24:22.136;4.6;35.217482;7094404
2234;10:24:22.306;1.5;35.216033;7094112
2235;10:24:22.477;3.1;35.218118;7094560
2236;10:24:22.648;4.5;35.218356;7094580
2237;10:24:22.818;1.6;35.259240;7102668
2238;10:24:22.987;5.7;35.259340;7102536
2239;10:24:23.158;3.1;35.299192;7110716
2240;10:24:23.327;3.0;35.299787;7110984
2241;10:24:23.497;1.6;35.298953;7110816
2242;10:24:23.667;3.1;35.298318;7110392
2243;10:24:23.837;1.5;35.296034;7110504
2244;10:24:24.006;1.5;35.298020;7110480
2245;10:24:24.176;3.0;35.297166;7110636
2246;10:24:24.346;3.1;35.297325;7110488
2247;10:24:24.516;5.9;35.294545;7109928
2248;10:24:24.686;1.6;35.294069;7109832
2249;10:24:24.857;3.0;35.296968;7110416
2250;10:24:25.026;0.0;35.298377;7110968
2251;10:24:25.196;3.1;35.299827;7110844
2252;10:24:25.365;1.5;35.296650;7110352
2253;10:24:25.535;3.1;35.296749;7110372
2254;10:24:25.704;1.5;35.298874;7110652
2255;10:24:25.874;1.5;35.298219;7110372
2256;10:24:26.044;3.0;35.296888;7110400
2257;10:24:26.213;0.0;35.296372;7110148
2258;10:24:26.383;4.5;35.290872;7109040
2259;10:24:26.555;3.2;35.299986;7111136
2260;10:24:26.724;7.9;35.298933;7110828
2261;10:24:26.898;3.0;35.300899;7110988
2262;10:24:27.070;0.0;35.300343;7111096
2263;10:24:27.239;1.5;35.299072;7110840
2264;10:24:27.409;1.5;35.299152;7110856
2265;10:24:27.578;1.5;35.298914;7110808
2266;10:24:27.749;1.6;35.298993;7110824
2267;10:24:27.918;1.5;35.298993;7110676
2268;10:24:28.087;1.5;35.299072;7110840
2269;10:24:28.258;3.1;35.299072;7110840
2270;10:24:28.427;4.9;35.301435;7111020
2271;10:24:28.597;3.2;35.299092;7110844
2272;10:24:28.767;0.0;35.298238;7110672
2273;10:24:28.937;12.3;35.375182;7125656
2274;10:24:29.109;15.6;35.387136;7128580
2275;10:24:29.279;3.1;35.386004;7128464
2276;10:24:29.450;3.0;35.387374;7128628
2277;10:24:29.619;3.1;35.389916;7129352
2278;10:24:29.789;0.0;35.400857;7131344
2279;10:24:29.959;3.1;35.402505;7131676
2280;10:24:30.129;1.5;35.404590;7131948
2281;10:24:30.298;0.0;35.402723;7131720
2282;10:24:30.468;1.6;35.404054;7131840
2283;10:24:30.637;4.7;35.401850;7131216
2284;10:24:30.808;0.0;35.401750;7131524
2285;10:24:30.978;1.6;35.406397;7132160
2286;10:24:31.148;2.8;35.414995;7134192
2287;10:24:31.318;0.0;35.425677;7136344
2288;10:24:31.487;3.0;35.424824;7136172
2289;10:24:31.656;3.1;35.423493;7136096
2290;10:24:31.826;1.6;35.425201;7136100
2291;10:24:31.996;3.0;35.425181;7136244
2292;10:24:32.166;0.0;35.421527;7135760
2293;10:24:32.336;3.0;35.421805;7135816
2294;10:24:32.506;1.6;35.421865;7135820
2295;10:24:32.676;3.2;35.422580;7135424
2296;10:24:32.846;3.1;35.420296;7135844
2297;10:24:33.017;4.5;35.423414;7136416
2298;10:24:33.189;3.0;35.426094;7136428
2299;10:24:33.359;3.1;35.425320;7136272
2300;10:24:33.529;1.6;35.425399;7136288
2301;10:24:33.698;3.1;35.425578;7136324
2302;10:24:33.868;1.5;35.424804;7136168
2303;10:24:34.038;1.5;35.426134;7136140
2304;10:24:34.207;1.5;35.424287;7136064
2305;10:24:34.377;3.1;35.426213;7136452
2306;10:24:34.547;0.0;35.424089;7136024
2307;10:24:34.717;0.0;35.425141;7136236
2308;10:24:34.886;1.6;35.427226;7136656
2309;10:24:35.056;2.9;35.426630;7136240
2310;10:24:35.226;1.6;35.425896;7136388
2311;10:24:35.396;0.0;35.425479;7136444
2312;10:24:35.567;1.5;35.425697;7136348
2313;10:24:35.738;1.6;35.424446;7136096
2314;10:24:35.908;1.5;35.425399;7136532
2315;10:24:36.078;4.6;35.427167;7136644
2316;10:24:36.248;1.5;35.422163;7135896
2317;10:24:36.417;3.1;35.425618;7136184
2318;10:24:36.587;3.1;35.423434;7135892
2319;10:24:36.757;1.6;35.424883;7136184
2320;10:24:36.927;0.0;35.424526;7136112
2321;10:24:37.096;1.5;35.424486;7136104
2322;10:24:37.265;3.0;35.424486;7136104
2323;10:24:37.435;3.1;35.424148;7135888
2324;10:24:37.609;5.9;35.421071;7135416
2325;10:24:37.783;1.6;35.425260;7136260
2326;10:24:37.953;1.5;35.422202;7135644
2327;10:24:38.122;1.6;35.423414;7135592
2328;10:24:38.292;3.0;35.421924;7135588
2329;10:24:38.462;4.3;35.422798;7136032
2330;10:24:38.634;4.5;35.433282;7137716
2331;10:24:38.810;4.3;35.419760;7135152
2332;10:24:38.993;9.7;35.419720;7135144
2333;10:24:39.164;3.1;35.421805;7135564
2334;10:24:39.335;5.8;35.421547;7135216
2335;10:24:39.506;4.3;35.420872;7135708
2336;10:24:39.678;4.5;35.420396;7135372
2337;10:24:39.853;4.5;35.419303;7135304
2338;10:24:40.025;8.6;35.419363;7135136
2339;10:24:40.196;8.6;35.417159;7134628
2340;10:24:40.368;8.5;35.417099;7134616
2341;10:24:40.539;0.0;35.417814;7134760
2342;10:24:40.709;1.6;35.419581;7135116
2343;10:24:40.880;4.3;35.418311;7134860
2344;10:24:41.052;0.0;35.420634;7135328
2345;10:24:41.223;1.6;35.419701;7135400
2346;10:24:41.393;1.6;35.420733;7135348
2347;10:24:41.562;0.0;35.420078;7135216
2348;10:24:41.732;0.0;35.417635;7134648
2349;10:24:41.901;1.5;35.418886;7134680
2350;10:24:42.071;3.1;35.418827;7134964
2351;10:24:42.240;1.6;35.421150;7135284
2352;10:24:42.410;1.5;35.419621;7134828
2353;10:24:42.580;1.5;35.420932;7135560
2354;10:24:42.750;1.6;35.419740;7135448
2355;10:24:42.919;1.5;35.420535;7135308
2356;10:24:43.089;3.1;35.419244;7135308
2357;10:24:43.259;1.6;35.418668;7134932
2358;10:24:43.429;1.5;35.418668;7135076
2359;10:24:43.598;1.5;35.420515;7135304
2360;10:24:43.769;1.6;35.421805;7135564
2361;10:24:43.938;1.5;35.419939;7135188
2362;10:24:44.108;1.5;35.419840;7135168
2363;10:24:44.278;1.6;35.419919;7135184
2364;10:24:44.448;3.1;35.419959;7135044
2365;10:24:44.617;1.6;35.419184;7135036
2366;10:24:44.787;3.2;35.421567;7135516
2367;10:24:44.957;1.4;35.421269;7135308
2368;10:24:45.127;0.0;35.419363;7135072
2369;10:24:45.297;0.0;35.419204;7134744
2370;10:24:45.466;1.5;35.417477;7134804
2371;10:24:45.636;1.6;35.416325;7134460
2372;10:24:45.806;3.2;35.417993;7134796
2373;10:24:45.976;1.5;35.417596;7134568
2374;10:24:46.145;0.0;35.418688;7134788
2375;10:24:46.314;1.6;35.417536;7134704
2376;10:24:46.484;3.0;35.419979;7135196
2377;10:24:46.654;1.6;35.420018;7135204
2378;10:24:46.824;1.5;35.420832;7135220
2379;10:24:46.994;1.6;35.419502;7134952
2380;10:24:47.163;1.6;35.419462;7135092
2381;10:24:47.332;1.6;35.419423;7135084
2382;10:24:47.502;3.4;35.418291;7134856
2383;10:24:47.673;3.4;35.420078;7135376
2384;10:24:47.846;3.2;35.427703;7136752
2385;10:24:48.024;3.3;35.425360;7136128
2386;10:24:48.196;1.6;35.422580;7135720
2387;10:24:48.366;1.6;35.421130;7135428
2388;10:24:48.535;1.5;35.424287;7136064
2389;10:24:48.707;4.7;35.422262;7135916
2390;10:24:48.877;0.0;35.423056;7136068
2391;10:24:49.046;0.0;35.425618;7136332
2392;10:24:49.216;3.1;35.424605;7136128
2393;10:24:49.385;1.5;35.425042;7136216
2394;10:24:49.554;1.6;35.424903;7136188
2395;10:24:49.724;1.5;35.426075;7136424
2396;10:24:49.893;0.0;35.425280;7136264
2397;10:24:50.063;0.0;35.423434;7135744
2398;10:24:50.232;1.6;35.422778;7135760
2399;10:24:50.402;1.4;35.422143;7135768
2400;10:24:50.571;1.5;35.423930;7135992
2401;10:24:50.741;3.1;35.424943;7136048
2402;10:24:50.910;1.6;35.424168;7135892
2403;10:24:51.081;0.0;35.423354;7135876
2404;10:24:51.251;1.6;35.423513;7135908
2405;10:24:51.421;1.6;35.423473;7135900
2406;10:24:51.590;1.5;35.423473;7135752
2407;10:24:51.759;3.1;35.426293;7136168
2408;10:24:51.929;1.5;35.424407;7136088
2409;10:24:52.098;1.6;35.424327;7136072
2410;10:24:52.267;1.5;35.423513;7135908
2411;10:24:52.437;1.6;35.423394;7136152
2412;10:24:52.606;1.6;35.424248;7136056
2413;10:24:52.775;1.5;35.425816;7136372
2414;10:24:52.945;1.6;35.425816;7136372
2415;10:24:53.114;0.0;35.424486;7135956
2416;10:24:53.284;1.5;35.424963;7136200
2417;10:24:53.454;1.6;35.426213;7136304
2418;10:24:53.623;1.6;35.426253;7136704
2419;10:24:53.792;1.6;35.424367;7136080
2420;10:24:53.961;1.5;35.424248;7136056
2421;10:24:54.131;0.0;35.425717;7136336
2422;10:24:54.300;0.0;35.425638;7136188
2423;10:24:54.469;3.0;35.423453;7135896
2424;10:24:54.639;1.5;35.427127;7136488
2425;10:24:54.808;3.2;35.424704;7136148
2426;10:24:54.978;4.6;35.426313;7136320
2427;10:24:55.148;4.5;35.420197;7135240
2428;10:24:55.319;6.1;35.420535;7134784
2429;10:24:55.491;3.1;35.418211;7135092
2430;10:24:55.661;1.5;35.420257;7135252
2431;10:24:55.831;5.9;35.420952;7135392
2432;10:24:56.002;1.5;35.423056;7135816
2433;10:24:56.172;1.6;35.420713;7135344
2434;10:24:56.342;0.0;35.421468;7135348
2435;10:24:56.511;3.1;35.421428;7135488
2436;10:24:56.681;1.6;35.421468;7135348
2437;10:24:56.850;3.1;35.419204;7135040
2438;10:24:57.029;6.5;35.333504;7117480
2439;10:24:57.200;1.6;35.332074;7117536
2440;10:24:57.370;0.0;35.333960;7117868
2441;10:24:57.539;3.1;35.336383;7118356
2442;10:24:57.709;11.9;35.330366;7117144
2443;10:24:57.880;1.6;35.331240;7117596
2444;10:24:58.050;1.6;35.333722;7117820
2445;10:24:58.219;1.5;35.332769;7117628
2446;10:24:58.389;0.0;35.332769;7117480
2447;10:24:58.558;1.6;35.331518;7117376
2448;10:24:58.728;1.5;35.330783;7117472
2449;10:24:58.897;1.6;35.334655;7118008
2450;10:24:59.066;0.0;35.333782;7117832
2451;10:24:59.235;1.5;35.335112;7117952
2452;10:24:59.405;0.0;35.334973;7118072
2453;10:24:59.575;2.9;35.333861;7117856
2454;10:24:59.744;0.0;35.332809;7117692
2455;10:24:59.918;7.6;35.322503;7115812
2456;10:25:00.088;6.2;35.330426;7117156
2457;10:25:00.258;1.5;35.331975;7117468
2458;10:25:00.427;0.0;35.332014;7117476
2459;10:25:00.597;3.0;35.333265;7117728
2460;10:25:00.767;13.8;35.280129;7106876
2461;10:25:00.937;1.5;35.046081;7059876
