ID; Time; Network interface; TBPS; RBPS
1;10:41:49.481;enp0s25;0;0
2;10:41:50.493;enp0s25;0;64
3;10:41:51.505;enp0s25;0;0
4;10:41:52.517;enp0s25;0;1500
5;10:41:53.526;enp0s25;64;2944
6;10:41:54.533;enp0s25;0;962
7;10:41:55.542;enp0s25;0;568
8;10:41:56.550;enp0s25;0;1348
9;10:41:57.561;enp0s25;0;0
10;10:41:58.580;enp0s25;0;64
11;10:41:59.598;enp0s25;17842;203381
12;10:42:00.607;enp0s25;94992;2643651
13;10:42:01.619;enp0s25;3893;3708
14;10:42:02.630;enp0s25;49569;1029739
15;10:42:03.638;enp0s25;1236;688
16;10:42:04.646;enp0s25;64;128
17;10:42:05.654;enp0s25;0;386
18;10:42:06.668;enp0s25;0;64
19;10:42:07.676;enp0s25;90001;3136499
20;10:42:08.692;enp0s25;165931;6815136
21;10:42:09.702;enp0s25;155528;7163880
22;10:42:10.710;enp0s25;155400;7166542
23;10:42:11.719;enp0s25;155400;7169514
24;10:42:12.729;enp0s25;154464;7165024
25;10:42:13.739;enp0s25;157850;7113348
26;10:42:14.748;enp0s25;156639;6944434
27;10:42:15.764;enp0s25;158742;7166542
28;10:42:16.773;enp0s25;159250;7163506
29;10:42:17.781;enp0s25;137620;6129684
30;10:42:18.791;enp0s25;159740;7166542
31;10:42:19.799;enp0s25;160440;7166478
32;10:42:20.808;enp0s25;160339;7163506
33;10:42:21.817;enp0s25;161828;7163442
34;10:42:22.826;enp0s25;166700;7155986
35;10:42:23.835;enp0s25;161000;7158888
36;10:42:24.843;enp0s25;156100;6937324
37;10:42:25.853;enp0s25;159718;7172550
38;10:42:26.867;enp0s25;190818;7169642
39;10:42:27.883;enp0s25;166333;7161924
40;10:42:28.894;enp0s25;163059;7134645
41;10:42:29.978;enp0s25;170720;6764393
42;10:42:30.987;enp0s25;201365;7157711
43;10:42:31.999;enp0s25;173434;7173613
44;10:42:33.014;enp0s25;197137;7137766
45;10:42:34.030;enp0s25;200527;7093967
46;10:42:35.043;enp0s25;160351;6959740
47;10:42:36.056;enp0s25;137480;6105396
48;10:42:37.065;enp0s25;137070;5947652
49;10:42:38.073;enp0s25;142460;5600558
50;10:42:39.080;enp0s25;125732;4610122
51;10:42:40.088;enp0s25;103450;4365768
52;10:42:41.095;enp0s25;121680;5027680
53;10:42:42.103;enp0s25;139896;5637852
54;10:42:43.114;enp0s25;153109;6609436
55;10:42:44.122;enp0s25;157039;6846180
56;10:42:45.131;enp0s25;145259;5746687
57;10:42:46.138;enp0s25;149381;4386610
58;10:42:47.145;enp0s25;157273;5930559
59;10:42:48.153;enp0s25;105938;2991478
60;10:42:49.161;enp0s25;66342;2866741
61;10:42:50.173;enp0s25;0;0
62;10:42:51.182;enp0s25;0;64
63;10:42:52.190;enp0s25;0;0
64;10:42:53.198;enp0s25;0;64
65;10:42:54.205;enp0s25;0;0
66;10:42:55.219;enp0s25;0;64
67;10:42:56.227;enp0s25;0;0
68;10:42:57.234;enp0s25;0;64
69;10:42:58.253;enp0s25;0;0
70;10:42:59.262;enp0s25;64;128
71;10:43:00.269;enp0s25;0;0
72;10:43:01.278;enp0s25;0;64
73;10:43:02.285;enp0s25;0;64
74;10:43:03.292;enp0s25;0;0
75;10:43:04.299;enp0s25;0;64
76;10:43:05.319;enp0s25;0;0
77;10:43:06.331;enp0s25;202;64
78;10:43:07.339;enp0s25;0;0
79;10:43:08.346;enp0s25;0;64
80;10:43:09.353;enp0s25;0;0
81;10:43:10.385;enp0s25;64;128
82;10:43:11.395;enp0s25;0;0
83;10:43:12.410;enp0s25;0;64
84;10:43:13.425;enp0s25;0;0
85;10:43:14.438;enp0s25;0;64
86;10:43:15.552;enp0s25;0;0
87;10:43:16.561;enp0s25;0;64
88;10:43:17.572;enp0s25;0;0
89;10:43:18.587;enp0s25;0;64
90;10:43:19.599;enp0s25;0;0
91;10:43:20.611;enp0s25;0;64
92;10:43:21.618;enp0s25;64;64
93;10:43:22.626;enp0s25;0;64
94;10:43:23.641;enp0s25;0;0
95;10:43:24.652;enp0s25;0;64
96;10:43:25.660;enp0s25;0;0
97;10:43:26.669;enp0s25;0;64
98;10:43:27.684;enp0s25;0;0
99;10:43:28.696;enp0s25;0;64
100;10:43:29.712;enp0s25;0;0
101;10:43:30.719;enp0s25;0;64
102;10:43:31.734;enp0s25;0;0
103;10:43:32.748;enp0s25;64;128
104;10:43:33.758;enp0s25;0;0
105;10:43:34.766;enp0s25;0;64
106;10:43:35.779;enp0s25;0;0
107;10:43:36.789;enp0s25;0;64
108;10:43:37.800;enp0s25;0;0
109;10:43:38.809;enp0s25;0;64
110;10:43:39.817;enp0s25;0;0
111;10:43:40.831;enp0s25;0;64
112;10:43:41.842;enp0s25;0;0
113;10:43:42.849;enp0s25;0;64
114;10:43:43.857;enp0s25;64;64
115;10:43:44.864;enp0s25;0;64
116;10:43:45.872;enp0s25;0;0
117;10:43:46.879;enp0s25;0;64
118;10:43:47.886;enp0s25;0;0
119;10:43:48.894;enp0s25;0;64
120;10:43:49.930;enp0s25;0;0
121;10:43:50.947;enp0s25;0;64
122;10:43:51.954;enp0s25;0;0
123;10:43:52.962;enp0s25;0;64
124;10:43:53.969;enp0s25;0;0
125;10:43:54.984;enp0s25;64;128
126;10:43:55.991;enp0s25;0;0
127;10:43:56.998;enp0s25;0;64
128;10:43:58.005;enp0s25;0;0
129;10:43:59.014;enp0s25;0;64
130;10:44:00.042;enp0s25;176271;3428681
131;10:44:01.062;enp0s25;165322;3119660
132;10:44:02.069;enp0s25;80032;1035574
133;10:44:03.076;enp0s25;134802;1256272
134;10:44:04.116;enp0s25;134268;2533530
135;10:44:05.134;enp0s25;2304;8445
136;10:44:06.145;enp0s25;3840;1920
137;10:44:07.152;enp0s25;0;64
138;10:44:08.161;enp0s25;181391;3457751
139;10:44:09.170;enp0s25;231436;4865875
140;10:44:10.179;enp0s25;218944;5452006
141;10:44:11.191;enp0s25;86486;1938425
142;10:44:12.214;enp0s25;144168;3043312
143;10:44:13.223;enp0s25;93332;1519232
144;10:44:14.236;enp0s25;92153;2521536
145;10:44:15.256;enp0s25;32864;271631
146;10:44:16.280;enp0s25;310917;4721658
147;10:44:17.309;enp0s25;264153;5623376
148;10:44:18.325;enp0s25;60259;1504327
149;10:44:19.334;enp0s25;0;1466
150;10:44:20.349;enp0s25;0;64
151;10:44:21.358;enp0s25;3840;3204
152;10:44:22.365;enp0s25;1920;1024
153;10:44:23.376;enp0s25;0;1214
154;10:44:24.397;enp0s25;0;64
155;10:44:25.408;enp0s25;3850;6605
156;10:44:26.418;enp0s25;229071;5986176
157;10:44:27.428;enp0s25;204898;7129146
158;10:44:28.442;enp0s25;256628;7143688
159;10:44:29.458;enp0s25;198010;6787188
160;10:44:30.475;enp0s25;171039;6105670
161;10:44:31.489;enp0s25;177779;6056960
162;10:44:32.499;enp0s25;186630;6213308
163;10:44:33.509;enp0s25;178972;6246640
164;10:44:34.522;enp0s25;187817;6146446
165;10:44:35.533;enp0s25;183966;6205584
166;10:44:36.542;enp0s25;109170;4028906
167;10:44:37.560;enp0s25;182287;6263268
168;10:44:38.569;enp0s25;179362;6550298
169;10:44:39.581;enp0s25;179520;6703488
170;10:44:40.590;enp0s25;178276;6764272
171;10:44:41.606;enp0s25;175392;6759654
172;10:44:42.619;enp0s25;176397;6689890
173;10:44:43.629;enp0s25;151344;7149780
174;10:44:44.637;enp0s25;163624;7174132
175;10:44:45.652;enp0s25;162013;7163442
176;10:44:46.660;enp0s25;133222;5372266
177;10:44:47.679;enp0s25;167218;7213536
178;10:44:48.696;enp0s25;190036;7171096
179;10:44:49.705;enp0s25;188840;7157434
180;10:44:50.717;enp0s25;183914;7163506
181;10:44:51.728;enp0s25;187464;7101274
182;10:44:52.737;enp0s25;178586;7151362
183;10:44:53.747;enp0s25;202952;7164960
184;10:44:54.757;enp0s25;184844;7171096
185;10:44:55.769;enp0s25;190568;7166478
186;10:44:56.784;enp0s25;172070;6513802
187;10:44:57.802;enp0s25;143444;5908056
188;10:44:58.813;enp0s25;192104;7169578
189;10:44:59.824;enp0s25;180868;7178622
190;10:45:00.838;enp0s25;208928;7180268
191;10:45:01.852;enp0s25;190042;7035930
192;10:45:02.861;enp0s25;201624;6920626
193;10:45:03.874;enp0s25;167762;6363526
194;10:45:04.887;enp0s25;185738;6457636
195;10:45:05.901;enp0s25;180048;6525882
196;10:45:06.912;enp0s25;186350;6284584
197;10:45:07.922;enp0s25;114186;4110744
198;10:45:08.936;enp0s25;191268;5927854
199;10:45:09.951;enp0s25;178238;6213244
200;10:45:10.961;enp0s25;173928;6556370
201;10:45:11.972;enp0s25;178748;6629170
202;10:45:12.982;enp0s25;162652;7105822
203;10:45:13.996;enp0s25;175058;7166478
204;10:45:15.006;enp0s25;183626;7165024
205;10:45:16.020;enp0s25;179042;7150734
206;10:45:17.034;enp0s25;185502;7157760
207;10:45:18.046;enp0s25;130686;5131738
208;10:45:19.059;enp0s25;169644;7169066
209;10:45:20.071;enp0s25;198752;7174068
210;10:45:21.088;enp0s25;189120;7180204
211;10:45:22.106;enp0s25;190856;7134600
212;10:45:23.117;enp0s25;189912;7152944
213;10:45:24.130;enp0s25;184776;6676164
214;10:45:25.143;enp0s25;180012;6931252
215;10:45:26.156;enp0s25;190342;7149780
216;10:45:27.164;enp0s25;194714;6825062
217;10:45:28.175;enp0s25;154384;5709268
218;10:45:29.190;enp0s25;148892;5893862
219;10:45:30.203;enp0s25;184408;7161018
220;10:45:31.214;enp0s25;186926;7170338
221;10:45:32.227;enp0s25;192600;7162758
222;10:45:33.236;enp0s25;180520;7189762
223;10:45:34.254;enp0s25;172876;7172550
224;10:45:35.265;enp0s25;172312;7225060
225;10:45:36.286;enp0s25;184656;7180204
226;10:45:37.302;enp0s25;180006;7146808
227;10:45:38.313;enp0s25;181086;7142254
228;10:45:39.325;enp0s25;107678;4860636
229;10:45:40.336;enp0s25;181014;7174132
230;10:45:41.351;enp0s25;192668;7163442
231;10:45:42.361;enp0s25;188260;7142640
232;10:45:43.378;enp0s25;177510;7114866
233;10:45:44.393;enp0s25;182882;7143836
234;10:45:45.408;enp0s25;182903;7161924
235;10:45:46.421;enp0s25;181348;7165024
236;10:45:47.433;enp0s25;198532;7172550
237;10:45:48.446;enp0s25;180692;7163506
238;10:45:49.459;enp0s25;130908;4566144
239;10:45:50.468;enp0s25;180722;6859906
240;10:45:51.483;enp0s25;174294;7119420
241;10:45:52.498;enp0s25;171156;7103269
242;10:45:53.509;enp0s25;148661;6606554
243;10:45:54.519;enp0s25;204564;7074966
244;10:45:55.531;enp0s25;211944;6988124
245;10:45:56.544;enp0s25;182780;6540430
246;10:45:57.558;enp0s25;191408;7127040
247;10:45:58.569;enp0s25;161791;6420423
248;10:45:59.583;enp0s25;184972;6931328
249;10:46:00.594;enp0s25;192766;6981346
250;10:46:01.608;enp0s25;194718;6992200
251;10:46:02.619;enp0s25;189582;7143772
252;10:46:03.626;enp0s25;199688;7164960
253;10:46:04.636;enp0s25;180944;7178686
254;10:46:05.651;enp0s25;180702;7171032
255;10:46:06.664;enp0s25;192388;7154462
256;10:46:07.674;enp0s25;196426;7092096
257;10:46:08.686;enp0s25;186546;7127144
258;10:46:09.697;enp0s25;186046;7188116
259;10:46:10.714;enp0s25;168456;6867496
260;10:46:11.726;enp0s25;206590;7175586
261;10:46:12.740;enp0s25;208002;7177168
262;10:46:13.756;enp0s25;188022;7169514
263;10:46:14.767;enp0s25;197580;7158952
264;10:46:15.775;enp0s25;205740;7174462
265;10:46:16.791;enp0s25;199088;7172614
266;10:46:17.807;enp0s25;198416;7168060
267;10:46:18.816;enp0s25;187650;7175650
268;10:46:19.828;enp0s25;196368;7186212
269;10:46:20.841;enp0s25;126322;5024644
270;10:46:21.853;enp0s25;196554;7142190
271;10:46:22.863;enp0s25;163088;6830563
272;10:46:23.876;enp0s25;208318;7146744
273;10:46:24.891;enp0s25;202502;7171166
274;10:46:25.906;enp0s25;206692;7157370
275;10:46:26.920;enp0s25;197426;7158952
276;10:46:27.930;enp0s25;186847;7140672
277;10:46:28.946;enp0s25;192082;7143350
278;10:46:29.956;enp0s25;196344;7158888
279;10:46:30.967;enp0s25;182762;7165590
280;10:46:31.975;enp0s25;156284;7166300
281;10:46:32.985;enp0s25;113384;5258416
282;10:46:33.995;enp0s25;157681;7169514
283;10:46:35.006;enp0s25;151258;7063318
284;10:46:36.021;enp0s25;159510;7166478
285;10:46:37.033;enp0s25;157379;7178756
286;10:46:38.049;enp0s25;158772;7161924
287;10:46:39.063;enp0s25;163244;7104304
288;10:46:40.072;enp0s25;159400;7163506
289;10:46:41.086;enp0s25;162008;7168130
290;10:46:42.103;enp0s25;157928;7166478
291;10:46:43.114;enp0s25;139426;6554788
292;10:46:44.128;enp0s25;129274;5850372
293;10:46:45.138;enp0s25;156326;7163506
294;10:46:46.147;enp0s25;164278;7167996
295;10:46:47.155;enp0s25;165390;7163506
296;10:46:48.164;enp0s25;160786;7163442
297;10:46:49.173;enp0s25;167574;7134664
298;10:46:50.186;enp0s25;161816;7160406
299;10:46:51.195;enp0s25;145232;7122584
300;10:46:52.203;enp0s25;136250;7125492
301;10:46:53.213;enp0s25;138248;6457494
302;10:46:54.232;enp0s25;76480;3471666
303;10:46:55.241;enp0s25;150706;7098232
304;10:46:56.252;enp0s25;150190;7072362
305;10:46:57.260;enp0s25;151818;7131628
306;10:46:58.270;enp0s25;145852;7161994
307;10:46:59.280;enp0s25;152070;7187794
308;10:47:00.296;enp0s25;149502;7034580
309;10:47:01.306;enp0s25;154726;7165811
310;10:47:02.314;enp0s25;151590;7167907
311;10:47:03.327;enp0s25;144268;7166752
312;10:47:04.337;enp0s25;139138;6560283
313;10:47:05.354;enp0s25;148082;6966234
314;10:47:06.364;enp0s25;163520;6313748
315;10:47:07.376;enp0s25;130354;6888716
316;10:47:08.386;enp0s25;153938;7155916
317;10:47:09.395;enp0s25;154078;7163442
318;10:47:10.403;enp0s25;147087;6861943
319;10:47:11.416;enp0s25;154354;7161924
320;10:47:12.425;enp0s25;147105;6816645
321;10:47:13.433;enp0s25;153710;7127010
322;10:47:14.442;enp0s25;152338;7113412
323;10:47:15.456;enp0s25;154350;7164692
324;10:47:16.475;enp0s25;112598;5259108
325;10:47:17.496;enp0s25;153580;7243896
326;10:47:18.533;enp0s25;149590;7032958
327;10:47:19.547;enp0s25;151970;7196838
328;10:47:20.564;enp0s25;153510;7221190
329;10:47:21.587;enp0s25;150220;7146744
330;10:47:22.602;enp0s25;147770;6990981
331;10:47:23.611;enp0s25;121954;5650632
332;10:47:24.624;enp0s25;151900;7141768
333;10:47:25.653;enp0s25;64898;2967261
334;10:47:26.663;enp0s25;0;64
335;10:47:27.673;enp0s25;0;0
336;10:47:28.684;enp0s25;0;64
337;10:47:29.703;enp0s25;0;0
338;10:47:30.713;enp0s25;0;64
339;10:47:31.736;enp0s25;0;1266
340;10:47:32.746;enp0s25;0;3406
341;10:47:33.776;enp0s25;0;1120
342;10:47:34.800;enp0s25;64;1278
343;10:47:35.816;enp0s25;0;386
344;10:47:36.866;enp0s25;0;64
345;10:47:37.876;enp0s25;0;1544
346;10:47:38.898;enp0s25;0;64
347;10:47:39.925;enp0s25;0;0
348;10:47:40.931;enp0s25;0;64
349;10:47:41.938;enp0s25;0;0
350;10:47:42.949;enp0s25;0;64
351;10:47:43.963;enp0s25;0;0
352;10:47:44.971;enp0s25;0;64
353;10:47:45.978;enp0s25;64;64
354;10:47:46.986;enp0s25;0;64
355;10:47:48.059;enp0s25;0;0
356;10:47:49.075;enp0s25;0;64
357;10:47:50.091;enp0s25;0;0
358;10:47:51.098;enp0s25;0;3306
359;10:47:52.104;enp0s25;0;2486
360;10:47:53.285;enp0s25;0;1150
361;10:47:54.304;enp0s25;0;64
362;10:47:55.312;enp0s25;0;386
363;10:47:56.319;enp0s25;0;1214
364;10:47:57.332;enp0s25;64;64
365;10:47:58.342;enp0s25;0;64
366;10:47:59.348;enp0s25;0;0
367;10:48:00.356;enp0s25;0;64
368;10:48:01.363;enp0s25;0;0
369;10:48:02.377;enp0s25;0;332
370;10:48:03.389;enp0s25;0;268
371;10:48:04.404;enp0s25;0;64
372;10:48:05.413;enp0s25;0;0
373;10:48:06.420;enp0s25;0;332
374;10:48:07.429;enp0s25;64;64
375;10:48:08.510;enp0s25;0;64
376;10:48:09.523;enp0s25;0;0
377;10:48:10.531;enp0s25;0;64
378;10:48:11.546;enp0s25;0;0
379;10:48:12.554;enp0s25;0;64
380;10:48:13.562;enp0s25;0;0
381;10:48:14.579;enp0s25;0;64
382;10:48:15.588;enp0s25;0;0
383;10:48:16.614;enp0s25;0;64
384;10:48:17.634;enp0s25;0;0
385;10:48:18.644;enp0s25;64;128
386;10:48:19.667;enp0s25;0;0
387;10:48:20.685;enp0s25;0;64
388;10:48:21.700;enp0s25;0;0
389;10:48:22.712;enp0s25;0;64
390;10:48:23.722;enp0s25;0;0
391;10:48:24.736;enp0s25;0;64
392;10:48:25.744;enp0s25;0;0
393;10:48:26.756;enp0s25;0;64
394;10:48:27.768;enp0s25;0;0
395;10:48:28.776;enp0s25;0;64
396;10:48:29.792;enp0s25;64;64
397;10:48:30.808;enp0s25;0;396
398;10:48:31.816;enp0s25;0;0
399;10:48:32.823;enp0s25;0;64
400;10:48:33.830;enp0s25;0;0
401;10:48:34.837;enp0s25;0;64
402;10:48:35.844;enp0s25;0;0
403;10:48:36.850;enp0s25;0;64
404;10:48:37.862;enp0s25;0;0
405;10:48:38.875;enp0s25;0;64
406;10:48:39.886;enp0s25;0;0
407;10:48:40.893;enp0s25;64;128
408;10:48:41.911;enp0s25;0;0
409;10:48:42.918;enp0s25;0;64
410;10:48:43.929;enp0s25;0;0
411;10:48:44.943;enp0s25;0;64
412;10:48:45.956;enp0s25;0;0
413;10:48:46.968;enp0s25;0;64
414;10:48:47.983;enp0s25;0;0
415;10:48:48.992;enp0s25;0;64
416;10:48:49.998;enp0s25;0;0
417;10:48:51.013;enp0s25;0;64
418;10:48:52.025;enp0s25;64;64
419;10:48:53.041;enp0s25;0;64
420;10:48:54.053;enp0s25;0;0
421;10:48:55.065;enp0s25;0;64
422;10:48:56.074;enp0s25;0;0
423;10:48:57.090;enp0s25;0;64
424;10:48:58.101;enp0s25;0;0
425;10:48:59.108;enp0s25;0;64
426;10:49:00.120;enp0s25;0;0
427;10:49:01.129;enp0s25;0;64
428;10:49:02.142;enp0s25;0;0
429;10:49:03.152;enp0s25;64;128
430;10:49:04.162;enp0s25;0;0
431;10:49:05.168;enp0s25;0;64
432;10:49:06.179;enp0s25;0;0
433;10:49:07.187;enp0s25;0;64
434;10:49:08.194;enp0s25;0;0
435;10:49:09.201;enp0s25;0;64
436;10:49:10.212;enp0s25;0;0
437;10:49:11.220;enp0s25;0;64
438;10:49:12.231;enp0s25;0;0
439;10:49:13.244;enp0s25;0;64
440;10:49:14.253;enp0s25;64;64
441;10:49:15.269;enp0s25;0;64
442;10:49:16.282;enp0s25;0;0
443;10:49:17.289;enp0s25;0;0
444;10:49:18.299;enp0s25;0;64
445;10:49:19.309;enp0s25;0;0
446;10:49:20.322;enp0s25;0;64
447;10:49:21.332;enp0s25;0;336
448;10:49:22.344;enp0s25;0;64
449;10:49:23.358;enp0s25;0;0
450;10:49:24.368;enp0s25;0;64
451;10:49:25.381;enp0s25;64;64
452;10:49:26.393;enp0s25;0;64
453;10:49:27.402;enp0s25;0;0
454;10:49:28.409;enp0s25;0;64
455;10:49:29.418;enp0s25;0;0
456;10:49:30.425;enp0s25;0;64
457;10:49:31.434;enp0s25;0;0
458;10:49:32.442;enp0s25;0;64
459;10:49:33.456;enp0s25;0;0
460;10:49:34.464;enp0s25;0;64
461;10:49:35.471;enp0s25;64;64
462;10:49:36.478;enp0s25;0;64
463;10:49:37.489;enp0s25;0;0
464;10:49:38.499;enp0s25;0;64
465;10:49:39.512;enp0s25;0;0
466;10:49:40.521;enp0s25;0;64
467;10:49:41.531;enp0s25;0;0
468;10:49:42.543;enp0s25;0;64
469;10:49:43.552;enp0s25;0;0
470;10:49:44.566;enp0s25;0;64
471;10:49:45.583;enp0s25;0;0
472;10:49:46.594;enp0s25;64;128
473;10:49:47.603;enp0s25;0;0
474;10:49:48.610;enp0s25;0;64
475;10:49:49.617;enp0s25;0;0
476;10:49:50.629;enp0s25;0;64
477;10:49:51.642;enp0s25;0;0
478;10:49:52.651;enp0s25;0;64
479;10:49:53.658;enp0s25;0;0
480;10:49:54.696;enp0s25;0;64
481;10:49:55.713;enp0s25;0;1606
482;10:49:56.724;enp0s25;0;3426
483;10:49:57.736;enp0s25;64;824
484;10:49:58.750;enp0s25;0;1214
485;10:49:59.764;enp0s25;0;386
486;10:50:00.774;enp0s25;0;64
487;10:50:01.783;enp0s25;0;394
488;10:50:02.801;enp0s25;0;64
489;10:50:03.815;enp0s25;0;0
490;10:50:04.832;enp0s25;0;64
491;10:50:05.841;enp0s25;0;0
492;10:50:06.855;enp0s25;0;64
493;10:50:07.870;enp0s25;0;0
494;10:50:08.884;enp0s25;64;468
495;10:50:09.898;enp0s25;0;2760
496;10:50:10.911;enp0s25;0;824
497;10:50:11.926;enp0s25;0;1150
498;10:50:12.938;enp0s25;0;450
499;10:50:13.953;enp0s25;0;0
500;10:50:14.961;enp0s25;0;1214
501;10:50:15.971;enp0s25;0;0
502;10:50:16.983;enp0s25;0;64
503;10:50:17.998;enp0s25;0;0
504;10:50:19.007;enp0s25;0;64
505;10:50:20.015;enp0s25;64;64
506;10:50:21.032;enp0s25;0;64
507;10:50:22.047;enp0s25;0;386
508;10:50:23.057;enp0s25;0;64
509;10:50:24.080;enp0s25;0;0
510;10:50:25.093;enp0s25;0;64
511;10:50:26.102;enp0s25;0;0
512;10:50:27.113;enp0s25;0;64
513;10:50:28.129;enp0s25;0;0
514;10:50:29.139;enp0s25;0;64
515;10:50:30.148;enp0s25;0;0
516;10:50:31.160;enp0s25;64;128
517;10:50:32.169;enp0s25;0;0
518;10:50:33.180;enp0s25;0;64
519;10:50:34.187;enp0s25;0;0
520;10:50:35.195;enp0s25;0;64
521;10:50:36.203;enp0s25;0;0
522;10:50:37.214;enp0s25;0;64
523;10:50:38.225;enp0s25;0;0
524;10:50:39.238;enp0s25;0;64
525;10:50:40.253;enp0s25;0;0
526;10:50:41.267;enp0s25;0;64
527;10:50:42.278;enp0s25;64;64
528;10:50:43.290;enp0s25;0;0
529;10:50:44.301;enp0s25;0;64
530;10:50:45.318;enp0s25;0;0
531;10:50:46.332;enp0s25;0;64
532;10:50:47.340;enp0s25;0;0
533;10:50:48.354;enp0s25;0;64
534;10:50:49.367;enp0s25;0;0
535;10:50:50.377;enp0s25;0;64
536;10:50:51.386;enp0s25;0;0
537;10:50:52.395;enp0s25;0;64
538;10:50:53.402;enp0s25;64;254
539;10:50:54.415;enp0s25;0;64
540;10:50:55.429;enp0s25;0;0
541;10:50:56.438;enp0s25;0;64
542;10:50:57.455;enp0s25;0;0
543;10:50:58.471;enp0s25;0;64
544;10:50:59.481;enp0s25;0;0
545;10:51:00.497;enp0s25;0;64
546;10:51:01.505;enp0s25;0;0
547;10:51:02.514;enp0s25;0;64
548;10:51:03.526;enp0s25;64;64
549;10:51:04.539;enp0s25;0;64
550;10:51:05.549;enp0s25;0;0
551;10:51:06.557;enp0s25;0;64
552;10:51:07.565;enp0s25;0;0
553;10:51:08.578;enp0s25;0;64
554;10:51:09.587;enp0s25;0;0
555;10:51:10.598;enp0s25;0;64
556;10:51:11.608;enp0s25;0;0
557;10:51:12.614;enp0s25;0;64
558;10:51:13.625;enp0s25;0;0
559;10:51:14.636;enp0s25;64;128
560;10:51:15.650;enp0s25;0;0
561;10:51:16.664;enp0s25;0;64
562;10:51:17.676;enp0s25;0;0
563;10:51:18.683;enp0s25;0;64
564;10:51:19.697;enp0s25;0;0
565;10:51:20.711;enp0s25;0;64
566;10:51:21.722;enp0s25;0;0
567;10:51:22.738;enp0s25;0;64
568;10:51:23.755;enp0s25;0;0
569;10:51:24.771;enp0s25;0;64
570;10:51:25.783;enp0s25;64;64
571;10:51:26.793;enp0s25;0;64
572;10:51:27.803;enp0s25;0;0
573;10:51:28.812;enp0s25;0;64
574;10:51:29.820;enp0s25;0;0
575;10:51:30.834;enp0s25;0;64
576;10:51:31.845;enp0s25;0;0
577;10:51:32.857;enp0s25;0;64
578;10:51:33.864;enp0s25;0;0
579;10:51:34.872;enp0s25;0;64
580;10:51:35.880;enp0s25;0;0
581;10:51:36.893;enp0s25;64;128
582;10:51:37.902;enp0s25;0;0
583;10:51:38.912;enp0s25;0;64
584;10:51:39.920;enp0s25;0;0
585;10:51:40.930;enp0s25;0;64
586;10:51:41.940;enp0s25;0;0
587;10:51:42.947;enp0s25;0;64
588;10:51:43.954;enp0s25;0;0
589;10:51:44.961;enp0s25;0;64
590;10:51:45.974;enp0s25;0;0
591;10:51:46.985;enp0s25;0;64
592;10:51:47.997;enp0s25;64;64
593;10:51:49.009;enp0s25;0;64
594;10:51:50.028;enp0s25;0;0
595;10:51:51.038;enp0s25;0;64
596;10:51:52.050;enp0s25;0;0
597;10:51:53.059;enp0s25;0;64
598;10:51:54.078;enp0s25;0;0
599;10:51:55.092;enp0s25;74;64
600;10:51:56.099;enp0s25;0;0
601;10:51:57.106;enp0s25;0;64
602;10:51:58.117;enp0s25;0;0
603;10:51:59.128;enp0s25;64;128
604;10:52:00.137;enp0s25;0;0
605;10:52:01.150;enp0s25;0;64
606;10:52:02.214;enp0s25;0;0
607;10:52:03.224;enp0s25;0;64
608;10:52:04.232;enp0s25;0;0
609;10:52:05.240;enp0s25;0;64
610;10:52:06.249;enp0s25;0;0
611;10:52:07.257;enp0s25;0;64
612;10:52:08.265;enp0s25;0;0
613;10:52:09.275;enp0s25;0;64
614;10:52:10.285;enp0s25;64;128
615;10:52:11.311;enp0s25;0;0
616;10:52:12.329;enp0s25;0;64
617;10:52:13.352;enp0s25;0;0
618;10:52:14.361;enp0s25;0;64
619;10:52:15.372;enp0s25;0;0
620;10:52:16.392;enp0s25;0;64
621;10:52:17.402;enp0s25;0;0
622;10:52:18.433;enp0s25;0;64
623;10:52:19.455;enp0s25;0;0
624;10:52:20.464;enp0s25;0;64
625;10:52:21.495;enp0s25;64;64
626;10:52:22.505;enp0s25;0;64
627;10:52:23.514;enp0s25;0;0
628;10:52:24.523;enp0s25;0;64
629;10:52:25.533;enp0s25;0;0
630;10:52:26.541;enp0s25;0;64
631;10:52:27.552;enp0s25;0;0
632;10:52:28.567;enp0s25;0;64
633;10:52:29.578;enp0s25;0;0
634;10:52:30.587;enp0s25;0;64
635;10:52:31.614;enp0s25;64;64
636;10:52:32.637;enp0s25;0;64
637;10:52:33.648;enp0s25;0;0
638;10:52:34.658;enp0s25;0;64
639;10:52:35.666;enp0s25;0;0
640;10:52:36.675;enp0s25;0;64
641;10:52:37.684;enp0s25;0;0
642;10:52:38.713;enp0s25;0;64
643;10:52:39.751;enp0s25;0;0
644;10:52:40.772;enp0s25;0;64
645;10:52:41.785;enp0s25;0;0
646;10:52:42.818;enp0s25;64;128
647;10:52:43.852;enp0s25;0;0
648;10:52:44.871;enp0s25;0;64
649;10:52:45.880;enp0s25;0;0
650;10:52:46.899;enp0s25;0;64
651;10:52:47.913;enp0s25;0;0
652;10:52:48.922;enp0s25;0;64
653;10:52:49.949;enp0s25;0;0
654;10:52:50.978;enp0s25;0;64
655;10:52:52.009;enp0s25;0;0
656;10:52:53.037;enp0s25;0;64
657;10:52:54.045;enp0s25;64;64
658;10:52:55.058;enp0s25;0;64
659;10:52:56.065;enp0s25;0;0
660;10:52:57.073;enp0s25;0;64
661;10:52:58.093;enp0s25;0;0
662;10:52:59.109;enp0s25;0;64
663;10:53:00.122;enp0s25;0;0
664;10:53:01.136;enp0s25;0;64
665;10:53:02.145;enp0s25;0;0
666;10:53:03.152;enp0s25;0;64
667;10:53:04.159;enp0s25;0;0
668;10:53:05.167;enp0s25;64;128
669;10:53:06.175;enp0s25;0;0
670;10:53:07.181;enp0s25;0;64
671;10:53:08.188;enp0s25;0;0
672;10:53:09.196;enp0s25;0;64
673;10:53:10.204;enp0s25;0;0
674;10:53:11.217;enp0s25;0;64
675;10:53:12.225;enp0s25;0;0
676;10:53:13.241;enp0s25;0;64
677;10:53:14.259;enp0s25;0;0
678;10:53:15.268;enp0s25;0;64
679;10:53:16.275;enp0s25;64;64
680;10:53:17.282;enp0s25;0;64
681;10:53:18.289;enp0s25;0;64
682;10:53:19.297;enp0s25;0;0
683;10:53:20.310;enp0s25;0;64
684;10:53:21.317;enp0s25;0;0
685;10:53:22.331;enp0s25;0;64
686;10:53:23.342;enp0s25;0;0
687;10:53:24.351;enp0s25;0;64
688;10:53:25.359;enp0s25;0;0
689;10:53:26.375;enp0s25;0;64
690;10:53:27.390;enp0s25;64;64
691;10:53:28.405;enp0s25;0;64
692;10:53:29.448;enp0s25;0;0
693;10:53:30.465;enp0s25;0;64
694;10:53:31.494;enp0s25;0;0
695;10:53:32.503;enp0s25;0;64
696;10:53:33.511;enp0s25;0;0
697;10:53:34.518;enp0s25;0;64
698;10:53:35.525;enp0s25;0;0
699;10:53:36.533;enp0s25;0;64
700;10:53:37.541;enp0s25;0;0
701;10:53:38.549;enp0s25;64;128
702;10:53:39.555;enp0s25;0;0
703;10:53:40.563;enp0s25;0;64
704;10:53:41.570;enp0s25;0;0
705;10:53:42.578;enp0s25;0;64
706;10:53:43.585;enp0s25;0;0
707;10:53:44.592;enp0s25;0;64
708;10:53:45.599;enp0s25;0;0
709;10:53:46.606;enp0s25;0;64
710;10:53:47.617;enp0s25;0;0
711;10:53:48.634;enp0s25;0;64
712;10:53:49.648;enp0s25;64;64
713;10:53:50.657;enp0s25;0;64
714;10:53:51.671;enp0s25;0;0
715;10:53:52.687;enp0s25;0;178
716;10:53:53.694;enp0s25;0;0
717;10:53:54.707;enp0s25;0;64
718;10:53:55.721;enp0s25;0;0
719;10:53:56.729;enp0s25;0;64
720;10:53:57.744;enp0s25;0;0
721;10:53:58.757;enp0s25;0;64
722;10:53:59.766;enp0s25;64;64
723;10:54:00.782;enp0s25;0;64
724;10:54:01.798;enp0s25;0;0
725;10:54:02.813;enp0s25;0;64
726;10:54:03.821;enp0s25;0;0
727;10:54:04.836;enp0s25;0;64
728;10:54:05.852;enp0s25;0;0
729;10:54:06.859;enp0s25;0;64
730;10:54:07.871;enp0s25;0;0
731;10:54:08.882;enp0s25;0;64
732;10:54:09.892;enp0s25;0;0
733;10:54:10.906;enp0s25;64;128
734;10:54:11.922;enp0s25;0;0
735;10:54:12.936;enp0s25;0;64
736;10:54:13.946;enp0s25;0;0
737;10:54:14.960;enp0s25;0;792
738;10:54:15.972;enp0s25;0;0
739;10:54:16.989;enp0s25;0;64
740;10:54:18.006;enp0s25;0;64
741;10:54:19.020;enp0s25;0;64
742;10:54:20.359;enp0s25;0;64
743;10:54:21.379;enp0s25;0;0
744;10:54:22.395;enp0s25;64;128
745;10:54:23.407;enp0s25;0;1018
746;10:54:24.423;enp0s25;0;3362
747;10:54:25.442;enp0s25;0;898
748;10:54:26.458;enp0s25;0;1278
749;10:54:27.466;enp0s25;0;386
750;10:54:28.482;enp0s25;0;64
751;10:54:29.497;enp0s25;0;0
752;10:54:30.512;enp0s25;0;1278
753;10:54:31.521;enp0s25;0;0
754;10:54:32.536;enp0s25;0;64
755;10:54:33.551;enp0s25;64;502
756;10:54:34.564;enp0s25;0;1018
757;10:54:35.574;enp0s25;0;2464
758;10:54:36.589;enp0s25;0;1860
759;10:54:37.597;enp0s25;0;438
760;10:54:38.610;enp0s25;0;64
761;10:54:39.619;enp0s25;0;0
762;10:54:40.630;enp0s25;0;64
763;10:54:41.639;enp0s25;0;0
764;10:54:42.653;enp0s25;0;64
765;10:54:43.662;enp0s25;0;0
766;10:54:44.681;enp0s25;64;128
767;10:54:45.690;enp0s25;0;0
768;10:54:46.698;enp0s25;0;64
769;10:54:47.706;enp0s25;0;0
770;10:54:48.718;enp0s25;0;64
771;10:54:49.726;enp0s25;0;0
772;10:54:50.734;enp0s25;0;64
773;10:54:51.760;enp0s25;0;0
774;10:54:52.768;enp0s25;0;64
775;10:54:53.776;enp0s25;0;0
776;10:54:54.791;enp0s25;64;128
777;10:54:55.800;enp0s25;0;0
778;10:54:56.807;enp0s25;0;64
779;10:54:57.817;enp0s25;0;0
780;10:54:58.826;enp0s25;0;64
781;10:54:59.834;enp0s25;0;0
782;10:55:00.842;enp0s25;0;64
783;10:55:01.849;enp0s25;0;0
784;10:55:02.857;enp0s25;0;64
785;10:55:03.865;enp0s25;0;0
786;10:55:04.881;enp0s25;0;64
787;10:55:05.896;enp0s25;64;64
788;10:55:06.904;enp0s25;0;64
789;10:55:07.927;enp0s25;0;0
790;10:55:08.935;enp0s25;0;64
791;10:55:09.943;enp0s25;0;0
792;10:55:10.956;enp0s25;0;64
793;10:55:11.964;enp0s25;0;0
794;10:55:12.971;enp0s25;0;64
795;10:55:13.979;enp0s25;0;0
796;10:55:14.988;enp0s25;0;64
797;10:55:15.997;enp0s25;0;0
798;10:55:17.007;enp0s25;64;128
799;10:55:18.019;enp0s25;0;433
800;10:55:19.027;enp0s25;0;568
801;10:55:20.034;enp0s25;0;2435
802;10:55:21.071;enp0s25;0;898
803;10:55:22.079;enp0s25;0;676
804;10:55:23.092;enp0s25;0;1284
805;10:55:24.100;enp0s25;0;394
806;10:55:25.109;enp0s25;0;64
807;10:55:26.117;enp0s25;0;0
808;10:55:27.129;enp0s25;0;64
809;10:55:28.145;enp0s25;64;64
810;10:55:29.152;enp0s25;0;64
811;10:55:30.167;enp0s25;0;0
812;10:55:31.183;enp0s25;0;64
813;10:55:32.198;enp0s25;0;0
814;10:55:33.209;enp0s25;0;64
815;10:55:34.220;enp0s25;0;0
816;10:55:35.232;enp0s25;0;64
817;10:55:36.248;enp0s25;0;0
818;10:55:37.262;enp0s25;0;64
819;10:55:38.278;enp0s25;0;0
820;10:55:39.293;enp0s25;64;64
821;10:55:40.304;enp0s25;0;64
822;10:55:41.320;enp0s25;0;0
823;10:55:42.329;enp0s25;0;64
824;10:55:43.342;enp0s25;0;0
825;10:55:44.359;enp0s25;0;64
826;10:55:45.374;enp0s25;0;0
827;10:55:46.388;enp0s25;0;64
828;10:55:47.398;enp0s25;0;0
829;10:55:48.413;enp0s25;0;64
830;10:55:49.428;enp0s25;0;0
831;10:55:50.443;enp0s25;64;128
832;10:55:51.451;enp0s25;0;0
833;10:55:52.460;enp0s25;0;64
834;10:55:53.467;enp0s25;0;0
835;10:55:54.475;enp0s25;0;64
836;10:55:55.484;enp0s25;0;0
837;10:55:56.493;enp0s25;0;64
838;10:55:57.510;enp0s25;0;0
839;10:55:58.517;enp0s25;0;64
840;10:55:59.529;enp0s25;0;0
841;10:56:00.540;enp0s25;0;64
842;10:56:01.546;enp0s25;64;64
843;10:56:02.555;enp0s25;0;64
844;10:56:03.563;enp0s25;0;0
845;10:56:04.577;enp0s25;0;64
846;10:56:05.592;enp0s25;0;0
847;10:56:06.606;enp0s25;0;64
848;10:56:07.622;enp0s25;0;0
849;10:56:08.636;enp0s25;0;64
850;10:56:09.651;enp0s25;0;0
851;10:56:10.659;enp0s25;0;64
852;10:56:11.671;enp0s25;0;0
853;10:56:12.680;enp0s25;64;128
854;10:56:13.688;enp0s25;0;0
855;10:56:14.703;enp0s25;0;64
856;10:56:15.726;enp0s25;0;0
857;10:56:16.734;enp0s25;0;64
858;10:56:17.747;enp0s25;0;0
859;10:56:18.755;enp0s25;0;64
860;10:56:19.767;enp0s25;0;0
861;10:56:20.776;enp0s25;0;64
862;10:56:21.787;enp0s25;0;0
863;10:56:22.795;enp0s25;0;64
864;10:56:23.803;enp0s25;64;64
865;10:56:24.814;enp0s25;0;64
866;10:56:25.823;enp0s25;0;0
867;10:56:26.832;enp0s25;0;64
868;10:56:27.841;enp0s25;0;0
869;10:56:28.850;enp0s25;0;64
870;10:56:29.864;enp0s25;0;0
871;10:56:30.873;enp0s25;0;64
872;10:56:31.887;enp0s25;0;0
873;10:56:32.894;enp0s25;0;64
874;10:56:33.909;enp0s25;64;64
875;10:56:34.919;enp0s25;0;64
876;10:56:35.927;enp0s25;0;0
877;10:56:36.936;enp0s25;0;64
878;10:56:37.946;enp0s25;0;0
879;10:56:38.961;enp0s25;0;64
880;10:56:39.970;enp0s25;0;0
881;10:56:40.977;enp0s25;0;64
882;10:56:41.986;enp0s25;0;0
883;10:56:42.999;enp0s25;0;64
884;10:56:44.007;enp0s25;0;0
885;10:56:45.015;enp0s25;64;128
886;10:56:46.028;enp0s25;0;0
887;10:56:47.035;enp0s25;0;64
888;10:56:48.042;enp0s25;0;0
889;10:56:49.049;enp0s25;0;64
890;10:56:50.057;enp0s25;0;0
891;10:56:51.073;enp0s25;0;64
892;10:56:52.091;enp0s25;0;0
893;10:56:53.101;enp0s25;0;64
894;10:56:54.115;enp0s25;0;0
895;10:56:55.124;enp0s25;0;64
896;10:56:56.131;enp0s25;64;64
897;10:56:57.141;enp0s25;0;64
898;10:56:58.149;enp0s25;0;0
899;10:56:59.163;enp0s25;0;64
900;10:57:00.171;enp0s25;0;0
901;10:57:01.177;enp0s25;0;64
902;10:57:02.194;enp0s25;0;0
903;10:57:03.206;enp0s25;0;998
904;10:57:04.216;enp0s25;0;2254
905;10:57:05.233;enp0s25;0;898
906;10:57:06.248;enp0s25;0;1382
907;10:57:07.261;enp0s25;64;1950
908;10:57:08.271;enp0s25;0;3722
909;10:57:09.283;enp0s25;0;962
910;10:57:10.300;enp0s25;0;1278
911;10:57:11.311;enp0s25;0;0
912;10:57:12.326;enp0s25;0;64
913;10:57:13.333;enp0s25;0;0
914;10:57:14.340;enp0s25;0;1278
915;10:57:15.347;enp0s25;0;0
916;10:57:16.354;enp0s25;0;64
917;10:57:17.368;enp0s25;0;0
918;10:57:18.382;enp0s25;64;128
919;10:57:19.391;enp0s25;0;0
920;10:57:20.409;enp0s25;0;64
921;10:57:21.423;enp0s25;0;0
922;10:57:22.438;enp0s25;0;64
923;10:57:23.548;enp0s25;0;0
924;10:57:24.565;enp0s25;0;64
925;10:57:25.574;enp0s25;0;0
926;10:57:26.591;enp0s25;0;64
927;10:57:27.605;enp0s25;0;0
928;10:57:28.619;enp0s25;0;64
929;10:57:29.629;enp0s25;64;64
930;10:57:30.640;enp0s25;0;64
931;10:57:31.651;enp0s25;0;0
932;10:57:32.666;enp0s25;0;64
933;10:57:33.695;enp0s25;0;0
934;10:57:34.703;enp0s25;0;64
935;10:57:35.721;enp0s25;0;438
936;10:57:36.736;enp0s25;0;64
937;10:57:37.745;enp0s25;0;0
938;10:57:38.756;enp0s25;0;64
939;10:57:39.767;enp0s25;0;0
940;10:57:40.778;enp0s25;64;128
941;10:57:41.788;enp0s25;0;0
942;10:57:42.802;enp0s25;0;64
943;10:57:44.014;enp0s25;0;0
944;10:57:45.029;enp0s25;0;612
945;10:57:46.045;enp0s25;0;2254
946;10:57:47.054;enp0s25;0;1284
947;10:57:48.061;enp0s25;0;1382
948;10:57:49.077;enp0s25;0;64
949;10:57:50.085;enp0s25;0;1220
950;10:57:51.099;enp0s25;64;128
951;10:57:52.109;enp0s25;0;1150
952;10:57:53.125;enp0s25;0;64
953;10:57:54.133;enp0s25;0;0
954;10:57:55.142;enp0s25;0;64
955;10:57:56.153;enp0s25;0;0
956;10:57:57.166;enp0s25;0;64
957;10:57:58.181;enp0s25;0;0
958;10:57:59.190;enp0s25;0;450
959;10:58:00.203;enp0s25;0;0
960;10:58:01.216;enp0s25;0;64
961;10:58:02.230;enp0s25;64;64
962;10:58:03.237;enp0s25;0;64
963;10:58:04.244;enp0s25;0;0
964;10:58:05.251;enp0s25;0;64
965;10:58:06.261;enp0s25;0;0
966;10:58:07.270;enp0s25;0;64
967;10:58:08.305;enp0s25;0;64
968;10:58:09.313;enp0s25;0;0
969;10:58:10.321;enp0s25;526;896
970;10:58:11.329;enp0s25;13520;9523
971;10:58:12.338;enp0s25;26605;66130
972;10:58:13.347;enp0s25;1974;16443
973;10:58:14.358;enp0s25;1430;23347
974;10:58:15.367;enp0s25;0;0
975;10:58:16.377;enp0s25;0;64
976;10:58:17.418;enp0s25;0;0
977;10:58:18.428;enp0s25;0;64
978;10:58:19.437;enp0s25;0;0
979;10:58:20.446;enp0s25;0;64
980;10:58:21.456;enp0s25;0;0
981;10:58:22.464;enp0s25;0;64
982;10:58:23.473;enp0s25;0;0
983;10:58:24.501;enp0s25;64;128
984;10:58:25.521;enp0s25;0;386
985;10:58:26.529;enp0s25;0;64
986;10:58:27.571;enp0s25;0;0
987;10:58:28.580;enp0s25;0;64
988;10:58:29.588;enp0s25;0;0
989;10:58:30.607;enp0s25;0;64
990;10:58:31.625;enp0s25;122011;1106160
991;10:58:32.646;enp0s25;350284;7039950
992;10:58:33.697;enp0s25;66982;1225884
993;10:58:34.711;enp0s25;175263;3534122
994;10:58:35.741;enp0s25;232925;4660723
995;10:58:36.800;enp0s25;214080;4552690
996;10:58:37.817;enp0s25;155935;4523292
997;10:58:38.828;enp0s25;100196;1896253
998;10:58:39.859;enp0s25;75680;872802
999;10:58:40.878;enp0s25;85356;1215302
1000;10:58:41.887;enp0s25;203346;4620319
1001;10:58:42.896;enp0s25;148145;3358735
1002;10:58:43.907;enp0s25;95748;940263
1003;10:58:44.917;enp0s25;156583;2713977
1004;10:58:45.940;enp0s25;82461;603425
1005;10:58:46.954;enp0s25;82503;677445
1006;10:58:47.979;enp0s25;103963;1236737
1007;10:58:48.995;enp0s25;127640;2427627
1008;10:58:50.033;enp0s25;106214;1559902
1009;10:58:51.078;enp0s25;151819;3276670
1010;10:58:52.087;enp0s25;139780;2803991
1011;10:58:53.096;enp0s25;133988;2284525
1012;10:58:54.126;enp0s25;119804;2529301
1013;10:58:55.145;enp0s25;144692;2639551
1014;10:58:56.157;enp0s25;113325;1511089
1015;10:58:57.166;enp0s25;127211;1930707
1016;10:58:58.196;enp0s25;117361;1979103
1017;10:58:59.249;enp0s25;84845;1280990
1018;10:59:00.302;enp0s25;144761;5003565
1019;10:59:01.320;enp0s25;100471;906347
1020;10:59:02.341;enp0s25;103723;1369632
1021;10:59:03.363;enp0s25;156135;2040986
1022;10:59:04.426;enp0s25;98566;2075830
1023;10:59:05.461;enp0s25;82312;993192
1024;10:59:06.483;enp0s25;131476;2352741
1025;10:59:07.522;enp0s25;182440;4869360
1026;10:59:08.548;enp0s25;255554;6575971
1027;10:59:09.590;enp0s25;244782;6740839
1028;10:59:10.639;enp0s25;216477;6571915
1029;10:59:11.662;enp0s25;188909;5584970
1030;10:59:12.688;enp0s25;155815;4037776
1031;10:59:13.722;enp0s25;142070;2495318
1032;10:59:14.774;enp0s25;127469;3772012
1033;10:59:15.810;enp0s25;110022;1969869
1034;10:59:16.839;enp0s25;132956;2787656
1035;10:59:17.869;enp0s25;125637;3653098
1036;10:59:18.913;enp0s25;112156;4952846
1037;10:59:19.945;enp0s25;20986;1404419
1038;10:59:20.969;enp0s25;0;64
1039;10:59:22.029;enp0s25;1535;26470
1040;10:59:23.066;enp0s25;0;274
1041;10:59:24.076;enp0s25;5389;449339
1042;10:59:25.114;enp0s25;9470;355321
1043;10:59:26.157;enp0s25;25504;886348
1044;10:59:27.168;enp0s25;35588;1242246
1045;10:59:28.187;enp0s25;35943;1312294
1046;10:59:29.196;enp0s25;31579;1172462
1047;10:59:30.218;enp0s25;46900;1855128
1048;10:59:31.242;enp0s25;38236;1588053
1049;10:59:32.277;enp0s25;79931;3579953
1050;10:59:33.321;enp0s25;89384;4332788
1051;10:59:34.329;enp0s25;86211;3591128
1052;10:59:35.342;enp0s25;93121;4180125
1053;10:59:36.360;enp0s25;118039;3952630
1054;10:59:37.369;enp0s25;93620;3824066
1055;10:59:38.384;enp0s25;34334;1442951
1056;10:59:39.393;enp0s25;24661;1112475
1057;10:59:40.401;enp0s25;1920;1024
1058;10:59:41.413;enp0s25;64;64
1059;10:59:42.450;enp0s25;0;64
1060;10:59:43.458;enp0s25;0;0
1061;10:59:44.467;enp0s25;0;64
1062;10:59:45.476;enp0s25;0;0
1063;10:59:46.509;enp0s25;0;64
1064;10:59:47.540;enp0s25;0;0
1065;10:59:48.550;enp0s25;0;64
1066;10:59:49.584;enp0s25;0;0
1067;10:59:50.593;enp0s25;0;64
1068;10:59:51.629;enp0s25;0;0
1069;10:59:52.650;enp0s25;64;128
1070;10:59:53.673;enp0s25;0;0
1071;10:59:54.691;enp0s25;0;64
1072;10:59:55.700;enp0s25;0;0
1073;10:59:56.717;enp0s25;0;64
1074;10:59:57.725;enp0s25;0;0
1075;10:59:58.733;enp0s25;0;64
1076;10:59:59.740;enp0s25;0;336
1077;11:00:00.748;enp0s25;0;64
1078;11:00:01.757;enp0s25;0;548
1079;11:00:02.767;enp0s25;0;2318
1080;11:00:03.776;enp0s25;64;1284
1081;11:00:04.789;enp0s25;0;1446
1082;11:00:05.806;enp0s25;0;0
1083;11:00:06.814;enp0s25;0;1284
1084;11:00:07.826;enp0s25;0;0
1085;11:00:08.840;enp0s25;0;1214
1086;11:00:09.853;enp0s25;0;0
1087;11:00:10.863;enp0s25;0;64
1088;11:00:12.779;enp0s25;0;2934
1089;11:00:13.791;enp0s25;0;4914
1090;11:00:14.805;enp0s25;64;1526
1091;11:00:15.812;enp0s25;0;2174
1092;11:00:16.825;enp0s25;742;1395
1093;11:00:17.834;enp0s25;3881;9737
1094;11:00:18.847;enp0s25;0;1862
1095;11:00:19.857;enp0s25;0;114
1096;11:00:20.869;enp0s25;0;64
1097;11:00:21.877;enp0s25;0;0
