ID; Time; Network interface; TBPS; RBPS
1;19:57:07.408;enp0s25;0;64
2;19:57:08.426;enp0s25;0;86
3;19:57:09.433;enp0s25;4349;9368
4;19:57:10.447;enp0s25;60379;1814154
5;19:57:11.457;enp0s25;0;64
6;19:57:12.464;enp0s25;4557;59625
7;19:57:13.480;enp0s25;16051;601332
8;19:57:14.494;enp0s25;14904;630034
9;19:57:15.503;enp0s25;13440;566385
10;19:57:16.517;enp0s25;14140;602817
11;19:57:17.534;enp0s25;11130;473616
12;19:57:18.551;enp0s25;11200;476716
13;19:57:19.567;enp0s25;14000;551034
14;19:57:20.582;enp0s25;15050;643696
15;19:57:21.591;enp0s25;14700;620862
16;19:57:22.602;enp0s25;13300;557170
17;19:57:23.617;enp0s25;14210;605682
18;19:57:24.634;enp0s25;14910;634588
19;19:57:25.648;enp0s25;14904;634588
20;19:57:26.658;enp0s25;14070;593602
21;19:57:27.671;enp0s25;9870;418968
22;19:57:28.686;enp0s25;11130;473680
23;19:57:29.701;enp0s25;14630;625416
24;19:57:30.715;enp0s25;10360;435730
25;19:57:31.729;enp0s25;14910;636042
26;19:57:32.735;enp0s25;14840;634588
27;19:57:33.749;enp0s25;14840;634524
28;19:57:34.763;enp0s25;14630;617890
29;19:57:35.776;enp0s25;13440;563350
30;19:57:36.788;enp0s25;14484;613400
31;19:57:37.799;enp0s25;9450;396198
32;19:57:38.809;enp0s25;14420;613336
33;19:57:39.825;enp0s25;14840;631488
34;19:57:40.840;enp0s25;14770;631552
35;19:57:41.854;enp0s25;12384;522256
36;19:57:42.868;enp0s25;13370;564760
37;19:57:43.877;enp0s25;14560;619344
38;19:57:44.891;enp0s25;14910;634588
39;19:57:45.907;enp0s25;14910;637560
40;19:57:46.923;enp0s25;13020;551205
41;19:57:47.936;enp0s25;11194;476823
42;19:57:48.948;enp0s25;12670;540472
43;19:57:49.959;enp0s25;13230;555588
44;19:57:50.975;enp0s25;14070;598156
45;19:57:51.990;enp0s25;12320;529782
46;19:57:53.005;enp0s25;14770;631638
47;19:57:54.018;enp0s25;14350;605682
48;19:57:55.028;enp0s25;13160;558688
49;19:57:56.042;enp0s25;14140;607200
50;19:57:57.058;enp0s25;13320;560276
51;19:57:58.074;enp0s25;11124;470644
52;19:57:59.089;enp0s25;14840;634588
53;19:58:00.101;enp0s25;14420;610236
54;19:58:01.110;enp0s25;13300;567796
55;19:58:02.125;enp0s25;10780;467544
56;19:58:03.143;enp0s25;15820;675574
57;19:58:04.157;enp0s25;14910;637560
58;19:58:05.173;enp0s25;14840;631552
59;19:58:06.187;enp0s25;14210;599782
60;19:58:07.197;enp0s25;11480;487342
61;19:58:08.213;enp0s25;10990;470580
62;19:58:09.230;enp0s25;14904;631616
63;19:58:10.242;enp0s25;13930;587466
64;19:58:11.254;enp0s25;13370;570832
65;19:58:12.262;enp0s25;14840;631488
66;19:58:13.275;enp0s25;12390;532882
67;19:58:14.288;enp0s25;14840;631488
68;19:58:15.302;enp0s25;14490;611818
69;19:58:16.315;enp0s25;13370;563178
70;19:58:17.328;enp0s25;12320;529953
71;19:58:18.337;enp0s25;9450;399341
72;19:58:19.352;enp0s25;14910;634588
73;19:58:20.367;enp0s25;15114;643696
74;19:58:21.382;enp0s25;14770;628516
75;19:58:22.397;enp0s25;14140;599610
76;19:58:23.406;enp0s25;11130;476716
77;19:58:24.420;enp0s25;14700;625416
78;19:58:25.436;enp0s25;14834;631616
79;19:58:26.452;enp0s25;14630;625416
80;19:58:27.469;enp0s25;11200;473680
81;19:58:28.481;enp0s25;12390;528264
82;19:58:29.490;enp0s25;13580;579940
83;19:58:30.504;enp0s25;7000;292680
84;19:58:31.514;enp0s25;64;64
85;19:58:32.521;enp0s25;0;64
86;19:58:33.528;enp0s25;0;0
87;19:58:34.534;enp0s25;0;64
88;19:58:35.541;enp0s25;0;0
89;19:58:36.548;enp0s25;0;322
90;19:58:37.554;enp0s25;0;0
91;19:58:38.563;enp0s25;0;64
92;19:58:39.570;enp0s25;0;0
93;19:58:40.577;enp0s25;0;64
94;19:58:41.584;enp0s25;0;0
95;19:58:42.591;enp0s25;64;128
96;19:58:43.606;enp0s25;0;0
97;19:58:44.614;enp0s25;0;64
98;19:58:45.621;enp0s25;0;0
99;19:58:46.628;enp0s25;0;64
100;19:58:47.635;enp0s25;0;0
101;19:58:48.641;enp0s25;335;665
102;19:58:49.651;enp0s25;662;4106
103;19:58:50.659;enp0s25;0;64
104;19:58:51.666;enp0s25;0;0
105;19:58:52.673;enp0s25;0;64
106;19:58:53.687;enp0s25;64;64
107;19:58:54.700;enp0s25;0;64
108;19:58:55.710;enp0s25;8852;220539
109;19:58:56.717;enp0s25;22951;615533
110;19:58:57.734;enp0s25;10640;447810
111;19:58:58.748;enp0s25;12320;522256
112;19:58:59.759;enp0s25;13370;570768
113;19:59:00.771;enp0s25;14560;622444
114;19:59:01.780;enp0s25;14490;625416
115;19:59:02.796;enp0s25;14700;628516
116;19:59:03.810;enp0s25;14280;602646
117;19:59:04.821;enp0s25;13952;577318
118;19:59:05.835;enp0s25;14700;628538
119;19:59:06.848;enp0s25;12460;536004
120;19:59:07.860;enp0s25;9380;399234
121;19:59:08.877;enp0s25;11130;473680
122;19:59:09.892;enp0s25;14840;631488
123;19:59:10.904;enp0s25;14700;625480
124;19:59:11.913;enp0s25;14630;625416
125;19:59:12.925;enp0s25;14630;625480
126;19:59:13.941;enp0s25;14700;625416
127;19:59:14.955;enp0s25;14560;614854
128;19:59:15.969;enp0s25;13364;560206
129;19:59:16.978;enp0s25;10850;461536
130;19:59:17.992;enp0s25;10220;437184
131;19:59:19.006;enp0s25;13020;554134
132;19:59:20.024;enp0s25;14980;637667
133;19:59:21.039;enp0s25;14910;637710
134;19:59:22.054;enp0s25;14840;631488
135;19:59:23.065;enp0s25;14280;605746
136;19:59:24.073;enp0s25;13300;566214
137;19:59:25.088;enp0s25;14700;628516
138;19:59:26.104;enp0s25;14904;631552
139;19:59:27.121;enp0s25;12950;551098
140;19:59:28.133;enp0s25;10850;462990
141;19:59:29.142;enp0s25;11200;475198
142;19:59:30.157;enp0s25;14980;637560
143;19:59:31.176;enp0s25;14560;622444
144;19:59:32.192;enp0s25;12950;551034
145;19:59:33.207;enp0s25;14840;631552
146;19:59:34.218;enp0s25;14904;631552
147;19:59:35.234;enp0s25;14840;634588
148;19:59:36.245;enp0s25;13930;590674
149;19:59:37.254;enp0s25;11824;502586
150;19:59:38.266;enp0s25;10640;390126
151;19:59:39.275;enp0s25;14280;608782
152;19:59:40.283;enp0s25;13230;564696
153;19:59:41.297;enp0s25;14070;607264
154;19:59:42.311;enp0s25;14910;637560
155;19:59:43.321;enp0s25;14420;611818
156;19:59:44.331;enp0s25;13090;561660
157;19:59:45.341;enp0s25;15081;634588
158;19:59:46.358;enp0s25;16759;702946
159;19:59:47.371;enp0s25;142802;5436022
160;19:59:48.383;enp0s25;65773;2500053
161;19:59:49.393;enp0s25;172636;5513440
162;19:59:50.402;enp0s25;111436;5319179
163;19:59:51.415;enp0s25;107430;5631951
164;19:59:52.425;enp0s25;143228;6858324
165;19:59:53.434;enp0s25;130179;5817629
166;19:59:54.442;enp0s25;148820;7026822
167;19:59:55.450;enp0s25;141375;6540109
168;19:59:56.458;enp0s25;30957;1046807
169;19:59:57.470;enp0s25;26402;655178
170;19:59:58.482;enp0s25;19567;647263
171;19:59:59.493;enp0s25;14188;571036
172;20:00:00.509;enp0s25;15468;391261
173;20:00:01.523;enp0s25;19358;418165
174;20:00:02.535;enp0s25;16288;615187
175;20:00:03.546;enp0s25;14840;631488
176;20:00:04.560;enp0s25;14770;631638
177;20:00:05.576;enp0s25;14770;628452
178;20:00:06.592;enp0s25;15115;618062
179;20:00:07.605;enp0s25;13179;554070
180;20:00:08.615;enp0s25;14264;563242
181;20:00:09.631;enp0s25;16992;646940
182;20:00:10.647;enp0s25;13848;580944
183;20:00:11.656;enp0s25;70;134
184;20:00:12.662;enp0s25;0;64
185;20:00:13.669;enp0s25;0;0
186;20:00:14.677;enp0s25;0;64
187;20:00:15.685;enp0s25;0;0
188;20:00:16.692;enp0s25;0;64
189;20:00:17.701;enp0s25;0;0
190;20:00:18.710;enp0s25;0;64
191;20:00:19.720;enp0s25;0;0
192;20:00:20.727;enp0s25;0;64
193;20:00:21.734;enp0s25;64;171
194;20:00:22.741;enp0s25;0;171
195;20:00:23.748;enp0s25;0;0
196;20:00:24.759;enp0s25;0;64
197;20:00:25.767;enp0s25;0;0
198;20:00:26.775;enp0s25;0;64
199;20:00:27.785;enp0s25;0;0
200;20:00:28.791;enp0s25;0;64
201;20:00:29.798;enp0s25;0;0
202;20:00:30.809;enp0s25;2268;46246
203;20:00:31.823;enp0s25;21770;618889
204;20:00:32.837;enp0s25;14974;637688
205;20:00:33.852;enp0s25;14910;633006
206;20:00:34.865;enp0s25;13440;569314
207;20:00:35.875;enp0s25;14140;606740
208;20:00:36.889;enp0s25;14840;635204
209;20:00:37.903;enp0s25;10360;435660
210;20:00:38.912;enp0s25;70;1284
211;20:00:39.918;enp0s25;0;504
212;20:00:40.925;enp0s25;0;64
213;20:00:41.932;enp0s25;0;1150
214;20:00:42.939;enp0s25;0;64
215;20:00:43.945;enp0s25;64;64
216;20:00:44.952;enp0s25;164;756
217;20:00:45.959;enp0s25;14469;556790
218;20:00:46.973;enp0s25;0;64
219;20:00:47.982;enp0s25;3474;121413
220;20:00:48.997;enp0s25;1738;61063
221;20:00:50.015;enp0s25;21296;790957
222;20:00:51.024;enp0s25;24508;881934
223;20:00:52.034;enp0s25;8606;385170
224;20:00:53.042;enp0s25;16190;606719
225;20:00:54.054;enp0s25;7664;270496
226;20:00:55.076;enp0s25;7456;242028
227;20:00:56.086;enp0s25;5668;195882
228;20:00:57.093;enp0s25;24588;901422
229;20:00:58.106;enp0s25;19264;762258
230;20:00:59.118;enp0s25;6698;239018
231;20:01:00.130;enp0s25;1670;62866
232;20:01:01.137;enp0s25;4864;206714
233;20:01:02.148;enp0s25;1794;70062
234;20:01:03.155;enp0s25;1870;74000
235;20:01:04.162;enp0s25;0;64
236;20:01:05.177;enp0s25;12648;450337
237;20:01:06.190;enp0s25;31582;1372143
238;20:01:07.201;enp0s25;7378;282879
239;20:01:08.216;enp0s25;4936;110852
240;20:01:09.227;enp0s25;2066;54857
241;20:01:10.234;enp0s25;21940;820402
242;20:01:11.245;enp0s25;5852;275403
243;20:01:12.262;enp0s25;7062;320193
244;20:01:13.282;enp0s25;8494;379966
245;20:01:14.292;enp0s25;20688;935427
246;20:01:15.303;enp0s25;34522;1590596
247;20:01:16.312;enp0s25;2832;65142
248;20:01:17.327;enp0s25;524;3406
249;20:01:18.342;enp0s25;850;17218
250;20:01:19.360;enp0s25;1886;25797
251;20:01:20.374;enp0s25;0;0
252;20:01:21.386;enp0s25;40288;1896236
253;20:01:22.394;enp0s25;1542;33800
254;20:01:23.406;enp0s25;656;7972
255;20:01:24.420;enp0s25;16264;697956
256;20:01:25.438;enp0s25;3030;126161
257;20:01:26.451;enp0s25;626;5309
258;20:01:27.460;enp0s25;4514;176648
259;20:01:28.472;enp0s25;3800;142320
260;20:01:29.492;enp0s25;2160;95582
261;20:01:30.508;enp0s25;0;64
262;20:01:31.522;enp0s25;1450;67029
263;20:01:32.531;enp0s25;9416;365524
264;20:01:33.545;enp0s25;2486;103664
265;20:01:34.563;enp0s25;2846;122160
266;20:01:35.575;enp0s25;1500;63003
267;20:01:36.587;enp0s25;0;150
268;20:01:37.598;enp0s25;1630;94908
269;20:01:38.611;enp0s25;64;128
270;20:01:39.627;enp0s25;5186;190287
271;20:01:40.640;enp0s25;5766;213566
272;20:01:41.651;enp0s25;8730;379977
273;20:01:42.663;enp0s25;518;2569
274;20:01:43.673;enp0s25;7098;213867
275;20:01:44.689;enp0s25;20968;803198
276;20:01:45.705;enp0s25;1600;31192
277;20:01:46.717;enp0s25;4234;96133
278;20:01:47.730;enp0s25;2146;22975
279;20:01:48.739;enp0s25;7108;172754
280;20:01:49.755;enp0s25;8534;174832
281;20:01:50.762;enp0s25;15074;572664
282;20:01:51.779;enp0s25;10064;379152
283;20:01:52.793;enp0s25;2802;61128
284;20:01:53.807;enp0s25;15412;583564
285;20:01:54.817;enp0s25;15200;413951
286;20:01:55.824;enp0s25;10258;350356
287;20:01:56.835;enp0s25;6384;214467
288;20:01:57.852;enp0s25;1944;31452
289;20:01:58.865;enp0s25;920;9112
290;20:01:59.877;enp0s25;1630;21648
291;20:02:00.886;enp0s25;652;4007
292;20:02:01.903;enp0s25;4720;145926
293;20:02:02.919;enp0s25;5898;249140
294;20:02:03.937;enp0s25;5538;138083
295;20:02:04.946;enp0s25;2876;159353
296;20:02:05.958;enp0s25;21540;960184
297;20:02:06.970;enp0s25;8990;266847
298;20:02:07.982;enp0s25;4712;96343
299;20:02:08.995;enp0s25;7606;250798
300;20:02:10.012;enp0s25;10520;293738
301;20:02:11.024;enp0s25;7128;261608
302;20:02:12.036;enp0s25;28842;1156674
303;20:02:13.048;enp0s25;2180;39844
304;20:02:14.056;enp0s25;1228;14669
305;20:02:15.065;enp0s25;6664;249539
306;20:02:16.079;enp0s25;8358;323687
307;20:02:17.087;enp0s25;22152;740822
308;20:02:18.097;enp0s25;9772;256232
309;20:02:19.109;enp0s25;2312;24437
310;20:02:20.120;enp0s25;5992;163036
311;20:02:21.137;enp0s25;15982;466004
312;20:02:22.147;enp0s25;37966;1847699
313;20:02:23.161;enp0s25;9130;294012
314;20:02:24.175;enp0s25;11124;312953
315;20:02:25.187;enp0s25;4228;101751
316;20:02:26.195;enp0s25;4696;143845
317;20:02:27.204;enp0s25;510;3597
318;20:02:28.218;enp0s25;3634;89184
319;20:02:29.232;enp0s25;23490;863701
320;20:02:30.246;enp0s25;14374;416063
321;20:02:31.257;enp0s25;4044;67727
322;20:02:32.266;enp0s25;15108;367029
323;20:02:33.275;enp0s25;18608;579019
324;20:02:34.284;enp0s25;2724;48050
325;20:02:35.292;enp0s25;4462;84250
326;20:02:36.306;enp0s25;12970;323894
327;20:02:37.320;enp0s25;10150;191185
328;20:02:38.332;enp0s25;2566;38437
329;20:02:39.346;enp0s25;10946;317796
330;20:02:40.352;enp0s25;9772;372380
331;20:02:41.359;enp0s25;6730;255505
332;20:02:42.367;enp0s25;7366;250746
333;20:02:43.377;enp0s25;8434;162609
334;20:02:44.388;enp0s25;13254;262510
335;20:02:45.398;enp0s25;11002;136703
336;20:02:46.411;enp0s25;38944;1621078
337;20:02:47.420;enp0s25;18060;962035
338;20:02:48.431;enp0s25;31384;1442289
339;20:02:49.443;enp0s25;34088;1558991
340;20:02:50.451;enp0s25;49946;2327076
341;20:02:51.468;enp0s25;29994;1138985
342;20:02:52.475;enp0s25;4860;101419
343;20:02:53.488;enp0s25;13870;356459
344;20:02:54.498;enp0s25;16164;404251
345;20:02:55.512;enp0s25;6012;179087
346;20:02:56.525;enp0s25;18458;552633
347;20:02:57.539;enp0s25;15714;550350
348;20:02:58.549;enp0s25;4190;92884
349;20:02:59.558;enp0s25;1032;25668
350;20:03:00.574;enp0s25;3402;74521
351;20:03:01.588;enp0s25;5824;87643
352;20:03:02.604;enp0s25;1994;32670
353;20:03:03.620;enp0s25;11542;234257
354;20:03:04.630;enp0s25;7236;109456
355;20:03:05.637;enp0s25;1474;25891
356;20:03:06.655;enp0s25;1310;38343
357;20:03:07.669;enp0s25;15642;544879
358;20:03:08.682;enp0s25;2708;43793
359;20:03:09.697;enp0s25;10562;274325
360;20:03:10.708;enp0s25;3936;104469
361;20:03:11.724;enp0s25;32032;1485669
362;20:03:12.742;enp0s25;7480;332865
363;20:03:13.757;enp0s25;39084;1918261
364;20:03:14.767;enp0s25;45732;2262376
365;20:03:15.778;enp0s25;18026;929820
366;20:03:16.788;enp0s25;11578;345874
367;20:03:17.796;enp0s25;12524;337674
368;20:03:18.804;enp0s25;4490;58957
369;20:03:19.814;enp0s25;44988;2010642
370;20:03:20.827;enp0s25;15292;358660
371;20:03:21.836;enp0s25;15654;438086
372;20:03:22.844;enp0s25;9980;161371
373;20:03:23.857;enp0s25;2920;30477
374;20:03:24.870;enp0s25;22816;811819
375;20:03:25.882;enp0s25;4036;48422
376;20:03:26.896;enp0s25;27618;1042861
377;20:03:27.910;enp0s25;90428;3212581
378;20:03:28.918;enp0s25;76354;3311445
379;20:03:29.932;enp0s25;7596;135981
380;20:03:30.940;enp0s25;1168;32462
381;20:03:31.954;enp0s25;7912;144532
382;20:03:32.969;enp0s25;5544;150974
383;20:03:33.979;enp0s25;6078;92946
384;20:03:34.991;enp0s25;51810;2517455
385;20:03:36.000;enp0s25;8326;396149
386;20:03:37.017;enp0s25;7512;205657
387;20:03:38.031;enp0s25;2796;48717
388;20:03:39.046;enp0s25;2598;69886
389;20:03:40.054;enp0s25;64;64
390;20:03:41.061;enp0s25;0;64
391;20:03:42.068;enp0s25;0;86
392;20:03:43.074;enp0s25;0;64
393;20:03:44.081;enp0s25;0;0
394;20:03:45.087;enp0s25;0;64
395;20:03:46.094;enp0s25;0;0
396;20:03:47.101;enp0s25;0;64
397;20:03:48.112;enp0s25;0;0
398;20:03:49.119;enp0s25;0;64
399;20:03:50.127;enp0s25;0;0
400;20:03:51.135;enp0s25;64;128
401;20:03:52.142;enp0s25;0;0
402;20:03:53.151;enp0s25;0;64
403;20:03:54.158;enp0s25;0;0
404;20:03:55.165;enp0s25;0;64
405;20:03:56.174;enp0s25;0;0
406;20:03:57.185;enp0s25;128;128
407;20:03:58.192;enp0s25;0;107
408;20:03:59.202;enp0s25;0;171
409;20:04:00.211;enp0s25;0;0
410;20:04:01.220;enp0s25;0;64
411;20:04:02.226;enp0s25;64;64
412;20:04:03.233;enp0s25;0;64
413;20:04:04.239;enp0s25;0;0
414;20:04:05.249;enp0s25;0;64
415;20:04:06.256;enp0s25;0;0
416;20:04:07.262;enp0s25;0;150
417;20:04:08.269;enp0s25;0;86
418;20:04:09.276;enp0s25;0;64
419;20:04:10.283;enp0s25;0;0
420;20:04:11.289;enp0s25;0;64
421;20:04:12.296;enp0s25;0;0
422;20:04:13.303;enp0s25;64;128
423;20:04:14.310;enp0s25;0;0
424;20:04:15.316;enp0s25;0;64
425;20:04:16.323;enp0s25;0;0
426;20:04:17.330;enp0s25;0;64
427;20:04:18.336;enp0s25;0;0
428;20:04:19.343;enp0s25;0;64
429;20:04:20.350;enp0s25;0;0
430;20:04:21.356;enp0s25;0;64
431;20:04:22.363;enp0s25;0;0
432;20:04:23.370;enp0s25;64;128
433;20:04:24.376;enp0s25;0;0
434;20:04:25.383;enp0s25;0;150
435;20:04:26.389;enp0s25;0;0
436;20:04:27.396;enp0s25;0;64
437;20:04:28.403;enp0s25;0;0
438;20:04:29.409;enp0s25;0;171
439;20:04:30.416;enp0s25;0;107
440;20:04:31.423;enp0s25;0;64
441;20:04:32.429;enp0s25;0;0
442;20:04:33.436;enp0s25;0;64
443;20:04:34.442;enp0s25;64;64
444;20:04:35.449;enp0s25;0;64
445;20:04:36.456;enp0s25;0;0
446;20:04:37.462;enp0s25;0;236
447;20:04:38.469;enp0s25;0;0
448;20:04:39.475;enp0s25;0;64
449;20:04:40.482;enp0s25;0;0
450;20:04:41.489;enp0s25;0;64
451;20:04:42.496;enp0s25;0;0
452;20:04:43.502;enp0s25;0;64
453;20:04:44.509;enp0s25;0;0
454;20:04:45.516;enp0s25;64;64
455;20:04:46.522;enp0s25;0;64
456;20:04:47.529;enp0s25;0;0
457;20:04:48.535;enp0s25;0;64
458;20:04:49.542;enp0s25;0;0
459;20:04:50.549;enp0s25;0;64
460;20:04:51.555;enp0s25;0;0
461;20:04:52.562;enp0s25;0;64
462;20:04:53.568;enp0s25;0;0
463;20:04:54.575;enp0s25;0;64
464;20:04:55.581;enp0s25;0;0
465;20:04:56.588;enp0s25;64;128
466;20:04:57.595;enp0s25;0;0
467;20:04:58.601;enp0s25;0;64
468;20:04:59.608;enp0s25;0;0
469;20:05:00.614;enp0s25;0;171
470;20:05:01.621;enp0s25;0;107
471;20:05:02.627;enp0s25;0;64
472;20:05:03.634;enp0s25;0;0
473;20:05:04.641;enp0s25;0;64
474;20:05:05.648;enp0s25;0;0
475;20:05:06.654;enp0s25;0;64
476;20:05:07.661;enp0s25;64;236
477;20:05:08.668;enp0s25;0;64
478;20:05:09.674;enp0s25;0;86
479;20:05:10.681;enp0s25;0;64
480;20:05:11.687;enp0s25;0;0
481;20:05:12.694;enp0s25;0;64
482;20:05:13.701;enp0s25;0;0
483;20:05:14.708;enp0s25;0;64
484;20:05:15.714;enp0s25;0;0
485;20:05:16.721;enp0s25;0;64
486;20:05:17.727;enp0s25;0;0
487;20:05:18.734;enp0s25;64;128
488;20:05:19.741;enp0s25;0;0
489;20:05:20.747;enp0s25;0;64
490;20:05:21.754;enp0s25;0;0
491;20:05:22.760;enp0s25;0;64
492;20:05:23.767;enp0s25;0;0
493;20:05:24.773;enp0s25;0;64
494;20:05:25.780;enp0s25;0;0
495;20:05:26.786;enp0s25;0;64
496;20:05:27.793;enp0s25;0;0
497;20:05:28.800;enp0s25;0;64
498;20:05:29.806;enp0s25;64;64
499;20:05:30.813;enp0s25;0;64
500;20:05:31.819;enp0s25;0;107
501;20:05:32.826;enp0s25;0;171
502;20:05:33.832;enp0s25;0;0
503;20:05:34.839;enp0s25;0;64
504;20:05:35.845;enp0s25;0;0
505;20:05:36.852;enp0s25;0;64
506;20:05:37.859;enp0s25;0;172
507;20:05:38.865;enp0s25;0;64
508;20:05:39.872;enp0s25;0;0
509;20:05:40.879;enp0s25;64;128
510;20:05:41.885;enp0s25;0;0
511;20:05:42.892;enp0s25;0;64
512;20:05:43.898;enp0s25;0;0
513;20:05:44.905;enp0s25;0;64
514;20:05:45.912;enp0s25;0;0
515;20:05:46.919;enp0s25;0;64
516;20:05:47.925;enp0s25;0;0
517;20:05:48.932;enp0s25;0;64
518;20:05:49.939;enp0s25;0;0
519;20:05:50.945;enp0s25;0;64
520;20:05:51.952;enp0s25;64;64
521;20:05:52.959;enp0s25;0;64
522;20:05:53.965;enp0s25;0;86
523;20:05:54.972;enp0s25;0;64
524;20:05:55.978;enp0s25;0;0
525;20:05:56.986;enp0s25;0;64
526;20:05:57.992;enp0s25;0;0
527;20:05:58.999;enp0s25;0;64
528;20:06:00.005;enp0s25;0;0
529;20:06:01.012;enp0s25;0;64
530;20:06:02.019;enp0s25;0;0
531;20:06:03.025;enp0s25;64;235
532;20:06:04.032;enp0s25;0;107
533;20:06:05.038;enp0s25;0;64
534;20:06:06.045;enp0s25;0;0
535;20:06:07.051;enp0s25;0;64
536;20:06:08.058;enp0s25;0;172
537;20:06:09.065;enp0s25;0;64
538;20:06:10.072;enp0s25;928;762
539;20:06:11.079;enp0s25;10476;5022
540;20:06:12.086;enp0s25;0;0
541;20:06:13.093;enp0s25;0;64
542;20:06:14.100;enp0s25;64;64
543;20:06:15.108;enp0s25;0;64
544;20:06:16.114;enp0s25;0;0
545;20:06:17.121;enp0s25;0;64
546;20:06:18.128;enp0s25;0;0
547;20:06:19.135;enp0s25;0;64
548;20:06:20.143;enp0s25;0;0
549;20:06:21.150;enp0s25;795;4967
550;20:06:22.157;enp0s25;0;0
551;20:06:23.163;enp0s25;0;64
552;20:06:24.171;enp0s25;0;0
553;20:06:25.178;enp0s25;64;128
554;20:06:26.186;enp0s25;0;256
555;20:06:27.193;enp0s25;0;64
556;20:06:28.200;enp0s25;1720;0
557;20:06:29.207;enp0s25;4902;19738
558;20:06:30.214;enp0s25;22692;158819
559;20:06:31.221;enp0s25;99179;2227769
560;20:06:32.228;enp0s25;130416;7157012
561;20:06:33.234;enp0s25;93651;4079655
562;20:06:34.241;enp0s25;127888;2481367
563;20:06:35.248;enp0s25;51757;756368
564;20:06:36.256;enp0s25;68439;1066360
565;20:06:37.263;enp0s25;32506;456085
566;20:06:38.270;enp0s25;30025;182444
567;20:06:39.276;enp0s25;55310;702320
568;20:06:40.283;enp0s25;22839;234810
569;20:06:41.292;enp0s25;58622;838288
570;20:06:42.300;enp0s25;51069;1360188
571;20:06:43.307;enp0s25;39864;574129
572;20:06:44.315;enp0s25;70399;1021221
573;20:06:45.322;enp0s25;43827;664862
574;20:06:46.329;enp0s25;28239;272922
575;20:06:47.335;enp0s25;28571;355066
576;20:06:48.342;enp0s25;15385;264976
577;20:06:49.349;enp0s25;22592;78584
578;20:06:50.357;enp0s25;21342;67790
579;20:06:51.364;enp0s25;15978;444665
580;20:06:52.371;enp0s25;49997;594624
581;20:06:53.378;enp0s25;85262;1878539
582;20:06:54.385;enp0s25;84112;1453681
583;20:06:55.393;enp0s25;38983;438278
584;20:06:56.400;enp0s25;41346;333091
585;20:06:57.406;enp0s25;49495;407972
586;20:06:58.414;enp0s25;33926;287704
587;20:06:59.421;enp0s25;27908;232165
588;20:07:00.428;enp0s25;60297;771028
589;20:07:01.435;enp0s25;32591;479533
590;20:07:02.442;enp0s25;48937;1462573
591;20:07:03.449;enp0s25;41638;636633
592;20:07:04.457;enp0s25;44121;899696
593;20:07:05.464;enp0s25;40096;347604
594;20:07:06.470;enp0s25;69608;2556935
595;20:07:07.478;enp0s25;43496;3358145
596;20:07:08.486;enp0s25;40001;903131
597;20:07:09.493;enp0s25;51923;751403
598;20:07:10.500;enp0s25;23527;2215410
599;20:07:11.507;enp0s25;384;9038
600;20:07:12.515;enp0s25;0;64
601;20:07:13.521;enp0s25;0;0
602;20:07:14.529;enp0s25;0;64
603;20:07:15.535;enp0s25;0;0
604;20:07:16.542;enp0s25;0;64
605;20:07:17.549;enp0s25;0;0
606;20:07:18.556;enp0s25;0;64
607;20:07:19.563;enp0s25;64;64
608;20:07:20.570;enp0s25;4954;44926
609;20:07:21.582;enp0s25;110006;3681468
610;20:07:22.591;enp0s25;0;64
611;20:07:23.598;enp0s25;1920;960
612;20:07:24.605;enp0s25;1293;3288
613;20:07:25.614;enp0s25;45640;951471
614;20:07:26.624;enp0s25;640;18836
615;20:07:27.639;enp0s25;44646;833433
616;20:07:28.655;enp0s25;22184;378796
617;20:07:29.670;enp0s25;10286;150023
618;20:07:30.680;enp0s25;23245;260389
619;20:07:31.687;enp0s25;64228;1136075
620;20:07:32.694;enp0s25;1920;1024
621;20:07:33.700;enp0s25;1299;3223
622;20:07:34.716;enp0s25;133392;3489955
623;20:07:35.725;enp0s25;53812;1328444
624;20:07:36.734;enp0s25;157142;3287601
625;20:07:37.747;enp0s25;86064;2329835
626;20:07:38.757;enp0s25;33962;1556222
627;20:07:39.766;enp0s25;31156;562155
628;20:07:40.774;enp0s25;119738;2716380
629;20:07:41.783;enp0s25;64;64
630;20:07:42.793;enp0s25;1920;1024
631;20:07:43.800;enp0s25;82751;1774215
632;20:07:44.810;enp0s25;34160;738995
633;20:07:45.818;enp0s25;50012;1336909
634;20:07:46.826;enp0s25;21984;751838
635;20:07:47.838;enp0s25;11840;258318
636;20:07:48.852;enp0s25;1308;11949
637;20:07:49.862;enp0s25;22590;449933
638;20:07:50.870;enp0s25;55058;1067663
639;20:07:51.883;enp0s25;8956;115156
640;20:07:52.901;enp0s25;8106;106388
641;20:07:53.911;enp0s25;30381;837091
642;20:07:54.918;enp0s25;40946;479449
643;20:07:55.926;enp0s25;114285;2257343
644;20:07:56.933;enp0s25;16704;465353
645;20:07:57.941;enp0s25;0;0
646;20:07:58.948;enp0s25;0;64
647;20:07:59.955;enp0s25;1920;960
648;20:08:00.961;enp0s25;0;64
649;20:08:01.968;enp0s25;0;0
650;20:08:02.975;enp0s25;0;64
651;20:08:03.981;enp0s25;64;64
652;20:08:04.988;enp0s25;0;150
653;20:08:05.995;enp0s25;0;0
654;20:08:07.002;enp0s25;0;171
655;20:08:08.008;enp0s25;0;107
656;20:08:09.015;enp0s25;0;236
657;20:08:10.021;enp0s25;0;0
658;20:08:11.028;enp0s25;0;64
659;20:08:12.035;enp0s25;0;0
660;20:08:13.042;enp0s25;0;64
661;20:08:14.048;enp0s25;0;0
662;20:08:15.055;enp0s25;64;128
663;20:08:16.061;enp0s25;0;0
664;20:08:17.068;enp0s25;0;64
665;20:08:18.075;enp0s25;0;0
666;20:08:19.081;enp0s25;0;64
667;20:08:20.088;enp0s25;0;0
668;20:08:21.095;enp0s25;0;64
669;20:08:22.102;enp0s25;0;0
670;20:08:23.109;enp0s25;0;64
671;20:08:24.115;enp0s25;0;0
672;20:08:25.122;enp0s25;0;64
673;20:08:26.129;enp0s25;1039;2471
674;20:08:27.136;enp0s25;617;1039
675;20:08:28.144;enp0s25;0;0
676;20:08:29.151;enp0s25;0;64
677;20:08:30.158;enp0s25;10082;221313
678;20:08:31.166;enp0s25;1432;3756
679;20:08:32.173;enp0s25;14034;195868
680;20:08:33.183;enp0s25;22442;544615
681;20:08:34.189;enp0s25;1580;5307
682;20:08:35.205;enp0s25;0;64
683;20:08:36.214;enp0s25;0;0
684;20:08:37.229;enp0s25;64;235
685;20:08:38.238;enp0s25;0;107
686;20:08:39.249;enp0s25;0;236
687;20:08:40.256;enp0s25;0;0
688;20:08:41.263;enp0s25;0;64
689;20:08:42.274;enp0s25;0;0
690;20:08:43.281;enp0s25;140;235
691;20:08:44.290;enp0s25;11745;257426
692;20:08:45.297;enp0s25;84883;2739551
693;20:08:46.310;enp0s25;58607;1924679
694;20:08:47.321;enp0s25;16730;442757
695;20:08:48.333;enp0s25;64;150
696;20:08:49.340;enp0s25;0;64
697;20:08:50.348;enp0s25;0;0
698;20:08:51.355;enp0s25;0;64
699;20:08:52.362;enp0s25;0;0
700;20:08:53.369;enp0s25;0;64
701;20:08:54.376;enp0s25;0;0
702;20:08:55.383;enp0s25;0;64
703;20:08:56.390;enp0s25;0;0
704;20:08:57.398;enp0s25;0;64
705;20:08:58.405;enp0s25;0;0
706;20:08:59.411;enp0s25;29458;835460
707;20:09:00.419;enp0s25;9728;496733
708;20:09:01.426;enp0s25;0;64
709;20:09:02.434;enp0s25;0;0
710;20:09:03.440;enp0s25;0;64
711;20:09:04.447;enp0s25;0;0
712;20:09:05.454;enp0s25;44378;1561000
713;20:09:06.463;enp0s25;107674;4834853
714;20:09:07.469;enp0s25;0;64
715;20:09:08.477;enp0s25;0;107
716;20:09:09.484;enp0s25;0;343
717;20:09:10.490;enp0s25;157;64
718;20:09:11.504;enp0s25;12220;325356
719;20:09:12.514;enp0s25;0;64
720;20:09:13.521;enp0s25;0;0
721;20:09:14.528;enp0s25;0;64
722;20:09:15.537;enp0s25;0;0
723;20:09:16.544;enp0s25;52905;995336
724;20:09:17.550;enp0s25;45546;1273831
725;20:09:18.565;enp0s25;83136;1854673
726;20:09:19.574;enp0s25;12932;346946
727;20:09:20.582;enp0s25;908;21164
728;20:09:21.597;enp0s25;18564;361067
729;20:09:22.610;enp0s25;18632;337685
730;20:09:23.621;enp0s25;18592;365181
731;20:09:24.636;enp0s25;9754;217185
732;20:09:25.648;enp0s25;11722;228738
733;20:09:26.658;enp0s25;23006;472919
734;20:09:27.675;enp0s25;12504;159286
735;20:09:28.690;enp0s25;1698;20503
736;20:09:29.698;enp0s25;2149;1356
737;20:09:30.705;enp0s25;0;64
738;20:09:31.712;enp0s25;64;1214
739;20:09:32.718;enp0s25;1920;1110
740;20:09:33.725;enp0s25;0;0
741;20:09:34.732;enp0s25;1896;4109
742;20:09:35.739;enp0s25;2933;18276
743;20:09:36.746;enp0s25;3572;27929
744;20:09:37.753;enp0s25;0;0
745;20:09:38.760;enp0s25;3984;30255
746;20:09:39.767;enp0s25;26801;460420
747;20:09:40.776;enp0s25;0;171
748;20:09:41.783;enp0s25;9047;128816
749;20:09:42.790;enp0s25;59499;1463679
750;20:09:43.797;enp0s25;17758;247831
751;20:09:44.804;enp0s25;78927;2315189
752;20:09:45.812;enp0s25;48632;1003458
753;20:09:46.819;enp0s25;0;64
754;20:09:47.826;enp0s25;0;0
755;20:09:48.833;enp0s25;2508;5388
756;20:09:49.843;enp0s25;54426;1320282
757;20:09:50.851;enp0s25;4050;21715
758;20:09:51.863;enp0s25;6732;68032
759;20:09:52.874;enp0s25;2245;4584
760;20:09:53.888;enp0s25;6745;100182
761;20:09:54.897;enp0s25;13226;187976
762;20:09:55.908;enp0s25;23450;451069
763;20:09:56.917;enp0s25;0;64
764;20:09:57.924;enp0s25;2742;15298
765;20:09:58.933;enp0s25;6929;95443
766;20:09:59.941;enp0s25;5547;37292
767;20:10:00.947;enp0s25;11141;175949
768;20:10:01.954;enp0s25;115792;2874566
769;20:10:02.961;enp0s25;2246;4954
770;20:10:03.970;enp0s25;29322;622194
771;20:10:04.978;enp0s25;484;603
772;20:10:05.985;enp0s25;5318;25345
773;20:10:06.992;enp0s25;7991;92833
774;20:10:07.999;enp0s25;20242;308589
775;20:10:09.006;enp0s25;4315;18075
776;20:10:10.020;enp0s25;1575;10122
777;20:10:11.031;enp0s25;10871;117101
778;20:10:12.039;enp0s25;1155;660
779;20:10:13.048;enp0s25;29394;477016
780;20:10:14.056;enp0s25;55462;1706510
781;20:10:15.064;enp0s25;420;539
782;20:10:16.070;enp0s25;28854;569947
783;20:10:17.081;enp0s25;0;64
784;20:10:18.089;enp0s25;2178;4520
785;20:10:19.099;enp0s25;2667;12383
786;20:10:20.112;enp0s25;6942;82029
787;20:10:21.119;enp0s25;1155;617
788;20:10:22.129;enp0s25;4441;28423
789;20:10:23.138;enp0s25;11704;154825
790;20:10:24.146;enp0s25;420;475
791;20:10:25.153;enp0s25;735;142
792;20:10:26.160;enp0s25;4905;50966
793;20:10:27.166;enp0s25;484;603
794;20:10:28.173;enp0s25;6307;67996
795;20:10:29.180;enp0s25;0;64
796;20:10:30.186;enp0s25;2463;7968
797;20:10:31.203;enp0s25;2730;14941
798;20:10:32.209;enp0s25;6535;67475
799;20:10:33.216;enp0s25;2437;5386
800;20:10:34.223;enp0s25;3852;46404
801;20:10:35.229;enp0s25;5194;33728
802;20:10:36.236;enp0s25;4899;56398
803;20:10:37.242;enp0s25;23578;413296
804;20:10:38.249;enp0s25;64;64
805;20:10:39.256;enp0s25;2739;14572
806;20:10:40.263;enp0s25;7906;112270
807;20:10:41.269;enp0s25;10448;133626
808;20:10:42.279;enp0s25;2244;4627
809;20:10:43.288;enp0s25;3997;38896
810;20:10:44.295;enp0s25;22997;383197
811;20:10:45.305;enp0s25;2189;22686
812;20:10:46.313;enp0s25;7480;83289
813;20:10:47.319;enp0s25;3505;33193
814;20:10:48.331;enp0s25;14074;295590
815;20:10:49.339;enp0s25;632;681
816;20:10:50.346;enp0s25;5550;38248
817;20:10:51.352;enp0s25;10149;137111
818;20:10:52.363;enp0s25;9170;180799
819;20:10:53.371;enp0s25;568;617
820;20:10:54.378;enp0s25;5040;27347
821;20:10:55.385;enp0s25;3829;8769
822;20:10:56.395;enp0s25;163482;5702611
823;20:10:57.405;enp0s25;21910;886974
824;20:10:58.412;enp0s25;0;0
825;20:10:59.422;enp0s25;0;150
826;20:11:00.429;enp0s25;3153;5386
827;20:11:01.437;enp0s25;2632;33680
828;20:11:02.446;enp0s25;11916;159053
829;20:11:03.453;enp0s25;3797;41558
830;20:11:04.465;enp0s25;139866;4868766
831;20:11:05.476;enp0s25;2240;78302
832;20:11:06.485;enp0s25;20008;330025
833;20:11:07.491;enp0s25;2355;5308
834;20:11:08.504;enp0s25;3058;35169
835;20:11:09.511;enp0s25;420;711
836;20:11:10.517;enp0s25;14024;170843
837;20:11:11.525;enp0s25;8625;192662
838;20:11:12.532;enp0s25;0;171
839;20:11:13.543;enp0s25;0;107
840;20:11:14.551;enp0s25;0;64
841;20:11:15.559;enp0s25;2794;5042
842;20:11:16.566;enp0s25;38165;1277125
843;20:11:17.576;enp0s25;16629;509797
844;20:11:18.586;enp0s25;70;134
845;20:11:19.593;enp0s25;3577;23123
846;20:11:20.600;enp0s25;12363;373702
847;20:11:21.608;enp0s25;9156;359766
848;20:11:22.615;enp0s25;11270;478298
849;20:11:23.621;enp0s25;8470;396198
850;20:11:24.628;enp0s25;10290;470644
851;20:11:25.635;enp0s25;10290;482724
852;20:11:26.647;enp0s25;10500;476716
853;20:11:27.659;enp0s25;10576;479688
854;20:11:28.671;enp0s25;11900;548062
855;20:11:29.687;enp0s25;12250;551034
856;20:11:30.703;enp0s25;12880;548062
857;20:11:31.719;enp0s25;13160;563178
858;20:11:32.730;enp0s25;13504;570896
859;20:11:33.738;enp0s25;14910;634524
860;20:11:34.752;enp0s25;14840;631552
861;20:11:35.768;enp0s25;14770;631488
862;20:11:36.784;enp0s25;14910;637624
863;20:11:37.797;enp0s25;12880;551034
864;20:11:38.811;enp0s25;12110;548062
865;20:11:39.822;enp0s25;13790;602818
866;20:11:40.830;enp0s25;13370;561724
867;20:11:41.846;enp0s25;13930;596574
868;20:11:42.862;enp0s25;14484;625630
869;20:11:43.877;enp0s25;14834;628623
870;20:11:44.887;enp0s25;14770;631659
871;20:11:45.898;enp0s25;14420;614790
872;20:11:46.910;enp0s25;13510;566278
873;20:11:47.925;enp0s25;11270;490314
874;20:11:48.937;enp0s25;10150;473680
875;20:11:49.946;enp0s25;14770;631488
876;20:11:50.963;enp0s25;14630;625480
877;20:11:51.978;enp0s25;14700;631488
878;20:11:52.994;enp0s25;14700;631552
879;20:11:54.010;enp0s25;14840;631488
880;20:11:55.020;enp0s25;12944;551162
881;20:11:56.028;enp0s25;14980;637560
882;20:11:57.043;enp0s25;14700;625480
883;20:11:58.061;enp0s25;9730;414414
884;20:11:59.077;enp0s25;11620;517702
885;20:12:00.091;enp0s25;13580;582912
886;20:12:01.099;enp0s25;14560;631552
887;20:12:02.113;enp0s25;14700;631488
888;20:12:03.124;enp0s25;14840;631552
889;20:12:04.136;enp0s25;13020;555588
890;20:12:05.152;enp0s25;14300;600278
891;20:12:06.163;enp0s25;14904;634588
892;20:12:07.171;enp0s25;13580;584494
893;20:12:08.181;enp0s25;11760;510048
894;20:12:09.196;enp0s25;11830;554134
895;20:12:10.211;enp0s25;12950;563350
896;20:12:11.222;enp0s25;14840;631552
897;20:12:12.231;enp0s25;14910;637560
898;20:12:13.242;enp0s25;12740;551098
899;20:12:14.260;enp0s25;14910;634631
900;20:12:15.279;enp0s25;14910;637731
901;20:12:16.295;enp0s25;11480;489750
902;20:12:17.306;enp0s25;13504;576374
903;20:12:18.320;enp0s25;12320;548238
904;20:12:19.335;enp0s25;10010;469166
905;20:12:20.350;enp0s25;14560;620494
906;20:12:21.365;enp0s25;14070;612322
907;20:12:22.374;enp0s25;11130;496386
908;20:12:23.388;enp0s25;12600;553046
909;20:12:24.406;enp0s25;14980;637560
910;20:12:25.423;enp0s25;14700;634588
911;20:12:26.439;enp0s25;13650;579962
912;20:12:27.452;enp0s25;13784;583040
913;20:12:28.462;enp0s25;14904;631552
914;20:12:29.479;enp0s25;14770;634588
915;20:12:30.496;enp0s25;14910;638064
916;20:12:31.511;enp0s25;9660;423586
917;20:12:32.525;enp0s25;10780;490378
918;20:12:33.536;enp0s25;12670;554070
919;20:12:34.544;enp0s25;14700;634588
920;20:12:35.555;enp0s25;14280;602646
921;20:12:36.565;enp0s25;13370;570832
922;20:12:37.578;enp0s25;14350;613272
923;20:12:38.591;enp0s25;8050;340722
924;20:12:39.600;enp0s25;64;150
925;20:12:40.607;enp0s25;0;150
926;20:12:41.620;enp0s25;0;0
927;20:12:42.627;enp0s25;0;64
928;20:12:43.634;enp0s25;0;0
929;20:12:44.641;enp0s25;0;64
930;20:12:45.649;enp0s25;0;107
931;20:12:46.659;enp0s25;0;171
932;20:12:47.667;enp0s25;0;0
933;20:12:48.673;enp0s25;0;64
934;20:12:49.680;enp0s25;0;0
935;20:12:50.693;enp0s25;64;128
936;20:12:51.707;enp0s25;0;0
937;20:12:52.716;enp0s25;0;64
938;20:12:53.723;enp0s25;0;0
939;20:12:54.733;enp0s25;0;64
940;20:12:55.739;enp0s25;0;0
941;20:12:56.746;enp0s25;0;64
942;20:12:57.804;enp0s25;662;4503
943;20:12:58.813;enp0s25;0;64
944;20:12:59.820;enp0s25;0;0
945;20:13:00.827;enp0s25;64;128
946;20:13:01.841;enp0s25;0;0
947;20:13:02.855;enp0s25;0;64
948;20:13:03.864;enp0s25;8240;208395
949;20:13:04.871;enp0s25;23721;632301
950;20:13:05.889;enp0s25;14840;634524
951;20:13:06.904;enp0s25;14350;605746
952;20:13:07.916;enp0s25;13160;561660
953;20:13:08.931;enp0s25;14420;616372
954;20:13:09.941;enp0s25;14700;625674
955;20:13:10.950;enp0s25;14700;628516
956;20:13:11.964;enp0s25;11194;470644
957;20:13:12.982;enp0s25;15078;634938
958;20:13:13.999;enp0s25;14770;631488
959;20:13:15.016;enp0s25;10640;452428
960;20:13:16.029;enp0s25;14700;625416
961;20:13:17.039;enp0s25;14630;622551
962;20:13:18.054;enp0s25;14840;634631
963;20:13:19.069;enp0s25;14840;634588
964;20:13:20.084;enp0s25;14700;620862
965;20:13:21.096;enp0s25;13440;567796
966;20:13:22.109;enp0s25;10640;452364
967;20:13:23.122;enp0s25;13854;584558
968;20:13:24.131;enp0s25;13090;558624
969;20:13:25.148;enp0s25;14350;613336
970;20:13:26.163;enp0s25;14840;631488
971;20:13:27.177;enp0s25;11200;482788
972;20:13:28.188;enp0s25;13720;578358
973;20:13:29.198;enp0s25;13650;582976
974;20:13:30.213;enp0s25;14630;625416
975;20:13:31.231;enp0s25;13160;555652
976;20:13:32.245;enp0s25;12320;529782
977;20:13:33.254;enp0s25;13300;563242
978;20:13:34.269;enp0s25;14764;625480
979;20:13:35.284;enp0s25;14764;625544
980;20:13:36.299;enp0s25;14700;628452
981;20:13:37.311;enp0s25;11410;482788
982;20:13:38.323;enp0s25;14140;604164
983;20:13:39.337;enp0s25;14840;634588
984;20:13:40.351;enp0s25;14770;628624
985;20:13:41.368;enp0s25;13090;554134
986;20:13:42.385;enp0s25;12950;551034
987;20:13:43.400;enp0s25;12880;548398
988;20:13:44.409;enp0s25;14560;619344
989;20:13:45.423;enp0s25;13014;551162
990;20:13:46.437;enp0s25;14000;595056
991;20:13:47.451;enp0s25;14770;628623
992;20:13:48.467;enp0s25;12530;538997
993;20:13:49.481;enp0s25;14980;637624
994;20:13:50.492;enp0s25;13860;581394
995;20:13:51.503;enp0s25;12110;516184
996;20:13:52.515;enp0s25;12110;513084
997;20:13:53.526;enp0s25;11470;478943
998;20:13:54.537;enp0s25;14770;628516
999;20:13:55.547;enp0s25;14560;622380
1000;20:13:56.560;enp0s25;14834;631616
1001;20:13:57.571;enp0s25;14140;599610
1002;20:13:58.583;enp0s25;10920;469126
1003;20:13:59.598;enp0s25;14700;628452
1004;20:14:00.613;enp0s25;14840;634588
1005;20:14:01.624;enp0s25;13020;554070
1006;20:14:02.635;enp0s25;10990;464572
1007;20:14:03.650;enp0s25;14770;634524
1008;20:14:04.661;enp0s25;13230;551098
1009;20:14:05.676;enp0s25;14070;598092
1010;20:14:06.688;enp0s25;15906;637624
1011;20:14:07.699;enp0s25;17437;678819
1012;20:14:08.710;enp0s25;11404;479816
1013;20:14:09.726;enp0s25;14210;610236
1014;20:14:10.735;enp0s25;12950;548234
1015;20:14:11.746;enp0s25;13090;557106
1016;20:14:12.756;enp0s25;11200;473680
1017;20:14:13.772;enp0s25;14210;607200
1018;20:14:14.784;enp0s25;14910;634588
1019;20:14:15.798;enp0s25;14210;602646
1020;20:14:16.810;enp0s25;12950;552616
1021;20:14:17.818;enp0s25;14630;622380
1022;20:14:18.833;enp0s25;14904;634759
1023;20:14:19.846;enp0s25;14980;636149
1024;20:14:20.856;enp0s25;13090;554134
1025;20:14:21.871;enp0s25;12880;551034
1026;20:14:22.883;enp0s25;11060;470644
1027;20:14:23.897;enp0s25;14770;631488
1028;20:14:24.908;enp0s25;13650;578422
1029;20:14:25.917;enp0s25;10710;458436
1030;20:14:26.930;enp0s25;14630;622444
1031;20:14:27.943;enp0s25;14770;631488
1032;20:14:28.953;enp0s25;14904;632920
1033;20:14:29.965;enp0s25;14834;631976
1034;20:14:30.980;enp0s25;14140;597758
1035;20:14:31.990;enp0s25;11550;494500
1036;20:14:33.002;enp0s25;12950;551602
1037;20:14:34.012;enp0s25;13580;569250
1038;20:14:35.026;enp0s25;13580;579572
1039;20:14:36.041;enp0s25;10710;461472
1040;20:14:37.055;enp0s25;14560;622444
1041;20:14:38.070;enp0s25;14770;628538
1042;20:14:39.081;enp0s25;14420;611818
1043;20:14:40.089;enp0s25;13434;567796
1044;20:14:41.103;enp0s25;14840;631724
1045;20:14:42.117;enp0s25;11060;471084
1046;20:14:43.131;enp0s25;14459;608782
1047;20:14:44.141;enp0s25;13370;570768
1048;20:14:45.158;enp0s25;14630;625480
1049;20:14:46.172;enp0s25;32375;1065468
1050;20:14:47.184;enp0s25;31587;1314708
1051;20:14:48.198;enp0s25;24593;937283
1052;20:14:49.212;enp0s25;30604;1263739
1053;20:14:50.220;enp0s25;37100;1625885
1054;20:14:51.234;enp0s25;34924;1525965
1055;20:14:52.245;enp0s25;20860;947232
1056;20:14:53.259;enp0s25;20650;933634
1057;20:14:54.275;enp0s25;34580;1530144
1058;20:14:55.288;enp0s25;35210;1539316
1059;20:14:56.299;enp0s25;38150;1669800
1060;20:14:57.308;enp0s25;36856;1604820
1061;20:14:58.318;enp0s25;24970;940478
1062;20:14:59.333;enp0s25;35872;1558853
1063;20:15:00.344;enp0s25;35000;1540770
1064;20:15:01.351;enp0s25;35140;1539316
1065;20:15:02.361;enp0s25;16697;693854
1066;20:15:03.371;enp0s25;8242;178134
1067;20:15:04.386;enp0s25;11230;306478
1068;20:15:05.397;enp0s25;9254;169890
1069;20:15:06.411;enp0s25;9520;253460
1070;20:15:07.421;enp0s25;15901;525896
1071;20:15:08.436;enp0s25;20812;759698
1072;20:15:09.448;enp0s25;8975;203440
1073;20:15:10.462;enp0s25;10753;269676
1074;20:15:11.475;enp0s25;10827;298027
1075;20:15:12.485;enp0s25;5503;114235
1076;20:15:13.497;enp0s25;30094;1308644
1077;20:15:14.508;enp0s25;36373;1556180
1078;20:15:15.522;enp0s25;31244;1275244
1079;20:15:16.534;enp0s25;20495;757238
1080;20:15:17.544;enp0s25;10412;436325
1081;20:15:18.553;enp0s25;64;64
1082;20:15:19.560;enp0s25;64;0
1083;20:15:20.572;enp0s25;0;171
1084;20:15:21.579;enp0s25;64;193
1085;20:15:22.586;enp0s25;0;64
1086;20:15:23.592;enp0s25;0;0
1087;20:15:24.600;enp0s25;64;128
1088;20:15:25.607;enp0s25;64;0
1089;20:15:26.614;enp0s25;0;64
1090;20:15:27.623;enp0s25;0;0
1091;20:15:28.635;enp0s25;0;64
1092;20:15:29.645;enp0s25;0;0
1093;20:15:30.656;enp0s25;0;64
1094;20:15:31.663;enp0s25;0;2316
1095;20:15:32.670;enp0s25;0;2872
1096;20:15:33.678;enp0s25;64;760
1097;20:15:34.691;enp0s25;0;1214
1098;20:15:35.697;enp0s25;64;568
1099;20:15:36.708;enp0s25;2408;52318
1100;20:15:37.718;enp0s25;21560;617003
1101;20:15:38.735;enp0s25;14770;630034
1102;20:15:39.749;enp0s25;14770;631488
1103;20:15:40.764;enp0s25;14770;628688
1104;20:15:41.777;enp0s25;11200;473616
1105;20:15:42.788;enp0s25;11138;470644
1106;20:15:43.802;enp0s25;12670;557106
1107;20:15:44.819;enp0s25;3360;137940
1108;20:15:45.828;enp0s25;0;0
1109;20:15:46.835;enp0s25;64;128
1110;20:15:47.842;enp0s25;0;394
1111;20:15:48.849;enp0s25;0;64
1112;20:15:49.856;enp0s25;64;0
1113;20:15:50.863;enp0s25;0;64
1114;20:15:51.869;enp0s25;2839;59007
1115;20:15:52.878;enp0s25;13376;553516
1116;20:15:53.885;enp0s25;0;0
1117;20:15:54.902;enp0s25;3514;126624
1118;20:15:55.917;enp0s25;0;0
1119;20:15:56.930;enp0s25;12120;470994
1120;20:15:57.947;enp0s25;64;64
1121;20:15:58.957;enp0s25;16260;613480
1122;20:15:59.974;enp0s25;10952;370088
1123;20:16:00.983;enp0s25;23956;1009958
1124;20:16:01.997;enp0s25;18546;659107
1125;20:16:03.011;enp0s25;19338;634800
1126;20:16:04.021;enp0s25;30178;1193596
1127;20:16:05.029;enp0s25;16968;631996
1128;20:16:06.039;enp0s25;0;0
1129;20:16:07.055;enp0s25;1922;70126
1130;20:16:08.072;enp0s25;7950;303520
1131;20:16:09.081;enp0s25;33912;1393851
1132;20:16:10.092;enp0s25;5718;207161
1133;20:16:11.100;enp0s25;19886;728873
1134;20:16:12.111;enp0s25;9864;293106
1135;20:16:13.128;enp0s25;0;3544
1136;20:16:14.146;enp0s25;24072;1029727
1137;20:16:15.158;enp0s25;51082;2460703
1138;20:16:16.171;enp0s25;9464;305196
1139;20:16:17.187;enp0s25;64;3342
1140;20:16:18.198;enp0s25;780;18206
1141;20:16:19.209;enp0s25;2316;41904
1142;20:16:20.225;enp0s25;5098;216826
1143;20:16:21.236;enp0s25;25736;1310139
1144;20:16:22.246;enp0s25;25758;1117110
1145;20:16:23.256;enp0s25;17294;665721
1146;20:16:24.264;enp0s25;0;0
1147;20:16:25.280;enp0s25;2340;100504
1148;20:16:26.295;enp0s25;9094;382459
1149;20:16:27.311;enp0s25;16802;689712
1150;20:16:28.326;enp0s25;1280;69828
1151;20:16:29.336;enp0s25;12010;371578
1152;20:16:30.351;enp0s25;9668;463913
1153;20:16:31.367;enp0s25;8474;280305
1154;20:16:32.384;enp0s25;5728;93669
1155;20:16:33.396;enp0s25;4508;88008
1156;20:16:34.407;enp0s25;5132;98880
1157;20:16:35.421;enp0s25;3188;91256
1158;20:16:36.434;enp0s25;774;17266
1159;20:16:37.448;enp0s25;3594;112361
1160;20:16:38.467;enp0s25;22342;744015
1161;20:16:39.478;enp0s25;6450;251304
1162;20:16:40.490;enp0s25;1914;43489
1163;20:16:41.501;enp0s25;1410;39208
1164;20:16:42.515;enp0s25;17516;658332
1165;20:16:43.529;enp0s25;2130;58649
1166;20:16:44.544;enp0s25;8600;221654
1167;20:16:45.560;enp0s25;864;9130
1168;20:16:46.570;enp0s25;3322;72648
1169;20:16:47.586;enp0s25;1746;37831
1170;20:16:48.601;enp0s25;12734;451334
1171;20:16:49.619;enp0s25;3316;47754
1172;20:16:50.631;enp0s25;17444;548378
1173;20:16:51.642;enp0s25;11014;254797
1174;20:16:52.649;enp0s25;22418;977991
1175;20:16:53.661;enp0s25;7790;222892
1176;20:16:54.676;enp0s25;5824;209965
1177;20:16:55.690;enp0s25;692;13015
1178;20:16:56.705;enp0s25;2308;45591
1179;20:16:57.715;enp0s25;13024;354815
1180;20:16:58.727;enp0s25;24952;850096
1181;20:16:59.736;enp0s25;6468;353488
1182;20:17:00.750;enp0s25;22052;712915
1183;20:17:01.766;enp0s25;11846;377750
1184;20:17:02.778;enp0s25;8928;328591
1185;20:17:03.791;enp0s25;772;4315
1186;20:17:04.802;enp0s25;2112;30825
1187;20:17:05.818;enp0s25;6934;199735
1188;20:17:06.836;enp0s25;2574;15881
1189;20:17:07.853;enp0s25;12822;345261
1190;20:17:08.865;enp0s25;3676;127826
1191;20:17:09.873;enp0s25;8340;218879
1192;20:17:10.882;enp0s25;39558;1873527
1193;20:17:11.894;enp0s25;15384;414810
1194;20:17:12.905;enp0s25;2758;93757
1195;20:17:13.914;enp0s25;14424;360320
1196;20:17:14.925;enp0s25;14856;690277
1197;20:17:15.934;enp0s25;4054;89037
1198;20:17:16.953;enp0s25;17008;468635
1199;20:17:17.964;enp0s25;4552;69424
1200;20:17:18.976;enp0s25;14124;360175
1201;20:17:19.985;enp0s25;19120;604995
1202;20:17:20.998;enp0s25;14546;319715
1203;20:17:22.007;enp0s25;3934;82456
1204;20:17:23.015;enp0s25;4362;82766
1205;20:17:24.029;enp0s25;8738;160114
1206;20:17:25.046;enp0s25;10540;281617
1207;20:17:26.066;enp0s25;6142;146399
1208;20:17:27.082;enp0s25;16618;662156
1209;20:17:28.091;enp0s25;11140;309631
1210;20:17:29.099;enp0s25;7520;143294
1211;20:17:30.112;enp0s25;7610;129397
1212;20:17:31.123;enp0s25;8128;105690
1213;20:17:32.138;enp0s25;3014;27413
1214;20:17:33.154;enp0s25;3448;95168
1215;20:17:34.169;enp0s25;3254;86416
1216;20:17:35.182;enp0s25;1552;50127
1217;20:17:36.193;enp0s25;22264;1006257
1218;20:17:37.203;enp0s25;13950;492877
1219;20:17:38.219;enp0s25;4104;177513
1220;20:17:39.232;enp0s25;12968;495934
1221;20:17:40.247;enp0s25;5900;256589
1222;20:17:41.257;enp0s25;12728;587128
1223;20:17:42.273;enp0s25;21226;1022615
1224;20:17:43.286;enp0s25;4564;207065
1225;20:17:44.300;enp0s25;10388;499486
1226;20:17:45.312;enp0s25;19346;796099
1227;20:17:46.320;enp0s25;6214;293603
1228;20:17:47.335;enp0s25;19224;905028
1229;20:17:48.347;enp0s25;14422;684166
1230;20:17:49.357;enp0s25;30894;1359904
1231;20:17:50.368;enp0s25;6264;129354
1232;20:17:51.383;enp0s25;6688;203938
1233;20:17:52.392;enp0s25;4866;106138
1234;20:17:53.403;enp0s25;708;12829
1235;20:17:54.421;enp0s25;4634;73225
1236;20:17:55.438;enp0s25;6666;184869
1237;20:17:56.447;enp0s25;8174;202045
1238;20:17:57.460;enp0s25;5404;178343
1239;20:17:58.471;enp0s25;2840;45630
1240;20:17:59.486;enp0s25;15956;506429
1241;20:18:00.493;enp0s25;7660;271182
1242;20:18:01.504;enp0s25;6440;268037
1243;20:18:02.512;enp0s25;8226;182228
1244;20:18:03.523;enp0s25;3718;49867
1245;20:18:04.533;enp0s25;8336;143130
1246;20:18:05.539;enp0s25;10362;199643
1247;20:18:06.549;enp0s25;2772;42141
1248;20:18:07.559;enp0s25;21002;693349
1249;20:18:08.567;enp0s25;4710;116744
1250;20:18:09.577;enp0s25;3450;79044
1251;20:18:10.588;enp0s25;3440;83297
1252;20:18:11.599;enp0s25;2912;60554
1253;20:18:12.614;enp0s25;31796;1467366
1254;20:18:13.631;enp0s25;1770;41947
1255;20:18:14.641;enp0s25;41508;1998239
1256;20:18:15.651;enp0s25;22826;1135894
1257;20:18:16.659;enp0s25;26468;1316339
1258;20:18:17.675;enp0s25;23604;1039877
1259;20:18:18.685;enp0s25;14208;411862
1260;20:18:19.694;enp0s25;8758;202219
1261;20:18:20.708;enp0s25;3568;58531
1262;20:18:21.719;enp0s25;1858;64961
1263;20:18:22.735;enp0s25;11000;547676
1264;20:18:23.744;enp0s25;35930;1560022
1265;20:18:24.757;enp0s25;3816;74859
1266;20:18:25.772;enp0s25;4202;94356
1267;20:18:26.783;enp0s25;2132;67053
1268;20:18:27.795;enp0s25;782;16831
1269;20:18:28.805;enp0s25;666;8113
1270;20:18:29.818;enp0s25;8020;237268
1271;20:18:30.829;enp0s25;3972;91487
1272;20:18:31.837;enp0s25;2682;35587
1273;20:18:32.847;enp0s25;1426;14940
1274;20:18:33.858;enp0s25;13364;323923
1275;20:18:34.871;enp0s25;17792;623169
1276;20:18:35.892;enp0s25;1032;27473
1277;20:18:36.907;enp0s25;8202;85720
1278;20:18:37.924;enp0s25;26170;924732
1279;20:18:38.939;enp0s25;3424;52748
1280;20:18:39.953;enp0s25;112990;5728970
1281;20:18:40.963;enp0s25;11104;743432
1282;20:18:41.971;enp0s25;7188;136826
1283;20:18:42.987;enp0s25;6530;105140
1284;20:18:43.999;enp0s25;9676;231638
1285;20:18:45.006;enp0s25;1460;29025
1286;20:18:46.018;enp0s25;3746;56162
1287;20:18:47.030;enp0s25;43122;2111065
1288;20:18:48.043;enp0s25;24590;999909
1289;20:18:49.052;enp0s25;5778;127868
1290;20:18:50.060;enp0s25;0;0
1291;20:18:51.066;enp0s25;0;64
1292;20:18:52.073;enp0s25;0;0
1293;20:18:53.080;enp0s25;0;64
1294;20:18:54.086;enp0s25;64;64
1295;20:18:55.093;enp0s25;0;64
1296;20:18:56.100;enp0s25;0;0
1297;20:18:57.107;enp0s25;0;64
1298;20:18:58.114;enp0s25;0;107
1299;20:18:59.121;enp0s25;0;257
1300;20:19:00.128;enp0s25;0;0
1301;20:19:01.135;enp0s25;0;64
1302;20:19:02.142;enp0s25;0;0
1303;20:19:03.148;enp0s25;0;64
1304;20:19:04.155;enp0s25;64;64
1305;20:19:05.161;enp0s25;0;64
1306;20:19:06.168;enp0s25;0;0
1307;20:19:07.175;enp0s25;0;64
1308;20:19:08.182;enp0s25;0;0
1309;20:19:09.188;enp0s25;0;64
1310;20:19:10.195;enp0s25;0;0
1311;20:19:11.201;enp0s25;0;64
1312;20:19:12.208;enp0s25;128;236
1313;20:19:13.215;enp0s25;0;64
1314;20:19:14.222;enp0s25;0;0
1315;20:19:15.229;enp0s25;64;128
1316;20:19:16.235;enp0s25;0;0
1317;20:19:17.242;enp0s25;0;64
1318;20:19:18.249;enp0s25;0;0
1319;20:19:19.256;enp0s25;0;64
1320;20:19:20.262;enp0s25;0;0
1321;20:19:21.269;enp0s25;0;64
1322;20:19:22.276;enp0s25;0;0
1323;20:19:23.282;enp0s25;0;64
1324;20:19:24.291;enp0s25;0;0
1325;20:19:25.300;enp0s25;0;64
1326;20:19:26.307;enp0s25;64;64
1327;20:19:27.314;enp0s25;0;64
1328;20:19:28.324;enp0s25;0;107
1329;20:19:29.331;enp0s25;0;171
1330;20:19:30.338;enp0s25;0;0
1331;20:19:31.345;enp0s25;0;64
1332;20:19:32.351;enp0s25;0;0
1333;20:19:33.359;enp0s25;0;64
1334;20:19:34.366;enp0s25;0;0
1335;20:19:35.374;enp0s25;0;2380
1336;20:19:36.380;enp0s25;0;2808
1337;20:19:37.391;enp0s25;64;888
1338;20:19:38.398;enp0s25;0;1150
1339;20:19:39.406;enp0s25;0;568
1340;20:19:40.413;enp0s25;0;394
1341;20:19:41.422;enp0s25;0;64
1342;20:19:42.430;enp0s25;0;258
1343;20:19:43.438;enp0s25;0;64
1344;20:19:44.446;enp0s25;0;0
1345;20:19:45.455;enp0s25;0;64
1346;20:19:46.466;enp0s25;0;0
1347;20:19:47.476;enp0s25;0;64
1348;20:19:48.485;enp0s25;64;64
1349;20:19:49.492;enp0s25;0;64
1350;20:19:50.502;enp0s25;0;0
1351;20:19:51.508;enp0s25;0;64
1352;20:19:52.515;enp0s25;0;0
1353;20:19:53.522;enp0s25;0;64
1354;20:19:54.529;enp0s25;0;64
1355;20:19:55.535;enp0s25;0;0
1356;20:19:56.542;enp0s25;0;64
1357;20:19:57.549;enp0s25;0;0
1358;20:19:58.555;enp0s25;0;64
1359;20:19:59.562;enp0s25;64;171
1360;20:20:00.568;enp0s25;0;171
1361;20:20:01.575;enp0s25;0;0
1362;20:20:02.581;enp0s25;0;64
1363;20:20:03.588;enp0s25;0;0
1364;20:20:04.595;enp0s25;0;64
1365;20:20:05.601;enp0s25;0;0
1366;20:20:06.608;enp0s25;0;64
1367;20:20:07.615;enp0s25;0;0
1368;20:20:08.622;enp0s25;0;64
1369;20:20:09.629;enp0s25;0;0
1370;20:20:10.636;enp0s25;64;128
1371;20:20:11.643;enp0s25;0;0
1372;20:20:12.650;enp0s25;0;236
1373;20:20:13.657;enp0s25;0;0
1374;20:20:14.663;enp0s25;0;64
1375;20:20:15.670;enp0s25;0;0
1376;20:20:16.677;enp0s25;0;2712
1377;20:20:17.683;enp0s25;0;2476
1378;20:20:18.690;enp0s25;0;824
1379;20:20:19.697;enp0s25;0;1150
1380;20:20:20.703;enp0s25;0;568
1381;20:20:21.710;enp0s25;64;64
1382;20:20:22.717;enp0s25;0;1214
1383;20:20:23.724;enp0s25;0;0
1384;20:20:24.730;enp0s25;0;64
1385;20:20:25.737;enp0s25;0;0
1386;20:20:26.744;enp0s25;0;150
1387;20:20:27.750;enp0s25;0;0
1388;20:20:28.757;enp0s25;0;64
1389;20:20:29.763;enp0s25;0;504
1390;20:20:30.770;enp0s25;0;171
1391;20:20:31.777;enp0s25;0;107
1392;20:20:32.783;enp0s25;64;128
1393;20:20:33.790;enp0s25;0;0
1394;20:20:34.796;enp0s25;0;64
1395;20:20:35.803;enp0s25;0;0
1396;20:20:36.810;enp0s25;0;64
1397;20:20:37.816;enp0s25;0;0
1398;20:20:38.823;enp0s25;0;64
1399;20:20:39.830;enp0s25;0;0
1400;20:20:40.836;enp0s25;0;64
1401;20:20:41.843;enp0s25;0;86
1402;20:20:42.850;enp0s25;0;150
1403;20:20:43.856;enp0s25;64;64
1404;20:20:44.863;enp0s25;0;64
1405;20:20:45.869;enp0s25;0;0
1406;20:20:46.876;enp0s25;0;64
1407;20:20:47.882;enp0s25;0;0
1408;20:20:48.890;enp0s25;0;64
1409;20:20:49.896;enp0s25;0;0
1410;20:20:50.903;enp0s25;0;64
1411;20:20:51.909;enp0s25;0;0
1412;20:20:52.916;enp0s25;0;64
1413;20:20:53.923;enp0s25;0;0
1414;20:20:54.929;enp0s25;64;128
1415;20:20:55.936;enp0s25;0;0
1416;20:20:56.942;enp0s25;0;568
1417;20:20:57.949;enp0s25;0;0
1418;20:20:58.955;enp0s25;0;64
1419;20:20:59.962;enp0s25;0;0
1420;20:21:00.968;enp0s25;0;64
1421;20:21:01.975;enp0s25;0;107
1422;20:21:02.982;enp0s25;0;171
1423;20:21:03.988;enp0s25;0;0
1424;20:21:04.995;enp0s25;0;64
1425;20:21:06.002;enp0s25;64;64
1426;20:21:07.009;enp0s25;0;64
1427;20:21:08.016;enp0s25;0;0
1428;20:21:09.023;enp0s25;0;64
1429;20:21:10.030;enp0s25;0;86
1430;20:21:11.036;enp0s25;0;64
1431;20:21:12.043;enp0s25;0;172
1432;20:21:13.050;enp0s25;0;64
1433;20:21:14.057;enp0s25;0;0
1434;20:21:15.063;enp0s25;0;64
1435;20:21:16.070;enp0s25;0;0
1436;20:21:17.077;enp0s25;64;128
1437;20:21:18.084;enp0s25;0;0
1438;20:21:19.091;enp0s25;0;64
1439;20:21:20.098;enp0s25;0;0
1440;20:21:21.104;enp0s25;0;64
1441;20:21:22.111;enp0s25;0;0
1442;20:21:23.118;enp0s25;306;826
1443;20:21:24.124;enp0s25;11034;4900
1444;20:21:25.131;enp0s25;0;64
1445;20:21:26.138;enp0s25;0;256
1446;20:21:27.145;enp0s25;0;64
1447;20:21:28.152;enp0s25;64;64
1448;20:21:29.158;enp0s25;0;64
1449;20:21:30.166;enp0s25;0;0
1450;20:21:31.173;enp0s25;0;64
1451;20:21:32.179;enp0s25;0;107
1452;20:21:33.186;enp0s25;0;171
1453;20:21:34.193;enp0s25;809;5466
1454;20:21:35.200;enp0s25;0;64
1455;20:21:36.207;enp0s25;0;0
1456;20:21:37.213;enp0s25;0;64
1457;20:21:38.220;enp0s25;0;0
1458;20:21:39.227;enp0s25;64;128
1459;20:21:40.234;enp0s25;0;0
1460;20:21:41.240;enp0s25;12874;25194
1461;20:21:42.247;enp0s25;0;172
1462;20:21:43.254;enp0s25;14461;126146
1463;20:21:44.261;enp0s25;139951;3426162
1464;20:21:45.267;enp0s25;72342;7084386
1465;20:21:46.274;enp0s25;122711;3482214
1466;20:21:47.281;enp0s25;58909;1801992
1467;20:21:48.288;enp0s25;65391;646190
1468;20:21:49.295;enp0s25;48386;897399
1469;20:21:50.303;enp0s25;64747;972447
1470;20:21:51.311;enp0s25;26355;150109
1471;20:21:52.318;enp0s25;41758;601573
1472;20:21:53.325;enp0s25;38181;341520
1473;20:21:54.331;enp0s25;41044;588122
1474;20:21:55.339;enp0s25;62559;995754
1475;20:21:56.346;enp0s25;47972;912879
1476;20:21:57.353;enp0s25;44720;956153
1477;20:21:58.360;enp0s25;71163;1000331
1478;20:21:59.367;enp0s25;18686;163635
1479;20:22:00.374;enp0s25;16064;171927
1480;20:22:01.381;enp0s25;29144;342151
1481;20:22:02.387;enp0s25;33648;317352
1482;20:22:03.394;enp0s25;44861;505737
1483;20:22:04.401;enp0s25;30326;483579
1484;20:22:05.408;enp0s25;88032;1972030
1485;20:22:06.415;enp0s25;50526;845411
1486;20:22:07.422;enp0s25;40108;681323
1487;20:22:08.429;enp0s25;55316;503219
1488;20:22:09.435;enp0s25;30263;222444
1489;20:22:10.442;enp0s25;44452;429753
1490;20:22:11.449;enp0s25;38847;328573
1491;20:22:12.456;enp0s25;30077;218975
1492;20:22:13.463;enp0s25;43374;686840
1493;20:22:14.470;enp0s25;53190;772460
1494;20:22:15.477;enp0s25;61697;1206664
1495;20:22:16.484;enp0s25;34411;605136
1496;20:22:17.491;enp0s25;57817;1038437
1497;20:22:18.498;enp0s25;45829;815463
1498;20:22:19.505;enp0s25;37157;1425651
1499;20:22:20.512;enp0s25;77609;3938181
1500;20:22:21.521;enp0s25;37145;1001845
1501;20:22:22.528;enp0s25;36580;416964
1502;20:22:23.536;enp0s25;64125;2471748
1503;20:22:24.543;enp0s25;512;15017
1504;20:22:25.554;enp0s25;0;394
1505;20:22:26.561;enp0s25;0;64
1506;20:22:27.567;enp0s25;0;0
1507;20:22:28.574;enp0s25;0;64
1508;20:22:29.582;enp0s25;0;0
1509;20:22:30.588;enp0s25;0;64
1510;20:22:31.595;enp0s25;0;0
1511;20:22:32.610;enp0s25;0;64
1512;20:22:33.617;enp0s25;3455;11295
1513;20:22:34.629;enp0s25;121930;3714955
1514;20:22:35.637;enp0s25;0;107
1515;20:22:36.643;enp0s25;1920;1024
1516;20:22:37.650;enp0s25;8613;193013
1517;20:22:38.656;enp0s25;45432;806543
1518;20:22:39.663;enp0s25;43878;829249
1519;20:22:40.669;enp0s25;20292;354696
1520;20:22:41.683;enp0s25;16958;273310
1521;20:22:42.697;enp0s25;24040;143568
1522;20:22:43.706;enp0s25;62108;1140604
1523;20:22:44.713;enp0s25;2556;1158
1524;20:22:45.723;enp0s25;6685;279538
1525;20:22:46.734;enp0s25;70166;2296112
1526;20:22:47.749;enp0s25;93160;2218360
1527;20:22:48.765;enp0s25;11596;137059
1528;20:22:49.775;enp0s25;201874;4598195
1529;20:22:50.785;enp0s25;14920;414467
1530;20:22:51.802;enp0s25;192;8463
1531;20:22:52.816;enp0s25;2316;95611
1532;20:22:53.825;enp0s25;3466;20901
1533;20:22:54.833;enp0s25;79550;2095786
1534;20:22:55.841;enp0s25;29092;518914
1535;20:22:56.848;enp0s25;105994;2702743
1536;20:22:57.855;enp0s25;512;11767
1537;20:22:58.862;enp0s25;1920;1024
1538;20:22:59.868;enp0s25;67627;1416724
1539;20:23:00.876;enp0s25;32806;845136
1540;20:23:01.883;enp0s25;75072;2142224
1541;20:23:02.890;enp0s25;11610;260922
1542;20:23:03.901;enp0s25;9742;202060
1543;20:23:04.917;enp0s25;15564;312457
1544;20:23:05.925;enp0s25;21894;392058
1545;20:23:06.940;enp0s25;41988;845531
1546;20:23:07.951;enp0s25;9590;138431
1547;20:23:08.960;enp0s25;39645;734047
1548;20:23:09.969;enp0s25;7488;210589
1549;20:23:10.979;enp0s25;105209;1522255
1550;20:23:11.991;enp0s25;70652;1663751
1551;20:23:12.998;enp0s25;0;236
1552;20:23:14.005;enp0s25;0;0
1553;20:23:15.012;enp0s25;1920;1024
1554;20:23:16.019;enp0s25;0;0
1555;20:23:17.026;enp0s25;0;64
1556;20:23:18.032;enp0s25;64;64
1557;20:23:19.039;enp0s25;0;64
1558;20:23:20.046;enp0s25;0;86
1559;20:23:21.053;enp0s25;0;64
1560;20:23:22.060;enp0s25;0;0
1561;20:23:23.066;enp0s25;0;64
1562;20:23:24.073;enp0s25;0;0
1563;20:23:25.080;enp0s25;0;64
1564;20:23:26.087;enp0s25;0;0
1565;20:23:27.094;enp0s25;0;64
1566;20:23:28.101;enp0s25;0;0
1567;20:23:29.108;enp0s25;64;128
1568;20:23:30.115;enp0s25;0;0
1569;20:23:31.122;enp0s25;0;64
1570;20:23:32.129;enp0s25;0;0
1571;20:23:33.136;enp0s25;0;64
1572;20:23:34.143;enp0s25;0;0
1573;20:23:35.150;enp0s25;0;64
1574;20:23:36.156;enp0s25;0;107
1575;20:23:37.164;enp0s25;0;171
1576;20:23:38.171;enp0s25;0;0
1577;20:23:39.178;enp0s25;0;64
1578;20:23:40.185;enp0s25;64;64
1579;20:23:41.194;enp0s25;1592;3446
1580;20:23:42.201;enp0s25;0;0
1581;20:23:43.208;enp0s25;0;236
1582;20:23:44.216;enp0s25;897;328
1583;20:23:45.223;enp0s25;10554;224671
1584;20:23:46.230;enp0s25;3271;5420
1585;20:23:47.236;enp0s25;20315;410157
1586;20:23:48.243;enp0s25;7925;109885
1587;20:23:49.250;enp0s25;7618;224598
1588;20:23:50.257;enp0s25;0;0
1589;20:23:51.263;enp0s25;64;128
1590;20:23:52.271;enp0s25;0;0
1591;20:23:53.281;enp0s25;0;64
1592;20:23:54.288;enp0s25;0;0
1593;20:23:55.295;enp0s25;0;64
1594;20:23:56.302;enp0s25;0;0
1595;20:23:57.308;enp0s25;0;64
1596;20:23:58.315;enp0s25;140;171
1597;20:23:59.322;enp0s25;6547;124413
1598;20:24:00.328;enp0s25;80820;2695150
1599;20:24:01.336;enp0s25;58068;2073385
1600;20:24:02.343;enp0s25;18404;457937
1601;20:24:03.350;enp0s25;0;150
1602;20:24:04.361;enp0s25;0;0
1603;20:24:05.370;enp0s25;0;64
1604;20:24:06.378;enp0s25;0;0
1605;20:24:07.386;enp0s25;0;171
1606;20:24:08.394;enp0s25;0;107
1607;20:24:09.401;enp0s25;0;64
1608;20:24:10.408;enp0s25;0;0
1609;20:24:11.419;enp0s25;0;64
1610;20:24:12.426;enp0s25;64;64
1611;20:24:13.434;enp0s25;0;236
1612;20:24:14.440;enp0s25;41106;1370015
1613;20:24:15.447;enp0s25;0;64
1614;20:24:16.454;enp0s25;0;0
1615;20:24:17.461;enp0s25;0;64
1616;20:24:18.469;enp0s25;0;0
1617;20:24:19.476;enp0s25;0;64
1618;20:24:20.483;enp0s25;39770;1269480
1619;20:24:21.491;enp0s25;67072;3213670
1620;20:24:22.499;enp0s25;40832;1935351
1621;20:24:23.513;enp0s25;192;192
1622;20:24:24.520;enp0s25;0;0
1623;20:24:25.527;enp0s25;0;0
1624;20:24:26.534;enp0s25;0;64
1625;20:24:27.541;enp0s25;11683;325292
1626;20:24:28.549;enp0s25;0;64
1627;20:24:29.557;enp0s25;0;0
1628;20:24:30.563;enp0s25;0;64
1629;20:24:31.576;enp0s25;0;0
1630;20:24:32.583;enp0s25;9947;254781
1631;20:24:33.598;enp0s25;81984;1664802
1632;20:24:34.615;enp0s25;86656;2426410
1633;20:24:35.624;enp0s25;11226;260261
1634;20:24:36.639;enp0s25;8826;237585
1635;20:24:37.654;enp0s25;1500;27676
1636;20:24:38.663;enp0s25;29004;453596
1637;20:24:39.675;enp0s25;26724;634039
1638;20:24:40.692;enp0s25;16788;396848
1639;20:24:41.708;enp0s25;5514;72219
1640;20:24:42.724;enp0s25;12318;172308
1641;20:24:43.734;enp0s25;2679;16798
1642;20:24:44.741;enp0s25;0;64
1643;20:24:45.747;enp0s25;64;64
1644;20:24:46.754;enp0s25;1920;1110
1645;20:24:47.761;enp0s25;0;0
1646;20:24:48.768;enp0s25;0;64
1647;20:24:49.777;enp0s25;4759;22321
1648;20:24:50.785;enp0s25;148;142
1649;20:24:51.793;enp0s25;3424;27787
1650;20:24:52.800;enp0s25;148;142
1651;20:24:53.807;enp0s25;19574;298301
1652;20:24:54.814;enp0s25;2327;38576
1653;20:24:55.821;enp0s25;9109;128738
1654;20:24:56.828;enp0s25;57584;1407794
1655;20:24:57.835;enp0s25;20163;303411
1656;20:24:58.842;enp0s25;21196;334679
1657;20:24:59.852;enp0s25;71984;2153570
1658;20:25:00.859;enp0s25;34889;799582
1659;20:25:01.867;enp0s25;4439;68542
1660;20:25:02.875;enp0s25;7410;85628
1661;20:25:03.882;enp0s25;34744;645268
1662;20:25:04.893;enp0s25;20739;630078
1663;20:25:05.902;enp0s25;2744;12777
1664;20:25:06.916;enp0s25;6864;68571
1665;20:25:07.924;enp0s25;8278;103752
1666;20:25:08.933;enp0s25;3083;22548
1667;20:25:09.946;enp0s25;31213;618193
1668;20:25:10.955;enp0s25;0;171
1669;20:25:11.964;enp0s25;420;475
1670;20:25:12.970;enp0s25;7011;92417
1671;20:25:13.983;enp0s25;1645;13343
1672;20:25:14.993;enp0s25;3720;32941
1673;20:25:16.001;enp0s25;14319;212911
1674;20:25:17.014;enp0s25;86660;2826110
1675;20:25:18.023;enp0s25;4338;23609
1676;20:25:19.031;enp0s25;26104;595675
1677;20:25:20.042;enp0s25;2597;11344
1678;20:25:21.049;enp0s25;3071;16353
1679;20:25:22.059;enp0s25;13331;160965
1680;20:25:23.068;enp0s25;12198;250904
1681;20:25:24.076;enp0s25;5061;35118
1682;20:25:25.082;enp0s25;2252;5228
1683;20:25:26.097;enp0s25;10404;112823
1684;20:25:27.105;enp0s25;2613;10650
1685;20:25:28.113;enp0s25;65316;1596550
1686;20:25:29.122;enp0s25;15982;540257
1687;20:25:30.129;enp0s25;484;625
1688;20:25:31.138;enp0s25;26270;569861
1689;20:25:32.145;enp0s25;0;0
1690;20:25:33.152;enp0s25;2326;6654
1691;20:25:34.164;enp0s25;2519;10753
1692;20:25:35.172;enp0s25;6942;82093
1693;20:25:36.179;enp0s25;2362;5244
1694;20:25:37.188;enp0s25;3234;23796
1695;20:25:38.195;enp0s25;11914;154761
1696;20:25:39.202;enp0s25;420;539
1697;20:25:40.209;enp0s25;2014;4876
1698;20:25:41.217;enp0s25;3760;46510
1699;20:25:42.224;enp0s25;498;475
1700;20:25:43.233;enp0s25;5809;68060
1701;20:25:44.241;enp0s25;0;172
1702;20:25:45.249;enp0s25;2603;8110
1703;20:25:46.256;enp0s25;2660;14878
1704;20:25:47.264;enp0s25;6535;69003
1705;20:25:48.271;enp0s25;3094;6786
1706;20:25:49.280;enp0s25;3265;46660
1707;20:25:50.287;enp0s25;5194;33664
1708;20:25:51.298;enp0s25;4969;56462
1709;20:25:52.305;enp0s25;21612;413296
1710;20:25:53.312;enp0s25;0;64
1711;20:25:54.319;enp0s25;3769;18003
1712;20:25:55.333;enp0s25;7156;108667
1713;20:25:56.344;enp0s25;10518;133455
1714;20:25:57.351;enp0s25;2882;17301
1715;20:25:58.358;enp0s25;3219;26115
1716;20:25:59.366;enp0s25;24206;386554
1717;20:26:00.378;enp0s25;420;475
1718;20:26:01.386;enp0s25;7690;83857
1719;20:26:02.395;enp0s25;2175;4520
1720;20:26:03.406;enp0s25;16448;324327
1721;20:26:04.418;enp0s25;420;475
1722;20:26:05.429;enp0s25;5488;37915
1723;20:26:06.438;enp0s25;4613;44079
1724;20:26:07.445;enp0s25;15686;290296
1725;20:26:08.452;enp0s25;420;475
1726;20:26:09.459;enp0s25;5118;27492
1727;20:26:10.467;enp0s25;2018;4847
1728;20:26:11.475;enp0s25;130997;3950976
1729;20:26:12.482;enp0s25;65380;2644909
1730;20:26:13.489;enp0s25;0;150
1731;20:26:14.496;enp0s25;64;236
1732;20:26:15.503;enp0s25;2214;4584
1733;20:26:16.514;enp0s25;3577;34488
1734;20:26:17.522;enp0s25;11916;159117
1735;20:26:18.529;enp0s25;2249;4584
1736;20:26:19.538;enp0s25;116822;3230362
1737;20:26:20.547;enp0s25;50642;1778265
1738;20:26:21.554;enp0s25;19728;330025
1739;20:26:22.564;enp0s25;490;673
1740;20:26:23.571;enp0s25;5133;39938
1741;20:26:24.578;enp0s25;64;128
1742;20:26:25.585;enp0s25;3375;26756
1743;20:26:26.593;enp0s25;21870;336683
1744;20:26:27.600;enp0s25;420;475
1745;20:26:28.608;enp0s25;0;64
1746;20:26:29.615;enp0s25;0;0
1747;20:26:30.622;enp0s25;0;64
1748;20:26:31.630;enp0s25;12049;221137
1749;20:26:32.639;enp0s25;50719;1601649
1750;20:26:33.651;enp0s25;70;1878
1751;20:26:34.659;enp0s25;3507;26667
1752;20:26:35.670;enp0s25;14645;539784
1753;20:26:36.677;enp0s25;13650;576536
1754;20:26:37.684;enp0s25;14210;607704
1755;20:26:38.691;enp0s25;10990;467608
1756;20:26:39.698;enp0s25;11270;480838
1757;20:26:40.708;enp0s25;11130;473680
1758;20:26:41.719;enp0s25;11200;476652
1759;20:26:42.736;enp0s25;12880;551205
1760;20:26:43.749;enp0s25;13790;582067
1761;20:26:44.762;enp0s25;14000;598156
1762;20:26:45.770;enp0s25;12390;532818
1763;20:26:46.782;enp0s25;14904;630098
1764;20:26:47.794;enp0s25;13930;584430
1765;20:26:48.806;enp0s25;13860;592084
1766;20:26:49.819;enp0s25;14910;634524
1767;20:26:50.831;enp0s25;14910;634588
1768;20:26:51.845;enp0s25;11130;476652
1769;20:26:52.862;enp0s25;12110;510112
1770;20:26:53.871;enp0s25;13650;583159
1771;20:26:54.885;enp0s25;14910;634588
1772;20:26:55.896;enp0s25;11410;485760
1773;20:26:56.905;enp0s25;11550;485910
1774;20:26:57.918;enp0s25;11824;493414
1775;20:26:58.932;enp0s25;14070;601192
1776;20:26:59.946;enp0s25;14840;631488
1777;20:27:00.960;enp0s25;14910;634588
1778;20:27:01.971;enp0s25;22674;847108
1779;20:27:02.981;enp0s25;133336;3677088
1780;20:27:03.997;enp0s25;95902;3677148
1781;20:27:05.011;enp0s25;142498;5683526
1782;20:27:06.025;enp0s25;96644;4707318
1783;20:27:07.038;enp0s25;96690;5469418
1784;20:27:08.048;enp0s25;109374;5211294
1785;20:27:09.058;enp0s25;16322;252186
1786;20:27:10.065;enp0s25;0;0
1787;20:27:11.075;enp0s25;0;64
1788;20:27:12.082;enp0s25;0;0
1789;20:27:13.089;enp0s25;0;64
1790;20:27:14.096;enp0s25;0;279
1791;20:27:15.103;enp0s25;0;171
1792;20:27:16.110;enp0s25;0;0
1793;20:27:17.117;enp0s25;1191;5316
1794;20:27:18.123;enp0s25;694;1142
1795;20:27:19.131;enp0s25;0;64
1796;20:27:20.137;enp0s25;64;64
1797;20:27:21.144;enp0s25;0;64
1798;20:27:22.151;enp0s25;0;0
1799;20:27:23.164;enp0s25;0;64
1800;20:27:24.179;enp0s25;0;0
1801;20:27:25.189;enp0s25;0;64
1802;20:27:26.196;enp0s25;0;0
1803;20:27:27.203;enp0s25;0;64
1804;20:27:28.210;enp0s25;833;4153
1805;20:27:29.226;enp0s25;0;64
1806;20:27:30.235;enp0s25;0;0
1807;20:27:31.244;enp0s25;64;128
1808;20:27:32.253;enp0s25;0;0
1809;20:27:33.268;enp0s25;0;64
1810;20:27:34.284;enp0s25;2418;46204
1811;20:27:35.298;enp0s25;19600;467082
1812;20:27:36.311;enp0s25;17439;564218
1813;20:27:37.323;enp0s25;13370;567796
1814;20:27:38.333;enp0s25;13720;584430
1815;20:27:39.344;enp0s25;13160;564760
1816;20:27:40.361;enp0s25;9590;402356
1817;20:27:41.380;enp0s25;69020;2134372
1818;20:27:42.388;enp0s25;115434;5560498
1819;20:27:43.397;enp0s25;109024;5140012
1820;20:27:44.406;enp0s25;108956;5073435
1821;20:27:45.419;enp0s25;122850;5528727
1822;20:27:46.430;enp0s25;116410;5939934
1823;20:27:47.438;enp0s25;115973;5662439
1824;20:27:48.446;enp0s25;152040;7143708
1825;20:27:49.453;enp0s25;151690;7145290
1826;20:27:50.462;enp0s25;99144;4078866
1827;20:27:51.470;enp0s25;99467;4174564
1828;20:27:52.483;enp0s25;58808;2502253
1829;20:27:53.500;enp0s25;123548;5496806
1830;20:27:54.509;enp0s25;138677;6453362
1831;20:27:55.521;enp0s25;127019;5714183
1832;20:27:56.534;enp0s25;12406;231581
1833;20:27:57.545;enp0s25;26493;658534
1834;20:27:58.561;enp0s25;17504;630159
1835;20:27:59.577;enp0s25;17959;622726
1836;20:28:00.594;enp0s25;13677;262832
1837;20:28:01.610;enp0s25;22907;596597
1838;20:28:02.620;enp0s25;15260;640660
1839;20:28:03.633;enp0s25;14414;605746
1840;20:28:04.643;enp0s25;13300;567796
1841;20:28:05.657;enp0s25;15071;633006
1842;20:28:06.671;enp0s25;15164;640660
1843;20:28:07.683;enp0s25;15859;639078
1844;20:28:08.692;enp0s25;15486;569314
1845;20:28:09.709;enp0s25;14420;619344
1846;20:28:10.724;enp0s25;7478;308239
1847;20:28:11.733;enp0s25;0;0
1848;20:28:12.740;enp0s25;0;64
1849;20:28:13.747;enp0s25;0;0
1850;20:28:14.759;enp0s25;64;300
1851;20:28:15.766;enp0s25;0;107
1852;20:28:16.775;enp0s25;0;171
1853;20:28:17.782;enp0s25;0;0
1854;20:28:18.795;enp0s25;0;64
1855;20:28:19.803;enp0s25;0;0
1856;20:28:20.816;enp0s25;0;64
1857;20:28:21.825;enp0s25;0;0
1858;20:28:22.833;enp0s25;0;64
1859;20:28:23.845;enp0s25;0;0
1860;20:28:24.854;enp0s25;0;150
1861;20:28:25.865;enp0s25;64;64
1862;20:28:26.877;enp0s25;0;64
1863;20:28:27.886;enp0s25;0;0
1864;20:28:28.902;enp0s25;0;64
1865;20:28:29.909;enp0s25;0;0
1866;20:28:30.916;enp0s25;1358;15886
1867;20:28:31.932;enp0s25;17640;497449
1868;20:28:32.947;enp0s25;15470;607264
1869;20:28:33.963;enp0s25;14840;631488
1870;20:28:34.978;enp0s25;14770;631552
1871;20:28:35.990;enp0s25;14840;626934
1872;20:28:37.001;enp0s25;13854;578486
1873;20:28:38.014;enp0s25;13440;568414
1874;20:28:39.020;enp0s25;70;134
1875;20:28:40.027;enp0s25;0;0
1876;20:28:41.033;enp0s25;0;64
1877;20:28:42.040;enp0s25;0;0
1878;20:28:43.047;enp0s25;0;64
1879;20:28:44.054;enp0s25;0;0
1880;20:28:45.060;enp0s25;0;236
1881;20:28:46.067;enp0s25;18363;679050
1882;20:28:47.077;enp0s25;1738;60666
1883;20:28:48.089;enp0s25;2804;82850
1884;20:28:49.107;enp0s25;11756;458136
1885;20:28:50.120;enp0s25;3546;133981
1886;20:28:51.135;enp0s25;3900;117899
1887;20:28:52.149;enp0s25;6868;248520
1888;20:28:53.162;enp0s25;1240;35013
1889;20:28:54.176;enp0s25;22832;928209
1890;20:28:55.188;enp0s25;25582;947095
1891;20:28:56.201;enp0s25;2676;82926
1892;20:28:57.219;enp0s25;4140;131010
1893;20:28:58.233;enp0s25;4168;128818
1894;20:28:59.242;enp0s25;14030;463698
1895;20:29:00.255;enp0s25;20510;758462
1896;20:29:01.271;enp0s25;16842;640872
1897;20:29:02.283;enp0s25;0;0
1898;20:29:03.300;enp0s25;9800;367539
1899;20:29:04.315;enp0s25;1666;70178
1900;20:29:05.325;enp0s25;30370;1223953
1901;20:29:06.333;enp0s25;15498;667878
1902;20:29:07.349;enp0s25;7872;295131
1903;20:29:08.362;enp0s25;21360;705089
1904;20:29:09.372;enp0s25;28424;1222200
1905;20:29:10.385;enp0s25;38864;1734571
1906;20:29:11.395;enp0s25;18412;773196
1907;20:29:12.405;enp0s25;2494;54341
1908;20:29:13.412;enp0s25;780;17054
1909;20:29:14.425;enp0s25;30782;1373697
1910;20:29:15.436;enp0s25;26198;1160684
1911;20:29:16.443;enp0s25;27194;1091326
1912;20:29:17.456;enp0s25;26160;1170336
1913;20:29:18.467;enp0s25;25678;981585
1914;20:29:19.476;enp0s25;2648;44724
1915;20:29:20.492;enp0s25;2498;59065
1916;20:29:21.509;enp0s25;4380;69935
1917;20:29:22.526;enp0s25;12688;328609
1918;20:29:23.542;enp0s25;21756;736366
1919;20:29:24.550;enp0s25;8364;295172
1920;20:29:25.561;enp0s25;2418;69457
1921;20:29:26.575;enp0s25;24656;855039
1922;20:29:27.583;enp0s25;13348;404506
1923;20:29:28.592;enp0s25;15804;416732
1924;20:29:29.601;enp0s25;12468;400203
1925;20:29:30.614;enp0s25;24744;1058868
1926;20:29:31.630;enp0s25;13472;329165
1927;20:29:32.643;enp0s25;11330;341406
1928;20:29:33.651;enp0s25;18618;554577
1929;20:29:34.661;enp0s25;11602;278772
1930;20:29:35.672;enp0s25;30064;1165073
1931;20:29:36.683;enp0s25;22794;787996
1932;20:29:37.698;enp0s25;2554;38837
1933;20:29:38.714;enp0s25;17144;534093
1934;20:29:39.727;enp0s25;2332;21019
1935;20:29:40.735;enp0s25;8366;217043
1936;20:29:41.750;enp0s25;11856;356111
1937;20:29:42.766;enp0s25;39438;1881888
1938;20:29:43.775;enp0s25;16982;501840
1939;20:29:44.783;enp0s25;9494;268181
1940;20:29:45.799;enp0s25;6208;170807
1941;20:29:46.814;enp0s25;18842;772199
1942;20:29:47.822;enp0s25;15130;397016
1943;20:29:48.829;enp0s25;4528;124085
1944;20:29:49.840;enp0s25;9776;186851
1945;20:29:50.854;enp0s25;5250;151814
1946;20:29:51.872;enp0s25;11218;316025
1947;20:29:52.888;enp0s25;7472;262466
1948;20:29:53.898;enp0s25;12036;247673
1949;20:29:54.909;enp0s25;8216;226004
1950;20:29:55.917;enp0s25;958;25883
1951;20:29:56.934;enp0s25;2532;36229
1952;20:29:57.947;enp0s25;5460;96078
1953;20:29:58.965;enp0s25;1016;4957
1954;20:29:59.979;enp0s25;11292;210908
1955;20:30:00.993;enp0s25;5488;187578
1956;20:30:02.003;enp0s25;16406;559149
1957;20:30:03.014;enp0s25;7276;249455
1958;20:30:04.027;enp0s25;10244;262032
1959;20:30:05.043;enp0s25;5066;85900
1960;20:30:06.050;enp0s25;6636;126292
1961;20:30:07.062;enp0s25;8146;130078
1962;20:30:08.070;enp0s25;2446;33609
1963;20:30:09.079;enp0s25;8454;194965
1964;20:30:10.092;enp0s25;26262;1090326
1965;20:30:11.102;enp0s25;15326;662640
1966;20:30:12.118;enp0s25;1176;13217
1967;20:30:13.133;enp0s25;10704;469012
1968;20:30:14.145;enp0s25;34074;1571134
1969;20:30:15.155;enp0s25;40014;1760148
1970;20:30:16.163;enp0s25;50818;2354574
1971;20:30:17.174;enp0s25;8562;346282
1972;20:30:18.186;enp0s25;17922;628458
1973;20:30:19.202;enp0s25;8530;197980
1974;20:30:20.213;enp0s25;6418;165070
1975;20:30:21.224;enp0s25;2320;30412
1976;20:30:22.242;enp0s25;1090;16670
1977;20:30:23.258;enp0s25;1232;18080
1978;20:30:24.276;enp0s25;4994;93777
1979;20:30:25.292;enp0s25;6734;181706
1980;20:30:26.302;enp0s25;4522;138206
1981;20:30:27.309;enp0s25;5532;179622
1982;20:30:28.322;enp0s25;2258;44453
1983;20:30:29.339;enp0s25;5498;138048
1984;20:30:30.349;enp0s25;10330;361390
1985;20:30:31.363;enp0s25;12562;480746
1986;20:30:32.375;enp0s25;4488;108736
1987;20:30:33.384;enp0s25;3484;79443
1988;20:30:34.399;enp0s25;5068;93052
1989;20:30:35.412;enp0s25;1904;26276
1990;20:30:36.429;enp0s25;2190;43492
1991;20:30:37.443;enp0s25;3220;46741
1992;20:30:38.452;enp0s25;5692;120794
1993;20:30:39.464;enp0s25;2192;41721
1994;20:30:40.471;enp0s25;6006;79572
1995;20:30:41.485;enp0s25;5334;107473
1996;20:30:42.497;enp0s25;16634;590748
1997;20:30:43.508;enp0s25;5268;146521
1998;20:30:44.518;enp0s25;12308;302219
1999;20:30:45.526;enp0s25;31468;1501692
2000;20:30:46.540;enp0s25;6242;291067
2001;20:30:47.556;enp0s25;4162;187119
2002;20:30:48.570;enp0s25;29440;1455692
2003;20:30:49.582;enp0s25;2076;81285
2004;20:30:50.598;enp0s25;50328;2474367
2005;20:30:51.611;enp0s25;5610;213063
2006;20:30:52.620;enp0s25;6088;277401
2007;20:30:53.633;enp0s25;9884;457051
2008;20:30:54.646;enp0s25;6058;209184
2009;20:30:55.660;enp0s25;8698;229560
2010;20:30:56.667;enp0s25;3698;89529
2011;20:30:57.679;enp0s25;7590;194750
2012;20:30:58.691;enp0s25;3376;58469
2013;20:30:59.702;enp0s25;12736;490616
2014;20:31:00.717;enp0s25;29908;1445457
2015;20:31:01.730;enp0s25;7086;176082
2016;20:31:02.750;enp0s25;6508;151575
2017;20:31:03.766;enp0s25;15654;438885
2018;20:31:04.775;enp0s25;9370;157549
2019;20:31:05.786;enp0s25;17934;572734
2020;20:31:06.796;enp0s25;7106;253595
2021;20:31:07.805;enp0s25;3682;89264
2022;20:31:08.816;enp0s25;4740;35907
2023;20:31:09.833;enp0s25;25046;1001232
2024;20:31:10.842;enp0s25;40964;1792456
2025;20:31:11.854;enp0s25;60694;2500146
2026;20:31:12.863;enp0s25;45344;2210040
2027;20:31:13.871;enp0s25;6590;130933
2028;20:31:14.878;enp0s25;1760;37588
2029;20:31:15.893;enp0s25;7912;144744
2030;20:31:16.911;enp0s25;6614;159611
2031;20:31:17.926;enp0s25;4880;83929
2032;20:31:18.941;enp0s25;40620;1944918
2033;20:31:19.952;enp0s25;29356;1190395
2034;20:31:20.962;enp0s25;4346;103369
2035;20:31:21.969;enp0s25;64;171
2036;20:31:22.976;enp0s25;0;171
2037;20:31:23.983;enp0s25;0;0
2038;20:31:24.990;enp0s25;0;64
2039;20:31:25.997;enp0s25;0;0
2040;20:31:27.003;enp0s25;0;64
2041;20:31:28.010;enp0s25;0;0
2042;20:31:29.017;enp0s25;0;64
2043;20:31:30.023;enp0s25;0;0
2044;20:31:31.030;enp0s25;0;64
2045;20:31:32.037;enp0s25;0;0
2046;20:31:33.044;enp0s25;266;128
2047;20:31:34.050;enp0s25;0;0
2048;20:31:35.057;enp0s25;0;64
2049;20:31:36.064;enp0s25;0;0
2050;20:31:37.070;enp0s25;0;64
2051;20:31:38.077;enp0s25;0;0
2052;20:31:39.083;enp0s25;0;64
2053;20:31:40.090;enp0s25;128;64
2054;20:31:41.097;enp0s25;0;64
2055;20:31:42.103;enp0s25;0;0
2056;20:31:43.110;enp0s25;0;64
2057;20:31:44.117;enp0s25;64;64
2058;20:31:45.123;enp0s25;0;236
2059;20:31:46.130;enp0s25;0;0
2060;20:31:47.136;enp0s25;0;64
2061;20:31:48.143;enp0s25;0;0
2062;20:31:49.150;enp0s25;0;64
2063;20:31:50.156;enp0s25;0;0
2064;20:31:51.163;enp0s25;0;64
2065;20:31:52.169;enp0s25;0;0
2066;20:31:53.176;enp0s25;0;171
2067;20:31:54.182;enp0s25;0;107
2068;20:31:55.189;enp0s25;64;128
2069;20:31:56.196;enp0s25;0;0
2070;20:31:57.202;enp0s25;0;64
2071;20:31:58.209;enp0s25;0;0
2072;20:31:59.215;enp0s25;0;64
2073;20:32:00.222;enp0s25;0;0
2074;20:32:01.229;enp0s25;0;64
2075;20:32:02.235;enp0s25;0;86
2076;20:32:03.242;enp0s25;0;64
2077;20:32:04.248;enp0s25;0;0
2078;20:32:05.255;enp0s25;0;64
2079;20:32:06.261;enp0s25;64;64
2080;20:32:07.268;enp0s25;0;64
2081;20:32:08.275;enp0s25;0;0
2082;20:32:09.281;enp0s25;190;64
2083;20:32:10.288;enp0s25;0;0
2084;20:32:11.294;enp0s25;0;64
2085;20:32:12.301;enp0s25;0;0
2086;20:32:13.308;enp0s25;0;64
2087;20:32:14.314;enp0s25;0;0
2088;20:32:15.321;enp0s25;0;236
2089;20:32:16.328;enp0s25;0;0
2090;20:32:17.335;enp0s25;64;128
2091;20:32:18.341;enp0s25;0;0
2092;20:32:19.348;enp0s25;0;64
2093;20:32:20.354;enp0s25;0;0
2094;20:32:21.361;enp0s25;0;64
2095;20:32:22.367;enp0s25;0;0
2096;20:32:23.374;enp0s25;0;171
2097;20:32:24.381;enp0s25;0;107
2098;20:32:25.387;enp0s25;0;64
2099;20:32:26.394;enp0s25;0;0
2100;20:32:27.400;enp0s25;0;64
2101;20:32:28.407;enp0s25;64;64
2102;20:32:29.414;enp0s25;0;64
2103;20:32:30.421;enp0s25;0;0
2104;20:32:31.428;enp0s25;0;64
2105;20:32:32.434;enp0s25;0;0
2106;20:32:33.441;enp0s25;0;64
2107;20:32:34.447;enp0s25;0;0
2108;20:32:35.454;enp0s25;0;64
2109;20:32:36.461;enp0s25;0;0
2110;20:32:37.467;enp0s25;0;64
2111;20:32:38.474;enp0s25;0;0
2112;20:32:39.481;enp0s25;64;128
2113;20:32:40.488;enp0s25;0;0
2114;20:32:41.494;enp0s25;0;64
2115;20:32:42.501;enp0s25;0;0
2116;20:32:43.508;enp0s25;0;64
2117;20:32:44.514;enp0s25;0;0
2118;20:32:45.521;enp0s25;0;322
2119;20:32:46.528;enp0s25;0;0
2120;20:32:47.534;enp0s25;0;0
2121;20:32:48.541;enp0s25;0;64
2122;20:32:49.548;enp0s25;0;0
2123;20:32:50.555;enp0s25;64;128
2124;20:32:51.561;enp0s25;0;0
2125;20:32:52.568;enp0s25;0;64
2126;20:32:53.575;enp0s25;0;0
2127;20:32:54.582;enp0s25;0;171
2128;20:32:55.589;enp0s25;0;107
2129;20:32:56.595;enp0s25;0;64
2130;20:32:57.602;enp0s25;0;0
2131;20:32:58.608;enp0s25;0;64
2132;20:32:59.615;enp0s25;0;0
2133;20:33:00.622;enp0s25;0;64
2134;20:33:01.628;enp0s25;64;64
2135;20:33:02.635;enp0s25;0;64
2136;20:33:03.646;enp0s25;0;0
2137;20:33:04.652;enp0s25;0;64
2138;20:33:05.659;enp0s25;0;0
2139;20:33:06.666;enp0s25;0;64
2140;20:33:07.673;enp0s25;0;0
2141;20:33:08.682;enp0s25;0;64
2142;20:33:09.690;enp0s25;0;0
2143;20:33:10.697;enp0s25;0;64
2144;20:33:11.703;enp0s25;0;0
2145;20:33:12.710;enp0s25;64;128
2146;20:33:13.721;enp0s25;0;0
2147;20:33:14.727;enp0s25;0;64
2148;20:33:15.734;enp0s25;0;172
2149;20:33:16.741;enp0s25;0;64
2150;20:33:17.747;enp0s25;0;0
2151;20:33:18.754;enp0s25;0;64
2152;20:33:19.761;enp0s25;0;0
2153;20:33:20.767;enp0s25;0;64
2154;20:33:21.777;enp0s25;0;0
2155;20:33:22.784;enp0s25;0;64
2156;20:33:23.790;enp0s25;64;64
2157;20:33:24.797;enp0s25;0;64
2158;20:33:25.804;enp0s25;0;107
2159;20:33:26.810;enp0s25;0;171
2160;20:33:27.817;enp0s25;0;0
2161;20:33:28.823;enp0s25;0;150
2162;20:33:29.830;enp0s25;0;0
2163;20:33:30.837;enp0s25;0;2200
2164;20:33:31.843;enp0s25;0;2808
2165;20:33:32.850;enp0s25;0;824
2166;20:33:33.857;enp0s25;0;1150
2167;20:33:34.864;enp0s25;64;632
2168;20:33:35.870;enp0s25;0;0
2169;20:33:36.879;enp0s25;0;1214
2170;20:33:37.885;enp0s25;0;0
2171;20:33:38.892;enp0s25;0;64
2172;20:33:39.898;enp0s25;0;0
2173;20:33:40.907;enp0s25;0;64
2174;20:33:41.914;enp0s25;0;0
2175;20:33:42.921;enp0s25;0;64
2176;20:33:43.927;enp0s25;0;504
2177;20:33:44.934;enp0s25;0;64
2178;20:33:45.941;enp0s25;64;236
2179;20:33:46.947;enp0s25;0;64
2180;20:33:47.954;enp0s25;0;0
2181;20:33:48.961;enp0s25;0;64
2182;20:33:49.968;enp0s25;0;0
2183;20:33:50.975;enp0s25;0;64
2184;20:33:51.982;enp0s25;0;0
2185;20:33:52.989;enp0s25;306;826
2186;20:33:53.996;enp0s25;11034;4987
2187;20:33:55.003;enp0s25;0;64
2188;20:33:56.010;enp0s25;64;64
2189;20:33:57.017;enp0s25;0;171
2190;20:33:58.024;enp0s25;0;107
2191;20:33:59.031;enp0s25;0;64
2192;20:34:00.037;enp0s25;0;0
2193;20:34:01.044;enp0s25;0;64
2194;20:34:02.051;enp0s25;0;0
2195;20:34:03.059;enp0s25;0;64
2196;20:34:04.066;enp0s25;809;5130
2197;20:34:05.073;enp0s25;0;64
2198;20:34:06.080;enp0s25;0;0
2199;20:34:07.089;enp0s25;64;128
2200;20:34:08.096;enp0s25;0;0
2201;20:34:09.102;enp0s25;0;64
2202;20:34:10.109;enp0s25;0;0
2203;20:34:11.116;enp0s25;6084;24214
2204;20:34:12.123;enp0s25;0;0
2205;20:34:13.130;enp0s25;20591;113774
2206;20:34:14.137;enp0s25;142448;4234892
2207;20:34:15.145;enp0s25;108659;7165402
2208;20:34:16.152;enp0s25;172330;4243396
2209;20:34:17.160;enp0s25;36446;349394
2210;20:34:18.168;enp0s25;74142;1143473
2211;20:34:19.176;enp0s25;43715;695538
2212;20:34:20.184;enp0s25;44559;525987
2213;20:34:21.196;enp0s25;24744;138350
2214;20:34:22.203;enp0s25;37938;603806
2215;20:34:23.210;enp0s25;56444;629861
2216;20:34:24.217;enp0s25;35423;509142
2217;20:34:25.224;enp0s25;68541;1445952
2218;20:34:26.231;enp0s25;48548;663651
2219;20:34:27.237;enp0s25;37948;563381
2220;20:34:28.244;enp0s25;62856;1129970
2221;20:34:29.251;enp0s25;28202;177996
2222;20:34:30.257;enp0s25;20468;315188
2223;20:34:31.264;enp0s25;20846;257644
2224;20:34:32.271;enp0s25;14992;44175
2225;20:34:33.277;enp0s25;22429;99789
2226;20:34:34.284;enp0s25;38054;467051
2227;20:34:35.291;enp0s25;37903;640595
2228;20:34:36.298;enp0s25;141323;2647591
2229;20:34:37.305;enp0s25;46074;587463
2230;20:34:38.312;enp0s25;49855;526551
2231;20:34:39.319;enp0s25;36168;286797
2232;20:34:40.325;enp0s25;32022;269533
2233;20:34:41.332;enp0s25;53624;449523
2234;20:34:42.339;enp0s25;42645;380069
2235;20:34:43.348;enp0s25;33193;521622
2236;20:34:44.355;enp0s25;39871;548283
2237;20:34:45.361;enp0s25;58976;1589034
2238;20:34:46.369;enp0s25;41627;802856
2239;20:34:47.375;enp0s25;34440;710168
2240;20:34:48.382;enp0s25;67848;1444301
2241;20:34:49.389;enp0s25;34918;1241041
2242;20:34:50.396;enp0s25;80406;3625835
2243;20:34:51.403;enp0s25;55278;1030738
2244;20:34:52.410;enp0s25;36038;1210258
2245;20:34:53.417;enp0s25;20164;1510545
2246;20:34:54.424;enp0s25;0;0
2247;20:34:55.431;enp0s25;0;1214
2248;20:34:57.165;enp0s25;0;64
2249;20:34:58.179;enp0s25;0;1150
2250;20:34:59.189;enp0s25;0;171
2251;20:35:00.196;enp0s25;0;501
2252;20:35:01.204;enp0s25;0;64
2253;20:35:02.211;enp0s25;64;64
2254;20:35:03.221;enp0s25;0;64
2255;20:35:04.230;enp0s25;5071;49189
2256;20:35:05.238;enp0s25;135998;3677049
2257;20:35:06.246;enp0s25;0;0
2258;20:35:07.252;enp0s25;1920;1024
2259;20:35:08.260;enp0s25;1293;3223
2260;20:35:09.273;enp0s25;46460;962485
2261;20:35:10.287;enp0s25;51756;970700
2262;20:35:11.299;enp0s25;12804;207826
2263;20:35:12.308;enp0s25;22904;360063
2264;20:35:13.315;enp0s25;70934;896814
2265;20:35:14.322;enp0s25;9920;304575
2266;20:35:15.337;enp0s25;3219;4246
2267;20:35:16.353;enp0s25;42646;1307264
2268;20:35:17.362;enp0s25;64820;1910246
2269;20:35:18.369;enp0s25;77304;1640979
2270;20:35:19.379;enp0s25;216694;5111440
2271;20:35:20.389;enp0s25;45794;1048690
2272;20:35:21.401;enp0s25;33776;928746
2273;20:35:22.409;enp0s25;34354;641475
2274;20:35:23.417;enp0s25;76759;1710047
2275;20:35:24.423;enp0s25;25944;1002936
2276;20:35:25.430;enp0s25;0;64
2277;20:35:26.437;enp0s25;17161;415642
2278;20:35:27.444;enp0s25;173756;4011166
2279;20:35:28.451;enp0s25;11296;237407
2280;20:35:29.466;enp0s25;15718;323421
2281;20:35:30.480;enp0s25;23590;361036
2282;20:35:31.493;enp0s25;16906;400969
2283;20:35:32.502;enp0s25;25556;574394
2284;20:35:33.511;enp0s25;21457;244590
2285;20:35:34.518;enp0s25;31868;835641
2286;20:35:35.525;enp0s25;77659;1009412
2287;20:35:36.533;enp0s25;100030;2193894
2288;20:35:37.539;enp0s25;0;3980
2289;20:35:38.546;enp0s25;0;2336
2290;20:35:39.554;enp0s25;1920;1406
2291;20:35:40.560;enp0s25;0;1086
2292;20:35:41.567;enp0s25;0;864
2293;20:35:42.574;enp0s25;0;1086
2294;20:35:43.581;enp0s25;0;0
2295;20:35:44.588;enp0s25;0;64
2296;20:35:45.595;enp0s25;0;360
2297;20:35:46.601;enp0s25;64;694
2298;20:35:47.608;enp0s25;0;2098
2299;20:35:48.615;enp0s25;0;1826
2300;20:35:49.622;enp0s25;0;400
2301;20:35:50.628;enp0s25;0;464
2302;20:35:51.635;enp0s25;0;370
2303;20:35:52.642;enp0s25;0;434
2304;20:35:53.649;enp0s25;0;508
2305;20:35:54.655;enp0s25;0;64
2306;20:35:55.662;enp0s25;0;0
2307;20:35:56.669;enp0s25;0;64
2308;20:35:57.676;enp0s25;64;64
2309;20:35:58.683;enp0s25;0;64
2310;20:35:59.689;enp0s25;0;0
2311;20:36:00.696;enp0s25;0;171
2312;20:36:01.702;enp0s25;0;107
2313;20:36:02.709;enp0s25;0;64
2314;20:36:03.715;enp0s25;0;0
2315;20:36:04.722;enp0s25;0;64
2316;20:36:05.729;enp0s25;1592;3254
2317;20:36:06.735;enp0s25;0;192
2318;20:36:07.742;enp0s25;0;0
2319;20:36:08.750;enp0s25;64;128
2320;20:36:09.757;enp0s25;10152;221313
2321;20:36:10.764;enp0s25;2090;4864
2322;20:36:11.771;enp0s25;2599;5266
2323;20:36:12.778;enp0s25;22422;463441
2324;20:36:13.786;enp0s25;13507;280428
2325;20:36:14.793;enp0s25;624;478
2326;20:36:15.799;enp0s25;0;0
2327;20:36:16.806;enp0s25;0;236
2328;20:36:17.813;enp0s25;0;0
2329;20:36:18.819;enp0s25;0;64
2330;20:36:19.826;enp0s25;64;64
2331;20:36:20.833;enp0s25;0;64
2332;20:36:21.840;enp0s25;0;0
2333;20:36:22.847;enp0s25;210;235
2334;20:36:23.853;enp0s25;0;86
2335;20:36:24.861;enp0s25;43757;1032877
2336;20:36:25.869;enp0s25;115913;3841216
2337;20:36:26.875;enp0s25;17965;461804
2338;20:36:27.884;enp0s25;0;0
2339;20:36:28.894;enp0s25;0;64
2340;20:36:29.902;enp0s25;0;0
2341;20:36:30.912;enp0s25;64;128
2342;20:36:31.920;enp0s25;0;107
2343;20:36:32.928;enp0s25;0;171
2344;20:36:33.939;enp0s25;0;0
2345;20:36:34.950;enp0s25;0;64
2346;20:36:35.956;enp0s25;0;0
2347;20:36:36.963;enp0s25;0;64
2348;20:36:37.970;enp0s25;0;0
2349;20:36:38.976;enp0s25;40850;1372055
2350;20:36:39.983;enp0s25;0;3148
2351;20:36:40.990;enp0s25;0;824
2352;20:36:41.996;enp0s25;64;1214
2353;20:36:43.004;enp0s25;0;568
2354;20:36:44.011;enp0s25;0;0
2355;20:36:45.019;enp0s25;2010;47186
2356;20:36:46.029;enp0s25;136320;6386127
2357;20:36:47.040;enp0s25;64;694
2358;20:36:48.047;enp0s25;0;0
2359;20:36:49.054;enp0s25;0;64
2360;20:36:50.061;enp0s25;0;0
2361;20:36:51.067;enp0s25;10983;325286
2362;20:36:52.074;enp0s25;70;70
2363;20:36:53.081;enp0s25;64;128
2364;20:36:54.088;enp0s25;0;0
2365;20:36:55.095;enp0s25;0;64
2366;20:36:56.102;enp0s25;1453;3915
2367;20:36:57.116;enp0s25;91062;2046745
2368;20:36:58.131;enp0s25;96664;2439992
2369;20:36:59.145;enp0s25;11354;217283
2370;20:37:00.157;enp0s25;23888;499679
2371;20:37:01.170;enp0s25;3256;38575
2372;20:37:02.185;enp0s25;8920;164434
2373;20:37:03.204;enp0s25;10958;215364
2374;20:37:04.220;enp0s25;30568;649646
2375;20:37:05.233;enp0s25;20050;296502
2376;20:37:06.246;enp0s25;11215;138605
2377;20:37:07.256;enp0s25;0;150
2378;20:37:08.262;enp0s25;0;0
2379;20:37:09.269;enp0s25;1920;1024
2380;20:37:10.276;enp0s25;0;0
2381;20:37:11.283;enp0s25;0;64
2382;20:37:12.291;enp0s25;3460;11104
2383;20:37:13.298;enp0s25;2226;11751
2384;20:37:14.305;enp0s25;2831;27782
2385;20:37:15.312;enp0s25;4701;30122
2386;20:37:16.320;enp0s25;25454;459811
2387;20:37:17.327;enp0s25;3439;38955
2388;20:37:18.335;enp0s25;34823;643459
2389;20:37:19.346;enp0s25;62001;1254177
2390;20:37:20.354;enp0s25;117705;3053872
2391;20:37:21.439;enp0s25;2800;59115
2392;20:37:22.447;enp0s25;420;475
2393;20:37:23.454;enp0s25;148;142
2394;20:37:24.463;enp0s25;53154;1324527
2395;20:37:25.471;enp0s25;982;1156
2396;20:37:26.478;enp0s25;4777;21651
2397;20:37:27.484;enp0s25;6592;68096
2398;20:37:28.496;enp0s25;3225;26940
2399;20:37:29.506;enp0s25;5689;75534
2400;20:37:30.513;enp0s25;11196;144396
2401;20:37:31.526;enp0s25;20790;502447
2402;20:37:32.534;enp0s25;0;64
2403;20:37:33.541;enp0s25;1155;660
2404;20:37:34.547;enp0s25;8656;109925
2405;20:37:35.554;enp0s25;5197;36420
2406;20:37:36.560;enp0s25;11345;176088
2407;20:37:37.567;enp0s25;90258;2874108
2408;20:37:38.577;enp0s25;1155;2593
2409;20:37:39.585;enp0s25;34053;628706
2410;20:37:40.593;enp0s25;420;1299
2411;20:37:41.600;enp0s25;4354;25782
2412;20:37:42.608;enp0s25;2928;14054
2413;20:37:43.615;enp0s25;26147;394755
2414;20:37:44.623;enp0s25;3027;15475
2415;20:37:45.630;enp0s25;3014;20656
2416;20:37:46.636;enp0s25;11606;117070
2417;20:37:47.643;enp0s25;2319;4756
2418;20:37:48.655;enp0s25;36134;663937
2419;20:37:49.665;enp0s25;44612;1469199
2420;20:37:50.673;enp0s25;420;625
2421;20:37:51.680;enp0s25;5270;46338
2422;20:37:52.689;enp0s25;23030;513496
2423;20:37:53.699;enp0s25;568;553
2424;20:37:54.708;enp0s25;4347;15875
2425;20:37:55.719;enp0s25;1824;4045
2426;20:37:56.728;enp0s25;4978;71224
2427;20:37:57.737;enp0s25;2292;4520
2428;20:37:58.751;enp0s25;3368;24584
2429;20:37:59.758;enp0s25;11564;154761
2430;20:38:00.765;enp0s25;490;673
2431;20:38:01.772;enp0s25;1796;4045
2432;20:38:02.783;enp0s25;3774;47063
2433;20:38:03.793;enp0s25;420;475
2434;20:38:04.800;enp0s25;6307;68167
2435;20:38:05.807;enp0s25;420;582
2436;20:38:06.813;enp0s25;4493;22038
2437;20:38:07.820;enp0s25;2253;4520
2438;20:38:08.834;enp0s25;5262;63829
2439;20:38:09.843;enp0s25;5583;50840
2440;20:38:10.850;enp0s25;2175;4584
2441;20:38:11.863;enp0s25;3509;30094
2442;20:38:12.874;enp0s25;5603;59654
2443;20:38:13.885;enp0s25;20160;409374
2444;20:38:14.894;enp0s25;420;539
2445;20:38:15.900;enp0s25;4905;27815
2446;20:38:16.908;enp0s25;5600;95210
2447;20:38:17.915;enp0s25;10658;133455
2448;20:38:18.925;enp0s25;3092;17379
2449;20:38:19.933;enp0s25;3149;26037
2450;20:38:20.943;enp0s25;8543;126029
2451;20:38:21.954;enp0s25;13767;270461
2452;20:38:22.965;enp0s25;4330;9314
2453;20:38:23.978;enp0s25;3430;61621
2454;20:38:24.986;enp0s25;21429;328308
2455;20:38:25.992;enp0s25;568;553
2456;20:38:26.999;enp0s25;5550;38164
2457;20:38:28.006;enp0s25;14419;211685
2458;20:38:29.014;enp0s25;3920;97313
2459;20:38:30.021;enp0s25;1155;553
2460;20:38:31.030;enp0s25;4033;27079
2461;20:38:32.039;enp0s25;2222;4997
2462;20:38:33.047;enp0s25;133607;4306314
2463;20:38:34.056;enp0s25;56280;2279410
2464;20:38:35.064;enp0s25;0;150
2465;20:38:36.071;enp0s25;0;107
2466;20:38:37.081;enp0s25;2354;5415
2467;20:38:38.094;enp0s25;3577;33764
2468;20:38:39.103;enp0s25;12126;159117
2469;20:38:40.111;enp0s25;3509;33040
2470;20:38:41.125;enp0s25;36264;1117324
2471;20:38:42.134;enp0s25;121296;3840558
2472;20:38:43.141;enp0s25;2624;6760
2473;20:38:44.148;enp0s25;18342;326235
2474;20:38:45.155;enp0s25;3819;8769
2475;20:38:46.167;enp0s25;910;25391
2476;20:38:47.175;enp0s25;3375;26914
2477;20:38:48.186;enp0s25;18930;337092
2478;20:38:49.194;enp0s25;420;539
2479;20:38:50.201;enp0s25;0;0
