ID; Time; Network interface; TBPS; RBPS
1;08:21:08.372;enp0s25;1685;6401
2;08:21:09.385;enp0s25;43197;804674
3;08:21:10.393;enp0s25;84571;3032491
4;08:21:11.400;enp0s25;140878;6274238
5;08:21:12.408;enp0s25;151824;7134664
6;08:21:13.417;enp0s25;145095;7051174
7;08:21:14.424;enp0s25;44616;1917741
8;08:21:15.431;enp0s25;70;134
9;08:21:16.437;enp0s25;548;344
10;08:21:17.444;enp0s25;0;64
11;08:21:18.450;enp0s25;0;0
12;08:21:19.457;enp0s25;0;64
13;08:21:20.464;enp0s25;0;0
14;08:21:21.471;enp0s25;89974;2720549
15;08:21:22.484;enp0s25;155482;7155946
16;08:21:23.492;enp0s25;163864;7166560
17;08:21:24.501;enp0s25;163380;7166432
18;08:21:25.509;enp0s25;162960;7163500
19;08:21:26.517;enp0s25;162820;7164934
20;08:21:27.526;enp0s25;163240;7163500
21;08:21:28.534;enp0s25;163450;7163436
22;08:21:29.543;enp0s25;90370;3959967
23;08:21:30.550;enp0s25;0;0
24;08:21:31.557;enp0s25;0;64
25;08:21:32.564;enp0s25;0;0
26;08:21:33.571;enp0s25;0;64
27;08:21:34.581;enp0s25;64;64
28;08:21:35.589;enp0s25;0;64
29;08:21:36.599;enp0s25;1892;8238
30;08:21:37.615;enp0s25;7259;14187
31;08:21:38.624;enp0s25;1706;898
32;08:21:39.632;enp0s25;1034;7257
33;08:21:40.638;enp0s25;9436;33836
34;08:21:41.646;enp0s25;2927;37241
35;08:21:42.653;enp0s25;0;0
36;08:21:43.659;enp0s25;0;64
37;08:21:44.666;enp0s25;0;0
38;08:21:45.673;enp0s25;23552;472170
39;08:21:46.680;enp0s25;194216;7135170
40;08:21:47.688;enp0s25;175350;7137462
41;08:21:48.704;enp0s25;158742;7150766
42;08:21:49.714;enp0s25;170310;7129664
43;08:21:50.722;enp0s25;171010;7137398
44;08:21:51.730;enp0s25;171220;7137462
45;08:21:52.738;enp0s25;170170;7131828
46;08:21:53.746;enp0s25;170870;7136348
47;08:21:54.753;enp0s25;171500;7139626
48;08:21:55.761;enp0s25;171640;7135234
49;08:21:56.769;enp0s25;171214;7136348
50;08:21:57.776;enp0s25;146860;6122447
51;08:21:58.783;enp0s25;0;0
52;08:21:59.794;enp0s25;0;64
53;08:22:00.801;enp0s25;0;0
54;08:22:01.808;enp0s25;0;64
55;08:22:02.820;enp0s25;0;0
56;08:22:03.827;enp0s25;0;64
57;08:22:04.834;enp0s25;0;0
58;08:22:05.841;enp0s25;0;64
59;08:22:06.848;enp0s25;10027;66257
60;08:22:07.855;enp0s25;62885;1437249
61;08:22:08.866;enp0s25;107657;4906543
62;08:22:09.878;enp0s25;143538;6208754
63;08:22:10.888;enp0s25;132426;6046894
64;08:22:11.895;enp0s25;155102;7158072
65;08:22:12.903;enp0s25;9664;364827
66;08:22:13.910;enp0s25;548;408
67;08:22:14.917;enp0s25;0;0
68;08:22:15.924;enp0s25;0;64
69;08:22:16.931;enp0s25;0;0
70;08:22:17.937;enp0s25;64;128
71;08:22:18.944;enp0s25;0;0
72;08:22:19.950;enp0s25;123244;4067729
73;08:22:20.958;enp0s25;157850;7006146
74;08:22:21.966;enp0s25;163800;7162002
75;08:22:22.974;enp0s25;163100;7158942
76;08:22:23.982;enp0s25;163660;7196456
77;08:22:24.996;enp0s25;163660;7160440
78;08:22:26.009;enp0s25;163100;7159006
79;08:22:27.016;enp0s25;163520;7163436
80;08:22:28.024;enp0s25;62860;2763065
81;08:22:29.030;enp0s25;64;64
82;08:22:30.037;enp0s25;0;64
83;08:22:31.046;enp0s25;0;0
84;08:22:32.053;enp0s25;0;64
85;08:22:33.060;enp0s25;0;0
86;08:22:34.067;enp0s25;0;64
87;08:22:35.074;enp0s25;1633;7229
88;08:22:36.085;enp0s25;7072;14298
89;08:22:37.094;enp0s25;1293;1256
90;08:22:38.100;enp0s25;1958;7602
91;08:22:39.107;enp0s25;8995;33985
92;08:22:40.114;enp0s25;3627;38147
93;08:22:41.120;enp0s25;0;0
94;08:22:42.127;enp0s25;0;64
95;08:22:43.200;enp0s25;0;0
96;08:22:44.207;enp0s25;3398;39874
97;08:22:45.220;enp0s25;196494;6777576
98;08:22:46.228;enp0s25;176820;7137462
99;08:22:47.237;enp0s25;155194;7136348
100;08:22:48.245;enp0s25;169820;7137398
101;08:22:49.253;enp0s25;170660;7169768
102;08:22:50.265;enp0s25;172620;7186414
103;08:22:51.280;enp0s25;170374;7135298
104;08:22:52.288;enp0s25;170520;7137398
105;08:22:53.296;enp0s25;163088;7131892
106;08:22:54.304;enp0s25;170590;7135170
107;08:22:55.310;enp0s25;170590;7137462
108;08:22:56.318;enp0s25;164010;6881889
109;08:22:57.325;enp0s25;210;305
110;08:22:58.332;enp0s25;0;0
111;08:22:59.339;enp0s25;0;64
112;08:23:00.346;enp0s25;0;0
113;08:23:01.353;enp0s25;0;64
114;08:23:02.360;enp0s25;64;64
115;08:23:03.366;enp0s25;0;64
116;08:23:04.374;enp0s25;0;0
117;08:23:05.384;enp0s25;5577;14807
118;08:23:06.392;enp0s25;67283;1473408
119;08:23:07.399;enp0s25;91549;4015699
120;08:23:08.405;enp0s25;134908;6187764
121;08:23:09.421;enp0s25;137390;6016050
122;08:23:10.431;enp0s25;148820;7150311
123;08:23:11.439;enp0s25;32381;1336743
124;08:23:12.446;enp0s25;484;70
125;08:23:13.453;enp0s25;198;1552
126;08:23:14.459;enp0s25;0;0
127;08:23:15.466;enp0s25;0;64
128;08:23:16.473;enp0s25;0;0
129;08:23:17.480;enp0s25;0;64
130;08:23:18.486;enp0s25;109716;2933201
131;08:23:19.496;enp0s25;158330;7164998
132;08:23:20.504;enp0s25;161700;7159328
133;08:23:21.512;enp0s25;162680;7167994
134;08:23:22.521;enp0s25;162680;7163436
135;08:23:23.529;enp0s25;161770;7157508
136;08:23:24.538;enp0s25;161834;7163500
137;08:23:25.547;enp0s25;161770;7166496
138;08:23:26.555;enp0s25;85400;3768159
139;08:23:27.563;enp0s25;0;64
140;08:23:28.570;enp0s25;0;0
141;08:23:29.577;enp0s25;0;64
142;08:23:30.585;enp0s25;0;0
143;08:23:31.592;enp0s25;0;64
144;08:23:32.599;enp0s25;0;0
145;08:23:33.606;enp0s25;1892;8302
146;08:23:34.618;enp0s25;7519;14601
147;08:23:35.625;enp0s25;1770;1026
148;08:23:36.633;enp0s25;894;3565
149;08:23:37.641;enp0s25;9550;34129
150;08:23:38.648;enp0s25;3058;37317
151;08:23:39.654;enp0s25;0;458
152;08:23:40.661;enp0s25;64;64
153;08:23:41.668;enp0s25;0;64
154;08:23:42.675;enp0s25;74950;2139030
155;08:23:43.688;enp0s25;173402;7139690
156;08:23:44.696;enp0s25;177030;7135170
157;08:23:45.703;enp0s25;176610;7136348
158;08:23:46.711;enp0s25;176674;7137462
159;08:23:47.719;enp0s25;175910;7138576
160;08:23:48.727;enp0s25;177240;7136284
161;08:23:49.733;enp0s25;176330;7133006
162;08:23:50.741;enp0s25;176260;7121802
163;08:23:51.748;enp0s25;176400;7137462
164;08:23:52.756;enp0s25;176050;7136284
165;08:23:53.764;enp0s25;175980;7114068
166;08:23:54.771;enp0s25;111370;4509311
167;08:23:55.778;enp0s25;0;64
168;08:23:56.785;enp0s25;0;0
169;08:23:57.793;enp0s25;64;128
170;08:23:58.800;enp0s25;0;0
171;08:23:59.807;enp0s25;0;64
172;08:24:00.814;enp0s25;0;0
173;08:24:01.821;enp0s25;0;64
Build Completed
