ID; Time; CPU %; MEM %; MEM KiB
1;08:21:08.372;3.2;23.273910;4688676
2;08:21:08.543;4.5;23.275558;4688756
3;08:21:08.714;3.0;23.273374;4688316
4;08:21:08.885;3.1;23.275141;4688452
5;08:21:09.056;1.6;23.287869;4690796
6;08:21:09.225;2.7;23.283263;4690308
7;08:21:09.396;3.0;23.282925;4690240
8;08:21:09.567;0.0;23.285665;4690792
9;08:21:09.739;3.0;23.291999;4692068
10;08:21:09.908;1.5;23.294382;4692548
11;08:21:10.078;3.1;23.294124;4692496
12;08:21:10.253;4.5;23.295335;4692740
13;08:21:10.434;3.0;23.291225;4691912
14;08:21:10.607;3.0;23.289259;4691784
15;08:21:10.784;1.6;23.293866;4692444
16;08:21:10.958;1.5;23.293151;4692076
17;08:21:11.134;3.0;23.290848;4691836
18;08:21:11.304;3.3;23.293965;4692464
19;08:21:11.473;0.0;23.296308;4693300
20;08:21:11.643;1.5;23.306276;4694944
21;08:21:11.818;1.5;23.310367;4695548
22;08:21:11.995;3.1;23.293092;4692400
23;08:21:12.165;0.0;23.292615;4692192
24;08:21:12.337;1.4;23.290669;4692100
25;08:21:12.508;1.5;23.293250;4692500
26;08:21:12.679;2.9;23.294918;4692436
27;08:21:12.850;1.5;23.294660;4692604
28;08:21:13.019;0.0;23.295613;4692796
29;08:21:13.190;1.5;23.293667;4692708
30;08:21:13.361;1.5;23.290252;4691716
31;08:21:13.533;4.5;23.291801;4692028
32;08:21:13.703;3.2;23.292635;4692196
33;08:21:13.872;1.7;23.291622;4691992
34;08:21:14.041;1.6;23.289279;4691960
35;08:21:14.210;3.0;23.302325;4694148
36;08:21:14.379;4.7;23.321566;4698268
37;08:21:14.549;6.2;23.341144;4704016
38;08:21:14.719;3.0;23.384729;4710528
39;08:21:14.888;0.0;23.413819;4716608
40;08:21:15.055;0.0;23.445093;4724996
41;08:21:15.223;1.5;23.485600;4731328
42;08:21:15.391;1.3;23.529086;4739828
43;08:21:15.558;0.0;23.559724;4746008
44;08:21:15.726;1.6;23.608988;4756184
45;08:21:15.894;0.0;23.651878;4764344
46;08:21:16.061;0.0;23.690936;4772212
47;08:21:16.229;0.0;23.720463;4778640
48;08:21:16.398;1.6;23.744013;4783368
49;08:21:16.566;1.5;23.744231;4782948
50;08:21:16.734;0.0;23.743139;4782948
51;08:21:16.901;1.6;23.742583;4782616
52;08:21:17.069;0.0;23.740160;4782616
53;08:21:17.238;1.6;23.744846;4783072
54;08:21:17.405;0.0;23.744827;4783068
55;08:21:17.575;0.0;23.742086;4782728
56;08:21:17.743;0.0;23.783567;4791360
57;08:21:17.912;1.6;23.832493;4800948
58;08:21:18.081;0.0;23.917141;4822064
59;08:21:18.250;1.6;24.294514;4894020
60;08:21:18.420;0.0;24.307421;4896400
61;08:21:18.588;1.5;24.304839;4896100
62;08:21:18.758;1.5;24.347531;4905212
63;08:21:18.926;0.0;24.378963;4911032
64;08:21:19.094;1.5;24.409264;4917136
65;08:21:19.263;0.0;24.410515;4917388
66;08:21:19.431;1.6;24.413176;4917704
67;08:21:19.600;1.5;24.410515;4917388
68;08:21:19.769;0.0;24.410515;4917168
69;08:21:19.937;0.0;24.408371;4916956
70;08:21:20.107;0.0;24.409264;4917404
71;08:21:20.276;0.0;24.411588;4917384
72;08:21:20.445;1.5;24.411608;4917388
73;08:21:20.614;0.0;24.409423;4917248
74;08:21:20.782;1.5;24.409582;4917200
75;08:21:20.951;6.2;24.412084;4917704
76;08:21:21.119;0.0;24.409523;4917188
77;08:21:21.287;3.1;24.410615;4917188
78;08:21:21.456;1.6;24.410813;4917448
79;08:21:21.624;1.6;24.407140;4916488
80;08:21:21.794;0.0;24.406862;4916652
81;08:21:21.967;1.6;24.409324;4917148
82;08:21:22.138;3.2;24.409681;4917220
83;08:21:22.311;4.7;24.412541;4917624
84;08:21:22.488;3.1;24.409642;4917212
85;08:21:22.658;0.0;24.407557;4916572
86;08:21:22.829;0.0;24.408867;4917280
87;08:21:23.000;0.0;24.410178;4917324
88;08:21:23.172;0.0;24.411429;4917420
89;08:21:23.341;1.9;24.405472;4916660
90;08:21:23.512;0.0;24.410277;4917452
91;08:21:23.683;0.0;24.411786;4917644
92;08:21:23.854;1.9;24.410714;4917428
93;08:21:24.026;1.9;24.411131;4917072
94;08:21:24.197;1.9;24.407716;4916872
95;08:21:24.368;1.9;24.407219;4916724
96;08:21:24.540;1.9;24.411667;4917944
97;08:21:24.711;0.0;24.411588;4917872
98;08:21:24.881;1.9;24.411588;4917604
99;08:21:25.051;1.9;24.412998;4917888
100;08:21:25.222;0.0;24.411588;4917604
101;08:21:25.393;0.0;24.411151;4917516
102;08:21:25.566;0.0;24.412779;4918224
103;08:21:25.736;0.0;24.412402;4917328
104;08:21:25.906;1.9;24.413037;4917676
105;08:21:26.078;0.0;24.409781;4917240
106;08:21:26.251;0.0;24.408887;4917060
107;08:21:26.422;0.0;24.409781;4917240
108;08:21:26.594;0.0;24.407875;4916968
109;08:21:26.765;1.8;24.410535;4917392
110;08:21:26.937;1.9;24.410615;4917188
111;08:21:27.109;3.4;24.410774;4917220
112;08:21:27.279;0.0;24.411647;4917616
113;08:21:27.448;3.6;24.410734;4917968
114;08:21:27.619;0.0;24.411429;4917572
115;08:21:27.789;0.0;24.406763;4916632
116;08:21:27.962;0.0;24.407636;4916808
117;08:21:28.133;1.9;24.406306;4916540
118;08:21:28.305;0.0;24.409920;4917340
119;08:21:28.476;1.9;24.409721;4917228
120;08:21:28.649;0.0;24.412839;4917636
121;08:21:28.819;0.0;24.412223;4917732
122;08:21:28.991;1.8;24.410456;4917376
123;08:21:29.161;0.0;24.407954;4916872
124;08:21:29.333;1.8;24.411171;4917520
125;08:21:29.504;1.8;24.403546;4916260
126;08:21:29.677;1.8;24.407517;4916840
127;08:21:29.848;0.0;24.405174;4916340
128;08:21:30.019;3.3;24.408232;4916928
129;08:21:30.188;1.5;24.419332;4920992
130;08:21:30.358;1.5;24.491947;4933792
131;08:21:30.527;3.1;24.581083;4951748
132;08:21:30.695;0.0;24.662772;4968204
133;08:21:30.863;1.6;24.787689;4993368
134;08:21:31.031;1.4;24.880340;5012044
135;08:21:31.201;0.0;24.959051;5027668
136;08:21:31.370;1.5;25.081665;5052588
137;08:21:31.538;1.6;25.186090;5073160
138;08:21:31.706;6.2;25.216927;5079616
139;08:21:31.875;1.6;25.301853;5096616
140;08:21:32.043;1.5;25.300046;5096824
141;08:21:32.212;0.0;25.302906;5097416
142;08:21:32.379;1.6;25.303779;5097332
143;08:21:32.547;3.1;25.302965;5097396
144;08:21:32.715;0.0;25.303819;5097340
145;08:21:32.883;3.0;25.302568;5097088
146;08:21:33.052;0.0;25.302409;5096836
147;08:21:33.221;0.0;25.301158;5096804
148;08:21:33.390;0.0;25.301000;5096772
149;08:21:33.558;1.6;25.320240;5100428
150;08:21:33.727;0.0;25.331976;5103296
151;08:21:33.896;1.5;25.339521;5104312
152;08:21:34.065;0.0;25.362654;5108920
153;08:21:34.234;0.0;25.483659;5137420
154;08:21:34.404;1.6;25.738577;5184920
155;08:21:34.573;1.6;25.742370;5185464
156;08:21:34.741;1.6;25.745348;5186284
157;08:21:34.909;0.0;25.744415;5186096
158;08:21:35.077;1.6;25.742250;5185660
159;08:21:35.246;0.0;25.744752;5186164
160;08:21:35.414;0.0;25.744792;5186172
161;08:21:35.583;0.0;25.766336;5190292
162;08:21:35.751;0.0;25.765284;5190080
163;08:21:35.919;0.0;25.764192;5190080
164;08:21:36.087;1.6;25.764152;5190096
165;08:21:36.255;1.6;25.762981;5189836
166;08:21:36.423;0.0;25.766217;5190268
167;08:21:36.591;1.6;25.764152;5190072
168;08:21:36.760;1.6;25.765046;5190252
169;08:21:36.931;0.0;25.764549;5190152
170;08:21:37.101;1.5;25.764549;5190404
171;08:21:37.277;0.0;25.766932;5190632
172;08:21:37.456;1.5;25.766932;5190412
173;08:21:37.629;1.5;25.765761;5190396
174;08:21:37.805;0.0;25.764827;5190208
175;08:21:37.973;0.0;25.764907;5190728
176;08:21:38.146;3.1;25.768818;5191280
177;08:21:38.314;1.6;25.769374;5190904
178;08:21:38.483;1.5;25.768044;5190856
179;08:21:38.651;0.0;25.765840;5190412
180;08:21:38.819;0.0;25.765840;5190192
181;08:21:38.987;0.0;25.767131;5190672
182;08:21:39.155;0.0;25.767071;5190660
183;08:21:39.324;0.0;25.767012;5190648
184;08:21:39.493;4.5;25.764629;5190168
185;08:21:39.665;0.0;25.767051;5190436
186;08:21:39.832;0.0;25.766317;5190508
187;08:21:40.000;1.5;25.766634;5190572
188;08:21:40.169;1.5;25.766555;5190556
189;08:21:40.337;1.5;25.765264;5190296
190;08:21:40.506;0.0;25.766873;5190400
191;08:21:40.674;1.6;25.764271;5190096
192;08:21:40.843;0.0;25.765205;5190284
193;08:21:41.012;1.6;25.766614;5190568
194;08:21:41.180;1.5;25.765522;5190128
195;08:21:41.349;1.6;25.764271;5189876
196;08:21:41.517;1.5;25.764311;5189884
197;08:21:41.687;0.0;25.764271;5190096
198;08:21:41.856;1.5;25.765641;5190152
199;08:21:42.026;0.0;25.763398;5189700
200;08:21:42.195;0.0;25.764609;5190164
201;08:21:42.363;0.0;25.764807;5190204
202;08:21:42.531;1.5;25.767190;5190464
203;08:21:42.700;6.2;25.855869;5208588
204;08:21:42.869;1.3;25.855909;5208556
205;08:21:43.038;1.6;25.855869;5208548
206;08:21:43.206;0.0;25.857279;5208832
207;08:21:43.374;0.0;25.855790;5208312
208;08:21:43.542;1.6;25.855988;5208352
209;08:21:43.710;1.6;25.857438;5209132
210;08:21:43.878;0.0;25.857359;5208848
211;08:21:44.046;0.0;25.859781;5209116
212;08:21:44.214;0.0;25.859940;5209148
213;08:21:44.382;0.0;25.857875;5208952
214;08:21:44.551;1.6;25.859821;5209344
215;08:21:44.719;1.6;25.859563;5209072
216;08:21:44.888;1.5;25.855969;5208836
217;08:21:45.056;0.0;25.858470;5209072
218;08:21:45.225;0.0;25.860853;5209332
219;08:21:45.396;6.2;25.858292;5208816
220;08:21:45.565;0.0;25.857398;5208856
221;08:21:45.735;1.5;25.855810;5208576
222;08:21:45.903;1.5;25.855810;5208608
223;08:21:46.076;1.5;25.859721;5209104
224;08:21:46.250;0.0;25.861191;5209620
225;08:21:46.423;1.6;25.863296;5210044
226;08:21:46.597;1.8;25.860655;5209292
227;08:21:46.767;0.0;25.863792;5209924
228;08:21:46.998;3.2;25.858212;5209272
229;08:21:47.175;0.0;25.861509;5209688
230;08:21:47.344;0.0;25.859185;5209216
231;08:21:47.514;1.8;25.862362;5209636
232;08:21:47.684;1.8;25.861429;5209736
233;08:21:47.853;1.7;25.859404;5209260
234;08:21:48.022;0.0;25.862660;5210176
235;08:21:48.193;1.7;25.859126;5209456
236;08:21:48.365;1.7;25.862501;5209664
237;08:21:48.536;1.6;25.863951;5210176
238;08:21:48.710;1.6;25.864328;5209808
239;08:21:48.881;1.5;25.865837;5210556
240;08:21:49.057;3.1;25.861667;5209716
241;08:21:49.227;0.0;25.860119;5209404
242;08:21:49.398;0.0;25.860416;5209464
243;08:21:49.568;1.6;25.861350;5209476
244;08:21:49.739;0.0;25.861528;5209688
245;08:21:49.909;1.6;25.861667;5209716
246;08:21:50.080;0.0;25.863991;5209964
247;08:21:50.250;1.5;25.858868;5209420
248;08:21:50.420;1.4;25.859126;5209204
249;08:21:50.589;1.6;25.858351;5209292
250;08:21:50.759;3.0;25.859285;5209780
251;08:21:50.929;1.5;25.861250;5209632
252;08:21:51.101;1.5;25.860754;5209532
253;08:21:51.271;1.5;25.861429;5209448
254;08:21:51.443;2.8;25.860238;5208988
255;08:21:51.615;1.5;25.859007;5208960
256;08:21:51.785;2.9;25.858054;5208548
257;08:21:51.956;2.9;25.859086;5209196
258;08:21:52.126;3.0;25.856981;5208772
259;08:21:52.297;0.0;25.858451;5208848
260;08:21:52.469;4.1;25.862362;5209856
261;08:21:52.639;5.8;25.860258;5209200
262;08:21:52.811;2.9;25.860019;5209384
263;08:21:52.980;4.2;25.862382;5209860
264;08:21:53.151;2.7;25.858609;5208880
265;08:21:53.321;7.9;25.861469;5209676
266;08:21:53.492;5.6;25.861350;5209652
267;08:21:53.663;4.3;25.862204;5209604
268;08:21:53.835;4.1;25.861509;5209464
269;08:21:54.008;4.2;25.860615;5209284
270;08:21:54.178;2.6;25.857418;5208860
271;08:21:54.349;6.2;25.860992;5209360
272;08:21:54.521;4.2;25.861588;5209700
273;08:21:54.691;4.2;25.859821;5209124
274;08:21:54.862;5.8;25.859860;5209576
275;08:21:55.033;1.5;25.863613;5209888
276;08:21:55.204;4.2;25.863315;5210048
277;08:21:55.375;4.1;25.858609;5209100
278;08:21:55.544;2.9;25.861965;5209552
279;08:21:55.715;2.9;25.860178;5209432
280;08:21:55.885;0.0;25.857756;5208928
281;08:21:56.056;1.5;25.856425;5208448
282;08:21:56.226;1.5;25.857795;5208936
283;08:21:56.397;1.5;25.857795;5209236
284;08:21:56.568;3.0;25.859999;5209388
285;08:21:56.738;2.9;25.858490;5208636
286;08:21:56.909;1.4;25.859066;5209192
287;08:21:57.080;2.8;25.857676;5208912
288;08:21:57.250;1.5;25.856227;5208620
289;08:21:57.420;0.0;25.856525;5208460
290;08:21:57.589;1.5;25.856068;5208588
291;08:21:57.760;0.0;25.858570;5209092
292;08:21:57.929;1.5;25.858153;5209008
293;08:21:58.100;0.0;25.860615;5209284
294;08:21:58.270;1.5;25.860158;5209412
295;08:21:58.441;0.0;25.858987;5209176
296;08:21:58.612;4.7;25.865917;5210660
297;08:21:58.782;1.6;25.868736;5211140
298;08:21:58.954;4.6;25.867247;5210840
299;08:21:59.122;0.0;25.865956;5210580
300;08:21:59.290;1.5;25.895622;5218604
301;08:21:59.458;0.0;26.008883;5239372
302;08:21:59.626;0.0;26.102884;5257344
303;08:21:59.796;4.5;26.180483;5274648
304;08:21:59.966;3.1;26.254707;5289084
305;08:22:00.135;0.0;26.327699;5303596
306;08:22:00.303;1.6;26.410957;5320620
307;08:22:00.471;1.5;26.493263;5337216
308;08:22:00.640;0.0;26.594610;5357364
309;08:22:00.809;1.5;26.669370;5372668
310;08:22:00.979;1.5;26.688134;5376456
311;08:22:01.147;1.6;26.715794;5381776
312;08:22:01.316;0.0;26.756877;5390512
313;08:22:01.484;3.0;26.789462;5396940
314;08:22:01.653;0.0;26.841843;5407412
315;08:22:01.823;1.6;26.862812;5411392
316;08:22:01.992;0.0;26.911917;5421528
317;08:22:02.160;0.0;27.005401;5440116
318;08:22:02.329;0.0;27.121284;5463460
319;08:22:02.497;3.1;27.150115;5469064
320;08:22:02.665;2.9;27.154087;5470068
321;08:22:02.835;1.6;27.155179;5470288
322;08:22:03.003;1.4;27.155218;5470540
323;08:22:03.173;0.0;27.151029;5469696
324;08:22:03.342;0.0;27.428662;5525624
325;08:22:03.511;1.3;27.432216;5526096
326;08:22:03.679;1.5;27.430707;5525792
327;08:22:03.847;0.0;27.430588;5525768
328;08:22:04.014;0.0;27.431879;5526028
329;08:22:04.182;0.0;27.431879;5526028
330;08:22:04.350;0.0;27.431879;5525808
331;08:22:04.519;0.0;27.431839;5525800
332;08:22:04.687;0.0;27.430787;5525808
333;08:22:04.855;1.5;27.432038;5526060
334;08:22:05.023;0.0;27.433130;5526060
335;08:22:05.191;1.5;27.431879;5526028
336;08:22:05.358;0.0;27.431879;5526028
337;08:22:05.527;0.0;27.430707;5525792
338;08:22:05.696;0.0;27.433209;5526296
339;08:22:05.864;0.0;27.434698;5526596
340;08:22:06.035;1.6;27.437836;5527228
341;08:22:06.210;0.0;27.436128;5526620
342;08:22:06.387;0.0;27.434818;5526620
343;08:22:06.559;4.5;27.432514;5526156
344;08:22:06.739;7.7;27.429615;5525024
345;08:22:06.925;3.2;27.427689;5525108
346;08:22:07.099;1.5;27.429635;5525576
347;08:22:07.270;0.0;27.430469;5525524
348;08:22:07.444;1.5;27.429218;5525712
349;08:22:07.615;3.1;27.430429;5526004
350;08:22:07.787;6.3;27.433090;5526272
351;08:22:07.956;1.5;27.435096;5526676
352;08:22:08.125;3.0;27.435632;5527036
353;08:22:08.298;6.0;27.434837;5526624
354;08:22:08.469;3.1;27.435453;5526748
355;08:22:08.640;1.6;27.435731;5526584
356;08:22:08.807;2.9;27.436287;5526916
357;08:22:08.975;6.1;27.435910;5527100
358;08:22:09.149;7.2;27.437677;5527196
359;08:22:09.320;1.5;27.439762;5527396
360;08:22:09.490;7.4;27.440814;5527828
361;08:22:09.659;1.5;27.444925;5528656
362;08:22:09.832;1.6;27.451001;5530132
363;08:22:10.007;4.5;27.440933;5527632
364;08:22:10.182;1.5;27.439802;5527624
365;08:22:10.352;3.0;27.446096;5528672
366;08:22:10.525;0.0;27.451279;5529936
367;08:22:10.701;4.6;27.459221;5531536
368;08:22:10.878;1.6;27.437002;5527312
369;08:22:11.053;3.0;27.438233;5527088
370;08:22:11.223;7.6;27.439285;5527520
371;08:22:11.395;5.6;27.439603;5527584
372;08:22:11.564;11.0;27.435532;5527244
373;08:22:11.736;5.5;27.436466;5526952
374;08:22:11.905;4.7;27.434957;5526648
375;08:22:12.076;3.1;27.434341;5526304
376;08:22:12.245;4.5;27.433904;5526436
377;08:22:12.426;7.5;27.435830;5526824
378;08:22:12.601;5.8;27.455865;5530892
379;08:22:12.771;10.0;27.484022;5536532
380;08:22:12.941;1.6;27.513946;5542928
381;08:22:13.111;0.0;27.548000;5549200
382;08:22:13.280;0.0;27.588149;5557564
383;08:22:13.449;1.5;27.619821;5563888
384;08:22:13.617;0.0;27.660328;5572048
385;08:22:13.785;0.0;27.690589;5577924
386;08:22:13.953;0.0;27.740905;5588060
387;08:22:14.120;0.0;27.782624;5596684
388;08:22:14.288;1.5;27.824183;5604836
389;08:22:14.455;0.0;27.853114;5610884
390;08:22:14.623;1.5;27.884547;5617216
391;08:22:14.791;1.5;27.884924;5617072
392;08:22:14.958;0.0;27.882105;5616976
393;08:22:15.128;0.0;27.884547;5617240
394;08:22:15.297;0.0;27.886731;5617656
395;08:22:15.465;0.0;27.886573;5617624
396;08:22:15.633;1.6;27.885719;5617452
397;08:22:15.801;1.5;27.884746;5617256
398;08:22:15.970;0.0;27.896819;5619468
399;08:22:16.137;0.0;27.956448;5631700
400;08:22:16.307;0.0;27.999099;5640292
401;08:22:16.474;3.1;28.428059;5726976
402;08:22:16.644;3.2;28.437769;5728912
403;08:22:16.812;1.6;28.439496;5729008
404;08:22:16.980;0.0;28.441085;5729328
405;08:22:17.150;1.6;28.484094;5737992
406;08:22:17.318;0.0;28.543485;5750000
407;08:22:17.487;1.5;28.545073;5750056
408;08:22:17.655;0.0;28.543465;5749952
409;08:22:17.823;0.0;28.544835;5750008
410;08:22:17.991;0.0;28.544914;5750244
411;08:22:18.159;0.0;28.543465;5749952
412;08:22:18.326;0.0;28.542214;5749700
413;08:22:18.494;0.0;28.545848;5750212
414;08:22:18.662;0.0;28.543942;5750048
415;08:22:18.830;1.4;28.542691;5749900
416;08:22:18.997;0.0;28.541598;5749576
417;08:22:19.165;3.2;28.538064;5749356
418;08:22:19.335;1.6;28.543008;5749884
419;08:22:19.506;1.5;28.543445;5749948
420;08:22:19.674;1.6;28.543088;5749656
421;08:22:19.843;0.0;28.542869;5750132
422;08:22:20.011;1.6;28.544656;5750192
423;08:22:20.186;3.2;28.546424;5750328
424;08:22:20.360;1.9;28.544597;5750180
425;08:22:20.531;0.0;28.543127;5749884
426;08:22:20.703;1.6;28.547814;5750608
427;08:22:20.878;1.9;28.544458;5750152
428;08:22:21.049;0.0;28.545689;5750180
429;08:22:21.220;1.8;28.544597;5750180
430;08:22:21.392;0.0;28.543485;5749736
431;08:22:21.563;1.9;28.541102;5749476
432;08:22:21.734;0.0;28.544319;5750124
433;08:22:21.904;0.0;28.545947;5750012
434;08:22:22.076;1.9;28.547198;5750484
435;08:22:22.246;3.6;28.545053;5750272
436;08:22:22.417;1.8;28.544378;5749916
437;08:22:22.589;0.0;28.540606;5749652
438;08:22:22.760;0.0;28.545252;5750092
439;08:22:22.931;0.0;28.546285;5750520
440;08:22:23.103;1.8;28.547456;5750756
441;08:22:23.275;1.9;28.545947;5750232
442;08:22:23.447;0.0;28.544220;5750104
443;08:22:23.618;0.0;28.546245;5750292
444;08:22:23.789;0.0;28.546781;5750620
445;08:22:23.959;0.0;28.540824;5749644
446;08:22:24.130;0.0;28.544835;5750008
447;08:22:24.300;1.7;28.542532;5749764
448;08:22:24.471;1.8;28.543981;5750324
449;08:22:24.641;3.4;28.544339;5750128
450;08:22:24.813;0.0;28.542075;5750084
451;08:22:24.984;1.8;28.546642;5750592
452;08:22:25.155;0.0;28.546980;5750688
453;08:22:25.327;0.0;28.548528;5750972
454;08:22:25.498;0.0;28.544617;5750408
455;08:22:25.670;0.0;28.541499;5749336
456;08:22:25.842;1.8;28.541956;5750080
457;08:22:26.013;0.0;28.541797;5750048
458;08:22:26.185;1.7;28.541459;5749548
459;08:22:26.357;0.0;28.543485;5749956
460;08:22:26.530;0.0;28.544239;5750172
461;08:22:26.702;1.6;28.543683;5749996
462;08:22:26.873;4.8;28.543247;5750208
463;08:22:27.044;0.0;28.545093;5750280
464;08:22:27.215;1.6;28.544299;5749900
465;08:22:27.389;0.0;28.546026;5750248
466;08:22:27.559;1.7;28.546801;5750404
467;08:22:27.730;1.6;28.546801;5750624
468;08:22:27.901;3.3;28.547377;5751112
469;08:22:28.073;0.0;28.547258;5750716
470;08:22:28.244;1.6;28.547397;5750752
471;08:22:28.414;3.1;28.552122;5751956
472;08:22:28.583;3.1;28.572436;5755788
473;08:22:28.752;1.6;28.684664;5778640
474;08:22:28.923;1.6;28.760318;5793636
475;08:22:29.091;1.5;28.886168;5818988
476;08:22:29.259;1.4;28.983624;5838660
477;08:22:29.428;1.6;29.045775;5851140
478;08:22:29.596;0.0;29.160287;5873988
479;08:22:29.764;0.0;29.273092;5896932
480;08:22:29.933;5.9;29.345747;5911408
481;08:22:30.101;1.5;29.426086;5927532
482;08:22:30.269;6.2;29.448186;5931984
483;08:22:30.436;0.0;29.449755;5932568
484;08:22:30.604;3.0;29.446677;5931680
485;08:22:30.772;1.6;29.448365;5932516
486;08:22:30.943;2.8;29.449358;5932440
487;08:22:31.112;0.0;29.831575;6011292
488;08:22:31.282;4.5;29.859355;6015292
489;08:22:31.451;1.5;29.862055;6015576
490;08:22:31.619;1.5;29.861479;6015460
491;08:22:31.787;0.0;29.861678;6015540
492;08:22:31.954;1.5;29.861300;6015424
493;08:22:32.123;1.6;29.863187;6015804
494;08:22:32.291;0.0;29.862055;6015576
495;08:22:32.459;0.0;29.860923;6015348
496;08:22:32.627;2.9;29.860288;6015160
497;08:22:32.795;1.6;29.859057;6014996
498;08:22:32.964;1.5;29.861003;6015364
499;08:22:33.132;1.5;29.881296;6019452
500;08:22:33.301;1.6;29.880879;6019368
501;08:22:33.469;1.5;29.881633;6019520
502;08:22:33.636;1.6;29.882170;6019628
503;08:22:33.804;0.0;29.881296;6019232
504;08:22:33.972;0.0;29.881534;6019280
505;08:22:34.139;0.0;29.879529;6019096
506;08:22:34.307;0.0;29.903039;6023832
507;08:22:34.475;0.0;29.902840;6023572
508;08:22:34.643;0.0;29.901788;6023580
509;08:22:34.811;0.0;29.901629;6023808
510;08:22:34.980;0.0;29.900735;6023368
511;08:22:35.148;0.0;29.902384;6023480
512;08:22:35.317;0.0;29.903634;6023732
513;08:22:35.486;0.0;29.902542;6023732
514;08:22:35.654;0.0;29.901788;6023612
515;08:22:35.828;1.6;29.905382;6024092
516;08:22:36.002;1.4;29.903754;6023976
517;08:22:36.177;1.6;29.902503;6023724
518;08:22:36.353;0.0;29.906355;6024352
519;08:22:36.530;0.0;29.905402;6024308
520;08:22:36.698;1.5;29.904429;6024112
521;08:22:36.872;1.5;29.905997;6024208
522;08:22:37.040;1.4;29.903952;6024016
523;08:22:37.208;0.0;29.902979;6023600
524;08:22:37.376;1.6;29.902939;6023592
525;08:22:37.545;1.5;29.904230;6024080
526;08:22:37.714;0.0;29.905481;6024324
527;08:22:37.881;0.0;29.905858;6024180
528;08:22:38.049;0.0;29.904647;6023936
529;08:22:38.217;1.5;29.902721;6023768
530;08:22:38.386;0.0;29.902562;6023736
531;08:22:38.554;3.0;29.903615;6023948
532;08:22:38.722;1.6;29.904905;6024208
533;08:22:38.890;1.5;29.904866;6024200
534;08:22:39.058;1.6;29.904766;6024180
535;08:22:39.226;0.0;29.905799;6024388
536;08:22:39.394;1.6;29.904230;6023852
537;08:22:39.562;0.0;29.902443;6023848
538;08:22:39.730;3.1;29.902820;6023788
539;08:22:39.898;6.2;29.907725;6024776
540;08:22:40.068;1.5;29.906831;6024376
541;08:22:40.237;0.0;29.907109;6024652
542;08:22:40.405;1.6;29.906573;6024324
543;08:22:40.573;0.0;29.905640;6024580
544;08:22:40.742;0.0;29.905342;6024296
545;08:22:40.910;0.0;29.903932;6024272
546;08:22:41.078;1.6;29.905600;6024348
547;08:22:41.246;1.3;29.904032;6024032
548;08:22:41.417;3.2;30.005478;6044468
549;08:22:41.586;1.6;30.004724;6044068
550;08:22:41.754;3.1;30.003890;6044392
551;08:22:41.924;0.0;30.005220;6044416
552;08:22:42.093;1.5;30.005598;6044492
553;08:22:42.261;0.0;30.005558;6044264
554;08:22:42.430;0.0;30.004466;6044264
555;08:22:42.598;1.6;30.005538;6044480
556;08:22:42.766;0.0;30.004486;6044528
557;08:22:42.934;1.5;30.005538;6044480
558;08:22:43.102;0.0;30.009013;6044740
559;08:22:43.270;1.5;30.007107;6044576
560;08:22:43.438;1.6;30.006392;6044652
561;08:22:43.606;0.0;30.010145;6045408
562;08:22:43.774;0.0;30.009053;6045440
563;08:22:43.942;0.0;30.010145;6045188
564;08:22:44.110;0.0;30.008000;6044976
565;08:22:44.277;1.5;30.007802;6044716
566;08:22:44.445;1.5;30.008497;6044856
567;08:22:44.613;0.0;30.006273;6044628
568;08:22:44.783;2.9;30.007682;6045164
569;08:22:44.957;0.0;30.010681;6045516
570;08:22:45.132;0.0;30.008556;6045436
571;08:22:45.305;3.1;30.012746;6045932
572;08:22:45.475;1.6;30.016241;6046636
573;08:22:45.646;4.5;30.013044;6045992
574;08:22:45.816;1.5;30.011435;6045668
575;08:22:45.987;1.5;30.010323;6045444
576;08:22:46.159;0.0;30.013838;6046152
577;08:22:46.329;3.0;30.015685;6046524
578;08:22:46.500;1.5;30.011892;6045540
579;08:22:46.671;3.0;30.010740;6045560
580;08:22:46.841;4.2;30.013739;6045972
581;08:22:47.010;0.0;30.014176;6046000
582;08:22:47.180;1.4;30.010641;6045508
583;08:22:47.350;0.0;30.012269;6045836
584;08:22:47.521;6.8;30.012508;6045664
585;08:22:47.692;5.6;30.012130;6045808
586;08:22:47.865;4.1;30.012964;6045976
587;08:22:48.036;2.9;30.014811;6046128
588;08:22:48.205;2.9;30.013441;6046072
589;08:22:48.376;4.3;30.013798;6046144
590;08:22:48.546;4.2;30.011654;6045712
591;08:22:48.717;4.3;30.010760;6045532
592;08:22:48.887;4.3;30.010780;6045788
593;08:22:49.060;1.4;30.014235;6046232
594;08:22:49.230;7.0;30.010165;6045412
595;08:22:49.400;1.4;30.011872;6045756
596;08:22:49.571;1.5;30.013302;6045824
597;08:22:49.741;4.2;30.012925;6046128
598;08:22:49.913;4.3;30.013242;6046032
599;08:22:50.084;2.8;30.010105;6045400
600;08:22:50.254;4.3;30.010701;6045300
601;08:22:50.424;5.7;30.011316;6045424
602;08:22:50.596;1.4;30.009767;6045332
603;08:22:50.767;4.2;30.008834;6045656
604;08:22:50.938;5.5;30.014632;6046336
605;08:22:51.109;4.2;30.013004;6045764
606;08:22:51.281;2.8;30.009172;6045704
607;08:22:51.451;6.8;30.012527;6045588
608;08:22:51.621;6.7;30.011118;6045384
609;08:22:51.791;5.3;30.010760;6045372
610;08:22:51.961;5.7;30.009430;6045516
611;08:22:52.131;4.3;30.012210;6045604
612;08:22:52.303;2.9;30.012468;6045700
613;08:22:52.473;2.9;30.011435;6045668
614;08:22:52.643;1.5;30.014275;6046240
615;08:22:52.815;1.5;30.011336;6045648
616;08:22:52.985;5.7;30.009152;6045208
617;08:22:53.156;1.4;30.010919;6045924
618;08:22:53.327;1.5;30.011157;6045832
619;08:22:53.497;0.0;30.010582;6045788
620;08:22:53.668;0.0;30.013143;6046012
621;08:22:53.838;2.9;30.015824;6046332
622;08:22:54.012;1.5;30.012964;6045976
623;08:22:54.184;1.5;30.007146;6044804
624;08:22:54.354;3.0;30.009767;6045492
625;08:22:54.524;3.9;30.010820;6045844
626;08:22:54.694;0.0;30.009986;6045796
627;08:22:54.864;1.5;30.011118;6045444
628;08:22:55.035;2.9;30.013540;6045932
629;08:22:55.208;4.2;30.009430;6045516
630;08:22:55.378;5.6;30.010939;6045568
631;08:22:55.549;2.7;30.010840;6045792
632;08:22:55.720;7.4;30.012190;6045600
633;08:22:55.891;11.8;30.009748;6045328
634;08:22:56.061;8.3;30.012428;6045868
635;08:22:56.231;6.7;30.015506;6046488
636;08:22:56.402;8.9;30.012825;6045948
637;08:22:56.573;8.1;30.014990;6046164
638;08:22:56.742;8.5;30.014831;6046352
639;08:22:56.914;6.5;30.017214;6046612
640;08:22:57.084;10.0;30.012647;6045944
641;08:22:57.254;4.5;30.008159;6045252
642;08:22:57.423;0.0;30.010939;6045568
643;08:22:57.592;4.8;30.012686;6045920
644;08:22:57.760;0.0;30.011515;6045464
645;08:22:57.927;0.0;30.041161;6051656
646;08:22:58.095;1.6;30.155991;6074788
647;08:22:58.262;0.0;30.247906;6093084
648;08:22:58.430;4.8;30.326459;6109160
649;08:22:58.599;3.1;30.396135;6123096
650;08:22:58.769;1.6;30.477646;6139364
651;08:22:58.937;1.5;30.562096;6156596
652;08:22:59.106;0.0;30.645453;6173640
653;08:22:59.275;0.0;30.740010;6192436
654;08:22:59.443;0.0;30.796144;6203744
655;08:22:59.612;0.0;30.839570;6212736
656;08:22:59.780;1.6;30.859248;6218504
657;08:22:59.950;1.6;30.902734;6225216
658;08:23:00.120;0.0;30.939647;6232904
659;08:23:00.288;1.6;30.986230;6242288
660;08:23:00.458;0.0;31.006523;6246124
661;08:23:00.627;1.5;31.054953;6255912
662;08:23:00.795;1.6;31.139999;6273012
663;08:23:00.963;0.0;31.254432;6296064
664;08:23:01.132;3.0;31.291305;6303344
665;08:23:01.301;1.5;31.291305;6303492
666;08:23:01.469;1.6;31.292556;6303744
667;08:23:01.638;0.0;31.293847;6304004
668;08:23:01.807;1.5;31.294224;6304332
669;08:23:01.976;0.0;31.518046;6351184
670;08:23:02.145;0.0;31.569574;6359604
671;08:23:02.313;0.0;31.569137;6359240
672;08:23:02.482;0.0;31.571004;6359836
673;08:23:02.651;0.0;31.569991;6359412
674;08:23:02.819;0.0;31.569276;6359268
675;08:23:02.987;1.6;31.571163;6359868
676;08:23:03.155;0.0;31.569931;6359620
677;08:23:03.324;0.0;31.567350;6359100
678;08:23:03.492;0.0;31.569296;6359492
679;08:23:03.662;0.0;31.569137;6359240
680;08:23:03.831;1.5;31.568522;6359336
681;08:23:03.999;0.0;31.568681;6359368
682;08:23:04.169;0.0;31.568959;6359424
683;08:23:04.337;1.6;31.568164;6359264
684;08:23:04.506;0.0;31.568641;6359360
685;08:23:04.674;3.0;31.568820;6359176
686;08:23:04.843;1.5;31.567727;6359468
687;08:23:05.012;1.5;31.570249;6359912
688;08:23:05.186;1.6;31.576742;6360664
689;08:23:05.365;3.2;31.566556;6358864
690;08:23:05.541;4.7;31.568899;6359412
691;08:23:05.714;1.6;31.566079;6358844
692;08:23:05.885;1.5;31.566814;6358992
693;08:23:06.057;0.0;31.567986;6359228
694;08:23:06.227;3.2;31.570527;6359592
695;08:23:06.396;6.0;31.571381;6359912
696;08:23:06.565;1.5;31.573982;6360396
697;08:23:06.735;1.5;31.574141;6360468
698;08:23:06.908;1.5;31.573545;6360348
699;08:23:07.085;5.9;31.572831;6360204
700;08:23:07.254;3.0;31.571719;6359980
701;08:23:07.424;1.6;31.570587;6359868
702;08:23:07.593;2.9;31.572791;6360212
703;08:23:07.766;4.5;31.572652;6360168
704;08:23:07.938;13.3;31.576544;6360952
705;08:23:08.106;9.6;31.576603;6360964
706;08:23:08.276;5.7;31.582600;6362172
707;08:23:08.445;1.4;31.589172;6363496
708;08:23:08.619;0.0;31.579403;6361048
709;08:23:08.789;1.5;31.576504;6360724
710;08:23:08.960;12.7;31.576961;6361036
711;08:23:09.132;1.4;31.587882;6363236
712;08:23:09.310;1.4;31.595665;6364804
713;08:23:09.486;5.7;31.582064;6361844
714;08:23:09.658;1.6;31.577596;6361164
715;08:23:09.828;4.5;31.577755;6361196
716;08:23:09.999;1.4;31.577497;6361144
717;08:23:10.169;6.2;31.578847;6361416
718;08:23:10.339;0.0;31.578053;6361256
719;08:23:10.510;0.0;31.573545;6360500
720;08:23:10.679;4.0;31.576047;6360884
721;08:23:10.848;1.4;31.577278;6361100
722;08:23:11.017;0.0;31.581607;6361972
723;08:23:11.190;1.5;31.605256;6366736
724;08:23:11.362;4.5;31.626284;6371032
725;08:23:11.532;4.8;31.656704;6377100
726;08:23:11.701;0.0;31.685099;6382820
727;08:23:11.869;0.0;31.726698;6391200
728;08:23:12.037;1.3;31.758409;6397220
729;08:23:12.206;0.0;31.796593;6405280
730;08:23:12.374;0.0;31.826934;6411392
731;08:23:12.542;0.0;31.867977;6419660
732;08:23:12.710;3.0;31.920796;6430080
733;08:23:12.878;0.0;31.953062;6438848
734;08:23:13.047;0.0;32.002326;6446724
735;08:23:13.215;0.0;32.031674;6452636
736;08:23:13.382;1.5;32.031059;6452512
737;08:23:13.551;1.3;32.031098;6452316
738;08:23:13.718;1.4;32.028418;6451980
739;08:23:13.886;0.0;32.030483;6452176
740;08:23:14.053;1.6;32.029391;6451956
741;08:23:14.221;1.3;32.029172;6452132
742;08:23:14.389;1.5;32.031893;6452680
743;08:23:14.556;0.0;32.032250;6452752
744;08:23:14.724;1.5;32.070196;6460396
745;08:23:14.892;0.0;32.122339;6470900
746;08:23:15.060;0.0;32.230875;6497332
747;08:23:15.228;4.6;32.570798;6561240
748;08:23:15.398;1.6;32.593315;6565776
749;08:23:15.567;1.5;32.594149;6565944
750;08:23:15.735;1.5;32.635629;6574300
751;08:23:15.903;0.0;32.657015;6578608
752;08:23:16.071;0.0;32.687475;6584744
753;08:23:16.239;0.0;32.686402;6584528
754;08:23:16.407;0.0;32.687614;6584772
755;08:23:16.575;0.0;32.687435;6584736
756;08:23:16.744;1.6;32.688130;6584876
757;08:23:16.913;1.6;32.688130;6584656
758;08:23:17.082;0.0;32.687614;6584772
759;08:23:17.250;0.0;32.688487;6584948
760;08:23:17.419;1.6;32.688606;6584972
761;08:23:17.588;0.0;32.689857;6585224
762;08:23:17.755;0.0;32.689778;6585208
763;08:23:17.923;4.6;32.685727;6584644
764;08:23:18.091;0.0;32.689202;6584872
765;08:23:18.260;3.1;32.689937;6585240
766;08:23:18.428;0.0;32.688845;6585020
767;08:23:18.596;1.5;32.686899;6584408
768;08:23:18.765;1.5;32.687355;6584720
769;08:23:18.941;1.6;32.691585;6585572
770;08:23:19.114;0.0;32.690532;6585200
771;08:23:19.284;3.2;32.696489;6586560
772;08:23:19.457;3.2;32.696251;6586512
773;08:23:19.633;1.8;32.691883;6585632
774;08:23:19.805;1.8;32.692677;6585792
775;08:23:19.977;1.7;32.691466;6585548
776;08:23:20.147;0.0;32.694385;6585916
777;08:23:20.318;1.7;32.692895;6585836
778;08:23:20.490;0.0;32.688209;6584892
779;08:23:20.661;0.0;32.687614;6584552
780;08:23:20.833;3.4;32.689321;6585116
781;08:23:21.003;1.6;32.690215;6585548
782;08:23:21.177;1.7;32.691347;6585524
783;08:23:21.348;1.6;32.694583;6586176
784;08:23:21.521;0.0;32.690056;6585108
785;08:23:21.692;0.0;32.689361;6585124
786;08:23:21.864;1.6;32.689003;6585304
787;08:23:22.036;1.7;32.698157;6586676
788;08:23:22.208;0.0;32.700004;6587116
789;08:23:22.379;1.6;32.702069;6587684
790;08:23:22.550;1.6;32.698674;6587428
791;08:23:22.723;0.0;32.701612;6587372
792;08:23:22.893;1.7;32.702029;6587676
793;08:23:23.064;1.6;32.702704;6587812
794;08:23:23.233;3.2;32.701712;6588008
795;08:23:23.404;3.2;32.703777;6588028
796;08:23:23.577;0.0;32.703121;6587676
797;08:23:23.747;1.6;32.701136;6587276
798;08:23:23.918;1.6;32.699805;6587228
799;08:23:24.089;2.9;32.702009;6587672
800;08:23:24.261;3.0;32.701573;6587736
801;08:23:24.433;1.6;32.701851;6587892
802;08:23:24.604;1.6;32.701732;6587776
803;08:23:24.775;1.6;32.700659;6587400
804;08:23:24.947;4.5;32.700064;6587540
805;08:23:25.118;0.0;32.703360;6587572
806;08:23:25.289;1.5;32.703618;6587776
807;08:23:25.461;1.5;32.704412;6588156
808;08:23:25.631;2.9;32.705107;6588000
809;08:23:25.803;0.0;32.703955;6588064
810;08:23:25.974;0.0;32.701394;6588068
811;08:23:26.146;0.0;32.702744;6587820
812;08:23:26.318;2.9;32.703658;6588004
813;08:23:26.488;1.4;32.705445;6588364
814;08:23:26.659;1.5;32.704293;6588132
815;08:23:26.831;2.9;32.708522;6588808
816;08:23:27.004;3.0;32.704055;6588352
817;08:23:27.174;1.5;32.708463;6588972
818;08:23:27.343;3.2;32.768290;6601284
819;08:23:27.512;3.1;32.851866;6617860
820;08:23:27.682;0.0;32.948687;6637364
821;08:23:27.850;0.0;33.060816;6662000
822;08:23:28.018;3.9;33.161965;6680580
823;08:23:28.186;1.6;33.222508;6695068
824;08:23:28.356;1.5;33.352429;6718548
825;08:23:28.525;1.5;33.466445;6741908
826;08:23:28.695;3.2;33.526808;6753824
827;08:23:28.863;0.0;33.590488;6766652
828;08:23:29.038;4.6;33.596147;6767792
829;08:23:29.206;0.0;33.598748;6768316
830;08:23:29.374;1.6;33.597299;6768024
831;08:23:29.543;1.5;33.597974;6768160
832;08:23:29.712;1.6;33.594777;6767516
833;08:23:29.881;1.6;33.592712;6767100
834;08:23:30.050;1.5;33.593447;6767248
835;08:23:30.219;1.6;33.592930;6767144
836;08:23:30.388;1.5;33.592156;6767256
837;08:23:30.557;1.5;33.611814;6770800
838;08:23:30.725;3.1;33.619757;6772792
839;08:23:30.894;1.6;33.632385;6775092
840;08:23:31.063;0.0;33.654069;6779460
841;08:23:31.232;1.6;33.838198;6818600
842;08:23:31.402;0.0;34.034539;6856364
843;08:23:31.570;1.6;34.035750;6856200
844;08:23:31.738;0.0;34.034300;6856056
845;08:23:31.907;1.5;34.034201;6856036
846;08:23:32.075;0.0;34.036445;6856488
847;08:23:32.244;0.0;34.037001;6856304
848;08:23:32.413;0.0;34.036723;6856248
849;08:23:32.581;3.2;34.055845;6860444
850;08:23:32.750;0.0;34.056123;6860304
851;08:23:32.918;0.0;34.057334;6860696
852;08:23:33.086;1.3;34.057334;6860548
853;08:23:33.256;1.5;34.056599;6860548
854;08:23:33.424;0.0;34.055348;6860296
855;08:23:33.592;1.5;34.055507;6860588
856;08:23:33.762;1.5;34.057493;6860728
857;08:23:33.934;0.0;34.056182;6860464
858;08:23:34.103;0.0;34.057870;6861064
859;08:23:34.277;1.5;34.057731;6861028
860;08:23:34.453;1.5;34.059181;6861352
861;08:23:34.625;0.0;34.058525;6860936
862;08:23:34.800;1.6;34.057274;6860952
863;08:23:34.969;1.6;34.056023;6860700
864;08:23:35.138;3.2;34.057731;6860776
865;08:23:35.307;1.6;34.058803;6860696
866;08:23:35.476;1.6;34.056917;6860612
867;08:23:35.646;0.0;34.057394;6860708
868;08:23:35.814;0.0;34.056143;6860456
869;08:23:35.982;0.0;34.054792;6860444
870;08:23:36.150;1.6;34.054673;6860160
871;08:23:36.317;1.3;34.055130;6860252
872;08:23:36.485;1.6;34.057989;6860784
873;08:23:36.658;0.0;34.058923;6860868
874;08:23:36.826;1.6;34.059836;6861200
875;08:23:36.994;0.0;34.059022;6861036
876;08:23:37.162;1.5;34.058565;6860944
877;08:23:37.331;1.3;34.057354;6860700
878;08:23:37.498;0.0;34.057135;6860656
879;08:23:37.667;0.0;34.055746;6860080
880;08:23:37.835;0.0;34.058923;6860868
881;08:23:38.004;1.6;34.059042;6861040
882;08:23:38.174;3.0;34.059141;6861292
883;08:23:38.343;1.6;34.060273;6861452
884;08:23:38.513;0.0;34.061861;6861460
885;08:23:38.681;0.0;34.060372;6861308
886;08:23:38.850;0.0;34.060094;6861252
887;08:23:39.049;0.0;34.060015;6861236
888;08:23:39.218;1.6;34.060015;6861356
889;08:23:39.386;1.5;34.059280;6861088
890;08:23:39.553;0.0;34.060432;6861540
891;08:23:39.721;3.2;34.151930;6879288
892;08:23:39.889;1.5;34.152784;6879924
893;08:23:40.058;1.5;34.153340;6879740
894;08:23:40.226;1.4;34.153340;6880036
895;08:23:40.394;1.6;34.152864;6879940
896;08:23:40.562;1.5;34.157133;6880652
897;08:23:40.731;0.0;34.155941;6880412
898;08:23:40.900;1.5;34.153201;6880008
899;08:23:41.071;1.5;34.153856;6879992
900;08:23:41.240;0.0;34.153856;6879992
901;08:23:41.409;0.0;34.151355;6879756
902;08:23:41.579;0.0;34.154949;6880360
903;08:23:41.748;1.6;34.155981;6880272
904;08:23:41.917;0.0;34.155941;6880560
905;08:23:42.085;0.0;34.154174;6880204
906;08:23:42.253;0.0;34.152923;6879952
907;08:23:42.422;1.6;34.155584;6880488
908;08:23:42.589;1.6;34.154293;6880228
909;08:23:42.757;1.6;34.153519;6880072
910;08:23:42.926;1.4;34.156180;6880884
911;08:23:43.101;1.5;34.156418;6880656
912;08:23:43.277;4.4;34.155088;6880236
913;08:23:43.446;6.8;34.152963;6879664
914;08:23:43.617;2.9;34.164202;6882224
915;08:23:43.794;5.5;34.151553;6879928
916;08:23:43.963;2.8;34.153936;6879856
917;08:23:44.134;4.1;34.155683;6880508
918;08:23:44.306;2.9;34.157629;6880900
919;08:23:44.477;1.4;34.157510;6880728
920;08:23:44.647;2.9;34.155008;6880372
921;08:23:44.817;1.4;34.153638;6880500
922;08:23:44.988;4.2;34.156954;6880616
923;08:23:45.159;4.3;34.158245;6880876
924;08:23:45.330;6.9;34.157153;6880804
925;08:23:45.499;4.2;34.156378;6880860
926;08:23:45.670;5.6;34.155246;6880420
927;08:23:45.840;5.2;34.153995;6880168
928;08:23:46.011;2.7;34.154313;6880720
929;08:23:46.181;4.1;34.156497;6880076
930;08:23:46.351;1.5;34.153936;6880156
931;08:23:46.522;5.4;34.153062;6880132
932;08:23:46.693;2.9;34.152804;6880220
933;08:23:46.863;5.4;34.153837;6880396
934;08:23:47.034;2.9;34.154432;6880256
935;08:23:47.204;6.7;34.152367;6880184
936;08:23:47.376;2.8;34.155068;6880384
937;08:23:47.547;4.3;34.152010;6879628
938;08:23:47.719;1.4;34.153221;6880428
939;08:23:47.888;2.9;34.154710;6880312
940;08:23:48.059;1.5;34.155088;6880388
941;08:23:48.231;3.0;34.153817;6880392
942;08:23:48.402;1.5;34.154214;6880456
943;08:23:48.572;1.5;34.159516;6881280
944;08:23:48.744;1.4;34.157212;6880816
945;08:23:48.916;0.0;34.156259;6880624
946;08:23:49.085;4.3;34.154571;6880132
947;08:23:49.256;2.9;34.155425;6880560
948;08:23:49.425;0.0;34.154412;6880104
949;08:23:49.596;4.2;34.154710;6880312
950;08:23:49.767;2.9;34.150977;6879560
951;08:23:49.937;1.5;34.155425;6880308
952;08:23:50.107;2.8;34.153340;6880280
953;08:23:50.278;1.3;34.155524;6880476
954;08:23:50.447;1.4;34.157014;6880776
955;08:23:50.617;7.9;34.157788;6881084
956;08:23:50.788;5.3;34.156736;6880720
957;08:23:50.959;6.8;34.156060;6880288
958;08:23:51.132;12.0;34.152586;6880036
959;08:23:51.303;4.9;34.153201;6880168
960;08:23:51.473;9.2;34.155505;6880624
961;08:23:51.643;9.0;34.156577;6880688
962;08:23:51.814;6.8;34.155048;6880380
963;08:23:51.986;11.5;34.155088;6880388
964;08:23:52.156;6.6;34.155207;6880476
965;08:23:52.326;12.3;34.154115;6880460
966;08:23:52.496;14.5;34.158026;6880832
967;08:23:52.667;13.4;34.158960;6881168
968;08:23:52.838;14.7;34.155564;6880484
969;08:23:53.008;8.7;34.155405;6880452
970;08:23:53.178;16.5;34.154115;6880192
971;08:23:53.349;16.0;34.152248;6879972
972;08:23:53.519;13.9;34.154690;6880308
973;08:23:53.691;8.8;34.154889;6880916
974;08:23:53.862;7.5;34.155485;6880172
975;08:23:54.033;7.4;34.158145;6880640
976;08:23:54.202;3.1;34.156378;6880648
977;08:23:54.372;1.5;34.156577;6880820
978;08:23:54.542;3.0;34.157053;6880784
979;08:23:54.712;3.2;34.157153;6880508
980;08:23:54.882;2.9;34.153400;6880084
981;08:23:55.052;1.7;34.154055;6880456
982;08:23:55.222;0.0;34.156775;6880728
983;08:23:55.392;4.7;34.163864;6882156
984;08:23:55.560;0.0;34.165671;6882520
985;08:23:55.730;1.6;34.163646;6882112
986;08:23:55.899;1.5;34.165631;6882364
987;08:23:56.067;0.0;34.196329;6888696
988;08:23:56.235;0.0;34.310604;6911716
989;08:23:56.402;0.0;34.413480;6934456
990;08:23:56.570;6.2;34.483732;6945808
991;08:23:56.739;3.1;34.559941;6962212
992;08:23:56.908;1.4;34.631921;6976444
993;08:23:57.076;1.6;34.715994;6993380
994;08:23:57.244;1.6;34.798438;7009904
995;08:23:57.413;1.6;34.880902;7026396
996;08:23:57.582;1.5;34.953934;7041408
997;08:23:57.751;1.6;34.986479;7047868
998;08:23:57.920;1.5;35.008182;7052240
999;08:23:58.089;0.0;35.060563;7062792
1000;08:23:58.258;1.6;35.088819;7068156
1001;08:23:58.427;1.6;35.132245;7077232
1002;08:23:58.596;0.0;35.151168;7081320
1003;08:23:58.765;1.6;35.222811;7095476
1004;08:23:58.933;0.0;35.315957;7113944
1005;08:23:59.101;1.5;35.427789;7136768
1006;08:23:59.269;1.5;35.428643;7136940
1007;08:23:59.438;1.6;35.431760;7137568
1008;08:23:59.607;1.6;35.429060;7137284
1009;08:23:59.775;1.6;35.428643;7137184
1010;08:23:59.944;4.5;35.429517;7137212
1011;08:24:00.114;1.6;35.717912;7195064
1012;08:24:00.283;1.5;35.716820;7194992
1013;08:24:00.451;1.6;35.715371;7194700
1014;08:24:00.620;0.0;35.715132;7194652
1015;08:24:00.788;0.0;35.715867;7194800
1016;08:24:00.956;1.5;35.717754;7195032
1017;08:24:01.123;0.0;35.716344;7195140
1018;08:24:01.292;0.0;35.716761;7194980
1019;08:24:01.460;1.6;35.716761;7195092
1020;08:24:01.630;0.0;35.716800;7195100
1021;08:24:01.798;0.0;35.717257;7195080
1022;08:24:01.967;0.0;35.715391;7194556
1023;08:24:02.136;1.4;35.715391;7194704
1024;08:24:02.304;0.0;35.715391;7194556
1025;08:24:02.474;3.1;35.719481;7195232
1026;08:24:02.643;0.0;35.716165;7194860
Build Completed
