ID; Time; CPU %; MEM %; MEM KiB
1;12:12:25.440;13.8;14.226460;2867116
2;12:12:25.617;24.2;14.288392;2878876
3;12:12:25.787;20.3;14.337140;2888152
4;12:12:25.957;9.7;14.353521;2891972
5;12:12:26.127;12.7;14.408127;2902452
6;12:12:26.296;1.6;14.408544;2902656
7;12:12:26.466;4.5;14.413528;2903540
8;12:12:26.635;1.6;14.412257;2903504
9;12:12:26.805;15.9;14.491147;2918956
10;12:12:26.977;22.2;14.506575;2922528
11;12:12:27.146;7.5;14.507667;2922284
12;12:12:27.315;0.0;14.507588;2922268
13;12:12:27.484;1.5;14.506297;2922228
14;12:12:27.654;1.6;14.504451;2921856
15;12:12:27.823;4.7;14.504490;2921864
16;12:12:27.994;12.5;14.432054;2907052
17;12:12:28.164;15.2;14.459277;2912756
18;12:12:28.338;1.6;14.459257;2912752
19;12:12:28.507;0.0;14.458701;2912680
20;12:12:28.679;2.9;14.457609;2912420
21;12:12:28.857;4.6;14.458701;2912884
22;12:12:29.031;4.4;14.459992;2912900
23;12:12:29.207;3.1;14.456179;2912400
24;12:12:29.377;4.7;14.457331;2912584
25;12:12:29.548;3.2;14.457947;2912488
26;12:12:29.718;12.5;14.447443;2910332
27;12:12:29.886;18.2;14.514359;2924112
28;12:12:30.057;3.1;14.515689;2924120
29;12:12:30.225;1.6;14.519879;2924744
30;12:12:30.397;3.0;14.523632;2925720
31;12:12:30.566;1.6;14.521051;2925208
32;12:12:30.738;3.2;14.524029;2926248
33;12:12:30.907;1.6;14.523195;2925632
34;12:12:31.077;3.1;14.522758;2925544
35;12:12:31.247;0.0;14.524486;2925892
36;12:12:31.416;3.2;14.523830;2925760
37;12:12:31.584;3.1;14.523036;2925600
38;12:12:31.759;4.5;14.524029;2925580
39;12:12:31.932;1.6;14.525439;2926084
40;12:12:32.102;1.7;14.524367;2925868
41;12:12:32.274;1.6;14.533540;2928220
42;12:12:32.447;4.3;14.540649;2929180
43;12:12:32.623;3.3;14.524843;2925964
44;12:12:32.797;4.4;14.523910;2925556
45;12:12:32.968;1.6;14.528179;2926868
46;12:12:33.143;3.1;14.537591;2928532
47;12:12:33.322;6.2;14.549088;2930380
48;12:12:33.506;4.5;14.534672;2927280
49;12:12:33.679;1.5;14.544819;2929988
50;12:12:33.850;4.2;14.555660;2932172
51;12:12:34.023;4.4;14.556137;2932268
52;12:12:34.196;2.8;14.566105;2934276
53;12:12:34.367;3.0;14.570950;2935252
54;12:12:34.538;1.7;14.593447;2940036
55;12:12:34.708;4.8;14.624960;2946132
56;12:12:34.877;3.1;14.659252;2953040
57;12:12:35.047;1.5;14.695212;2960516
58;12:12:35.215;1.6;14.742768;2969416
59;12:12:35.385;6.0;14.756012;2972844
60;12:12:35.556;3.2;14.786393;2978404
61;12:12:35.725;0.0;14.828886;2987212
62;12:12:35.894;0.0;14.859346;2993348
63;12:12:36.063;0.0;14.902394;3002020
64;12:12:36.231;3.0;14.943636;3010328
65;12:12:36.399;1.6;14.984024;3018464
66;12:12:36.568;0.0;15.024293;3026356
67;12:12:36.736;1.6;15.063033;3034380
68;12:12:36.904;2.9;15.093533;3040792
69;12:12:37.073;4.4;15.116090;3045068
70;12:12:37.241;3.0;15.114779;3044804
71;12:12:37.410;2.9;15.118413;3045536
72;12:12:37.578;1.6;15.117083;3045308
73;12:12:37.747;0.0;15.118572;3045568
74;12:12:37.915;3.1;15.118373;3045528
75;12:12:38.083;1.6;15.117361;3045324
76;12:12:38.252;1.6;15.116110;3045072
77;12:12:38.420;0.0;15.159397;3053792
78;12:12:38.589;1.6;15.219403;3065880
79;12:12:38.757;1.6;15.259712;3074000
80;12:12:38.926;3.1;15.669907;3156636
81;12:12:39.096;6.0;15.699295;3162552
82;12:12:39.266;3.1;15.700486;3163052
83;12:12:39.434;1.5;15.731343;3171528
84;12:12:39.604;0.0;15.744508;3171660
85;12:12:39.773;3.1;15.795182;3181868
86;12:12:39.942;0.0;15.794407;3181712
87;12:12:40.111;0.0;15.794249;3181680
88;12:12:40.280;1.6;15.795500;3181932
89;12:12:40.449;1.6;15.795976;3182028
90;12:12:40.618;1.5;15.797922;3182420
91;12:12:40.788;1.6;15.795738;3181980
92;12:12:40.957;1.6;15.797803;3182396
93;12:12:41.126;1.6;15.796850;3182204
94;12:12:41.296;1.6;15.794824;3181796
95;12:12:41.464;3.1;15.794824;3181576
96;12:12:41.634;3.1;15.794209;3181908
97;12:12:41.802;3.1;15.796234;3182080
98;12:12:41.974;1.6;15.798260;3182488
99;12:12:42.144;6.0;15.806599;3184168
100;12:12:42.322;4.5;15.806441;3184444
101;12:12:42.499;3.2;15.807354;3184548
102;12:12:42.675;4.5;15.807235;3184296
103;12:12:42.852;1.6;15.805785;3184004
104;12:12:43.025;3.2;15.802469;3183596
105;12:12:43.199;0.0;15.803263;3183496
106;12:12:43.371;3.9;15.804951;3183616
107;12:12:43.543;3.0;15.812100;3185276
108;12:12:43.719;3.0;15.820281;3186924
109;12:12:43.895;4.8;15.809637;3184556
110;12:12:44.066;1.7;15.804296;3183704
111;12:12:44.236;1.9;15.805706;3183988
112;12:12:44.406;2.0;15.802092;3183260
113;12:12:44.579;3.8;15.802569;3182936
114;12:12:44.750;2.0;15.804336;3183712
115;12:12:44.923;1.9;15.806500;3184196
116;12:12:45.094;3.8;15.807453;3184340
117;12:12:45.265;0.0;15.806163;3184080
118;12:12:45.438;3.7;15.807294;3184508
119;12:12:45.611;1.9;15.807433;3184336
120;12:12:45.782;3.6;15.805388;3183704
121;12:12:45.953;1.8;15.802430;3183328
122;12:12:46.123;0.0;15.806540;3184156
123;12:12:46.293;1.8;15.803621;3183568
124;12:12:46.464;1.8;15.805984;3184092
125;12:12:46.637;1.8;15.804137;3183672
126;12:12:46.808;1.9;15.802390;3183320
127;12:12:46.979;1.7;15.802827;3183408
128;12:12:47.150;7.8;15.804018;3183648
129;12:12:47.323;3.0;15.813251;3185508
130;12:12:47.499;1.8;15.806222;3184416
131;12:12:47.668;1.7;15.802946;3183432
132;12:12:47.838;1.5;15.811703;3185448
133;12:12:48.014;1.7;15.805130;3183872
134;12:12:48.185;3.2;15.807513;3184352
135;12:12:48.360;4.8;15.807791;3184408
136;12:12:48.534;4.5;15.806024;3183908
137;12:12:48.710;1.7;15.807612;3184372
138;12:12:48.881;0.0;15.804951;3183836
139;12:12:49.053;1.6;15.806639;3184420
140;12:12:49.224;0.0;15.808208;3184492
141;12:12:49.396;1.7;15.806619;3184172
142;12:12:49.567;3.3;15.804872;3183820
143;12:12:49.738;1.6;15.806163;3184080
144;12:12:49.908;1.6;15.806083;3184064
145;12:12:50.079;1.6;15.803899;3183404
146;12:12:50.250;3.1;15.802092;3183260
147;12:12:50.423;1.6;15.802132;3183528
148;12:12:50.594;0.0;15.803343;3183664
149;12:12:50.766;1.6;15.804753;3183796
150;12:12:50.937;3.0;15.803323;3183508
151;12:12:51.107;1.6;15.800801;3183276
152;12:12:51.277;1.6;15.802291;3183720
153;12:12:51.448;3.0;15.814860;3186064
154;12:12:51.622;4.5;15.823497;3187572
155;12:12:51.793;3.1;15.826337;3187924
156;12:12:51.965;2.9;15.826754;3188228
157;12:12:52.139;3.2;15.827806;3188708
158;12:12:52.310;6.1;15.835193;3190148
159;12:12:52.482;3.0;15.833922;3189956
160;12:12:52.657;3.0;15.844684;3191840
161;12:12:52.827;1.5;15.848020;3192512
162;12:12:53.000;0.0;15.858604;3194424
163;12:12:53.172;1.5;15.856221;3194164
164;12:12:53.343;4.3;15.866566;3196028
165;12:12:53.515;5.8;15.865494;3196032
166;12:12:53.686;1.5;15.873258;3197596
167;12:12:53.858;5.6;15.876514;3198032
168;12:12:54.031;2.9;15.882491;3199456
169;12:12:54.204;4.3;15.880763;3201632
170;12:12:54.379;5.7;15.894186;3202036
171;12:12:54.551;4.4;15.893293;3201908
172;12:12:54.723;4.1;15.905505;3203860
173;12:12:54.894;6.7;15.913467;3205948
174;12:12:55.066;4.0;15.916287;3206264
175;12:12:55.238;5.6;15.928776;3208812
176;12:12:55.410;1.6;15.929849;3208996
177;12:12:55.586;3.0;15.927784;3208580
178;12:12:55.761;4.6;15.927386;3208776
179;12:12:55.937;6.0;15.929829;3208992
180;12:12:56.115;4.5;15.928796;3208784
181;12:12:56.292;3.0;15.928359;3208956
182;12:12:56.468;3.1;15.926255;3208272
183;12:12:56.643;4.6;15.927367;3208496
184;12:12:56.819;3.0;15.925857;3208192
185;12:12:56.991;6.2;15.928141;3207872
186;12:12:57.164;6.0;15.937255;3210732
187;12:12:57.337;3.0;15.939459;3210932
188;12:12:57.511;3.0;15.940869;3211216
189;12:12:57.690;3.0;15.937791;3210376
190;12:12:57.865;4.5;15.937871;3210392
191;12:12:58.039;4.5;15.938228;3210904
192;12:12:58.214;6.0;15.939658;3210972
193;12:12:58.388;3.0;15.940571;3211196
194;12:12:58.564;4.8;15.941425;3211328
195;12:12:58.738;4.8;15.939817;3211004
196;12:12:58.912;6.6;15.950777;3212992
197;12:12:59.083;10.7;15.947024;3212480
198;12:12:59.254;7.5;15.954332;3216040
199;12:12:59.429;4.4;15.962155;3215284
200;12:12:59.602;6.0;15.957251;3214564
201;12:12:59.772;11.4;16.020474;3227252
202;12:12:59.941;0.0;16.038364;3230856
203;12:13:00.110;1.6;16.048471;3233152
204;12:13:00.279;1.6;16.049683;3233136
205;12:13:00.448;3.1;16.068884;3237004
206;12:13:00.618;0.0;16.108815;3245048
207;12:13:00.787;1.6;16.173845;3258400
208;12:13:00.957;3.1;16.184707;3260832
209;12:13:01.126;1.5;16.186891;3260556
210;12:13:01.296;1.5;16.204285;3266296
211;12:13:01.465;1.6;16.360695;3297844
212;12:13:01.633;0.0;16.512120;3326292
213;12:13:01.803;0.0;16.678299;3361564
214;12:13:01.972;3.1;16.814693;3387080
215;12:13:02.141;3.1;16.812470;3386796
216;12:13:02.310;1.6;16.934706;3413468
217;12:13:02.479;3.0;16.938816;3412248
218;12:13:02.648;1.6;16.942093;3413404
219;12:13:02.818;1.5;17.089944;3442692
220;12:13:02.986;1.4;17.254356;3475812
221;12:13:03.155;7.4;17.363904;3498088
222;12:13:03.325;3.0;17.457944;3516604
223;12:13:03.495;3.0;17.457408;3516960
224;12:13:03.665;3.0;17.458441;3516948
225;12:13:03.836;0.0;17.457587;3516816
226;12:13:04.005;3.1;17.456674;3517072
227;12:13:04.174;0.0;17.460307;3517828
228;12:13:04.343;1.6;17.478099;3520556
229;12:13:04.512;1.5;17.622853;3549824
230;12:13:04.681;1.6;17.725650;3570784
231;12:13:04.850;1.6;17.754581;3576636
232;12:13:05.021;3.1;17.752337;3576128
233;12:13:05.190;1.6;17.754998;3576956
234;12:13:05.360;1.5;17.756487;3576964
235;12:13:05.529;1.5;17.818320;3589680
236;12:13:05.698;1.6;17.910613;3608068
237;12:13:05.866;1.6;17.912519;3608068
238;12:13:06.036;3.1;17.909997;3608132
239;12:13:06.205;1.6;17.909143;3607732
240;12:13:06.375;3.1;17.910176;3607704
241;12:13:06.544;1.5;17.907694;3607668
242;12:13:06.714;1.6;17.908329;3607332
243;12:13:06.883;1.5;17.908170;3607520
244;12:13:07.052;3.1;17.909282;3607524
245;12:13:07.222;1.6;17.920978;3610376
246;12:13:07.391;1.4;17.921792;3610508
247;12:13:07.560;3.0;17.930807;3611860
248;12:13:07.729;1.6;17.936903;3613552
249;12:13:07.899;4.6;17.937280;3613384
250;12:13:08.068;1.6;17.947963;3615208
251;12:13:08.237;1.6;17.958725;3618224
252;12:13:08.407;4.5;17.984122;3622820
253;12:13:08.576;0.0;18.043254;3634656
254;12:13:08.746;3.2;18.084079;3642956
255;12:13:08.915;0.0;18.086938;3643532
256;12:13:09.085;1.6;18.087633;3643672
257;12:13:09.254;3.1;18.096350;3645460
258;12:13:09.423;1.5;18.107649;3647704
259;12:13:09.592;3.0;18.104154;3647260
260;12:13:09.762;3.0;18.108701;3647916
261;12:13:09.933;3.0;18.108721;3647920
262;12:13:10.101;1.6;18.118788;3649948
263;12:13:10.271;3.0;18.127545;3651492
264;12:13:10.440;1.6;18.126572;3651516
265;12:13:10.609;3.1;18.125758;3651596
266;12:13:10.779;1.6;18.137076;3653892
267;12:13:10.948;1.6;18.147044;3655664
268;12:13:11.118;3.0;18.148891;3655684
269;12:13:11.287;1.6;18.155046;3657252
270;12:13:11.457;0.0;18.156337;3657512
271;12:13:11.626;1.5;18.246009;3675576
272;12:13:11.796;1.5;18.260206;3678452
273;12:13:11.965;3.1;18.256890;3677768
274;12:13:12.135;3.1;18.257843;3678220
275;12:13:12.304;3.0;18.267692;3679944
276;12:13:12.473;0.0;18.265826;3679812
277;12:13:12.642;1.6;18.311773;3688604
278;12:13:12.811;0.0;18.305936;3687648
279;12:13:12.980;1.6;18.308021;3688132
280;12:13:13.149;1.5;18.308040;3687744
281;12:13:13.319;1.6;18.307743;3688532
282;12:13:13.488;1.6;18.308418;3687928
283;12:13:13.657;1.5;18.306174;3687956
284;12:13:13.831;4.7;18.308994;3688508
285;12:13:14.000;3.2;18.309391;3688344
286;12:13:14.169;3.1;18.311813;3689076
287;12:13:14.338;3.1;18.311019;3688916
288;12:13:14.507;3.0;18.313640;3689200
289;12:13:14.676;1.5;18.310364;3688540
290;12:13:14.845;3.0;18.311615;3688792
291;12:13:15.014;3.0;18.320371;3690556
292;12:13:15.183;1.5;18.333040;3693108
293;12:13:15.352;1.5;18.354743;3697480
294;12:13:15.521;1.6;18.362169;3698756
295;12:13:15.690;0.0;18.372177;3700992
296;12:13:15.859;4.6;18.382463;3703064
297;12:13:16.027;1.6;18.405178;3707420
298;12:13:16.196;3.0;18.415166;3709652
299;12:13:16.366;1.6;18.461849;3721356
300;12:13:16.536;3.2;18.794802;3785908
301;12:13:16.705;3.0;18.794882;3786144
302;12:13:16.874;3.1;18.796689;3786508
303;12:13:17.042;1.6;18.795815;3786332
304;12:13:17.211;1.5;18.795815;3786332
305;12:13:17.382;1.6;18.795855;3786340
306;12:13:17.551;0.0;18.793671;3785900
307;12:13:17.719;1.5;18.793591;3785884
308;12:13:17.888;1.5;18.814143;3790024
309;12:13:18.057;1.6;18.816525;3790284
310;12:13:18.226;1.5;18.814024;3790000
311;12:13:18.395;1.6;18.814024;3790284
312;12:13:18.564;3.1;18.815274;3790260
313;12:13:18.734;1.5;18.814043;3790004
314;12:13:18.903;3.1;18.817737;3790308
315;12:13:19.072;1.6;18.815632;3790584
316;12:13:19.240;3.2;18.684043;3764360
317;12:13:19.414;4.8;18.732949;3773920
318;12:13:19.588;18.5;18.820199;3791464
319;12:13:19.760;1.5;18.819444;3791092
320;12:13:19.929;1.5;18.821668;3791540
321;12:13:20.099;3.1;18.820536;3791092
322;12:13:20.268;1.5;18.820417;3791304
323;12:13:20.436;0.0;18.820417;3791288
324;12:13:20.606;0.0;18.820596;3791324
325;12:13:20.774;3.1;18.821768;3791860
326;12:13:20.950;1.6;18.822165;3791640
327;12:13:21.121;4.8;18.826831;3792580
328;12:13:21.291;1.6;18.827586;3792512
329;12:13:21.461;1.6;18.825759;3792364
330;12:13:21.630;1.6;18.826573;3792788
331;12:13:21.799;4.6;18.829829;3792964
332;12:13:21.967;1.6;18.827010;3792616
333;12:13:22.137;3.0;18.826851;3792584
334;12:13:22.312;3.1;18.829353;3792868
335;12:13:22.484;1.6;18.828181;3792632
336;12:13:22.656;1.5;18.827010;3792176
337;12:13:22.826;3.1;18.826196;3792736
338;12:13:22.997;0.0;18.823991;3791568
339;12:13:23.168;1.6;18.826712;3792336
340;12:13:23.338;3.1;18.825699;3792352
341;12:13:23.507;3.1;18.826553;3792524
342;12:13:23.676;0.0;18.826811;3792576
343;12:13:23.846;0.0;18.828221;3792860
344;12:13:24.016;1.6;18.828062;3792828
345;12:13:24.185;1.6;18.828181;3792852
346;12:13:24.354;3.3;18.825759;3792364
347;12:13:24.524;1.6;18.825977;3792408
348;12:13:24.692;1.6;18.824726;3792156
349;12:13:24.861;1.6;18.823634;3792212
350;12:13:25.031;3.1;18.826176;3792448
351;12:13:25.200;0.0;18.825977;3792408
352;12:13:25.369;3.0;18.823475;3791684
353;12:13:25.537;1.6;18.823713;3791952
354;12:13:25.706;6.2;18.735491;3774180
355;12:13:25.875;4.8;18.740535;3774976
356;12:13:26.046;0.0;18.739423;3774972
357;12:13:26.215;1.6;18.741488;3775168
358;12:13:26.384;0.0;18.741766;3775444
359;12:13:26.552;1.6;18.741408;3775372
360;12:13:26.721;1.6;18.743652;3775604
361;12:13:26.890;3.2;18.742560;3775604
362;12:13:27.059;1.6;18.742719;3775636
363;12:13:27.228;2.9;18.742838;3775660
364;12:13:27.403;3.1;18.744407;3775976
365;12:13:27.571;3.2;18.744963;3776584
366;12:13:27.745;1.6;18.748378;3777004
367;12:13:27.915;1.6;18.754613;3777812
368;12:13:28.083;1.6;18.751277;3777140
369;12:13:28.252;1.7;18.746928;3776628
370;12:13:28.422;1.7;18.750979;3776860
371;12:13:28.592;1.6;18.747127;3776524
372;12:13:28.762;1.6;18.749629;3777028
373;12:13:28.936;3.0;18.751754;3777236
374;12:13:29.112;1.6;18.750999;3777304
375;12:13:29.284;1.6;18.748656;3777092
376;12:13:29.454;3.1;18.749450;3776772
377;12:13:29.628;3.1;18.747405;3776360
378;12:13:29.800;1.6;18.747842;3776668
379;12:13:29.969;3.1;18.750503;3776984
380;12:13:30.143;1.6;18.748616;3776824
381;12:13:30.317;3.0;18.748636;3776828
382;12:13:30.488;3.0;18.747484;3776872
383;12:13:30.662;1.6;18.747246;3776548
384;12:13:30.834;0.0;18.746313;3776360
385;12:13:31.003;1.5;18.744466;3776224
386;12:13:31.172;1.5;18.745538;3776204
387;12:13:31.340;3.1;18.745419;3776180
388;12:13:31.509;1.6;18.745459;3776456
389;12:13:31.678;1.6;18.742759;3776100
390;12:13:31.850;1.6;18.745737;3776244
391;12:13:32.019;3.1;18.749013;3776904
392;12:13:32.188;1.6;18.747643;3776628
393;12:13:32.357;3.2;18.747445;3776588
394;12:13:32.526;0.0;18.746075;3776092
395;12:13:32.694;3.0;18.765117;3780148
396;12:13:32.863;1.5;18.765077;3780140
397;12:13:33.031;1.6;18.768870;3780904
398;12:13:33.200;0.0;18.768095;3780748
399;12:13:33.370;3.2;18.767142;3780556
400;12:13:33.540;1.6;18.768751;3780520
401;12:13:33.709;1.6;18.766269;3780380
402;12:13:33.879;3.0;18.765236;3780172
403;12:13:34.050;3.1;18.784001;3783952
404;12:13:34.219;4.7;18.827764;3792768
405;12:13:34.388;4.7;18.825640;3792340
406;12:13:34.557;6.2;18.889498;3805204
407;12:13:34.727;0.0;18.889796;3805044
408;12:13:34.896;1.6;18.921586;3811448
409;12:13:35.066;1.5;18.929489;3815276
410;12:13:35.237;3.0;18.960763;3819820
411;12:13:35.406;3.0;18.973511;3822128
412;12:13:35.575;1.5;18.973193;3822064
413;12:13:35.743;1.6;18.972339;3821892
414;12:13:35.912;2.9;18.974146;3822256
415;12:13:36.081;3.1;18.972935;3822012
416;12:13:36.250;1.6;18.972935;3822012
417;12:13:36.419;0.0;18.972736;3821972
418;12:13:36.588;0.0;18.979448;3823324
419;12:13:36.756;0.0;18.981990;3823876
420;12:13:36.925;1.5;18.982426;3823704
421;12:13:37.094;0.0;19.001429;3827752
422;12:13:37.263;1.6;19.021921;3831880
423;12:13:37.432;1.6;19.022080;3831912
424;12:13:37.600;3.0;19.041996;3835924
425;12:13:37.770;0.0;19.041797;3835884
426;12:13:37.939;9.4;19.059986;3838884
427;12:13:38.112;0.0;19.057484;3839288
428;12:13:38.281;3.1;19.058655;3839060
429;12:13:38.450;4.5;19.057405;3839028
430;12:13:38.620;1.6;19.054962;3838536
431;12:13:38.789;0.0;19.054803;3838284
432;12:13:38.957;1.6;19.055478;3838420
433;12:13:39.126;1.6;19.055558;3838436
434;12:13:39.295;0.0;19.054545;3838452
435;12:13:39.463;1.6;19.054486;3838440
436;12:13:39.632;0.0;19.054545;3838696
437;12:13:39.801;1.6;19.056789;3838904
438;12:13:39.970;1.5;19.057305;3839008
439;12:13:40.138;1.6;19.057305;3839072
440;12:13:40.308;1.5;19.054287;3838400
441;12:13:40.476;1.5;19.053850;3838312
442;12:13:40.645;1.6;19.053930;3838328
443;12:13:40.814;1.6;19.074223;3842456
444;12:13:40.982;3.1;19.211570;3870084
445;12:13:41.151;4.6;19.213635;3870500
446;12:13:41.325;5.9;19.216455;3870848
447;12:13:41.506;3.1;19.213735;3870520
448;12:13:41.679;3.6;19.216237;3871024
449;12:13:41.850;2.0;19.213755;3870624
450;12:13:42.021;3.7;19.214827;3870740
451;12:13:42.192;3.6;19.216912;3871160
452;12:13:42.364;1.8;19.218500;3871748
453;12:13:42.539;3.1;19.226125;3873072
454;12:13:42.710;3.2;19.213139;3870400
455;12:13:42.880;1.6;19.219890;3871760
456;12:13:43.050;4.8;19.228031;3873652
457;12:13:43.220;4.6;19.223822;3872588
458;12:13:43.392;6.2;19.216276;3870800
459;12:13:43.563;1.9;19.213913;3870556
460;12:13:43.734;3.2;19.219215;3871624
461;12:13:43.909;3.2;19.213079;3870728
462;12:13:44.081;1.9;19.215144;3870804
463;12:13:44.251;1.8;19.216594;3871096
464;12:13:44.423;3.5;19.214946;3870764
465;12:13:44.593;1.8;19.213536;3870480
466;12:13:44.765;1.6;19.217071;3871192
467;12:13:44.942;1.7;19.214668;3870708
468;12:13:45.111;3.4;19.220307;3871404
469;12:13:45.285;4.5;19.224537;3872696
470;12:13:45.462;6.2;19.209406;3870164
471;12:13:45.632;3.4;19.213913;3870556
472;12:13:45.805;1.8;19.215959;3870968
473;12:13:45.974;1.7;19.222472;3872280
474;12:13:46.146;0.0;19.225927;3872976
475;12:13:46.318;1.6;19.236927;3875192
476;12:13:46.494;4.8;19.243321;3876708
477;12:13:46.666;0.0;19.245664;3876952
478;12:13:46.838;3.3;19.251919;3877772
479;12:13:47.012;3.3;19.256506;3879136
480;12:13:47.183;3.0;19.254381;3878708
481;12:13:47.354;0.0;19.255096;3878632
482;12:13:47.525;3.3;19.254361;3878704
483;12:13:47.697;3.2;19.256108;3879056
484;12:13:47.868;3.0;19.257518;3879120
485;12:13:48.038;1.6;19.258312;3879280
486;12:13:48.209;1.6;19.256525;3879456
487;12:13:48.384;4.6;19.261549;3880152
488;12:13:48.556;1.5;19.255016;3878836
489;12:13:48.727;1.5;19.257042;3879244
490;12:13:48.897;1.5;19.258451;3879528
491;12:13:49.068;3.0;19.257955;3879660
492;12:13:49.240;2.8;19.261212;3880084
493;12:13:49.416;4.9;19.257518;3879340
494;12:13:49.586;3.1;19.256605;3879156
495;12:13:49.757;2.9;19.255394;3878692
496;12:13:49.929;2.9;19.257022;3879240
497;12:13:50.101;4.3;19.256347;3879144
498;12:13:50.271;1.5;19.257201;3879504
499;12:13:50.443;2.9;19.257677;3878932
500;12:13:50.614;1.5;19.255910;3879048
501;12:13:50.785;2.9;19.258769;3879640
502;12:13:50.956;2.9;19.257022;3879240
503;12:13:51.129;3.0;19.258610;3879340
504;12:13:51.299;2.9;19.255314;3878904
505;12:13:51.470;1.5;19.259742;3879788
506;12:13:51.642;2.9;19.257816;3879400
507;12:13:51.814;2.9;19.258729;3879584
508;12:13:51.985;4.2;19.259285;3879448
509;12:13:52.157;4.2;19.258312;3879500
510;12:13:52.332;7.2;19.265064;3880860
511;12:13:52.514;2.9;19.257320;3879300
512;12:13:52.685;4.2;19.259087;3879656
513;12:13:52.856;6.8;19.259067;3879652
514;12:13:53.026;4.3;19.259980;3880112
515;12:13:53.199;5.6;19.261768;3880464
516;12:13:53.376;4.7;19.257181;3879320
517;12:13:53.546;2.9;19.255453;3878924
518;12:13:53.717;5.6;19.254500;3878732
519;12:13:53.888;1.5;19.257459;3879328
520;12:13:54.059;5.5;19.256367;3879108
521;12:13:54.232;3.0;19.255751;3879236
522;12:13:54.408;1.5;19.256684;3879404
523;12:13:54.578;1.5;19.257002;3879512
524;12:13:54.750;0.0;19.258451;3879308
525;12:13:54.921;2.9;19.260814;3880004
526;12:13:55.092;1.5;19.257657;3879148
527;12:13:55.263;2.9;19.256228;3879080
528;12:13:55.435;4.1;19.256287;3879092
529;12:13:55.607;2.9;19.254421;3878716
530;12:13:55.779;4.3;19.257955;3879208
531;12:13:55.951;7.2;19.257677;3878932
532;12:13:56.122;4.2;19.255552;3879520
533;12:13:56.293;4.3;19.262343;3880312
534;12:13:56.469;8.8;19.257399;3879316
535;12:13:56.640;12.2;19.254560;3878744
536;12:13:56.811;7.6;19.258134;3879244
537;12:13:56.983;9.0;19.255235;3878880
538;12:13:57.152;12.3;19.258868;3879868
539;12:13:57.328;4.2;19.265004;3880848
540;12:13:57.502;13.7;19.259226;3879684
541;12:13:57.671;11.8;19.257697;3879376
542;12:13:57.841;10.1;19.257062;3879024
543;12:13:58.011;8.8;19.256565;3878928
544;12:13:58.185;10.0;19.257955;3879428
545;12:13:58.357;4.3;19.261132;3879864
546;12:13:58.530;5.8;19.258630;3879824
547;12:13:58.700;5.6;19.257300;3879624
548;12:13:58.870;4.5;19.252892;3878808
549;12:13:59.040;2.9;19.253130;3878456
550;12:13:59.210;1.7;19.255830;3879260
551;12:13:59.380;0.0;19.257439;3879324
552;12:13:59.550;3.4;19.258491;3879536
553;12:13:59.721;2.0;19.257141;3879044
554;12:13:59.892;5.5;19.257260;3879288
555;12:14:00.062;1.9;19.256803;3879196
556;12:14:00.233;3.3;19.259325;3879704
557;12:14:00.409;6.6;19.257459;3879480
558;12:14:00.580;5.7;19.257042;3879260
559;12:14:00.751;2.0;19.254897;3878812
560;12:14:00.922;2.0;19.255711;3878756
561;12:14:01.092;2.0;19.259405;3880152
562;12:14:01.264;3.8;19.256009;3878816
563;12:14:01.436;1.9;19.256267;3879088
564;12:14:01.606;1.9;19.257737;3879384
565;12:14:01.778;1.9;19.258988;3879636
566;12:14:01.951;2.0;19.260576;3879956
567;12:14:02.123;1.8;19.257776;3879828
568;12:14:02.295;3.0;19.266136;3881076
569;12:14:02.470;3.7;19.259623;3879764
570;12:14:02.642;1.9;19.260973;3880036
571;12:14:02.813;3.8;19.257995;3879436
572;12:14:02.984;3.8;19.257260;3879288
573;12:14:03.154;1.8;19.261311;3880104
574;12:14:03.326;1.9;19.259504;3879296
575;12:14:03.498;1.8;19.256823;3878756
576;12:14:03.669;3.6;19.257300;3879352
577;12:14:03.840;3.5;19.259007;3879640
578;12:14:04.011;0.0;19.258173;3879764
579;12:14:04.182;3.2;19.265103;3880868
580;12:14:04.357;6.6;19.256823;3879200
581;12:14:04.527;4.8;19.257995;3879436
582;12:14:04.702;3.1;19.257756;3879388
583;12:14:04.881;4.8;19.258888;3879616
584;12:14:05.052;1.6;19.258392;3879516
585;12:14:05.225;1.8;19.259782;3879576
586;12:14:05.396;0.0;19.256228;3879080
587;12:14:05.567;3.3;19.257836;3879184
588;12:14:05.737;1.6;19.254282;3878908
589;12:14:05.908;3.2;19.258432;3879524
590;12:14:06.079;3.2;19.257876;3879412
591;12:14:06.251;1.7;19.261092;3879840
592;12:14:06.423;3.3;19.259127;3879664
593;12:14:06.594;1.6;19.258650;3879568
594;12:14:06.765;0.0;19.258312;3879500
595;12:14:06.937;0.0;19.258074;3879696
596;12:14:07.109;1.6;19.256664;3879168
597;12:14:07.280;3.2;19.256069;3879728
598;12:14:07.453;3.0;19.257260;3879288
599;12:14:07.624;3.1;19.257876;3879412
600;12:14:07.795;1.5;19.260298;3879680
601;12:14:07.967;3.0;19.258590;3879556
602;12:14:08.138;0.0;19.257161;3879536
603;12:14:08.309;3.1;19.257300;3879296
604;12:14:08.480;1.5;19.258829;3879604
605;12:14:08.651;3.0;19.257101;3879256
606;12:14:08.822;3.0;19.257022;3879240
607;12:14:08.993;1.5;19.258988;3879636
608;12:14:09.163;2.9;19.259285;3879696
609;12:14:09.335;4.5;19.255235;3878880
610;12:14:09.506;1.5;19.256942;3879224
611;12:14:09.678;1.5;19.257399;3879316
612;12:14:09.847;2.9;19.255255;3879128
613;12:14:10.018;1.5;19.255771;3878988
614;12:14:10.190;3.0;19.259166;3879672
615;12:14:10.363;4.3;19.255850;3878752
616;12:14:10.534;4.3;19.259405;3879860
617;12:14:10.707;6.1;19.260536;3880172
618;12:14:10.886;7.4;19.256069;3879048
619;12:14:11.055;4.2;19.256228;3879860
620;12:14:11.227;4.3;19.262542;3880104
621;12:14:11.399;4.2;19.260258;3879892
622;12:14:11.572;2.8;19.259007;3879768
623;12:14:11.743;2.8;19.259246;3879688
624;12:14:11.915;6.8;19.259643;3879768
625;12:14:12.086;6.8;19.262661;3880376
626;12:14:12.256;4.1;19.260179;3879876
627;12:14:12.429;6.8;19.260119;3879420
628;12:14:12.601;4.2;19.262224;3880288
629;12:14:12.774;4.7;19.259841;3879588
630;12:14:12.946;5.7;19.260556;3879952
631;12:14:13.115;4.3;19.258134;3879464
632;12:14:13.287;2.9;19.257915;3879420
633;12:14:13.458;1.5;19.258015;3879600
634;12:14:13.629;1.5;19.258094;3879236
635;12:14:13.801;9.1;19.252773;3878944
636;12:14:13.972;6.1;19.256168;3879480
637;12:14:14.143;1.5;19.258015;3879440
638;12:14:14.314;3.0;19.258531;3879544
639;12:14:14.485;3.0;19.257637;3879116
640;12:14:14.657;5.8;19.258988;3879636
641;12:14:14.828;5.8;19.258749;3879588
642;12:14:14.999;2.9;19.259623;3879764
643;12:14:15.169;5.6;19.261192;3879860
644;12:14:15.341;5.3;19.258432;3879304
645;12:14:15.512;5.4;19.257975;3879432
646;12:14:15.683;3.9;19.260159;3879872
647;12:14:15.854;7.9;19.257776;3879716
648;12:14:16.026;9.3;19.258590;3879952
649;12:14:16.196;14.5;19.261073;3880056
650;12:14:16.366;11.0;19.258789;3879596
651;12:14:16.539;11.0;19.257498;3879336
652;12:14:16.709;12.2;19.258392;3879516
653;12:14:16.881;20.0;19.258412;3879296
654;12:14:17.052;11.4;19.260556;3879732
655;12:14:17.223;9.0;19.261112;3880064
656;12:14:17.394;9.1;19.261231;3880088
657;12:14:17.564;7.1;19.258868;3879612
658;12:14:17.735;16.4;19.258233;3879264
659;12:14:17.906;4.7;19.259762;3879352
660;12:14:18.077;1.6;19.261609;3880164
661;12:14:18.248;3.2;19.260258;3879672
662;12:14:18.420;3.4;19.258888;3879616
663;12:14:18.591;1.8;19.261847;3879992
664;12:14:18.761;2.0;19.261092;3879968
665;12:14:18.933;0.0;19.260636;3879968
666;12:14:19.105;3.9;19.258690;3879864
667;12:14:19.275;5.6;19.257399;3879316
668;12:14:19.449;2.0;19.258789;3879652
669;12:14:19.621;2.0;19.256208;3878856
670;12:14:19.792;1.9;19.256128;3879500
671;12:14:19.965;2.0;19.261450;3879912
672;12:14:20.137;3.8;19.260080;3879636
673;12:14:20.308;5.8;19.257439;3879536
674;12:14:20.480;3.7;19.260179;3879876
675;12:14:20.651;1.9;19.257300;3879296
676;12:14:20.822;3.9;19.258213;3879260
677;12:14:20.994;2.0;19.255890;3879012
678;12:14:21.164;2.0;19.257478;3879332
679;12:14:21.335;0.0;19.257459;3879820
680;12:14:21.506;0.0;19.256307;3879396
681;12:14:21.677;1.9;19.260417;3879924
682;12:14:21.848;1.9;19.262304;3880080
683;12:14:22.020;1.9;19.260675;3879976
684;12:14:22.191;1.9;19.261946;3880000
685;12:14:22.362;1.9;19.261787;3880200
686;12:14:22.533;3.7;19.260993;3880040
687;12:14:22.704;1.8;19.255056;3878844
688;12:14:22.875;3.7;19.254321;3878696
689;12:14:23.048;11.5;19.259166;3879672
690;12:14:23.219;1.8;19.261370;3879896
691;12:14:23.390;3.5;19.261112;3880064
692;12:14:23.561;0.0;19.258372;3879292
693;12:14:23.731;1.8;19.258511;3879540
694;12:14:23.901;3.5;19.256188;3879500
695;12:14:24.070;1.8;19.257280;3879680
696;12:14:24.242;3.4;19.257756;3879840
697;12:14:24.414;5.1;19.259643;3879768
698;12:14:24.585;1.7;19.258412;3879624
699;12:14:24.756;3.3;19.254639;3878540
700;12:14:24.929;0.0;19.252435;3878316
701;12:14:25.099;1.6;19.256823;3879200
702;12:14:25.270;0.0;19.257022;3879240
703;12:14:25.440;3.3;19.255255;3879128
704;12:14:25.612;4.7;19.254937;3878600
705;12:14:25.783;1.6;19.252971;3878792
706;12:14:25.953;1.6;19.256982;3879464
707;12:14:26.126;1.7;19.258074;3879452
708;12:14:26.298;1.6;19.254103;3878652
709;12:14:26.469;1.6;19.257439;3879324
710;12:14:26.640;0.0;19.256784;3879192
711;12:14:26.811;1.6;19.255056;3879128
712;12:14:26.982;1.5;19.256724;3879180
713;12:14:27.154;2.9;19.259107;3879912
714;12:14:27.325;2.9;19.257518;3878900
715;12:14:27.496;4.5;19.260358;3879912
716;12:14:27.668;4.4;19.257816;3879400
717;12:14:27.843;1.6;19.259246;3879688
718;12:14:28.014;1.5;19.260000;3879620
719;12:14:28.184;2.9;19.257816;3879400
720;12:14:28.357;4.4;19.256823;3879200
721;12:14:28.529;1.5;19.256704;3879768
722;12:14:28.702;1.5;19.257002;3879236
723;12:14:28.874;3.0;19.253249;3878480
724;12:14:29.046;2.9;19.255890;3879012
725;12:14:29.218;2.8;19.257498;3879116
726;12:14:29.389;2.9;19.258372;3879288
727;12:14:29.560;2.9;19.255513;3879404
728;12:14:29.731;2.9;19.257617;3879692
729;12:14:29.903;2.9;19.257975;3879576
730;12:14:30.074;3.0;19.255890;3879328
731;12:14:30.246;4.3;19.258173;3879252
732;12:14:30.418;2.9;19.260775;3880264
733;12:14:30.589;4.2;19.260119;3879864
734;12:14:30.762;2.9;19.256426;3879372
735;12:14:30.932;2.8;19.256287;3878852
736;12:14:31.104;6.9;19.258034;3879444
737;12:14:31.275;5.7;19.256426;3879120
738;12:14:31.451;4.3;19.256168;3879068
739;12:14:31.629;4.3;19.257995;3879436
740;12:14:31.801;8.1;19.258312;3879280
741;12:14:31.975;2.8;19.259504;3879740
742;12:14:32.147;4.3;19.258312;3879500
743;12:14:32.320;4.2;19.256247;3879488
744;12:14:32.491;3.0;19.258094;3879016
745;12:14:32.662;1.5;19.256327;3879100
746;12:14:32.832;2.9;19.257340;3879084
747;12:14:33.005;3.0;19.322727;3892476
748;12:14:33.198;1.5;19.328207;3893976
749;12:14:33.370;3.0;19.328684;3893456
750;12:14:33.542;3.0;19.330173;3894016
751;12:14:33.714;1.5;19.329002;3893740
752;12:14:33.887;4.3;19.330749;3893872
753;12:14:34.059;1.5;19.329240;3893788
754;12:14:34.231;2.9;19.327691;3893476
755;12:14:34.402;5.8;19.329558;3893632
756;12:14:34.576;2.9;19.329299;3893580
757;12:14:34.747;5.6;19.328843;3893708
758;12:14:34.919;11.4;19.331186;3894180
759;12:14:35.089;11.7;19.331464;3894016
760;12:14:35.260;9.6;19.331464;3894236
761;12:14:35.432;10.8;19.331543;3894252
762;12:14:35.603;7.6;19.330868;3894116
763;12:14:35.776;15.3;19.331662;3894276
764;12:14:35.946;16.2;19.328485;3893636
765;12:14:36.118;14.1;19.328982;3893736
766;12:14:36.289;16.2;19.327413;3893808
767;12:14:36.459;14.7;19.328902;3893720
768;12:14:36.631;14.5;19.327751;3893740
769;12:14:36.801;4.5;19.328029;3893324
770;12:14:36.970;9.5;19.327433;3893204
771;12:14:37.141;9.1;19.326917;3893320
772;12:14:37.311;9.6;19.328029;3893244
773;12:14:37.486;4.3;19.331027;3893928
774;12:14:37.658;1.6;19.331047;3894152
775;12:14:37.830;1.7;19.329756;3893892
776;12:14:38.002;1.9;19.331305;3894204
777;12:14:38.173;2.0;19.329180;3894036
778;12:14:38.343;3.9;19.332457;3894436
779;12:14:38.513;0.0;19.332576;3894460
780;12:14:38.684;1.9;19.332417;3894428
781;12:14:38.855;0.0;19.333549;3894656
782;12:14:39.025;3.9;19.335991;3895148
783;12:14:39.196;5.5;19.328068;3893552
784;12:14:39.366;2.0;19.332854;3894296
785;12:14:39.538;0.0;19.327532;3893444
786;12:14:39.708;3.0;19.326559;3893248
787;12:14:39.877;3.1;19.329220;3893784
788;12:14:40.047;3.0;19.326817;3893300
789;12:14:40.216;3.1;19.329280;3893576
790;12:14:40.385;3.1;19.325586;3893052
791;12:14:40.556;0.0;19.326063;3893148
792;12:14:40.725;4.6;19.326381;3893212
793;12:14:40.895;0.0;19.327592;3893716
794;12:14:41.064;1.5;19.327373;3893412
795;12:14:41.234;1.5;19.326817;3893300
796;12:14:41.403;1.5;19.326718;3892992
797;12:14:41.574;0.0;19.325983;3893132
798;12:14:41.743;1.6;19.324693;3893392
799;12:14:41.913;3.1;19.327135;3893364
800;12:14:42.083;0.0;19.325884;3893112
801;12:14:42.251;3.0;19.328227;3893584
802;12:14:42.419;0.0;19.328962;3893732
803;12:14:42.588;1.6;19.328704;3893680
804;12:14:42.757;1.5;19.329041;3893748
805;12:14:42.926;1.6;19.327711;3893748
806;12:14:43.095;0.0;19.329081;3893756
807;12:14:43.263;0.0;19.329240;3893788
808;12:14:43.433;0.0;19.324852;3892684
809;12:14:43.603;4.8;19.327413;3893672
810;12:14:43.772;4.6;19.328048;3893580
811;12:14:43.943;0.0;19.326063;3893400
812;12:14:44.112;4.6;19.325785;3893092
813;12:14:44.281;1.5;19.328128;3893564
814;12:14:44.450;0.0;19.327056;3893348
815;12:14:44.619;1.5;19.327294;3893396
816;12:14:44.787;3.1;19.328406;3893400
817;12:14:44.957;3.2;19.326222;3893180
818;12:14:45.126;3.0;19.328088;3893372
819;12:14:45.295;0.0;19.327075;3893352
820;12:14:45.465;0.0;19.327751;3893748
821;12:14:45.634;3.2;19.331503;3894244
822;12:14:45.804;1.6;19.329200;3893780
823;12:14:45.973;1.6;19.330709;3894084
824;12:14:46.142;0.0;19.328505;3893640
825;12:14:46.311;2.8;19.329716;3893884
826;12:14:46.481;2.9;19.328346;3893664
827;12:14:46.650;3.1;19.332059;3894356
828;12:14:46.818;3.1;19.332099;3894364
829;12:14:46.987;1.5;19.331007;3894144
830;12:14:47.155;3.1;19.329875;3893916
831;12:14:47.324;1.5;19.331285;3893980
832;12:14:47.492;1.6;19.331444;3894232
833;12:14:47.661;3.0;19.331285;3894200
834;12:14:47.829;2.9;19.329677;3893876
835;12:14:47.998;3.1;19.329836;3894136
836;12:14:48.167;1.6;19.328505;3893640
837;12:14:48.336;0.0;19.328465;3893412
838;12:14:48.505;0.0;19.327214;3893380
839;12:14:48.673;1.6;19.328624;3893932
840;12:14:48.842;1.6;19.328505;3893640
841;12:14:49.010;1.6;19.328426;3893624
842;12:14:49.179;1.6;19.328505;3893640
843;12:14:49.348;1.6;19.332318;3894408
844;12:14:49.516;0.0;19.330868;3894116
845;12:14:49.685;3.0;19.328604;3893896
846;12:14:49.853;0.0;19.332238;3894392
847;12:14:50.022;1.5;19.330253;3894236
848;12:14:50.192;3.1;19.329915;3893924
849;12:14:50.361;1.6;19.328048;3893800
850;12:14:50.531;1.5;19.329220;3893832
851;12:14:50.700;1.6;19.328168;3893572
852;12:14:50.870;0.0;19.330828;3894108
853;12:14:51.039;3.1;19.329994;3893520
854;12:14:51.208;2.9;19.329736;3893668
855;12:14:51.378;1.6;19.330054;3893952
856;12:14:51.548;3.1;19.330789;3894172
857;12:14:51.719;1.5;19.330173;3893648
858;12:14:51.888;1.6;19.326500;3893160
859;12:14:52.058;1.6;19.326659;3893268
860;12:14:52.227;3.1;19.330014;3893860
861;12:14:52.397;1.5;19.327711;3893480
862;12:14:52.566;3.1;19.327850;3893724
863;12:14:52.737;3.1;19.328386;3893616
864;12:14:52.906;3.0;19.329419;3893748
865;12:14:53.076;3.1;19.327830;3893748
866;12:14:53.245;3.1;19.327334;3893404
867;12:14:53.414;3.1;19.325805;3893036
868;12:14:53.584;3.0;19.325388;3893272
869;12:14:53.754;3.1;19.327413;3893680
870;12:14:53.923;1.5;19.328922;3893724
871;12:14:54.092;1.5;19.327473;3893432
872;12:14:54.262;3.0;19.327373;3893436
873;12:14:54.431;1.6;19.326639;3893264
874;12:14:54.600;6.1;19.331007;3894144
875;12:14:54.770;0.0;19.331007;3893924
876;12:14:54.939;1.6;19.331087;3893940
877;12:14:55.108;1.5;19.330848;3893892
878;12:14:55.277;1.6;19.329756;3893892
879;12:14:55.446;1.6;19.330034;3893948
880;12:14:55.616;3.1;19.330888;3894364
881;12:14:55.785;3.1;19.332695;3894728
882;12:14:55.953;1.6;19.332774;3894280
883;12:14:56.122;6.2;19.330967;3894136
884;12:14:56.292;1.6;19.327393;3893608
885;12:14:56.461;1.6;19.330689;3894348
886;12:14:56.630;0.0;19.330570;3894056
887;12:14:56.798;1.5;19.331166;3894176
888;12:14:56.967;1.5;19.329041;3893628
889;12:14:57.137;1.5;19.331166;3894176
890;12:14:57.306;0.0;19.329458;3894016
891;12:14:57.476;1.6;19.329994;3894184
892;12:14:57.645;5.8;19.329677;3893908
893;12:14:57.814;1.5;19.332437;3894456
894;12:14:57.983;4.8;19.331503;3894244
895;12:14:58.153;4.5;19.330868;3894064
896;12:14:58.322;1.6;19.328108;3894692
897;12:14:58.494;3.1;19.326738;3893820
898;12:14:58.664;3.1;19.327631;3893464
899;12:14:58.833;3.1;19.328882;3893628
900;12:14:59.002;6.2;19.330014;3894456
901;12:14:59.171;3.1;19.332536;3894236
902;12:14:59.340;4.5;19.329895;3894172
903;12:14:59.510;3.1;19.331642;3894244
904;12:14:59.679;2.9;19.330352;3894012
905;12:14:59.848;4.7;19.330173;3893900
906;12:15:00.018;6.1;19.331245;3894436
907;12:15:00.188;3.0;19.331722;3894540
908;12:15:00.358;3.1;19.331245;3894436
909;12:15:00.527;6.1;19.330809;3893936
910;12:15:00.697;3.1;19.328446;3893872
911;12:15:00.866;3.1;19.330014;3894204
912;12:15:01.035;0.0;19.324792;3892892
913;12:15:01.204;3.0;19.325328;3892780
914;12:15:01.373;3.1;19.317981;3891520
915;12:15:01.543;3.1;19.305908;3889344
916;12:15:01.712;4.5;19.306762;3889184
917;12:15:01.882;1.5;19.306445;3889196
918;12:15:02.051;4.7;19.303109;3888776
919;12:15:02.221;1.6;19.303307;3888564
920;12:15:02.391;1.5;19.305928;3889092
921;12:15:02.560;3.1;19.310614;3890036
922;12:15:02.729;3.0;19.307696;3889448
923;12:15:02.898;3.1;19.307835;3889668
924;12:15:03.068;3.0;19.306802;3889192
925;12:15:03.238;6.1;19.312143;3889360
926;12:15:03.408;3.0;19.307497;3889584
927;12:15:03.578;1.6;19.309383;3889788
928;12:15:03.747;1.6;19.307636;3889688
929;12:15:03.916;1.5;19.309622;3890088
930;12:15:04.086;3.1;19.313593;3890888
931;12:15:04.255;3.0;19.310734;3890328
932;12:15:04.424;3.0;19.309284;3889768
933;12:15:04.594;4.8;19.307656;3889692
934;12:15:04.765;3.1;19.312084;3890332
935;12:15:04.934;1.6;19.307437;3889648
936;12:15:05.105;4.4;19.311111;3889808
937;12:15:05.274;1.6;19.310495;3890144
938;12:15:05.444;1.5;19.309026;3889968
939;12:15:05.613;3.1;19.307934;3889496
940;12:15:05.783;3.0;19.309622;3890128
941;12:15:05.952;4.7;19.310336;3889904
942;12:15:06.121;3.1;19.309403;3890044
943;12:15:06.291;4.5;19.310495;3890264
944;12:15:06.461;4.5;19.307735;3889632
945;12:15:06.631;4.5;19.310595;3890032
946;12:15:06.866;1.5;19.309066;3889976
947;12:15:07.039;1.5;19.311031;3890120
948;12:15:07.208;0.0;19.314685;3890856
949;12:15:07.376;3.1;19.311846;3890536
950;12:15:07.546;3.0;19.312163;3890884
951;12:15:07.715;4.5;19.313355;3890440
952;12:15:07.884;0.0;19.309443;3889724
953;12:15:08.053;3.0;19.311230;3890160
954;12:15:08.223;3.2;19.310436;3890252
955;12:15:08.391;3.2;19.312223;3890360
956;12:15:08.561;1.6;19.312719;3890460
957;12:15:08.730;1.6;19.311846;3890284
958;12:15:08.900;1.6;19.310436;3890252
959;12:15:09.069;1.5;19.310634;3890292
960;12:15:09.238;0.0;19.308708;3889652
961;12:15:09.407;1.6;19.308291;3889820
962;12:15:09.577;3.0;19.310158;3890196
963;12:15:09.746;1.6;19.307040;3889864
964;12:15:09.918;1.5;19.309721;3890108
965;12:15:10.088;1.6;19.308847;3889932
966;12:15:10.258;1.5;19.309046;3889720
967;12:15:10.427;1.6;19.309820;3890128
968;12:15:10.598;4.5;19.309145;3889412
969;12:15:10.767;1.6;19.308847;3889932
970;12:15:10.936;1.6;19.307159;3889264
971;12:15:11.108;3.0;19.308847;3889352
972;12:15:11.278;4.6;19.310773;3890068
973;12:15:11.447;4.5;19.311329;3890432
974;12:15:11.617;1.6;19.309463;3890080
975;12:15:11.887;0.0;19.313831;3890936
976;12:15:12.057;1.5;19.317584;3891440
977;12:15:12.225;3.1;19.317505;3891424
978;12:15:12.394;1.6;19.317465;3891416
979;12:15:12.563;1.5;19.316055;3891132
980;12:15:12.733;1.6;19.315698;3891060
981;12:15:12.902;3.1;19.314228;3890764
982;12:15:13.070;1.5;19.316293;3891180
983;12:15:13.239;1.5;19.318180;3891560
984;12:15:13.407;1.6;19.318140;3891552
985;12:15:13.576;1.5;19.312064;3889660
986;12:15:13.746;1.5;19.312163;3890348
987;12:15:13.915;0.0;19.313653;3890648
988;12:15:14.084;0.0;19.312918;3890500
989;12:15:14.254;3.1;19.314129;3890744
990;12:15:14.423;0.0;19.313692;3890932
991;12:15:14.592;1.6;19.316234;3891168
992;12:15:14.761;1.5;19.317485;3891420
993;12:15:14.930;1.5;19.318656;3891656
994;12:15:15.100;3.0;19.319609;3891848
995;12:15:15.269;3.1;19.317683;3891492
996;12:15:15.438;0.0;19.315062;3890980
997;12:15:15.608;0.0;19.312779;3890472
998;12:15:15.778;1.5;19.318736;3891672
999;12:15:15.947;1.6;19.317842;3891492
1000;12:15:16.118;0.0;19.316293;3891432
1001;12:15:16.287;1.6;19.316651;3891252
1002;12:15:16.456;0.0;19.315301;3890980
1003;12:15:16.625;1.5;19.314129;3890744
1004;12:15:16.794;4.6;19.315380;3890776
1005;12:15:16.964;1.6;19.314486;3890816
1006;12:15:17.133;3.0;19.316254;3891172
1007;12:15:17.303;3.2;19.316254;3891172
1008;12:15:17.472;1.5;19.316174;3891156
1009;12:15:17.641;1.5;19.316254;3891172
1010;12:15:17.809;1.5;19.317505;3891424
1011;12:15:17.979;3.0;19.317505;3891424
1012;12:15:18.148;0.0;19.317425;3891408
1013;12:15:18.318;3.2;19.316512;3891484
1014;12:15:18.487;3.1;19.317882;3891500
1015;12:15:18.656;0.0;19.317683;3891460
1016;12:15:18.824;1.6;19.318974;3891720
1017;12:15:18.993;1.6;19.318815;3891688
1018;12:15:19.162;0.0;19.319252;3891776
1019;12:15:19.331;3.0;19.319173;3891760
1020;12:15:19.499;1.5;19.319133;3891752
1021;12:15:19.668;1.6;19.320026;3891932
1022;12:15:19.837;3.1;19.318855;3891696
1023;12:15:20.006;0.0;19.318736;3891672
1024;12:15:20.175;3.1;19.318696;3891664
1025;12:15:20.344;3.0;19.318497;3891624
1026;12:15:20.513;1.5;19.318696;3891664
1027;12:15:20.682;1.6;19.318775;3891680
1028;12:15:20.851;3.2;19.320086;3891944
1029;12:15:21.020;1.6;19.319173;3891760
1030;12:15:21.190;3.0;19.318140;3891552
1031;12:15:21.359;1.5;19.319907;3891908
1032;12:15:21.528;1.5;19.319133;3891752
1033;12:15:21.697;4.7;19.313831;3890684
1034;12:15:21.866;0.0;19.313633;3890644
1035;12:15:22.035;3.1;19.315797;3890060
1036;12:15:22.207;6.0;19.313355;3890804
1037;12:15:22.377;3.2;19.314189;3891008
1038;12:15:22.548;1.5;19.315281;3890976
1039;12:15:22.717;0.0;19.317465;3891416
1040;12:15:22.886;3.1;19.321496;3892228
1041;12:15:23.055;1.5;19.320761;3892080
1042;12:15:23.224;1.3;19.318478;3891620
1043;12:15:23.392;0.0;19.319411;3891808
1044;12:15:23.561;1.5;19.319451;3891808
1045;12:15:23.730;1.6;19.320245;3891976
1046;12:15:23.899;6.0;19.322985;3892528
1047;12:15:24.068;3.1;19.322667;3892464
1048;12:15:24.237;3.1;19.322747;3892480
1049;12:15:24.406;1.6;19.323005;3892384
1050;12:15:24.575;2.9;19.322509;3892432
1051;12:15:24.744;1.6;19.322489;3892428
1052;12:15:24.914;0.0;19.321913;3892312
1053;12:15:25.083;2.9;19.320543;3892036
1054;12:15:25.253;1.5;19.314943;3890908
1055;12:15:25.423;1.4;19.314864;3890892
1056;12:15:25.592;0.0;19.314983;3890956
1057;12:15:25.762;1.5;19.311806;3890276
1058;12:15:25.931;1.5;19.311091;3890384
1059;12:15:26.099;1.5;19.314089;3890736
1060;12:15:26.268;1.5;19.315340;3890988
1061;12:15:26.438;3.1;19.312898;3890496
1062;12:15:26.610;3.1;19.310197;3890204
1063;12:15:26.779;1.6;19.315360;3890992
1064;12:15:26.948;0.0;19.319113;3891748
1065;12:15:27.154;1.5;19.319232;3891772
1066;12:15:27.324;1.6;19.319113;3891748
1067;12:15:27.493;4.4;19.313414;3890724
1068;12:15:27.663;7.6;19.311945;3890304
1069;12:15:27.832;0.0;19.313275;3890572
1070;12:15:28.002;1.6;19.317505;3891424
1071;12:15:28.171;0.0;19.319947;3891916
1072;12:15:28.340;3.1;19.319590;3891844
1073;12:15:28.509;1.6;19.319391;3891804
1074;12:15:28.678;0.0;19.317505;3891424
1075;12:15:28.847;3.0;19.318220;3891568
1076;12:15:29.015;3.2;19.317783;3891480
1077;12:15:29.183;0.0;19.317544;3891212
1078;12:15:29.351;1.6;19.311846;3890284
1079;12:15:29.520;0.0;19.312819;3890652
1080;12:15:29.689;1.6;19.307934;3889496
1081;12:15:29.858;1.6;19.307696;3889448
1082;12:15:30.027;3.0;19.310753;3890064
1083;12:15:30.195;4.6;19.307120;3889976
1084;12:15:30.366;4.6;19.309423;3890172
1085;12:15:30.537;7.7;19.307398;3889380
1086;12:15:30.707;1.6;19.309661;3889844
1087;12:15:30.876;0.0;19.309661;3889844
1088;12:15:31.044;1.5;19.310456;3889856
1089;12:15:31.212;1.5;19.310336;3889980
1090;12:15:31.381;1.6;19.312143;3890344
1091;12:15:31.550;3.1;19.312104;3890336
1092;12:15:31.719;1.5;19.312024;3890320
1093;12:15:31.888;1.5;19.311945;3890304
1094;12:15:32.057;3.0;19.311965;3890308
1095;12:15:32.238;1.5;19.311746;3890264
1096;12:15:32.407;3.1;19.311905;3890296
1097;12:15:32.576;7.5;19.310853;3890092
1098;12:15:32.746;0.0;19.309503;3889812
1099;12:15:32.915;1.5;19.310634;3890040
1100;12:15:33.085;1.6;19.309562;3889824
1101;12:15:33.256;3.1;19.309125;3889736
1102;12:15:33.425;1.5;19.310158;3890196
1103;12:15:33.595;0.0;19.311031;3890120
1104;12:15:33.764;3.0;19.310753;3890064
1105;12:15:33.933;0.0;19.310873;3890088
1106;12:15:34.102;1.6;19.310833;3890080
1107;12:15:34.271;1.6;19.310873;3890088
1108;12:15:34.440;1.4;19.310912;3890096
1109;12:15:34.609;3.0;19.311190;3890152
1110;12:15:34.778;1.6;19.311031;3890120
1111;12:15:34.947;1.6;19.313613;3890640
1112;12:15:35.116;0.0;19.316075;3891136
1113;12:15:35.286;1.5;19.316035;3891128
1114;12:15:35.455;1.6;19.316075;3891136
1115;12:15:35.624;1.5;19.316035;3891128
1116;12:15:35.794;1.6;19.316035;3891128
1117;12:15:35.963;1.6;19.316035;3891128
1118;12:15:36.131;1.6;19.316115;3891144
1119;12:15:36.300;1.5;19.316035;3891128
1120;12:15:36.469;0.0;19.316035;3891128
1121;12:15:36.638;3.1;19.316035;3891128
1122;12:15:36.807;0.0;19.315956;3891112
1123;12:15:36.976;3.1;19.317405;3891508
1124;12:15:37.145;0.0;19.319173;3891540
1125;12:15:37.314;3.1;19.317902;3891284
1126;12:15:37.482;1.6;19.316730;3891268
1127;12:15:37.651;1.6;19.316988;3891320
1128;12:15:37.820;3.1;19.316949;3891312
1129;12:15:37.988;0.0;19.316949;3891092
1130;12:15:38.157;1.5;19.316313;3891184
1131;12:15:38.326;1.6;19.316075;3891136
1132;12:15:38.495;1.5;19.315479;3891016
1133;12:15:38.665;3.0;19.315201;3891220
1134;12:15:38.833;1.6;19.316333;3891188
1135;12:15:39.002;2.9;19.320404;3892008
1136;12:15:39.170;1.6;19.320245;3891976
1137;12:15:39.339;1.6;19.320165;3891812
1138;12:15:39.508;3.1;19.319470;3891820
1139;12:15:39.676;3.1;19.318954;3891496
1140;12:15:39.846;0.0;19.320980;3892124
1141;12:15:40.015;1.6;19.320245;3891756
1142;12:15:40.184;3.0;19.319391;3891804
1143;12:15:40.354;0.0;19.319887;3891904
1144;12:15:40.523;1.6;19.319788;3891884
1145;12:15:40.692;0.0;19.319788;3891736
1146;12:15:40.860;3.2;19.318458;3891616
1147;12:15:41.029;4.7;19.316095;3891140
1148;12:15:41.198;3.1;19.315360;3890844
1149;12:15:41.367;1.6;19.315320;3890764
1150;12:15:41.536;0.0;19.317147;3891352
1151;12:15:41.705;1.5;19.317028;3891328
1152;12:15:41.874;1.6;19.316909;3891304
1153;12:15:42.042;0.0;19.318358;3891596
1154;12:15:42.211;1.6;19.317167;3891356
1155;12:15:42.380;0.0;19.316532;3891228
1156;12:15:42.549;0.0;19.316174;3891156
1157;12:15:42.718;1.5;19.315996;3891120
1158;12:15:42.888;1.6;19.316075;3891136
1159;12:15:43.058;1.6;19.316075;3891136
1160;12:15:43.228;6.6;19.327095;3893356
1161;12:15:43.397;1.6;19.326579;3893252
1162;12:15:43.565;1.6;19.327234;3893384
1163;12:15:43.734;0.0;19.327195;3893376
1164;12:15:43.903;1.5;19.327234;3893384
1165;12:15:44.072;2.8;19.328565;3893652
1166;12:15:44.241;1.5;19.328168;3893572
1167;12:15:44.409;0.0;19.328326;3893604
1168;12:15:44.578;3.1;19.328624;3893784
1169;12:15:44.748;0.0;19.329061;3893752
1170;12:15:44.917;0.0;19.329597;3893860
1171;12:15:45.087;1.6;19.329597;3893860
1172;12:15:45.255;1.5;19.329081;3893756
1173;12:15:45.424;0.0;19.330451;3894032
1174;12:15:45.592;1.5;19.330411;3894024
1175;12:15:45.761;0.0;19.330372;3894016
1176;12:15:45.930;1.5;19.330332;3894008
1177;12:15:46.100;1.6;19.328565;3893652
1178;12:15:46.269;0.0;19.328684;3893676
1179;12:15:46.438;3.1;19.328604;3893660
1180;12:15:46.608;3.0;19.327492;3893436
1181;12:15:46.777;0.0;19.327453;3893428
1182;12:15:46.946;1.6;19.327532;3893444
1183;12:15:47.115;3.1;19.328942;3893728
1184;12:15:47.284;1.6;19.328624;3893664
1185;12:15:47.453;1.6;19.328624;3893664
1186;12:15:47.622;3.0;19.328743;3893688
1187;12:15:47.791;1.6;19.328743;3893688
1188;12:15:47.960;1.6;19.329796;3893900
1189;12:15:48.130;0.0;19.328902;3893724
1190;12:15:48.300;0.0;19.326936;3893324
1191;12:15:48.468;4.3;19.327909;3893520
1192;12:15:48.637;0.0;19.326718;3893280
1193;12:15:48.805;1.6;19.328088;3893556
1194;12:15:48.974;1.5;19.327890;3893516
1195;12:15:49.143;3.1;19.327890;3893516
1196;12:15:49.312;1.5;19.327890;3893516
1197;12:15:49.481;3.1;19.326798;3893296
1198;12:15:49.650;1.6;19.327135;3893364
1199;12:15:49.819;0.0;19.327135;3893364
1200;12:15:49.987;1.5;19.330531;3894048
1201;12:15:50.158;1.5;19.331901;3894176
1202;12:15:50.327;1.5;19.330570;3894056
1203;12:15:50.496;0.0;19.330729;3894088
1204;12:15:50.665;0.0;19.330729;3894088
1205;12:15:50.834;1.5;19.330253;3893992
1206;12:15:51.003;2.7;19.329895;3893920
1207;12:15:51.172;3.1;19.330431;3893880
1208;12:15:51.341;1.6;19.330392;3894020
1209;12:15:51.510;1.6;19.330233;3893988
1210;12:15:51.678;0.0;19.330312;3894004
1211;12:15:51.847;1.6;19.330272;3893996
1212;12:15:52.016;0.0;19.330233;3893988
1213;12:15:52.184;0.0;19.330471;3894036
1214;12:15:52.353;3.1;19.329816;3893904
1215;12:15:52.522;0.0;19.329021;3893744
1216;12:15:52.692;1.6;19.330312;3893784
1217;12:15:52.861;1.5;19.329220;3893784
1218;12:15:53.030;0.0;19.328525;3893644
1219;12:15:53.199;1.6;19.331305;3894204
1220;12:15:53.367;1.6;19.331404;3893928
1221;12:15:53.536;3.1;19.330411;3894024
1222;12:15:53.704;4.7;19.330789;3894100
1223;12:15:53.873;1.5;19.330630;3894068
1224;12:15:54.042;1.6;19.330550;3894052
1225;12:15:54.211;3.1;19.331186;3894180
1226;12:15:54.381;0.0;19.330233;3893988
1227;12:15:54.551;12.9;19.330630;3894068
1228;12:15:54.721;6.7;19.331206;3894036
1229;12:15:54.893;10.8;19.331881;3894320
1230;12:15:55.064;7.6;19.331563;3894256
1231;12:15:55.243;21.5;19.328624;3893916
1232;12:15:55.420;9.4;19.330630;3894068
1233;12:15:55.590;3.1;19.330372;3894016
1234;12:15:55.760;4.5;19.330610;3894064
1235;12:15:55.930;6.2;19.329101;3893760
1236;12:15:56.099;3.0;19.330054;3893952
1237;12:15:56.269;1.6;19.329935;3893928
1238;12:15:56.438;0.0;19.331226;3894188
1239;12:15:56.607;1.5;19.331067;3894156
1240;12:15:56.775;1.5;19.331146;3894172
1241;12:15:56.944;1.6;19.331265;3894196
1242;12:15:57.113;1.6;19.332596;3894464
1243;12:15:57.282;1.5;19.331742;3894292
1244;12:15:57.451;0.0;19.331146;3893804
1245;12:15:57.620;1.6;19.328982;3893736
1246;12:15:57.790;1.6;19.328823;3893704
1247;12:15:57.959;3.1;19.328525;3893644
1248;12:15:58.128;1.6;19.328843;3893708
1249;12:15:58.296;0.0;19.326817;3893300
1250;12:15:58.465;0.0;19.326817;3893300
1251;12:15:58.634;1.5;19.328068;3893552
1252;12:15:58.803;0.0;19.327909;3893520
1253;12:15:58.972;0.0;19.327751;3893488
1254;12:15:59.142;3.1;19.328267;3893876
1255;12:15:59.311;1.6;19.329657;3893872
1256;12:15:59.479;0.0;19.329756;3893672
1257;12:15:59.648;1.5;19.328803;3893700
1258;12:15:59.816;0.0;19.328029;3893544
1259;12:15:59.985;0.0;19.329240;3893788
1260;12:16:00.154;1.6;19.330670;3894076
1261;12:16:00.323;1.6;19.331087;3894160
1262;12:16:00.491;3.2;19.328525;3893644
1263;12:16:00.661;1.5;19.329399;3893820
1264;12:16:00.830;4.4;19.328346;3893748
1265;12:16:00.999;1.5;19.329498;3893840
1266;12:16:01.168;3.1;19.330233;3893768
1267;12:16:01.337;0.0;19.328048;3893684
1268;12:16:01.506;3.1;19.327274;3893392
1269;12:16:01.675;3.1;19.326897;3893316
1270;12:16:01.844;0.0;19.328029;3893544
1271;12:16:02.013;3.1;19.328068;3893552
1272;12:16:02.183;1.6;19.326976;3893112
1273;12:16:02.352;3.0;19.326281;3892972
1274;12:16:02.521;4.7;19.325169;3892968
1275;12:16:02.690;1.5;19.324792;3892892
1276;12:16:02.859;1.5;19.322687;3892468
1277;12:16:03.027;3.1;19.325269;3892988
1278;12:16:03.196;1.6;19.327214;3893380
1279;12:16:03.365;1.6;19.326142;3893164
1280;12:16:03.535;0.0;19.328644;3893668
1281;12:16:03.704;0.0;19.326897;3893316
1282;12:16:03.873;0.0;19.324117;3892756
1283;12:16:04.042;3.1;19.322012;3892332
1284;12:16:04.211;3.1;19.326162;3892948
1285;12:16:04.379;0.0;19.323581;3892648
1286;12:16:04.547;3.1;19.326460;3893008
1287;12:16:04.716;1.6;19.325705;3893076
1288;12:16:04.889;1.6;19.325626;3893060
1289;12:16:05.057;0.0;19.325547;3893044
1290;12:16:05.226;3.1;19.326837;3893304
1291;12:16:05.394;3.1;19.325765;3893088
1292;12:16:05.563;1.5;19.325249;3892764
1293;12:16:05.731;1.5;19.324534;3892840
1294;12:16:05.900;1.5;19.324415;3892816
1295;12:16:06.070;1.4;19.328088;3893336
1296;12:16:06.239;1.5;19.327492;3893436
1297;12:16:06.408;0.0;19.328664;3893672
1298;12:16:06.577;1.5;19.329836;3893908
1299;12:16:06.746;1.5;19.331166;3894176
1300;12:16:06.915;4.5;19.331226;3894188
1301;12:16:07.084;1.6;19.332635;3894472
1302;12:16:07.253;1.6;19.330531;3893752
1303;12:16:07.422;0.0;19.329637;3893868
1304;12:16:07.591;1.6;19.328386;3893616
1305;12:16:07.760;5.7;19.328187;3893576
1306;12:16:07.929;3.2;19.328386;3893616
1307;12:16:08.098;1.5;19.328267;3893592
1308;12:16:08.267;0.0;19.326936;3893324
1309;12:16:08.436;0.0;19.325686;3893324
1310;12:16:08.606;2.9;19.327095;3893356
1311;12:16:08.775;1.5;19.328346;3893608
1312;12:16:08.944;1.5;19.328426;3893624
1313;12:16:09.113;4.6;19.323501;3892632
1314;12:16:09.282;1.6;19.323660;3892664
1315;12:16:09.451;3.0;19.324474;3892828
1316;12:16:09.620;1.4;19.325507;3893288
1317;12:16:09.789;0.0;19.326877;3893312
1318;12:16:09.958;3.0;19.326798;3893296
1319;12:16:10.127;0.0;19.326023;3893140
1320;12:16:10.296;1.6;19.325983;3893132
1321;12:16:10.465;1.6;19.326103;3893156
1322;12:16:10.634;1.6;19.325507;3893036
1323;12:16:10.803;0.0;19.325308;3892996
1324;12:16:10.972;1.5;19.326758;3893288
1325;12:16:11.141;0.0;19.328009;3893540
1326;12:16:11.310;1.6;19.329538;3893848
1327;12:16:11.479;0.0;19.328446;3893628
1328;12:16:11.648;2.9;19.327592;3893456
1329;12:16:11.817;1.6;19.327512;3893440
1330;12:16:11.987;0.0;19.327512;3893440
1331;12:16:12.156;1.6;19.327433;3893424
1332;12:16:12.325;1.5;19.326579;3893252
1333;12:16:12.494;0.0;19.326122;3892940
1334;12:16:12.663;2.8;19.326083;3893152
1335;12:16:12.832;2.9;19.326003;3893136
1336;12:16:13.001;1.5;19.327334;3893404
1337;12:16:13.170;1.5;19.327334;3893548
1338;12:16:13.339;1.5;19.329299;3893800
1339;12:16:13.508;1.5;19.329299;3893580
1340;12:16:13.677;3.0;19.327711;3893740
1341;12:16:13.846;1.5;19.328882;3893716
1342;12:16:14.015;1.5;19.329339;3894076
1343;12:16:14.183;1.5;19.331642;3894052
1344;12:16:14.352;1.5;19.329915;3893924
1345;12:16:14.521;0.0;19.329875;3893916
1346;12:16:14.690;0.0;19.329399;3893820
1347;12:16:14.859;1.4;19.329438;3893828
1348;12:16:15.029;2.8;19.329438;3893828
1349;12:16:15.198;2.9;19.329280;3893796
1350;12:16:15.367;4.6;19.325130;3892960
1351;12:16:15.536;1.5;19.325805;3893096
1352;12:16:15.705;1.6;19.325805;3893096
1353;12:16:15.873;1.5;19.323561;3892644
1354;12:16:16.042;1.6;19.325805;3893096
1355;12:16:16.211;1.5;19.325805;3893096
1356;12:16:16.380;2.9;19.325964;3893128
1357;12:16:16.550;3.0;19.325884;3893104
1358;12:16:16.719;1.6;19.329558;3893852
1359;12:16:16.888;1.5;19.329538;3893848
1360;12:16:17.058;0.0;19.329617;3893864
1361;12:16:17.227;1.5;19.327214;3893380
1362;12:16:17.396;4.5;19.328465;3893632
1363;12:16:17.565;0.0;19.328505;3893640
1364;12:16:17.734;0.0;19.328287;3893596
1365;12:16:17.904;2.9;19.328287;3893596
1366;12:16:18.073;1.5;19.328287;3893596
1367;12:16:18.242;3.1;19.328287;3893596
1368;12:16:18.412;6.0;19.323879;3892708
1369;12:16:18.581;3.1;19.326341;3893204
1370;12:16:18.750;1.5;19.326261;3893188
1371;12:16:18.919;1.5;19.326261;3893188
1372;12:16:19.088;1.4;19.325447;3893128
1373;12:16:19.258;4.6;19.325130;3892960
1374;12:16:19.429;2.8;19.327631;3893464
1375;12:16:19.598;2.9;19.329081;3893756
1376;12:16:19.767;1.6;19.330173;3893976
1377;12:16:19.936;1.5;19.330213;3893984
1378;12:16:20.105;1.5;19.331305;3894204
1379;12:16:20.274;0.0;19.328009;3893540
1380;12:16:20.444;0.0;19.328982;3893516
1381;12:16:20.614;1.5;19.326976;3893332
1382;12:16:20.783;1.6;19.326500;3893236
1383;12:16:20.952;2.9;19.327036;3893344
1384;12:16:21.121;2.9;19.327115;3893360
1385;12:16:21.291;1.6;19.328048;3893548
1386;12:16:21.461;4.4;19.327969;3893532
1387;12:16:21.630;3.1;19.329141;3893768
1388;12:16:21.800;1.4;19.329141;3893768
1389;12:16:21.969;1.5;19.329498;3893840
1390;12:16:22.138;5.9;19.329419;3893456
1391;12:16:22.307;3.0;19.331583;3893744
1392;12:16:22.476;1.5;19.329260;3893792
1393;12:16:22.645;3.0;19.328525;3893644
1394;12:16:22.815;3.0;19.331106;3894164
1395;12:16:22.984;5.6;19.329776;3893896
1396;12:16:23.154;3.1;19.329836;3893908
1397;12:16:23.323;1.5;19.330153;3894224
1398;12:16:23.493;1.5;19.331404;3894224
1399;12:16:23.662;0.0;19.330312;3894004
1400;12:16:23.831;3.0;19.330133;3893968
1401;12:16:23.999;1.4;19.329994;3893940
1402;12:16:24.167;1.6;19.329796;3893900
1403;12:16:24.336;0.0;19.329796;3893900
1404;12:16:24.504;0.0;19.330034;3893948
1405;12:16:24.672;1.6;19.330074;3893956
1406;12:16:24.841;1.5;19.327751;3893488
1407;12:16:25.010;1.4;19.329101;3893760
1408;12:16:25.178;0.0;19.330431;3894028
1409;12:16:25.346;1.6;19.331682;3894280
1410;12:16:25.514;0.0;19.331186;3894180
1411;12:16:25.682;1.5;19.331265;3894196
1412;12:16:25.851;0.0;19.331305;3894204
1413;12:16:26.019;1.6;19.330570;3894056
1414;12:16:26.187;1.6;19.332596;3894464
1415;12:16:26.355;4.5;19.335316;3895012
1416;12:16:26.524;1.5;19.330292;3894000
1417;12:16:26.693;0.0;19.330908;3894124
1418;12:16:26.860;3.1;19.333449;3894636
1419;12:16:27.029;1.5;19.332179;3894380
1420;12:16:27.198;3.0;19.331503;3894496
1421;12:16:27.367;4.7;19.328386;3893616
1422;12:16:27.536;1.6;19.325924;3893120
1423;12:16:27.705;1.5;19.326341;3893204
1424;12:16:27.874;1.6;19.326420;3893220
1425;12:16:28.043;1.5;19.326301;3893196
1426;12:16:28.211;3.1;19.326301;3893196
1427;12:16:28.380;0.0;19.329002;3893740
1428;12:16:28.549;3.1;19.329319;3893804
1429;12:16:28.718;0.0;19.329260;3893792
1430;12:16:28.887;3.1;19.329260;3893792
1431;12:16:29.055;1.5;19.330352;3894012
1432;12:16:29.224;1.6;19.330272;3893996
1433;12:16:29.393;0.0;19.330272;3893996
1434;12:16:29.562;0.0;19.330153;3893972
1435;12:16:29.731;3.1;19.330630;3893848
1436;12:16:29.899;1.6;19.330789;3894100
1437;12:16:30.068;1.6;19.333072;3894560
1438;12:16:30.237;1.6;19.330967;3894060
1439;12:16:30.406;1.6;19.327195;3893376
1440;12:16:30.575;1.6;19.328823;3893704
1441;12:16:30.744;2.9;19.324514;3893088
1442;12:16:30.914;0.0;19.324792;3893144
1443;12:16:31.083;4.6;19.326857;3893560
1444;12:16:31.253;4.4;19.327989;3893536
1445;12:16:31.422;3.2;19.329855;3893912
1446;12:16:31.590;1.6;19.326480;3893232
1447;12:16:31.760;3.2;19.326261;3893188
1448;12:16:31.930;1.6;19.325844;3893104
1449;12:16:32.098;0.0;19.326976;3893332
1450;12:16:32.267;1.6;19.328307;3893600
1451;12:16:32.436;3.2;19.324355;3892804
1452;12:16:32.606;3.0;19.325209;3892976
1453;12:16:32.775;3.1;19.325189;3892972
1454;12:16:32.944;0.0;19.326440;3893224
1455;12:16:33.112;1.4;19.326559;3893248
1456;12:16:33.281;1.6;19.329061;3893752
1457;12:16:33.450;3.1;19.327433;3893424
1458;12:16:33.619;1.5;19.325904;3893116
1459;12:16:33.788;1.6;19.325785;3893092
1460;12:16:33.955;1.6;19.325785;3893092
1461;12:16:34.124;6.2;19.324832;3893024
1462;12:16:34.294;4.5;19.322886;3892360
1463;12:16:34.463;3.1;19.324593;3892632
1464;12:16:34.632;1.5;19.322945;3892520
1465;12:16:34.801;3.1;19.326778;3893292
1466;12:16:34.970;3.1;19.326043;3893144
1467;12:16:35.138;3.1;19.325944;3893400
1468;12:16:35.307;1.5;19.325209;3892976
1469;12:16:35.476;0.0;19.323184;3892516
1470;12:16:35.646;3.2;19.325626;3893312
1471;12:16:35.817;3.1;19.329220;3893784
1472;12:16:35.986;1.6;19.329061;3893752
1473;12:16:36.154;1.5;19.331722;3894288
1474;12:16:36.323;1.5;19.330471;3894036
1475;12:16:36.491;1.6;19.332973;3894540
1476;12:16:36.660;1.5;19.330769;3894096
1477;12:16:36.829;0.0;19.330570;3894056
1478;12:16:36.999;3.1;19.327473;3893432
1479;12:16:37.167;1.6;19.327949;3893528
1480;12:16:37.337;4.3;19.327413;3893200
1481;12:16:37.505;4.6;19.326043;3893144
1482;12:16:37.674;5.8;19.327512;3893440
1483;12:16:37.843;1.5;19.327155;3893368
1484;12:16:38.013;0.0;19.328128;3893564
1485;12:16:38.182;3.0;19.328048;3893548
1486;12:16:38.351;1.5;19.329458;3893832
1487;12:16:38.520;1.6;19.329041;3893528
1488;12:16:38.690;6.2;19.326480;3893448
1489;12:16:38.859;1.5;19.330491;3894040
1490;12:16:39.028;1.5;19.331722;3894288
1491;12:16:39.196;3.1;19.327969;3893916
1492;12:16:39.366;4.7;19.331444;3894232
1493;12:16:39.535;1.5;19.333310;3894608
1494;12:16:39.704;3.1;19.327115;3893676
1495;12:16:39.873;1.6;19.328287;3894100
1496;12:16:40.043;2.8;19.327949;3893528
1497;12:16:40.212;3.1;19.326976;3893332
1498;12:16:40.381;1.5;19.325269;3892988
1499;12:16:40.550;6.3;19.327612;3893836
1500;12:16:40.720;7.5;19.328525;3893644
1501;12:16:40.891;1.6;19.328108;3893560
1502;12:16:41.060;1.4;19.328108;3893560
1503;12:16:41.229;1.6;19.327909;3893520
1504;12:16:41.398;0.0;19.329438;3893680
1505;12:16:41.570;0.0;19.328048;3893548
1506;12:16:41.738;4.0;19.327850;3893508
1507;12:16:41.907;1.5;19.327929;3893524
1508;12:16:42.075;3.0;19.327890;3893516
1509;12:16:42.245;1.6;19.328048;3893548
1510;12:16:42.413;1.6;19.325110;3892956
1511;12:16:42.582;0.0;19.329280;3893796
1512;12:16:42.751;1.6;19.325269;3892820
1513;12:16:42.920;4.5;19.324454;3892824
1514;12:16:43.090;3.1;19.328207;3893580
1515;12:16:43.259;1.5;19.328207;3893580
1516;12:16:43.428;1.5;19.328048;3893548
1517;12:16:43.596;3.1;19.326639;3893264
1518;12:16:43.766;0.0;19.325149;3892964
1519;12:16:43.935;3.1;19.325964;3893128
1520;12:16:44.103;3.1;19.325964;3893380
1521;12:16:44.273;1.5;19.326996;3893336
1522;12:16:44.442;4.3;19.327334;3893404
1523;12:16:44.611;1.5;19.326281;3893192
1524;12:16:44.780;1.6;19.328743;3893688
1525;12:16:44.948;1.5;19.328743;3893688
1526;12:16:45.117;0.0;19.328743;3893972
1527;12:16:45.286;1.6;19.328644;3893668
1528;12:16:45.455;0.0;19.331146;3894172
1529;12:16:45.624;1.5;19.330769;3894096
1530;12:16:45.792;3.1;19.330809;3894104
1531;12:16:45.961;1.6;19.330689;3894080
1532;12:16:46.130;1.6;19.330689;3894080
1533;12:16:46.299;3.1;19.330888;3894120
1534;12:16:46.468;3.1;19.333628;3894672
1535;12:16:46.636;1.5;19.333271;3894380
1536;12:16:46.805;1.6;19.331901;3894324
1537;12:16:46.974;1.6;19.332258;3894396
1538;12:16:47.143;1.5;19.331206;3894184
1539;12:16:47.312;0.0;19.331603;3894264
1540;12:16:47.480;1.6;19.331603;3894264
1541;12:16:47.649;1.6;19.332020;3894348
1542;12:16:47.817;1.6;19.331940;3894332
1543;12:16:47.986;3.1;19.331901;3894324
1544;12:16:48.155;3.1;19.332020;3894348
1545;12:16:48.324;1.6;19.331166;3894176
1546;12:16:48.492;1.6;19.330074;3893956
1547;12:16:48.661;3.1;19.329518;3893844
1548;12:16:48.829;3.1;19.329359;3893812
1549;12:16:48.998;0.0;19.327770;3893492
1550;12:16:49.166;0.0;19.326956;3893328
1551;12:16:49.335;1.6;19.328247;3893588
1552;12:16:49.504;1.6;19.332000;3894344
1553;12:16:49.672;1.5;19.331523;3894248
1554;12:16:49.841;1.5;19.331325;3894208
1555;12:16:50.010;0.0;19.331245;3894192
1556;12:16:50.180;1.6;19.331245;3894192
1557;12:16:50.349;3.0;19.331166;3894028
1558;12:16:50.518;4.5;19.330431;3894028
1559;12:16:50.686;3.0;19.330114;3893964
1560;12:16:50.855;1.6;19.330034;3893948
1561;12:16:51.024;1.6;19.328009;3893540
1562;12:16:51.194;4.5;19.328882;3893716
1563;12:16:51.363;1.5;19.328207;3893580
1564;12:16:51.532;3.1;19.328326;3893604
1565;12:16:51.700;1.6;19.327870;3893512
1566;12:16:51.869;1.6;19.328148;3893568
1567;12:16:52.038;0.0;19.328187;3893576
1568;12:16:52.206;3.1;19.327989;3893536
1569;12:16:52.375;1.5;19.329438;3893828
1570;12:16:52.543;1.6;19.329141;3893768
1571;12:16:52.712;1.6;19.326857;3893308
1572;12:16:52.880;1.5;19.327373;3893412
1573;12:16:53.049;3.1;19.326559;3893248
1574;12:16:53.218;1.5;19.327612;3893240
1575;12:16:53.387;1.6;19.325547;3893044
1576;12:16:53.556;1.5;19.325110;3892956
1577;12:16:53.725;1.6;19.325388;3893012
1578;12:16:53.894;1.6;19.324752;3893160
1579;12:16:54.062;1.6;19.324792;3892892
1580;12:16:54.231;1.5;19.325924;3893120
1581;12:16:54.400;1.3;19.325924;3893120
1582;12:16:54.569;0.0;19.326877;3893404
1583;12:16:54.738;0.0;19.327334;3893404
1584;12:16:54.906;1.6;19.328465;3893632
1585;12:16:55.075;0.0;19.328386;3893900
1586;12:16:55.243;0.0;19.331166;3894176
1587;12:16:55.412;1.6;19.331047;3894152
1588;12:16:55.580;0.0;19.331087;3894160
1589;12:16:55.748;1.6;19.331087;3894160
1590;12:16:55.917;0.0;19.331047;3894152
1591;12:16:56.086;0.0;19.331087;3893684
1592;12:16:56.254;1.5;19.328207;3893580
1593;12:16:56.423;0.0;19.328207;3893580
1594;12:16:56.591;3.1;19.329498;3893840
1595;12:16:56.760;1.6;19.329379;3893816
1596;12:16:56.929;1.5;19.329299;3893800
1597;12:16:57.098;0.0;19.329458;3893832
1598;12:16:57.267;1.6;19.329280;3893428
1599;12:16:58.155;3.0;19.326321;3893200
1600;12:16:58.329;1.6;19.326083;3893152
1601;12:16:58.497;0.0;19.326242;3893184
1602;12:16:58.666;1.6;19.327036;3893344
1603;12:16:58.835;3.0;19.326182;3893172
1604;12:16:59.004;1.5;19.326758;3893288
1605;12:16:59.173;3.1;19.326400;3893572
1606;12:16:59.342;3.1;19.328128;3893564
1607;12:16:59.511;0.0;19.328009;3893540
1608;12:16:59.679;0.0;19.327790;3893496
1609;12:16:59.848;1.5;19.327870;3893512
1610;12:17:00.018;1.6;19.326778;3893292
1611;12:17:00.188;3.0;19.326480;3893012
1612;12:17:00.357;1.3;19.325547;3893044
1613;12:17:00.525;0.0;19.327731;3893484
1614;12:17:00.694;1.5;19.327731;3893484
1615;12:17:00.863;0.0;19.327770;3893344
1616;12:17:01.031;1.5;19.327075;3893352
1617;12:17:01.200;0.0;19.326480;3893232
1618;12:17:01.369;1.5;19.324951;3892924
1619;12:17:01.538;1.5;19.324435;3892820
1620;12:17:01.707;1.6;19.325705;3893076
1621;12:17:01.991;1.5;19.324454;3893100
1622;12:17:02.159;1.6;19.326103;3893156
1623;12:17:02.330;0.0;19.325805;3893096
1624;12:17:02.499;1.6;19.325924;3893120
1625;12:17:02.668;3.0;19.325884;3893112
1626;12:17:02.836;3.0;19.325964;3893128
1627;12:17:03.005;1.5;19.327135;3893364
1628;12:17:03.174;3.2;19.325805;3893096
1629;12:17:03.342;1.6;19.325765;3893088
1630;12:17:03.511;0.0;19.325765;3893088
1631;12:17:03.680;2.9;19.325745;3893084
1632;12:17:03.849;0.0;19.325686;3893072
1633;12:17:04.018;1.6;19.325487;3893032
1634;12:17:04.187;1.6;19.327453;3893428
1635;12:17:04.356;1.5;19.326897;3893168
1636;12:17:04.525;1.6;19.325805;3893096
1637;12:17:04.693;1.6;19.325646;3893064
1638;12:17:04.862;0.0;19.325844;3893104
1639;12:17:05.031;0.0;19.325805;3893096
1640;12:17:05.199;1.6;19.327016;3893340
1641;12:17:05.368;3.1;19.328426;3893624
1642;12:17:05.536;0.0;19.328942;3893728
1643;12:17:05.705;1.6;19.329716;3893884
1644;12:17:05.874;0.0;19.329716;3893884
1645;12:17:06.043;1.6;19.328902;3894012
1646;12:17:06.211;3.2;19.330312;3894004
1647;12:17:06.380;1.5;19.330550;3894052
1648;12:17:06.548;0.0;19.331881;3894100
1649;12:17:06.717;1.6;19.330709;3894084
1650;12:17:06.886;1.6;19.330670;3893928
1651;12:17:07.054;0.0;19.327592;3893456
1652;12:17:07.222;3.2;19.329339;3893808
1653;12:17:07.391;0.0;19.328267;3893592
1654;12:17:07.559;3.0;19.327909;3893372
1655;12:17:07.727;0.0;19.326202;3893176
1656;12:17:07.896;4.4;19.328624;3893664
1657;12:17:08.065;1.5;19.328585;3893656
1658;12:17:08.234;1.5;19.327651;3893720
1659;12:17:08.404;3.1;19.328863;3893712
1660;12:17:08.573;0.0;19.330312;3894004
1661;12:17:08.742;0.0;19.330233;3893988
1662;12:17:08.911;0.0;19.330233;3893912
1663;12:17:09.082;1.6;19.329299;3893800
1664;12:17:09.252;0.0;19.329101;3893760
1665;12:17:09.421;3.1;19.328942;3893728
1666;12:17:09.589;3.1;19.327671;3893472
1667;12:17:09.759;0.0;19.327751;3893488
1668;12:17:09.927;1.5;19.327790;3893496
1669;12:17:10.096;3.0;19.328604;3893660
1670;12:17:10.266;3.1;19.328525;3893644
1671;12:17:10.435;1.5;19.328962;3893732
1672;12:17:10.603;3.2;19.327353;3893408
1673;12:17:10.772;1.6;19.328565;3893652
1674;12:17:10.941;0.0;19.328406;3893620
1675;12:17:11.110;1.6;19.328406;3893620
1676;12:17:11.278;1.6;19.328287;3893596
1677;12:17:11.447;3.0;19.328604;3893660
1678;12:17:11.616;1.5;19.328604;3893660
1679;12:17:11.786;0.0;19.329776;3893896
1680;12:17:11.955;3.1;19.329577;3893856
1681;12:17:12.124;3.0;19.327036;3893344
1682;12:17:12.292;1.6;19.327234;3893384
1683;12:17:12.461;3.2;19.324991;3892932
1684;12:17:12.630;1.6;19.323938;3892720
1685;12:17:12.799;3.1;19.325189;3892972
1686;12:17:12.968;1.6;19.326321;3893200
1687;12:17:13.136;1.6;19.330392;3894020
1688;12:17:13.305;0.0;19.328505;3893640
1689;12:17:13.474;0.0;19.328585;3893656
1690;12:17:13.643;1.5;19.328505;3893492
1691;12:17:13.813;3.0;19.327254;3893388
1692;12:17:13.982;3.1;19.327254;3893388
1693;12:17:14.150;1.3;19.327969;3893532
1694;12:17:14.319;1.6;19.329816;3893904
1695;12:17:14.488;3.2;19.326381;3893464
1696;12:17:14.658;1.6;19.325070;3892948
1697;12:17:14.827;1.6;19.326520;3893492
1698;12:17:14.998;3.1;19.327810;3893500
1699;12:17:15.166;3.0;19.327711;3893480
1700;12:17:15.335;4.5;19.327711;3893480
1701;12:17:15.504;0.0;19.328962;3893732
1702;12:17:15.673;0.0;19.329041;3893748
1703;12:17:15.841;3.1;19.327631;3893464
1704;12:17:16.010;1.6;19.327631;3893316
1705;12:17:16.178;1.6;19.328148;3893568
1706;12:17:16.347;3.2;19.327473;3893432
1707;12:17:16.517;4.6;19.328724;3893676
1708;12:17:16.686;3.1;19.326936;3893324
1709;12:17:16.855;4.6;19.328068;3893552
1710;12:17:17.024;1.5;19.328307;3893600
1711;12:17:17.193;1.6;19.328307;3893600
1712;12:17:17.362;3.1;19.327870;3893764
1713;12:17:17.531;0.0;19.330610;3894064
1714;12:17:17.702;1.6;19.330650;3894072
1715;12:17:17.871;1.6;19.329915;3893924
1716;12:17:18.040;3.1;19.326539;3893244
1717;12:17:18.209;1.6;19.326539;3893244
1718;12:17:18.377;1.6;19.328704;3893680
1719;12:17:18.546;1.6;19.328783;3893696
1720;12:17:18.714;3.2;19.326122;3893160
1721;12:17:18.882;2.8;19.324991;3893184
1722;12:17:19.052;1.6;19.326341;3892984
1723;12:17:19.221;3.1;19.328068;3893552
1724;12:17:19.390;1.5;19.327314;3893400
1725;12:17:19.558;3.2;19.324395;3892820
1726;12:17:19.727;6.2;19.320503;3892028
1727;12:17:19.896;4.6;19.322310;3892392
1728;12:17:20.064;6.0;19.328088;3893712
1729;12:17:20.233;6.2;19.332119;3894392
1730;12:17:20.403;0.0;19.333410;3894408
1731;12:17:20.571;3.1;19.329935;3893928
1732;12:17:20.739;1.6;19.331146;3894172
1733;12:17:20.909;1.6;19.330332;3894008
1734;12:17:21.077;1.6;19.330411;3893804
1735;12:17:21.245;1.5;19.330173;3893756
1736;12:17:21.414;3.1;19.331682;3894280
1737;12:17:21.582;0.0;19.331642;3894272
1738;12:17:21.751;1.5;19.330590;3894116
1739;12:17:21.919;0.0;19.330948;3894132
1740;12:17:22.087;3.1;19.331067;3894156
1741;12:17:22.256;0.0;19.328882;3893716
1742;12:17:22.424;6.2;19.326956;3893304
1743;12:17:22.593;3.1;19.331166;3894436
1744;12:17:22.763;3.0;19.333906;3894728
1745;12:17:22.932;3.1;19.336150;3895040
1746;12:17:23.103;3.1;19.336607;3895484
1747;12:17:23.273;2.9;19.338374;3895628
1748;12:17:23.443;1.5;19.336944;3895340
1749;12:17:23.612;3.1;19.339962;3896104
1750;12:17:23.781;1.5;19.342286;3896120
1751;12:17:23.950;1.6;19.341928;3896048
1752;12:17:24.118;0.0;19.341908;3896044
1753;12:17:24.287;1.6;19.340995;3896156
1754;12:17:24.456;0.0;19.340915;3896140
1755;12:17:24.625;1.6;19.339526;3895860
1756;12:17:24.793;0.0;19.338711;3895972
1757;12:17:24.963;1.6;19.340042;3895964
1758;12:17:25.132;3.1;19.337341;3895124
1759;12:17:25.300;0.0;19.339069;3895472
1760;12:17:25.469;3.1;19.338890;3895768
1761;12:17:25.638;3.0;19.338275;3895608
1762;12:17:25.807;0.0;19.338632;3895680
1763;12:17:25.975;1.6;19.339962;3895972
1764;12:17:26.144;1.5;19.340042;3895964
1765;12:17:26.313;3.1;19.341193;3896196
1766;12:17:26.482;3.1;19.341193;3896196
1767;12:17:26.651;1.6;19.339307;3895816
1768;12:17:26.819;1.6;19.341233;3896204
1769;12:17:26.988;1.2;19.339804;3896176
1770;12:17:27.157;3.1;19.340757;3896108
1771;12:17:27.326;1.6;19.341313;3896220
1772;12:17:27.495;3.2;19.340002;3896120
1773;12:17:27.665;3.1;19.340717;3896100
1774;12:17:27.834;0.0;19.340796;3896116
1775;12:17:28.003;1.5;19.339982;3896064
1776;12:17:28.171;3.1;19.340062;3895968
1777;12:17:28.340;1.6;19.339307;3895520
1778;12:17:28.509;3.0;19.337441;3895440
1779;12:17:28.677;3.1;19.339466;3895848
1780;12:17:28.846;1.6;19.338612;3895676
1781;12:17:29.016;1.6;19.338453;3895644
1782;12:17:29.184;4.8;19.336845;3895564
1783;12:17:29.353;1.6;19.338414;3895636
1784;12:17:29.522;0.0;19.340320;3896020
1785;12:17:29.690;0.0;19.338989;3896020
1786;12:17:29.859;1.5;19.339029;3895760
1787;12:17:30.028;3.1;19.340757;3896108
1788;12:17:30.197;4.5;19.341452;3896248
1789;12:17:30.366;3.1;19.341968;3896056
1790;12:17:30.536;1.6;19.340399;3895888
1791;12:17:30.706;3.2;19.340022;3894828
1792;12:17:30.876;7.8;19.336626;3895536
1793;12:17:31.046;0.0;19.339923;3895940
1794;12:17:31.215;3.1;19.340479;3896052
1795;12:17:31.384;1.6;19.340459;3895752
1796;12:17:31.553;1.5;19.339962;3896200
1797;12:17:31.722;1.6;19.339307;3896320
1798;12:17:31.891;1.6;19.341174;3896192
1799;12:17:32.059;0.0;19.339804;3895768
1800;12:17:32.228;1.5;19.340399;3896312
1801;12:17:32.397;3.1;19.341769;3896164
1802;12:17:32.565;1.5;19.342425;3896296
1803;12:17:32.734;7.7;19.340796;3896116
1804;12:17:32.903;1.5;19.340796;3896116
1805;12:17:33.074;1.5;19.340201;3895848
1806;12:17:33.243;0.0;19.339029;3895612
1807;12:17:33.412;1.6;19.340479;3896052
1808;12:17:33.581;1.6;19.339228;3895800
1809;12:17:33.750;0.0;19.339089;3895956
1810;12:17:33.922;0.0;19.339307;3895664
1811;12:17:34.091;3.0;19.337818;3895800
1812;12:17:34.259;1.6;19.337758;3895780
1813;12:17:34.428;1.5;19.338533;3895660
1814;12:17:34.596;1.6;19.340022;3895812
1815;12:17:34.764;0.0;19.338731;3895700
1816;12:17:34.933;3.1;19.339863;3895928
1817;12:17:35.101;4.7;19.338731;3895700
1818;12:17:35.270;1.5;19.340419;3896040
1819;12:17:35.438;3.2;19.337024;3895600
1820;12:17:35.606;3.1;19.338433;3895760
1821;12:17:35.776;1.5;19.341630;3896284
1822;12:17:35.945;4.7;19.341511;3896260
1823;12:17:36.114;6.2;19.340975;3896448
1824;12:17:36.284;4.5;19.340657;3896288
1825;12:17:36.453;0.0;19.341571;3896236
1826;12:17:36.624;1.6;19.341948;3896608
1827;12:17:36.793;0.0;19.342464;3896452
1828;12:17:36.962;1.6;19.342385;3896288
1829;12:17:37.131;0.0;19.344271;3896816
1830;12:17:37.300;0.0;19.342842;3896528
1831;12:17:37.469;1.6;19.343358;3896188
1832;12:17:37.638;1.5;19.341213;3896200
1833;12:17:37.807;0.0;19.338255;3895604
1834;12:17:37.976;0.0;19.338711;3895852
1835;12:17:38.146;1.6;19.339526;3895860
1836;12:17:38.314;0.0;19.340081;3895972
1837;12:17:38.483;6.2;19.342107;3896380
1838;12:17:38.656;1.6;19.340697;3896096
1839;12:17:38.826;8.8;19.342961;3896404
1840;12:17:38.996;3.1;19.343437;3896908
1841;12:17:39.165;1.5;19.344688;3896900
1842;12:17:39.334;4.5;19.344172;3896796
1843;12:17:39.503;4.5;19.344291;3896820
1844;12:17:39.673;1.5;19.343973;3896608
1845;12:17:39.842;2.9;19.343278;3896596
1846;12:17:40.011;3.1;19.342762;3896512
1847;12:17:40.181;6.2;19.342881;3896524
1848;12:17:40.350;1.6;19.342762;3896216
1849;12:17:40.520;0.0;19.342663;3896492
1850;12:17:40.689;1.5;19.342484;3896456
1851;12:17:40.858;0.0;19.343775;3896716
1852;12:17:41.027;3.1;19.343656;3896984
1853;12:17:41.198;1.6;19.345621;3897088
1854;12:17:41.367;3.1;19.344708;3896904
1855;12:17:41.535;1.5;19.342782;3896368
1856;12:17:41.704;0.0;19.339903;3896196
1857;12:17:41.872;4.5;19.341174;3896192
1858;12:17:42.045;5.9;19.338731;3896204
1859;12:17:42.214;3.2;19.350149;3898000
1860;12:17:42.383;3.2;19.348918;3898020
1861;12:17:42.551;0.0;19.350625;3898096
1862;12:17:42.720;1.4;19.351837;3898340
1863;12:17:42.888;0.0;19.350625;3898096
1864;12:17:43.058;7.8;19.281664;3884424
1865;12:17:43.228;17.1;19.371494;3902080
1866;12:17:43.400;1.4;19.369946;3901988
1867;12:17:43.572;3.0;19.370660;3901912
1868;12:17:43.742;2.9;19.369330;3901864
1869;12:17:43.911;1.6;19.369489;3902432
1870;12:17:44.081;3.0;19.370998;3902200
1871;12:17:44.250;1.6;19.371117;3902648
1872;12:17:44.418;0.0;19.371316;3902312
1873;12:17:44.587;3.1;19.370561;3902112
1874;12:17:44.756;1.6;19.371614;3902324
1875;12:17:44.924;1.5;19.370521;3902104
1876;12:17:45.094;1.5;19.371792;3902140
1877;12:17:45.263;1.6;19.370819;3902164
1878;12:17:45.432;0.0;19.370005;3901780
1879;12:17:45.601;1.6;19.369012;3901580
1880;12:17:45.770;3.1;19.370502;3902368
1881;12:17:45.938;0.0;19.371832;3902596
1882;12:17:46.107;1.6;19.372527;3902508
1883;12:17:46.275;0.0;19.372408;3902380
1884;12:17:46.444;1.6;19.372467;3902496
1885;12:17:46.612;3.0;19.371296;3902260
1886;12:17:46.780;1.6;19.371137;3902008
1887;12:17:46.949;1.6;19.372309;3902244
1888;12:17:47.118;4.3;19.372348;3902472
1889;12:17:47.286;3.0;19.373321;3902668
1890;12:17:47.456;3.1;19.372547;3902512
1891;12:17:47.624;1.6;19.373202;3902424
1892;12:17:47.793;0.0;19.373123;3902684
1893;12:17:47.963;3.2;19.373361;3902676
1894;12:17:48.131;0.0;19.373599;3902724
1895;12:17:48.300;1.6;19.374652;3902936
1896;12:17:48.468;3.2;19.371911;3902628
1897;12:17:48.637;0.0;19.372388;3902480
1898;12:17:48.806;0.0;19.372309;3902464
1899;12:17:48.974;1.6;19.372388;3902480
1900;12:17:49.143;3.1;19.372428;3902488
1901;12:17:49.312;1.6;19.371097;3902000
1902;12:17:49.481;1.5;19.373639;3902732
1903;12:17:49.650;4.5;19.374890;3902984
1904;12:17:49.819;4.5;19.373560;3902496
1905;12:17:49.988;0.0;19.372189;3902220
1906;12:17:50.157;1.5;19.369727;3901944
1907;12:17:50.326;1.5;19.369807;3901960
1908;12:17:50.494;1.6;19.371256;3902252
1909;12:17:50.663;1.6;19.371137;3902228
1910;12:17:50.832;3.2;19.372388;3902480
1911;12:17:51.001;3.2;19.372309;3902464
1912;12:17:51.170;3.1;19.373758;3902756
1913;12:17:51.339;1.4;19.373718;3902748
1914;12:17:51.509;1.6;19.373222;3902648
1915;12:17:51.678;3.1;19.371137;3902008
1916;12:17:51.847;1.6;19.362559;3900500
1917;12:17:52.016;1.5;19.362341;3900236
1918;12:17:52.185;1.6;19.363671;3900504
1919;12:17:52.354;1.5;19.362499;3900724
1920;12:17:52.523;3.1;19.364108;3900812
1921;12:17:52.692;1.4;19.362738;3900536
1922;12:17:52.861;0.0;19.362499;3900488
1923;12:17:53.030;3.1;19.362579;3900504
1924;12:17:53.199;0.0;19.361685;3900324
1925;12:17:53.387;3.0;19.362738;3900316
1926;12:17:53.557;1.6;19.361328;3900252
1927;12:17:53.728;0.0;19.361407;3900268
1928;12:17:53.896;3.1;19.362221;3900496
1929;12:17:54.065;1.4;19.360772;3900140
1930;12:17:54.234;1.6;19.361963;3900160
1931;12:17:54.404;0.0;19.362936;3900356
1932;12:17:54.573;3.1;19.361566;3900300
1933;12:17:54.742;3.1;19.361725;3900112
1934;12:17:54.911;1.6;19.360633;3900112
1935;12:17:55.081;1.6;19.359422;3899868
1936;12:17:55.250;1.6;19.358171;3899664
1937;12:17:55.419;3.1;19.362440;3900476
1938;12:17:55.589;3.1;19.361249;3900016
1939;12:17:55.758;3.2;19.361169;3900000
1940;12:17:55.928;3.0;19.360117;3900008
1941;12:17:56.097;1.6;19.361129;3899992
1942;12:17:56.266;3.1;19.360434;3900072
1943;12:17:56.435;0.0;19.363254;3900640
1944;12:17:56.605;3.1;19.362658;3900560
1945;12:17:56.774;1.6;19.361765;3900340
1946;12:17:56.942;0.0;19.361368;3900040
1947;12:17:57.112;1.6;19.361487;3900064
1948;12:17:57.280;1.5;19.360236;3900260
1949;12:17:57.449;1.6;19.362579;3900504
1950;12:17:57.618;1.6;19.362738;3900536
1951;12:17:57.787;1.6;19.363949;3900560
1952;12:17:57.956;4.5;19.362718;3900532
1953;12:17:58.127;4.5;19.360176;3900280
1954;12:17:58.296;1.6;19.360494;3900084
1955;12:17:58.465;1.6;19.360534;3900092
1956;12:17:59.716;1.5;19.359918;3899968
1957;12:17:59.890;1.5;19.361447;3900276
1958;12:18:00.059;3.1;19.360077;3899780
1959;12:18:00.229;0.0;19.362658;3900520
1960;12:18:00.399;1.6;19.363750;3900788
1961;12:18:00.568;4.6;19.361566;3900300
1962;12:18:00.739;3.1;19.361169;3900220
1963;12:18:00.909;3.1;19.362539;3900496
1964;12:18:01.080;0.0;19.362579;3900504
1965;12:18:01.248;1.5;19.362658;3900300
1966;12:18:01.417;1.6;19.361328;3900252
1967;12:18:01.587;1.6;19.362777;3900544
1968;12:18:01.757;3.1;19.361566;3900300
1969;12:18:01.926;3.2;19.362817;3900552
1970;12:18:02.095;3.1;19.364108;3900812
1971;12:18:02.263;1.6;19.364148;3900820
1972;12:18:02.432;4.8;19.361646;3900608
1973;12:18:02.601;1.6;19.362758;3900540
1974;12:18:02.770;1.6;19.360573;3900376
1975;12:18:02.938;0.0;19.360375;3900060
1976;12:18:03.107;1.6;19.361785;3900344
1977;12:18:03.275;3.1;19.362797;3900548
1978;12:18:03.444;1.6;19.363731;3900516
1979;12:18:03.614;1.6;19.364009;3900792
1980;12:18:03.782;3.1;19.363711;3901000
1981;12:18:03.951;1.5;19.363949;3900780
1982;12:18:04.120;0.0;19.362857;3900340
1983;12:18:04.288;1.6;19.363870;3900764
1984;12:18:04.457;3.2;19.363711;3900732
1985;12:18:04.626;0.0;19.365121;3901016
1986;12:18:04.794;0.0;19.365061;3901004
1987;12:18:04.964;1.6;19.363651;3900720
1988;12:18:05.132;2.7;19.363830;3900756
1989;12:18:05.301;3.1;19.363870;3900544
1990;12:18:05.470;3.0;19.362341;3900520
1991;12:18:05.639;4.5;19.362817;3900552
1992;12:18:05.807;0.0;19.362221;3900432
1993;12:18:05.978;4.5;19.362579;3900284
1994;12:18:06.148;0.0;19.362817;3900552
1995;12:18:06.316;1.6;19.362499;3900528
1996;12:18:06.486;0.0;19.365399;3901136
1997;12:18:06.655;4.7;19.364545;3900900
1998;12:18:06.823;1.5;19.364465;3900664
1999;12:18:06.992;0.0;19.364783;3900728
2000;12:18:07.160;1.5;19.366074;3901208
2001;12:18:07.329;1.5;19.366848;3901144
2002;12:18:07.498;1.5;19.365955;3901184
2003;12:18:07.668;3.1;19.368576;3901712
2004;12:18:07.837;1.6;19.370363;3902072
2005;12:18:08.007;3.0;19.366649;3901104
2006;12:18:08.177;0.0;19.365875;3901168
2007;12:18:08.346;3.1;19.365895;3901392
2008;12:18:08.515;1.4;19.367980;3901592
2009;12:18:08.685;6.1;19.365140;3901408
2010;12:18:08.855;0.0;19.365081;3901008
2011;12:18:09.024;3.1;19.364843;3900740
2012;12:18:09.194;1.6;19.362202;3900712
2013;12:18:09.364;5.6;19.362837;3900556
2014;12:18:09.533;3.0;19.364167;3900824
2015;12:18:09.702;8.5;19.363870;3900764
2016;12:18:09.872;6.9;19.362718;3901000
2017;12:18:10.041;3.2;19.364088;3900808
2018;12:18:10.210;5.9;19.363532;3900916
2019;12:18:10.380;4.4;19.363691;3900728
2020;12:18:10.549;4.4;19.363889;3901028
2021;12:18:10.720;6.2;19.362579;3900504
2022;12:18:10.890;3.1;19.362817;3900552
2023;12:18:11.059;1.5;19.361407;3900268
2024;12:18:11.228;0.0;19.363314;3900652
2025;12:18:11.398;3.0;19.361725;3900332
2026;12:18:11.568;1.5;19.360474;3900324
2027;12:18:11.737;3.0;19.361685;3900324
2028;12:18:11.905;3.2;19.361844;3900356
2029;12:18:12.074;4.6;19.363095;3901060
2030;12:18:12.243;1.5;19.363155;3900620
2031;12:18:12.412;0.0;19.364545;3900900
2032;12:18:12.583;1.6;19.365339;3901060
2033;12:18:12.751;0.0;19.365339;3901124
2034;12:18:12.920;3.1;19.365339;3901060
2035;12:18:13.090;1.5;19.365657;3901124
2036;12:18:13.259;3.0;19.363691;3900728
2037;12:18:13.428;0.0;19.362976;3900584
2038;12:18:13.597;1.5;19.364584;3900908
2039;12:18:13.766;0.0;19.364942;3900980
2040;12:18:13.935;1.6;19.363889;3901012
2041;12:18:14.104;0.0;19.364009;3900572
2042;12:18:14.273;1.6;19.364882;3900968
2043;12:18:14.443;1.6;19.370244;3901872
2044;12:18:14.613;1.6;19.365994;3901192
2045;12:18:14.782;1.6;19.365180;3901028
2046;12:18:14.951;1.6;19.364148;3900820
2047;12:18:15.120;1.5;19.364843;3900960
2048;12:18:15.289;1.6;19.362678;3900784
2049;12:18:15.458;1.6;19.363294;3900648
2050;12:18:15.627;1.5;19.363413;3900672
2051;12:18:15.796;3.0;19.363611;3900492
2052;12:18:15.965;1.6;19.364823;3900956
2053;12:18:16.135;1.5;19.363512;3900472
2054;12:18:16.304;2.9;19.363552;3900700
2055;12:18:16.473;1.6;19.363095;3900608
2056;12:18:16.642;1.6;19.363393;3900668
2057;12:18:16.812;3.2;19.362797;3900548
2058;12:18:16.982;3.0;19.363870;3900860
2059;12:18:17.150;1.5;19.364346;3900860
2060;12:18:17.319;1.6;19.363214;3900868
2061;12:18:17.488;1.6;19.365081;3901008
2062;12:18:17.658;1.5;19.364803;3900952
2063;12:18:17.828;1.6;19.364922;3900976
2064;12:18:17.996;0.0;19.366530;3901300
2065;12:18:18.165;1.5;19.366371;3901048
2066;12:18:18.334;1.6;19.363711;3900780
2067;12:18:18.503;1.5;19.363870;3900992
2068;12:18:18.673;3.0;19.363870;3900764
2069;12:18:18.842;1.6;19.368139;3901404
2070;12:18:19.010;1.5;19.366530;3901080
2071;12:18:19.179;3.1;19.363870;3900216
2072;12:18:19.350;3.2;19.360593;3900720
2073;12:18:19.519;1.6;19.363592;3900708
2074;12:18:19.689;0.0;19.363611;3900712
2075;12:18:19.859;1.5;19.366352;3901044
2076;12:18:20.028;3.0;19.364128;3900816
2077;12:18:20.198;1.5;19.363234;3900636
2078;12:18:20.367;0.0;19.366034;3900980
2079;12:18:20.536;2.9;19.365021;3900776
2080;12:18:20.705;2.9;19.362916;3900816
2081;12:18:20.874;1.6;19.366034;3900980
2082;12:18:21.043;3.1;19.364346;3900860
2083;12:18:21.214;3.1;19.364664;3900924
2084;12:18:21.383;3.0;19.365240;3901040
2085;12:18:21.552;1.6;19.364068;3901404
2086;12:18:21.722;3.2;19.365716;3900916
2087;12:18:21.892;3.2;19.365557;3901104
2088;12:18:22.061;1.6;19.363790;3900748
2089;12:18:22.230;1.6;19.364267;3900624
2090;12:18:22.399;1.6;19.366113;3901216
2091;12:18:22.568;3.1;19.365260;3901044
2092;12:18:22.736;3.0;19.367742;3901324
2093;12:18:22.905;1.6;19.366769;3901128
2094;12:18:23.076;6.2;19.365220;3901036
2095;12:18:23.246;1.6;19.364148;3900820
2096;12:18:23.417;1.5;19.363989;3901016
2097;12:18:23.586;3.1;19.364148;3900820
2098;12:18:23.755;3.2;19.364326;3900636
2099;12:18:23.926;1.5;19.363036;3900596
2100;12:18:24.095;0.0;19.363036;3900596
2101;12:18:24.263;1.5;19.364962;3900984
2102;12:18:24.432;1.5;19.365359;3901064
2103;12:18:24.601;3.2;19.361626;3900312
2104;12:18:24.770;6.2;19.358071;3899972
2105;12:18:24.944;3.2;19.357118;3899792
2106;12:18:25.116;0.0;19.357337;3899968
2107;12:18:25.286;0.0;19.358111;3899604
2108;12:18:25.455;4.7;19.360137;3900012
2109;12:18:25.624;0.0;19.358627;3899772
2110;12:18:25.794;3.2;19.359104;3899804
2111;12:18:25.963;1.6;19.359799;3899724
2112;12:18:26.132;3.1;19.358310;3899644
2113;12:18:26.301;0.0;19.358389;3899660
2114;12:18:26.469;1.6;19.357674;3899516
2115;12:18:26.639;3.1;19.357535;3899268
2116;12:18:26.810;0.0;19.359620;3899908
2117;12:18:26.979;1.6;19.358905;3899764
2118;12:18:27.148;3.1;19.360137;3900012
2119;12:18:27.318;1.5;19.359799;3899944
2120;12:18:27.488;1.5;19.360971;3900180
2121;12:18:27.657;1.5;19.361129;3899992
2122;12:18:27.826;1.6;19.358210;3899624
2123;12:18:27.996;3.0;19.359084;3900036
2124;12:18:28.166;3.1;19.358171;3899616
2125;12:18:28.336;2.9;19.358151;3900072
2126;12:18:28.506;3.1;19.359561;3899896
2127;12:18:28.676;3.0;19.358151;3899612
2128;12:18:28.845;6.2;19.358310;3899644
2129;12:18:29.013;1.6;19.359342;3899632
2130;12:18:29.183;3.0;19.359303;3899844
2131;12:18:29.351;1.6;19.360514;3899868
2132;12:18:29.521;1.6;19.359422;3899868
2133;12:18:29.690;0.0;19.357853;3899552
2134;12:18:29.859;1.6;19.361685;3900104
2135;12:18:30.028;0.0;19.359581;3899900
2136;12:18:30.197;3.0;19.360554;3899876
2137;12:18:30.366;2.9;19.359779;3899940
2138;12:18:30.536;0.0;19.359561;3899896
2139;12:18:30.705;1.6;19.359700;3899924
2140;12:18:30.874;3.1;19.361308;3900248
2141;12:18:31.043;0.0;19.361725;3900112
2142;12:18:31.213;0.0;19.362718;3900312
2143;12:18:31.383;0.0;19.361427;3900272
2144;12:18:31.553;3.1;19.361586;3900304
2145;12:18:31.722;1.5;19.358747;3899732
2146;12:18:31.892;0.0;19.359720;3899928
2147;12:18:32.062;1.6;19.356642;3899308
2148;12:18:32.231;1.6;19.357893;3899560
2149;12:18:32.400;1.5;19.360117;3899788
2150;12:18:32.570;1.6;19.360633;3900112
2151;12:18:32.739;1.6;19.360434;3900072
2152;12:18:32.908;3.2;19.360871;3900160
2153;12:18:33.076;1.5;19.357297;3899700
2154;12:18:33.247;3.1;19.356900;3899652
2155;12:18:33.417;1.5;19.357099;3899400
2156;12:18:33.585;1.6;19.358389;3899660
2157;12:18:33.754;3.2;19.358429;3899668
2158;12:18:33.924;3.2;19.359382;3899640
2159;12:18:34.094;3.2;19.357992;3899580
2160;12:18:34.263;1.6;19.357357;3899452
2161;12:18:34.432;1.6;19.358747;3899732
2162;12:18:34.601;4.8;19.358548;3899472
2163;12:18:34.770;3.1;19.356940;3899368
2164;12:18:34.940;1.6;19.358826;3899748
2165;12:18:35.110;0.0;19.359025;3899788
2166;12:18:35.279;3.0;19.359183;3899900
2167;12:18:35.450;3.1;19.358389;3899440
2168;12:18:35.619;1.5;19.359799;3899944
2169;12:18:35.788;3.2;19.358071;3899596
2170;12:18:35.959;3.3;19.362758;3900320
2171;12:18:36.130;3.1;19.359739;3899712
2172;12:18:36.299;1.5;19.359620;3899908
2173;12:18:36.467;4.5;19.358071;3899596
2174;12:18:36.638;3.2;19.358667;3899984
2175;12:18:36.808;1.5;19.361189;3900500
2176;12:18:36.978;1.6;19.358985;3899560
2177;12:18:37.147;1.6;19.357416;3899464
2178;12:18:37.316;3.0;19.358449;3899672
2179;12:18:37.486;1.6;19.358488;3899460
2180;12:18:37.656;1.5;19.359422;3899868
2181;12:18:37.825;3.1;19.358330;3899648
2182;12:18:37.996;3.1;19.358647;3899492
2183;12:18:38.167;1.6;19.360256;3900036
2184;12:18:38.336;0.0;19.359442;3899872
2185;12:18:38.506;1.6;19.359263;3899836
2186;12:18:38.676;1.6;19.360732;3899912
2187;12:18:38.846;3.1;19.357436;3899744
2188;12:18:39.017;1.6;19.358846;3899752
2189;12:18:39.187;3.0;19.359739;3899932
2190;12:18:39.356;1.5;19.360454;3900076
2191;12:18:39.525;3.0;19.359878;3899960
2192;12:18:39.694;3.0;19.360514;3899868
2193;12:18:39.864;1.6;19.358131;3899608
2194;12:18:40.034;1.5;19.358925;3899768
2195;12:18:40.206;3.1;19.356999;3899296
2196;12:18:40.376;1.6;19.359203;3899748
2197;12:18:40.547;5.8;19.357893;3899560
2198;12:18:40.717;3.2;19.357972;3899576
2199;12:18:40.886;1.6;19.360752;3899916
2200;12:18:41.056;1.5;19.357575;3899276
2201;12:18:41.225;1.5;19.357654;3899780
2202;12:18:41.394;1.6;19.358667;3899716
2203;12:18:41.563;1.5;19.358369;3899656
2204;12:18:41.732;1.6;19.359461;3899876
2205;12:18:41.901;4.5;19.358369;3899656
2206;12:18:42.074;3.2;19.360573;3900100
2207;12:18:42.245;1.5;19.360693;3900124
2208;12:18:42.414;3.1;19.361864;3900464
2209;12:18:42.585;3.2;19.357932;3899568
2210;12:18:42.755;1.6;19.357793;3899540
2211;12:18:42.924;0.0;19.359144;3899812
2212;12:18:43.093;3.0;19.356284;3899016
2213;12:18:43.262;3.1;19.360276;3899820
2214;12:18:43.432;3.1;19.357734;3899528
2215;12:18:43.601;3.1;19.356721;3899324
2216;12:18:43.769;3.0;19.360315;3900048
2217;12:18:43.939;1.6;19.359223;3899828
2218;12:18:44.108;0.0;19.359104;3899804
2219;12:18:44.277;1.6;19.359064;3899796
2220;12:18:44.445;4.6;19.359303;3899844
2221;12:18:44.615;1.5;19.359303;3899844
2222;12:18:44.784;0.0;19.358985;3899780
2223;12:18:44.952;1.6;19.357158;3899412
2224;12:18:45.121;1.5;19.356801;3899340
2225;12:18:45.290;1.4;19.357774;3899536
2226;12:18:45.459;0.0;19.360256;3900204
2227;12:18:45.628;3.0;19.358151;3899612
2228;12:18:45.797;3.1;19.358310;3899644
2229;12:18:45.966;1.6;19.361368;3900096
2230;12:18:46.135;1.6;19.355967;3899172
2231;12:18:46.304;3.1;19.358429;3899668
2232;12:18:46.473;3.1;19.358429;3899668
2233;12:18:46.641;1.6;19.358330;3899648
2234;12:18:46.810;0.0;19.359620;3899908
2235;12:18:46.979;1.6;19.361268;3900076
2236;12:18:47.148;0.0;19.357635;3899508
2237;12:18:47.318;3.1;19.355629;3899076
2238;12:18:47.487;3.0;19.356741;3899572
2239;12:18:47.657;4.5;19.357515;3899484
2240;12:18:47.826;0.0;19.357714;3899524
2241;12:18:47.995;1.6;19.357714;3899524
2242;12:18:48.164;6.1;19.357019;3899384
2243;12:18:48.334;1.5;19.355153;3899008
2244;12:18:48.502;3.1;19.355113;3899268
2245;12:18:48.671;1.6;19.356523;3898956
2246;12:18:48.839;3.1;19.357039;3899168
2247;12:18:49.009;3.1;19.358766;3900020
2248;12:18:49.177;3.0;19.360494;3900084
2249;12:18:49.346;1.5;19.359382;3899860
2250;12:18:49.516;3.0;19.355272;3899032
2251;12:18:49.685;0.0;19.355788;3898808
2252;12:18:49.855;4.5;19.353961;3899280
2253;12:18:50.024;3.0;19.358171;3899396
2254;12:18:50.193;1.5;19.356344;3899248
2255;12:18:50.363;2.9;19.358389;3899440
2256;12:18:50.532;1.4;19.359303;3899640
2257;12:18:50.701;1.6;19.357575;3899496
2258;12:18:50.870;1.6;19.356483;3899300
2259;12:18:51.038;1.6;19.358866;3899536
2260;12:18:51.208;3.1;19.356284;3899276
2261;12:18:51.376;0.0;19.355768;3899180
2262;12:18:51.545;1.4;19.356245;3899228
2263;12:18:51.714;1.6;19.356701;3899100
2264;12:18:51.883;1.6;19.357257;3899212
2265;12:18:52.052;3.1;19.356920;3899608
2266;12:18:52.221;1.6;19.355550;3899316
2267;12:18:52.391;1.5;19.356543;3899800
2268;12:18:52.559;1.5;19.357952;3899572
2269;12:18:52.728;0.0;19.357476;3899700
2270;12:18:52.898;1.6;19.359243;3899612
2271;12:18:53.068;3.3;19.355589;3899096
2272;12:18:53.237;0.0;19.358508;3899684
2273;12:18:53.407;1.6;19.357138;3899408
2274;12:18:53.577;1.6;19.354994;3898800
2275;12:18:53.747;1.7;19.355927;3898836
2276;12:18:53.917;3.1;19.357019;3899232
2277;12:18:54.087;4.6;19.359164;3899840
2278;12:18:54.257;3.1;19.360951;3900176
2279;12:18:54.426;0.0;19.358846;3899532
2280;12:18:54.594;0.0;19.356781;3899336
2281;12:18:54.764;0.0;19.357317;3899444
2282;12:18:54.933;1.6;19.354815;3899160
2283;12:18:55.101;3.2;19.358369;3899656
2284;12:18:55.270;1.6;19.359382;3899640
2285;12:18:55.438;1.6;19.360554;3899876
2286;12:18:55.607;1.6;19.358786;3899300
2287;12:18:55.776;1.4;19.355867;3899152
2288;12:18:55.945;0.0;19.356602;3899576
2289;12:18:56.115;3.3;19.359442;3899872
2290;12:18:56.284;1.5;19.359878;3899740
2291;12:18:56.456;3.1;19.357833;3899548
2292;12:18:56.625;1.6;19.356880;3899616
2293;12:18:56.794;0.0;19.357853;3899600
2294;12:18:56.963;1.6;19.357774;3899316
2295;12:18:57.132;4.7;19.356840;3899128
2296;12:18:57.300;0.0;19.355709;3899120
2297;12:18:57.469;3.0;19.358369;3899656
2298;12:18:57.638;6.2;19.272788;3882196
2299;12:18:57.811;3.2;19.275786;3883020
2300;12:18:57.980;1.5;19.275290;3882920
2301;12:18:58.149;0.0;19.278229;3883292
2302;12:18:58.317;3.1;19.276660;3883196
2303;12:18:58.486;0.0;19.276858;3883236
2304;12:18:58.655;1.4;19.275151;3882892
2305;12:18:58.823;3.1;19.272589;3882376
2306;12:18:58.992;1.5;19.273165;3882492
2307;12:18:59.161;3.1;19.271179;3882092
2308;12:18:59.331;1.5;19.272152;3882288
2309;12:18:59.500;1.6;19.272192;3882296
2310;12:18:59.668;1.4;19.271795;3882216
2311;12:18:59.837;3.1;19.272232;3882304
2312;12:19:00.007;6.0;19.274436;3882828
2313;12:19:00.178;3.0;19.271199;3882096
2314;12:19:00.349;0.0;19.272172;3882324
2315;12:19:00.518;1.6;19.272291;3882552
2316;12:19:00.687;1.6;19.272172;3882072
2317;12:19:00.856;3.0;19.272331;3882324
2318;12:19:01.025;1.6;19.271080;3881852
2319;12:19:01.195;1.6;19.269551;3882048
2320;12:19:01.364;3.1;19.272053;3882268
2321;12:19:01.534;0.0;19.271815;3882220
2322;12:19:01.703;0.0;19.273225;3882504
2323;12:19:01.872;3.1;19.272133;3882284
2324;12:19:02.041;3.1;19.273701;3882600
2325;12:19:02.211;1.5;19.271021;3882060
2326;12:19:02.380;3.0;19.273602;3882580
2327;12:19:02.549;1.6;19.273403;3882540
2328;12:19:02.719;1.6;19.273324;3882304
2329;12:19:02.888;3.1;19.273165;3882492
2330;12:19:03.057;1.6;19.273642;3882588
2331;12:19:03.227;3.1;19.273483;3882580
2332;12:19:03.396;1.5;19.270782;3881792
2333;12:19:03.565;3.1;19.272073;3882532
2334;12:19:03.734;3.1;19.271140;3882084
2335;12:19:03.903;1.5;19.272589;3882448
2336;12:19:04.071;3.1;19.273681;3882376
2337;12:19:04.240;1.5;19.271299;3882116
2338;12:19:04.409;1.5;19.271259;3882108
2339;12:19:04.577;1.6;19.273761;3882596
2340;12:19:04.746;3.0;19.273125;3882484
2341;12:19:04.914;1.6;19.274535;3882768
2342;12:19:05.083;0.0;19.273562;3882572
2343;12:19:05.252;1.6;19.273165;3882272
2344;12:19:05.421;1.6;19.273523;3882344
2345;12:19:05.590;1.5;19.270901;3882036
2346;12:19:05.759;3.1;19.271954;3882320
2347;12:19:05.928;1.5;19.273245;3882508
2348;12:19:06.096;0.0;19.273562;3882572
2349;12:19:06.265;3.0;19.273443;3882548
2350;12:19:06.433;1.6;19.273443;3882548
2351;12:19:06.602;1.5;19.273403;3882808
2352;12:19:06.772;0.0;19.274694;3883060
2353;12:19:06.940;3.1;19.274813;3882824
2354;12:19:07.109;1.6;19.275210;3882904
2355;12:19:07.278;1.6;19.274774;3882816
2356;12:19:07.447;0.0;19.274813;3882604
2357;12:19:07.616;1.6;19.273364;3882532
2358;12:19:07.784;1.5;19.273364;3882532
2359;12:19:07.954;3.1;19.273523;3882564
2360;12:19:08.122;1.5;19.275131;3882888
2361;12:19:08.291;1.6;19.274813;3882384
2362;12:19:08.459;0.0;19.275171;3882896
2363;12:19:08.628;0.0;19.275171;3882676
2364;12:19:08.798;4.5;19.272708;3882400
2365;12:19:08.966;1.6;19.273920;3882936
2366;12:19:09.135;1.6;19.274793;3882492
2367;12:19:09.304;3.2;19.268300;3881512
2368;12:19:09.474;3.1;19.270445;3881944
2369;12:19:09.643;3.1;19.265779;3881256
2370;12:19:09.812;2.9;19.268181;3881488
2371;12:19:09.983;0.0;19.270485;3881624
2372;12:19:10.153;3.1;19.266652;3881204
2373;12:19:10.323;1.6;19.269809;3881816
2374;12:19:10.491;1.5;19.269075;3882148
2375;12:19:10.660;2.9;19.271577;3882008
2376;12:19:10.828;0.0;19.270445;3881944
2377;12:19:10.997;0.0;19.270167;3881668
2378;12:19:11.166;3.2;19.268340;3881520
2379;12:19:11.335;1.6;19.267248;3881300
2380;12:19:11.504;1.5;19.268419;3881372
2381;12:19:11.673;4.5;19.267506;3881132
2382;12:19:11.842;1.6;19.268936;3881640
2383;12:19:12.011;1.5;19.271318;3882120
2384;12:19:12.180;1.6;19.271914;3882020
2385;12:19:12.350;1.6;19.269095;3881452
2386;12:19:12.519;1.5;19.266672;3881640
2387;12:19:12.689;0.0;19.267506;3881384
2388;12:19:12.859;0.0;19.268956;3881644
2389;12:19:13.028;1.5;19.268757;3881604
2390;12:19:13.198;3.1;19.269035;3881440
2391;12:19:13.366;3.1;19.267983;3881448
2392;12:19:13.535;1.6;19.270643;3882260
2393;12:19:13.704;1.6;19.267665;3881384
2394;12:19:13.873;3.2;19.267546;3881360
2395;12:19:14.042;0.0;19.269968;3881848
2396;12:19:14.211;4.7;19.270405;3881936
2397;12:19:14.381;1.5;19.271080;3882104
2398;12:19:14.550;3.0;19.271239;3882104
2399;12:19:14.719;3.1;19.269909;3882128
2400;12:19:14.888;1.5;19.269869;3881828
2401;12:19:15.057;1.5;19.269174;3881688
2402;12:19:15.227;0.0;19.271279;3882176
2403;12:19:15.395;1.6;19.271080;3881852
2404;12:19:15.564;9.5;19.268082;3881476
2405;12:19:15.736;1.5;19.264289;3880704
2406;12:19:15.906;3.1;19.265501;3880728
2407;12:19:16.075;1.5;19.266632;3881176
2408;12:19:16.244;3.0;19.270822;3882020
2409;12:19:16.413;3.1;19.272053;3882268
2410;12:19:16.582;3.0;19.272708;3882400
2411;12:19:16.757;3.0;19.272411;3882120
2412;12:19:16.934;1.6;19.267764;3881404
2413;12:19:17.103;3.2;19.214946;3870764
2414;12:19:17.279;10.4;18.990687;3825644
Build Completed
