ID; Time; CPU %; MEM %; MEM KiB
1;07:30:38.981;22.7;11.641281;2345336
2;07:30:39.154;24.2;11.712149;2359612
3;07:30:39.323;20.6;11.742013;2365156
4;07:30:39.492;13.4;11.800193;2377096
5;07:30:39.661;12.3;11.884226;2394024
6;07:30:39.832;23.1;11.888435;2394872
7;07:30:40.003;12.5;11.895425;2395836
8;07:30:40.173;0.0;11.892585;2395936
9;07:30:40.344;0.0;11.894849;2396164
10;07:30:40.513;0.0;11.893717;2395936
11;07:30:40.684;1.6;11.895047;2396204
12;07:30:40.854;12.7;11.829481;2382996
13;07:30:41.024;14.1;11.843023;2385740
14;07:30:41.194;3.1;11.841693;2385504
15;07:30:41.363;1.5;11.842467;2385612
16;07:30:41.537;3.1;11.841574;2385944
17;07:30:41.713;3.1;11.846220;2386148
18;07:30:41.891;5.8;11.843023;2385984
19;07:30:42.068;2.9;11.846459;2386196
20;07:30:42.245;4.4;11.845128;2386392
21;07:30:42.421;3.1;11.848841;2386896
22;07:30:42.597;3.1;11.847987;2386724
23;07:30:42.771;8.6;11.847471;2386856
24;07:30:42.941;0.0;11.846518;2386208
25;07:30:43.111;4.6;11.805236;2378688
26;07:30:43.285;18.5;11.905690;2397800
27;07:30:43.455;6.2;11.902911;2397788
28;07:30:43.625;1.6;11.903248;2397856
29;07:30:43.795;1.6;11.904340;2397856
30;07:30:43.964;1.5;11.909364;2399120
31;07:30:44.141;5.8;11.908669;2398948
32;07:30:44.311;3.1;11.905849;2398380
33;07:30:44.483;0.0;11.904797;2398168
34;07:30:44.653;7.4;11.907080;2398628
35;07:30:44.830;3.0;11.906743;2398340
36;07:30:45.002;1.6;11.909364;2399088
37;07:30:45.171;1.5;11.908848;2398764
38;07:30:45.341;1.6;11.907914;2398836
39;07:30:45.510;1.6;11.907041;2398400
40;07:30:45.680;3.0;11.905393;2398288
41;07:30:45.853;3.0;11.906644;2398540
42;07:30:46.029;3.0;11.905313;2398272
43;07:30:46.200;1.7;11.905015;2398212
44;07:30:46.372;3.0;11.906822;2398576
45;07:30:46.546;1.5;11.906107;2398432
46;07:30:46.716;4.5;11.913375;2399896
47;07:30:46.892;5.1;11.908907;2398776
48;07:30:47.065;1.9;11.907517;2398716
49;07:30:47.237;2.0;11.909443;2399104
50;07:30:47.409;1.9;11.917684;2400544
51;07:30:47.582;1.9;11.917843;2401024
52;07:30:47.756;3.8;11.929181;2403340
53;07:30:47.927;3.8;11.928565;2403612
54;07:30:48.100;0.0;11.938215;2404900
55;07:30:48.273;0.0;11.946456;2406560
56;07:30:48.445;2.0;11.949057;2406864
57;07:30:48.617;2.0;11.961368;2409344
58;07:30:48.790;1.9;11.961487;2409588
59;07:30:48.961;3.8;11.970125;2411108
60;07:30:49.132;1.9;11.970959;2411496
61;07:30:49.305;0.0;11.980013;2413320
62;07:30:49.477;2.0;11.992205;2415556
63;07:30:49.650;7.1;11.988015;2414932
64;07:30:49.823;1.9;12.001220;2417956
65;07:30:49.994;3.8;12.004655;2418000
66;07:30:50.168;1.9;12.007653;2419368
67;07:30:50.341;3.8;12.008567;2419072
68;07:30:50.514;0.0;12.021871;2421752
69;07:30:50.687;1.9;12.024690;2422320
70;07:30:50.859;3.6;12.036068;2424612
71;07:30:51.031;3.7;12.043216;2426060
72;07:30:51.204;1.9;12.044070;2426224
73;07:30:51.375;3.5;12.054693;2428144
74;07:30:51.547;1.8;12.052450;2427912
75;07:30:51.720;3.5;12.063768;2429972
76;07:30:51.892;1.9;12.065297;2430500
77;07:30:52.062;3.5;12.074451;2432564
78;07:30:52.235;3.4;12.093017;2436108
79;07:30:52.407;1.6;12.143968;2446348
80;07:30:52.577;4.7;12.190830;2456032
81;07:30:52.747;3.1;12.295334;2476840
82;07:30:52.917;3.1;12.357366;2489336
83;07:30:53.087;3.1;12.533533;2524604
84;07:30:53.257;3.1;12.684799;2555296
85;07:30:53.426;1.6;12.890413;2595436
86;07:30:53.597;4.3;12.889401;2596512
87;07:30:53.767;1.5;12.889818;2596324
88;07:30:53.938;4.6;12.890870;2596808
89;07:30:54.108;1.6;12.996169;2617800
90;07:30:54.278;1.6;13.058300;2631064
91;07:30:54.449;3.0;13.134708;2645928
92;07:30:54.620;0.0;13.141618;2647344
93;07:30:54.790;7.2;13.141915;2647380
94;07:30:54.960;3.1;13.142114;2647200
95;07:30:55.131;1.5;13.140744;2647144
96;07:30:55.301;0.0;13.140565;2646888
97;07:30:55.470;3.0;13.142412;2647260
98;07:30:55.639;1.6;13.140506;2647096
99;07:30:55.809;1.6;13.142233;2647444
100;07:30:55.978;0.0;13.143802;2647596
101;07:30:56.148;1.5;13.145152;2647812
102;07:30:56.318;1.6;13.153949;2649584
103;07:30:56.487;1.5;13.152618;2649316
104;07:30:56.656;0.0;13.154068;2649608
105;07:30:56.827;1.6;13.153909;2649796
106;07:30:56.996;3.1;13.152817;2649576
107;07:30:57.165;1.6;13.153909;2649576
108;07:30:57.334;1.6;13.155299;2650076
109;07:30:57.504;1.5;13.153452;2649704
110;07:30:57.673;1.5;13.152598;2649532
111;07:30:57.843;1.6;13.153571;2649288
112;07:30:58.012;1.6;13.153849;2649784
113;07:30:58.181;1.6;13.154663;2649728
114;07:30:58.350;1.6;13.155060;2650028
115;07:30:58.520;1.6;13.154008;2649816
116;07:30:58.689;1.6;13.152916;2649596
117;07:30:58.858;0.0;13.154246;2649864
118;07:30:59.029;0.0;13.154683;2649732
119;07:30:59.198;3.0;13.153214;2649656
120;07:30:59.367;1.5;13.154127;2649840
121;07:30:59.537;3.2;13.154485;2649912
122;07:30:59.706;0.0;13.153154;2649424
123;07:30:59.875;1.5;13.154683;2649952
124;07:31:00.044;1.6;13.155160;2649828
125;07:31:00.214;1.5;13.155755;2649948
126;07:31:00.382;1.6;13.153373;2649688
127;07:31:00.551;0.0;13.154425;2649900
128;07:31:00.721;1.6;13.153929;2649800
129;07:31:00.891;3.1;13.285418;2676068
130;07:31:01.060;1.6;13.349396;2689176
131;07:31:01.230;1.5;13.419668;2703332
132;07:31:01.399;3.1;13.521790;2725952
133;07:31:01.569;6.2;13.543751;2728108
134;07:31:01.739;1.6;13.544486;2728476
135;07:31:01.909;1.5;13.542917;2728184
136;07:31:02.078;1.4;13.545439;2728668
137;07:31:02.247;1.5;13.544109;2728464
138;07:31:02.418;0.0;13.545558;2728692
139;07:31:02.587;3.1;13.546650;2728692
140;07:31:02.757;4.5;13.544784;2728536
141;07:31:02.933;3.1;13.542758;2728128
142;07:31:03.109;4.3;13.544049;2728584
143;07:31:03.289;3.0;13.546313;2728844
144;07:31:03.466;3.0;13.545221;2728624
145;07:31:03.641;4.6;13.544903;2728560
146;07:31:03.818;4.6;13.544823;2728544
147;07:31:03.992;4.5;13.544982;2728576
148;07:31:04.169;7.4;13.543572;2728072
149;07:31:04.345;4.5;13.543930;2728144
150;07:31:04.525;3.0;13.544009;2728380
151;07:31:04.701;4.5;13.542917;2728160
152;07:31:04.876;1.6;13.542024;2728028
153;07:31:05.046;4.4;13.542500;2728328
154;07:31:05.216;1.5;13.542461;2728068
155;07:31:05.387;1.6;13.544049;2728168
156;07:31:05.557;1.5;13.544208;2728420
157;07:31:05.727;1.5;13.554255;2730444
158;07:31:05.898;1.5;13.553322;2730256
159;07:31:06.068;0.0;13.554494;2730492
160;07:31:06.238;4.7;13.555586;2730492
161;07:31:06.408;6.2;13.562238;2732052
162;07:31:06.578;1.5;13.560788;2731760
163;07:31:06.748;2.8;13.560848;2732016
164;07:31:06.919;1.5;13.881033;2798320
165;07:31:07.090;3.1;13.945627;2809064
166;07:31:07.260;1.6;13.944098;2808756
167;07:31:07.430;1.6;13.942926;2808740
168;07:31:07.600;3.1;13.943006;2809048
169;07:31:07.769;1.6;13.943045;2808764
170;07:31:07.938;1.5;13.945944;2809348
171;07:31:08.108;3.2;13.944971;2809152
172;07:31:08.277;4.6;13.965443;2813276
173;07:31:08.446;1.5;13.964351;2813056
174;07:31:08.615;0.0;13.964788;2812924
175;07:31:08.785;0.0;13.963696;2812924
176;07:31:08.954;1.6;13.964312;2813048
177;07:31:09.123;1.6;13.964669;2813120
178;07:31:09.292;1.5;13.965642;2813316
179;07:31:09.461;1.5;13.965563;2813300
180;07:31:09.631;1.5;13.963219;2812828
181;07:31:09.800;9.5;13.882543;2796168
182;07:31:09.973;1.6;13.882821;2796632
183;07:31:10.144;4.3;13.881907;2796448
184;07:31:10.314;1.5;13.881867;2796440
185;07:31:10.482;1.6;13.881768;2796420
186;07:31:10.651;7.8;13.876844;2795428
187;07:31:10.823;6.0;13.882443;2796556
188;07:31:10.992;3.1;13.882781;2796624
189;07:31:11.162;3.1;13.885322;2796916
190;07:31:11.331;1.6;13.883833;2796616
191;07:31:11.500;1.5;13.882781;2796624
192;07:31:11.670;3.1;13.883913;2796852
193;07:31:11.840;1.5;13.886494;2797152
194;07:31:12.017;3.1;13.885461;2797164
195;07:31:12.187;1.6;13.883039;2796456
196;07:31:12.357;3.1;13.884230;2796696
197;07:31:12.526;0.0;13.883535;2796556
198;07:31:12.695;1.6;13.883456;2796760
199;07:31:12.864;0.0;13.882284;2796524
200;07:31:13.033;1.5;13.886077;2797068
201;07:31:13.202;0.0;13.886176;2797308
202;07:31:13.372;1.6;13.886335;2797340
203;07:31:13.542;3.1;13.883635;2796796
204;07:31:13.711;1.6;13.886137;2797080
205;07:31:13.880;3.0;13.884925;2797056
206;07:31:14.049;3.0;13.886137;2797300
207;07:31:14.219;0.0;13.885978;2797048
208;07:31:14.388;0.0;13.884886;2797048
209;07:31:14.558;1.5;13.884369;2796944
210;07:31:14.727;1.5;13.885660;2796984
211;07:31:14.896;1.5;13.884290;2796928
212;07:31:15.066;1.6;13.887030;2797480
213;07:31:15.236;7.8;13.874004;2795092
214;07:31:15.410;20.9;13.973565;2814912
215;07:31:15.582;3.1;13.973843;2815100
216;07:31:15.752;18.8;13.980912;2816392
217;07:31:15.924;3.0;13.975888;2815380
218;07:31:16.094;15.6;13.966317;2813712
219;07:31:16.264;25.8;13.979641;2816136
220;07:31:16.435;1.6;13.981070;2816204
221;07:31:16.605;1.6;13.978926;2815992
222;07:31:16.774;1.6;13.978489;2816424
223;07:31:16.946;1.6;13.982222;2816656
224;07:31:17.119;3.0;13.983513;2816916
225;07:31:17.292;6.1;13.983036;2816820
226;07:31:17.468;3.0;13.983314;2816656
227;07:31:17.647;4.4;13.984923;2817200
228;07:31:17.824;6.0;13.983076;2816828
229;07:31:18.001;3.2;13.983155;2816624
230;07:31:18.171;4.5;13.980971;2816404
231;07:31:18.348;3.0;13.983374;2816448
232;07:31:18.525;1.6;13.980713;2816352
233;07:31:18.696;3.1;13.983453;2816684
234;07:31:18.872;3.0;13.982202;2816652
235;07:31:19.048;3.1;13.981190;2816448
236;07:31:19.217;12.7;13.904027;2801660
237;07:31:19.387;16.2;13.971559;2814508
238;07:31:19.558;1.6;13.971380;2814472
239;07:31:19.728;7.4;13.878651;2795572
240;07:31:19.903;4.7;13.885958;2797264
241;07:31:20.073;0.0;13.887467;2797348
242;07:31:20.243;1.6;13.887050;2797548
243;07:31:20.413;3.0;13.888499;2797776
244;07:31:20.589;3.1;13.888360;2797748
245;07:31:20.759;3.0;13.887566;2797368
246;07:31:20.929;1.6;13.885581;2796968
247;07:31:21.099;4.2;13.887308;2797536
248;07:31:21.275;3.1;13.887924;2797660
249;07:31:21.445;4.6;13.889294;2797936
250;07:31:21.615;0.0;13.888241;2797724
251;07:31:21.786;1.6;13.889294;2797936
252;07:31:21.956;1.5;13.889492;2797976
253;07:31:22.125;1.6;13.888162;2797708
254;07:31:22.295;3.0;13.890624;2797984
255;07:31:22.472;3.0;13.889532;2797764
256;07:31:22.648;2.9;13.887685;2797612
257;07:31:22.825;5.6;13.888936;2797864
258;07:31:23.002;7.2;13.887368;2797792
259;07:31:23.177;3.2;13.891021;2798284
260;07:31:23.350;4.5;13.888102;2797476
261;07:31:23.523;3.1;13.887090;2797492
262;07:31:23.696;3.1;13.888480;2797772
263;07:31:23.868;3.1;13.886712;2797416
264;07:31:24.042;1.5;13.887983;2797672
265;07:31:24.212;1.5;13.885759;2797468
266;07:31:24.381;3.1;13.889870;2798016
267;07:31:24.551;3.0;13.896144;2799316
268;07:31:24.721;1.6;13.895648;2799452
269;07:31:24.891;0.0;13.897435;2799356
270;07:31:25.060;1.5;13.895469;2799180
271;07:31:25.230;1.6;13.896621;2799412
272;07:31:25.400;3.1;13.894675;2799020
273;07:31:25.569;1.6;13.894437;2798972
274;07:31:25.738;1.6;13.894437;2798972
275;07:31:25.907;3.1;13.894357;2798980
276;07:31:26.077;4.7;14.109899;2842376
277;07:31:26.247;1.5;14.109979;2842392
278;07:31:26.415;1.6;14.122885;2844772
279;07:31:26.585;1.6;14.121237;2844440
280;07:31:26.754;1.5;14.120145;2844220
281;07:31:26.924;1.5;14.118577;2844124
282;07:31:27.094;0.0;14.120145;2844440
283;07:31:27.263;3.0;14.117604;2844188
284;07:31:27.433;1.6;14.119172;2844244
285;07:31:27.602;1.6;14.120106;2844432
286;07:31:27.771;1.6;14.119867;2844384
287;07:31:27.941;1.5;14.118934;2844196
288;07:31:28.110;2.9;14.117762;2844220
289;07:31:28.279;0.0;14.120106;2844472
290;07:31:28.448;3.1;14.119530;2844316
291;07:31:28.617;0.0;14.119013;2844212
292;07:31:28.786;9.1;14.128445;2846112
293;07:31:28.959;1.5;14.117723;2843952
294;07:31:29.131;1.6;14.121595;2844732
295;07:31:29.300;1.6;14.123799;2845176
296;07:31:29.470;1.6;14.125447;2845752
297;07:31:29.641;1.5;14.126658;2845752
298;07:31:29.812;1.5;14.126082;2845636
299;07:31:29.982;3.0;14.124752;2845368
300;07:31:30.157;3.0;14.123422;2845100
301;07:31:30.326;0.0;14.123819;2845236
302;07:31:30.498;0.0;14.123580;2844912
303;07:31:30.667;1.6;14.126082;2845636
304;07:31:30.837;1.5;14.123898;2845480
305;07:31:31.007;1.6;14.124097;2845268
306;07:31:31.177;3.0;14.126201;2845660
307;07:31:31.352;3.2;14.128247;2845852
308;07:31:31.528;3.0;14.126142;2845948
309;07:31:31.703;5.9;14.127353;2845892
310;07:31:31.882;5.8;14.124931;2845404
311;07:31:32.061;1.6;14.125705;2845744
312;07:31:32.234;6.6;14.128445;2846112
313;07:31:32.407;5.6;14.126777;2845944
314;07:31:32.579;4.3;14.127294;2845880
315;07:31:32.751;4.3;14.130649;2846556
316;07:31:32.928;3.0;14.135693;2847860
317;07:31:33.103;6.0;14.143357;2849376
318;07:31:33.278;4.6;14.124851;2845672
319;07:31:33.450;11.8;14.128525;2845908
320;07:31:33.621;5.8;14.132973;2847024
321;07:31:33.795;10.3;14.128882;2846200
322;07:31:33.968;7.8;14.130173;2846460
323;07:31:34.142;17.6;14.130292;2846484
324;07:31:34.313;17.1;14.129676;2846360
325;07:31:34.485;12.9;14.125765;2845572
326;07:31:34.656;15.5;14.126221;2845664
327;07:31:34.828;16.7;14.129041;2846280
328;07:31:34.999;15.1;14.130848;2846596
329;07:31:35.169;12.9;14.124812;2845380
330;07:31:35.341;8.7;14.121952;2844476
331;07:31:35.512;8.8;14.126916;2845856
332;07:31:35.684;10.0;14.130669;2846560
333;07:31:35.855;5.8;14.128882;2845980
334;07:31:36.026;7.2;14.127611;2845944
335;07:31:36.199;1.6;14.125844;2845588
336;07:31:36.371;1.5;14.122905;2844748
337;07:31:36.545;3.3;14.119808;2844744
338;07:31:36.717;1.7;14.126221;2845664
339;07:31:36.890;1.8;14.128564;2845916
340;07:31:37.062;1.9;14.129517;2846328
341;07:31:37.234;3.6;14.127452;2845912
342;07:31:37.406;1.8;14.126877;2845796
343;07:31:37.581;3.2;14.127810;2845984
344;07:31:37.760;1.9;14.126797;2845780
345;07:31:37.931;1.9;14.125109;2845692
346;07:31:38.103;1.9;14.125308;2845480
347;07:31:38.276;0.0;14.126102;2845420
348;07:31:38.449;1.9;14.127234;2846152
349;07:31:38.621;3.8;14.126182;2845432
350;07:31:38.794;2.0;14.125546;2845528
351;07:31:38.967;1.9;14.125467;2845512
352;07:31:39.140;2.0;14.123898;2845196
353;07:31:39.313;3.8;14.128564;2846136
354;07:31:39.486;5.6;14.126678;2845756
355;07:31:39.658;1.9;14.126479;2845892
356;07:31:39.832;1.9;14.127989;2846020
357;07:31:40.004;2.0;14.130888;2846604
358;07:31:40.177;2.0;14.129994;2846424
359;07:31:40.349;0.0;14.129736;2846372
360;07:31:40.522;1.9;14.129180;2845820
361;07:31:40.693;3.8;14.129994;2846424
362;07:31:40.865;1.9;14.130371;2846280
363;07:31:41.038;0.0;14.131404;2846708
364;07:31:41.210;1.8;14.129140;2846252
365;07:31:41.381;3.3;14.128584;2846140
366;07:31:41.555;5.4;14.130371;2846280
367;07:31:41.727;1.9;14.127512;2845924
368;07:31:41.900;0.0;14.124256;2845272
369;07:31:42.072;3.6;14.127294;2846104
370;07:31:42.244;1.9;14.127631;2845728
371;07:31:42.419;3.7;14.127294;2845880
372;07:31:42.590;0.0;14.128723;2846168
373;07:31:42.761;3.6;14.127174;2846080
374;07:31:42.933;1.8;14.126738;2845768
375;07:31:43.104;0.0;14.125745;2845568
376;07:31:43.276;1.7;14.126718;2845764
377;07:31:43.449;1.8;14.127115;2845844
378;07:31:43.619;1.8;14.127770;2845976
379;07:31:43.791;1.7;14.128425;2846108
380;07:31:43.968;2.9;14.129140;2846032
381;07:31:44.144;1.6;14.129379;2846300
382;07:31:44.320;1.8;14.128525;2846128
383;07:31:44.492;3.3;14.128922;2846208
384;07:31:44.667;1.5;14.128366;2846096
385;07:31:44.845;3.1;14.129577;2846388
386;07:31:45.020;5.9;14.129220;2846268
387;07:31:45.198;4.5;14.128187;2846060
388;07:31:45.376;3.0;14.127174;2845856
389;07:31:45.553;5.8;14.132337;2846676
390;07:31:45.732;1.5;14.131185;2846940
391;07:31:45.909;3.1;14.131384;2846484
392;07:31:46.085;2.9;14.126360;2845968
393;07:31:46.258;4.6;14.126877;2845900
394;07:31:46.431;6.0;14.130391;2846504
395;07:31:46.608;3.1;14.130093;2846444
396;07:31:46.782;4.6;14.128366;2846096
397;07:31:46.957;3.1;14.129359;2846580
398;07:31:47.131;4.5;14.128028;2846028
399;07:31:47.307;2.9;14.129557;2846336
400;07:31:47.485;1.6;14.129756;2846376
401;07:31:47.660;4.6;14.128664;2845936
402;07:31:47.837;4.5;14.130014;2846716
403;07:31:48.012;5.9;14.132019;2847080
404;07:31:48.184;3.0;14.128346;2846312
405;07:31:48.357;1.6;14.130689;2846564
406;07:31:48.528;3.1;14.132476;2847216
407;07:31:48.704;1.6;14.127472;2846232
408;07:31:48.880;3.2;14.127750;2845752
409;07:31:49.051;0.0;14.195242;2859568
410;07:31:49.221;1.5;14.217323;2864016
411;07:31:49.390;0.0;14.218812;2864096
412;07:31:49.561;0.0;14.219050;2864144
413;07:31:49.730;3.1;14.228045;2865956
414;07:31:49.900;1.5;14.287019;2878300
415;07:31:50.070;1.5;14.288290;2878556
416;07:31:50.240;1.6;14.289342;2878304
417;07:31:50.411;1.5;14.295756;2880076
418;07:31:50.582;4.6;14.350461;2892884
419;07:31:50.753;3.1;14.493110;2921864
420;07:31:50.922;3.1;14.649618;2951100
421;07:31:51.092;1.5;14.824931;2986416
422;07:31:51.261;4.5;14.915437;3005524
423;07:31:51.431;0.0;14.998854;3021696
424;07:31:51.601;1.5;15.063050;3034384
425;07:31:51.770;0.0;15.059933;3033756
426;07:31:51.940;0.0;15.149168;3051992
427;07:31:52.109;1.6;15.294815;3081332
428;07:31:52.279;3.1;15.476621;3117828
429;07:31:52.450;1.5;15.499297;3122264
430;07:31:52.620;1.6;15.576877;3137892
431;07:31:52.790;1.5;15.576638;3137844
432;07:31:52.962;3.1;15.577313;3137980
433;07:31:53.131;1.5;15.575427;3137600
434;07:31:53.302;3.1;15.577711;3138060
435;07:31:53.472;1.6;15.595363;3141860
436;07:31:53.643;1.6;15.656700;3153996
437;07:31:53.813;0.0;15.659400;3153640
438;07:31:53.983;7.4;15.655290;3153688
439;07:31:54.154;1.6;15.654178;3153464
440;07:31:54.324;3.1;15.656878;3153788
441;07:31:54.495;1.6;15.658248;3154284
442;07:31:54.665;6.1;15.655766;3154280
443;07:31:54.836;6.1;15.659539;3154324
444;07:31:55.006;4.6;15.655985;3154072
445;07:31:55.176;1.5;15.654615;3153796
446;07:31:55.345;3.1;15.657990;3154232
447;07:31:55.515;3.1;15.659003;3154476
448;07:31:55.685;1.5;15.659817;3154516
449;07:31:55.855;1.6;15.660155;3154448
450;07:31:56.027;1.6;15.657951;3154468
451;07:31:56.198;1.5;15.658566;3154348
452;07:31:56.368;0.0;15.660453;3154508
453;07:31:56.538;4.4;15.660393;3154496
454;07:31:56.718;1.5;15.659023;3154440
455;07:31:56.887;1.5;15.662438;3155152
456;07:31:57.057;1.6;15.663014;3155244
457;07:31:57.227;3.1;15.662398;3155120
458;07:31:57.397;3.1;15.661485;3155188
459;07:31:57.566;0.0;15.662676;3155176
460;07:31:57.736;0.0;15.663252;3155072
461;07:31:57.906;1.6;15.662279;3155096
462;07:31:58.076;1.6;15.670103;3156452
463;07:31:58.246;1.6;15.670202;3156692
464;07:31:58.416;1.6;15.670043;3156660
465;07:31:58.585;1.6;15.668236;3156296
466;07:31:58.756;1.5;15.664702;3155584
467;07:31:58.927;4.5;15.666926;3155812
468;07:31:59.102;1.5;15.666767;3156268
469;07:31:59.272;4.5;15.668455;3156340
470;07:31:59.442;1.6;15.667303;3156108
471;07:31:59.612;1.5;15.666251;3155896
472;07:31:59.783;3.0;15.665973;3155864
473;07:31:59.952;0.0;15.664166;3155256
474;07:32:00.122;1.6;15.665119;3155668
475;07:32:00.291;1.5;15.667839;3155996
476;07:32:00.460;3.2;15.667343;3156368
477;07:32:00.630;3.0;15.672644;3156744
478;07:32:00.800;1.6;15.667363;3156120
479;07:32:00.970;1.5;15.670341;3156720
480;07:32:01.139;3.0;15.665258;3155736
481;07:32:01.310;3.0;15.665377;3155720
482;07:32:01.479;3.2;15.667323;3156112
483;07:32:01.649;3.1;15.749191;3173124
484;07:32:01.825;3.2;15.760112;3174804
485;07:32:01.996;3.0;15.759258;3174876
486;07:32:02.166;1.6;15.761204;3175024
487;07:32:02.337;4.7;15.761800;3175144
488;07:32:02.508;3.1;15.764898;3175768
489;07:32:02.679;1.6;15.761522;3175088
490;07:32:02.849;4.6;15.765374;3175644
491;07:32:03.020;1.5;15.763607;3175440
492;07:32:03.192;4.5;15.759219;3174868
493;07:32:03.362;3.1;15.761681;3175120
494;07:32:03.532;3.1;15.759576;3175240
495;07:32:03.703;4.5;15.761105;3174784
496;07:32:03.874;6.0;15.763547;3175496
497;07:32:04.045;1.5;15.762138;3175472
498;07:32:04.216;3.0;15.759854;3174776
499;07:32:04.387;3.0;15.760946;3174972
500;07:32:04.556;0.0;15.760986;3174980
501;07:32:04.726;3.1;15.762475;3175280
502;07:32:04.895;3.0;15.761304;3175044
503;07:32:05.065;3.1;15.673895;3157236
504;07:32:05.234;1.5;15.671731;3157000
505;07:32:05.405;1.6;15.671771;3157008
506;07:32:05.574;1.3;15.670639;3156780
507;07:32:05.744;3.1;15.672009;3156836
508;07:32:05.913;0.0;15.670758;3156584
509;07:32:06.082;3.0;15.668058;3156536
510;07:32:06.253;1.5;15.670321;3156716
511;07:32:06.422;0.0;15.670162;3156684
512;07:32:06.592;2.9;15.668792;3156188
513;07:32:06.761;1.6;15.670559;3156764
514;07:32:06.930;1.5;15.671652;3156984
515;07:32:07.099;7.8;15.671235;3157160
516;07:32:07.272;1.5;15.684638;3159600
517;07:32:07.442;3.1;15.687179;3160112
518;07:32:07.611;3.1;15.684995;3159672
519;07:32:07.781;3.0;15.685075;3159468
520;07:32:07.950;3.1;15.683982;3159248
521;07:32:08.119;2.9;15.685492;3159772
522;07:32:08.288;0.0;15.685492;3159772
523;07:32:08.458;1.5;15.684439;3159560
524;07:32:08.627;0.0;15.686663;3160008
525;07:32:08.797;1.6;15.688589;3160176
526;07:32:08.966;1.6;15.688033;3160064
527;07:32:09.136;1.6;15.688232;3160104
528;07:32:09.306;1.6;15.685750;3159604
529;07:32:09.475;1.6;15.683287;3159580
530;07:32:09.645;1.6;15.684836;3159640
531;07:32:09.815;3.0;15.685114;3159728
532;07:32:09.989;1.5;15.683963;3159464
533;07:32:10.162;4.8;15.685631;3159580
534;07:32:10.338;4.5;15.688966;3160472
535;07:32:10.511;4.6;15.686782;3160032
536;07:32:10.681;1.6;15.685511;3159552
537;07:32:10.855;3.2;15.682533;3159476
538;07:32:11.026;1.5;15.683387;3159348
539;07:32:11.203;3.2;15.685293;3159984
540;07:32:11.375;3.1;15.684955;3159664
541;07:32:11.547;1.6;15.683049;3159280
542;07:32:11.717;4.5;15.684717;3159396
543;07:32:11.889;0.0;15.684002;3159472
544;07:32:12.059;3.0;15.684777;3159628
545;07:32:12.235;0.0;15.683208;3159312
546;07:32:12.411;1.6;15.682731;3159492
547;07:32:12.583;0.0;15.681997;3159068
548;07:32:12.756;1.6;15.684141;3159500
549;07:32:12.932;1.6;15.682890;3159248
550;07:32:13.103;1.5;15.684300;3159516
551;07:32:13.281;3.1;15.684380;3159548
552;07:32:13.458;2.9;15.684856;3159644
553;07:32:13.636;3.0;15.684340;3159540
554;07:32:13.813;7.4;15.683546;3159380
555;07:32:13.992;4.4;15.684280;3159308
556;07:32:14.169;4.5;15.684280;3159528
557;07:32:14.347;4.5;15.684439;3159560
558;07:32:14.524;3.1;15.683426;3159744
559;07:32:14.697;1.5;15.684717;3159616
560;07:32:14.869;4.5;15.683049;3159524
561;07:32:15.042;4.6;15.685432;3159760
562;07:32:15.214;1.5;15.685809;3159836
563;07:32:15.391;3.1;15.685531;3159780
564;07:32:15.564;1.5;15.684578;3159368
565;07:32:15.737;3.0;15.682870;3159024
566;07:32:15.911;1.5;15.682672;3159244
567;07:32:16.085;1.6;15.684896;3159652
568;07:32:16.265;3.2;15.683764;3159424
569;07:32:16.439;3.1;15.684062;3159484
570;07:32:16.616;4.3;15.683129;3159296
571;07:32:16.789;1.5;15.682791;3159228
572;07:32:16.959;4.5;15.681838;3158816
573;07:32:17.136;3.1;15.683367;3159392
574;07:32:17.308;3.2;15.678899;3158688
575;07:32:17.479;4.7;15.676675;3158408
576;07:32:17.649;1.6;15.678562;3158376
577;07:32:17.819;3.0;15.685055;3159684
578;07:32:17.991;1.6;15.684042;3159480
579;07:32:18.165;3.0;15.683724;3159416
580;07:32:18.336;4.6;15.683963;3159464
581;07:32:18.512;3.0;15.682553;3159180
582;07:32:18.686;4.5;15.683367;3159604
583;07:32:18.861;2.9;15.684399;3159552
584;07:32:19.037;3.0;15.683526;3159376
585;07:32:19.211;3.0;15.683387;3159348
586;07:32:19.383;3.0;15.683824;3159484
587;07:32:19.556;3.1;15.684578;3159588
588;07:32:19.728;1.5;15.685829;3159620
589;07:32:19.901;4.5;15.685789;3159832
590;07:32:20.081;3.2;15.688808;3160440
591;07:32:20.254;3.1;15.685392;3159752
592;07:32:20.424;1.6;15.683506;3159744
593;07:32:20.597;3.1;15.681481;3158744
594;07:32:20.769;1.6;15.681719;3159392
595;07:32:20.942;3.1;15.681957;3159304
596;07:32:21.115;3.1;15.682354;3159140
597;07:32:21.284;6.1;15.746808;3171904
598;07:32:21.455;3.0;15.752289;3173228
599;07:32:21.627;3.0;15.756022;3173980
600;07:32:21.802;3.1;15.759517;3174684
601;07:32:21.971;4.6;15.757253;3174228
602;07:32:22.142;1.6;15.757074;3174192
603;07:32:22.314;3.1;15.758285;3174436
604;07:32:22.484;4.5;15.760867;3174956
605;07:32:22.656;4.3;15.760708;3174924
606;07:32:22.832;3.0;15.759417;3174664
607;07:32:23.004;4.6;15.757988;3174376
608;07:32:23.175;3.1;15.759100;3174600
609;07:32:23.349;4.5;15.759656;3174712
610;07:32:23.522;4.5;15.762435;3175052
611;07:32:23.694;4.7;15.761105;3174564
612;07:32:23.862;5.8;15.759080;3174596
613;07:32:24.040;1.6;15.757948;3174636
614;07:32:24.213;3.0;15.759576;3174696
615;07:32:24.383;5.6;15.755585;3173892
616;07:32:24.556;5.3;15.758166;3174472
617;07:32:24.726;4.5;15.759894;3174760
618;07:32:24.897;4.6;15.760926;3174748
619;07:32:25.068;5.9;15.758127;3174404
620;07:32:25.246;3.0;15.759497;3174680
621;07:32:25.419;6.0;15.759854;3174532
622;07:32:25.594;3.0;15.758405;3174588
623;07:32:25.765;3.1;15.757312;3174768
624;07:32:25.940;3.0;15.762793;3174684
625;07:32:26.112;6.1;15.758563;3174492
626;07:32:26.285;4.6;15.757312;3174508
627;07:32:26.454;3.0;15.757670;3174312
628;07:32:26.629;3.1;15.755764;3173928
629;07:32:26.799;2.9;15.758563;3174272
630;07:32:26.977;3.1;15.755208;3174060
631;07:32:27.152;1.5;15.758683;3174516
632;07:32:27.326;3.1;15.759814;3174524
633;07:32:27.501;3.1;15.758663;3174512
634;07:32:27.670;3.0;15.758782;3174536
635;07:32:27.847;3.1;15.757809;3174340
636;07:32:28.019;3.1;15.759715;3174724
637;07:32:28.189;4.5;15.761006;3174984
638;07:32:28.362;1.5;15.761006;3174984
639;07:32:28.536;3.1;15.765553;3175900
640;07:32:28.711;1.6;15.769306;3176656
641;07:32:28.880;3.0;15.768492;3176492
642;07:32:29.055;3.2;15.768968;3176620
643;07:32:29.225;1.6;15.768512;3176496
644;07:32:29.396;2.9;15.767102;3175992
645;07:32:29.569;4.5;15.767102;3176212
646;07:32:29.744;3.0;15.767638;3176320
647;07:32:29.916;3.0;15.766347;3176060
648;07:32:30.090;3.2;15.768690;3176580
649;07:32:30.258;3.0;15.767757;3176124
650;07:32:30.433;4.3;15.779572;3178724
651;07:32:30.611;3.1;15.780108;3178832
652;07:32:30.781;1.6;15.779949;3178800
653;07:32:30.952;4.3;15.779532;3178716
654;07:32:31.129;4.5;15.779492;3178708
655;07:32:31.312;3.1;15.780981;3179008
656;07:32:31.486;3.2;15.781637;3179140
657;07:32:31.656;1.6;15.780902;3178992
658;07:32:31.825;4.5;15.781597;3178692
659;07:32:31.999;3.0;15.776752;3178156
660;07:32:32.172;3.0;15.778539;3178516
661;07:32:32.347;1.6;15.779671;3178744
662;07:32:32.517;1.6;15.777844;3178376
663;07:32:32.690;1.5;15.778698;3178548
664;07:32:32.861;1.6;15.782570;3179108
665;07:32:33.035;5.8;15.778340;3178476
666;07:32:33.212;6.0;15.775878;3178264
667;07:32:33.386;1.5;15.778460;3178516
668;07:32:33.564;4.6;15.780028;3178596
669;07:32:33.738;3.1;15.780406;3178672
670;07:32:33.910;1.5;15.778460;3178500
671;07:32:34.081;3.3;15.777229;3178032
672;07:32:34.252;3.0;15.777824;3178372
673;07:32:34.426;1.6;15.779234;3178656
674;07:32:34.598;3.2;15.780922;3178996
675;07:32:34.771;1.6;15.775283;3177640
676;07:32:34.942;4.3;15.779035;3178616
677;07:32:35.119;1.6;15.777804;3178368
678;07:32:35.296;1.8;15.777367;3178060
679;07:32:35.467;3.1;15.774746;3177752
680;07:32:35.639;4.6;15.775680;3177940
681;07:32:35.812;1.5;15.777884;3178164
682;07:32:35.984;3.1;15.781795;3179172
683;07:32:36.156;3.1;15.781398;3179092
684;07:32:36.327;4.5;15.779016;3178612
685;07:32:36.500;4.4;15.780267;3178864
686;07:32:36.676;3.0;15.779016;3178912
687;07:32:36.852;3.1;15.780664;3178724
688;07:32:37.028;4.4;15.777506;3178088
689;07:32:37.206;1.6;15.778738;3178556
690;07:32:37.377;1.5;15.780028;3178816
691;07:32:37.552;1.6;15.779115;3178192
692;07:32:37.725;1.6;15.776812;3178168
693;07:32:37.898;4.5;15.778261;3178460
694;07:32:38.073;1.6;15.781537;3179352
695;07:32:38.244;1.5;15.779174;3178644
696;07:32:38.420;3.0;15.779413;3178692
697;07:32:38.595;3.0;15.779254;3178440
698;07:32:38.770;4.6;15.779254;3178660
699;07:32:38.943;3.0;15.780465;3178684
700;07:32:39.119;2.9;15.781676;3178928
701;07:32:39.302;6.1;15.779135;3178636
702;07:32:39.479;3.0;15.779572;3178724
703;07:32:39.652;1.6;15.779671;3178744
704;07:32:39.827;3.0;15.781120;3179036
705;07:32:40.002;7.8;15.780346;3178880
706;07:32:40.175;4.5;15.778003;3178692
707;07:32:40.349;3.1;15.778400;3178488
708;07:32:40.524;4.5;15.780962;3179004
709;07:32:40.701;4.5;15.780028;3178596
710;07:32:40.876;4.5;15.781120;3178856
711;07:32:41.049;1.5;15.778817;3178572
712;07:32:41.225;1.6;15.779214;3178432
713;07:32:41.395;3.1;15.779016;3178612
714;07:32:41.565;1.6;15.779452;3178928
715;07:32:41.741;3.0;15.780465;3178684
716;07:32:41.918;3.2;15.779174;3178740
717;07:32:42.088;6.1;15.777070;3178220
718;07:32:42.260;4.7;15.779214;3178652
719;07:32:42.432;1.6;15.778896;3178588
720;07:32:42.600;3.1;15.776355;3178588
721;07:32:42.770;1.6;15.777765;3178360
722;07:32:42.939;1.5;15.779095;3178628
723;07:32:43.109;3.0;15.779055;3178628
724;07:32:43.281;1.5;15.778698;3178328
725;07:32:43.454;4.5;15.778420;3178492
726;07:32:43.627;1.5;15.777546;3178560
727;07:32:43.799;3.0;15.778360;3178480
728;07:32:43.971;3.0;15.780862;3178536
729;07:32:44.143;3.1;15.782431;3179080
730;07:32:44.319;5.9;15.781339;3178860
731;07:32:44.493;4.5;15.782788;3179372
732;07:32:44.668;3.0;15.783066;3179428
733;07:32:44.845;4.4;15.782987;3179192
734;07:32:45.021;3.2;15.780564;3178924
735;07:32:45.193;2.8;15.778380;3178728
736;07:32:45.365;2.9;15.778857;3178580
737;07:32:45.542;3.1;15.779830;3178556
738;07:32:45.717;3.1;15.780406;3178892
739;07:32:45.893;3.0;15.780286;3178868
740;07:32:46.069;3.0;15.782987;3179412
741;07:32:46.245;3.1;15.780247;3178860
742;07:32:46.419;4.5;15.779075;3178908
743;07:32:46.590;3.0;15.779234;3178656
744;07:32:46.765;3.1;15.780902;3178992
745;07:32:46.938;3.0;15.779512;3178712
746;07:32:47.112;3.2;15.779194;3178428
747;07:32:47.285;0.0;15.778221;3178452
748;07:32:47.459;3.0;15.778499;3178508
749;07:32:47.637;3.1;15.781478;3179108
750;07:32:47.807;4.5;15.781120;3178816
751;07:32:47.985;4.5;15.779452;3178700
752;07:32:48.162;4.5;15.782014;3178996
753;07:32:48.338;3.0;15.780803;3178752
754;07:32:48.515;3.1;15.777685;3178596
755;07:32:48.687;3.0;15.780028;3178816
756;07:32:48.860;3.1;15.779155;3178640
757;07:32:49.030;1.5;15.782054;3179224
758;07:32:49.202;3.1;15.780406;3178892
759;07:32:49.377;1.6;15.779155;3178908
760;07:32:49.548;4.5;15.779353;3178680
761;07:32:49.722;1.5;15.780604;3178932
762;07:32:49.897;6.0;15.780485;3178688
763;07:32:50.072;3.0;15.779353;3178680
764;07:32:50.246;4.4;15.777725;3177912
765;07:32:50.424;5.8;15.778201;3178228
766;07:32:50.601;3.0;15.775541;3178448
767;07:32:50.777;4.6;15.780227;3178856
768;07:32:50.952;1.6;15.778142;3178688
769;07:32:51.127;1.5;15.778420;3178492
770;07:32:51.298;1.6;15.776037;3178012
771;07:32:51.469;3.0;15.775997;3178004
772;07:32:51.640;4.5;15.776395;3178352
773;07:32:51.813;1.5;15.777804;3178368
774;07:32:51.987;3.0;15.776236;3178312
775;07:32:52.159;4.6;15.781240;3179060
776;07:32:52.335;2.9;15.779433;3178696
777;07:32:52.511;1.5;15.778201;3178448
778;07:32:52.689;1.5;15.779194;3178648
779;07:32:52.863;3.1;15.778638;3178536
780;07:32:53.039;1.6;15.779591;3178508
781;07:32:53.208;1.5;15.780684;3178948
782;07:32:53.378;3.1;15.780366;3178884
783;07:32:53.552;3.1;15.780525;3178916
784;07:32:53.726;1.6;15.780564;3178924
785;07:32:53.898;3.1;15.779671;3178744
786;07:32:54.072;3.1;15.779353;3178680
787;07:32:54.245;3.2;15.779949;3178800
788;07:32:54.415;3.1;15.780584;3178928
789;07:32:54.588;3.2;15.779492;3178708
790;07:32:54.758;4.5;15.779850;3178560
791;07:32:54.933;1.6;15.772920;3177652
792;07:32:55.110;1.5;15.777884;3178384
793;07:32:55.284;4.6;15.779135;3178416
794;07:32:55.456;3.0;15.779135;3178636
795;07:32:55.628;1.6;15.779135;3178636
796;07:32:55.798;3.1;15.780227;3178636
797;07:32:55.970;1.6;15.778916;3179112
798;07:32:56.142;3.1;15.780167;3178908
799;07:32:56.314;3.1;15.779830;3179068
800;07:32:56.487;3.0;15.778976;3178384
801;07:32:56.658;3.0;15.780962;3178784
802;07:32:56.831;3.0;15.778896;3178368
803;07:32:57.006;3.1;15.776097;3178024
804;07:32:57.181;4.5;15.778102;3178428
805;07:32:57.353;1.5;15.779631;3178736
806;07:32:57.529;3.1;15.779234;3178656
807;07:32:57.702;3.2;15.778182;3178224
808;07:32:57.873;3.1;15.778539;3178516
809;07:32:58.045;3.2;15.779750;3178760
810;07:32:58.219;4.5;15.780406;3178892
811;07:32:58.394;3.1;15.779353;3178680
812;07:32:58.565;3.1;15.781696;3178932
813;07:32:58.738;1.6;15.780644;3178940
814;07:32:58.911;4.5;15.778221;3178452
815;07:32:59.082;3.1;15.778400;3178488
816;07:32:59.255;3.0;15.778599;3178528
817;07:32:59.426;1.5;15.778559;3178748
818;07:32:59.598;1.6;15.779850;3178780
819;07:32:59.768;0.0;15.781637;3179140
820;07:32:59.937;1.5;15.777189;3178244
821;07:33:00.105;3.0;15.776871;3178172
822;07:33:00.281;3.0;15.780981;3179008
823;07:33:00.452;1.6;15.778599;3178788
824;07:33:00.627;1.6;15.778559;3178520
825;07:33:00.796;1.5;15.780862;3178984
826;07:33:00.972;3.0;15.782014;3179216
827;07:33:01.147;0.0;15.779572;3178684
828;07:33:01.323;3.1;15.783841;3179584
829;07:33:01.500;1.8;15.783245;3179464
830;07:33:01.671;4.5;15.780425;3178896
831;07:33:01.846;3.1;15.780267;3178864
832;07:33:02.020;1.6;15.781756;3179164
833;07:33:02.196;3.0;15.778857;3178580
834;07:33:02.366;4.6;15.780743;3178960
835;07:33:02.539;4.7;15.779850;3178780
836;07:33:02.711;1.5;15.777864;3178380
837;07:33:02.885;3.3;15.778479;3178504
838;07:33:03.056;1.5;15.776752;3178692
839;07:33:03.232;3.3;15.779750;3178760
840;07:33:03.404;3.3;15.775819;3177968
841;07:33:03.577;3.0;15.778698;3178548
842;07:33:03.753;1.6;15.777645;3178336
843;07:33:03.924;3.1;15.776752;3178440
844;07:33:04.097;1.6;15.777070;3178268
845;07:33:04.270;3.1;15.776474;3178100
846;07:33:04.448;1.7;15.775501;3178276
847;07:33:04.622;1.5;15.778003;3178408
848;07:33:04.795;3.3;15.778479;3178504
849;07:33:04.972;4.4;15.779413;3178692
850;07:33:05.147;3.2;15.779294;3178724
851;07:33:05.317;3.2;15.779452;3178704
852;07:33:05.489;1.6;15.779512;3178712
853;07:33:05.660;3.0;15.777963;3178628
854;07:33:05.836;1.5;15.779135;3178636
855;07:33:06.009;3.1;15.773118;3177424
856;07:33:06.179;4.5;15.775481;3177900
857;07:33:06.354;1.6;15.779393;3178688
858;07:33:06.528;3.0;15.780743;3178960
859;07:33:06.701;3.1;15.782073;3179008
860;07:33:06.872;3.1;15.781101;3179032
861;07:33:07.046;0.0;15.782232;3179040
862;07:33:07.222;1.5;15.780008;3178932
863;07:33:07.397;1.6;15.781478;3179108
864;07:33:07.569;3.1;15.781398;3179092
865;07:33:07.741;3.0;15.782729;3179360
866;07:33:07.918;1.6;15.781756;3179164
867;07:33:08.089;1.6;15.780306;3178872
868;07:33:08.258;3.1;15.778162;3178220
869;07:33:08.431;3.0;15.778638;3178536
870;07:33:08.601;3.1;15.779413;3178692
871;07:33:08.773;1.6;15.775759;3178216
872;07:33:08.948;3.1;15.778221;3178232
873;07:33:09.120;1.6;15.779294;3178668
874;07:33:09.292;4.5;15.779651;3178520
875;07:33:09.461;2.9;15.779413;3178472
876;07:33:09.631;3.1;15.780882;3179264
877;07:33:09.801;3.2;15.779294;3178668
878;07:33:09.976;3.1;15.778360;3178480
879;07:33:10.153;4.8;15.778698;3178548
880;07:33:10.322;4.6;15.779850;3178804
881;07:33:10.496;3.1;15.780942;3179000
882;07:33:10.672;3.1;15.782431;3179080
883;07:33:10.845;1.5;15.778976;3178604
884;07:33:11.019;3.1;15.776653;3178060
885;07:33:11.194;4.5;15.780545;3178920
886;07:33:11.366;3.1;15.780584;3178928
887;07:33:11.542;3.0;15.780664;3178944
888;07:33:11.720;1.5;15.780624;3178936
889;07:33:11.898;1.5;15.781299;3179072
890;07:33:12.073;1.6;15.782391;3179072
891;07:33:12.248;1.6;15.779611;3178732
892;07:33:12.422;5.9;15.781021;3179016
893;07:33:12.598;3.0;15.778718;3178552
894;07:33:12.769;1.5;15.780703;3178952
895;07:33:12.941;4.5;15.780664;3178944
896;07:33:13.118;3.1;15.779929;3178796
897;07:33:13.291;5.9;15.781180;3179048
898;07:33:13.467;1.6;15.780048;3178820
899;07:33:13.645;1.6;15.778678;3178324
900;07:33:13.816;4.3;15.778678;3178544
901;07:33:13.993;3.0;15.777427;3178292
902;07:33:14.169;2.9;15.777586;3178576
903;07:33:14.347;4.6;15.776653;3178136
904;07:33:14.521;4.6;15.777824;3178648
905;07:33:14.695;1.5;15.781934;3179200
906;07:33:14.867;0.0;15.778658;3178540
907;07:33:15.046;4.5;15.778658;3178540
908;07:33:15.222;1.6;15.778678;3178324
909;07:33:15.397;1.5;15.781061;3179024
910;07:33:15.572;4.4;15.780247;3178860
911;07:33:15.750;6.1;15.776951;3178196
912;07:33:15.927;3.1;15.777427;3178560
913;07:33:16.099;1.5;15.778738;3178556
914;07:33:16.274;2.9;15.780147;3178840
915;07:33:16.449;1.6;15.780147;3178840
916;07:33:16.623;1.5;15.778896;3178628
917;07:33:16.794;1.6;15.778658;3178320
918;07:33:16.963;4.6;15.776236;3178052
919;07:33:17.135;3.0;15.775302;3177864
920;07:33:17.305;1.6;15.774985;3178052
921;07:33:17.478;3.2;15.778460;3178500
922;07:33:17.649;3.0;15.776712;3178148
923;07:33:17.823;4.8;15.776176;3178308
924;07:33:17.993;4.3;15.774786;3178020
925;07:33:18.167;13.2;15.777705;3178128
926;07:33:18.340;3.0;15.775124;3178216
927;07:33:18.515;1.5;15.777050;3178216
928;07:33:18.693;7.4;15.777010;3177988
929;07:33:18.869;4.6;15.778499;3178508
930;07:33:19.047;2.9;15.779770;3178764
931;07:33:19.225;4.5;15.778142;3178436
932;07:33:19.400;3.1;15.779631;3178736
933;07:33:19.571;4.6;15.779234;3178656
934;07:33:19.746;0.0;15.779075;3178680
935;07:33:19.924;4.4;15.776891;3178452
936;07:33:20.095;5.9;15.779433;3178696
937;07:33:20.266;1.5;15.779075;3178404
938;07:33:20.435;5.7;15.779393;3178688
939;07:33:20.613;0.0;15.780803;3178972
940;07:33:20.785;0.0;15.782212;3179036
941;07:33:20.956;1.8;15.780167;3178624
942;07:33:21.129;1.6;15.775263;3177856
943;07:33:21.300;3.2;15.777288;3178524
944;07:33:21.473;3.1;15.779472;3178484
945;07:33:21.647;4.6;15.777169;3178240
946;07:33:21.824;3.1;15.778062;3178200
947;07:33:21.999;1.6;15.778738;3178800
948;07:33:22.169;3.2;15.778360;3178260
949;07:33:22.339;3.0;15.778400;3178796
950;07:33:22.512;3.1;15.781379;3179088
951;07:33:22.683;0.0;15.779115;3178972
952;07:33:22.855;3.0;15.779313;3178452
953;07:33:23.027;4.6;15.778559;3178520
954;07:33:23.200;3.1;15.778519;3178528
955;07:33:23.372;1.6;15.779651;3178740
956;07:33:23.544;3.0;15.780048;3178820
957;07:33:23.717;1.6;15.780664;3178724
958;07:33:23.890;0.0;15.778817;3178572
959;07:33:24.061;1.8;15.779095;3178628
960;07:33:24.233;3.1;15.779294;3178668
961;07:33:24.407;1.6;15.778658;3178320
962;07:33:24.579;4.5;15.780981;3179008
963;07:33:24.752;3.1;15.780664;3178772
964;07:33:24.922;3.1;15.780862;3178984
965;07:33:25.093;3.1;15.780664;3178944
966;07:33:25.262;3.1;15.779572;3178724
967;07:33:25.435;3.0;15.779969;3178804
968;07:33:25.610;3.0;15.777864;3178380
969;07:33:25.783;3.2;15.778757;3178560
970;07:33:25.954;1.6;15.778638;3178812
971;07:33:26.128;2.9;15.779889;3178788
972;07:33:26.302;1.5;15.781180;3178828
973;07:33:26.477;7.4;15.780167;3178624
974;07:33:26.652;4.4;15.779969;3178844
975;07:33:26.828;3.1;15.778321;3178472
976;07:33:27.002;1.5;15.778559;3178520
977;07:33:27.179;1.5;15.779532;3178716
978;07:33:27.354;3.0;15.780386;3178888
979;07:33:27.529;2.9;15.779532;3178716
980;07:33:27.702;3.1;15.778360;3178260
981;07:33:27.874;3.0;15.780783;3178968
982;07:33:28.043;3.1;15.780624;3178716
983;07:33:28.213;1.6;15.781081;3179028
984;07:33:28.384;3.1;15.780902;3178992
985;07:33:28.560;3.3;15.781021;3178796
986;07:33:28.732;4.6;15.782193;3179032
987;07:33:28.901;1.6;15.780584;3178928
988;07:33:29.072;1.5;15.779611;3179040
989;07:33:29.247;3.2;15.779333;3178676
990;07:33:29.417;3.2;15.778122;3178432
991;07:33:29.588;4.5;15.780326;3178876
992;07:33:29.759;3.1;15.779353;3178680
993;07:33:29.931;3.2;15.780406;3178892
994;07:33:30.107;1.6;15.781676;3178928
995;07:33:30.277;4.5;15.780267;3178864
996;07:33:30.456;5.9;15.780147;3178840
997;07:33:30.631;6.1;15.782471;3179088
998;07:33:30.800;1.6;15.781061;3179024
999;07:33:30.972;0.0;15.779095;3178628
1000;07:33:31.143;0.0;15.779016;3178392
1001;07:33:31.316;3.2;15.777923;3178392
1002;07:33:31.490;4.8;15.778400;3178756
1003;07:33:31.661;3.2;15.779790;3178768
1004;07:33:31.834;3.0;15.779989;3178808
1005;07:33:32.009;1.6;15.779909;3178792
1006;07:33:32.180;3.0;15.779810;3178772
1007;07:33:32.351;4.6;15.780703;3178732
1008;07:33:32.524;3.0;15.776990;3178316
1009;07:33:32.696;3.1;15.778678;3178544
1010;07:33:32.868;3.3;15.778281;3178748
1011;07:33:33.038;1.6;15.778718;3178552
1012;07:33:33.213;3.2;15.775005;3177804
1013;07:33:33.386;3.1;15.777506;3178308
1014;07:33:33.557;3.0;15.778460;3178280
1015;07:33:33.732;1.6;15.777665;3178576
1016;07:33:33.904;3.2;15.780763;3178744
1017;07:33:34.075;3.0;15.778261;3178240
1018;07:33:34.247;1.5;15.777467;3178080
1019;07:33:34.417;3.0;15.776216;3178048
1020;07:33:34.592;2.9;15.780306;3178872
1021;07:33:34.766;3.0;15.780862;3178984
1022;07:33:34.936;1.6;15.780664;3178944
1023;07:33:35.106;0.0;15.780862;3178760
1024;07:33:35.277;1.6;15.777606;3178572
1025;07:33:35.450;3.0;15.778539;3178516
1026;07:33:35.625;1.5;15.780584;3178708
1027;07:33:35.796;4.5;15.782768;3179148
1028;07:33:35.976;0.0;15.781716;3179156
1029;07:33:36.146;3.1;15.781676;3179148
1030;07:33:36.315;0.0;15.780147;3178904
1031;07:33:36.485;3.1;15.779452;3178960
1032;07:33:36.654;3.2;15.779353;3178680
1033;07:33:36.823;3.1;15.779174;3178888
1034;07:33:36.992;3.1;15.779452;3178700
1035;07:33:37.161;0.0;15.780525;3178696
1036;07:33:37.330;1.6;15.778301;3178468
1037;07:33:37.500;1.5;15.779234;3178656
1038;07:33:37.669;3.2;15.781974;3179208
1039;07:33:37.838;3.1;15.781736;3179160
1040;07:33:38.007;1.5;15.780723;3178956
1041;07:33:38.176;1.6;15.780525;3178916
1042;07:33:38.346;1.5;15.779194;3178648
1043;07:33:38.515;0.0;15.777943;3178672
1044;07:33:38.684;1.6;15.782332;3179060
1045;07:33:38.853;1.6;15.780803;3178972
1046;07:33:39.022;0.0;15.782093;3179232
1047;07:33:39.191;3.1;15.780644;3178940
1048;07:33:39.361;1.6;15.779393;3178688
1049;07:33:39.530;1.6;15.779393;3178688
1050;07:33:39.699;1.5;15.779512;3178492
1051;07:33:39.869;3.1;15.781696;3178932
1052;07:33:40.039;3.1;15.782034;3179220
1053;07:33:40.209;1.5;15.781716;3179156
1054;07:33:40.378;1.6;15.781676;3179148
1055;07:33:40.547;3.1;15.781835;3179180
1056;07:33:40.716;3.1;15.782391;3179292
1057;07:33:40.887;1.5;15.779333;3178676
1058;07:33:41.056;0.0;15.780664;3178724
1059;07:33:41.225;3.1;15.780624;3178716
1060;07:33:41.395;0.0;15.779532;3178732
1061;07:33:41.564;1.6;15.780743;3178960
1062;07:33:41.734;3.1;15.781061;3179024
1063;07:33:41.903;1.6;15.780545;3178920
1064;07:33:42.073;1.5;15.780862;3179024
1065;07:33:42.244;3.1;15.780862;3178764
1066;07:33:42.414;0.0;15.781061;3179024
1067;07:33:42.584;1.6;15.781101;3179032
1068;07:33:42.753;6.0;15.783682;3179112
1069;07:33:42.923;1.6;15.781359;3179084
1070;07:33:43.093;0.0;15.779790;3178768
1071;07:33:43.262;1.6;15.779949;3178800
1072;07:33:43.432;1.6;15.779373;3178684
1073;07:33:43.601;1.6;15.779135;3178636
1074;07:33:43.771;3.1;15.782411;3179296
1075;07:33:43.940;0.0;15.782490;3179092
1076;07:33:44.110;1.6;15.780425;3178896
1077;07:33:44.280;3.0;15.778579;3178524
1078;07:33:44.450;1.6;15.779909;3178792
1079;07:33:44.619;3.1;15.780922;3178996
1080;07:33:44.788;0.0;15.781160;3179116
1081;07:33:44.959;1.5;15.779790;3178832
1082;07:33:45.129;1.6;15.781001;3179012
1083;07:33:45.299;3.1;15.779750;3178760
1084;07:33:45.468;1.5;15.778579;3178524
1085;07:33:45.637;4.6;15.778539;3178296
1086;07:33:45.808;4.5;15.777923;3178692
1087;07:33:45.977;3.0;15.780823;3178536
1088;07:33:46.147;0.0;15.778797;3178568
1089;07:33:46.316;3.1;15.777268;3178260
1090;07:33:46.486;1.6;15.779075;3178624
1091;07:33:46.655;1.6;15.778718;3178552
1092;07:33:46.825;3.0;15.781200;3179052
1093;07:33:46.995;0.0;15.781200;3179052
1094;07:33:47.165;1.6;15.780962;3179004
1095;07:33:47.334;0.0;15.781001;3179012
1096;07:33:47.503;0.0;15.780882;3178768
1097;07:33:47.673;3.1;15.780267;3178864
1098;07:33:47.842;3.1;15.779711;3178752
1099;07:33:48.013;0.0;15.779989;3178808
1100;07:33:48.182;1.5;15.777149;3178124
1101;07:33:48.353;1.6;15.776792;3178408
1102;07:33:48.523;4.5;15.780545;3178920
1103;07:33:48.693;3.1;15.781676;3179148
1104;07:33:48.862;1.6;15.781716;3178936
1105;07:33:49.032;0.0;15.779135;3178636
1106;07:33:49.201;1.6;15.778321;3178472
1107;07:33:49.371;3.1;15.778162;3178496
1108;07:33:49.541;1.5;15.776990;3178236
1109;07:33:49.711;1.5;15.777348;3178276
1110;07:33:49.881;3.2;15.779730;3178756
1111;07:33:50.051;1.6;15.779572;3178724
1112;07:33:50.220;3.1;15.779691;3178528
1113;07:33:50.389;0.0;15.779730;3178804
1114;07:33:50.559;4.5;15.778440;3178536
1115;07:33:50.729;3.1;15.783682;3179332
1116;07:33:50.898;3.1;15.781577;3179128
1117;07:33:51.069;1.5;15.781617;3179136
1118;07:33:51.239;3.1;15.781101;3178812
1119;07:33:51.408;1.6;15.779850;3178780
1120;07:33:51.578;3.0;15.781021;3179016
1121;07:33:51.748;3.1;15.781140;3179040
1122;07:33:51.919;1.6;15.781537;3179120
1123;07:33:52.088;1.6;15.781101;3179032
1124;07:33:52.258;1.6;15.782133;3179240
1125;07:33:52.428;0.0;15.782133;3179092
1126;07:33:52.597;1.6;15.779671;3178744
1127;07:33:52.767;1.6;15.780108;3178832
1128;07:33:52.937;1.5;15.778857;3178580
1129;07:33:53.106;1.6;15.779750;3178540
1130;07:33:53.275;1.5;15.778301;3178248
1131;07:33:53.444;0.0;15.782133;3179240
1132;07:33:53.614;1.5;15.782133;3179240
1133;07:33:53.784;1.6;15.781398;3179092
1134;07:33:53.954;3.1;15.780028;3178816
1135;07:33:54.123;1.5;15.779591;3178728
1136;07:33:54.292;1.6;15.779631;3178516
1137;07:33:54.462;1.6;15.781120;3179036
1138;07:33:54.633;1.5;15.782371;3179068
1139;07:33:54.804;3.1;15.779095;3178628
1140;07:33:54.974;4.5;15.778976;3178604
1141;07:33:55.143;1.6;15.779591;3178728
1142;07:33:55.312;0.0;15.778499;3178508
1143;07:33:55.481;1.6;15.780028;3178816
1144;07:33:55.651;3.0;15.781478;3179108
1145;07:33:55.821;1.6;15.781001;3179012
1146;07:33:55.991;1.6;15.779591;3178728
1147;07:33:56.160;1.6;15.779591;3178728
1148;07:33:56.329;1.6;15.778499;3178792
1149;07:33:56.499;1.6;15.776970;3178200
1150;07:33:56.668;0.0;15.779234;3178656
1151;07:33:56.838;1.5;15.781001;3179012
1152;07:33:57.008;3.1;15.779989;3178808
1153;07:33:57.177;1.6;15.780842;3178980
1154;07:33:57.347;1.5;15.785866;3179992
1155;07:33:57.517;3.0;15.785906;3180000
1156;07:33:57.687;3.1;15.785648;3179948
1157;07:33:57.857;3.2;15.785965;3180028
1158;07:33:58.027;0.0;15.785290;3179876
1159;07:33:58.196;1.6;15.781835;3179416
1160;07:33:58.367;3.2;15.784198;3179436
1161;07:33:58.537;1.6;15.786998;3180220
1162;07:33:58.708;1.7;15.789123;3180648
1163;07:33:58.879;4.5;15.783364;3179488
1164;07:33:59.050;1.6;15.788547;3180772
1165;07:33:59.221;1.6;15.786660;3180152
1166;07:33:59.391;4.5;15.786740;3180168
1167;07:33:59.561;1.6;15.784000;3179616
1168;07:33:59.731;1.5;15.786382;3180096
1169;07:33:59.906;1.6;15.793134;3181804
1170;07:34:00.076;4.5;15.783185;3179696
1171;07:34:00.246;1.6;15.782868;3179388
1172;07:34:00.416;1.5;15.782054;3179272
1173;07:34:00.586;1.6;15.784000;3179616
1174;07:34:00.757;4.8;15.783841;3179916
1175;07:34:00.929;3.2;15.787256;3180272
1176;07:34:01.099;0.0;15.787931;3180408
1177;07:34:01.269;0.0;15.781776;3179168
1178;07:34:01.441;1.6;15.785330;3179884
1179;07:34:01.611;1.6;15.786819;3180184
1180;07:34:01.781;3.1;15.787594;3179900
1181;07:34:01.950;1.6;15.784873;3179792
1182;07:34:02.120;3.0;15.786601;3180140
1183;07:34:02.291;3.0;15.784397;3179696
1184;07:34:02.461;3.1;15.784536;3179724
1185;07:34:02.631;1.6;15.786640;3180432
1186;07:34:02.800;4.6;15.788368;3180276
1187;07:34:02.970;1.6;15.785390;3179896
1188;07:34:03.140;1.5;15.791287;3180864
1189;07:34:03.310;1.6;15.793848;3181600
1190;07:34:03.479;3.1;15.793709;3181572
1191;07:34:03.649;6.0;15.794246;3181460
1192;07:34:03.818;4.5;15.787216;3180044
1193;07:34:03.989;1.6;15.784714;3179760
1194;07:34:04.159;3.0;15.783404;3179496
1195;07:34:04.329;1.6;15.783682;3179804
1196;07:34:04.498;1.5;15.784436;3179704
1197;07:34:04.669;1.6;15.782749;3179592
1198;07:34:04.839;3.1;15.786660;3180152
1199;07:34:05.008;3.0;15.785529;3179924
1200;07:34:05.178;3.1;15.785429;3179904
1201;07:34:05.348;3.1;15.785270;3179652
1202;07:34:05.517;3.1;15.787316;3180284
1203;07:34:05.687;1.6;15.786680;3179936
1204;07:34:05.857;4.6;15.784794;3179776
1205;07:34:06.026;3.1;15.784714;3179760
1206;07:34:06.196;0.0;15.784814;3179780
1207;07:34:06.366;1.6;15.783444;3179504
1208;07:34:06.535;1.6;15.783205;3179456
1209;07:34:06.705;1.5;15.783285;3179472
1210;07:34:06.874;0.0;15.784933;3179804
1211;07:34:07.044;3.0;15.783642;3179544
1212;07:34:07.214;1.5;15.783722;3179340
1213;07:34:07.384;6.1;15.781577;3179380
1214;07:34:07.553;0.0;15.781041;3179020
1215;07:34:07.724;1.6;15.782133;3179460
1216;07:34:07.893;3.1;15.784913;3179800
1217;07:34:08.063;1.5;15.785052;3179388
1218;07:34:08.233;1.6;15.782828;3179160
1219;07:34:08.403;0.0;15.781696;3178932
1220;07:34:08.573;1.6;15.780842;3179240
1221;07:34:08.742;0.0;15.784714;3179760
1222;07:34:08.912;3.1;15.786025;3180024
1223;07:34:09.082;1.5;15.783185;3179452
1224;07:34:09.252;1.5;15.786740;3180168
1225;07:34:09.421;4.4;15.784893;3179796
1226;07:34:09.591;3.2;15.784198;3179656
1227;07:34:09.761;3.2;15.784556;3179508
1228;07:34:09.930;3.1;15.787613;3180344
1229;07:34:10.099;3.1;15.786442;3180108
1230;07:34:10.269;4.5;15.785965;3180068
1231;07:34:10.438;3.0;15.787057;3179792
1232;07:34:10.608;3.1;15.786283;3180076
1233;07:34:10.778;3.0;15.785489;3179916
1234;07:34:10.948;4.5;15.786918;3180204
1235;07:34:11.119;4.5;15.786243;3180068
1236;07:34:11.289;4.6;15.788150;3180452
1237;07:34:11.458;3.0;15.785449;3179908
1238;07:34:11.628;3.0;15.784039;3179860
1239;07:34:11.797;3.0;15.783801;3179356
1240;07:34:11.965;1.5;15.784516;3179720
1241;07:34:12.135;1.6;15.784059;3179628
1242;07:34:12.305;3.1;15.782788;3179152
1243;07:34:12.474;3.1;15.783980;3179652
1244;07:34:12.644;1.6;15.781795;3179432
1245;07:34:12.813;1.6;15.782034;3179220
1246;07:34:12.983;1.6;15.784853;3179568
1247;07:34:13.154;4.5;15.783722;3179560
1248;07:34:13.323;1.6;15.784774;3179772
1249;07:34:13.493;1.6;15.784734;3179764
1250;07:34:13.663;0.0;15.784536;3179724
1251;07:34:13.832;3.1;15.783185;3179892
1252;07:34:14.001;3.1;15.784000;3179396
1253;07:34:14.171;3.1;15.784397;3179696
1254;07:34:14.341;4.5;15.785687;3179736
1255;07:34:14.510;1.6;15.789440;3180272
1256;07:34:14.680;1.4;15.786938;3180208
1257;07:34:14.850;1.6;15.786362;3180092
1258;07:34:15.020;1.5;15.786640;3180148
1259;07:34:15.189;4.4;15.785588;3179952
1260;07:34:15.358;1.6;15.785707;3179960
1261;07:34:15.528;1.6;15.785191;3179636
1262;07:34:15.697;0.0;15.783861;3179588
1263;07:34:15.866;1.6;15.784933;3179584
1264;07:34:16.036;1.6;15.784119;3179640
1265;07:34:16.206;0.0;15.788447;3180072
1266;07:34:16.376;1.4;15.784417;3179700
1267;07:34:16.546;1.6;15.783841;3179584
1268;07:34:16.715;3.1;15.782431;3179300
1269;07:34:16.885;0.0;15.784655;3179748
1270;07:34:17.056;1.6;15.786521;3180124
1271;07:34:17.226;3.1;15.786482;3179896
1272;07:34:17.395;3.2;15.781498;3179112
1273;07:34:17.565;1.6;15.780604;3178964
1274;07:34:17.734;0.0;15.779730;3178756
1275;07:34:17.904;4.5;15.783841;3179584
1276;07:34:18.073;1.6;15.786124;3179824
1277;07:34:18.242;1.6;15.783106;3179672
1278;07:34:18.411;1.6;15.783106;3179436
1279;07:34:18.581;3.1;15.784198;3179656
1280;07:34:18.751;1.6;15.782610;3179564
1281;07:34:18.921;3.1;15.783940;3179528
1282;07:34:19.091;1.6;15.781815;3179176
1283;07:34:19.261;1.6;15.781974;3179476
1284;07:34:19.430;0.0;15.785807;3179980
1285;07:34:19.600;1.6;15.786541;3179908
1286;07:34:19.770;1.6;15.785211;3179640
1287;07:34:19.939;1.5;15.789599;3180524
1288;07:34:20.108;3.1;15.786839;3179968
1289;07:34:20.277;1.5;15.787177;3180036
1290;07:34:20.447;3.1;15.785529;3179924
1291;07:34:20.616;1.5;15.783960;3179608
1292;07:34:20.786;1.6;15.784913;3179800
1293;07:34:20.958;3.1;15.786362;3179872
1294;07:34:21.127;4.5;15.787852;3180172
1295;07:34:21.299;1.5;15.785489;3179916
1296;07:34:21.468;1.6;15.786760;3180172
1297;07:34:21.640;3.0;15.787613;3180124
1298;07:34:21.810;4.5;15.785648;3179948
1299;07:34:21.979;0.0;15.784913;3179864
1300;07:34:22.149;3.2;15.788328;3180488
1301;07:34:22.318;3.1;15.782987;3179412
1302;07:34:22.489;3.1;15.784456;3179936
1303;07:34:22.661;1.6;15.786343;3180088
1304;07:34:22.830;4.6;15.787276;3180276
1305;07:34:23.000;1.4;15.785151;3179848
1306;07:34:23.171;0.0;15.787077;3180236
1307;07:34:23.341;1.6;15.785032;3179824
1308;07:34:23.511;3.0;15.784794;3179776
1309;07:34:23.680;3.0;15.785191;3179856
1310;07:34:23.850;1.6;15.784913;3179840
1311;07:34:24.019;3.1;15.783960;3179388
1312;07:34:24.189;0.0;15.782689;3179644
1313;07:34:24.359;2.7;15.781756;3179164
1314;07:34:24.529;3.1;15.785032;3179824
1315;07:34:24.699;3.0;15.784913;3179800
1316;07:34:24.868;3.0;15.782193;3179252
1317;07:34:25.037;1.5;15.783602;3180072
1318;07:34:25.207;3.1;15.786303;3179860
1319;07:34:25.377;1.6;15.786779;3179956
1320;07:34:25.546;3.0;15.785926;3180004
1321;07:34:25.716;4.5;15.785926;3180004
1322;07:34:25.886;3.1;15.784615;3179740
1323;07:34:26.055;3.1;15.785449;3179908
1324;07:34:26.225;0.0;15.784695;3179756
1325;07:34:26.394;3.1;15.785906;3180000
1326;07:34:26.563;1.5;15.786879;3180196
1327;07:34:26.733;1.5;15.785846;3179988
1328;07:34:26.902;3.1;15.787296;3180280
1329;07:34:27.072;3.1;15.787514;3180324
1330;07:34:27.242;3.0;15.787117;3180024
1331;07:34:27.412;3.1;15.783702;3179556
1332;07:34:27.582;3.2;15.783622;3179888
1333;07:34:27.752;1.5;15.784774;3179772
1334;07:34:27.922;3.1;15.787276;3180056
1335;07:34:28.091;1.6;15.787097;3180240
1336;07:34:28.261;1.5;15.784734;3179764
1337;07:34:28.430;1.6;15.781875;3179188
1338;07:34:28.600;3.1;15.785211;3179860
1339;07:34:28.769;3.0;15.785985;3179796
1340;07:34:28.939;3.1;15.784873;3179792
1341;07:34:29.109;1.5;15.788527;3180308
1342;07:34:29.278;1.5;15.788169;3180456
1343;07:34:29.447;3.2;15.788169;3180456
1344;07:34:29.616;6.1;15.785668;3180196
1345;07:34:29.786;1.6;15.786561;3180132
1346;07:34:29.955;3.0;15.785509;3179920
1347;07:34:30.126;0.0;15.784099;3179896
1348;07:34:30.298;1.6;15.784873;3179792
1349;07:34:30.467;4.5;15.786045;3179808
1350;07:34:30.636;1.6;15.783424;3179500
1351;07:34:30.806;0.0;15.784436;3179704
1352;07:34:30.977;4.6;15.786998;3180220
1353;07:34:31.147;3.1;15.785668;3179952
1354;07:34:31.317;3.1;15.785787;3179756
1355;07:34:31.487;1.5;15.787574;3180260
1356;07:34:31.657;1.6;15.783444;3179284
1357;07:34:31.826;1.5;15.785707;3179960
1358;07:34:31.996;1.6;15.785012;3179844
1359;07:34:32.165;1.6;15.785449;3179908
1360;07:34:32.335;4.6;15.786760;3179952
1361;07:34:32.505;1.6;15.785826;3179984
1362;07:34:32.675;4.7;15.784198;3179900
1363;07:34:32.845;1.6;15.787474;3180096
1364;07:34:33.014;1.5;15.786918;3180204
1365;07:34:33.184;3.1;15.786839;3179968
1366;07:34:33.353;3.1;15.786323;3180084
1367;07:34:33.522;0.0;15.787415;3180304
1368;07:34:33.691;1.5;15.786124;3180044
1369;07:34:33.861;3.1;15.786760;3180172
1370;07:34:34.031;3.1;15.786958;3180212
1371;07:34:34.201;1.5;15.787435;3180308
1372;07:34:34.370;3.0;15.787792;3180160
1373;07:34:34.540;3.0;15.788487;3180520
1374;07:34:34.710;7.6;15.783543;3179768
1375;07:34:34.880;3.1;15.786243;3180312
1376;07:34:35.051;1.6;15.789023;3180628
1377;07:34:35.221;1.6;15.784635;3179744
1378;07:34:35.391;0.0;15.783185;3179232
1379;07:34:35.560;1.6;15.784516;3179720
1380;07:34:35.729;1.6;15.784556;3179768
1381;07:34:35.898;1.6;15.785886;3179996
1382;07:34:36.068;4.6;15.787494;3180100
1383;07:34:36.237;3.1;15.785727;3179964
1384;07:34:36.406;1.6;15.787018;3180224
1385;07:34:36.575;0.0;15.788110;3180224
1386;07:34:36.745;0.0;15.788189;3180240
1387;07:34:36.914;1.6;15.785727;3180232
1388;07:34:37.085;4.6;15.788348;3180272
1389;07:34:37.254;1.6;15.788030;3180428
1390;07:34:37.424;0.0;15.784476;3179964
1391;07:34:37.594;1.6;15.785648;3179948
1392;07:34:37.763;1.6;15.785687;3179956
1393;07:34:37.932;3.1;15.785648;3179948
1394;07:34:38.101;1.6;15.785886;3180248
1395;07:34:38.271;3.0;15.785529;3180216
1396;07:34:38.440;1.5;15.784635;3179744
1397;07:34:38.609;0.0;15.785687;3179956
1398;07:34:38.779;1.6;15.786899;3180200
1399;07:34:38.948;4.4;15.786938;3180208
1400;07:34:39.117;1.6;15.786084;3179816
1401;07:34:39.286;1.6;15.785608;3179940
1402;07:34:39.456;3.0;15.785886;3179996
1403;07:34:39.625;3.1;15.785926;3180004
1404;07:34:39.794;1.6;15.785767;3179972
1405;07:34:39.963;3.1;15.785648;3179948
1406;07:34:40.133;3.1;15.787097;3180240
1407;07:34:40.302;1.6;15.785926;3180004
1408;07:34:40.471;0.0;15.786938;3180208
1409;07:34:40.640;3.0;15.784754;3179768
1410;07:34:40.810;1.6;15.785767;3179972
1411;07:34:40.979;1.5;15.787057;3180012
1412;07:34:41.148;1.5;15.784853;3180016
1413;07:34:41.318;0.0;15.786402;3180100
1414;07:34:41.489;2.9;15.787415;3180304
1415;07:34:41.658;0.0;15.787494;3180100
1416;07:34:41.827;0.0;15.788388;3180728
1417;07:34:41.997;1.5;15.784794;3179776
1418;07:34:42.167;1.6;15.787971;3180416
1419;07:34:42.337;4.5;15.784873;3180052
1420;07:34:42.507;3.1;15.783940;3179824
1421;07:34:42.677;2.9;15.786978;3180216
1422;07:34:42.847;3.1;15.785926;3180004
1423;07:34:43.016;3.0;15.784278;3179672
1424;07:34:43.185;4.5;15.787097;3180240
1425;07:34:43.354;3.1;15.788189;3180460
1426;07:34:43.529;1.5;15.789401;3180704
1427;07:34:43.704;1.5;15.789520;3180728
1428;07:34:43.879;3.0;15.789698;3180544
1429;07:34:44.051;6.4;15.788130;3180724
1430;07:34:44.228;6.1;15.782709;3179356
1431;07:34:44.403;5.9;15.784039;3179624
1432;07:34:44.574;1.5;15.786839;3180188
1433;07:34:44.744;1.5;15.788090;3180440
1434;07:34:44.914;1.5;15.788328;3180488
1435;07:34:45.083;0.0;15.789242;3180672
1436;07:34:45.254;1.6;15.788984;3180628
1437;07:34:45.423;9.4;15.702747;3163248
1438;07:34:45.593;19.0;15.795993;3181812
1439;07:34:45.765;3.1;15.797601;3182356
1440;07:34:45.935;2.9;15.798614;3182340
1441;07:34:46.106;4.7;15.798793;3182596
1442;07:34:46.275;1.6;15.796867;3182208
1443;07:34:46.445;1.6;15.796867;3182208
1444;07:34:46.614;1.6;15.795735;3181980
1445;07:34:46.784;1.6;15.797025;3182240
1446;07:34:46.953;1.5;15.797025;3182240
1447;07:34:47.130;1.6;15.797343;3182304
1448;07:34:47.306;0.0;15.798594;3182784
1449;07:34:47.475;4.5;15.801811;3182984
1450;07:34:47.648;0.0;15.800441;3182928
1451;07:34:47.819;0.0;15.801533;3182928
1452;07:34:47.994;1.6;15.802863;3183416
1453;07:34:48.163;3.1;15.804114;3183700
1454;07:34:48.338;1.5;15.802228;3183288
1455;07:34:48.512;3.0;15.803796;3183604
1456;07:34:48.685;1.6;15.803836;3183392
1457;07:34:48.855;4.6;15.798832;3182604
1458;07:34:49.024;1.5;15.799766;3182572
1459;07:34:49.194;3.2;15.800202;3182880
1460;07:34:49.364;1.6;15.799031;3182644
1461;07:34:49.533;0.0;15.797800;3182396
1462;07:34:49.702;4.5;15.796013;3181816
1463;07:34:49.872;3.1;15.798316;3182500
1464;07:34:50.042;3.2;15.798594;3182336
1465;07:34:50.212;2.9;15.796092;3182052
1466;07:34:50.382;3.1;15.795695;3181972
1467;07:34:50.551;0.0;15.795814;3181996
1468;07:34:50.721;0.0;15.794365;3181768
1469;07:34:50.890;0.0;15.797184;3182052
1470;07:34:51.060;1.6;15.795616;3182248
1471;07:34:51.229;4.9;15.701059;3162728
1472;07:34:51.400;4.6;15.706182;3164200
1473;07:34:51.571;1.5;15.706996;3164104
1474;07:34:51.740;3.0;15.706996;3164104
1475;07:34:51.909;1.5;15.708049;3164316
1476;07:34:52.079;0.0;15.708406;3164372
1477;07:34:52.249;1.6;15.708565;3164420
1478;07:34:52.418;3.1;15.707115;3164168
1479;07:34:52.589;0.0;15.705745;3163852
1480;07:34:52.758;4.6;15.705507;3163916
1481;07:34:52.933;1.6;15.706579;3164288
1482;07:34:53.102;4.5;15.707751;3164272
1483;07:34:53.273;4.5;15.709319;3164572
1484;07:34:53.443;0.0;15.707433;3164192
1485;07:34:53.614;3.1;15.706341;3163972
1486;07:34:53.784;1.7;15.705864;3163876
1487;07:34:53.956;3.1;15.708525;3164192
1488;07:34:54.126;3.1;15.706639;3164032
1489;07:34:54.298;1.6;15.709359;3164580
1490;07:34:54.469;1.6;15.708049;3163876
1491;07:34:54.638;1.6;15.708525;3164412
1492;07:34:54.808;1.6;15.709260;3164560
1493;07:34:54.982;1.6;15.711682;3165284
1494;07:34:55.152;4.6;15.707115;3164584
1495;07:34:55.322;3.1;15.708247;3164600
1496;07:34:55.498;4.5;15.709538;3164616
1497;07:34:55.674;3.0;15.713330;3165380
1498;07:34:55.849;1.5;15.712238;3165160
1499;07:34:56.028;3.2;15.712933;3165300
1500;07:34:56.197;3.1;15.710352;3164780
1501;07:34:56.373;4.4;15.710352;3164804
1502;07:34:56.553;5.8;15.710272;3164544
1503;07:34:56.732;1.5;15.708168;3164624
1504;07:34:56.906;3.1;15.706758;3164056
1505;07:34:57.077;3.1;15.709617;3164452
1506;07:34:57.249;3.1;15.710948;3164460
1507;07:34:57.421;0.0;15.706877;3164340
1508;07:34:57.597;1.6;15.707929;3164292
1509;07:34:57.768;2.9;15.708565;3164200
1510;07:34:57.939;0.0;15.706063;3163948
1511;07:34:58.115;1.5;15.706381;3163980
1512;07:34:58.284;3.1;15.708783;3164244
1513;07:34:58.454;1.6;15.703938;3163672
1514;07:34:58.624;0.0;15.705050;3163712
1515;07:34:58.795;1.6;15.706500;3164004
1516;07:34:58.965;0.0;15.705884;3163880
1517;07:34:59.135;0.0;15.707195;3164144
1518;07:34:59.304;0.0;15.704911;3163684
1519;07:34:59.475;3.1;15.706083;3163920
1520;07:34:59.645;1.6;15.705884;3163264
1521;07:34:59.815;1.5;15.705269;3163788
1522;07:34:59.985;1.5;15.703343;3163368
1523;07:35:00.155;4.6;15.704196;3163084
1524;07:35:00.326;4.8;15.702747;3163248
1525;07:35:00.496;4.5;15.703283;3163356
1526;07:35:00.666;3.1;15.703859;3163472
1527;07:35:00.835;3.0;15.705487;3163800
1528;07:35:01.005;4.5;15.705487;3163800
1529;07:35:01.175;1.6;15.706440;3163992
1530;07:35:01.344;3.1;15.705427;3163568
1531;07:35:01.515;7.5;15.705844;3163872
1532;07:35:01.743;3.0;15.705388;3164032
1533;07:35:01.913;3.1;15.705765;3163856
1534;07:35:02.082;1.6;15.708267;3164140
1535;07:35:02.251;1.5;15.707135;3163912
1536;07:35:02.421;3.0;15.706857;3164076
1537;07:35:02.591;3.1;15.706122;3163708
1538;07:35:02.761;2.7;15.704991;3163480
1539;07:35:02.931;3.0;15.703819;3163464
1540;07:35:03.100;1.6;15.703700;3163832
1541;07:35:03.269;1.6;15.707175;3164140
1542;07:35:03.440;1.6;15.706837;3164072
1543;07:35:03.609;3.1;15.706718;3164048
1544;07:35:03.778;1.6;15.706718;3164048
1545;07:35:03.947;1.6;15.706678;3163820
1546;07:35:04.117;0.0;15.705745;3163852
1547;07:35:04.286;3.1;15.706142;3163712
1548;07:35:04.455;1.5;15.705745;3163852
1549;07:35:04.624;10.8;15.698398;3162372
1550;07:35:04.794;4.8;15.717202;3166160
1551;07:35:04.964;6.2;15.718414;3166404
1552;07:35:05.133;4.7;15.714820;3165532
1553;07:35:05.305;6.2;15.717024;3166124
1554;07:35:05.474;8.2;15.716388;3165996
1555;07:35:05.648;0.0;15.711523;3165016
1556;07:35:05.819;3.0;15.713271;3165368
1557;07:35:05.988;1.5;15.713430;3165400
1558;07:35:06.158;3.0;15.714978;3165712
1559;07:35:06.327;3.1;15.713886;3165272
1560;07:35:06.496;1.6;15.714125;3165540
1561;07:35:06.665;3.1;15.714085;3165532
1562;07:35:06.834;1.6;15.714045;3165304
1563;07:35:07.004;1.6;15.714879;3165936
1564;07:35:07.173;3.1;15.715733;3165864
1565;07:35:07.342;1.6;15.716905;3166100
1566;07:35:07.512;1.6;15.715693;3165856
1567;07:35:07.681;0.0;15.715574;3165612
1568;07:35:07.850;1.5;15.717143;3166148
1569;07:35:08.019;3.1;15.716011;3165920
1570;07:35:08.189;1.6;15.714442;3165604
1571;07:35:08.358;3.1;15.713350;3165164
1572;07:35:08.528;1.5;15.710848;3164880
1573;07:35:08.698;3.1;15.710888;3164888
1574;07:35:08.867;0.0;15.713132;3165340
1575;07:35:09.036;1.5;15.712000;3165112
1576;07:35:09.205;1.5;15.711960;3165104
1577;07:35:09.375;3.1;15.715673;3165632
1578;07:35:09.544;0.0;15.714820;3165752
1579;07:35:09.713;0.0;15.714661;3165648
1580;07:35:09.882;0.0;15.713489;3165412
1581;07:35:10.051;1.6;15.716349;3165988
1582;07:35:10.220;4.7;15.715872;3165892
1583;07:35:10.390;3.1;15.715137;3165744
1584;07:35:10.559;1.5;15.714045;3165304
1585;07:35:10.729;1.6;15.715137;3165744
1586;07:35:10.898;1.5;15.715912;3165900
1587;07:35:11.068;0.0;15.713370;3165388
1588;07:35:11.238;3.1;15.712278;3165444
1589;07:35:11.407;3.2;15.712675;3165476
1590;07:35:11.577;3.1;15.713370;3165388
1591;07:35:11.748;1.6;15.713807;3165476
1592;07:35:11.917;1.5;15.714125;3165320
1593;07:35:12.086;3.0;15.713509;3165416
1594;07:35:12.256;3.0;15.713727;3165460
1595;07:35:12.425;3.2;15.713926;3165500
1596;07:35:12.594;0.0;15.713926;3165500
1597;07:35:12.765;1.6;15.713648;3165444
1598;07:35:12.934;2.9;15.713688;3165452
1599;07:35:13.103;1.6;15.715058;3165744
1600;07:35:13.272;1.5;15.713608;3165436
1601;07:35:13.441;1.5;15.712397;3165192
1602;07:35:13.611;3.1;15.712715;3165256
1603;07:35:13.780;2.9;15.715018;3165720
1604;07:35:13.949;1.5;15.713886;3165492
1605;07:35:14.119;0.0;15.713886;3165492
1606;07:35:14.288;1.6;15.716388;3165840
1607;07:35:14.459;1.6;15.715256;3165548
1608;07:35:14.629;1.6;15.713727;3165460
1609;07:35:14.798;3.1;15.714125;3165540
1610;07:35:14.967;0.0;15.713886;3165548
1611;07:35:15.137;1.6;15.714978;3165712
1612;07:35:15.306;1.6;15.712794;3165272
1613;07:35:15.477;1.6;15.714125;3165540
1614;07:35:15.648;3.1;15.708565;3164336
1615;07:35:15.818;1.5;15.712635;3165500
1616;07:35:15.987;1.5;15.716547;3166028
1617;07:35:16.157;1.6;15.714343;3165364
1618;07:35:16.326;0.0;15.717123;3166144
1619;07:35:16.496;3.1;15.715753;3165868
1620;07:35:16.665;0.0;15.716885;3165876
1621;07:35:16.834;3.1;15.716885;3166096
1622;07:35:17.003;1.6;15.716686;3166056
1623;07:35:17.173;0.0;15.715177;3165532
1624;07:35:17.343;1.5;15.715534;3165824
1625;07:35:17.512;1.6;15.715256;3165548
1626;07:35:17.682;1.6;15.714065;3165308
1627;07:35:17.851;1.6;15.715117;3165520
1628;07:35:18.020;3.0;15.716388;3165996
1629;07:35:18.190;1.6;15.716388;3165776
1630;07:35:18.359;1.5;15.715733;3165864
1631;07:35:18.528;3.1;15.716825;3166084
1632;07:35:18.697;1.6;15.715892;3165896
1633;07:35:18.866;1.6;15.714760;3165960
1634;07:35:19.036;1.6;15.716051;3165928
1635;07:35:19.205;0.0;15.714045;3165524
1636;07:35:19.374;3.1;15.715296;3165776
1637;07:35:19.543;0.0;15.716448;3166008
1638;07:35:19.713;1.6;15.716408;3165780
1639;07:35:19.882;1.6;15.716845;3166088
1640;07:35:20.051;1.5;15.716249;3165968
1641;07:35:20.221;1.5;15.716289;3166048
1642;07:35:20.390;4.7;15.715515;3165820
1643;07:35:20.559;1.6;15.716289;3165976
1644;07:35:20.728;0.0;15.715038;3165724
1645;07:35:20.898;0.0;15.713787;3165472
1646;07:35:21.068;0.0;15.712457;3165488
1647;07:35:21.238;3.1;15.716289;3165976
1648;07:35:21.407;3.1;15.716607;3166040
1649;07:35:21.577;1.6;15.716329;3166276
1650;07:35:21.747;1.5;15.715435;3165804
1651;07:35:21.917;1.5;15.716527;3166024
1652;07:35:22.086;1.6;15.716527;3166024
1653;07:35:22.256;3.1;15.716368;3165992
1654;07:35:22.425;1.4;15.717818;3166064
1655;07:35:22.594;0.0;15.716567;3165948
1656;07:35:22.763;1.6;15.714542;3165624
1657;07:35:22.934;1.6;15.713449;3165648
1658;07:35:23.103;3.1;15.715673;3165852
1659;07:35:23.272;3.1;15.715713;3165860
1660;07:35:23.441;1.6;15.715832;3165884
1661;07:35:23.611;1.6;15.715515;3165820
1662;07:35:23.780;0.0;15.715634;3165844
1663;07:35:23.949;0.0;15.716924;3165884
1664;07:35:24.119;1.5;15.715534;3165824
1665;07:35:24.289;1.6;15.716785;3165856
1666;07:35:24.458;4.7;15.718612;3166444
1667;07:35:24.627;3.0;15.717262;3166172
1668;07:35:24.796;1.6;15.717063;3166132
1669;07:35:24.966;3.0;15.716944;3166108
1670;07:35:25.135;1.6;15.717024;3166124
1671;07:35:25.304;0.0;15.714959;3165708
1672;07:35:25.473;1.6;15.714661;3165648
1673;07:35:25.643;1.6;15.715991;3165916
1674;07:35:25.812;4.5;15.715455;3165588
1675;07:35:25.981;0.0;15.715773;3165872
1676;07:35:26.151;1.5;15.715773;3165872
1677;07:35:26.320;1.6;15.714641;3165920
1678;07:35:26.489;1.6;15.717262;3166172
1679;07:35:26.658;1.6;15.715614;3165840
1680;07:35:26.828;0.0;15.715495;3165816
1681;07:35:26.998;0.0;15.715693;3165636
1682;07:35:27.167;3.1;15.715773;3165872
1683;07:35:27.337;1.6;15.715574;3165832
1684;07:35:27.507;1.5;15.714800;3166252
1685;07:35:27.677;1.5;15.718155;3166132
1686;07:35:27.846;3.1;15.717381;3166196
1687;07:35:28.016;3.1;15.716905;3166100
1688;07:35:28.185;1.5;15.716984;3166116
1689;07:35:28.354;3.1;15.715654;3166124
1690;07:35:28.524;0.0;15.714720;3165660
1691;07:35:28.693;1.6;15.718473;3166416
1692;07:35:28.862;1.5;15.718314;3166384
1693;07:35:29.031;1.6;15.717997;3166320
1694;07:35:29.201;1.6;15.716984;3166116
1695;07:35:29.370;3.1;15.717341;3166188
1696;07:35:29.539;1.5;15.717381;3166196
1697;07:35:29.709;1.5;15.717182;3166228
1698;07:35:29.879;3.0;15.718155;3166352
1699;07:35:30.048;0.0;15.715614;3165840
1700;07:35:30.218;1.6;15.714482;3165612
1701;07:35:30.387;3.0;15.715495;3165596
1702;07:35:30.556;3.0;15.714919;3165700
1703;07:35:30.726;3.1;15.715733;3153984
1704;07:35:30.897;7.8;15.717719;3166264
1705;07:35:31.067;3.0;15.716289;3165976
1706;07:35:31.237;1.6;15.712417;3165440
1707;07:35:31.407;1.5;15.715197;3165860
1708;07:35:31.576;1.5;15.716031;3165924
1709;07:35:31.746;3.0;15.717321;3166016
1710;07:35:31.921;0.0;15.716646;3166048
1711;07:35:32.091;1.5;15.717858;3166292
1712;07:35:32.260;7.5;15.702111;3163120
1713;07:35:32.434;6.2;15.711226;3165232
1714;07:35:32.603;1.6;15.709577;3164624
1715;07:35:32.773;1.5;15.712754;3165044
1716;07:35:32.943;1.6;15.711305;3164972
1717;07:35:33.112;1.6;15.712556;3165004
1718;07:35:33.282;0.0;15.713847;3165264
1719;07:35:33.452;2.9;15.713171;3165348
1720;07:35:33.621;1.6;15.712576;3165228
1721;07:35:33.791;3.1;15.711464;3165004
1722;07:35:33.961;1.6;15.710054;3164980
1723;07:35:34.132;4.5;15.712794;3165524
1724;07:35:34.302;1.5;15.714045;3165524
1725;07:35:34.473;3.0;15.713072;3165580
1726;07:35:34.643;3.1;15.715058;3165752
1727;07:35:34.812;1.6;15.714899;3165476
1728;07:35:34.981;1.6;15.714363;3165840
1729;07:35:35.150;3.2;15.710352;3164780
1730;07:35:35.320;3.0;15.713330;3165380
1731;07:35:35.490;1.6;15.714581;3165908
1732;07:35:35.659;1.6;15.715554;3165828
1733;07:35:35.828;0.0;15.716686;3166056
1734;07:35:35.998;3.1;15.716805;3166080
1735;07:35:36.167;1.5;15.715793;3165876
1736;07:35:36.337;1.6;15.716031;3165704
1737;07:35:36.507;5.8;15.714542;3165852
1738;07:35:36.676;12.7;15.795060;3182632
1739;07:35:36.848;18.8;15.807708;3184392
1740;07:35:37.019;1.6;15.807490;3184348
1741;07:35:37.191;3.2;15.809654;3185036
1742;07:35:37.361;1.6;15.809853;3184824
1743;07:35:37.530;0.0;15.810568;3184748
1744;07:35:37.701;3.2;15.810151;3184884
1745;07:35:37.870;1.6;15.808582;3184348
1746;07:35:38.039;3.1;15.807450;3184340
1747;07:35:38.209;1.5;15.810905;3185036
1748;07:35:38.379;3.1;15.811342;3184904
1749;07:35:38.549;1.6;15.811263;3184888
1750;07:35:38.719;1.6;15.811461;3184928
1751;07:35:38.889;6.2;15.809694;3184792
1752;07:35:39.059;3.1;15.809753;3184804
1753;07:35:39.228;2.9;15.810865;3185028
1754;07:35:39.398;0.0;15.809773;3185060
1755;07:35:39.568;3.1;15.812950;3185228
1756;07:35:39.738;3.1;15.810985;3185052
1757;07:35:39.908;0.0;15.810707;3184996
1758;07:35:40.077;3.1;15.809654;3185068
1759;07:35:40.248;3.0;15.810885;3185032
1760;07:35:40.417;0.0;15.809595;3184828
1761;07:35:40.586;1.6;15.812216;3185080
1762;07:35:40.756;1.6;15.809912;3184616
1763;07:35:40.925;1.5;15.811600;3185176
1764;07:35:41.094;1.5;15.810309;3184916
1765;07:35:41.264;0.0;15.809912;3184836
1766;07:35:41.434;3.0;15.810349;3184924
1767;07:35:41.605;1.6;15.810349;3185144
1768;07:35:41.775;1.6;15.810290;3184912
1769;07:35:41.944;1.6;15.810448;3184944
1770;07:35:42.114;1.6;15.809892;3184832
1771;07:35:42.283;0.0;15.809892;3184832
1772;07:35:42.453;1.6;15.810210;3184896
1773;07:35:42.623;3.1;15.812057;3185048
1774;07:35:42.792;1.6;15.810190;3184980
1775;07:35:42.962;0.0;15.811263;3184888
1776;07:35:43.131;1.6;15.811421;3185140
1777;07:35:43.300;1.6;15.808800;3184612
1778;07:35:43.469;1.6;15.811382;3185132
1779;07:35:43.639;0.0;15.813308;3185300
1780;07:35:43.809;1.6;15.811064;3185068
1781;07:35:43.978;3.0;15.810985;3184832
1782;07:35:44.149;1.6;15.811183;3184872
1783;07:35:44.319;0.0;15.811580;3184952
1784;07:35:44.488;0.0;15.810985;3185052
1785;07:35:44.658;3.1;15.812672;3185392
1786;07:35:44.827;1.6;15.810488;3184952
1787;07:35:44.997;1.6;15.810210;3184896
1788;07:35:45.167;0.0;15.811461;3184928
1789;07:35:45.336;0.0;15.810270;3184908
1790;07:35:45.505;4.6;15.808939;3184640
1791;07:35:45.674;3.1;15.810071;3184868
1792;07:35:45.844;0.0;15.811322;3185120
1793;07:35:46.013;3.1;15.811243;3184884
1794;07:35:46.182;3.1;15.811521;3185160
1795;07:35:46.351;1.6;15.811481;3185152
1796;07:35:46.521;0.0;15.810826;3185288
1797;07:35:46.691;3.1;15.809972;3184624
1798;07:35:46.862;3.1;15.808780;3184608
1799;07:35:47.033;1.6;15.807768;3184476
1800;07:35:47.202;0.0;15.810111;3184876
1801;07:35:47.371;3.0;15.810031;3184860
1802;07:35:47.540;0.0;15.809376;3184728
1803;07:35:47.710;1.5;15.810667;3184988
1804;07:35:47.879;1.5;15.810786;3184792
1805;07:35:48.048;3.1;15.810349;3184924
1806;07:35:48.217;1.5;15.808820;3184616
1807;07:35:48.387;0.0;15.809873;3184828
1808;07:35:48.556;1.6;15.810667;3184988
1809;07:35:48.725;3.1;15.811163;3185088
1810;07:35:48.895;0.0;15.812732;3185412
1811;07:35:49.065;0.0;15.811362;3185128
1812;07:35:49.234;1.6;15.812573;3185372
1813;07:35:49.403;0.0;15.810389;3184932
1814;07:35:49.573;3.1;15.810587;3184972
1815;07:35:49.742;1.5;15.810826;3185280
1816;07:35:49.912;1.5;15.811282;3185112
1817;07:35:50.081;0.0;15.809992;3185152
1818;07:35:50.251;3.1;15.808820;3184616
1819;07:35:50.421;0.0;15.810190;3184892
1820;07:35:50.590;0.0;15.811560;3185168
1821;07:35:50.761;1.6;15.810329;3184920
1822;07:35:50.931;4.7;15.810885;3184904
1823;07:35:51.102;4.6;15.809535;3184760
1824;07:35:51.271;1.6;15.807371;3184324
1825;07:35:51.442;0.0;15.808542;3184560
1826;07:35:51.613;3.1;15.806636;3184176
1827;07:35:51.782;1.6;15.808979;3184648
1828;07:35:51.952;4.4;15.808363;3184524
1829;07:35:52.121;1.6;15.809654;3184784
1830;07:35:52.291;3.1;15.810091;3184652
1831;07:35:52.460;1.6;15.806993;3184248
1832;07:35:52.630;0.0;15.805901;3184028
1833;07:35:52.799;3.1;15.808205;3184052
1834;07:35:52.969;1.6;15.807152;3184336
1835;07:35:53.138;0.0;15.807589;3184148
1836;07:35:53.307;1.5;15.811143;3185084
1837;07:35:53.477;3.1;15.809773;3184808
1838;07:35:53.646;3.2;15.811143;3184864
1839;07:35:53.816;1.6;15.809813;3185108
1840;07:35:53.986;3.1;15.812434;3185124
1841;07:35:54.155;0.0;15.811143;3184864
1842;07:35:54.325;1.6;15.810051;3184864
1843;07:35:54.494;3.1;15.808761;3184604
1844;07:35:54.665;1.6;15.806616;3184464
1845;07:35:54.834;1.5;15.811501;3184936
1846;07:35:55.005;0.0;15.809773;3184808
1847;07:35:55.174;1.6;15.811302;3185116
1848;07:35:55.345;4.7;15.807629;3184376
1849;07:35:55.515;1.6;15.807589;3184368
1850;07:35:55.684;3.1;15.809515;3184756
1851;07:35:55.854;3.1;15.809396;3184512
1852;07:35:56.024;0.0;15.808741;3184868
1853;07:35:56.194;1.5;15.812613;3185380
1854;07:35:56.364;1.5;15.811481;3184932
1855;07:35:56.534;1.5;15.810270;3184688
1856;07:35:56.704;3.1;15.808443;3184540
1857;07:35:56.874;0.0;15.810865;3184808
1858;07:35:57.044;3.0;15.809892;3184832
1859;07:35:57.213;1.5;15.809138;3184680
1860;07:35:57.382;1.5;15.810627;3184980
1861;07:35:57.552;3.0;15.809535;3184760
1862;07:35:57.721;0.0;15.809495;3184752
1863;07:35:57.891;0.0;15.809475;3184748
1864;07:35:58.060;4.5;15.808026;3184456
1865;07:35:58.230;1.6;15.807847;3184200
1866;07:35:58.400;0.0;15.809138;3184680
1867;07:35:58.569;1.5;15.809297;3184712
1868;07:35:58.738;1.6;15.811104;3185076
1869;07:35:58.908;0.0;15.811223;3184880
1870;07:35:59.078;0.0;15.811104;3184856
1871;07:35:59.248;1.5;15.809237;3184480
1872;07:35:59.419;1.6;15.808105;3184472
1873;07:35:59.590;4.5;15.809158;3184684
1874;07:35:59.760;9.4;15.710570;3164392
1875;07:35:59.936;0.0;15.712020;3165116
1876;07:36:00.106;1.6;15.711424;3165280
1877;07:36:00.275;1.5;15.713847;3165264
1878;07:36:00.445;3.1;15.711623;3165036
1879;07:36:00.614;6.2;15.710253;3164540
1880;07:36:00.784;1.5;15.709240;3164556
1881;07:36:00.955;3.0;15.709438;3164596
1882;07:36:01.124;1.6;15.709915;3164692
1883;07:36:01.296;3.0;15.711921;3165096
1884;07:36:01.473;1.6;15.710272;3164544
1885;07:36:01.649;1.6;15.710848;3165140
1886;07:36:01.821;0.0;15.712060;3165124
1887;07:36:01.990;1.6;15.711504;3164792
1888;07:36:02.159;4.6;15.710372;3164784
1889;07:36:02.328;1.5;15.711623;3165328
1890;07:36:02.499;1.6;15.710253;3164760
1891;07:36:02.668;1.5;15.711980;3165108
1892;07:36:02.841;4.5;15.711504;3165012
1893;07:36:03.014;4.8;15.709438;3164864
1894;07:36:03.185;3.1;15.711365;3164984
1895;07:36:03.363;1.7;15.713410;3165176
1896;07:36:03.536;5.2;15.715098;3165736
1897;07:36:03.708;5.2;15.711047;3164700
1898;07:36:03.883;5.7;15.712556;3165224
1899;07:36:04.061;4.5;15.711226;3164956
1900;07:36:04.238;1.7;15.709518;3164612
1901;07:36:04.409;3.4;15.706678;3164080
1902;07:36:04.585;4.5;15.709736;3164656
1903;07:36:04.760;1.6;15.712298;3165172
1904;07:36:04.930;1.5;15.712139;3164700
1905;07:36:05.099;1.6;15.709101;3164812
1906;07:36:05.269;1.6;15.708803;3164468
1907;07:36:05.439;4.5;15.707016;3164108
1908;07:36:05.609;3.2;15.708465;3164400
1909;07:36:05.779;1.6;15.708505;3164652
1910;07:36:05.949;3.1;15.707790;3164516
1911;07:36:06.119;1.3;15.708426;3164392
1912;07:36:06.289;0.0;15.708962;3164280
1913;07:36:06.459;1.6;15.705864;3163876
1914;07:36:06.628;0.0;15.705904;3163884
1915;07:36:06.798;0.0;15.706301;3163964
1916;07:36:06.967;3.1;15.706361;3164000
1917;07:36:07.138;1.5;15.705864;3164120
1918;07:36:07.309;1.5;15.709776;3164444
1919;07:36:07.478;1.4;15.706956;3163876
1920;07:36:07.648;1.5;15.707552;3164216
1921;07:36:07.817;3.1;15.708446;3163956
1922;07:36:07.986;0.0;15.705745;3163852
1923;07:36:08.155;3.0;15.705447;3163572
1924;07:36:08.325;3.0;15.707830;3164336
1925;07:36:08.494;3.1;15.708346;3164376
1926;07:36:08.664;1.6;15.708068;3164320
1927;07:36:08.833;4.7;15.707215;3164148
1928;07:36:09.002;3.0;15.705844;3163652
1929;07:36:09.171;3.2;15.706778;3164060
1930;07:36:09.341;3.1;15.709319;3164352
1931;07:36:09.510;2.9;15.708307;3164368
1932;07:36:09.680;1.5;15.708068;3164320
1933;07:36:09.849;2.9;15.708585;3164424
1934;07:36:10.019;6.2;15.709101;3164528
1935;07:36:10.190;4.5;15.707354;3164704
1936;07:36:10.360;1.6;15.708843;3164476
1937;07:36:10.529;0.0;15.708644;3164436
1938;07:36:10.699;3.0;15.707393;3164184
1939;07:36:10.870;1.5;15.711345;3164980
1940;07:36:11.040;1.6;15.705646;3164084
1941;07:36:11.210;12.3;15.709399;3164368
1942;07:36:11.380;1.6;15.709061;3164520
1943;07:36:11.549;1.6;15.706281;3164216
1944;07:36:11.718;0.0;15.708644;3164436
1945;07:36:11.888;1.5;15.707552;3164776
1946;07:36:12.063;3.1;15.710173;3164744
1947;07:36:12.232;7.7;15.705189;3163992
1948;07:36:12.406;6.2;15.711702;3165052
1949;07:36:12.576;6.5;15.707771;3164260
1950;07:36:12.746;3.2;15.710769;3164644
1951;07:36:12.916;1.5;15.711305;3164752
1952;07:36:13.086;0.0;15.710292;3164768
1953;07:36:13.256;3.0;15.708704;3164448
1954;07:36:13.488;1.6;15.707671;3164240
1955;07:36:13.658;1.5;15.707532;3164212
1956;07:36:13.828;1.6;15.707890;3164284
1957;07:36:13.997;0.0;15.707413;3164188
1958;07:36:14.167;2.9;15.706321;3163968
1959;07:36:14.337;3.2;15.691429;3161724
1960;07:36:14.508;4.7;15.710769;3164644
1961;07:36:14.678;1.5;15.708664;3164440
1962;07:36:14.848;6.2;15.704911;3163928
1963;07:36:15.022;17.2;15.800937;3182588
1964;07:36:15.192;4.6;15.799726;3183044
1965;07:36:15.362;1.6;15.801056;3183060
1966;07:36:15.531;0.0;15.799507;3183008
1967;07:36:15.701;0.0;15.801017;3183044
1968;07:36:15.870;4.5;15.801056;3182832
1969;07:36:16.041;0.0;15.801592;3183160
1970;07:36:16.211;3.0;15.801592;3183160
1971;07:36:16.380;1.5;15.802804;3183404
1972;07:36:16.550;3.1;15.802804;3183184
1973;07:36:16.719;3.0;15.800222;3183128
1974;07:36:16.889;4.6;15.801791;3183200
1975;07:36:17.059;3.0;15.801870;3183468
1976;07:36:17.229;1.5;15.801156;3183072
1977;07:36:17.398;4.5;15.800957;3183284
1978;07:36:17.567;4.5;15.801334;3183108
1979;07:36:17.737;3.1;15.802585;3183360
1980;07:36:17.907;1.6;15.802407;3183324
1981;07:36:18.077;3.1;15.803201;3183264
1982;07:36:18.247;1.5;15.800361;3182912
1983;07:36:18.417;3.1;15.800282;3183188
1984;07:36:18.587;3.1;15.801930;3183228
1985;07:36:18.758;1.6;15.802943;3183432
1986;07:36:18.927;3.1;15.803379;3183520
1987;07:36:19.097;1.5;15.801851;3183212
1988;07:36:19.267;3.0;15.801692;3183180
1989;07:36:19.437;1.6;15.801851;3183212
1990;07:36:19.607;2.9;15.803300;3183504
1991;07:36:19.777;1.6;15.801851;3182992
1992;07:36:19.947;3.0;15.802923;3183428
1993;07:36:20.118;1.5;15.804650;3183556
1994;07:36:20.287;3.0;15.803558;3183556
1995;07:36:20.458;3.1;15.800639;3182764
1996;07:36:20.628;1.5;15.799388;3182976
1997;07:36:20.798;3.2;15.802188;3183524
1998;07:36:20.967;1.6;15.800778;3182776
1999;07:36:21.137;3.0;15.800143;3182868
2000;07:36:21.307;1.5;15.802486;3183340
2001;07:36:21.477;1.5;15.799646;3183012
2002;07:36:21.647;0.0;15.801116;3183324
2003;07:36:21.817;3.1;15.803856;3183396
2004;07:36:21.987;4.5;15.803379;3183520
2005;07:36:22.155;1.6;15.802168;3183056
2006;07:36:22.324;0.0;15.800441;3182928
2007;07:36:22.494;1.6;15.802943;3183432
2008;07:36:22.662;0.0;15.801255;3183336
2009;07:36:22.832;1.6;15.803757;3183596
2010;07:36:23.001;1.6;15.803181;3183480
2011;07:36:23.170;4.5;15.802268;3183296
2012;07:36:23.339;0.0;15.802704;3183164
2013;07:36:23.509;1.6;15.801910;3183224
2014;07:36:23.679;1.6;15.801036;3183048
2015;07:36:23.851;4.8;15.806815;3184212
2016;07:36:24.025;1.7;15.804452;3183736
2017;07:36:24.196;3.1;15.801156;3183072
2018;07:36:24.366;1.6;15.796787;3182604
2019;07:36:24.538;1.6;15.799865;3182812
2020;07:36:24.709;1.5;15.799309;3182700
2021;07:36:24.879;3.0;15.799349;3183016
2022;07:36:25.049;4.7;15.800341;3182908
2023;07:36:25.219;3.1;15.801751;3182972
2024;07:36:25.389;0.0;15.801175;3183076
2025;07:36:25.560;2.9;15.800024;3182844
2026;07:36:25.731;1.6;15.802446;3183332
2027;07:36:25.901;3.2;15.800480;3182936
2028;07:36:26.071;3.1;15.801513;3183144
2029;07:36:26.242;1.6;15.800560;3182952
2030;07:36:26.413;1.6;15.799190;3182920
2031;07:36:26.583;4.5;15.801036;3183048
2032;07:36:26.752;3.1;15.799825;3182804
2033;07:36:26.922;3.2;15.802387;3183100
2034;07:36:27.092;3.3;15.801910;3183224
2035;07:36:27.264;1.5;15.799051;3182648
2036;07:36:27.435;3.1;15.801195;3182860
2037;07:36:27.605;1.6;15.802347;3183312
2038;07:36:27.774;1.5;15.801136;3183068
2039;07:36:27.944;1.6;15.801652;3182952
2040;07:36:28.113;3.2;15.800540;3182872
2041;07:36:28.283;0.0;15.802248;3183292
2042;07:36:28.454;0.0;15.802407;3183104
2043;07:36:28.624;1.5;15.799885;3182816
2044;07:36:28.794;1.5;15.799686;3182776
2045;07:36:28.965;1.6;15.801334;3183108
2046;07:36:29.135;0.0;15.803638;3183572
2047;07:36:29.304;3.0;15.802228;3183288
2048;07:36:29.475;3.3;15.802069;3183256
2049;07:36:29.645;1.7;15.800659;3182752
2050;07:36:29.816;0.0;15.799210;3182924
2051;07:36:29.986;1.6;15.801990;3183240
2052;07:36:30.156;3.0;15.802188;3183280
2053;07:36:30.325;0.0;15.802069;3183036
2054;07:36:30.494;1.5;15.800580;3182956
2055;07:36:30.663;1.6;15.801990;3183020
2056;07:36:30.833;3.1;15.801255;3182872
2057;07:36:31.002;4.6;15.799726;3183052
2058;07:36:31.172;0.0;15.800778;3182996
2059;07:36:31.341;3.1;15.800778;3183232
2060;07:36:31.510;1.5;15.800739;3182988
2061;07:36:31.680;1.6;15.803360;3183296
2062;07:36:31.850;1.5;15.801175;3183076
2063;07:36:32.019;1.5;15.802466;3183336
2064;07:36:32.188;3.0;15.800937;3183028
2065;07:36:32.357;1.6;15.798137;3182244
2066;07:36:32.527;0.0;15.799428;3182724
2067;07:36:32.697;1.6;15.801890;3183496
2068;07:36:32.866;1.6;15.800878;3183276
2069;07:36:33.036;1.6;15.801314;3183104
2070;07:36:33.206;3.0;15.800838;3183008
2071;07:36:33.377;3.3;15.800520;3182740
2072;07:36:33.550;1.6;15.799388;3182960
2073;07:36:33.720;1.6;15.801612;3183164
2074;07:36:33.889;1.5;15.804213;3183468
2075;07:36:34.060;1.5;15.803102;3183464
2076;07:36:34.230;1.6;15.799924;3182824
2077;07:36:34.402;3.1;15.798396;3182516
2078;07:36:34.573;1.6;15.799269;3182692
2079;07:36:34.743;0.0;15.800778;3182996
2080;07:36:34.912;0.0;15.801175;3183312
2081;07:36:35.081;1.6;15.801473;3183136
2082;07:36:35.250;1.5;15.802724;3183168
2083;07:36:35.420;1.6;15.802685;3183160
2084;07:36:35.589;0.0;15.798316;3182500
2085;07:36:35.758;3.1;15.801156;3183600
2086;07:36:35.929;3.2;15.802268;3183516
2087;07:36:36.100;1.6;15.804313;3183708
2088;07:36:36.269;3.1;15.802903;3183424
2089;07:36:36.438;1.6;15.802824;3183188
2090;07:36:36.608;3.0;15.802585;3183360
2091;07:36:36.780;4.6;15.801235;3182864
2092;07:36:36.950;1.6;15.801712;3182968
2093;07:36:37.120;1.5;15.798872;3182612
2094;07:36:37.290;1.6;15.799924;3182824
2095;07:36:37.459;3.0;15.802546;3183352
2096;07:36:37.629;1.5;15.801056;3183052
2097;07:36:37.799;1.6;15.800163;3183132
2098;07:36:37.969;1.6;15.800600;3182960
2099;07:36:38.138;0.0;15.799924;3182824
2100;07:36:38.308;1.6;15.802506;3183344
2101;07:36:38.477;1.5;15.801096;3183060
2102;07:36:38.646;1.6;15.801017;3182824
2103;07:36:38.817;1.6;15.798554;3182548
2104;07:36:38.987;0.0;15.801295;3183100
2105;07:36:39.157;1.6;15.800580;3182956
2106;07:36:39.326;1.6;15.803201;3183264
2107;07:36:39.495;1.6;15.803320;3183508
2108;07:36:39.665;1.5;15.804611;3183768
2109;07:36:39.834;1.5;15.802903;3183204
2110;07:36:40.004;4.6;15.804551;3183756
2111;07:36:40.173;1.6;15.801771;3182976
2112;07:36:40.342;1.6;15.800520;3182944
2113;07:36:40.512;3.0;15.801870;3183216
2114;07:36:40.681;1.4;15.801453;3183132
2115;07:36:40.851;1.5;15.801592;3182720
2116;07:36:41.020;1.4;15.801573;3183156
2117;07:36:41.189;1.5;15.802943;3183432
2118;07:36:41.360;1.5;15.798415;3182300
2119;07:36:41.530;3.1;15.800063;3182852
2120;07:36:41.700;3.1;15.801195;3182860
2121;07:36:41.869;4.4;15.800917;3183036
2122;07:36:42.040;4.5;15.800163;3182944
2123;07:36:42.210;1.6;15.803102;3183244
2124;07:36:42.380;3.0;15.800500;3182940
2125;07:36:42.550;4.5;15.800520;3183188
2126;07:36:42.719;0.0;15.803280;3183500
2127;07:36:42.888;5.7;15.802089;3183260
2128;07:36:43.057;1.6;15.802466;3183336
2129;07:36:43.226;1.6;15.800242;3182888
2130;07:36:43.396;5.7;15.797641;3182364
2131;07:36:43.565;0.0;15.798991;3182896
2132;07:36:43.736;5.6;15.800063;3182852
2133;07:36:43.907;17.5;15.803102;3183464
2134;07:36:44.077;1.5;15.803260;3183496
2135;07:36:44.247;1.6;15.803240;3183272
2136;07:36:44.416;0.0;15.800659;3182972
2137;07:36:44.585;1.6;15.803121;3183468
2138;07:36:44.755;1.6;15.801890;3183000
2139;07:36:44.925;1.5;15.801712;3182964
2140;07:36:45.094;3.1;15.800897;3182800
2141;07:36:45.263;2.9;15.801672;3183176
2142;07:36:45.433;0.0;15.804015;3183428
2143;07:36:45.602;1.6;15.801314;3183104
2144;07:36:45.773;3.1;15.802109;3183044
2145;07:36:45.945;4.7;15.800977;3183036
2146;07:36:46.116;1.7;15.801672;3183176
2147;07:36:46.286;3.2;15.805425;3183932
2148;07:36:46.456;3.2;15.807311;3184092
2149;07:36:46.628;3.1;15.804750;3183576
2150;07:36:46.798;0.0;15.804908;3183604
2151;07:36:46.967;1.6;15.803419;3183528
2152;07:36:47.135;1.6;15.807629;3184156
2153;07:36:47.305;3.0;15.807708;3183952
2154;07:36:47.475;1.6;15.804432;3183732
2155;07:36:47.644;0.0;15.805484;3183724
2156;07:36:47.816;1.6;15.804114;3183668
2157;07:36:47.986;4.5;15.807291;3184088
2158;07:36:48.157;3.1;15.804928;3183612
2159;07:36:48.326;0.0;15.806140;3184076
2160;07:36:48.495;1.5;15.805167;3183880
2161;07:36:48.664;0.0;15.806338;3183896
2162;07:36:48.833;1.4;15.805008;3183628
2163;07:36:49.003;1.6;15.803340;3184080
2164;07:36:49.173;1.6;15.804372;3183964
2165;07:36:49.342;1.6;15.806179;3184084
2166;07:36:49.511;1.6;15.805524;3183952
2167;07:36:49.681;0.0;15.804928;3183832
2168;07:36:49.851;0.0;15.804789;3183804
2169;07:36:50.021;3.3;15.806457;3184140
2170;07:36:50.191;3.2;15.806001;3183828
2171;07:36:50.362;1.7;15.804352;3183492
2172;07:36:50.532;1.6;15.803201;3183484
2173;07:36:50.702;1.5;15.803260;3183720
2174;07:36:50.872;3.1;15.802744;3183392
2175;07:36:51.042;1.6;15.805047;3183636
2176;07:36:51.211;3.0;15.803221;3183488
2177;07:36:51.380;1.6;15.805107;3183868
2178;07:36:51.550;1.5;15.805643;3183976
2179;07:36:51.719;0.0;15.805524;3183952
2180;07:36:51.888;1.5;15.804233;3183952
2181;07:36:52.057;0.0;15.810548;3184744
2182;07:36:52.227;3.0;15.805901;3184028
2183;07:36:52.397;1.5;15.806954;3184240
2184;07:36:52.567;1.6;15.807351;3184320
2185;07:36:52.736;0.0;15.806140;3184352
2186;07:36:52.906;0.0;15.805981;3184044
2187;07:36:53.075;1.5;15.803935;3183632
2188;07:36:53.245;1.6;15.804630;3183772
2189;07:36:53.415;1.6;15.803062;3183456
2190;07:36:53.585;3.1;15.803399;3183304
2191;07:36:53.754;1.5;15.803240;3183736
2192;07:36:53.923;1.6;15.806914;3184012
2193;07:36:54.092;3.1;15.805087;3183888
2194;07:36:54.261;0.0;15.804769;3183800
2195;07:36:54.431;0.0;15.806140;3184076
2196;07:36:54.600;0.0;15.804968;3183840
2197;07:36:54.770;4.5;15.806140;3184076
2198;07:36:54.939;1.6;15.804849;3183816
2199;07:36:55.109;0.0;15.805127;3183652
2200;07:36:55.279;1.6;15.803677;3183580
2201;07:36:55.449;0.0;15.803638;3183572
2202;07:36:55.618;1.6;15.803757;3183596
2203;07:36:55.787;1.6;15.805008;3183848
2204;07:36:55.957;0.0;15.806219;3183872
2205;07:36:56.126;0.0;15.808026;3184456
2206;07:36:56.295;1.6;15.806298;3183888
2207;07:36:56.464;3.1;15.805087;3183864
2208;07:36:56.633;0.0;15.804889;3183824
2209;07:36:56.803;0.0;15.804730;3183792
2210;07:36:56.972;1.6;15.804690;3183784
2211;07:36:57.141;3.2;15.807728;3184192
2212;07:36:57.311;3.1;15.805186;3183884
2213;07:36:57.479;1.5;15.803598;3183564
2214;07:36:57.649;1.6;15.801692;3183440
2215;07:36:57.818;2.9;15.800123;3183344
2216;07:36:57.989;1.7;15.805603;3183748
2217;07:36:58.159;1.6;15.806080;3184064
2218;07:36:58.329;3.0;15.805603;3183748
2219;07:36:58.498;1.6;15.805603;3183748
2220;07:36:58.667;1.5;15.805266;3183680
2221;07:36:58.837;1.5;15.806517;3184436
2222;07:36:59.006;0.0;15.806715;3184192
2223;07:36:59.175;3.1;15.806993;3184028
2224;07:36:59.345;0.0;15.807152;3184524
2225;07:36:59.515;1.6;15.806060;3184352
2226;07:36:59.685;1.6;15.807470;3184416
2227;07:36:59.855;3.1;15.807927;3184216
2228;07:37:00.024;1.5;15.805544;3183736
2229;07:37:00.193;1.6;15.805425;3183712
2230;07:37:00.362;1.6;15.805385;3183704
2231;07:37:00.531;0.0;15.804055;3183656
2232;07:37:00.701;4.5;15.806715;3183972
2233;07:37:00.871;3.1;15.805226;3183672
2234;07:37:01.040;1.5;15.804412;3183508
2235;07:37:01.209;1.6;15.807927;3184436
2236;07:37:01.378;1.6;15.807807;3184412
2237;07:37:01.547;3.1;15.808622;3184356
2238;07:37:01.717;3.1;15.808165;3184484
2239;07:37:01.886;1.6;15.806775;3184204
2240;07:37:02.056;3.1;15.807867;3184424
2241;07:37:02.225;3.1;15.808423;3184536
2242;07:37:02.397;1.5;15.805167;3183880
2243;07:37:02.566;1.4;15.808344;3184520
2244;07:37:02.736;1.6;15.808304;3184512
2245;07:37:02.905;3.0;15.807172;3184284
2246;07:37:03.074;1.6;15.808820;3184616
2247;07:37:03.244;3.1;15.808423;3184316
2248;07:37:03.413;9.4;15.713608;3165684
2249;07:37:03.583;3.1;15.718513;3166204
2250;07:37:03.753;6.2;15.705030;3164204
2251;07:37:03.926;3.1;15.715376;3165792
2252;07:37:04.096;3.1;15.717818;3166064
2253;07:37:04.267;1.6;15.716924;3165884
2254;07:37:04.437;3.1;15.716031;3166452
2255;07:37:04.607;4.7;15.712953;3165304
2256;07:37:04.777;4.7;15.714144;3165544
2257;07:37:04.948;1.5;15.713092;3165332
2258;07:37:05.118;3.1;15.716587;3166036
2259;07:37:05.290;19.0;15.433910;3108872
