ID; Time; CPU %; MEM %; MEM KiB
1;11:18:03.899;17.2;19.583125;3945176
2;11:18:04.076;1.3;19.584892;3945092
3;11:18:04.249;1.5;19.587871;3946132
4;11:18:04.426;1.4;19.592874;3946896
5;11:18:04.596;4.4;19.593192;3946960
6;11:18:04.772;7.1;19.597084;3947744
7;11:18:04.958;3.0;19.593609;3947044
8;11:18:05.136;1.6;19.594205;3947164
9;11:18:05.305;0.0;19.595615;3947448
10;11:18:05.473;1.6;19.594503;3947004
11;11:18:05.643;3.2;19.593272;3946976
12;11:18:05.818;0.0;19.592457;3946812
13;11:18:05.990;5.0;19.592259;3946772
14;11:18:06.162;1.6;19.594106;3947144
15;11:18:06.332;0.0;19.600718;3948476
16;11:18:06.507;1.5;19.608502;3950044
17;11:18:06.682;1.6;19.594860;3947296
18;11:18:06.854;1.9;19.594145;3947152
19;11:18:07.023;1.7;19.598037;3947936
20;11:18:07.198;3.0;19.604927;3949324
21;11:18:07.376;0.0;19.614220;3951196
22;11:18:07.552;4.5;19.597799;3947460
23;11:18:07.725;1.7;19.595793;3947760
24;11:18:07.896;0.0;19.600043;3948120
25;11:18:08.070;3.3;19.596905;3947872
26;11:18:08.241;0.0;19.596766;3947680
27;11:18:08.412;1.9;19.596131;3947552
28;11:18:08.582;1.6;19.588824;3946080
29;11:18:08.752;0.0;19.588168;3945948
30;11:18:08.927;0.0;19.589102;3946136
31;11:18:09.100;1.6;19.590670;3946452
32;11:18:09.271;0.0;19.599348;3948200
33;11:18:09.451;3.3;19.611202;3950588
34;11:18:09.627;3.2;19.639934;3956408
35;11:18:09.803;2.9;19.670672;3964616
36;11:18:09.974;3.1;19.713562;3971208
37;11:18:10.145;1.5;19.743625;3977312
38;11:18:10.315;1.6;19.771384;3982856
39;11:18:10.486;1.6;19.802301;3989084
40;11:18:10.662;2.9;19.834290;3995764
41;11:18:10.838;1.5;19.868066;4002332
42;11:18:11.008;0.0;19.919593;4012492
43;11:18:11.176;1.5;19.948881;4018392
44;11:18:11.344;0.0;19.988316;4026556
45;11:18:11.514;2.9;20.017664;4032744
46;11:18:11.686;1.5;20.017446;4032676
47;11:18:11.862;1.5;20.019491;4032836
48;11:18:12.035;0.0;20.020007;4033200
49;11:18:12.211;1.5;20.023681;4033680
50;11:18:12.385;2.9;20.022152;4033372
51;11:18:12.562;1.5;20.024555;4033856
52;11:18:12.737;0.0;20.023304;4033384
53;11:18:12.911;2.9;20.022112;4033364
54;11:18:13.086;1.5;20.021636;4033268
55;11:18:13.262;1.5;20.021636;4033268
56;11:18:13.437;0.0;20.021794;4033300
57;11:18:13.612;3.0;20.024237;4033580
58;11:18:13.787;1.4;20.022589;4033460
59;11:18:13.966;3.0;20.024078;4034044
60;11:18:14.143;2.9;20.022946;4033532
61;11:18:14.321;1.5;20.023204;4033600
62;11:18:14.498;1.5;20.023085;4033560
63;11:18:14.674;1.5;20.022013;4033344
64;11:18:14.848;0.0;20.021655;4033052
65;11:18:15.026;1.5;20.018419;4032620
66;11:18:15.202;1.5;20.019690;4033136
67;11:18:15.378;1.5;20.020563;4033052
68;11:18:15.554;3.0;20.020563;4033044
69;11:18:15.730;0.0;20.020643;4033068
70;11:18:15.904;1.5;20.020762;4033092
71;11:18:16.080;1.5;20.020702;4033080
72;11:18:16.255;1.5;20.019948;4032928
73;11:18:16.434;1.5;20.019988;4032936
74;11:18:16.610;3.0;20.019134;4032764
75;11:18:16.786;2.9;20.018101;4032556
76;11:18:16.963;1.5;20.019432;4032824
77;11:18:17.138;0.0;20.020762;4033092
78;11:18:17.313;1.5;20.022092;4033360
79;11:18:17.493;0.0;20.022013;4033344
80;11:18:17.667;1.5;20.022013;4033344
81;11:18:17.844;1.5;20.022092;4033360
82;11:18:18.018;1.5;20.020285;4033248
83;11:18:18.194;1.5;20.024753;4033748
84;11:18:18.370;0.0;20.024138;4033620
85;11:18:18.548;3.0;20.022331;4033408
86;11:18:18.723;2.9;20.022112;4033364
87;11:18:18.899;0.0;20.018836;4032704
88;11:18:19.075;1.5;20.020047;4032948
89;11:18:19.250;0.0;20.020087;4032956
90;11:18:19.428;1.5;20.021338;4032912
91;11:18:19.605;1.5;20.018836;4032704
92;11:18:19.782;0.0;20.018538;4032644
93;11:18:19.958;1.5;20.019134;4032764
94;11:18:20.137;1.5;20.020424;4033024
95;11:18:20.313;0.0;20.019293;4032576
96;11:18:20.488;0.0;20.018200;4032576
97;11:18:20.666;0.0;20.019968;4032712
98;11:18:20.840;1.5;20.019551;4032848
99;11:18:21.015;1.5;20.019551;4032628
100;11:18:21.189;1.5;20.020424;4032804
101;11:18:21.363;1.5;20.020007;4032940
102;11:18:21.538;1.5;20.020007;4032940
103;11:18:21.713;1.5;20.020007;4032940
104;11:18:21.889;2.9;20.020166;4032824
105;11:18:22.065;3.0;20.018498;4032636
106;11:18:22.240;0.0;20.020424;4033024
107;11:18:22.415;1.5;20.021675;4033276
108;11:18:22.590;3.1;20.020643;4033068
109;11:18:22.761;1.5;20.019372;4032812
110;11:18:22.938;0.0;20.020623;4033064
111;11:18:23.116;1.5;20.020663;4033324
112;11:18:23.294;0.0;20.024416;4033828
113;11:18:23.471;1.5;20.025746;4034096
114;11:18:23.646;2.9;20.026441;4034016
115;11:18:23.822;1.5;20.026064;4033940
116;11:18:23.997;1.5;20.025865;4034120
117;11:18:24.174;1.5;20.024793;4033904
118;11:18:24.350;1.5;20.024833;4033912
119;11:18:24.526;1.5;20.026123;4034172
120;11:18:24.702;0.0;20.026024;4034152
121;11:18:24.877;1.4;20.026778;4034304
122;11:18:25.053;1.5;20.028983;4034748
123;11:18:25.225;1.5;20.028804;4034492
124;11:18:25.399;1.5;20.027890;4034528
125;11:18:25.575;1.5;20.027890;4034308
126;11:18:25.750;0.0;20.026878;4034324
127;11:18:25.927;3.0;20.026798;4034308
128;11:18:26.102;0.0;20.028347;4034620
129;11:18:26.277;0.0;20.028089;4034568
130;11:18:26.454;1.5;20.027910;4034532
131;11:18:26.629;1.5;20.026024;4034152
132;11:18:26.807;1.5;20.028307;4034612
133;11:18:26.982;3.0;20.028149;4034580
134;11:18:27.158;2.9;20.030194;4034772
135;11:18:27.338;3.0;20.028327;4034868
136;11:18:27.514;1.6;20.023860;4033648
137;11:18:27.686;4.4;20.019729;4033136
138;11:18:27.860;1.5;20.023482;4033640
139;11:18:28.035;1.5;20.023482;4033640
140;11:18:28.211;4.3;20.025210;4033840
141;11:18:28.389;1.4;20.025210;4034240
142;11:18:28.566;0.0;20.024336;4033980
143;11:18:28.741;0.0;20.025011;4034200
144;11:18:28.916;1.5;20.024753;4033676
145;11:18:29.091;0.0;20.024237;4033792
146;11:18:29.267;3.0;20.025528;4034052
147;11:18:29.442;1.5;20.023383;4033620
148;11:18:29.617;1.5;20.022807;4033756
149;11:18:29.794;1.5;20.024694;4033664
150;11:18:29.970;1.5;20.023681;4033680
151;11:18:30.146;3.0;20.023284;4033600
152;11:18:30.322;1.5;20.024018;4033748
153;11:18:30.498;1.5;20.024177;4033780
154;11:18:30.673;0.0;20.024694;4033664
155;11:18:30.851;1.5;20.022986;4033540
156;11:18:31.026;1.5;20.023740;4033692
157;11:18:31.202;3.0;20.024495;4033844
158;11:18:31.379;1.5;20.024416;4033828
159;11:18:31.552;1.5;20.023502;4033644
160;11:18:31.729;0.0;20.023582;4033660
161;11:18:31.906;3.0;20.023582;4033660
162;11:18:32.082;1.5;20.023582;4033440
163;11:18:32.258;3.0;20.023323;4033388
164;11:18:32.435;1.5;20.024833;4033912
165;11:18:32.610;0.0;20.024833;4033912
166;11:18:32.784;2.9;20.023820;4033708
167;11:18:32.959;1.5;20.023740;4033692
168;11:18:33.136;0.0;20.022271;4033396
169;11:18:33.311;3.0;20.025607;4034068
170;11:18:33.486;3.0;20.025528;4034052
171;11:18:33.661;1.5;20.024793;4033904
172;11:18:33.836;0.0;20.024872;4033920
173;11:18:34.014;3.0;20.024872;4033920
174;11:18:34.189;1.5;20.028784;4034708
175;11:18:34.367;1.5;20.028665;4034684
176;11:18:34.542;1.5;20.027930;4034536
177;11:18:34.717;0.0;20.025786;4034104
178;11:18:34.896;1.5;20.024138;4033772
179;11:18:35.071;3.0;20.024336;4033812
180;11:18:35.246;1.5;20.024376;4033820
181;11:18:35.422;1.5;20.024376;4033820
182;11:18:35.598;1.5;20.024376;4033820
183;11:18:35.773;1.5;20.023284;4033600
184;11:18:35.949;1.5;20.025984;4034144
185;11:18:36.126;0.0;20.024892;4033924
186;11:18:36.303;2.9;20.024892;4033924
187;11:18:36.478;1.5;20.024892;4033924
188;11:18:36.654;1.5;20.025369;4034020
189;11:18:36.830;0.0;20.025369;4034020
190;11:18:37.005;3.0;20.025369;4034020
191;11:18:37.180;2.8;20.026163;4033960
192;11:18:37.358;1.5;20.022946;4033532
193;11:18:37.531;0.0;20.023641;4033672
194;11:18:37.706;1.5;20.024177;4033780
195;11:18:37.884;0.0;20.025091;4033744
196;11:18:38.058;0.0;20.026977;4034124
197;11:18:38.234;0.0;20.027434;4034436
198;11:18:38.408;1.5;20.027156;4034380
199;11:18:38.585;0.0;20.025686;4034132
200;11:18:38.761;1.4;20.027275;4034184
201;11:18:38.938;1.5;20.026500;4034492
202;11:18:39.114;1.5;20.027751;4034500
203;11:18:39.290;3.0;20.027672;4034484
204;11:18:39.466;3.0;20.028764;4034704
205;11:18:39.644;0.0;20.027513;4034232
206;11:18:39.819;1.5;20.027096;4034148
207;11:18:39.994;1.5;20.025706;4034088
208;11:18:40.170;1.5;20.027215;4034392
209;11:18:40.346;1.5;20.027632;4034476
210;11:18:40.522;0.0;20.027275;4034404
211;11:18:40.697;0.0;20.027136;4034376
212;11:18:40.874;0.0;20.028387;4034628
213;11:18:41.050;1.5;20.026778;4034304
214;11:18:41.226;1.5;20.032021;4035140
215;11:18:41.399;1.5;20.029797;4034912
216;11:18:41.575;1.5;20.029598;4034652
217;11:18:41.750;1.5;20.029916;4034936
218;11:18:41.927;1.5;20.031663;4035068
219;11:18:42.104;0.0;20.030174;4034692
220;11:18:42.280;4.6;20.026639;4034276
221;11:18:42.452;1.5;20.026282;4033908
222;11:18:42.631;1.5;20.024614;4033868
223;11:18:42.805;0.0;20.026699;4034068
224;11:18:42.982;1.5;20.025964;4034140
225;11:18:43.157;1.5;20.029161;4035108
226;11:18:43.333;1.5;20.028585;4034516
227;11:18:43.509;1.5;20.028049;4034812
228;11:18:43.685;0.0;20.030750;4034664
229;11:18:43.860;2.9;20.028943;4035008
230;11:18:44.037;1.5;20.029896;4034712
231;11:18:44.213;0.0;20.029419;4034836
232;11:18:44.386;1.5;20.031623;4035280
233;11:18:44.562;2.9;20.032299;4035292
234;11:18:44.742;3.0;20.030928;4035140
235;11:18:44.917;1.5;20.030154;4034984
236;11:18:45.091;1.5;20.028546;4034660
237;11:18:45.270;1.5;20.027751;4034500
238;11:18:45.446;6.0;20.026500;4034248
239;11:18:45.623;1.5;20.028427;4034636
240;11:18:45.798;1.5;20.028427;4034636
241;11:18:45.972;1.5;20.027334;4034416
242;11:18:46.150;1.4;20.027334;4034416
243;11:18:46.326;0.0;20.027493;4034448
244;11:18:46.503;0.0;20.027533;4034456
245;11:18:46.678;0.0;20.027116;4034372
246;11:18:46.855;1.5;20.027116;4034372
247;11:18:47.030;1.4;20.026778;4034304
248;11:18:47.206;0.0;20.027136;4034376
249;11:18:47.380;5.6;20.025885;4034124
250;11:18:47.558;1.5;20.025885;4034116
251;11:18:47.734;1.5;20.026083;4034164
252;11:18:47.908;2.9;20.025964;4034140
253;11:18:48.083;1.5;20.024912;4033928
254;11:18:48.258;1.5;20.025170;4033980
255;11:18:48.434;1.5;20.026699;4034288
256;11:18:48.611;0.0;20.025528;4034052
257;11:18:48.785;1.5;20.025607;4034068
258;11:18:48.962;1.6;20.029678;4034888
259;11:18:49.131;1.5;20.030194;4034992
260;11:18:49.299;1.5;20.030075;4034748
261;11:18:49.467;1.6;20.029360;4034824
262;11:18:49.636;1.5;20.029638;4034660
263;11:18:49.804;0.0;20.028923;4034736
264;11:18:49.972;1.4;20.028605;4034452
265;11:18:50.140;1.3;20.027414;4034432
266;11:18:50.308;0.0;20.071058;4043240
267;11:18:50.477;0.0;20.134063;4055916
268;11:18:50.646;0.0;20.174451;4064052
269;11:18:50.815;4.4;20.591576;4147340
270;11:18:50.983;1.5;20.607124;4151212
271;11:18:51.152;1.6;20.617291;4153260
272;11:18:51.321;1.6;20.660141;4161892
273;11:18:51.490;1.6;20.662643;4162396
274;11:18:51.660;0.0;20.703150;4170556
275;11:18:51.828;0.0;20.703150;4170336
276;11:18:51.997;3.1;20.703726;4170672
277;11:18:52.166;0.0;20.702753;4170476
278;11:18:52.335;0.0;20.705314;4170992
279;11:18:52.503;1.6;20.705573;4171044
280;11:18:52.673;0.0;20.704341;4170796
281;11:18:52.842;1.5;20.705751;4170860
282;11:18:53.010;0.0;20.704480;4170824
283;11:18:53.178;0.0;20.704480;4170824
284;11:18:53.346;0.0;20.704480;4170604
285;11:18:53.515;1.6;20.705255;4170980
286;11:18:53.685;1.6;20.705414;4171012
287;11:18:53.854;3.2;20.705255;4170980
288;11:18:54.024;3.0;20.707955;4171524
289;11:18:54.192;1.5;20.707876;4171760
290;11:18:54.368;1.5;20.711629;4172264
291;11:18:54.543;3.0;20.711629;4172264
292;11:18:54.722;3.1;20.712840;4172508
293;11:18:54.900;1.5;20.714091;4172760
294;11:18:55.078;1.4;20.713356;4172612
295;11:18:55.258;1.5;20.711629;4172264
296;11:18:55.434;1.5;20.712780;4172616
297;11:18:55.608;1.5;20.711589;4172256
298;11:18:55.786;1.5;20.711609;4172260
299;11:18:55.959;1.6;20.708591;4171432
300;11:18:56.129;1.5;20.709167;4171548
301;11:18:56.300;1.6;20.706982;4171328
302;11:18:56.469;1.6;20.705890;4171108
303;11:18:56.637;0.0;20.707896;4171512
304;11:18:56.806;0.0;20.707896;4171512
305;11:18:56.976;3.1;20.708829;4171700
306;11:18:57.146;1.6;20.708154;4171564
307;11:18:57.316;1.6;20.712165;4172372
308;11:18:57.485;3.0;20.714667;4172876
309;11:18:57.666;3.1;20.715203;4173048
310;11:18:57.836;1.6;20.714945;4172712
311;11:18:58.004;3.1;20.714051;4172752
312;11:18:58.173;3.0;20.713178;4172576
313;11:18:58.347;1.5;20.713178;4172576
314;11:18:58.525;1.5;20.715838;4173112
315;11:18:58.701;2.9;20.715679;4173080
316;11:18:58.878;3.0;20.717288;4173404
317;11:18:59.055;0.0;20.715084;4172740
318;11:18:59.231;1.5;20.715461;4173036
319;11:18:59.409;0.0;20.715481;4173040
320;11:18:59.584;5.8;20.715024;4172948
321;11:18:59.762;0.0;20.715024;4172948
322;11:18:59.937;1.5;20.713932;4172728
323;11:19:00.117;1.5;20.715342;4173012
324;11:19:00.293;1.5;20.715342;4172792
325;11:19:00.469;3.0;20.715878;4173120
326;11:19:00.643;1.5;20.715580;4173060
327;11:19:00.819;1.6;20.712840;4172508
328;11:19:00.990;1.5;20.716772;4173460
329;11:19:01.164;1.6;20.716831;4173312
330;11:19:01.332;0.0;20.716831;4173312
331;11:19:01.502;0.0;20.715858;4173116
332;11:19:01.671;0.0;20.718817;4173712
333;11:19:01.841;3.1;20.716633;4173272
334;11:19:02.010;3.2;20.716633;4173272
335;11:19:02.179;1.6;20.716414;4173228
336;11:19:02.348;0.0;20.717824;4173512
337;11:19:02.521;6.2;20.715124;4172748
338;11:19:02.692;5.8;20.715183;4172980
339;11:19:02.865;10.8;20.716732;4173292
340;11:19:03.035;1.4;20.720385;4174028
341;11:19:03.206;5.9;20.712780;4172496
342;11:19:03.378;2.8;20.714846;4172912
343;11:19:03.551;1.5;20.714548;4172852
344;11:19:03.722;0.0;20.714885;4172920
345;11:19:03.892;1.7;20.714349;4172812
346;11:19:04.062;1.8;20.713555;4172984
347;11:19:04.233;0.0;20.711768;4172544
348;11:19:04.403;1.9;20.709782;4171892
349;11:19:04.576;1.9;20.708531;4172144
350;11:19:04.747;0.0;20.711470;4172232
351;11:19:04.920;1.9;20.710715;4172324
352;11:19:05.091;0.0;20.715759;4172700
353;11:19:05.264;1.9;20.717566;4173460
354;11:19:05.436;3.8;20.716851;4173096
355;11:19:05.608;1.9;20.715183;4172980
356;11:19:05.777;0.0;20.711390;4172464
357;11:19:05.949;1.9;20.714885;4172920
358;11:19:06.120;1.8;20.714468;4172776
359;11:19:06.291;1.9;20.713654;4172672
360;11:19:06.464;1.9;20.712423;4172424
361;11:19:06.637;1.9;20.711668;4172272
362;11:19:06.807;0.0;20.712860;4172452
363;11:19:06.978;1.9;20.712880;4172516
364;11:19:07.148;1.8;20.712205;4172380
365;11:19:07.319;1.8;20.713595;4172836
366;11:19:07.490;0.0;20.712542;4172624
367;11:19:07.661;1.9;20.712979;4172548
368;11:19:07.834;0.0;20.712085;4172060
369;11:19:08.005;1.8;20.711311;4172200
370;11:19:08.177;1.8;20.712900;4172520
371;11:19:08.349;1.7;20.712919;4172684
372;11:19:08.522;0.0;20.717189;4173384
373;11:19:08.696;3.1;20.716672;4173280
374;11:19:08.871;0.0;20.713793;4172868
375;11:19:09.041;1.8;20.713158;4172572
376;11:19:09.212;1.7;20.711410;4172220
377;11:19:09.384;1.7;20.714151;4172772
378;11:19:09.556;1.8;20.714508;4172996
379;11:19:09.730;0.0;20.712979;4172536
380;11:19:09.901;0.0;20.713297;4172600
381;11:19:10.073;0.0;20.713336;4172608
382;11:19:10.245;1.7;20.716911;4173328
383;11:19:10.416;1.6;20.714806;4172904
384;11:19:10.588;4.8;20.714409;4173268
385;11:19:10.759;3.0;20.713992;4172740
386;11:19:10.927;1.6;20.742923;4178568
387;11:19:11.096;4.6;20.797409;4189356
388;11:19:11.266;3.0;20.885889;4207368
389;11:19:11.434;1.5;20.978182;4225960
390;11:19:11.603;1.5;21.092000;4248888
391;11:19:11.770;0.0;21.200019;4270308
392;11:19:11.940;1.6;21.259251;4282580
393;11:19:12.108;0.0;21.385340;4307980
394;11:19:12.276;3.1;21.487462;4328552
395;11:19:12.444;4.7;21.542404;4339620
396;11:19:12.612;1.6;21.615496;4354596
397;11:19:12.782;1.6;21.618097;4354868
398;11:19:12.952;1.6;21.627767;4356816
399;11:19:13.121;3.2;21.625941;4356448
400;11:19:13.289;1.6;21.627192;4356700
401;11:19:13.458;1.6;21.627192;4356700
402;11:19:13.627;1.6;21.641429;4359568
403;11:19:13.796;1.6;21.640337;4359348
404;11:19:13.965;0.0;21.638152;4358908
405;11:19:14.134;3.1;21.638430;4358744
406;11:19:14.303;1.5;21.649888;4361272
407;11:19:14.472;2.9;21.669585;4365240
408;11:19:14.641;0.0;21.669665;4365500
409;11:19:14.811;0.0;21.698198;4371240
410;11:19:14.980;1.6;21.986952;4433236
411;11:19:15.150;0.0;22.071401;4446224
412;11:19:15.319;0.0;22.076028;4447168
413;11:19:15.489;1.6;22.076187;4447148
414;11:19:15.657;1.6;22.076762;4447264
415;11:19:15.826;1.6;22.074995;4446908
416;11:19:15.995;0.0;22.074360;4446780
417;11:19:16.163;0.0;22.075094;4446708
418;11:19:16.331;0.0;22.106210;4453196
419;11:19:16.500;1.6;22.105058;4452964
420;11:19:16.668;1.6;22.104681;4452668
421;11:19:16.837;0.0;22.104303;4452812
422;11:19:17.006;2.9;22.106448;4453048
423;11:19:17.174;1.5;22.106388;4453232
424;11:19:17.342;0.0;22.106646;4453284
425;11:19:17.511;1.6;22.108156;4453588
426;11:19:17.683;3.0;22.109208;4453800
427;11:19:17.857;0.0;22.109526;4453864
428;11:19:18.031;1.5;22.110737;4454108
429;11:19:18.205;2.9;22.111372;4454256
430;11:19:18.383;1.5;22.113139;4454372
431;11:19:18.561;0.0;22.113596;4454576
432;11:19:18.733;2.7;22.108672;4452560
433;11:19:18.911;3.1;22.102913;4452532
434;11:19:19.080;0.0;22.104244;4452800
435;11:19:19.249;1.5;22.103966;4452744
436;11:19:19.423;3.0;22.106944;4453344
437;11:19:19.593;1.6;22.106090;4453172
438;11:19:19.766;4.8;22.110459;4454304
439;11:19:19.936;3.2;22.110836;4454128
440;11:19:20.106;1.5;22.109784;4453916
441;11:19:20.275;4.4;22.108950;4453528
442;11:19:20.443;2.9;22.112167;4454396
443;11:19:20.612;3.2;22.112067;4454528
444;11:19:20.785;4.5;22.111730;4454308
445;11:19:20.955;14.7;22.111015;4454408
446;11:19:21.126;11.4;22.114013;4454768
447;11:19:21.295;1.4;22.121142;4456204
448;11:19:21.472;1.3;22.128489;4457684
449;11:19:21.649;6.0;22.111491;4454260
450;11:19:21.819;6.1;22.111650;4454292
451;11:19:21.989;1.4;22.115939;4455156
452;11:19:22.168;2.8;22.123445;4456668
453;11:19:22.342;1.4;22.125570;4457096
454;11:19:22.513;7.4;22.107500;4453456
455;11:19:22.689;3.3;22.113656;4454696
456;11:19:22.861;2.0;22.114390;4454844
457;11:19:23.033;2.0;22.113616;4454688
458;11:19:23.204;0.0;22.112961;4454628
459;11:19:23.374;1.8;22.119831;4456344
460;11:19:23.546;1.6;22.140045;4460012
461;11:19:23.717;1.7;22.178428;4467876
462;11:19:23.887;0.0;22.198800;4472000
463;11:19:24.056;0.0;22.232278;4478592
464;11:19:24.225;1.7;22.254379;4483044
465;11:19:24.395;3.3;22.274533;4487104
466;11:19:24.567;3.2;22.305410;4493324
467;11:19:24.736;1.5;22.346076;4501516
468;11:19:24.903;0.0;22.376417;4507628
469;11:19:25.071;0.0;22.418095;4516024
470;11:19:25.239;1.5;22.448436;4522136
471;11:19:25.407;0.0;22.492537;4531020
472;11:19:25.575;0.0;22.534137;4539400
473;11:19:25.743;0.0;22.575974;4547828
474;11:19:25.910;0.0;22.617335;4556160
475;11:19:26.078;1.6;22.656671;4564084
476;11:19:26.247;1.5;22.680757;4568936
477;11:19:26.420;0.0;22.681591;4568884
478;11:19:26.597;1.5;22.682365;4569260
479;11:19:26.771;0.0;22.680658;4568916
480;11:19:26.950;1.5;22.679566;4568696
481;11:19:27.123;1.5;22.679566;4568936
482;11:19:27.300;1.5;22.680916;4568748
483;11:19:27.475;1.5;22.684192;4569628
484;11:19:27.650;0.0;22.681174;4569020
485;11:19:27.825;1.5;22.685463;4569884
486;11:19:28.002;1.5;22.684073;4569604
487;11:19:28.178;0.0;22.684232;4569636
488;11:19:28.354;1.5;22.681809;4569148
489;11:19:28.530;1.5;22.681968;4569180
490;11:19:28.707;1.5;22.683219;4569432
491;11:19:28.882;0.0;22.681313;4569048
492;11:19:29.055;2.9;22.683001;4569388
493;11:19:29.233;1.5;22.683080;4569404
494;11:19:29.408;0.0;22.683636;4569768
495;11:19:29.586;0.0;22.684391;4569668
496;11:19:29.760;1.5;22.685185;4569528
497;11:19:29.935;2.9;22.683696;4569836
498;11:19:30.114;0.0;22.683041;4569396
499;11:19:30.289;1.5;22.681571;4569344
500;11:19:30.464;1.5;22.684033;4569080
501;11:19:30.645;0.0;22.679208;4568624
502;11:19:30.821;1.5;22.679367;4568436
503;11:19:30.997;1.5;22.680221;4568828
504;11:19:31.171;1.6;22.681512;4569348
505;11:19:31.345;1.5;22.683338;4569456
506;11:19:31.519;3.0;22.683001;4569404
507;11:19:31.694;2.9;22.680976;4569264
508;11:19:31.869;1.5;22.681174;4569020
509;11:19:32.046;0.0;22.681472;4568860
510;11:19:32.222;1.5;22.679228;4568644
511;11:19:32.399;0.0;22.678116;4568404
512;11:19:32.574;1.5;22.677421;4568176
513;11:19:32.753;0.0;22.676905;4568160
514;11:19:32.930;0.0;22.678156;4568412
515;11:19:33.106;0.0;22.678235;4568428
516;11:19:33.279;1.5;22.678394;4568460
517;11:19:33.454;1.5;22.678513;4568484
518;11:19:33.633;2.9;22.677620;4568304
519;11:19:33.809;1.5;22.676528;4568084
520;11:19:33.981;3.2;22.675019;4567780
521;11:19:34.150;1.5;22.676270;4568032
522;11:19:34.326;1.5;22.677918;4568364
523;11:19:34.503;3.0;22.678037;4568388
524;11:19:34.679;1.5;22.679109;4568384
525;11:19:34.855;2.9;22.677441;4568520
526;11:19:35.033;0.0;22.677858;4568352
527;11:19:35.210;1.5;22.680717;4569196
528;11:19:35.386;1.5;22.680618;4568908
529;11:19:35.561;3.0;22.680459;4568876
530;11:19:35.737;0.0;22.682882;4569364
531;11:19:35.913;4.4;22.682961;4569160
532;11:19:36.090;1.5;22.682346;4569256
533;11:19:36.267;1.5;22.680539;4568892
534;11:19:36.443;1.5;22.682187;4569076
535;11:19:36.618;0.0;22.681234;4569032
536;11:19:36.794;1.5;22.679824;4568748
537;11:19:36.972;0.0;22.680976;4568980
538;11:19:37.146;1.5;22.678692;4568520
539;11:19:37.322;1.5;22.677620;4568304
540;11:19:37.495;1.5;22.676488;4568076
541;11:19:37.673;1.5;22.675515;4567880
542;11:19:37.850;0.0;22.675019;4567560
543;11:19:38.025;1.5;22.675376;4567852
544;11:19:38.202;1.5;22.676627;4568356
545;11:19:38.378;0.0;22.677798;4568340
546;11:19:38.554;1.5;22.677798;4568340
547;11:19:38.730;3.0;22.678037;4568388
548;11:19:38.906;0.0;22.677302;4568524
549;11:19:39.081;2.9;22.677421;4568044
550;11:19:39.257;0.0;22.676488;4567856
551;11:19:39.433;3.0;22.676587;4568096
552;11:19:39.610;0.0;22.676587;4568096
553;11:19:39.784;0.0;22.677957;4568152
554;11:19:39.962;0.0;22.676865;4568152
555;11:19:40.138;1.5;22.679367;4568656
556;11:19:40.315;0.0;22.679367;4568656
557;11:19:40.491;1.4;22.681035;4568992
558;11:19:40.670;1.5;22.680439;4568872
559;11:19:40.846;1.5;22.680439;4568872
560;11:19:41.023;0.0;22.680439;4569140
561;11:19:41.198;0.0;22.681651;4568896
562;11:19:41.374;1.5;22.680896;4568964
563;11:19:41.550;1.5;22.679645;4568712
564;11:19:41.727;0.0;22.678553;4568492
565;11:19:41.901;1.5;22.679744;4568732
566;11:19:42.078;1.5;22.678136;4568408
567;11:19:42.254;0.0;22.678136;4568408
568;11:19:42.429;2.9;22.678136;4568408
569;11:19:42.605;0.0;22.679387;4568660
570;11:19:42.780;0.0;22.679387;4568660
571;11:19:42.956;1.5;22.680757;4568936
572;11:19:43.131;1.5;22.680757;4568716
573;11:19:43.309;1.5;22.679665;4568716
574;11:19:43.483;1.5;22.679665;4568716
575;11:19:43.661;1.5;22.679546;4568692
576;11:19:43.837;3.0;22.678295;4568440
577;11:19:44.014;4.5;22.679586;4568700
578;11:19:44.188;1.5;22.675277;4568084
579;11:19:44.365;6.3;22.742094;4581292
580;11:19:44.534;22.2;22.877694;4608616
581;11:19:44.703;22.7;22.886788;4610440
582;11:19:44.871;25.0;22.906228;4614136
583;11:19:45.038;25.8;22.915342;4616192
584;11:19:45.206;25.0;22.931862;4619520
585;11:19:45.374;23.8;22.948919;4622956
586;11:19:45.542;23.1;22.961885;4625348
587;11:19:45.710;23.1;22.976122;4628436
588;11:19:45.878;15.6;22.741002;4581072
589;11:19:46.049;4.7;22.750751;4583036
590;11:19:46.223;3.0;22.687171;4570228
591;11:19:46.401;1.5;22.686297;4570052
592;11:19:46.576;0.0;22.687608;4570168
593;11:19:46.751;2.9;22.685086;4569808
594;11:19:46.930;0.0;22.686496;4570192
595;11:19:47.103;3.0;22.690010;4570800
596;11:19:47.279;1.4;22.689891;4570776
597;11:19:47.457;2.9;22.689752;4570748
598;11:19:47.633;0.0;22.687310;4570036
599;11:19:47.808;1.5;22.687647;4570324
600;11:19:47.985;0.0;22.686198;4570032
601;11:19:48.158;0.0;22.685066;4569804
602;11:19:48.334;1.5;22.685225;4569836
603;11:19:48.510;1.5;22.685344;4569564
604;11:19:48.686;1.5;22.682723;4569332
605;11:19:48.862;1.5;22.684133;4569616
606;11:19:49.038;1.5;22.679327;4568580
607;11:19:49.212;4.4;22.676965;4568172
608;11:19:49.384;1.5;22.679546;4568692
609;11:19:49.562;0.0;22.682167;4569220
610;11:19:49.739;0.0;22.681214;4569028
611;11:19:49.914;1.5;22.682544;4569548
612;11:19:50.091;3.0;22.682465;4569280
613;11:19:50.268;0.0;22.682544;4569296
614;11:19:50.443;2.9;22.682465;4569280
615;11:19:50.618;0.0;22.682465;4569280
616;11:19:50.796;1.5;22.684351;4569660
617;11:19:50.974;1.5;22.684351;4569660
618;11:19:51.150;3.0;22.685801;4569952
619;11:19:51.326;0.0;22.685801;4569952
620;11:19:51.501;0.0;22.685801;4569952
621;11:19:51.678;0.0;22.683398;4569468
622;11:19:51.854;0.0;22.683358;4569460
623;11:19:52.030;1.5;22.683875;4569344
624;11:19:52.205;0.0;22.681829;4569152
625;11:19:52.382;0.0;22.681313;4569048
626;11:19:52.557;0.0;22.680082;4568800
627;11:19:52.733;0.0;22.680638;4568912
628;11:19:52.907;1.5;22.680122;4568588
629;11:19:53.082;1.5;22.678354;4568452
630;11:19:53.255;1.5;22.678076;4568396
631;11:19:53.430;3.0;22.676786;4568136
632;11:19:53.606;1.5;22.675694;4567916
633;11:19:53.780;0.0;22.675793;4568188
634;11:19:53.958;1.5;22.677084;4568196
635;11:19:54.133;1.5;22.681551;4569456
636;11:19:54.310;0.0;22.683299;4569448
637;11:19:54.486;0.0;22.681829;4569152
638;11:19:54.660;1.5;22.680400;4568864
639;11:19:54.838;1.5;22.679744;4568732
640;11:19:55.012;1.4;22.680995;4568984
641;11:19:55.190;1.5;22.684887;4569620
642;11:19:55.366;1.5;22.683716;4569384
643;11:19:55.543;0.0;22.683636;4569140
644;11:19:55.718;1.5;22.681591;4569104
645;11:19:55.893;1.5;22.682921;4569372
646;11:19:56.070;1.5;22.682921;4569372
647;11:19:56.246;1.5;22.681750;4569136
648;11:19:56.423;1.5;22.682326;4569252
649;11:19:56.600;1.5;22.681313;4569048
650;11:19:56.774;2.9;22.681591;4569104
651;11:19:56.950;1.5;22.680102;4568804
652;11:19:57.126;0.0;22.680102;4568804
653;11:19:57.300;2.9;22.680102;4568804
654;11:19:57.477;2.9;22.680102;4568804
655;11:19:57.654;0.0;22.679705;4568724
656;11:19:57.831;0.0;22.679705;4568724
657;11:19:58.006;1.5;22.679705;4568724
658;11:19:58.183;1.4;22.679705;4568724
659;11:19:58.358;1.5;22.679705;4568504
660;11:19:58.533;1.4;22.679169;4568616
661;11:19:58.709;1.5;22.677560;4568292
662;11:19:58.885;1.5;22.676349;4567828
663;11:19:59.059;0.0;22.677858;4568628
664;11:19:59.233;1.4;22.681611;4569108
665;11:19:59.410;1.5;22.681690;4569124
666;11:19:59.585;0.0;22.682862;4569360
667;11:19:59.761;1.5;22.682822;4569352
668;11:19:59.937;0.0;22.682008;4569496
669;11:20:00.114;0.0;22.682445;4569568
670;11:20:00.289;1.5;22.684033;4569376
671;11:20:00.466;0.0;22.682862;4569360
672;11:20:00.642;1.5;22.682087;4569204
673;11:20:00.818;1.5;22.682008;4569188
674;11:20:00.994;1.5;22.682048;4569196
675;11:20:01.171;1.5;22.682564;4569300
676;11:20:01.345;3.0;22.683855;4569560
677;11:20:01.521;1.5;22.683974;4569584
678;11:20:01.696;2.9;22.683656;4569520
679;11:20:01.874;0.0;22.682743;4569336
680;11:20:02.048;1.5;22.682743;4569336
681;11:20:02.225;1.5;22.680519;4568888
682;11:20:02.403;0.0;22.680201;4568824
683;11:20:02.578;1.5;22.680201;4569084
684;11:20:02.756;0.0;22.682822;4569204
685;11:20:02.930;1.5;22.681115;4569056
686;11:20:03.109;1.5;22.682425;4569272
687;11:20:03.285;1.5;22.681869;4569160
688;11:20:03.460;1.5;22.681313;4568896
689;11:20:03.636;1.5;22.680976;4568980
690;11:20:03.811;1.5;22.680976;4568980
691;11:20:03.987;1.5;22.680241;4569100
692;11:20:04.162;2.9;22.679883;4568760
693;11:20:04.338;3.0;22.683041;4569396
694;11:20:04.514;0.0;22.681869;4568932
695;11:20:04.690;0.0;22.682087;4569456
696;11:20:04.867;1.6;22.684093;4569608
697;11:20:05.043;1.4;22.684093;4569608
698;11:20:05.219;1.5;22.685503;4569892
699;11:20:05.392;1.5;22.685384;4569868
700;11:20:05.568;1.5;22.683418;4569472
701;11:20:05.745;1.5;22.684073;4569604
702;11:20:05.920;2.8;22.684073;4569604
703;11:20:06.098;1.5;22.684073;4569384
704;11:20:06.274;3.0;22.680241;4568832
705;11:20:06.450;2.9;22.680161;4568816
706;11:20:06.626;0.0;22.682544;4569296
707;11:20:06.802;1.5;22.683795;4569400
708;11:20:06.980;1.5;22.682504;4569288
709;11:20:07.156;1.5;22.682266;4569240
710;11:20:07.330;1.5;22.681333;4569204
711;11:20:07.507;0.0;22.681531;4568872
712;11:20:07.682;0.0;22.677679;4568316
713;11:20:07.860;2.9;22.679188;4568620
714;11:20:08.040;0.0;22.679605;4568704
715;11:20:08.217;1.5;22.680856;4568736
716;11:20:08.398;2.9;22.683696;4569528
717;11:20:08.574;1.5;22.682445;4569284
718;11:20:08.750;1.5;22.682524;4569292
719;11:20:08.927;3.0;22.683120;4569664
720;11:20:09.102;0.0;22.685801;4569952
721;11:20:09.278;1.5;22.685384;4569868
722;11:20:09.453;0.0;22.684609;4569712
723;11:20:09.630;1.5;22.682624;4569312
724;11:20:09.806;0.0;22.680439;4568872
725;11:20:09.985;2.9;22.681889;4569164
726;11:20:10.162;0.0;22.680797;4568944
727;11:20:10.337;1.5;22.682286;4569244
728;11:20:10.515;1.5;22.682286;4569244
729;11:20:10.689;4.4;22.686476;4570088
730;11:20:10.863;0.0;22.686694;4569984
731;11:20:11.041;0.0;22.685443;4569880
732;11:20:11.219;0.0;22.684272;4569644
733;11:20:11.395;0.0;22.683180;4569424
734;11:20:11.571;1.5;22.683299;4569448
735;11:20:11.746;1.5;22.683616;4569512
736;11:20:11.925;3.0;22.684153;4569620
737;11:20:12.100;0.0;22.684153;4569620
738;11:20:12.277;1.5;22.684153;4569620
739;11:20:12.453;2.9;22.684153;4569400
740;11:20:12.629;1.5;22.681690;4569124
741;11:20:12.806;1.5;22.681690;4569124
742;11:20:12.981;1.5;22.681670;4569120
743;11:20:13.157;0.0;22.681670;4569120
744;11:20:13.331;1.5;22.681015;4568688
745;11:20:13.505;1.5;22.680717;4568928
746;11:20:13.681;0.0;22.681809;4569148
747;11:20:13.856;1.5;22.680638;4568912
748;11:20:14.035;1.5;22.681750;4569136
749;11:20:14.210;3.0;22.680300;4568844
750;11:20:14.386;2.8;22.683497;4569488
751;11:20:14.562;1.5;22.683398;4569476
752;11:20:14.737;1.5;22.684887;4569548
753;11:20:14.912;2.9;22.683755;4569540
754;11:20:15.090;0.0;22.682842;4569356
755;11:20:15.266;0.0;22.682842;4569136
756;11:20:15.441;2.9;22.683358;4569240
757;11:20:15.617;1.5;22.682465;4569280
758;11:20:15.794;0.0;22.680638;4568912
759;11:20:15.970;1.5;22.684073;4569776
760;11:20:16.146;1.5;22.683835;4569556
761;11:20:16.321;1.5;22.683835;4569556
762;11:20:16.500;1.5;22.684609;4569712
763;11:20:16.676;0.0;22.684669;4569724
764;11:20:16.854;1.5;22.683755;4569556
765;11:20:17.030;3.0;22.682921;4569372
766;11:20:17.205;1.5;22.683001;4569388
767;11:20:17.383;2.9;22.682921;4569372
768;11:20:17.563;1.5;22.682921;4569380
769;11:20:17.741;1.5;22.683080;4569256
770;11:20:17.916;1.5;22.682147;4569216
771;11:20:18.094;1.5;22.683775;4569544
772;11:20:18.269;1.5;22.683696;4569528
773;11:20:18.445;1.5;22.687687;4570184
774;11:20:18.621;1.5;22.685126;4569596
775;11:20:18.798;1.5;22.684133;4569616
776;11:20:18.973;3.1;22.684887;4569768
777;11:20:19.148;1.5;22.687469;4570288
778;11:20:19.326;0.0;22.688878;4570572
779;11:20:19.503;1.5;22.689494;4570248
780;11:20:19.679;1.5;22.684947;4569632
781;11:20:19.855;0.0;22.684232;4569636
782;11:20:20.034;3.0;22.685344;4569712
783;11:20:20.210;0.0;22.685344;4569860
784;11:20:20.385;1.5;22.685344;4569860
785;11:20:20.559;1.5;22.685344;4569860
786;11:20:20.734;1.5;22.685344;4569860
787;11:20:20.910;0.0;22.686257;4570044
788;11:20:21.085;1.5;22.685245;4569840
789;11:20:21.261;1.4;22.685165;4569824
790;11:20:21.438;1.5;22.685165;4569604
791;11:20:21.615;0.0;22.683160;4569420
792;11:20:21.792;1.5;22.682425;4569272
793;11:20:21.966;0.0;22.684113;4569460
794;11:20:22.141;1.5;22.681889;4569164
795;11:20:22.317;1.5;22.683795;4569548
796;11:20:22.493;2.9;22.684510;4569692
797;11:20:22.669;1.6;22.676965;4568424
798;11:20:22.846;1.5;22.677540;4568540
799;11:20:23.023;2.9;22.680221;4568828
800;11:20:23.202;0.0;22.680181;4568672
801;11:20:23.377;1.5;22.679308;4568644
802;11:20:23.553;3.0;22.681809;4569148
803;11:20:23.730;1.5;22.681809;4569148
804;11:20:23.906;1.5;22.683021;4569392
805;11:20:24.083;1.5;22.683060;4569400
806;11:20:24.260;0.0;22.684272;4569496
807;11:20:24.438;1.5;22.682862;4569360
808;11:20:24.618;1.5;22.683219;4569432
809;11:20:24.795;3.0;22.683180;4569424
810;11:20:24.973;1.5;22.682445;4569276
811;11:20:25.150;0.0;22.681353;4569056
812;11:20:25.326;1.5;22.681452;4569076
813;11:20:25.501;1.5;22.681571;4569100
814;11:20:25.676;1.5;22.681889;4569164
815;11:20:25.850;2.9;22.681849;4569156
816;11:20:26.030;1.5;22.680400;4568864
817;11:20:26.206;0.0;22.678831;4568548
818;11:20:26.381;0.0;22.678335;4568708
819;11:20:26.556;1.4;22.681611;4569108
820;11:20:26.734;1.5;22.680439;4568724
821;11:20:26.909;2.9;22.679188;4568620
822;11:20:27.085;1.5;22.678017;4568660
823;11:20:27.261;0.0;22.678156;4568264
824;11:20:27.437;1.5;22.677064;4568460
825;11:20:27.613;3.0;22.680995;4568984
826;11:20:27.791;1.5;22.683378;4569464
827;11:20:27.967;0.0;22.683378;4569464
828;11:20:28.144;1.5;22.683378;4569464
829;11:20:28.322;1.5;22.684728;4569736
830;11:20:28.499;1.5;22.684887;4569768
831;11:20:28.674;4.5;22.684887;4569768
832;11:20:28.850;1.5;22.684768;4569744
833;11:20:29.026;0.0;22.684728;4569736
834;11:20:29.202;0.0;22.683597;4569508
835;11:20:29.378;1.5;22.683597;4569508
836;11:20:29.554;2.9;22.683855;4569340
837;11:20:29.731;1.5;22.681750;4569136
838;11:20:29.906;1.5;22.681015;4568768
839;11:20:30.082;1.5;22.679625;4568708
840;11:20:30.258;1.5;22.679625;4568708
841;11:20:30.433;2.9;22.680876;4568960
842;11:20:30.609;1.5;22.678652;4568512
843;11:20:30.782;0.0;22.677064;4568192
844;11:20:30.956;1.5;22.679725;4568728
845;11:20:31.133;3.0;22.680976;4568980
846;11:20:31.309;1.5;22.680777;4568940
847;11:20:31.483;1.5;22.680817;4568948
848;11:20:31.658;1.5;22.681512;4569088
849;11:20:31.834;1.5;22.680459;4568876
850;11:20:32.008;0.0;22.680459;4568876
851;11:20:32.183;1.5;22.680459;4568876
852;11:20:32.359;0.0;22.680499;4568884
853;11:20:32.535;1.5;22.681154;4569016
854;11:20:32.713;1.5;22.680122;4568808
855;11:20:32.891;1.5;22.680241;4568832
856;11:20:33.069;0.0;22.681492;4569084
857;11:20:33.246;3.0;22.681452;4569076
858;11:20:33.422;0.0;22.681254;4569036
859;11:20:33.598;1.5;22.680360;4568856
860;11:20:33.776;0.0;22.680042;4568792
861;11:20:33.951;0.0;22.680003;4568784
862;11:20:34.126;1.5;22.681492;4569084
863;11:20:34.302;1.5;22.681373;4569060
864;11:20:34.479;1.5;22.681373;4569060
865;11:20:34.655;0.0;22.681095;4569004
866;11:20:34.829;1.5;22.680856;4568956
867;11:20:35.005;0.0;22.682385;4569264
868;11:20:35.181;1.5;22.682465;4569280
869;11:20:35.358;0.0;22.682465;4569280
870;11:20:35.534;0.0;22.682385;4569272
871;11:20:35.710;1.5;22.680598;4568904
872;11:20:35.886;0.0;22.680519;4569148
873;11:20:36.063;0.0;22.681849;4569156
874;11:20:36.236;1.5;22.681770;4569140
875;11:20:36.413;2.9;22.681770;4569140
876;11:20:36.590;0.0;22.680142;4568812
877;11:20:36.766;1.5;22.679744;4568732
878;11:20:36.942;1.5;22.680876;4568960
879;11:20:37.121;0.0;22.680797;4568944
880;11:20:37.298;1.5;22.679387;4568660
881;11:20:37.474;1.5;22.679268;4568636
882;11:20:37.651;0.0;22.680042;4568792
883;11:20:37.827;1.5;22.680003;4568784
884;11:20:38.001;1.5;22.680122;4568808
885;11:20:38.178;1.5;22.680122;4568808
886;11:20:38.354;1.5;22.680241;4568832
887;11:20:38.529;1.5;22.681393;4569064
888;11:20:38.706;1.5;22.680161;4568816
889;11:20:38.881;0.0;22.680340;4568852
890;11:20:39.056;0.0;22.684093;4569608
891;11:20:39.232;1.5;22.681968;4569180
892;11:20:39.410;2.9;22.681968;4569180
893;11:20:39.586;1.5;22.681968;4569196
894;11:20:39.762;3.0;22.685761;4569944
895;11:20:39.937;1.5;22.687091;4570212
896;11:20:40.113;1.5;22.685801;4569652
897;11:20:40.290;1.5;22.686932;4570180
898;11:20:40.466;3.0;22.685225;4569836
899;11:20:40.641;0.0;22.684748;4569740
900;11:20:40.818;1.5;22.684788;4569748
901;11:20:40.994;0.0;22.684867;4569764
902;11:20:41.170;0.0;22.684987;4569788
903;11:20:41.346;1.5;22.683497;4569488
904;11:20:41.523;3.0;22.683537;4569496
905;11:20:41.698;1.5;22.683577;4569504
906;11:20:41.875;2.9;22.682405;4569268
907;11:20:42.054;0.0;22.682485;4569284
908;11:20:42.230;0.0;22.682485;4569284
909;11:20:42.405;1.5;22.682524;4569292
910;11:20:42.582;1.5;22.682445;4569276
911;11:20:42.760;1.5;22.683775;4569544
912;11:20:42.933;2.9;22.683934;4569576
913;11:20:43.110;0.0;22.682425;4569272
914;11:20:43.286;6.0;22.692552;4571312
915;11:20:43.462;1.5;22.692830;4571368
916;11:20:43.637;2.9;22.692433;4571288
917;11:20:43.814;1.5;22.694279;4571928
918;11:20:43.988;0.0;22.694240;4571652
919;11:20:44.166;1.5;22.691837;4571168
920;11:20:44.342;1.5;22.691758;4571004
921;11:20:44.517;1.5;22.689335;4570664
922;11:20:44.694;3.0;22.689990;4570796
923;11:20:44.870;1.5;22.691400;4571080
924;11:20:45.047;1.4;22.690348;4571136
925;11:20:45.226;1.5;22.694776;4571760
926;11:20:45.402;0.0;22.694537;4571712
927;11:20:45.575;1.5;22.694736;4571752
928;11:20:45.751;1.5;22.693028;4571676
929;11:20:45.925;0.0;22.693386;4571480
930;11:20:46.102;1.5;22.695908;4571836
931;11:20:46.278;1.5;22.698052;4572200
932;11:20:46.453;1.5;22.697218;4572252
933;11:20:46.628;1.5;22.695332;4571872
934;11:20:46.804;3.0;22.693882;4571580
935;11:20:46.979;1.5;22.693068;4571416
936;11:20:47.154;2.9;22.693187;4571072
937;11:20:47.330;1.5;22.690943;4570988
938;11:20:47.505;1.5;22.691916;4571184
939;11:20:47.682;1.5;22.692651;4571332
940;11:20:47.859;1.5;22.695232;4571852
941;11:20:48.037;0.0;22.695193;4571624
942;11:20:48.214;0.0;22.694160;4571636
943;11:20:48.390;0.0;22.691777;4571156
944;11:20:48.565;1.5;22.691817;4571416
945;11:20:48.741;1.6;22.690804;4570960
946;11:20:48.918;1.5;22.691063;4571340
947;11:20:49.094;1.6;22.692214;4571244
948;11:20:49.268;2.9;22.694696;4571744
949;11:20:49.446;1.5;22.694696;4571596
950;11:20:49.621;0.0;22.693445;4571272
951;11:20:49.796;3.0;22.694935;4571792
952;11:20:49.973;3.1;22.695888;4571984
953;11:20:50.149;0.0;22.695769;4571960
954;11:20:50.325;0.0;22.699323;4572676
955;11:20:50.494;1.4;22.698608;4572784
956;11:20:50.662;0.0;22.697715;4572352
957;11:20:50.830;1.5;22.697715;4572612
958;11:20:50.998;1.6;22.698330;4572476
959;11:20:51.167;0.0;22.698330;4572476
960;11:20:51.335;1.5;22.698886;4572588
961;11:20:51.503;0.0;22.698886;4572588
962;11:20:51.671;0.0;22.742987;4581472
963;11:20:51.840;1.6;22.804761;4595752
964;11:20:52.009;1.6;22.854462;4603928
965;11:20:52.179;4.8;23.259474;4685836
966;11:20:52.348;1.6;23.280761;4690056
967;11:20:52.518;1.6;23.283263;4690296
968;11:20:52.686;0.0;23.303536;4697700
969;11:20:52.856;1.5;23.325199;4698756
970;11:20:53.026;0.0;23.375834;4708956
971;11:20:53.194;0.0;23.375834;4708956
972;11:20:53.363;0.0;23.375675;4708924
973;11:20:53.531;1.6;23.375675;4708924
974;11:20:53.700;0.0;23.375675;4708924
975;11:20:53.868;0.0;23.374602;4708960
976;11:20:54.038;1.6;23.374980;4708784
977;11:20:54.207;1.5;23.376131;4709120
978;11:20:54.375;1.3;23.374305;4708900
979;11:20:54.543;0.0;23.377005;4709192
980;11:20:54.711;0.0;23.377005;4709192
981;11:20:54.879;1.5;23.376151;4709020
982;11:20:55.051;1.5;23.378931;4709580
983;11:20:55.219;1.6;23.376985;4709188
984;11:20:55.389;1.6;23.375893;4709496
985;11:20:55.558;3.1;23.375714;4708912
986;11:20:55.729;3.0;23.372339;4708252
987;11:20:55.900;1.5;23.373629;4708512
988;11:20:56.069;1.5;23.372577;4708300
989;11:20:56.238;1.5;23.372756;4708336
990;11:20:56.406;0.0;23.373669;4708520
991;11:20:56.575;1.5;23.373391;4708464
992;11:20:56.743;0.0;23.372875;4708360
993;11:20:56.911;1.5;23.372855;4708608
994;11:20:57.084;3.0;23.376211;4709284
995;11:20:57.254;0.0;23.378355;4709724
996;11:20:57.423;1.5;23.378633;4709520
997;11:20:57.593;0.0;23.376787;4709148
998;11:20:57.769;1.5;23.377124;4709216
999;11:20:57.946;2.9;23.383558;4710512
1000;11:20:58.124;0.0;23.384967;4710576
1001;11:20:58.297;0.0;23.383180;4710216
1002;11:20:58.470;1.5;23.381294;4710056
1003;11:20:58.649;1.4;23.381632;4710124
1004;11:20:58.826;1.5;23.379567;4709708
1005;11:20:59.002;1.5;23.380182;4709832
1006;11:20:59.179;1.6;23.381453;4710088
1007;11:20:59.354;1.5;23.382565;4710344
1008;11:20:59.532;1.5;23.382585;4710316
1009;11:20:59.710;0.0;23.381989;4710196
1010;11:20:59.886;0.0;23.378375;4709492
1011;11:21:00.063;1.5;23.381890;4710176
1012;11:21:00.238;0.0;23.381890;4710176
1013;11:21:00.415;1.5;23.381890;4710176
1014;11:21:00.590;0.0;23.383300;4710460
1015;11:21:00.764;0.0;23.380996;4709996
1016;11:21:00.943;1.5;23.381135;4710024
1017;11:21:01.119;1.5;23.381175;4710032
1018;11:21:01.295;1.5;23.381215;4710040
1019;11:21:01.470;1.5;23.381294;4710056
1020;11:21:01.644;0.0;23.381215;4710040
1021;11:21:01.819;1.5;23.381254;4710048
1022;11:21:01.996;1.5;23.382942;4710388
1023;11:21:02.170;3.0;23.381850;4710168
1024;11:21:02.346;0.0;23.381731;4710144
1025;11:21:02.521;0.0;23.383220;4710736
1026;11:21:02.697;1.5;23.384332;4710668
1027;11:21:02.874;0.0;23.386834;4711172
1028;11:21:03.050;1.5;23.385702;4710944
1029;11:21:03.225;1.5;23.385901;4710984
1030;11:21:03.401;0.0;23.385980;4711000
1031;11:21:03.581;1.5;23.385901;4710984
1032;11:21:03.757;1.5;23.383717;4710544
1033;11:21:03.934;1.5;23.383717;4710544
1034;11:21:04.108;1.4;23.384074;4710616
1035;11:21:04.286;1.5;23.384074;4710616
1036;11:21:04.462;1.5;23.384074;4710940
1037;11:21:04.637;0.0;23.385404;4710736
1038;11:21:04.814;1.5;23.385404;4710884
1039;11:21:04.990;0.0;23.384312;4710664
1040;11:21:05.167;1.5;23.381453;4710088
1041;11:21:05.343;0.0;23.381453;4710088
1042;11:21:05.518;1.5;23.382783;4710356
1043;11:21:05.694;2.9;23.382704;4710340
1044;11:21:05.871;0.0;23.382704;4710340
1045;11:21:06.046;1.5;23.385146;4710832
1046;11:21:06.221;1.5;23.382863;4710224
1047;11:21:06.398;2.9;23.381671;4710132
1048;11:21:06.574;1.5;23.380778;4709952
1049;11:21:06.748;0.0;23.380738;4709944
1050;11:21:06.926;1.5;23.383280;4710456
1051;11:21:07.102;1.5;23.382247;4710248
1052;11:21:07.278;1.5;23.382644;4710328
1053;11:21:07.454;1.5;23.382684;4710336
1054;11:21:07.629;0.0;23.382644;4710328
1055;11:21:07.807;2.9;23.382644;4710328
1056;11:21:07.982;1.5;23.382644;4710328
1057;11:21:08.160;2.9;23.381552;4710108
1058;11:21:08.338;3.0;23.381393;4710076
1059;11:21:08.514;3.0;23.381473;4710092
1060;11:21:08.690;0.0;23.382644;4710328
1061;11:21:08.866;1.5;23.382684;4710336
1062;11:21:09.043;1.5;23.382605;4710320
1063;11:21:09.218;0.0;23.385563;4710916
1064;11:21:09.395;1.5;23.385543;4710912
1065;11:21:09.570;1.5;23.385504;4710904
1066;11:21:09.746;0.0;23.384531;4710708
1067;11:21:09.922;1.5;23.384491;4710700
1068;11:21:10.100;1.6;23.384650;4710732
1069;11:21:10.274;0.0;23.384689;4710740
1070;11:21:10.451;0.0;23.384848;4710772
1071;11:21:10.625;4.7;23.384531;4710488
1072;11:21:10.798;1.5;23.383458;4710492
1073;11:21:10.974;0.0;23.382327;4710264
1074;11:21:11.151;0.0;23.381711;4710140
1075;11:21:11.326;0.0;23.381234;4710044
1076;11:21:11.501;1.6;23.380222;4709964
1077;11:21:11.672;2.9;23.380559;4710160
1078;11:21:11.846;0.0;23.382207;4710020
1079;11:21:12.023;3.1;23.382287;4710256
1080;11:21:12.200;3.0;23.388542;4711516
1081;11:21:12.380;1.5;23.387291;4711044
1082;11:21:12.557;1.5;23.386218;4711056
1083;11:21:12.734;2.9;23.386218;4711048
1084;11:21:12.910;1.5;23.386218;4711048
1085;11:21:13.086;0.0;23.386218;4711048
1086;11:21:13.262;1.5;23.384312;4710664
1087;11:21:13.437;1.5;23.384392;4710680
1088;11:21:13.614;1.5;23.383180;4710436
1089;11:21:13.790;1.5;23.383180;4710436
1090;11:21:13.966;2.9;23.383180;4710436
1091;11:21:14.141;0.0;23.382088;4710216
1092;11:21:14.314;1.5;23.382088;4710216
1093;11:21:14.491;3.0;23.382088;4710216
1094;11:21:14.666;1.5;23.382346;4710268
1095;11:21:14.840;2.9;23.382346;4710268
1096;11:21:15.018;0.0;23.383518;4710504
1097;11:21:15.195;1.5;23.383518;4710504
1098;11:21:15.370;0.0;23.383597;4710520
1099;11:21:15.546;0.0;23.383597;4710520
1100;11:21:15.722;1.5;23.382406;4710060
1101;11:21:15.897;0.0;23.381453;4710340
1102;11:21:16.073;1.5;23.382783;4710356
1103;11:21:16.250;1.5;23.382704;4710340
1104;11:21:16.424;1.5;23.382704;4710340
1105;11:21:16.603;1.5;23.382704;4710340
1106;11:21:16.778;0.0;23.383955;4710592
1107;11:21:16.953;0.0;23.385404;4710884
1108;11:21:17.130;1.5;23.386655;4711136
1109;11:21:17.302;1.5;23.389237;4711656
1110;11:21:17.478;1.5;23.389237;4711656
1111;11:21:17.654;1.5;23.387569;4711320
1112;11:21:17.830;0.0;23.387052;4711068
1113;11:21:18.006;1.5;23.385960;4710996
1114;11:21:18.183;1.5;23.385464;4710456
1115;11:21:18.356;1.5;23.384650;4710852
1116;11:21:18.534;0.0;23.382307;4710276
1117;11:21:18.708;0.0;23.382307;4710536
1118;11:21:18.885;0.0;23.384034;4710608
1119;11:21:19.058;0.0;23.382684;4710188
1120;11:21:19.233;1.5;23.381671;4710132
1121;11:21:19.409;0.0;23.381969;4710192
1122;11:21:19.587;0.0;23.381969;4710192
1123;11:21:19.764;1.5;23.380182;4709832
1124;11:21:19.941;0.0;23.378415;4709760
1125;11:21:20.117;1.5;23.379011;4709916
1126;11:21:20.293;2.9;23.380222;4710092
1127;11:21:20.470;1.5;23.381473;4710092
1128;11:21:20.646;1.4;23.382763;4710352
1129;11:21:20.822;0.0;23.382684;4710336
1130;11:21:20.998;0.0;23.381949;4710244
1131;11:21:21.172;1.5;23.384034;4710608
1132;11:21:21.347;3.0;23.384114;4710624
1133;11:21:21.523;0.0;23.384233;4710648
1134;11:21:21.700;0.0;23.385245;4710852
1135;11:21:21.875;1.5;23.385245;4710704
1136;11:21:22.051;1.5;23.385325;4710868
1137;11:21:22.228;1.5;23.385325;4710868
1138;11:21:22.402;1.5;23.381810;4710160
1139;11:21:22.577;1.5;23.380758;4709728
1140;11:21:22.754;1.5;23.382783;4710356
1141;11:21:22.930;1.5;23.382783;4710624
1142;11:21:23.106;0.0;23.384630;4710728
1143;11:21:23.283;0.0;23.381711;4710140
1144;11:21:23.457;2.9;23.383220;4710444
1145;11:21:23.633;1.6;23.382724;4710344
1146;11:21:23.807;1.4;23.382644;4710612
1147;11:21:23.986;1.5;23.386437;4711092
1148;11:21:24.162;1.5;23.386357;4711076
1149;11:21:24.338;1.5;23.386516;4711108
1150;11:21:24.513;0.0;23.386635;4711124
1151;11:21:24.690;1.5;23.386437;4711092
1152;11:21:24.866;1.5;23.386437;4711092
1153;11:21:25.042;1.5;23.386437;4711092
1154;11:21:25.218;1.5;23.386457;4711096
1155;11:21:25.394;1.5;23.385126;4710828
1156;11:21:25.570;1.5;23.386715;4711148
1157;11:21:25.746;1.5;23.386894;4711184
1158;11:21:25.922;0.0;23.385603;4710924
1159;11:21:26.099;0.0;23.384630;4710728
1160;11:21:26.275;1.5;23.384531;4710708
1161;11:21:26.451;3.0;23.386477;4711100
1162;11:21:26.625;1.5;23.385921;4710988
1163;11:21:26.804;1.5;23.386338;4711072
1164;11:21:26.981;1.5;23.386139;4711032
1165;11:21:27.158;1.5;23.388840;4711576
1166;11:21:27.333;1.5;23.386774;4711192
1167;11:21:27.509;0.0;23.386913;4711188
1168;11:21:27.685;1.5;23.386318;4711068
1169;11:21:27.862;1.5;23.386278;4710912
1170;11:21:28.038;0.0;23.385543;4710912
1171;11:21:28.213;1.5;23.385782;4710444
1172;11:21:28.390;2.9;23.385603;4710924
1173;11:21:28.569;1.5;23.385801;4710964
1174;11:21:28.745;1.5;23.386715;4711148
1175;11:21:28.923;0.0;23.388045;4711416
1176;11:21:29.097;1.4;23.387728;4711352
1177;11:21:29.274;1.5;23.387787;4711364
1178;11:21:29.449;3.0;23.386814;4711168
1179;11:21:29.624;1.5;23.386675;4711140
1180;11:21:29.801;1.5;23.389951;4711580
1181;11:21:29.977;1.5;23.388661;4711540
1182;11:21:30.154;1.5;23.388661;4711540
1183;11:21:30.330;0.0;23.387569;4711320
1184;11:21:30.505;2.9;23.387787;4711364
1185;11:21:30.685;1.5;23.387013;4710988
1186;11:21:30.859;1.5;23.385980;4711000
1187;11:21:31.033;2.9;23.387231;4711252
1188;11:21:31.210;0.0;23.387390;4711136
1189;11:21:31.385;1.5;23.384312;4710664
1190;11:21:31.557;1.5;23.382902;4710380
1191;11:21:31.734;0.0;23.382386;4710276
1192;11:21:31.907;1.5;23.384888;4710780
1193;11:21:32.084;1.5;23.384809;4710764
1194;11:21:32.261;0.0;23.385762;4710956
1195;11:21:32.439;3.0;23.385245;4710852
1196;11:21:32.613;1.5;23.384193;4710648
1197;11:21:32.790;0.0;23.384114;4710624
1198;11:21:32.967;0.0;23.382942;4710388
1199;11:21:33.142;0.0;23.383161;4710432
1200;11:21:33.318;0.0;23.384372;4710676
1201;11:21:33.494;3.0;23.384094;4710400
1202;11:21:33.670;1.5;23.385404;4710884
1203;11:21:33.846;0.0;23.384431;4710688
1204;11:21:34.021;1.5;23.383041;4710408
1205;11:21:34.198;1.5;23.383657;4710824
1206;11:21:34.374;2.9;23.387529;4711092
1207;11:21:34.551;1.6;23.388800;4711568
1208;11:21:34.720;1.6;23.391480;4712108
1209;11:21:34.889;0.0;23.391262;4712064
1210;11:21:35.058;1.5;23.394022;4712620
1211;11:21:35.226;1.5;23.587126;4750024
1212;11:21:35.395;3.0;23.774750;4789316
1213;11:21:35.564;1.6;23.777411;4789852
1214;11:21:35.734;0.0;23.777451;4789860
1215;11:21:35.902;0.0;23.777848;4789956
1216;11:21:36.072;0.0;23.778503;4790072
1217;11:21:36.240;0.0;23.778622;4790364
1218;11:21:36.409;1.3;23.778861;4790144
1219;11:21:36.577;1.5;23.783448;4791068
1220;11:21:36.746;0.0;23.783726;4791124
1221;11:21:36.914;1.6;23.783726;4791124
1222;11:21:37.084;1.6;23.784023;4791184
1223;11:21:37.252;1.3;23.783904;4791160
1224;11:21:37.420;0.0;23.784480;4791276
1225;11:21:37.589;0.0;23.786049;4791592
1226;11:21:37.757;1.6;23.786009;4791584
1227;11:21:37.926;0.0;23.787260;4791836
1228;11:21:38.095;3.0;23.786247;4791632
1229;11:21:38.264;1.6;23.785433;4791168
1230;11:21:38.434;1.6;23.785771;4791820
1231;11:21:38.603;3.1;23.786386;4791660
1232;11:21:38.774;7.4;23.786108;4791604
1233;11:21:38.950;1.6;23.782038;4790784
1234;11:21:39.120;1.5;23.785532;4791488
1235;11:21:39.294;4.4;23.784281;4791236
1236;11:21:39.464;1.5;23.783904;4791160
1237;11:21:39.637;0.0;23.781621;4790868
1238;11:21:39.808;0.0;23.783209;4791020
1239;11:21:39.980;3.0;23.781641;4790704
1240;11:21:40.152;1.5;23.784579;4791464
1241;11:21:40.324;2.8;23.784798;4791340
1242;11:21:40.496;1.4;23.785314;4791376
1243;11:21:40.668;1.5;23.783984;4790988
1244;11:21:40.838;4.5;23.791271;4792644
1245;11:21:41.013;3.0;23.789365;4792040
1246;11:21:41.184;1.5;23.787677;4791948
1247;11:21:41.355;2.9;23.787359;4791560
1248;11:21:41.527;4.4;23.782911;4790960
1249;11:21:41.699;1.5;23.784202;4791220
1250;11:21:41.870;4.4;23.783686;4791368
1251;11:21:42.042;2.9;23.787359;4792032
1252;11:21:42.212;2.8;23.788034;4791992
1253;11:21:42.383;1.5;23.789126;4792144
1254;11:21:42.553;3.0;23.788054;4792248
1255;11:21:42.724;0.0;23.789762;4792336
1256;11:21:42.894;1.4;23.789941;4792188
1257;11:21:43.064;2.7;23.790556;4792352
1258;11:21:43.236;2.9;23.787538;4792216
1259;11:21:43.407;1.5;23.789742;4792116
1260;11:21:43.578;1.5;23.783864;4791456
1261;11:21:43.750;0.0;23.787677;4791920
1262;11:21:43.921;1.5;23.784996;4791532
1263;11:21:44.091;0.0;23.786049;4791592
1264;11:21:44.262;2.9;23.785850;4791552
1265;11:21:44.433;1.5;23.787161;4791816
1266;11:21:44.605;1.5;23.787459;4791876
1267;11:21:44.775;1.5;23.788948;4792444
1268;11:21:44.946;5.6;23.786406;4791664
1269;11:21:45.120;4.3;23.787498;4792136
1270;11:21:45.293;3.1;23.788749;4792136
1271;11:21:45.464;4.4;23.789067;4791980
1272;11:21:45.636;3.2;23.786823;4791452
1273;11:21:45.808;1.5;23.786525;4791688
1274;11:21:45.980;4.2;23.787617;4791908
1275;11:21:46.150;4.1;23.786525;4791688
1276;11:21:46.323;8.1;23.789186;4792224
1277;11:21:46.495;3.1;23.785810;4791712
1278;11:21:46.667;7.7;23.789186;4792224
1279;11:21:46.841;4.3;23.790020;4792392
1280;11:21:47.014;7.2;23.787995;4791984
1281;11:21:47.183;8.1;23.789643;4792316
1282;11:21:47.355;10.0;23.787419;4791868
1283;11:21:47.527;5.8;23.788213;4791880
1284;11:21:47.701;11.4;23.788332;4792052
1285;11:21:47.874;13.3;23.786366;4791656
1286;11:21:48.046;11.1;23.784818;4791344
1287;11:21:48.216;9.9;23.786108;4791452
1288;11:21:48.388;10.4;23.785632;4791508
1289;11:21:48.557;11.3;23.785036;4791548
1290;11:21:48.729;4.5;23.785235;4791580
1291;11:21:48.899;7.1;23.785433;4791468
1292;11:21:49.070;1.5;23.789186;4792224
1293;11:21:49.240;1.5;23.788094;4792156
1294;11:21:49.411;0.0;23.784976;4791376
1295;11:21:49.582;1.9;23.784361;4791252
1296;11:21:49.754;0.0;23.786108;4791452
1297;11:21:49.927;0.0;23.784480;4791276
1298;11:21:50.098;0.0;23.784798;4791340
1299;11:21:50.269;3.5;23.784480;4791436
1300;11:21:50.439;0.0;23.785115;4791404
1301;11:21:50.610;0.0;23.788829;4792004
1302;11:21:50.783;0.0;23.787101;4791584
1303;11:21:50.954;0.0;23.786764;4791736
1304;11:21:51.124;1.9;23.785810;4791544
1305;11:21:51.294;0.0;23.785036;4791388
1306;11:21:51.467;0.0;23.783170;4791012
1307;11:21:51.640;4.6;23.779099;4790192
1308;11:21:51.809;1.6;23.780767;4790528
1309;11:21:51.978;4.5;23.780449;4790496
1310;11:21:52.147;1.5;23.778225;4790016
1311;11:21:52.316;1.3;23.800842;4794572
1312;11:21:52.484;0.0;23.904215;4815396
1313;11:21:52.652;0.0;24.005205;4835992
1314;11:21:52.820;1.6;24.107803;4856408
1315;11:21:52.988;6.2;24.167611;4868252
1316;11:21:53.158;4.3;24.244892;4884024
1317;11:21:53.327;1.6;24.318004;4898752
1318;11:21:53.495;0.0;24.418915;4919324
1319;11:21:53.664;1.6;24.488869;4933424
1320;11:21:53.832;1.6;24.579951;4952176
1321;11:21:54.002;1.5;24.658384;4967564
1322;11:21:54.172;0.0;24.678479;4971072
1323;11:21:54.341;3.1;24.714876;4978700
1324;11:21:54.510;3.1;24.744938;4986772
1325;11:21:54.679;1.6;24.789913;4996092
1326;11:21:54.849;3.1;24.830063;5002156
1327;11:21:55.019;1.5;24.851230;5006168
1328;11:21:55.189;1.6;24.912348;5018332
1329;11:21:55.357;0.0;25.005019;5037148
1330;11:21:55.525;0.0;25.107796;5059900
1331;11:21:55.693;3.0;25.138693;5064076
1332;11:21:55.862;0.0;25.141036;5064548
1333;11:21:56.030;1.5;25.140301;5064400
1334;11:21:56.199;1.5;25.143061;5064624
1335;11:21:56.368;3.0;25.141115;5064416
1336;11:21:56.538;1.5;25.406398;5120124
1337;11:21:56.710;3.1;25.418173;5120080
1338;11:21:56.879;0.0;25.416703;5120324
1339;11:21:57.048;3.1;25.420277;5120652
1340;11:21:57.216;0.0;25.418332;5120408
1341;11:21:57.384;0.0;25.417915;5120584
1342;11:21:57.554;1.3;25.418391;5120420
1343;11:21:57.723;1.5;25.418411;5120684
1344;11:21:57.891;0.0;25.451273;5127044
1345;11:21:58.059;0.0;25.449506;5126800
1346;11:21:58.229;1.5;25.449506;5126688
1347;11:21:58.398;0.0;25.449467;5126800
1348;11:21:58.566;1.6;25.449486;5126700
1349;11:21:58.735;0.0;25.452107;5127064
1350;11:21:58.903;0.0;25.449486;5126684
1351;11:21:59.072;1.6;25.455304;5127580
1352;11:21:59.244;1.6;25.455245;5128088
1353;11:21:59.416;0.0;25.456714;5127844
1354;11:21:59.584;3.0;25.452584;5127436
1355;11:21:59.753;0.0;25.454987;5127876
1356;11:21:59.923;1.5;25.449784;5126700
1357;11:22:00.095;1.5;25.446270;5126280
1358;11:22:00.265;1.6;25.445773;5126032
1359;11:22:00.433;6.3;25.366804;5110028
Build Completed
