ID; Time; CPU %; MEM %; MEM KiB
1;12:51:36.156;4.5;11.841554;2385484
2;12:51:36.329;1.6;11.842368;2385592
3;12:51:36.503;1.6;11.840720;2385504
4;12:51:36.680;3.1;11.838020;2384976
5;12:51:36.854;2.9;11.842825;2385936
6;12:51:37.027;0.0;11.841077;2385572
7;12:51:37.196;1.5;11.841216;2385360
8;12:51:37.365;1.5;11.841812;2385480
9;12:51:37.534;1.6;11.841872;2385492
10;12:51:37.704;0.0;11.841514;2385420
11;12:51:37.873;1.5;11.843043;2385728
12;12:51:38.042;3.1;11.844334;2385988
13;12:51:38.212;0.0;11.841455;2385408
14;12:51:38.382;3.0;11.843758;2385652
15;12:51:38.553;3.0;11.841415;2385400
16;12:51:38.729;1.5;11.841058;2385108
17;12:51:38.905;1.5;11.838556;2384872
18;12:51:39.081;2.9;11.838834;2384880
19;12:51:39.257;0.0;11.838595;2384832
20;12:51:39.431;3.0;11.840164;2384928
21;12:51:39.603;1.5;11.838774;2384868
22;12:51:39.773;0.0;11.840283;2385172
23;12:51:39.945;0.0;11.842229;2385840
24;12:51:40.120;4.6;11.842388;2385132
25;12:51:40.289;1.6;11.840978;2385312
26;12:51:40.458;0.0;11.840978;2385092
27;12:51:40.626;0.0;11.840978;2385312
28;12:51:40.795;1.6;11.839886;2385092
29;12:51:40.964;3.0;12.147026;2446716
30;12:51:41.135;3.0;12.145994;2447024
31;12:51:41.304;1.5;12.148853;2447112
32;12:51:41.473;3.0;12.149588;2447260
33;12:51:41.645;0.0;12.152169;2447780
34;12:51:41.820;1.5;12.148654;2447332
35;12:51:41.995;0.0;12.148496;2447480
36;12:51:42.172;4.5;12.149012;2447396
37;12:51:42.348;4.5;12.147959;2447152
38;12:51:42.521;1.5;12.151633;2447672
39;12:51:42.698;3.0;12.149449;2447760
40;12:51:42.871;1.6;12.150084;2447580
41;12:51:43.044;2.8;12.155227;2449004
42;12:51:43.222;1.5;12.161978;2449976
43;12:51:43.397;0.0;12.167538;2451096
44;12:51:43.573;0.0;12.147225;2447004
45;12:51:43.746;4.6;12.149091;2447160
46;12:51:43.917;2.9;12.147384;2447092
47;12:51:44.094;1.5;12.153877;2448564
48;12:51:44.269;0.0;12.153063;2448180
49;12:51:44.451;5.7;12.149528;2447468
50;12:51:44.627;2.8;12.154016;2448152
51;12:51:44.806;1.5;12.156855;2448944
52;12:51:44.981;1.5;12.162137;2449776
53;12:51:45.160;4.6;12.151653;2447896
54;12:51:45.330;12.3;12.147066;2446752
55;12:51:45.503;9.1;12.149727;2447068
56;12:51:45.674;10.8;12.149727;2447508
57;12:51:45.845;6.3;12.151752;2447916
58;12:51:46.017;7.2;12.151812;2447928
59;12:51:46.191;1.4;12.158900;2449372
60;12:51:46.370;3.0;12.159913;2449340
61;12:51:46.539;1.5;12.147185;2446996
62;12:51:46.709;3.1;12.148515;2447044
63;12:51:46.883;4.8;12.145855;2446508
64;12:51:47.056;2.9;12.152785;2448124
65;12:51:47.232;3.0;12.156259;2449076
66;12:51:47.408;1.4;12.163884;2450360
67;12:51:47.584;6.2;12.147562;2447072
68;12:51:47.759;1.8;12.146212;2447052
69;12:51:47.931;1.9;12.149588;2447480
70;12:51:48.102;1.8;12.151970;2447960
71;12:51:48.274;1.8;12.151732;2448132
72;12:51:48.446;1.7;12.150322;2447628
73;12:51:48.618;0.0;12.153202;2448208
74;12:51:48.794;1.6;12.164341;2450232
75;12:51:48.970;3.0;12.164123;2450188
76;12:51:49.143;3.0;12.150084;2447580
77;12:51:49.316;0.0;12.150938;2447752
78;12:51:49.487;0.0;12.153261;2448220
79;12:51:49.659;0.0;12.151216;2447588
80;12:51:49.830;0.0;12.149965;2447644
81;12:51:50.002;0.0;12.152328;2448032
82;12:51:50.175;3.8;12.147860;2447364
83;12:51:50.347;1.6;12.147125;2446984
84;12:51:50.517;1.6;12.159198;2449416
85;12:51:50.687;2.8;12.188070;2455012
86;12:51:50.857;3.2;12.228894;2463456
87;12:51:51.030;0.0;12.435064;2504988
88;12:51:51.199;0.0;12.577415;2533664
89;12:51:51.369;1.6;12.775682;2573604
90;12:51:51.538;6.2;12.812933;2581368
91;12:51:51.718;4.4;12.812854;2581336
92;12:51:51.890;3.0;12.814839;2581492
93;12:51:52.060;3.0;12.894563;2599820
94;12:51:52.231;0.0;12.958164;2610036
95;12:51:52.401;1.6;13.033301;2624952
96;12:51:52.571;3.0;13.058359;2630548
97;12:51:52.740;4.6;13.057466;2630368
98;12:51:52.909;3.0;13.058578;2630592
99;12:51:53.078;1.5;13.059988;2630876
100;12:51:53.247;0.0;13.059809;2630620
101;12:51:53.423;1.5;13.058479;2630816
102;12:51:53.592;0.0;13.059412;2630988
103;12:51:53.762;1.5;13.058776;2631144
104;12:51:53.931;1.5;13.061636;2631240
105;12:51:54.101;1.5;13.073450;2633148
106;12:51:54.269;0.0;13.070392;2632972
107;12:51:54.439;0.0;13.079030;2634712
108;12:51:54.609;1.5;13.081810;2635272
109;12:51:54.778;1.5;13.081969;2635304
110;12:51:54.947;1.5;13.081651;2635240
111;12:51:55.117;1.5;13.081730;2635256
112;12:51:55.287;1.5;13.093148;2637556
113;12:51:55.456;1.6;13.094161;2637540
114;12:51:55.624;0.0;13.091500;2637224
115;12:51:55.793;1.6;13.090249;2636972
116;12:51:55.964;0.0;13.092989;2637524
117;12:51:56.133;0.0;13.092135;2637352
118;12:51:56.302;0.0;13.090527;2636808
119;12:51:56.471;0.0;13.090487;2637020
120;12:51:56.639;0.0;13.092513;2637428
121;12:51:56.807;0.0;13.093922;2637712
122;12:51:56.976;0.0;13.092354;2637396
123;12:51:57.145;1.5;13.091500;2637224
124;12:51:57.313;4.5;13.092096;2637124
125;12:51:57.482;1.6;13.092175;2637360
126;12:51:57.652;0.0;13.091242;2637172
127;12:51:57.821;1.5;13.093823;2637472
128;12:51:57.990;0.0;13.092850;2637496
129;12:51:58.158;1.5;13.091857;2637296
130;12:51:58.327;3.1;13.092334;2637392
131;12:51:58.497;0.0;13.093247;2637576
132;12:51:58.665;0.0;13.090527;2637272
133;12:51:58.834;0.0;13.091698;2637264
134;12:51:59.004;3.1;13.240205;2666960
135;12:51:59.173;1.6;13.277376;2674448
136;12:51:59.343;1.6;13.349475;2689216
137;12:51:59.512;0.0;13.368438;2693012
138;12:51:59.681;0.0;13.468634;2713176
139;12:51:59.851;3.0;13.471434;2713776
140;12:52:00.020;0.0;13.473161;2714368
141;12:52:00.189;3.0;13.472963;2713848
142;12:52:00.358;1.6;13.474492;2714156
143;12:52:00.526;0.0;13.473201;2713896
144;12:52:00.695;1.6;13.472347;2713992
145;12:52:00.864;1.5;13.470719;2713616
146;12:52:01.039;1.5;13.472010;2713876
147;12:52:01.215;1.5;13.473181;2714112
148;12:52:01.391;0.0;13.471811;2713836
149;12:52:01.568;1.5;13.471891;2713852
150;12:52:01.744;0.0;13.474988;2714744
151;12:52:01.921;1.6;13.474988;2714476
152;12:52:02.094;1.5;13.475068;2714492
153;12:52:02.269;4.3;13.472903;2714056
154;12:52:02.446;0.0;13.473062;2714088
155;12:52:02.620;1.5;13.475127;2714284
156;12:52:02.796;1.4;13.473797;2714236
157;12:52:02.972;1.5;13.474412;2714360
158;12:52:03.141;1.5;13.471891;2713852
159;12:52:03.311;1.5;13.471196;2713712
160;12:52:03.480;1.5;13.469409;2713352
161;12:52:03.650;1.6;13.471970;2713868
162;12:52:03.819;0.0;13.472049;2713664
163;12:52:03.989;0.0;13.472169;2713688
164;12:52:04.159;0.0;13.467979;2713064
165;12:52:04.329;0.0;13.469428;2713136
166;12:52:04.499;1.6;13.468396;2713188
167;12:52:04.668;1.5;13.470699;2713612
168;12:52:04.838;0.0;13.470759;2713624
169;12:52:05.007;0.0;13.612256;2744144
170;12:52:05.177;1.5;13.633622;2746432
171;12:52:05.348;1.6;13.634952;2746480
172;12:52:05.517;0.0;13.636362;2746764
173;12:52:05.687;0.0;13.633979;2746504
174;12:52:05.855;0.0;13.634019;2746512
175;12:52:06.025;1.6;13.632609;2746228
176;12:52:06.195;1.5;13.633502;2746188
177;12:52:06.365;0.0;13.656774;2750876
178;12:52:06.534;1.5;13.656258;2750992
179;12:52:06.703;1.5;13.656318;2751004
180;12:52:06.873;0.0;13.656159;2750752
181;12:52:07.042;0.0;13.655067;2750752
182;12:52:07.211;0.0;13.655067;2750752
183;12:52:07.380;0.0;13.654292;2750652
184;12:52:07.549;1.6;13.655424;2750604
185;12:52:07.718;1.6;13.654133;2750344
186;12:52:07.887;0.0;13.656159;2750972
187;12:52:08.056;1.5;13.657291;2750980
188;12:52:08.225;1.4;13.656079;2750956
189;12:52:08.395;0.0;13.656516;2750824
190;12:52:08.569;2.9;13.658502;2751272
191;12:52:08.739;1.6;13.657847;2751220
192;12:52:08.909;2.9;13.656893;2750900
193;12:52:09.079;0.0;13.666464;2753048
194;12:52:09.248;0.0;13.665670;2752668
195;12:52:09.417;1.6;13.664856;2752724
196;12:52:09.586;0.0;13.666703;2753096
197;12:52:09.755;1.6;13.666881;2752912
198;12:52:09.924;0.0;13.664816;2752716
199;12:52:10.093;0.0;13.667040;2753204
200;12:52:10.262;4.7;13.667000;2753156
201;12:52:10.431;1.5;13.666623;2753080
202;12:52:10.600;0.0;13.666345;2752804
203;12:52:10.769;0.0;13.664379;2752408
204;12:52:10.938;1.6;13.665293;2752592
205;12:52:11.108;0.0;13.663228;2752396
206;12:52:11.277;0.0;13.662791;2752308
207;12:52:11.446;1.6;13.668073;2753372
208;12:52:11.615;1.6;13.669105;2753580
209;12:52:11.785;0.0;13.669105;2753360
210;12:52:11.955;1.6;13.665313;2753076
211;12:52:12.125;0.0;13.665313;2752816
212;12:52:12.294;0.0;13.666484;2752832
213;12:52:12.464;2.9;13.668966;2753796
214;12:52:12.641;3.0;13.669681;2753476
215;12:52:12.816;1.6;13.666981;2753152
216;12:52:12.988;2.9;13.665968;2752948
217;12:52:13.162;3.0;13.674367;2754640
218;12:52:13.339;3.0;13.671389;2754040
219;12:52:13.515;1.6;13.668907;2753548
220;12:52:13.685;0.0;13.669602;2753704
221;12:52:13.858;1.5;13.673454;2754236
222;12:52:14.030;1.5;13.672401;2754244
223;12:52:14.202;2.9;13.670177;2753576
224;12:52:14.374;1.4;13.669681;2753476
225;12:52:14.546;2.9;13.668986;2753556
226;12:52:14.719;1.5;13.669542;2753448
227;12:52:14.890;0.0;13.669085;2753576
228;12:52:15.063;0.0;13.668152;2753388
229;12:52:15.235;0.0;13.666722;2753340
230;12:52:15.407;1.4;13.666683;2753092
231;12:52:15.578;0.0;13.666444;2753044
232;12:52:15.750;2.8;13.667775;2753312
233;12:52:15.922;1.5;13.673613;2754488
234;12:52:16.096;1.5;13.666981;2753152
235;12:52:16.266;2.9;13.667715;2753080
236;12:52:16.438;2.9;13.665531;2752900
237;12:52:16.609;1.5;13.669661;2753740
238;12:52:16.784;3.1;13.666683;2753092
239;12:52:16.955;2.7;13.669264;2753612
240;12:52:17.126;5.4;13.668112;2753380
241;12:52:17.296;6.8;13.668430;2753224
242;12:52:17.469;1.4;13.666405;2753036
243;12:52:17.640;6.8;13.664518;2752656
244;12:52:17.813;1.4;13.668648;2753268
245;12:52:17.984;3.0;13.665392;2752832
246;12:52:18.155;1.4;13.668311;2753444
247;12:52:18.327;1.4;13.671607;2753644
248;12:52:18.499;2.9;13.670594;2753660
249;12:52:18.672;1.4;13.666286;2753012
250;12:52:18.845;0.0;13.666683;2753092
251;12:52:19.017;0.0;13.667437;2753244
252;12:52:19.190;1.4;13.664836;2752500
253;12:52:19.361;1.5;13.671011;2753964
254;12:52:19.533;1.5;13.668867;2753872
255;12:52:19.706;1.4;13.669979;2753536
256;12:52:19.878;3.7;13.671289;2754280
257;12:52:20.050;4.1;13.672143;2753972
258;12:52:20.221;5.1;13.669482;2753656
259;12:52:20.393;5.4;13.666663;2753088
260;12:52:20.565;10.0;13.667537;2753264
261;12:52:20.736;10.7;13.667179;2753240
262;12:52:20.907;9.7;13.670336;2753828
263;12:52:21.078;6.2;13.669621;2753464
264;12:52:21.252;2.9;13.667239;2753204
265;12:52:21.428;1.4;13.675201;2754808
266;12:52:21.604;1.4;13.675221;2754764
267;12:52:21.779;7.2;13.666722;2753464
268;12:52:21.952;7.2;13.667894;2753564
269;12:52:22.124;14.5;13.665551;2753124
270;12:52:22.293;0.0;13.667576;2753540
271;12:52:22.464;1.5;13.667775;2753312
272;12:52:22.635;1.5;13.666643;2753084
273;12:52:22.808;0.0;13.664776;2752708
274;12:52:22.980;0.0;13.667636;2753064
275;12:52:23.151;0.0;13.667060;2752948
276;12:52:23.323;0.0;13.668728;2753504
277;12:52:23.495;0.0;13.667656;2753508
278;12:52:23.664;5.4;13.670972;2753956
279;12:52:23.837;1.9;13.670257;2753592
280;12:52:24.009;0.0;13.672759;2754316
281;12:52:24.180;2.0;13.668569;2753472
282;12:52:24.352;0.0;13.668092;2753376
283;12:52:24.524;5.0;13.666544;2753064
284;12:52:24.697;3.0;13.668271;2753436
285;12:52:24.873;6.1;13.669185;2753596
286;12:52:25.049;4.6;13.670853;2753712
287;12:52:25.222;3.2;13.668609;2753704
288;12:52:25.393;6.2;13.666901;2753136
289;12:52:25.570;4.4;13.667278;2753212
290;12:52:25.749;6.1;13.669502;2753660
291;12:52:25.926;4.8;13.667735;2753448
292;12:52:26.099;1.8;13.667040;2753164
293;12:52:26.271;1.7;13.669860;2753732
294;12:52:26.446;5.9;13.671965;2753936
295;12:52:26.617;4.6;13.663526;2752960
296;12:52:26.790;1.9;13.665610;2753136
297;12:52:26.960;1.5;13.679848;2755524
298;12:52:27.134;2.9;13.740072;2767876
299;12:52:27.304;3.1;13.749147;2769988
300;12:52:27.475;1.5;13.750358;2770192
301;12:52:27.647;3.0;13.760485;2771768
302;12:52:27.817;3.0;13.778455;2775608
303;12:52:27.987;1.6;13.924182;2805208
304;12:52:28.156;0.0;14.076719;2835692
305;12:52:28.325;1.5;14.240575;2868700
306;12:52:28.495;3.0;14.334675;2887896
307;12:52:28.664;3.0;14.360329;2894840
308;12:52:28.834;3.2;14.468150;2914544
309;12:52:29.005;1.4;14.466462;2914204
310;12:52:29.174;2.9;14.475120;2917776
311;12:52:29.344;3.0;14.599322;2940968
312;12:52:29.514;0.0;14.754620;2974268
313;12:52:29.683;1.6;14.887340;2999548
314;12:52:29.853;2.9;14.950484;3013796
315;12:52:30.023;5.6;14.983823;3018424
316;12:52:30.192;0.0;14.981996;3017836
317;12:52:30.363;3.0;14.978660;3017644
318;12:52:30.532;3.0;14.982453;3017928
319;12:52:30.704;3.0;14.979931;3017640
320;12:52:30.874;1.6;14.990673;3019476
321;12:52:31.044;1.6;14.998656;3021664
322;12:52:31.215;0.0;15.204706;3062920
323;12:52:31.383;4.2;15.244082;3071120
324;12:52:31.553;1.6;15.279585;3078004
325;12:52:31.722;1.5;15.274423;3077224
326;12:52:31.892;1.6;15.276865;3077236
327;12:52:32.063;2.9;15.277063;3077544
328;12:52:32.234;1.5;15.374499;3096844
329;12:52:32.405;3.1;15.434347;3109668
330;12:52:32.576;4.5;15.437186;3109752
331;12:52:32.746;1.5;15.436253;3109564
332;12:52:32.919;3.1;15.439112;3110140
333;12:52:33.088;3.1;15.439569;3110476
334;12:52:33.259;2.9;15.438080;3109932
335;12:52:33.429;4.6;15.436650;3109888
336;12:52:33.600;3.2;15.438100;3109716
337;12:52:33.770;4.5;15.434784;3109528
338;12:52:33.975;5.8;15.438199;3110256
339;12:52:34.151;3.0;15.449934;3112572
340;12:52:34.321;3.1;15.450649;3112716
341;12:52:34.491;2.9;15.460815;3114292
342;12:52:34.662;2.9;15.465938;3115544
343;12:52:34.832;3.1;15.468222;3116272
344;12:52:35.003;2.9;15.475608;3117728
345;12:52:35.173;3.1;15.475648;3117768
346;12:52:35.344;1.5;15.488436;3120076
347;12:52:35.514;1.6;15.525488;3127464
348;12:52:35.685;1.6;15.527712;3127768
349;12:52:35.860;1.5;15.528725;3127972
350;12:52:36.029;2.9;15.525647;3127816
351;12:52:36.199;1.5;15.530055;3128492
352;12:52:36.369;0.0;15.530790;3128608
353;12:52:36.539;3.0;15.531842;3128820
354;12:52:36.711;3.1;15.533490;3129404
355;12:52:36.882;3.0;15.533947;3129244
356;12:52:37.053;3.0;15.531227;3128696
357;12:52:37.225;4.3;15.531902;3129076
358;12:52:37.396;3.0;15.532537;3128960
359;12:52:37.567;5.8;15.533292;3129112
360;12:52:37.738;3.1;15.534940;3129224
361;12:52:37.907;3.0;15.532577;3129212
362;12:52:38.079;1.5;15.531306;3128492
363;12:52:38.248;1.5;15.528943;3128152
364;12:52:38.421;3.1;15.528645;3127848
365;12:52:38.591;7.1;15.531763;3128804
366;12:52:38.762;1.6;15.531882;3128744
367;12:52:38.932;2.9;15.530412;3128532
368;12:52:39.101;3.2;15.532835;3128800
369;12:52:39.272;5.9;15.529340;3128316
370;12:52:39.442;3.0;15.531147;3128680
371;12:52:39.614;4.5;15.531048;3128660
372;12:52:39.784;4.3;15.531822;3129060
373;12:52:39.956;3.0;15.532974;3129048
374;12:52:40.125;3.0;15.529380;3128704
375;12:52:40.295;1.5;15.532557;3128964
376;12:52:40.466;4.5;15.532259;3129156
377;12:52:40.637;6.2;15.532497;3129000
378;12:52:40.808;1.5;15.530512;3128332
379;12:52:40.977;1.5;15.530095;3128980
380;12:52:41.148;3.0;15.529638;3128376
381;12:52:41.318;3.1;15.528963;3128240
382;12:52:41.489;3.1;15.531366;3128640
383;12:52:41.661;1.4;15.531981;3128848
384;12:52:41.831;1.6;15.534066;3129300
385;12:52:42.001;0.0;15.535595;3129356
386;12:52:42.170;1.5;15.532894;3128812
387;12:52:42.339;1.4;15.531802;3128592
388;12:52:42.508;0.0;15.530393;3128528
389;12:52:42.677;0.0;15.529658;3128380
390;12:52:42.847;0.0;15.528049;3128056
391;12:52:43.015;0.0;15.530512;3128552
392;12:52:43.185;0.0;15.531683;3128568
393;12:52:43.353;0.0;15.533550;3129164
394;12:52:43.523;0.0;15.532894;3129032
395;12:52:43.692;0.0;15.533172;3129088
396;12:52:43.861;0.0;15.532557;3128964
397;12:52:44.030;1.5;15.532537;3128960
398;12:52:44.199;0.0;15.531326;3128496
399;12:52:44.368;1.5;15.533311;3128896
400;12:52:44.536;0.0;15.534126;3129540
401;12:52:44.706;1.5;15.534880;3129432
402;12:52:44.878;1.5;15.532994;3129052
403;12:52:45.054;2.9;15.535456;3129548
404;12:52:45.231;1.5;15.536945;3130084
405;12:52:45.409;0.0;15.535575;3129572
406;12:52:45.585;3.0;15.533907;3129660
407;12:52:45.760;1.5;15.536330;3129724
408;12:52:45.932;1.6;15.536250;3129708
409;12:52:46.105;3.0;15.534165;3129288
410;12:52:46.280;1.6;15.534265;3129592
411;12:52:46.455;1.6;15.537124;3130160
412;12:52:46.630;3.0;15.537998;3129840
413;12:52:46.805;0.0;15.531465;3128524
414;12:52:46.974;0.0;15.529082;3128524
415;12:52:47.143;3.1;15.529559;3128360
416;12:52:47.313;4.6;15.529161;3128280
417;12:52:47.483;0.0;15.530432;3128568
418;12:52:47.653;1.5;15.530353;3128248
419;12:52:47.823;1.5;15.530313;3128812
420;12:52:47.993;3.0;15.532875;3128808
421;12:52:48.163;1.6;15.528347;3128368
422;12:52:48.333;1.6;15.531088;3128668
423;12:52:48.503;0.0;15.530333;3128516
424;12:52:48.672;0.0;15.532160;3129136
425;12:52:48.841;0.0;15.533133;3128860
426;12:52:49.011;1.5;15.533292;3129112
427;12:52:49.181;0.0;15.532934;3129040
428;12:52:49.350;1.5;15.535436;3129324
429;12:52:49.519;0.0;15.536528;3129804
430;12:52:49.689;0.0;15.536032;3129664
431;12:52:49.858;0.0;15.535158;3129488
432;12:52:50.027;1.5;15.535516;3129340
433;12:52:50.196;4.6;15.529936;3128716
434;12:52:50.368;3.2;15.533153;3129328
435;12:52:50.539;0.0;15.534562;3129368
436;12:52:50.709;0.0;15.533768;3129168
437;12:52:50.879;1.6;15.534185;3129292
438;12:52:51.048;1.6;15.536250;3129708
439;12:52:51.217;1.4;15.536091;3129456
440;12:52:51.387;0.0;15.534999;3129456
441;12:52:51.557;1.5;15.533589;3129432
442;12:52:51.726;1.6;15.535039;3129464
443;12:52:51.896;0.0;15.537938;3129828
444;12:52:52.065;0.0;15.535118;3129708
445;12:52:52.234;0.0;15.535118;3129260
446;12:52:52.402;0.0;15.536369;3129512
447;12:52:52.571;0.0;15.536488;3129536
448;12:52:52.739;0.0;15.536032;3129664
449;12:52:52.909;0.0;15.533709;3128976
450;12:52:53.078;1.3;15.532458;3128984
451;12:52:53.249;0.0;15.532616;3129016
452;12:52:53.418;0.0;15.533867;3129228
453;12:52:53.587;3.0;15.535436;3129324
454;12:52:53.757;1.6;15.536429;3129744
455;12:52:53.925;0.0;15.535913;3129420
456;12:52:54.094;1.5;15.534126;3129280
457;12:52:54.268;0.0;15.537402;3129940
458;12:52:54.441;2.9;15.535297;3129572
459;12:52:54.616;3.1;15.534245;3129304
460;12:52:54.785;3.0;15.537660;3129816
461;12:52:54.956;1.5;15.535377;3129532
462;12:52:55.129;0.0;15.535218;3129500
463;12:52:55.305;0.0;15.534126;3129280
464;12:52:55.480;0.0;15.534205;3129576
465;12:52:55.654;3.1;15.535138;3129264
466;12:52:55.825;3.1;15.532041;3129080
467;12:52:56.000;3.0;15.532021;3128856
468;12:52:56.173;0.0;15.531921;3129136
469;12:52:56.344;1.5;15.534900;3129680
470;12:52:56.518;2.9;15.534979;3129452
471;12:52:56.693;0.0;15.534781;3129412
472;12:52:56.865;1.5;15.535952;3129208
473;12:52:57.041;0.0;15.531763;3128804
474;12:52:57.215;0.0;15.534582;3129372
475;12:52:57.387;0.0;15.534582;3129372
476;12:52:57.560;2.9;15.537561;3129972
477;12:52:57.733;2.9;15.536191;3129476
478;12:52:57.917;1.5;15.534265;3129088
479;12:52:58.087;3.0;15.534265;3129308
480;12:52:58.262;0.0;15.534503;3129308
481;12:52:58.436;0.0;15.534344;3129324
482;12:52:58.612;1.5;15.534265;3129308
483;12:52:58.787;1.5;15.534265;3129308
484;12:52:58.958;1.5;15.534900;3129216
485;12:52:59.134;1.5;15.535952;3129648
486;12:52:59.310;1.5;15.534940;3129444
487;12:52:59.483;1.5;15.536230;3129484
488;12:52:59.662;1.5;15.532398;3128932
489;12:52:59.837;2.9;15.536588;3129776
490;12:53:00.014;1.5;15.536409;3129740
491;12:53:00.192;1.5;15.536171;3129692
492;12:53:00.366;0.0;15.533589;3129172
493;12:53:00.540;1.5;15.534265;3129528
494;12:53:00.708;0.0;15.534781;3129412
495;12:53:00.884;0.0;15.531763;3128804
496;12:53:01.060;1.6;15.534701;3129396
497;12:53:01.234;0.0;15.534066;3129268
498;12:53:01.410;0.0;15.533669;3129188
499;12:53:01.582;0.0;15.532219;3129172
500;12:53:01.753;1.5;15.533470;3129148
501;12:53:01.927;1.6;15.534761;3129408
502;12:53:02.101;0.0;15.533709;3129196
503;12:53:02.276;0.0;15.532180;3128888
504;12:53:02.450;1.6;15.531862;3128604
505;12:53:02.620;0.0;15.530929;3128684
506;12:53:02.791;1.6;15.533987;3129528
507;12:53:02.965;1.5;15.536409;3129740
508;12:53:03.140;0.0;15.535734;3129604
509;12:53:03.314;0.0;15.535496;3129336
510;12:53:03.484;0.0;15.535655;3129588
511;12:53:03.654;0.0;15.535734;3129604
512;12:53:03.826;0.0;15.536409;3129780
513;12:53:03.999;0.0;15.533669;3129188
514;12:53:04.177;1.6;15.535118;3129772
515;12:53:04.346;0.0;15.537124;3129444
516;12:53:04.518;1.5;15.533748;3129204
517;12:53:04.690;1.5;15.532775;3129236
518;12:53:04.865;0.0;15.533709;3129268
519;12:53:05.037;1.6;15.535158;3129488
520;12:53:05.212;0.0;15.535853;3129628
521;12:53:05.385;1.6;15.535535;3129612
522;12:53:05.561;0.0;15.535913;3129200
523;12:53:05.735;0.0;15.533113;3128856
524;12:53:05.911;1.5;15.533232;3129100
525;12:53:06.085;1.6;15.532616;3129032
526;12:53:06.259;1.6;15.532199;3128892
527;12:53:06.429;1.5;15.537025;3129864
528;12:53:06.603;0.0;15.536727;3129584
529;12:53:06.779;3.1;15.534026;3129040
530;12:53:06.953;0.0;15.533867;3129228
531;12:53:07.125;1.5;15.533947;3129244
532;12:53:07.298;0.0;15.535635;3129364
533;12:53:07.472;1.5;15.532239;3129136
534;12:53:07.644;1.5;15.535595;3129576
535;12:53:07.819;1.5;15.534741;3129404
536;12:53:07.991;0.0;15.536032;3129444
537;12:53:08.169;0.0;15.535615;3129580
538;12:53:08.344;0.0;15.534940;3129444
539;12:53:08.518;0.0;15.534979;3129452
540;12:53:08.687;1.5;15.532636;3128980
541;12:53:08.862;2.9;15.532477;3129180
542;12:53:09.035;5.6;15.534642;3129164
543;12:53:09.209;1.5;15.533867;3129228
544;12:53:09.383;0.0;15.535436;3129768
545;12:53:09.555;0.0;15.537243;3129908
546;12:53:09.725;0.0;15.537362;3129712
547;12:53:09.894;1.5;15.536548;3129768
548;12:53:10.070;1.5;15.534463;3129348
549;12:53:10.245;3.1;15.534463;3129128
550;12:53:10.418;0.0;15.533252;3129104
551;12:53:10.592;1.5;15.535754;3129608
552;12:53:10.768;0.0;15.535992;3129436
553;12:53:10.945;3.1;15.535019;3129240
554;12:53:11.119;1.5;15.532398;3128932
555;12:53:11.294;1.6;15.533649;3129232
556;12:53:11.462;1.6;15.533331;3129120
557;12:53:11.632;0.0;15.534562;3129148
558;12:53:11.803;4.2;15.534245;3128648
559;12:53:11.976;0.0;15.533470;3129148
560;12:53:12.148;1.5;15.535972;3129652
561;12:53:12.324;1.5;15.534880;3129432
562;12:53:12.500;2.9;15.535079;3129472
563;12:53:12.676;1.4;15.535396;3129536
564;12:53:12.853;0.0;15.535793;3129396
565;12:53:13.030;1.5;15.535833;3129624
566;12:53:13.199;2.9;15.535972;3129652
567;12:53:13.371;1.5;15.535079;3129692
568;12:53:13.547;0.0;15.535476;3129552
569;12:53:13.716;1.5;15.534066;3129536
570;12:53:13.890;1.5;15.533867;3129228
571;12:53:14.066;1.6;15.533311;3129116
572;12:53:14.236;6.0;15.533788;3129212
573;12:53:14.410;3.0;15.534721;3129180
574;12:53:14.583;3.0;15.533788;3129212
575;12:53:14.756;3.0;15.533828;3129220
576;12:53:14.928;1.4;15.533867;3129228
577;12:53:15.103;2.9;15.534662;3129388
578;12:53:15.281;1.6;15.534443;3129344
579;12:53:15.450;1.5;15.533113;3129076
580;12:53:15.622;1.5;15.533431;3128920
581;12:53:15.795;2.9;15.530770;3128604
582;12:53:15.977;1.5;15.530690;3128588
583;12:53:16.147;0.0;15.534145;3129284
584;12:53:16.321;1.5;15.532974;3129104
585;12:53:16.499;1.5;15.534543;3129144
586;12:53:16.673;1.5;15.534979;3129452
587;12:53:16.850;0.0;15.535238;3129504
588;12:53:17.025;1.5;15.535059;3129468
589;12:53:17.201;0.0;15.533192;3129092
590;12:53:17.371;1.5;15.531167;3128684
591;12:53:17.549;0.0;15.533192;3129132
592;12:53:17.718;0.0;15.535734;3129604
593;12:53:17.893;1.5;15.533292;3129112
594;12:53:18.063;1.6;15.537044;3129868
595;12:53:18.237;0.0;15.536449;3129748
596;12:53:18.409;0.0;15.535178;3129768
597;12:53:18.582;0.0;15.535615;3129140
598;12:53:18.751;1.5;15.534999;3129236
599;12:53:18.924;0.0;15.534265;3129308
600;12:53:19.094;1.6;15.536766;3129812
601;12:53:19.267;0.0;15.531782;3128808
602;12:53:19.438;1.5;15.534602;3129376
603;12:53:19.608;0.0;15.533510;3129156
604;12:53:19.780;1.5;15.533510;3129156
605;12:53:19.956;1.5;15.532616;3128976
606;12:53:20.133;0.0;15.533510;3128936
607;12:53:20.309;1.5;15.533311;3129164
608;12:53:20.483;1.5;15.533788;3129212
609;12:53:20.654;1.6;15.530730;3128596
610;12:53:20.831;1.5;15.534562;3129368
611;12:53:21.007;1.5;15.530273;3128732
612;12:53:21.180;1.5;15.531842;3128600
613;12:53:21.355;0.0;15.531723;3128796
614;12:53:21.533;0.0;15.531683;3128568
615;12:53:21.708;0.0;15.533371;3129128
616;12:53:21.881;1.5;15.533093;3129332
617;12:53:22.052;1.5;15.533411;3128916
618;12:53:22.223;1.5;15.530432;3128812
619;12:53:22.396;0.0;15.531524;3128756
620;12:53:22.569;1.5;15.531366;3128724
621;12:53:22.743;1.5;15.533550;3129164
622;12:53:22.919;1.5;15.536210;3129480
623;12:53:23.096;1.5;15.535118;3129260
624;12:53:23.272;0.0;15.535893;3129636
625;12:53:23.454;0.0;15.535257;3129508
626;12:53:23.625;1.5;15.532775;3129008
627;12:53:23.801;0.0;15.534364;3129328
628;12:53:23.978;1.5;15.531167;3128944
629;12:53:24.152;0.0;15.533252;3128932
630;12:53:24.326;1.5;15.534741;3129184
631;12:53:24.501;1.6;15.532855;3129024
632;12:53:24.672;1.5;15.532120;3128876
633;12:53:24.851;0.0;15.535317;3129536
634;12:53:25.028;1.5;15.535396;3129536
635;12:53:25.202;1.5;15.535218;3129500
636;12:53:25.380;1.5;15.535257;3129508
637;12:53:25.556;1.5;15.534920;3129440
638;12:53:25.734;1.5;15.533311;3129360
639;12:53:25.906;0.0;15.535694;3129376
640;12:53:26.078;1.6;15.533053;3129064
641;12:53:26.248;1.5;15.534463;3128908
642;12:53:26.422;0.0;15.533212;3129096
643;12:53:26.596;0.0;15.534384;3129332
644;12:53:26.772;0.0;15.533252;3129104
645;12:53:26.949;1.5;15.533331;3128940
646;12:53:27.125;2.9;15.532875;3129248
647;12:53:27.301;1.6;15.533728;3129200
648;12:53:27.470;0.0;15.533450;3129144
649;12:53:27.644;1.6;15.534900;3129436
650;12:53:27.817;1.6;15.535138;3129484
651;12:53:27.992;0.0;15.533470;3129148
652;12:53:28.165;0.0;15.531941;3128840
653;12:53:28.340;1.6;15.533113;3129076
654;12:53:28.512;1.6;15.534562;3129368
655;12:53:28.681;1.5;15.533431;3129140
656;12:53:28.853;0.0;15.533153;3129336
657;12:53:29.025;1.5;15.528963;3128524
658;12:53:29.195;2.9;15.531187;3128940
659;12:53:29.366;0.0;15.531504;3128752
660;12:53:29.539;0.0;15.535456;3129548
661;12:53:29.709;1.5;15.534046;3129044
662;12:53:29.877;1.5;15.534682;3129660
663;12:53:30.055;0.0;15.531524;3129040
664;12:53:30.224;1.5;15.529400;3128328
665;12:53:30.394;0.0;15.531425;3128736
666;12:53:30.564;2.9;15.531584;3128768
667;12:53:30.737;1.5;15.530492;3128548
668;12:53:30.910;1.5;15.531822;3129044
669;12:53:31.087;1.5;15.533391;3129384
670;12:53:31.266;1.5;15.534761;3129408
671;12:53:31.441;1.5;15.533828;3129220
672;12:53:31.622;1.5;15.535694;3129376
673;12:53:31.801;0.0;15.534761;3129408
674;12:53:31.974;1.5;15.535853;3129628
675;12:53:32.143;1.5;15.536012;3129660
676;12:53:32.317;1.6;15.537422;3129960
677;12:53:32.489;0.0;15.535238;3129284
678;12:53:32.665;3.0;15.535793;3129616
679;12:53:32.840;3.0;15.534940;3129680
680;12:53:33.017;0.0;15.535674;3129372
681;12:53:33.190;1.6;15.533351;3129124
682;12:53:33.364;0.0;15.534443;3129344
683;12:53:33.537;1.5;15.535694;3129596
684;12:53:33.708;8.9;15.535377;3129532
685;12:53:33.880;4.1;15.537025;3129864
686;12:53:34.053;3.0;15.533828;3129000
687;12:53:34.223;1.5;15.538355;3129912
688;12:53:34.400;1.5;15.536369;3129732
689;12:53:34.576;1.6;15.534106;3129528
690;12:53:34.748;0.0;15.536687;3129796
691;12:53:34.925;0.0;15.536151;3129468
692;12:53:35.094;3.1;15.534423;3129748
693;12:53:35.276;1.5;15.533629;3129236
694;12:53:35.448;1.5;15.533788;3129212
695;12:53:35.622;0.0;15.534721;3129660
696;12:53:35.795;1.6;15.534721;3129180
697;12:53:35.966;1.5;15.531921;3129080
698;12:53:36.138;0.0;15.532378;3128928
699;12:53:36.310;1.5;15.532418;3128936
700;12:53:36.486;1.5;15.534245;3129304
701;12:53:36.659;0.0;15.535655;3129368
702;12:53:36.827;0.0;15.534562;3129376
703;12:53:36.996;0.0;15.533311;3129116
704;12:53:37.169;1.5;15.535655;3129588
705;12:53:37.343;3.0;15.535496;3129556
706;12:53:37.516;1.5;15.533153;3129344
707;12:53:37.688;1.4;15.534245;3129084
708;12:53:37.861;1.5;15.534562;3129368
709;12:53:38.032;0.0;15.534483;3129132
710;12:53:38.203;1.5;15.535813;3129620
711;12:53:38.377;0.0;15.534562;3129636
712;12:53:38.547;1.5;15.536012;3129440
713;12:53:38.718;1.6;15.533311;3129116
714;12:53:38.887;1.5;15.533311;3128896
715;12:53:39.061;1.6;15.532060;3128864
716;12:53:39.237;0.0;15.533311;3129116
717;12:53:39.411;1.5;15.533470;3128708
718;12:53:39.590;1.6;15.534880;3129432
719;12:53:39.762;1.5;15.534761;3129188
720;12:53:39.936;0.0;15.534761;3129408
721;12:53:40.112;1.5;15.532259;3128904
722;12:53:40.287;1.4;15.534960;3129448
723;12:53:40.465;0.0;15.536290;3129716
724;12:53:40.641;0.0;15.534880;3129432
725;12:53:40.820;0.0;15.533311;3129384
726;12:53:41.001;1.5;15.533351;3129148
727;12:53:41.176;1.5;15.535019;3129240
728;12:53:41.346;0.0;15.532319;3128916
729;12:53:41.523;1.6;15.534979;3129736
730;12:53:41.698;0.0;15.535377;3129312
731;12:53:41.870;3.1;15.533192;3129092
732;12:53:42.042;0.0;15.535774;3129612
733;12:53:42.214;3.0;15.529777;3128656
734;12:53:42.383;1.5;15.528169;3128356
735;12:53:42.553;1.5;15.530750;3129128
736;12:53:42.727;1.5;15.533609;3129176
737;12:53:42.903;0.0;15.534821;3129200
738;12:53:43.079;0.0;15.532755;3129028
739;12:53:43.253;0.0;15.531941;3128840
740;12:53:43.428;0.0;15.533589;3129172
741;12:53:43.600;0.0;15.534602;3129376
742;12:53:43.769;1.5;15.535932;3129424
743;12:53:43.942;1.6;15.536171;3129692
744;12:53:44.111;0.0;15.535853;3129408
745;12:53:44.287;0.0;15.535853;3129408
746;12:53:44.460;1.5;15.534284;3129312
747;12:53:44.628;0.0;15.534443;3129344
748;12:53:44.803;0.0;15.534443;3129344
749;12:53:44.980;0.0;15.534443;3129344
750;12:53:45.152;1.5;15.534046;3129264
751;12:53:45.327;0.0;15.534006;3129256
752;12:53:45.505;3.0;15.532716;3128996
753;12:53:45.675;1.6;15.534443;3129124
754;12:53:45.845;1.5;15.532259;3129172
755;12:53:46.019;0.0;15.533431;3129204
756;12:53:46.193;0.0;15.534662;3129168
757;12:53:46.370;1.5;15.533748;3129204
758;12:53:46.547;0.0;15.531564;3128764
759;12:53:46.720;1.5;15.533828;3129220
760;12:53:46.901;3.0;15.535476;3129552
761;12:53:47.076;0.0;15.534701;3129172
762;12:53:47.250;1.5;15.533053;3129064
763;12:53:47.429;0.0;15.531683;3128788
764;12:53:47.600;0.0;15.533411;3129136
765;12:53:47.776;1.5;15.534344;3129584
766;12:53:47.951;0.0;15.534344;3129324
767;12:53:48.124;0.0;15.536071;3129428
768;12:53:48.298;0.0;15.536846;3129388
769;12:53:48.473;1.6;15.534662;3129388
770;12:53:48.646;1.5;15.534344;3129324
771;12:53:48.819;2.9;15.535754;3129388
772;12:53:48.997;1.6;15.534503;3129356
773;12:53:49.169;1.5;15.536727;3129584
774;12:53:49.350;1.4;15.535238;3129284
775;12:53:49.522;3.0;15.534781;3129412
776;12:53:49.697;0.0;15.534900;3129436
777;12:53:49.869;1.5;15.534860;3129428
778;12:53:50.040;0.0;15.532795;3129280
779;12:53:50.208;1.6;15.532954;3129044
780;12:53:50.378;1.4;15.534900;3129484
781;12:53:50.547;2.9;15.535297;3129516
782;12:53:50.724;1.5;15.534483;3129352
783;12:53:50.900;1.5;15.534761;3129408
784;12:53:51.076;1.5;15.535615;3129360
785;12:53:51.252;3.0;15.532894;3128812
786;12:53:51.431;4.3;15.535238;3129504
787;12:53:51.599;5.5;15.534761;3129528
788;12:53:51.774;1.4;15.533967;3129248
789;12:53:51.946;1.5;15.535079;3129472
790;12:53:52.120;5.8;15.532577;3128968
791;12:53:52.295;7.1;15.532835;3129244
792;12:53:52.465;1.5;15.534920;3129440
793;12:53:52.640;1.5;15.533669;3129188
794;12:53:52.814;3.0;15.535277;3129332
795;12:53:52.986;4.5;15.534622;3129380
796;12:53:53.158;2.9;15.533033;3129060
797;12:53:53.328;3.0;15.535396;3129536
798;12:53:53.502;6.0;15.535714;3129600
799;12:53:53.673;3.0;15.534582;3129372
800;12:53:53.845;4.3;15.534642;3129384
801;12:53:54.018;0.0;15.535595;3129576
802;12:53:54.194;1.5;15.534145;3129284
803;12:53:54.367;1.5;15.532815;3129016
804;12:53:54.539;3.0;15.534344;3129104
805;12:53:54.711;0.0;15.532974;3129048
806;12:53:54.884;0.0;15.533133;3128860
807;12:53:55.060;1.5;15.533907;3129236
808;12:53:55.236;1.5;15.531643;3129040
809;12:53:55.483;1.5;15.536608;3129780
810;12:53:55.660;0.0;15.534423;3129340
811;12:53:55.831;0.0;15.532855;3129024
812;12:53:56.005;0.0;15.531445;3128740
813;12:53:56.175;0.0;15.531882;3128828
814;12:53:56.357;1.4;15.533033;3129352
815;12:53:56.533;0.0;15.531266;3128704
816;12:53:56.709;0.0;15.535099;3129476
817;12:53:56.882;1.5;15.535257;3129508
818;12:53:57.057;0.0;15.534245;3129304
819;12:53:57.231;1.5;15.532914;3129220
820;12:53:57.404;0.0;15.533808;3129216
821;12:53:57.577;1.5;15.534364;3129328
822;12:53:57.749;0.0;15.535138;3129264
823;12:53:57.924;0.0;15.533967;3129248
824;12:53:58.098;0.0;15.532835;3129020
825;12:53:58.275;1.5;15.532875;3129028
826;12:53:58.449;1.6;15.534046;3129264
827;12:53:58.621;0.0;15.534205;3129320
828;12:53:58.805;0.0;15.536866;3129832
829;12:53:58.978;0.0;15.534046;3129264
830;12:53:59.147;0.0;15.532954;3129044
831;12:53:59.325;1.6;15.532398;3128932
832;12:53:59.496;1.5;15.532418;3128936
833;12:53:59.669;1.6;15.533589;3129172
834;12:53:59.845;0.0;15.532656;3128984
835;12:54:00.020;1.5;15.532755;3128784
836;12:54:00.196;0.0;15.532358;3128760
837;12:54:00.372;0.0;15.530015;3128452
838;12:54:00.548;0.0;15.532120;3128876
839;12:54:00.726;0.0;15.533728;3129200
840;12:54:00.901;0.0;15.532160;3128884
841;12:54:01.074;0.0;15.534741;3129404
842;12:54:01.248;0.0;15.532239;3128900
843;12:54:01.421;0.0;15.530532;3128556
844;12:54:01.591;0.0;15.534046;3129580
845;12:54:01.761;0.0;15.534721;3129400
846;12:54:01.936;0.0;15.534682;3129392
847;12:54:02.114;0.0;15.534960;3129228
848;12:54:02.285;1.5;15.531445;3128772
849;12:54:02.463;1.5;15.533748;3128984
850;12:54:02.637;0.0;15.532497;3128952
851;12:54:02.816;1.5;15.531405;3128732
852;12:54:02.989;0.0;15.532815;3129016
853;12:54:03.159;1.5;15.534185;3129292
854;12:54:03.337;1.6;15.535476;3129552
855;12:54:03.511;1.6;15.534503;3129356
856;12:54:03.681;0.0;15.533907;3129236
857;12:54:03.855;0.0;15.534860;3129728
858;12:54:04.028;0.0;15.537978;3130056
859;12:54:04.204;1.5;15.537005;3129860
860;12:54:04.377;0.0;15.535436;3129544
861;12:54:04.547;0.0;15.535635;3129584
862;12:54:04.717;0.0;15.535277;3129292
863;12:54:04.889;0.0;15.533947;3129244
864;12:54:05.064;0.0;15.534265;3129308
865;12:54:05.240;0.0;15.531366;3128504
866;12:54:05.415;0.0;15.532736;3128780
867;12:54:05.592;1.6;15.535416;3129320
868;12:54:05.764;0.0;15.533808;3128776
869;12:54:05.942;1.5;15.533530;3128940
870;12:54:06.120;1.6;15.531068;3128664
871;12:54:06.294;1.5;15.530532;3128800
872;12:54:06.468;1.5;15.535813;3129620
873;12:54:06.643;1.6;15.535774;3129848
874;12:54:06.813;0.0;15.534443;3129344
875;12:54:06.983;1.5;15.534205;3129296
876;12:54:07.157;1.6;15.531782;3128808
877;12:54:07.328;1.5;15.530968;3128912
878;12:54:07.503;2.9;15.531246;3128700
879;12:54:07.681;1.5;15.532616;3128976
880;12:54:07.858;0.0;15.532537;3128960
881;12:54:08.034;1.5;15.536727;3129804
882;12:54:08.206;1.5;15.535694;3129596
883;12:54:08.380;3.0;15.534602;3129376
884;12:54:08.565;1.5;15.529300;3128308
885;12:54:08.737;0.0;15.530532;3128556
886;12:54:08.914;0.0;15.535496;3129556
887;12:54:09.090;1.5;15.535575;3129572
888;12:54:09.264;1.5;15.534364;3129328
889;12:54:09.440;0.0;15.535456;3129548
890;12:54:09.613;2.9;15.533391;3128912
891;12:54:09.786;0.0;15.533709;3129196
892;12:54:09.960;1.5;15.531564;3129024
893;12:54:10.135;3.0;15.531941;3128620
894;12:54:10.308;1.5;15.533589;3129172
895;12:54:10.482;1.6;15.532537;3129212
896;12:54:10.653;13.2;15.533967;3129248
897;12:54:10.823;1.5;15.533967;3129248
898;12:54:11.008;1.5;15.535277;3129072
899;12:54:11.180;12.5;15.532835;3129020
900;12:54:11.351;11.0;15.533490;3129152
901;12:54:11.523;5.7;15.536270;3129712
902;12:54:11.697;6.0;15.536349;3129288
903;12:54:11.869;6.2;15.534741;3129404
904;12:54:12.040;1.6;15.533927;3129288
905;12:54:12.211;2.9;15.531902;3129124
906;12:54:12.388;1.6;15.530770;3128972
907;12:54:12.558;1.5;15.534682;3129220
908;12:54:12.733;1.5;15.536806;3130064
909;12:54:12.907;3.0;15.534840;3129204
910;12:54:13.078;0.0;15.533788;3128992
911;12:54:13.248;1.5;15.531385;3128728
912;12:54:13.421;0.0;15.531981;3128848
913;12:54:13.600;3.0;15.535079;3129252
914;12:54:13.770;1.6;15.536171;3129472
915;12:54:13.938;1.5;15.535118;3129040
916;12:54:14.113;1.5;15.533212;3129356
917;12:54:14.290;0.0;15.532795;3129012
918;12:54:14.464;0.0;15.534979;3129452
919;12:54:14.633;0.0;15.530333;3128516
920;12:54:14.806;0.0;15.532140;3128880
921;12:54:14.985;1.6;15.533907;3129236
922;12:54:15.153;1.6;15.532636;3129028
923;12:54:15.325;1.5;15.532914;3128816
924;12:54:15.503;0.0;15.531207;3128472
925;12:54:15.679;1.6;15.531366;3128724
926;12:54:15.853;0.0;15.531246;3128480
927;12:54:16.023;1.5;15.529916;3128432
928;12:54:16.196;3.0;15.531663;3128784
929;12:54:16.374;1.6;15.531425;3128736
930;12:54:16.547;1.5;15.534245;3129304
931;12:54:16.721;1.5;15.533728;3129200
932;12:54:16.897;0.0;15.535138;3129264
933;12:54:17.071;1.5;15.533609;3128956
934;12:54:17.248;1.5;15.529916;3128432
935;12:54:17.425;1.6;15.529837;3128416
936;12:54:17.597;1.5;15.532259;3128880
937;12:54:17.766;0.0;15.534920;3129220
938;12:54:17.941;1.5;15.532577;3128748
939;12:54:18.110;0.0;15.531643;3128780
940;12:54:18.280;0.0;15.531524;3128756
941;12:54:18.456;0.0;15.531763;3129056
942;12:54:18.631;1.5;15.534265;3129088
943;12:54:18.805;1.5;15.531683;3129048
944;12:54:18.979;3.0;15.534225;3129300
945;12:54:19.151;0.0;15.531643;3128560
946;12:54:19.328;1.4;15.530869;3128624
947;12:54:19.504;1.5;15.534940;3129224
948;12:54:19.681;1.5;15.535138;3129276
949;12:54:19.858;1.6;15.534304;3129592
950;12:54:20.026;0.0;15.536846;3129828
951;12:54:20.200;0.0;15.536469;3129532
952;12:54:20.370;1.5;15.535655;3129588
953;12:54:20.543;0.0;15.536151;3129688
954;12:54:20.719;1.6;15.533887;3129232
955;12:54:20.891;0.0;15.532398;3128932
956;12:54:21.060;1.5;15.532795;3129012
957;12:54:21.237;1.5;15.532537;3128960
958;12:54:21.416;0.0;15.533589;3129212
959;12:54:21.588;0.0;15.531048;3129180
960;12:54:21.758;3.1;15.533629;3129180
961;12:54:21.933;0.0;15.535218;3129500
962;12:54:22.109;1.5;15.533848;3129224
963;12:54:22.284;1.5;15.535099;3129476
964;12:54:22.460;1.5;15.535099;3129720
965;12:54:22.629;2.9;15.534701;3129396
966;12:54:22.806;1.5;15.534145;3129284
967;12:54:22.988;1.5;15.534463;3129348
968;12:54:23.162;0.0;15.533371;3129128
969;12:54:23.332;1.5;15.536071;3129452
970;12:54:23.503;4.1;15.534821;3129200
971;12:54:23.674;5.6;15.531683;3128788
972;12:54:23.846;2.9;15.530909;3128412
973;12:54:24.017;0.0;15.529777;3128808
974;12:54:24.189;2.9;15.533033;3129060
975;12:54:24.359;0.0;15.535238;3129504
976;12:54:24.528;0.0;15.534145;3129112
977;12:54:24.702;1.5;15.535793;3129616
978;12:54:24.878;3.0;15.535555;3129568
979;12:54:25.055;0.0;15.535873;3129632
980;12:54:25.231;0.0;15.533212;3129096
981;12:54:25.405;1.5;15.535793;3129396
982;12:54:25.581;1.5;15.534423;3129340
983;12:54:25.757;1.6;15.534622;3129380
984;12:54:25.927;1.5;15.534900;3129436
985;12:54:26.102;1.5;15.534979;3129452
986;12:54:26.274;1.5;15.534900;3129436
987;12:54:26.444;1.5;15.533848;3129004
988;12:54:26.613;1.5;15.531405;3128984
989;12:54:26.786;0.0;15.536091;3129456
990;12:54:26.959;1.5;15.534523;3129848
991;12:54:27.131;1.5;15.536707;3129580
992;12:54:27.304;1.5;15.534324;3129604
993;12:54:27.476;1.5;15.534364;3129328
994;12:54:27.650;1.5;15.533272;3129084
995;12:54:27.823;3.0;15.534185;3129292
996;12:54:27.994;0.0;15.533033;3129060
997;12:54:28.167;4.4;15.532140;3128880
998;12:54:28.337;3.0;15.532577;3129228
999;12:54:28.507;1.5;15.532577;3129016
1000;12:54:28.676;3.0;15.533450;3129144
1001;12:54:28.847;0.0;15.535277;3129512
1002;12:54:29.017;1.5;15.531961;3128860
1003;12:54:29.186;0.0;15.532775;3128788
1004;12:54:29.355;0.0;15.531366;3128724
1005;12:54:29.523;1.6;15.531445;3128740
1006;12:54:29.693;1.5;15.531524;3128756
1007;12:54:29.862;0.0;15.531763;3128804
1008;12:54:30.031;0.0;15.531524;3128756
1009;12:54:30.200;0.0;15.532775;3129008
1010;12:54:30.369;0.0;15.531683;3128788
1011;12:54:30.539;0.0;15.531524;3128756
1012;12:54:30.708;0.0;15.531604;3128772
1013;12:54:30.879;0.0;15.531524;3128756
1014;12:54:31.048;0.0;15.532894;3129032
1015;12:54:31.218;0.0;15.531485;3128528
1016;12:54:31.386;0.0;15.531326;3128716
1017;12:54:31.556;0.0;15.531326;3128716
1018;12:54:31.725;1.5;15.532438;3128940
1019;12:54:31.897;1.6;15.532954;3128824
1020;12:54:32.066;0.0;15.532755;3129004
1021;12:54:32.237;0.0;15.534205;3129076
1022;12:54:32.406;0.0;15.532954;3128824
1023;12:54:32.576;1.5;15.530690;3128588
1024;12:54:32.745;0.0;15.530412;3128792
1025;12:54:32.914;0.0;15.532755;3129004
1026;12:54:33.083;0.0;15.532914;3129036
1027;12:54:33.252;1.5;15.532755;3128784
1028;12:54:33.422;0.0;15.531346;3128500
1029;12:54:33.591;1.5;15.530571;3128344
1030;12:54:33.761;1.6;15.531008;3128212
1031;12:54:33.931;0.0;15.529161;3128060
1032;12:54:34.101;1.5;15.527950;3128036
1033;12:54:34.270;0.0;15.531584;3128768
1034;12:54:34.441;0.0;15.534245;3129304
1035;12:54:34.611;0.0;15.533232;3128880
1036;12:54:34.781;0.0;15.533709;3129196
1037;12:54:34.950;0.0;15.531504;3128752
1038;12:54:35.120;0.0;15.530492;3128500
1039;12:54:35.290;0.0;15.529161;3128280
1040;12:54:35.461;1.5;15.531743;3129036
1041;12:54:35.630;0.0;15.532755;3128784
1042;12:54:35.799;1.6;15.529479;3128424
1043;12:54:35.970;0.0;15.530254;3128500
1044;12:54:36.141;0.0;15.531346;3128500
1045;12:54:36.311;0.0;15.530214;3128492
1046;12:54:36.481;1.4;15.531465;3128744
1047;12:54:36.650;0.0;15.529976;3128224
1048;12:54:36.821;1.5;15.531346;3128720
1049;12:54:36.991;1.6;15.531306;3128492
1050;12:54:37.161;0.0;15.528963;3128500
1051;12:54:37.330;0.0;15.528963;3128020
1052;12:54:37.498;1.5;15.530194;3128488
1053;12:54:37.668;0.0;15.529221;3128560
1054;12:54:37.837;0.0;15.530790;3128388
1055;12:54:38.006;0.0;15.528784;3128228
1056;12:54:38.175;1.5;15.528943;3128284
1057;12:54:38.345;0.0;15.528943;3128236
1058;12:54:38.515;0.0;15.527970;3128292
1059;12:54:38.685;0.0;15.527692;3127764
1060;12:54:38.854;1.6;15.533252;3128884
1061;12:54:39.023;0.0;15.530313;3128512
1062;12:54:39.193;0.0;15.532855;3129024
1063;12:54:39.364;1.5;15.531921;3128616
1064;12:54:39.533;1.5;15.531107;3128940
1065;12:54:39.703;0.0;15.530333;3128296
1066;12:54:39.874;1.5;15.532021;3128856
1067;12:54:40.043;1.5;15.531445;3128520
1068;12:54:40.212;0.0;15.530234;3128276
1069;12:54:40.382;1.6;15.532696;3128992
1070;12:54:40.552;1.6;15.531485;3128748
1071;12:54:40.721;0.0;15.531524;3128756
1072;12:54:40.891;0.0;15.531921;3128836
1073;12:54:41.060;0.0;15.530194;3128756
1074;12:54:41.231;0.0;15.528784;3128464
1075;12:54:41.401;0.0;15.530035;3128488
1076;12:54:41.571;1.5;15.531246;3128480
1077;12:54:41.741;1.5;15.530154;3128260
1078;12:54:41.910;0.0;15.532001;3128852
1079;12:54:42.080;1.6;15.530512;3128552
1080;12:54:42.250;1.6;15.532815;3129244
1081;12:54:42.420;0.0;15.532497;3128952
1082;12:54:42.589;0.0;15.532497;3128732
1083;12:54:42.758;0.0;15.533748;3129204
1084;12:54:42.928;1.6;15.531246;3128700
1085;12:54:43.097;0.0;15.530770;3128604
1086;12:54:43.266;1.6;15.533431;3128920
1087;12:54:43.437;0.0;15.533431;3129140
1088;12:54:43.606;1.6;15.533272;3128888
1089;12:54:43.775;0.0;15.530929;3128636
1090;12:54:43.943;0.0;15.531405;3128732
1091;12:54:44.113;0.0;15.530889;3128628
1092;12:54:44.282;0.0;15.532180;3128888
1093;12:54:44.451;0.0;15.531088;3128668
1094;12:54:44.622;1.5;15.529837;3128416
1095;12:54:44.791;0.0;15.529519;3128400
1096;12:54:44.961;0.0;15.532180;3128668
1097;12:54:45.131;0.0;15.530770;3128604
1098;12:54:45.300;0.0;15.529519;3128392
1099;12:54:45.470;0.0;15.533272;3129108
1100;12:54:45.639;0.0;15.532180;3128888
1101;12:54:45.809;1.6;15.531167;3128684
1102;12:54:45.978;0.0;15.530770;3128604
1103;12:54:46.148;0.0;15.530770;3128604
1104;12:54:46.318;0.0;15.533272;3129108
1105;12:54:46.488;1.3;15.532021;3128636
1106;12:54:46.657;0.0;15.531207;3128692
1107;12:54:46.826;3.1;15.534503;3129136
1108;12:54:46.995;0.0;15.533411;3128916
1109;12:54:47.165;0.0;15.530829;3128616
1110;12:54:47.335;1.5;15.530829;3128616
1111;12:54:47.505;0.0;15.530869;3128624
1112;12:54:47.673;0.0;15.529737;3128176
1113;12:54:47.842;1.5;15.531028;3128656
1114;12:54:48.012;0.0;15.530790;3128608
1115;12:54:48.181;0.0;15.530988;3128908
1116;12:54:48.351;0.0;15.530829;3128396
1117;12:54:48.520;0.0;15.529817;3128412
1118;12:54:48.689;0.0;15.529737;3128396
1119;12:54:48.859;1.5;15.528486;3127924
1120;12:54:49.029;0.0;15.529896;3128672
1121;12:54:49.198;0.0;15.534582;3129152
1122;12:54:49.367;1.5;15.533331;3128900
1123;12:54:49.537;0.0;15.532239;3129152
1124;12:54:49.706;0.0;15.533331;3129120
1125;12:54:49.875;1.5;15.533689;3128972
1126;12:54:50.044;1.5;15.535992;3129656
1127;12:54:50.214;0.0;15.538732;3130208
1128;12:54:50.383;0.0;15.536151;3129688
1129;12:54:50.553;1.5;15.536151;3129688
1130;12:54:50.723;1.5;15.536786;3129816
1131;12:54:50.893;0.0;15.537481;3129956
1132;12:54:51.065;0.0;15.537422;3129724
1133;12:54:51.236;5.6;15.535972;3129652
1134;12:54:51.406;1.6;15.540420;3130548
1135;12:54:51.578;0.0;15.534582;3129372
1136;12:54:51.749;1.5;15.540916;3130648
1137;12:54:51.919;0.0;15.547191;3131692
1138;12:54:52.089;3.2;15.539487;3130360
1139;12:54:52.260;3.0;15.532815;3129016
1140;12:54:52.431;0.0;15.538295;3130356
1141;12:54:52.600;1.6;15.535297;3129516
1142;12:54:52.770;0.0;15.535456;3129548
1143;12:54:52.939;3.1;15.537819;3130004
1144;12:54:53.109;1.6;15.536826;3129824
1145;12:54:53.280;3.1;15.536806;3130080
1146;12:54:53.449;0.0;15.537064;3130140
1147;12:54:53.618;1.5;15.538315;3129904
1148;12:54:53.788;3.2;15.538474;3130156
1149;12:54:53.959;1.6;15.538315;3129900
1150;12:54:54.130;0.0;15.537839;3129808
1151;12:54:54.299;3.1;15.536826;3129604
1152;12:54:54.468;3.1;15.535655;3129628
1153;12:54:54.638;1.6;15.535178;3129492
1154;12:54:54.808;3.0;15.534245;3129084
1155;12:54:54.979;0.0;15.535039;3129464
1156;12:54:55.148;0.0;15.533292;3129112
1157;12:54:55.316;1.5;15.533649;3129184
1158;12:54:55.486;0.0;15.534006;3129036
1159;12:54:55.657;0.0;15.537342;3129928
1160;12:54:55.827;0.0;15.535476;3130028
1161;12:54:55.998;0.0;15.538752;3130212
1162;12:54:56.168;0.0;15.541631;3130792
1163;12:54:56.339;3.1;15.538037;3130068
1164;12:54:56.510;1.5;15.536131;3129684
1165;12:54:56.679;1.5;15.537700;3130000
1166;12:54:56.848;0.0;15.536369;3129732
1167;12:54:57.018;1.6;15.539169;3130296
1168;12:54:57.187;0.0;15.537342;3129708
1169;12:54:57.358;0.0;15.540579;3130360
1170;12:54:57.529;0.0;15.538832;3130228
1171;12:54:57.699;1.6;15.539765;3130496
1172;12:54:57.869;0.0;15.538355;3130132
1173;12:54:58.037;1.6;15.539566;3130376
1174;12:54:58.209;1.6;15.535575;3129352
1175;12:54:58.378;0.0;15.537958;3129832
1176;12:54:58.547;0.0;15.536667;3129572
1177;12:54:58.715;0.0;15.534642;3129644
1178;12:54:58.884;0.0;15.537918;3130044
1179;12:54:59.054;0.0;15.540579;3130360
1180;12:54:59.226;0.0;15.538851;3130232
1181;12:54:59.395;0.0;15.538216;3130104
1182;12:54:59.565;0.0;15.538375;3129916
1183;12:54:59.734;0.0;15.538534;3130168
1184;12:54:59.903;1.5;15.540142;3130272
1185;12:55:00.075;1.6;15.538832;3130228
1186;12:55:00.244;1.5;15.538712;3130204
1187;12:55:00.413;0.0;15.540162;3130496
1188;12:55:00.583;1.5;15.537739;3130008
1189;12:55:00.753;1.5;15.538673;3129976
1190;12:55:00.924;1.5;15.537898;3129820
1191;12:55:01.094;0.0;15.538990;3130260
1192;12:55:01.265;1.6;15.537422;3129944
1193;12:55:01.434;1.5;15.538097;3130080
1194;12:55:01.603;0.0;15.537739;3129788
1195;12:55:01.772;1.5;15.539090;3130280
1196;12:55:01.941;0.0;15.541274;3130720
1197;12:55:02.110;3.2;15.540678;3130844
1198;12:55:02.281;1.6;15.538633;3130188
1199;12:55:02.451;0.0;15.540202;3130284
1200;12:55:02.622;1.5;15.539268;3130316
1201;12:55:02.793;0.0;15.538176;3130096
1202;12:55:02.964;1.5;15.538335;3130128
1203;12:55:03.136;0.0;15.539268;3130096
1204;12:55:03.306;0.0;15.540877;3130640
1205;12:55:03.474;1.6;15.539467;3130356
1206;12:55:03.643;1.5;15.539427;3130128
1207;12:55:03.814;0.0;15.537600;3129980
1208;12:55:03.983;5.6;15.538137;3129644
1209;12:55:04.154;1.6;15.535039;3129464
1210;12:55:04.326;0.0;15.540718;3130608
1211;12:55:04.497;1.5;15.540043;3130252
1212;12:55:04.668;0.0;15.537819;3130024
1213;12:55:04.837;1.5;15.536568;3129812
1214;12:55:05.007;0.0;15.539030;3130048
1215;12:55:05.176;0.0;15.535516;3129560
1216;12:55:05.347;3.0;15.536608;3129780
1217;12:55:05.517;1.5;15.536647;3129788
1218;12:55:05.687;1.5;15.536886;3129836
1219;12:55:05.858;1.6;15.537322;3129924
1220;12:55:06.027;1.6;15.539864;3129996
1221;12:55:06.197;1.6;15.538673;3130196
1222;12:55:06.368;1.6;15.538673;3130196
1223;12:55:06.537;0.0;15.537779;3129796
1224;12:55:06.706;0.0;15.535754;3129876
1225;12:55:06.876;1.4;15.534145;3129528
1226;12:55:07.046;1.5;15.541453;3130756
1227;12:55:07.216;0.0;15.540678;3130616
1228;12:55:07.387;1.5;15.539427;3130348
1229;12:55:07.557;1.5;15.539129;3130288
1230;12:55:07.728;4.3;15.537700;3130000
1231;12:55:07.899;1.5;15.538017;3130112
1232;12:55:08.069;1.5;15.537402;3129940
1233;12:55:08.239;0.0;15.539189;3130528
1234;12:55:08.407;1.5;15.538415;3130144
1235;12:55:08.577;0.0;15.540678;3130380
1236;12:55:08.747;1.6;15.539626;3130388
1237;12:55:08.916;0.0;15.538335;3130128
1238;12:55:09.086;1.5;15.540857;3130636
1239;12:55:09.256;0.0;15.538633;3129968
1240;12:55:09.425;1.5;15.538613;3130444
1241;12:55:09.595;1.6;15.539288;3130320
1242;12:55:09.764;1.6;15.537680;3129996
1243;12:55:09.935;1.4;15.536886;3129836
1244;12:55:10.104;1.6;15.538613;3130184
1245;12:55:10.274;3.2;15.539705;3130184
1246;12:55:10.443;1.5;15.537680;3129996
1247;12:55:10.613;0.0;15.537680;3129996
1248;12:55:10.783;1.6;15.536945;3129848
1249;12:55:10.953;0.0;15.535019;3129460
1250;12:55:11.122;1.6;15.537640;3129988
1251;12:55:11.291;1.5;15.537998;3130320
1252;12:55:11.459;0.0;15.537998;3130060
1253;12:55:11.629;0.0;15.538156;3130092
1254;12:55:11.799;0.0;15.538554;3130172
1255;12:55:11.968;1.6;15.539626;3130388
1256;12:55:12.138;0.0;15.540023;3130248
1257;12:55:12.308;0.0;15.537739;3130008
1258;12:55:12.477;0.0;15.537700;3130000
1259;12:55:12.647;1.6;15.538415;3129924
1260;12:55:12.816;0.0;15.537442;3129948
1261;12:55:12.985;0.0;15.536508;3130028
1262;12:55:13.154;1.5;15.541333;3130512
1263;12:55:13.324;1.5;15.540817;3130628
1264;12:55:13.493;1.6;15.540698;3130604
1265;12:55:13.663;0.0;15.538315;3130124
1266;12:55:13.833;1.6;15.540261;3130296
1267;12:55:14.003;0.0;15.536469;3129532
1268;12:55:14.172;1.6;15.536905;3130108
1269;12:55:14.341;0.0;15.539169;3130296
1270;12:55:14.510;1.5;15.538335;3129908
1271;12:55:14.680;1.5;15.539010;3130264
1272;12:55:14.848;1.5;15.537819;3130024
1273;12:55:15.018;1.4;15.538554;3130172
1274;12:55:15.188;1.6;15.537720;3130248
1275;12:55:15.357;0.0;15.536409;3130228
1276;12:55:15.527;3.1;15.543240;3130568
1277;12:55:15.697;3.1;15.538216;3130584
1278;12:55:15.866;1.5;15.535674;3129508
1279;12:55:16.036;3.1;15.537442;3130176
1280;12:55:16.210;0.0;15.536469;3129532
1281;12:55:16.379;1.6;15.539765;3130416
1282;12:55:16.548;1.6;15.538693;3129980
1283;12:55:16.717;1.5;15.537243;3129688
1284;12:55:16.886;0.0;15.535059;3129468
1285;12:55:17.056;1.6;15.535992;3129656
1286;12:55:17.226;1.6;15.537600;3129980
1287;12:55:17.395;1.5;15.539189;3130300
1288;12:55:17.564;1.6;15.540460;3130336
1289;12:55:17.734;1.6;15.540281;3130520
1290;12:55:17.903;0.0;15.540082;3130480
1291;12:55:18.073;1.5;15.538911;3130244
1292;12:55:18.242;0.0;15.537779;3129796
1293;12:55:18.411;0.0;15.537203;3129900
1294;12:55:18.580;1.5;15.538871;3130236
1295;12:55:18.750;1.5;15.540897;3130424
1296;12:55:18.920;3.0;15.538554;3130172
1297;12:55:19.090;1.6;15.539129;3130068
1298;12:55:19.259;1.5;15.537144;3129888
1299;12:55:19.429;1.4;15.535734;3129604
1300;12:55:19.599;1.4;15.538573;3130176
1301;12:55:19.768;0.0;15.538732;3129988
1302;12:55:19.938;1.5;15.538891;3130240
1303;12:55:20.108;1.5;15.537958;3130052
1304;12:55:20.280;0.0;15.539209;3130304
1305;12:55:20.449;1.6;15.538573;3129956
1306;12:55:20.618;1.5;15.539626;3130168
1307;12:55:20.787;1.6;15.537640;3129988
1308;12:55:20.957;0.0;15.539983;3130240
1309;12:55:21.126;1.6;15.539050;3130272
1310;12:55:21.296;0.0;15.539050;3130272
1311;12:55:21.465;0.0;15.537640;3129988
1312;12:55:21.634;1.5;15.539666;3130176
1313;12:55:21.804;1.6;15.540122;3130488
1314;12:55:21.973;1.5;15.541373;3130520
1315;12:55:22.142;1.6;15.538077;3130100
1316;12:55:22.310;1.6;15.537839;3129588
1317;12:55:22.480;0.0;15.537402;3129720
1318;12:55:22.649;0.0;15.535674;3129860
1319;12:55:22.819;1.6;15.535674;3129632
1320;12:55:22.989;0.0;15.535357;3129568
1321;12:55:23.158;3.1;15.538196;3130148
1322;12:55:23.328;1.5;15.537263;3129912
1323;12:55:23.497;0.0;15.536766;3129812
1324;12:55:23.666;0.0;15.537859;3130032
1325;12:55:23.835;3.1;15.542426;3131180
1326;12:55:24.005;0.0;15.539566;3130376
1327;12:55:24.175;1.6;15.539765;3130416
1328;12:55:24.345;1.6;15.540559;3130576
1329;12:55:24.515;1.5;15.539844;3130764
1330;12:55:24.684;3.0;15.540023;3130468
1331;12:55:24.854;1.6;15.541274;3130500
1332;12:55:25.022;1.6;15.541294;3130772
1333;12:55:25.193;1.6;15.539010;3130524
1334;12:55:25.363;3.1;15.539546;3130216
1335;12:55:25.532;1.5;15.536747;3129808
1336;12:55:25.702;3.0;15.537978;3130056
1337;12:55:25.873;0.0;15.538295;3130120
1338;12:55:26.042;1.6;15.539546;3130152
1339;12:55:26.211;1.6;15.539586;3130160
1340;12:55:26.381;3.0;15.540519;3130128
1341;12:55:26.551;1.6;15.536588;3129776
1342;12:55:26.720;3.0;15.536905;3129840
1343;12:55:26.891;1.5;15.536449;3129992
1344;12:55:27.060;1.6;15.538871;3130236
1345;12:55:27.231;1.5;15.538772;3130216
1346;12:55:27.400;0.0;15.539050;3130272
1347;12:55:27.569;0.0;15.537104;3129880
1348;12:55:27.738;1.5;15.540539;3130572
1349;12:55:27.907;0.0;15.539447;3130352
1350;12:55:28.077;1.5;15.539487;3130140
1351;12:55:28.246;1.5;15.539626;3130388
1352;12:55:28.416;0.0;15.540063;3130476
1353;12:55:28.586;1.5;15.541353;3130736
1354;12:55:28.754;0.0;15.540877;3130640
1355;12:55:28.923;1.6;15.540996;3130444
1356;12:55:29.093;1.6;15.540082;3130496
1357;12:55:29.263;1.5;15.540241;3130512
1358;12:55:29.432;1.5;15.539963;3130236
1359;12:55:29.601;0.0;15.537561;3129972
1360;12:55:29.770;1.5;15.541750;3130816
1361;12:55:29.940;0.0;15.542763;3130800
1362;12:55:30.110;0.0;15.541433;3130752
1363;12:55:30.279;0.0;15.541433;3130752
1364;12:55:30.448;0.0;15.543855;3131020
1365;12:55:30.617;0.0;15.540341;3130776
1366;12:55:30.786;0.0;15.542803;3130808
1367;12:55:30.956;3.1;15.540797;3130624
1368;12:55:31.126;1.6;15.535873;3129656
1369;12:55:31.295;1.5;15.539666;3130176
1370;12:55:31.465;0.0;15.537481;3129956
1371;12:55:31.633;0.0;15.537759;3130012
1372;12:55:31.802;0.0;15.540221;3130508
1373;12:55:31.971;0.0;15.539209;3130304
1374;12:55:32.141;3.0;15.538514;3130164
1375;12:55:32.311;3.1;15.537620;3129764
1376;12:55:32.481;0.0;15.539546;3130420
1377;12:55:32.650;1.5;15.538752;3129992
1378;12:55:32.818;1.5;15.540003;3130464
1379;12:55:32.988;0.0;15.541254;3130496
1380;12:55:33.157;0.0;15.540301;3130304
1381;12:55:33.326;0.0;15.541830;3130832
1382;12:55:33.497;3.1;15.538693;3130200
1383;12:55:33.666;0.0;15.541552;3130776
1384;12:55:33.835;0.0;15.540301;3130524
1385;12:55:34.004;1.5;15.538891;3130272
1386;12:55:34.173;1.5;15.539268;3130316
1387;12:55:34.343;1.5;15.537203;3129680
1388;12:55:34.513;1.5;15.538891;3130240
1389;12:55:34.682;0.0;15.539785;3130420
1390;12:55:34.850;1.6;15.535793;3129860
1391;12:55:35.020;1.6;15.538514;3130088
1392;12:55:35.189;0.0;15.542247;3130916
1393;12:55:35.360;0.0;15.539864;3130544
1394;12:55:35.531;1.6;15.539705;3130656
1395;12:55:35.700;0.0;15.539030;3130048
1396;12:55:35.868;1.6;15.540122;3130268
1397;12:55:36.037;0.0;15.537779;3130016
1398;12:55:36.212;2.9;15.540817;3130920
1399;12:55:36.389;0.0;15.542148;3130896
1400;12:55:36.560;7.8;15.539924;3130448
1401;12:55:36.731;10.3;15.545007;3131032
1402;12:55:36.904;4.3;15.539646;3130408
1403;12:55:37.078;5.6;15.541870;3130756
1404;12:55:37.247;1.5;15.540063;3130476
1405;12:55:37.417;0.0;15.542406;3130696
1406;12:55:37.587;0.0;15.540916;3130428
1407;12:55:37.757;0.0;15.544252;3131100
1408;12:55:37.926;1.6;15.544610;3131392
1409;12:55:38.095;1.5;15.542823;3131072
1410;12:55:38.264;3.1;15.541731;3130812
1411;12:55:38.437;0.0;15.538673;3130196
1412;12:55:38.607;1.5;15.538990;3130260
1413;12:55:38.778;1.5;15.540043;3130896
1414;12:55:38.947;1.5;15.543498;3131168
1415;12:55:39.118;3.0;15.543538;3130956
1416;12:55:39.289;1.6;15.540916;3130932
1417;12:55:39.460;0.0;15.541353;3130736
1418;12:55:39.634;0.0;15.545464;3131564
1419;12:55:39.804;4.5;15.542684;3131280
1420;12:55:39.974;1.5;15.543001;3131108
1421;12:55:40.149;2.9;15.542644;3130776
1422;12:55:40.325;0.0;15.540341;3130532
1423;12:55:40.500;1.6;15.541036;3130672
1424;12:55:40.671;2.8;15.543538;3131176
1425;12:55:40.841;3.1;15.542644;3131296
1426;12:55:41.014;1.5;15.544312;3131592
1427;12:55:41.190;0.0;15.544312;3131332
1428;12:55:41.366;1.5;15.544590;3131388
1429;12:55:41.535;1.5;15.543657;3131540
1430;12:55:41.712;1.5;15.545424;3131336
1431;12:55:41.891;0.0;15.544649;3130956
1432;12:55:42.068;1.5;15.543498;3130948
1433;12:55:42.244;1.6;15.542287;3130924
1434;12:55:42.413;0.0;15.540698;3130604
1435;12:55:42.583;1.5;15.540063;3130476
1436;12:55:42.753;1.6;15.542068;3130660
1437;12:55:42.922;0.0;15.540499;3130564
1438;12:55:43.095;0.0;15.542843;3131036
1439;12:55:43.267;1.6;15.543438;3130936
1440;12:55:43.441;1.5;15.539805;3130692
1441;12:55:43.611;1.6;15.540281;3130300
1442;12:55:43.780;1.4;15.540559;3130576
1443;12:55:43.949;1.5;15.539030;3130268
1444;12:55:44.118;1.4;15.538871;3130236
1445;12:55:44.288;1.5;15.537283;3130176
1446;12:55:44.458;1.5;15.539149;3130340
1447;12:55:44.627;2.9;15.539884;3130440
1448;12:55:44.798;2.9;15.541135;3130692
1449;12:55:44.969;1.5;15.540817;3130628
1450;12:55:45.138;1.5;15.540658;3130596
1451;12:55:45.308;1.5;15.541453;3130536
1452;12:55:45.477;0.0;15.538474;3130156
1453;12:55:45.647;0.0;15.538156;3130092
1454;12:55:45.817;1.4;15.538613;3130184
1455;12:55:45.986;1.6;15.537998;3130060
1456;12:55:46.155;1.5;15.538156;3130092
1457;12:55:46.324;1.5;15.538156;3130092
1458;12:55:46.492;1.5;15.539407;3130344
1459;12:55:46.661;1.4;15.539407;3130604
1460;12:55:46.837;0.0;15.542028;3130652
1461;12:55:47.012;1.5;15.540976;3130660
1462;12:55:47.182;1.6;15.541572;3130780
1463;12:55:47.353;1.8;15.543279;3130936
1464;12:55:47.523;1.6;15.543101;3131088
1465;12:55:47.693;0.0;15.544352;3131340
1466;12:55:47.863;1.6;15.543200;3130668
1467;12:55:48.033;0.0;15.543855;3131240
1468;12:55:48.204;1.5;15.540301;3130524
1469;12:55:48.376;0.0;15.541790;3130824
1470;12:55:48.546;3.1;15.541512;3130768
1471;12:55:48.721;1.5;15.541512;3130768
1472;12:55:48.890;0.0;15.539328;3130328
1473;12:55:49.060;0.0;15.539646;3130392
1474;12:55:49.233;3.1;15.547588;3131992
1475;12:55:49.409;0.0;15.537164;3129892
1476;12:55:49.579;1.6;15.536330;3129724
1477;12:55:49.749;1.5;15.537283;3130168
1478;12:55:49.922;0.0;15.538494;3129940
1479;12:55:50.096;0.0;15.541234;3130752
1480;12:55:50.268;3.1;15.540420;3131004
1481;12:55:50.442;1.5;15.536032;3130092
1482;12:55:50.615;0.0;15.537898;3130552
1483;12:55:50.786;0.0;15.542088;3130884
1484;12:55:50.959;1.6;15.540996;3130664
1485;12:55:51.127;0.0;15.539586;3130656
1486;12:55:51.300;1.5;15.541234;3130980
1487;12:55:51.475;1.5;15.543816;3131012
1488;12:55:51.646;0.0;15.542326;3130712
1489;12:55:51.815;1.5;15.538573;3130416
1490;12:55:51.986;0.0;15.538335;3130388
1491;12:55:52.157;0.0;15.540539;3130572
1492;12:55:52.326;0.0;15.539805;3130424
1493;12:55:52.498;0.0;15.539844;3130432
1494;12:55:52.667;0.0;15.535655;3129588
1495;12:55:52.837;0.0;15.538335;3130404
1496;12:55:53.007;1.6;15.539209;3130304
1497;12:55:53.176;1.5;15.537739;3130008
1498;12:55:53.348;1.6;15.536429;3130012
1499;12:55:53.518;1.6;15.539209;3130824
1500;12:55:53.688;3.1;15.535516;3129560
1501;12:55:53.857;1.6;15.539268;3130316
1502;12:55:54.028;3.1;15.537104;3129768
1503;12:55:54.199;1.5;15.536429;3129744
1504;12:55:54.369;1.5;15.536548;3130060
1505;12:55:54.538;0.0;15.540221;3130288
1506;12:55:54.707;0.0;15.538851;3130012
1507;12:55:54.877;1.5;15.537362;3129980
1508;12:55:55.046;0.0;15.541155;3130696
1509;12:55:55.215;1.6;15.540063;3130476
1510;12:55:55.385;0.0;15.539328;3130108
1511;12:55:55.554;1.5;15.538693;3130200
1512;12:55:55.725;0.0;15.542287;3130924
1513;12:55:55.894;1.5;15.540857;3130636
1514;12:55:56.064;1.6;15.539765;3130416
1515;12:55:56.233;1.5;15.539844;3130212
1516;12:55:56.402;3.0;15.540480;3130560
1517;12:55:56.571;0.0;15.539944;3130232
1518;12:55:56.739;0.0;15.538851;3130012
1519;12:55:56.908;0.0;15.537600;3129980
1520;12:55:57.084;3.1;15.537283;3129916
1521;12:55:57.253;0.0;15.539328;3130328
1522;12:55:57.425;4.5;15.542942;3130868
1523;12:55:57.597;0.0;15.540420;3130816
1524;12:55:57.766;1.5;15.540619;3130588
1525;12:55:57.940;1.5;15.540380;3130540
1526;12:55:58.116;0.0;15.539249;3130644
1527;12:55:58.292;0.0;15.540420;3130328
1528;12:55:58.460;0.0;15.544729;3131416
1529;12:55:58.630;1.6;15.543498;3131168
1530;12:55:58.800;1.6;15.542723;3130792
1531;12:55:58.973;3.0;15.542088;3130884
1532;12:55:59.144;1.5;15.541314;3130508
1533;12:55:59.320;1.5;15.539606;3130644
1534;12:55:59.496;0.0;15.541750;3131068
1535;12:55:59.667;1.5;15.542306;3130928
1536;12:55:59.844;1.5;15.541314;3130792
1537;12:56:00.018;1.5;15.541810;3130828
1538;12:56:00.194;0.0;15.541631;3130792
1539;12:56:00.365;1.5;15.540519;3130348
1540;12:56:00.537;0.0;15.536747;3130100
1541;12:56:00.714;0.0;15.538156;3130092
1542;12:56:00.888;1.5;15.538077;3130076
1543;12:56:01.064;1.5;15.540698;3130384
1544;12:56:01.241;1.5;15.538355;3130132
1545;12:56:01.413;0.0;15.540579;3130384
1546;12:56:01.586;1.5;15.542227;3130912
1547;12:56:01.757;1.5;15.540777;3130400
1548;12:56:01.929;1.5;15.541512;3130768
1549;12:56:02.099;4.5;15.539487;3130360
1550;12:56:02.268;1.6;15.538037;3130580
1551;12:56:02.438;2.9;15.539924;3130448
1552;12:56:02.613;0.0;15.538812;3130484
1553;12:56:02.782;0.0;15.540539;3130572
1554;12:56:02.955;1.5;15.541830;3130832
1555;12:56:03.126;0.0;15.543399;3131148
1556;12:56:03.299;1.5;15.544967;3131244
1557;12:56:03.477;1.4;15.545245;3131520
1558;12:56:03.653;0.0;15.545205;3131292
1559;12:56:03.828;1.5;15.542982;3131064
1560;12:56:04.002;0.0;15.543101;3131412
1561;12:56:04.171;1.6;15.543637;3131196
1562;12:56:04.341;0.0;15.546139;3131480
1563;12:56:04.510;1.6;15.547707;3132016
1564;12:56:04.681;2.8;15.544074;3131552
1565;12:56:04.851;1.6;15.545166;3131504
1566;12:56:05.021;1.5;15.543915;3131252
1567;12:56:05.191;0.0;15.544153;3131080
1568;12:56:05.361;0.0;15.541572;3130780
1569;12:56:05.531;0.0;15.544630;3131176
1570;12:56:05.700;0.0;15.543458;3130720
1571;12:56:05.870;0.0;15.542505;3130748
1572;12:56:06.039;0.0;15.540797;3130624
1573;12:56:06.210;1.5;15.545066;3131484
1574;12:56:06.381;0.0;15.542823;3130812
1575;12:56:06.551;1.6;15.544451;3131424
1576;12:56:06.721;0.0;15.542624;3130992
1577;12:56:06.892;0.0;15.542624;3130992
1578;12:56:07.062;0.0;15.543716;3131212
1579;12:56:07.232;0.0;15.542624;3131252
1580;12:56:07.401;0.0;15.545603;3131640
1581;12:56:07.571;0.0;15.546218;3131496
1582;12:56:07.740;0.0;15.544034;3131276
1583;12:56:07.910;0.0;15.542982;3131064
1584;12:56:08.079;1.5;15.543875;3131032
1585;12:56:08.249;0.0;15.543875;3131244
1586;12:56:08.418;0.0;15.543716;3130992
1587;12:56:08.589;0.0;15.542465;3130960
1588;12:56:08.759;1.6;15.542704;3130788
1589;12:56:08.928;0.0;15.544471;3131404
1590;12:56:09.098;0.0;15.546734;3131600
1591;12:56:09.268;1.5;15.546973;3131212
1592;12:56:09.438;1.5;15.542088;3131128
1593;12:56:09.607;0.0;15.541353;3130996
1594;12:56:09.777;0.0;15.542882;3131044
1595;12:56:09.946;0.0;15.542445;3130956
1596;12:56:10.115;1.4;15.542902;3130828
1597;12:56:10.296;0.0;15.542902;3130828
1598;12:56:10.466;0.0;15.542902;3130828
1599;12:56:10.636;0.0;15.545404;3131552
1600;12:56:10.806;1.5;15.544788;3131428
1601;12:56:10.975;0.0;15.543339;3130916
1602;12:56:11.144;0.0;15.541850;3130836
1603;12:56:11.313;1.5;15.540837;3130632
1604;12:56:11.483;1.6;15.540877;3130640
1605;12:56:11.653;2.9;15.545066;3131264
1606;12:56:11.828;1.6;15.544213;3131312
1607;12:56:11.997;0.0;15.541234;3130768
1608;12:56:12.167;1.5;15.538534;3130388
1609;12:56:12.345;0.0;15.539666;3130176
1610;12:56:12.514;1.6;15.541194;3130704
1611;12:56:12.683;1.6;15.539864;3130664
1612;12:56:12.853;0.0;15.539705;3130860
1613;12:56:13.023;1.6;15.542088;3131112
1614;12:56:13.192;0.0;15.541850;3130836
1615;12:56:13.361;0.0;15.542048;3130876
1616;12:56:13.530;0.0;15.542406;3130948
1617;12:56:13.699;1.6;15.541691;3130804
1618;12:56:13.870;1.6;15.541691;3130804
1619;12:56:14.038;1.5;15.541691;3130804
1620;12:56:14.208;0.0;15.541810;3130828
1621;12:56:14.377;0.0;15.541572;3130780
1622;12:56:14.546;0.0;15.538911;3130244
1623;12:56:14.716;0.0;15.538355;3129912
1624;12:56:14.885;0.0;15.537541;3129968
1625;12:56:15.053;0.0;15.537819;3129800
1626;12:56:15.222;0.0;15.537104;3129928
1627;12:56:15.390;0.0;15.539606;3130384
1628;12:56:15.559;3.1;15.540202;3130504
1629;12:56:15.728;1.5;15.539765;3130416
1630;12:56:15.897;0.0;15.539765;3130196
1631;12:56:16.066;0.0;15.540202;3130764
1632;12:56:16.234;1.5;15.539407;3130588
1633;12:56:16.403;0.0;15.541909;3130628
1634;12:56:16.573;1.6;15.541135;3130472
1635;12:56:16.741;0.0;15.540658;3130376
1636;12:56:16.911;0.0;15.539566;3130376
1637;12:56:17.081;1.4;15.538156;3129872
1638;12:56:17.250;1.5;15.539407;3130124
1639;12:56:17.420;0.0;15.539725;3130408
1640;12:56:17.589;0.0;15.539963;3130236
1641;12:56:17.758;0.0;15.539368;3130604
1642;12:56:17.927;0.0;15.539725;3130408
1643;12:56:18.097;1.4;15.539566;3130376
1644;12:56:18.266;0.0;15.540897;3130644
1645;12:56:18.435;0.0;15.539805;3130424
1646;12:56:18.605;0.0;15.540082;3130260
1647;12:56:18.774;1.6;15.538395;3130180
1648;12:56:18.943;0.0;15.538534;3130208
1649;12:56:19.112;0.0;15.538534;3130428
1650;12:56:19.281;1.4;15.538851;3130012
1651;12:56:19.450;1.6;15.539745;3130412
1652;12:56:19.618;0.0;15.541075;3130460
1653;12:56:19.787;1.5;15.540837;3130632
1654;12:56:19.956;0.0;15.540837;3130412
1655;12:56:20.125;1.5;15.539626;3130436
1656;12:56:20.293;0.0;15.539745;3130412
1657;12:56:20.462;0.0;15.543339;3131136
1658;12:56:20.631;0.0;15.542247;3130916
1659;12:56:20.800;0.0;15.542088;3130664
1660;12:56:20.969;1.4;15.539745;3130412
1661;12:56:21.137;1.5;15.539666;3130176
1662;12:56:21.306;0.0;15.541572;3130780
1663;12:56:21.475;1.5;15.540082;3130520
1664;12:56:21.644;0.0;15.540360;3130536
1665;12:56:21.813;1.5;15.538971;3130508
1666;12:56:21.983;0.0;15.542028;3130872
1667;12:56:22.152;0.0;15.540519;3130568
1668;12:56:22.321;1.5;15.540460;3130556
1669;12:56:22.490;0.0;15.540460;3130556
1670;12:56:22.659;0.0;15.539368;3130336
1671;12:56:22.828;0.0;15.539566;3130376
1672;12:56:22.997;1.5;15.538474;3129936
1673;12:56:23.165;1.4;15.537958;3130052
1674;12:56:23.334;1.6;15.541552;3130776
1675;12:56:23.503;0.0;15.540619;3130628
1676;12:56:23.672;0.0;15.542545;3130532
1677;12:56:23.841;1.5;15.540777;3130620
1678;12:56:24.010;0.0;15.543121;3131092
1679;12:56:24.179;0.0;15.543121;3131092
1680;12:56:24.348;0.0;15.541055;3130676
1681;12:56:24.516;0.0;15.540420;3130548
1682;12:56:24.685;1.5;15.540221;3130180
1683;12:56:24.855;0.0;15.538772;3129928
1684;12:56:25.024;4.5;15.539368;3130588
1685;12:56:25.194;1.6;15.537521;3130208
1686;12:56:25.363;1.5;15.538534;3130412
1687;12:56:25.532;1.5;15.538653;3130460
1688;12:56:25.701;0.0;15.538573;3130176
1689;12:56:25.870;0.0;15.537124;3129924
1690;12:56:26.038;0.0;15.537124;3130144
1691;12:56:26.208;1.5;15.540916;3130428
1692;12:56:26.378;0.0;15.540877;3130420
1693;12:56:26.547;0.0;15.538534;3130428
1694;12:56:26.717;1.6;15.542803;3131028
1695;12:56:26.885;0.0;15.542287;3130704
1696;12:56:27.054;0.0;15.542287;3130924
1697;12:56:27.224;0.0;15.543538;3130736
1698;12:56:27.393;0.0;15.539944;3130452
1699;12:56:27.562;0.0;15.541036;3130672
1700;12:56:27.730;1.6;15.543557;3131180
1701;12:56:27.900;3.1;15.543240;3131116
1702;12:56:28.069;0.0;15.541989;3130864
1703;12:56:28.238;0.0;15.540897;3130644
1704;12:56:28.407;1.6;15.540897;3130424
1705;12:56:28.575;1.5;15.540202;3130504
1706;12:56:28.745;1.5;15.539685;3130424
1707;12:56:28.914;0.0;15.539646;3130432
1708;12:56:29.082;0.0;15.540043;3130472
1709;12:56:29.251;1.4;15.540738;3130392
1710;12:56:29.420;1.5;15.539646;3130392
1711;12:56:29.589;0.0;15.541989;3131140
1712;12:56:29.758;0.0;15.541949;3130636
1713;12:56:29.928;1.5;15.541949;3130856
1714;12:56:30.097;0.0;15.541909;3130628
1715;12:56:30.266;0.0;15.540698;3130604
1716;12:56:30.434;1.6;15.542028;3131140
1717;12:56:30.603;1.5;15.541214;3130708
1718;12:56:30.773;0.0;15.543716;3130992
1719;12:56:30.943;1.5;15.541055;3130676
1720;12:56:31.111;0.0;15.539765;3130416
1721;12:56:31.281;0.0;15.538514;3130164
1722;12:56:31.449;1.4;15.540023;3130516
1723;12:56:31.618;0.0;15.541036;3130672
1724;12:56:31.787;0.0;15.540599;3130364
1725;12:56:31.956;0.0;15.540678;3130380
1726;12:56:32.125;0.0;15.538335;3130128
1727;12:56:32.293;0.0;15.538375;3129916
1728;12:56:32.462;0.0;15.539427;3130348
1729;12:56:32.631;0.0;15.540837;3130632
1730;12:56:32.800;0.0;15.541929;3130852
1731;12:56:32.969;1.3;15.540956;3130656
1732;12:56:33.138;0.0;15.539427;3130388
1733;12:56:33.306;1.5;15.539427;3130616
1734;12:56:33.475;0.0;15.539586;3130380
1735;12:56:33.644;3.0;15.540241;3130512
1736;12:56:33.813;0.0;15.540897;3130424
1737;12:56:33.981;0.0;15.539805;3130424
1738;12:56:34.150;1.6;15.542148;3130676
1739;12:56:34.319;0.0;15.541611;3130788
1740;12:56:34.488;0.0;15.540519;3130568
1741;12:56:34.657;1.5;15.541929;3130852
1742;12:56:34.826;0.0;15.539745;3130412
1743;12:56:34.994;1.5;15.543935;3131036
1744;12:56:35.163;1.6;15.540857;3130676
1745;12:56:35.332;0.0;15.542148;3130676
1746;12:56:35.501;1.6;15.539447;3130132
1747;12:56:35.670;0.0;15.540658;3130376
1748;12:56:35.839;1.6;15.539606;3130384
1749;12:56:36.007;2.9;15.538673;3130196
1750;12:56:36.176;1.5;15.537104;3130148
1751;12:56:36.345;0.0;15.538196;3129880
1752;12:56:36.514;0.0;15.539447;3130352
1753;12:56:36.683;0.0;15.542108;3130668
1754;12:56:36.852;0.0;15.543359;3130920
1755;12:56:37.021;0.0;15.543200;3130888
1756;12:56:37.190;0.0;15.543200;3130888
1757;12:56:37.360;0.0;15.541333;3130512
1758;12:56:37.530;0.0;15.538355;3130392
1759;12:56:37.699;1.4;15.540480;3130560
1760;12:56:37.868;0.0;15.540976;3130660
1761;12:56:38.037;1.6;15.541870;3130840
1762;12:56:38.206;0.0;15.540599;3130584
1763;12:56:38.375;0.0;15.538256;3130112
1764;12:56:38.545;3.0;15.541671;3130800
1765;12:56:38.715;3.1;15.542187;3130904
1766;12:56:38.884;0.0;15.538990;3130260
1767;12:56:39.053;3.1;15.542426;3130732
1768;12:56:39.222;0.0;15.541175;3130700
1769;12:56:39.392;0.0;15.540341;3130532
1770;12:56:39.563;1.5;15.542406;3130948
1771;12:56:39.732;0.0;15.541671;3130800
1772;12:56:39.901;0.0;15.541274;3130720
1773;12:56:40.070;1.6;15.542366;3130940
1774;12:56:40.239;0.0;15.541314;3130508
1775;12:56:40.408;1.6;15.538891;3130508
1776;12:56:40.577;3.0;15.539050;3130272
1777;12:56:40.746;0.0;15.541512;3130548
1778;12:56:40.917;1.5;15.541750;3130816
1779;12:56:41.086;0.0;15.541592;3130784
1780;12:56:41.255;0.0;15.541552;3130556
1781;12:56:41.424;1.6;15.539368;3130336
1782;12:56:41.593;1.6;15.539050;3130052
1783;12:56:41.762;0.0;15.543756;3131220
1784;12:56:41.931;0.0;15.541453;3130984
1785;12:56:42.100;0.0;15.539924;3130716
1786;12:56:42.269;1.5;15.539765;3130196
1787;12:56:42.439;1.6;15.538673;3130220
1788;12:56:42.609;0.0;15.541492;3130544
1789;12:56:42.778;1.5;15.540599;3130584
1790;12:56:42.947;1.6;15.539348;3130112
1791;12:56:43.116;0.0;15.537005;3130120
1792;12:56:43.286;0.0;15.538097;3130120
1793;12:56:43.455;1.5;15.540599;3130584
1794;12:56:43.625;0.0;15.539546;3130152
1795;12:56:43.794;4.7;15.542823;3131032
1796;12:56:43.965;1.6;15.543418;3130932
1797;12:56:44.134;0.0;15.542843;3131036
1798;12:56:44.304;0.0;15.541830;3130612
1799;12:56:44.473;0.0;15.540341;3130312
1800;12:56:44.642;1.6;15.542843;3130816
1801;12:56:44.813;1.6;15.541333;3131024
1802;12:56:44.982;0.0;15.540619;3130588
1803;12:56:45.152;2.9;15.538911;3130436
1804;12:56:45.322;1.6;15.540897;3130644
1805;12:56:45.491;0.0;15.540122;3130488
1806;12:56:45.661;0.0;15.538673;3130448
1807;12:56:45.832;1.5;15.541214;3130708
1808;12:56:46.002;1.5;15.542426;3130952
1809;12:56:46.171;0.0;15.542386;3130944
1810;12:56:46.341;1.4;15.541135;3130472
1811;12:56:46.510;0.0;15.541333;3130732
1812;12:56:46.679;0.0;15.541314;3130508
1813;12:56:46.848;0.0;15.541393;3130744
1814;12:56:47.017;0.0;15.538971;3130256
1815;12:56:47.187;1.6;15.540063;3130500
1816;12:56:47.357;0.0;15.541393;3130524
1817;12:56:47.526;1.5;15.541155;3130696
1818;12:56:47.695;2.9;15.542406;3130728
1819;12:56:47.864;0.0;15.542763;3131020
1820;12:56:48.033;0.0;15.541631;3131060
1821;12:56:48.202;1.5;15.542763;3130800
1822;12:56:48.373;1.6;15.541373;3130740
1823;12:56:48.543;1.6;15.541929;3130412
1824;12:56:48.713;0.0;15.542128;3130672
1825;12:56:48.883;1.6;15.541214;3130708
1826;12:56:49.052;0.0;15.542167;3130680
1827;12:56:49.222;0.0;15.541850;3130876
1828;12:56:49.391;1.6;15.540599;3130364
1829;12:56:49.561;1.5;15.540758;3130616
1830;12:56:49.731;0.0;15.538971;3130036
1831;12:56:49.901;1.5;15.539268;3130316
1832;12:56:50.070;0.0;15.540480;3130820
1833;12:56:50.239;1.5;15.540559;3130576
1834;12:56:50.409;0.0;15.542902;3130828
1835;12:56:50.578;0.0;15.541651;3130796
1836;12:56:50.748;1.5;15.539467;3130600
1837;12:56:50.918;0.0;15.539864;3130696
1838;12:56:51.088;0.0;15.540023;3130468
1839;12:56:51.258;0.0;15.541651;3130796
1840;12:56:51.427;0.0;15.540559;3130576
1841;12:56:51.597;0.0;15.539586;3130412
1842;12:56:51.766;1.6;15.540559;3130576
1843;12:56:51.935;0.0;15.541770;3130600
1844;12:56:52.104;1.5;15.539546;3130640
1845;12:56:52.274;1.5;15.539407;3130344
1846;12:56:52.443;0.0;15.538633;3130188
1847;12:56:52.613;0.0;15.539288;3130564
1848;12:56:52.783;0.0;15.540738;3130392
1849;12:56:52.952;1.6;15.540539;3130572
1850;12:56:53.121;0.0;15.541790;3131052
1851;12:56:53.291;0.0;15.540420;3130328
1852;12:56:53.460;0.0;15.540420;3130548
1853;12:56:53.630;1.6;15.541909;3130848
1854;12:56:53.799;3.1;15.539924;3130716
1855;12:56:53.969;0.0;15.540420;3130548
1856;12:56:54.139;0.0;15.541830;3131100
1857;12:56:54.308;1.5;15.542068;3130880
1858;12:56:54.477;1.5;15.542465;3130516
1859;12:56:54.647;0.0;15.539169;3130620
1860;12:56:54.816;3.1;15.542386;3130944
1861;12:56:54.986;0.0;15.542386;3130944
1862;12:56:55.154;0.0;15.543498;3130948
1863;12:56:55.323;0.0;15.543319;3130912
1864;12:56:55.492;2.9;15.542267;3130920
1865;12:56:55.661;1.6;15.540698;3130872
1866;12:56:55.830;0.0;15.541214;3130968
1867;12:56:56.001;1.6;15.541016;3130668
1868;12:56:56.172;0.0;15.542525;3130972
1869;12:56:56.343;0.0;15.543061;3130640
1870;12:56:56.513;1.6;15.541810;3130828
1871;12:56:56.681;1.6;15.538990;3130260
1872;12:56:56.851;4.5;15.541175;3131024
1873;12:56:57.020;1.6;15.541472;3130760
1874;12:56:57.189;0.0;15.542545;3130756
1875;12:56:57.358;0.0;15.540837;3130632
1876;12:56:57.526;1.6;15.541909;3130848
1877;12:56:57.696;1.5;15.541453;3130756
1878;12:56:57.868;3.1;15.540599;3130584
1879;12:56:58.039;4.6;15.538851;3130232
1880;12:56:58.208;1.5;15.540102;3130524
1881;12:56:58.377;1.6;15.543478;3131360
1882;12:56:58.546;4.2;15.542862;3130820
1883;12:56:58.716;1.5;15.543319;3130912
1884;12:56:58.886;1.5;15.544947;3131236
1885;12:56:59.057;2.8;15.542922;3131068
1886;12:56:59.226;1.5;15.542664;3131228
1887;12:56:59.395;1.5;15.542525;3130972
1888;12:56:59.564;1.5;15.541353;3130736
1889;12:56:59.734;0.0;15.542068;3130660
1890;12:56:59.904;3.1;15.541135;3130472
1891;12:57:00.073;0.0;15.538474;3130204
1892;12:57:00.243;1.6;15.539626;3130168
1893;12:57:00.413;4.6;15.538415;3130144
1894;12:57:00.583;0.0;15.539944;3130232
1895;12:57:00.753;1.5;15.539904;3130444
1896;12:57:00.922;1.6;15.541175;3130732
1897;12:57:01.092;1.5;15.539308;3129996
1898;12:57:01.262;3.2;15.538871;3129908
1899;12:57:01.431;1.6;15.540202;3130748
1900;12:57:01.600;0.0;15.541075;3130712
1901;12:57:01.769;1.6;15.540122;3130268
1902;12:57:01.939;1.6;15.540857;3130636
1903;12:57:02.108;0.0;15.540857;3130636
1904;12:57:02.277;0.0;15.538812;3130224
1905;12:57:02.447;0.0;15.540738;3130612
1906;12:57:02.617;1.4;15.541095;3130684
1907;12:57:02.787;1.5;15.538712;3130448
1908;12:57:02.957;1.5;15.541572;3130560
1909;12:57:03.126;1.5;15.540023;3130248
1910;12:57:03.295;1.4;15.538931;3130028
1911;12:57:03.465;1.4;15.538971;3130256
1912;12:57:03.635;1.5;15.540539;3130352
1913;12:57:03.805;0.0;15.537839;3130028
1914;12:57:03.974;1.5;15.540023;3130468
1915;12:57:04.143;1.6;15.540559;3130592
1916;12:57:04.313;0.0;15.537183;3130140
1917;12:57:04.483;4.8;15.540261;3130464
1918;12:57:04.653;1.5;15.540142;3130736
1919;12:57:04.823;0.0;15.542843;3130816
1920;12:57:04.992;3.1;15.539963;3130456
1921;12:57:05.160;0.0;15.539050;3130540
1922;12:57:05.329;1.5;15.538196;3130368
1923;12:57:05.498;0.0;15.539785;3130688
1924;12:57:05.668;0.0;15.539944;3130232
1925;12:57:05.837;1.5;15.540063;3130540
1926;12:57:06.007;1.6;15.539785;3130420
1927;12:57:06.177;0.0;15.540877;3130640
1928;12:57:06.346;0.0;15.539626;3130388
1929;12:57:06.515;1.5;15.539745;3130412
1930;12:57:06.684;1.5;15.542207;3130908
1931;12:57:06.853;1.5;15.541651;3130576
1932;12:57:07.025;0.0;15.542942;3131056
1933;12:57:07.196;1.5;15.543061;3131080
1934;12:57:07.365;1.6;15.543101;3131088
1935;12:57:07.534;0.0;15.542902;3130828
1936;12:57:07.703;0.0;15.544272;3131324
1937;12:57:07.872;0.0;15.543498;3131168
1938;12:57:08.042;0.0;15.541055;3130676
1939;12:57:08.211;0.0;15.542406;3130728
1940;12:57:08.379;1.5;15.539745;3130412
1941;12:57:08.548;1.5;15.541274;3130720
1942;12:57:08.717;1.6;15.540837;3130412
1943;12:57:08.886;1.5;15.539586;3130380
1944;12:57:09.055;1.5;15.539745;3130412
1945;12:57:09.223;0.0;15.537898;3130080
1946;12:57:09.392;0.0;15.539388;3130120
1947;12:57:09.562;1.4;15.536608;3129780
1948;12:57:09.731;0.0;15.536766;3129812
1949;12:57:09.900;1.5;15.541036;3130672
1950;12:57:10.069;0.0;15.541274;3130280
1951;12:57:10.238;3.1;15.543021;3131072
1952;12:57:10.407;1.5;15.539427;3130624
1953;12:57:10.576;0.0;15.542048;3130876
1954;12:57:10.746;1.6;15.541731;3130592
1955;12:57:10.916;3.0;15.543418;3130932
1956;12:57:11.094;3.0;15.541254;3130716
1957;12:57:11.270;1.5;15.541135;3130692
1958;12:57:11.445;2.8;15.538792;3130220
1959;12:57:11.615;0.0;15.543637;3130756
1960;12:57:11.785;3.0;15.538911;3130244
1961;12:57:11.954;1.4;15.540102;3130516
1962;12:57:12.124;3.1;15.535833;3129624
1963;12:57:12.294;1.6;15.538196;3130100
1964;12:57:12.463;0.0;15.539288;3130320
1965;12:57:12.631;0.0;15.539447;3130352
1966;12:57:12.800;1.5;15.541949;3130636
1967;12:57:12.969;1.6;15.540003;3130764
1968;12:57:13.138;1.5;15.541790;3130824
1969;12:57:13.308;0.0;15.540777;3130400
1970;12:57:13.479;3.0;15.539685;3130180
1971;12:57:13.649;0.0;15.539566;3130424
1972;12:57:13.817;1.5;15.539904;3130712
1973;12:57:13.986;1.6;15.544133;3131296
1974;12:57:14.154;1.5;15.540837;3130632
1975;12:57:14.325;1.5;15.542664;3130780
1976;12:57:14.494;0.0;15.542167;3130900
1977;12:57:14.663;1.5;15.541194;3130940
1978;12:57:14.833;0.0;15.541274;3130720
1979;12:57:15.002;1.6;15.541353;3130736
1980;12:57:15.171;1.6;15.540956;3130436
1981;12:57:15.340;0.0;15.538732;3130468
1982;12:57:15.509;1.6;15.539705;3130664
1983;12:57:15.677;1.5;15.539705;3130184
1984;12:57:15.846;1.5;15.539864;3130436
1985;12:57:16.015;1.4;15.539864;3130216
1986;12:57:16.184;0.0;15.538335;3130128
1987;12:57:16.353;1.5;15.540400;3130544
1988;12:57:16.522;0.0;15.538951;3130252
1989;12:57:16.693;3.0;15.540202;3130504
1990;12:57:16.869;1.5;15.540122;3130488
1991;12:57:17.047;1.5;15.540360;3130536
1992;12:57:17.222;2.9;15.541214;3130708
1993;12:57:17.398;1.5;15.543597;3130968
1994;12:57:17.574;4.3;15.542862;3130820
1995;12:57:17.753;4.4;15.544054;3131280
1996;12:57:17.929;5.8;15.543418;3131152
1997;12:57:18.100;5.7;15.543200;3131108
1998;12:57:18.272;6.8;15.544689;3131408
1999;12:57:18.447;5.9;15.544054;3130840
2000;12:57:18.620;4.3;15.542803;3130808
2001;12:57:18.793;5.8;15.537739;3130008
2002;12:57:18.968;6.0;15.539705;3130640
2003;12:57:19.140;6.2;15.543101;3131096
2004;12:57:19.314;1.6;15.538295;3130120
2005;12:57:19.483;0.0;15.538176;3130576
2006;12:57:19.653;1.5;15.539149;3130292
2007;12:57:19.823;3.0;15.541155;3130696
2008;12:57:19.992;0.0;15.542684;3131004
2009;12:57:20.162;0.0;15.538256;3130112
2010;12:57:20.333;1.5;15.538335;3130404
2011;12:57:20.502;1.6;15.539705;3130404
2012;12:57:20.671;1.5;15.539705;3130404
2013;12:57:20.841;0.0;15.538653;3130192
2014;12:57:21.011;0.0;15.541115;3130688
2015;12:57:21.180;0.0;15.539268;3130096
2016;12:57:21.349;0.0;15.538494;3130160
2017;12:57:21.518;0.0;15.537402;3129940
2018;12:57:21.687;0.0;15.538355;3130132
2019;12:57:21.857;0.0;15.539566;3130376
2020;12:57:22.026;0.0;15.538474;3130156
2021;12:57:22.195;1.5;15.538196;3129880
2022;12:57:22.365;1.5;15.538077;3129856
2023;12:57:22.535;1.5;15.538037;3130068
2024;12:57:22.705;0.0;15.540360;3130316
2025;12:57:22.874;1.5;15.536925;3129624
2026;12:57:23.043;1.6;15.538613;3130452
2027;12:57:23.212;1.6;15.538017;3130064
2028;12:57:23.383;2.9;15.540400;3130544
2029;12:57:23.561;1.5;15.541770;3130820
2030;12:57:23.733;1.5;15.542902;3131048
2031;12:57:23.909;0.0;15.542068;3130880
2032;12:57:24.086;3.0;15.542823;3131272
2033;12:57:24.255;0.0;15.542088;3130884
2034;12:57:24.423;1.5;15.541155;3130696
2035;12:57:24.595;0.0;15.541036;3130672
2036;12:57:24.764;1.6;15.542406;3130948
2037;12:57:24.933;0.0;15.542565;3130980
2038;12:57:25.101;2.7;15.543736;3131500
2039;12:57:25.270;1.5;15.544868;3131444
2040;12:57:25.439;1.6;15.544749;3131200
2041;12:57:25.609;0.0;15.542287;3130924
2042;12:57:25.779;1.5;15.543458;3131160
2043;12:57:25.947;0.0;15.542485;3130964
2044;12:57:26.117;0.0;15.542326;3130932
2045;12:57:26.286;1.5;15.542485;3130964
2046;12:57:26.456;0.0;15.545900;3131432
2047;12:57:26.626;1.4;15.543359;3130920
2048;12:57:26.795;1.6;15.542882;3130824
2049;12:57:26.965;1.6;15.541631;3130840
2050;12:57:27.134;0.0;15.542843;3131036
2051;12:57:27.303;1.6;15.543041;3131076
2052;12:57:27.473;1.5;15.544967;3131244
2053;12:57:27.642;1.6;15.543994;3131268
2054;12:57:27.811;1.5;15.543557;3131180
2055;12:57:27.980;0.0;15.544808;3131212
2056;12:57:28.150;1.4;15.543915;3131252
2057;12:57:28.320;0.0;15.543597;3130968
2058;12:57:28.489;0.0;15.541135;3130692
2059;12:57:28.657;0.0;15.542465;3131220
2060;12:57:28.826;0.0;15.546059;3131684
2061;12:57:28.995;0.0;15.544649;3131692
2062;12:57:29.164;1.5;15.545245;3131520
2063;12:57:29.332;0.0;15.544074;3131284
2064;12:57:29.501;0.0;15.543994;3131528
2065;12:57:29.670;0.0;15.543180;3131104
2066;12:57:29.840;1.5;15.543657;3130980
2067;12:57:30.009;0.0;15.543855;3131020
2068;12:57:30.178;1.6;15.545066;3131264
2069;12:57:30.347;1.5;15.543498;3131168
2070;12:57:30.516;0.0;15.544153;3131080
2071;12:57:30.686;1.6;15.544689;3131640
2072;12:57:30.857;0.0;15.544888;3131448
2073;12:57:31.026;1.6;15.545166;3131340
2074;12:57:31.197;1.5;15.545007;3131032
2075;12:57:31.366;1.5;15.543756;3131220
2076;12:57:31.535;0.0;15.545086;3131488
2077;12:57:31.705;0.0;15.543677;3130984
2078;12:57:31.874;1.5;15.541155;3130744
2079;12:57:32.043;0.0;15.542009;3130868
2080;12:57:32.213;1.4;15.543299;3130908
2081;12:57:32.382;1.6;15.544808;3131212
2082;12:57:32.551;1.5;15.545166;3131504
2083;12:57:32.721;1.5;15.543140;3130876
2084;12:57:32.892;1.4;15.541016;3130668
2085;12:57:33.061;3.1;15.542009;3130648
2086;12:57:33.233;1.5;15.542783;3131284
2087;12:57:33.402;1.5;15.544391;3131128
2088;12:57:33.571;1.6;15.542048;3130876
2089;12:57:33.741;1.5;15.542048;3130876
2090;12:57:33.910;0.0;15.540023;3130760
2091;12:57:34.079;1.3;15.542684;3131004
2092;12:57:34.249;1.5;15.542525;3130972
2093;12:57:34.418;1.6;15.541711;3131052
2094;12:57:34.587;1.5;15.542644;3130996
2095;12:57:34.755;3.1;15.541472;3130760
2096;12:57:34.926;0.0;15.541552;3131044
2097;12:57:35.094;1.5;15.543399;3131148
2098;12:57:35.263;1.6;15.541711;3130808
2099;12:57:35.432;0.0;15.541790;3130824
2100;12:57:35.600;3.1;15.539805;3130692
2101;12:57:35.769;1.5;15.541135;3130472
2102;12:57:35.941;1.6;15.543021;3131072
2103;12:57:36.110;1.5;15.546655;3131804
2104;12:57:36.279;0.0;15.545424;3131556
2105;12:57:36.449;1.6;15.541731;3131072
2106;12:57:36.619;0.0;15.544213;3131312
2107;12:57:36.789;3.0;15.541433;3130752
2108;12:57:36.960;3.2;15.542763;3131020
2109;12:57:37.131;1.6;15.540599;3130364
2110;12:57:37.301;0.0;15.542624;3130992
2111;12:57:37.470;0.0;15.543915;3131252
2112;12:57:37.641;4.5;15.541373;3130520
2113;12:57:37.812;0.0;15.539348;3130616
2114;12:57:37.984;3.5;15.538871;3130236
2115;12:57:38.156;6.2;15.541611;3130344
2116;12:57:38.331;0.0;15.541969;3130640
2117;12:57:38.500;0.0;15.540777;3130400
2118;12:57:38.669;0.0;15.539209;3130304
2119;12:57:38.838;0.0;15.542803;3131296
2120;12:57:39.008;1.6;15.540638;3130592
2121;12:57:39.178;1.5;15.541294;3130724
2122;12:57:39.349;3.1;15.540579;3130620
2123;12:57:39.520;1.5;15.542148;3130896
2124;12:57:39.690;1.5;15.541274;3130720
2125;12:57:39.859;0.0;15.539407;3130344
2126;12:57:40.029;1.5;15.543081;3131084
2127;12:57:40.197;0.0;15.542326;3130932
2128;12:57:40.366;1.5;15.541016;3130936
2129;12:57:40.535;3.0;15.539427;3130348
2130;12:57:40.705;1.5;15.542485;3130964
2131;12:57:40.874;2.9;15.541592;3131068
2132;12:57:41.050;0.0;15.541790;3131196
2133;12:57:41.222;1.5;15.541790;3130824
2134;12:57:41.391;2.9;15.541909;3130628
2135;12:57:41.561;0.0;15.540619;3130848
2136;12:57:41.730;1.6;15.541711;3130588
2137;12:57:41.901;1.5;15.542882;3130824
2138;12:57:42.070;0.0;15.540897;3130644
2139;12:57:42.239;0.0;15.541254;3130496
2140;12:57:42.408;1.5;15.544372;3131124
2141;12:57:42.576;1.5;15.542306;3130928
2142;12:57:42.749;1.5;15.541651;3130796
2143;12:57:42.919;1.5;15.545245;3131568
2144;12:57:43.097;3.1;15.545344;3131540
2145;12:57:43.271;1.6;15.542823;3130812
2146;12:57:43.441;0.0;15.541314;3130728
2147;12:57:43.619;1.5;15.546615;3131796
2148;12:57:43.789;0.0;15.543796;3131228
2149;12:57:43.958;0.0;15.544133;3131296
2150;12:57:44.128;1.3;15.544451;3131360
2151;12:57:44.298;0.0;15.547211;3131916
2152;12:57:44.468;0.0;15.542247;3130916
2153;12:57:44.637;0.0;15.541393;3130744
2154;12:57:44.806;1.5;15.541989;3130864
2155;12:57:44.975;0.0;15.545841;3131420
2156;12:57:45.144;0.0;15.542465;3130960
2157;12:57:45.315;1.5;15.545186;3131288
2158;12:57:45.484;0.0;15.543736;3131256
2159;12:57:45.653;3.0;15.542902;3130828
2160;12:57:45.827;1.5;15.541770;3130820
2161;12:57:45.996;0.0;15.543180;3131372
2162;12:57:46.167;3.1;15.546973;3131868
2163;12:57:46.336;0.0;15.546139;3131700
2164;12:57:46.505;1.6;15.547032;3131660
2165;12:57:46.674;3.0;15.544391;3131600
2166;12:57:46.852;3.0;15.542306;3130928
2167;12:57:47.022;3.1;15.543597;3131300
2168;12:57:47.191;6.0;15.547290;3132168
2169;12:57:47.362;1.6;15.544292;3131328
2170;12:57:47.532;1.5;15.544610;3131392
2171;12:57:47.701;4.4;15.542803;3131548
2172;12:57:47.870;3.0;15.545285;3131780
2173;12:57:48.045;3.2;15.543180;3131104
2174;12:57:48.215;5.9;15.541929;3131120
2175;12:57:48.388;3.1;15.544332;3131336
2176;12:57:48.560;6.2;15.544034;3131056
2177;12:57:48.733;1.6;15.541095;3130684
2178;12:57:48.903;4.6;15.544133;3131296
2179;12:57:49.071;3.2;15.542743;3130796
2180;12:57:49.241;1.4;15.545186;3131288
2181;12:57:49.410;7.2;15.541731;3131036
2182;12:57:49.587;1.6;15.541353;3130736
2183;12:57:49.756;2.9;15.540221;3130508
2184;12:57:49.927;7.1;15.539963;3130692
2185;12:57:50.100;6.9;15.539944;3130452
2186;12:57:50.275;6.0;15.535853;3129628
2187;12:57:50.446;1.6;15.538732;3130208
2188;12:57:50.618;1.5;15.537620;3129984
2189;12:57:50.792;0.0;15.535198;3129496
2190;12:57:50.962;0.0;15.535198;3129276
2191;12:57:51.131;0.0;15.535516;3129264
2192;12:57:51.301;6.2;15.536111;3129680
2193;12:57:51.471;0.0;15.539328;3130108
2194;12:57:51.640;0.0;15.537561;3129752
2195;12:57:51.808;1.6;15.538534;3130216
2196;12:57:51.977;3.1;15.542803;3131076
2197;12:57:52.150;4.6;15.538891;3130240
2198;12:57:52.321;3.5;15.540142;3130744
2199;12:57:52.491;0.0;15.542644;3130776
2200;12:57:52.664;0.0;15.542326;3130932
2201;12:57:52.837;1.8;15.540142;3130492
2202;12:57:53.009;1.7;15.543240;3131116
2203;12:57:53.179;3.3;15.540797;3130624
2204;12:57:53.351;1.5;15.539388;3130592
2205;12:57:53.525;0.0;15.540817;3130628
2206;12:57:53.695;2.9;15.541413;3130788
2207;12:57:53.864;1.5;15.542366;3130940
2208;12:57:54.034;0.0;15.541155;3130712
2209;12:57:54.203;1.6;15.540599;3130364
2210;12:57:54.372;1.6;15.540837;3130632
2211;12:57:54.541;0.0;15.539507;3130364
2212;12:57:54.710;1.6;15.539666;3130452
2213;12:57:54.881;3.0;15.538951;3130252
2214;12:57:55.059;1.6;15.540023;3130468
2215;12:57:55.228;0.0;15.538573;3130176
2216;12:57:55.397;1.5;15.539666;3130176
2217;12:57:55.565;0.0;15.539824;3130208
2218;12:57:55.735;3.0;15.539666;3130176
2219;12:57:55.905;1.5;15.542148;3130896
2220;12:57:56.074;1.4;15.542306;3130708
2221;12:57:56.245;1.6;15.542346;3130936
2222;12:57:56.414;1.5;15.541850;3130616
2223;12:57:56.584;0.0;15.541850;3130836
2224;12:57:56.753;1.5;15.541889;3130844
2225;12:57:56.921;0.0;15.540797;3130624
2226;12:57:57.090;1.6;15.540718;3130608
2227;12:57:57.259;1.5;15.540559;3130576
2228;12:57:57.428;1.6;15.540718;3130608
2229;12:57:57.597;0.0;15.540718;3130608
2230;12:57:57.766;1.5;15.540619;3130368
2231;12:57:57.934;1.6;15.540499;3130344
2232;12:57:58.103;0.0;15.538236;3130368
2233;12:57:58.272;0.0;15.539368;3130116
2234;12:57:58.441;0.0;15.538097;3130080
2235;12:57:58.610;0.0;15.536647;3129828
2236;12:57:58.778;0.0;15.539149;3130292
2237;12:57:58.947;2.9;15.539149;3130292
2238;12:57:59.116;0.0;15.537739;3129788
2239;12:57:59.285;2.9;15.538017;3130088
2240;12:57:59.454;1.6;15.537581;3129756
2241;12:57:59.623;1.5;15.537084;3129876
2242;12:57:59.793;0.0;15.537660;3129772
2243;12:57:59.962;1.4;15.540063;3130476
2244;12:58:00.130;1.6;15.540678;3130868
2245;12:58:00.299;1.4;15.539944;3130452
2246;12:58:00.468;1.5;15.540460;3130116
2247;12:58:00.637;1.3;15.540221;3130508
2248;12:58:00.806;1.5;15.538971;3130256
2249;12:58:00.975;0.0;15.537720;3129784
2250;12:58:01.144;0.0;15.542565;3130980
2251;12:58:01.313;1.5;15.541472;3130832
2252;12:58:01.482;1.6;15.541175;3130480
2253;12:58:01.651;1.5;15.542406;3130728
2254;12:58:01.820;0.0;15.540460;3130556
2255;12:58:01.989;1.5;15.541512;3130768
2256;12:58:02.158;0.0;15.540817;3130888
2257;12:58:02.328;1.5;15.540480;3130560
2258;12:58:02.497;0.0;15.542565;3130980
2259;12:58:02.666;1.4;15.540321;3130528
2260;12:58:02.835;0.0;15.540480;3130560
2261;12:58:03.004;0.0;15.539427;3130128
2262;12:58:03.175;1.4;15.539467;3130136
2263;12:58:03.344;0.0;15.538375;3130136
2264;12:58:03.514;1.6;15.539467;3130136
2265;12:58:03.683;3.1;15.539467;3130356
2266;12:58:03.853;2.9;15.537521;3129964
