ID; Time; CPU %; MEM %; MEM KiB
1;11:03:03.515;23.9;19.530585;3934348
2;11:03:03.686;21.4;19.601949;3949236
3;11:03:03.855;19.7;19.634156;3954992
4;11:03:04.023;13.8;19.691164;3967484
5;11:03:04.192;1.5;19.695771;3967892
6;11:03:04.368;21.2;19.790705;3986796
7;11:03:04.538;18.8;19.797376;3987872
8;11:03:04.708;1.5;19.793862;3987384
9;11:03:04.877;1.5;19.794636;3987320
10;11:03:05.047;1.6;19.794676;3987816
11;11:03:05.216;1.5;19.797138;3988044
12;11:03:05.392;6.2;19.796959;3988260
13;11:03:05.563;21.9;19.739098;3976360
14;11:03:05.733;6.3;19.739376;3976472
15;11:03:05.902;3.0;19.740150;3976344
16;11:03:06.071;4.6;19.740408;3976396
17;11:03:06.245;3.0;19.739276;3976388
18;11:03:06.415;4.5;19.739237;3976396
19;11:03:06.589;3.2;19.738979;3976328
20;11:03:06.760;4.5;19.737370;3976004
21;11:03:06.937;0.0;19.737072;3975944
22;11:03:07.106;3.2;19.738681;3976268
23;11:03:07.277;3.0;19.740408;3977212
24;11:03:07.446;6.0;19.743069;3976712
25;11:03:07.618;8.6;19.741143;3976988
26;11:03:07.793;6.8;19.742930;3977124
27;11:03:07.964;1.6;19.741758;3976888
28;11:03:08.135;1.6;19.748390;3978532
29;11:03:08.308;4.5;19.754903;3979768
30;11:03:08.485;6.2;19.745253;3976892
31;11:03:08.662;7.5;19.739415;3976416
32;11:03:08.832;8.3;19.740408;3976420
33;11:03:09.006;2.9;19.745710;3977684
34;11:03:09.183;3.0;19.754050;3979592
35;11:03:09.359;4.5;19.739356;3976428
36;11:03:09.538;12.5;19.737330;3975996
37;11:03:09.708;16.2;19.737807;3976092
38;11:03:09.879;14.3;19.737350;3976000
39;11:03:10.050;2.7;19.745233;3977368
40;11:03:10.229;4.1;19.746524;3977848
41;11:03:10.401;5.6;19.735980;3974916
42;11:03:10.572;7.4;19.740825;3976700
43;11:03:10.742;2.9;19.790605;3986728
44;11:03:10.911;1.4;19.826009;3993860
45;11:03:11.081;2.9;19.860600;4000828
46;11:03:11.251;4.2;19.884149;4005816
47;11:03:11.420;1.4;19.903370;4009516
48;11:03:11.591;2.9;19.938497;4016520
49;11:03:11.761;1.6;19.969115;4022468
50;11:03:11.930;2.8;19.988694;4026680
51;11:03:12.098;0.0;20.028923;4034516
52;11:03:12.266;1.6;20.068954;4042800
53;11:03:12.435;1.6;20.099394;4048932
54;11:03:12.603;0.0;20.151914;4059512
55;11:03:12.772;3.0;20.193394;4067648
56;11:03:12.941;3.2;20.233663;4075980
57;11:03:13.110;1.6;20.264818;4082036
58;11:03:13.279;0.0;20.275163;4084340
59;11:03:13.447;3.1;20.276414;4084444
60;11:03:13.620;1.6;20.275858;4084480
61;11:03:13.788;3.1;20.272761;4083856
62;11:03:13.957;1.6;20.274766;4084260
63;11:03:14.126;1.6;20.274687;4083876
64;11:03:14.295;1.6;20.271589;4084032
65;11:03:14.465;1.5;20.282967;4085912
66;11:03:14.634;0.0;20.344820;4098372
67;11:03:14.803;3.0;20.395374;4108556
68;11:03:14.971;3.0;20.634665;4155912
69;11:03:15.142;3.2;20.867423;4203900
70;11:03:15.312;0.0;20.869885;4204144
71;11:03:15.481;1.6;20.868753;4203916
72;11:03:15.650;0.0;20.911941;4212876
73;11:03:15.819;1.5;20.953660;4221020
74;11:03:15.988;1.6;20.954910;4221272
75;11:03:16.157;1.6;20.955963;4221484
76;11:03:16.326;3.1;20.954871;4221264
77;11:03:16.494;1.5;20.953898;4221068
78;11:03:16.663;3.1;20.955149;4221100
79;11:03:16.832;3.0;20.954394;4221168
80;11:03:17.000;0.0;20.954553;4220980
81;11:03:17.169;0.0;20.952945;4220656
82;11:03:17.338;3.1;20.951853;4220436
83;11:03:17.507;1.6;20.950463;4220960
84;11:03:17.682;20.3;21.015691;4233076
85;11:03:17.855;5.8;21.011621;4232696
86;11:03:18.025;1.6;21.013249;4233024
87;11:03:18.195;4.5;21.014123;4233200
88;11:03:18.364;6.2;20.927548;4215320
89;11:03:18.533;3.2;20.926615;4215648
90;11:03:18.702;10.8;20.926317;4215512
91;11:03:18.874;4.6;20.929018;4216056
92;11:03:19.044;0.0;20.929018;4216056
93;11:03:19.213;0.0;20.929097;4216072
94;11:03:19.382;1.6;20.928382;4215928
95;11:03:19.551;3.1;20.927906;4215684
96;11:03:19.720;1.6;20.927072;4215964
97;11:03:19.889;6.1;21.133579;4257264
98;11:03:20.058;1.6;21.134314;4257264
99;11:03:20.227;4.6;21.134433;4257436
100;11:03:20.403;1.4;21.135724;4257696
101;11:03:20.572;3.2;21.137054;4257964
102;11:03:20.741;1.6;21.135843;4257720
103;11:03:20.909;1.5;21.135803;4257712
104;11:03:21.078;0.0;21.135763;4257704
105;11:03:21.247;3.1;21.136855;4257924
106;11:03:21.415;3.1;21.136677;4257888
107;11:03:21.584;1.6;21.136657;4257884
108;11:03:21.752;6.1;21.389728;4309116
109;11:03:21.923;4.7;21.389470;4308812
110;11:03:22.093;1.6;21.390641;4309048
111;11:03:22.262;1.6;21.393024;4309528
112;11:03:22.431;0.0;21.394354;4309912
113;11:03:22.600;4.5;21.393838;4309692
114;11:03:22.774;4.5;21.395109;4309948
115;11:03:22.948;4.3;21.393084;4309540
116;11:03:23.120;2.9;21.395427;4309868
117;11:03:23.295;6.2;21.393739;4309672
118;11:03:23.465;2.8;21.389728;4308864
119;11:03:23.637;7.0;21.391515;4309072
120;11:03:23.807;5.6;21.392250;4308932
121;11:03:23.980;1.5;21.391356;4309540
122;11:03:24.152;2.9;21.396737;4310276
123;11:03:24.325;5.6;21.397134;4310356
124;11:03:24.496;5.6;21.395506;4310320
125;11:03:24.668;5.4;21.391853;4309576
126;11:03:24.840;5.3;21.396122;4310152
127;11:03:25.012;5.6;21.393123;4309488
128;11:03:25.184;4.1;21.392825;4309488
129;11:03:25.356;4.2;21.394434;4309812
130;11:03:25.527;4.2;21.395605;4310028
131;11:03:25.700;1.4;21.397015;4310332
132;11:03:25.872;2.9;21.395903;4310108
133;11:03:26.044;4.3;21.393342;4309592
134;11:03:26.217;1.4;21.394732;4309652
135;11:03:26.389;4.2;21.394930;4309912
136;11:03:26.561;4.3;21.394533;4309612
137;11:03:26.733;3.0;21.393024;4309308
138;11:03:26.906;1.5;21.394057;4309736
139;11:03:27.078;3.1;21.390562;4308792
140;11:03:27.250;8.7;21.387583;4308788
141;11:03:27.422;4.2;21.392746;4309724
142;11:03:27.593;5.6;21.394156;4310160
143;11:03:27.766;1.5;21.395447;4310016
144;11:03:27.938;8.2;21.395327;4310152
145;11:03:28.110;2.7;21.395188;4309964
146;11:03:28.280;8.1;21.392647;4309452
147;11:03:28.452;6.9;21.392825;4309488
148;11:03:28.624;9.1;21.394791;4309884
149;11:03:28.796;10.5;21.396598;4310028
150;11:03:28.968;9.5;21.395109;4309948
151;11:03:29.141;15.3;21.395208;4309968
152;11:03:29.313;11.1;21.396995;4310328
153;11:03:29.486;12.9;21.395049;4309936
154;11:03:29.658;15.7;21.396201;4310168
155;11:03:29.829;11.6;21.397670;4310464
156;11:03:30.001;14.1;21.396300;4310188
157;11:03:30.174;15.0;21.395903;4310108
158;11:03:30.344;11.3;21.395010;4309928
159;11:03:30.515;10.0;21.399458;4310604
160;11:03:30.688;7.2;21.398504;4310632
161;11:03:30.859;6.1;21.398226;4310608
162;11:03:31.035;0.0;21.395665;4310312
163;11:03:31.206;1.6;21.397075;4310568
164;11:03:31.375;3.0;21.399180;4310548
165;11:03:31.544;3.0;21.433333;4319696
166;11:03:31.712;3.0;21.553603;4341876
167;11:03:31.881;0.0;21.657195;4364792
168;11:03:32.049;3.0;21.725461;4376740
169;11:03:32.218;1.6;21.851590;4401904
170;11:03:32.386;0.0;21.956174;4422972
171;11:03:32.555;6.1;22.016041;4435292
172;11:03:32.724;1.5;22.100729;4451912
173;11:03:32.895;1.6;22.099518;4451848
174;11:03:33.064;3.0;22.100689;4452084
175;11:03:33.233;3.1;22.110042;4453968
176;11:03:33.402;1.5;22.112584;4454480
177;11:03:33.571;2.9;22.113795;4454724
178;11:03:33.739;1.5;22.113993;4454764
179;11:03:33.909;3.0;22.114251;4454816
180;11:03:34.078;3.1;22.115383;4454824
181;11:03:34.247;0.0;22.113040;4454572
182;11:03:34.417;0.0;22.123644;4456708
183;11:03:34.762;2.8;22.144413;4460892
184;11:03:34.935;1.4;22.162443;4464524
185;11:03:35.104;0.0;22.174039;4467120
186;11:03:35.272;3.1;22.557587;4544124
187;11:03:35.442;1.6;22.555741;4543752
188;11:03:35.611;1.5;22.554887;4543580
189;11:03:35.781;0.0;22.556555;4543916
190;11:03:35.950;1.6;22.556555;4543916
191;11:03:36.119;0.0;22.557806;4544168
192;11:03:36.287;1.5;22.557806;4544168
193;11:03:36.457;1.6;22.557806;4544168
194;11:03:36.626;1.5;22.577861;4548208
195;11:03:36.795;0.0;22.577861;4548208
196;11:03:36.963;1.6;22.577742;4548184
197;11:03:37.132;1.3;22.577781;4548192
198;11:03:37.301;1.6;22.577424;4548120
199;11:03:37.470;3.1;22.575736;4548124
200;11:03:37.639;1.6;22.576233;4547880
201;11:03:37.808;0.0;22.579211;4548480
202;11:03:37.978;6.0;22.558481;4545564
203;11:03:38.149;18.5;22.685404;4569652
204;11:03:38.318;19.7;22.682524;4569568
205;11:03:38.490;2.9;22.684967;4569564
206;11:03:38.659;3.0;22.684470;4569684
207;11:03:38.829;1.5;22.683378;4569464
208;11:03:39.005;3.1;22.684014;4569592
209;11:03:39.175;3.0;22.686635;4570120
210;11:03:39.351;3.1;22.686257;4570044
211;11:03:39.530;4.3;22.686257;4570044
212;11:03:39.704;4.5;22.685046;4569580
213;11:03:39.878;3.0;22.681670;4553580
214;11:03:40.048;7.5;22.575895;4547812
215;11:03:40.217;1.5;22.585803;4549808
216;11:03:40.387;4.7;22.594461;4551552
217;11:03:40.560;1.5;22.594898;4551640
218;11:03:40.730;1.6;22.596228;4551688
219;11:03:40.899;3.1;22.595593;4551780
220;11:03:41.068;4.5;22.595394;4551740
221;11:03:41.245;11.9;22.596804;4552024
222;11:03:41.418;4.5;22.594064;4551584
223;11:03:41.594;1.5;22.595890;4551840
224;11:03:41.763;3.2;22.598353;4552336
225;11:03:41.934;1.6;22.601291;4552928
226;11:03:42.103;4.3;22.600716;4552812
227;11:03:42.277;3.3;22.601033;4552876
228;11:03:42.453;1.6;22.598412;4552348
229;11:03:42.623;5.9;22.594699;4551852
230;11:03:42.792;1.6;22.603257;4553316
231;11:03:42.961;4.4;22.603793;4552992
232;11:03:43.133;4.9;22.604846;4553644
233;11:03:43.307;2.9;22.605044;4553684
234;11:03:43.476;4.8;22.604746;4553464
235;11:03:43.646;0.0;22.608916;4554624
236;11:03:43.817;4.5;22.618070;4556460
237;11:03:43.994;4.6;22.604746;4553624
238;11:03:44.168;5.6;22.605978;4553872
239;11:03:44.341;5.5;22.608658;4554412
240;11:03:44.517;4.5;22.616224;4555936
241;11:03:44.695;6.2;22.607229;4553972
242;11:03:44.866;3.1;22.601093;4552888
243;11:03:45.037;4.3;22.603039;4553440
244;11:03:45.207;4.3;22.603615;4553396
245;11:03:45.379;1.5;22.603932;4553092
246;11:03:45.550;4.3;22.603218;4551920
247;11:03:45.723;4.4;22.600259;4552500
248;11:03:45.896;4.5;22.619976;4557080
249;11:03:46.065;3.2;22.653713;4563328
250;11:03:46.235;4.5;22.684153;4569472
251;11:03:46.404;3.2;22.695848;4571756
252;11:03:46.573;4.8;22.724779;4577584
253;11:03:46.743;1.5;22.754246;4583740
254;11:03:46.913;3.0;22.785599;4592324
255;11:03:47.083;0.0;22.827278;4598452
256;11:03:47.251;1.6;22.858512;4604744
257;11:03:47.420;1.6;22.902653;4613636
258;11:03:47.588;1.6;22.944372;4622040
259;11:03:47.757;1.5;22.974296;4628068
260;11:03:47.925;0.0;23.026181;4638300
261;11:03:48.094;0.0;23.064504;4646240
262;11:03:48.262;3.1;23.106699;4654740
263;11:03:48.431;1.6;23.135868;4660616
264;11:03:48.599;0.0;23.147067;4662872
265;11:03:48.768;1.5;23.148318;4663124
266;11:03:48.936;1.5;23.148437;4663148
267;11:03:49.105;0.0;23.149331;4663328
268;11:03:49.274;0.0;23.147960;4663052
269;11:03:49.442;1.6;23.147921;4663044
270;11:03:49.610;3.0;23.146729;4662804
271;11:03:49.779;2.9;23.147980;4663056
272;11:03:49.948;1.6;23.188805;4671280
273;11:03:50.116;1.6;23.251075;4683824
274;11:03:50.285;1.5;23.291424;4691732
275;11:03:50.454;4.5;23.708410;4776544
276;11:03:50.624;4.6;23.736467;4781856
277;11:03:50.796;0.0;23.740379;4782244
278;11:03:50.965;0.0;23.779814;4790336
279;11:03:51.134;0.0;23.778603;4790092
280;11:03:51.303;0.0;23.830289;4800504
281;11:03:51.472;1.5;23.830527;4800972
282;11:03:51.641;1.5;23.831560;4800760
283;11:03:51.810;1.6;23.831957;4801092
284;11:03:51.979;3.1;23.835074;4801468
285;11:03:52.148;1.6;23.834916;4801436
286;11:03:52.317;1.6;23.834300;4801092
287;11:03:52.485;1.6;23.832672;4800984
288;11:03:52.654;1.5;23.834638;4801380
289;11:03:52.823;1.6;23.833863;4801004
290;11:03:52.992;6.2;23.825762;4799592
291;11:03:53.161;3.1;23.827231;4799888
292;11:03:53.332;2.9;23.830428;4800532
293;11:03:53.505;1.5;23.829256;4800296
294;11:03:53.675;16.4;23.915692;4817708
295;11:03:53.845;19.4;23.934774;4821552
296;11:03:54.014;3.0;23.934635;4821524
297;11:03:54.183;1.6;23.935886;4821776
298;11:03:54.352;0.0;23.935767;4821752
299;11:03:54.521;1.6;23.937534;4822108
300;11:03:54.690;1.5;23.936561;4821912
301;11:03:54.859;4.8;23.933821;4821188
302;11:03:55.029;4.6;24.137548;4862400
303;11:03:55.198;1.6;24.138065;4862504
304;11:03:55.367;3.1;24.139415;4862556
305;11:03:55.542;1.5;24.138243;4862784
306;11:03:55.711;1.6;24.141639;4863004
307;11:03:55.879;3.1;24.141798;4863036
308;11:03:56.048;4.7;24.143644;4863628
309;11:03:56.217;1.5;24.142910;4863480
310;11:03:56.387;1.4;24.141996;4863296
311;11:03:56.555;4.4;24.141321;4863160
312;11:03:56.726;0.0;24.149383;4864636
313;11:03:56.896;4.5;24.267449;4888868
314;11:03:57.066;6.2;24.460534;4927992
315;11:03:57.236;1.5;24.464406;4928244
316;11:03:57.406;1.6;24.465657;4928496
317;11:03:57.575;1.6;24.465577;4928480
318;11:03:57.744;0.0;24.465637;4928492
319;11:03:57.912;1.6;24.467007;4928768
320;11:03:58.082;3.0;24.467623;4928892
321;11:03:58.251;1.6;24.468199;4929008
322;11:03:58.419;0.0;24.468238;4929016
323;11:03:58.588;0.0;24.468655;4929100
324;11:03:58.758;0.0;24.469747;4929320
325;11:03:58.927;1.6;24.468655;4929100
326;11:03:59.096;9.5;24.367963;4908816
327;11:03:59.267;3.0;24.371438;4909516
328;11:03:59.439;3.1;24.373582;4909948
329;11:03:59.608;3.2;24.373781;4909988
330;11:03:59.777;3.2;24.374972;4910228
331;11:03:59.946;0.0;24.375111;4910256
332;11:04:00.116;1.6;24.375310;4910296
333;11:04:00.285;1.6;24.375608;4910356
334;11:04:00.454;3.0;24.373860;4910004
335;11:04:00.622;3.0;24.374277;4910340
336;11:04:00.791;3.0;24.379122;4911064
337;11:04:00.960;0.0;24.377951;4910828
338;11:04:01.129;0.0;24.377335;4910704
339;11:04:01.298;3.2;24.377276;4910692
340;11:04:01.469;3.0;24.377435;4910724
341;11:04:01.646;3.3;24.375429;4910320
342;11:04:01.817;1.5;24.373900;4910164
343;11:04:01.987;2.9;24.380612;4911364
344;11:04:02.164;4.4;24.370127;4909656
345;11:04:02.336;1.6;24.372947;4909820
346;11:04:02.507;1.7;24.372828;4909796
347;11:04:02.677;5.3;24.373999;4910032
348;11:04:02.849;1.7;24.376025;4910440
349;11:04:03.022;1.7;24.373999;4910284
350;11:04:03.192;5.7;24.375608;4910204
351;11:04:03.364;1.9;24.373483;4909896
352;11:04:03.535;1.7;24.377355;4910708
353;11:04:03.709;3.7;24.376303;4910496
354;11:04:03.879;3.8;24.377137;4910496
355;11:04:04.052;3.7;24.375965;4910208
356;11:04:04.223;2.0;24.376104;4910488
357;11:04:04.394;2.0;24.375985;4910432
358;11:04:04.565;3.8;24.373880;4910008
359;11:04:04.736;1.9;24.371736;4909828
360;11:04:04.906;2.0;24.372550;4909992
361;11:04:05.077;3.8;24.375945;4910592
362;11:04:05.248;1.9;24.376064;4910448
363;11:04:05.418;2.0;24.375945;4910204
364;11:04:05.589;1.9;24.374496;4910132
365;11:04:05.759;1.9;24.374535;4910140
366;11:04:05.930;5.6;24.373781;4909988
367;11:04:06.100;3.7;24.373364;4909904
368;11:04:06.272;2.0;24.373007;4909832
369;11:04:06.443;0.0;24.373364;4909904
370;11:04:06.615;2.0;24.372014;4909632
371;11:04:06.786;0.0;24.374079;4910048
372;11:04:06.958;3.7;24.375767;4910168
373;11:04:07.129;0.0;24.379102;4911060
374;11:04:07.300;3.6;24.378149;4910868
375;11:04:07.471;1.9;24.378308;4910900
376;11:04:07.643;5.4;24.379559;4911152
377;11:04:07.814;3.6;24.377057;4910648
378;11:04:07.984;1.8;24.378745;4910988
379;11:04:08.157;3.6;24.377991;4910836
380;11:04:08.328;1.8;24.378149;4910648
381;11:04:08.498;0.0;24.374238;4910484
382;11:04:08.669;1.8;24.378229;4910884
383;11:04:08.840;1.8;24.378427;4910924
384;11:04:09.010;1.8;24.378229;4910884
385;11:04:09.181;3.4;24.378229;4910884
386;11:04:09.353;3.3;24.375449;4909996
387;11:04:09.525;6.7;24.377018;4911052
388;11:04:09.697;1.7;24.379658;4911172
389;11:04:09.868;3.3;24.380612;4911364
390;11:04:10.038;3.4;24.380453;4911112
391;11:04:10.211;3.3;24.378527;4911300
392;11:04:10.382;0.0;24.379400;4911372
393;11:04:10.554;1.6;24.381207;4911212
394;11:04:10.737;1.6;24.380135;4910972
395;11:04:10.908;3.0;24.380552;4911052
396;11:04:11.081;3.1;24.377951;4910828
397;11:04:11.252;3.0;24.378745;4910988
398;11:04:11.425;5.9;24.378566;4910952
399;11:04:11.596;1.6;24.376184;4910472
400;11:04:11.768;1.5;24.378725;4910984
401;11:04:11.938;4.6;24.379857;4911212
402;11:04:12.109;3.0;24.380294;4911300
403;11:04:12.280;3.0;24.380413;4911324
404;11:04:12.450;3.0;24.379460;4911300
405;11:04:12.620;1.5;24.376998;4910636
406;11:04:12.792;5.6;24.378368;4910912
407;11:04:12.964;7.0;24.378805;4910940
408;11:04:13.135;4.5;24.376382;4910352
409;11:04:13.305;2.9;24.376759;4910896
410;11:04:13.475;1.5;24.378090;4911108
411;11:04:13.646;4.5;24.378010;4910688
412;11:04:13.817;6.1;24.384285;4912104
413;11:04:13.986;1.4;24.385576;4912364
414;11:04:14.155;1.6;24.395166;4914296
415;11:04:14.325;3.2;24.394094;4914080
416;11:04:14.494;1.6;24.393697;4914000
417;11:04:14.662;1.5;24.433966;4922112
418;11:04:14.830;1.6;24.536743;4942816
419;11:04:14.999;1.6;24.638984;4963412
420;11:04:15.169;6.2;24.676076;4970832
421;11:04:15.338;4.6;24.778893;4991392
422;11:04:15.509;0.0;24.852283;5006380
423;11:04:15.680;1.6;24.923865;5020800
424;11:04:15.850;1.6;24.993760;5035132
425;11:04:16.019;4.6;25.100826;5056448
426;11:04:16.189;1.5;25.149733;5066300
427;11:04:16.359;1.6;25.188334;5074328
428;11:04:16.529;0.0;25.209739;5078640
429;11:04:16.699;3.1;25.251378;5086776
430;11:04:16.868;1.6;25.286008;5093452
431;11:04:17.037;4.6;25.318255;5100248
432;11:04:17.206;1.6;25.332691;5103424
433;11:04:17.375;3.1;25.398396;5116244
434;11:04:17.544;1.5;25.490907;5134984
435;11:04:17.713;3.2;25.592513;5155496
436;11:04:17.881;6.2;25.615209;5160068
437;11:04:18.051;0.0;25.616380;5160304
438;11:04:18.220;1.5;25.615387;5160104
439;11:04:18.389;1.5;25.615427;5159708
440;11:04:18.559;0.0;25.620490;5161384
441;11:04:18.729;1.6;25.897250;5216884
442;11:04:18.898;1.5;25.899752;5217388
443;11:04:19.067;1.5;25.901043;5217648
444;11:04:19.236;3.1;25.901043;5217648
445;11:04:19.405;1.6;25.900805;5217600
446;11:04:19.574;4.5;25.902572;5217956
447;11:04:19.743;3.1;25.903862;5218216
448;11:04:19.912;0.0;25.903704;5218184
449;11:04:20.082;3.1;25.923719;5222216
450;11:04:20.251;1.5;25.923917;5222256
451;11:04:20.420;3.1;25.923917;5222256
452;11:04:20.589;3.0;25.923957;5222264
453;11:04:20.759;0.0;25.926459;5222768
454;11:04:20.928;1.5;25.925288;5222532
455;11:04:21.097;3.1;25.924871;5222448
456;11:04:21.267;3.2;25.921932;5221856
457;11:04:21.436;0.0;25.922190;5221908
458;11:04:21.605;12.1;25.949691;5227448
459;11:04:21.774;3.1;25.947567;5226724
460;11:04:21.945;0.0;25.946216;5226748
461;11:04:22.114;1.6;25.947467;5227000
462;11:04:22.283;1.6;25.947626;5227032
463;11:04:22.453;0.0;25.948559;5227220
464;11:04:22.621;1.6;25.952749;5228064
465;11:04:22.790;0.0;25.954099;5228364
466;11:04:22.959;1.5;25.954794;5228476
467;11:04:23.128;3.1;25.952769;5228068
468;11:04:23.296;12.7;25.948758;5227260
469;11:04:23.470;3.1;25.948202;5227400
470;11:04:23.639;3.2;25.949532;5227088
471;11:04:23.813;12.7;25.976001;5236328
472;11:04:23.992;18.5;26.035412;5244716
473;11:04:24.164;3.1;26.034121;5244456
474;11:04:24.335;4.8;26.034459;5244524
475;11:04:24.508;0.0;26.032731;5244428
476;11:04:24.678;4.7;26.037616;5245160
477;11:04:24.848;20.9;26.041388;5245920
478;11:04:25.019;1.6;26.038529;5245344
479;11:04:25.190;11.1;25.940518;5226608
480;11:04:25.362;4.8;25.957336;5228988
481;11:04:25.532;4.5;25.959758;5229476
482;11:04:25.701;3.0;25.955926;5228484
483;11:04:25.875;6.1;25.956145;5229124
484;11:04:26.044;7.9;25.954179;5228856
485;11:04:26.214;19.7;26.041706;5245984
486;11:04:26.385;1.6;26.036305;5244896
487;11:04:26.559;12.7;25.956363;5228792
488;11:04:26.728;4.5;25.959917;5229508
489;11:04:26.898;6.2;25.958587;5229240
490;11:04:27.067;7.7;25.960990;5229724
491;11:04:27.238;0.0;25.959202;5229144
492;11:04:27.411;12.3;25.960692;5229664
493;11:04:27.585;3.1;25.960533;5229632
494;11:04:27.755;1.6;25.959600;5229444
495;11:04:27.924;3.1;25.960930;5229712
496;11:04:28.092;13.6;25.671045;5171096
Build Completed
