ID; Time; Network interface; TBPS; RBPS
1;08:47:05.962;enp0s25;0;0
2;08:47:06.973;enp0s25;0;64
3;08:47:07.980;enp0s25;3430;5700
4;08:47:08.994;enp0s25;33134;957730
5;08:47:10.003;enp0s25;4913;5432
6;08:47:11.010;enp0s25;618;408
7;08:47:12.017;enp0s25;93792;3837809
8;08:47:13.024;enp0s25;163621;7134664
9;08:47:14.032;enp0s25;117240;7163442
10;08:47:15.045;enp0s25;140674;7155916
11;08:47:16.054;enp0s25;148934;7154334
12;08:47:17.062;enp0s25;146679;6796619
13;08:47:18.070;enp0s25;152390;7152816
14;08:47:19.077;enp0s25;152040;7149844
15;08:47:20.085;enp0s25;149808;7151298
16;08:47:21.092;enp0s25;156453;7090951
17;08:47:22.101;enp0s25;112840;5305410
18;08:47:23.108;enp0s25;154109;7152944
19;08:47:24.117;enp0s25;89296;2779039
20;08:47:25.127;enp0s25;100260;3776369
21;08:47:26.134;enp0s25;54872;2317985
22;08:47:27.142;enp0s25;0;64
23;08:47:28.148;enp0s25;0;0
24;08:47:29.155;enp0s25;0;64
25;08:47:30.162;enp0s25;0;0
26;08:47:31.169;enp0s25;0;64
27;08:47:32.176;enp0s25;0;274
28;08:47:33.184;enp0s25;0;64
29;08:47:34.191;enp0s25;64;64
30;08:47:35.197;enp0s25;0;64
31;08:47:36.205;enp0s25;0;64
32;08:47:37.212;enp0s25;0;0
33;08:47:38.219;enp0s25;0;64
34;08:47:39.226;enp0s25;0;0
35;08:47:40.236;enp0s25;0;64
36;08:47:41.243;enp0s25;0;0
37;08:47:42.251;enp0s25;0;64
38;08:47:43.257;enp0s25;0;0
39;08:47:44.265;enp0s25;0;64
40;08:47:45.272;enp0s25;64;64
41;08:47:46.279;enp0s25;0;64
42;08:47:47.286;enp0s25;83807;1508530
43;08:47:48.292;enp0s25;42816;802910
44;08:47:49.301;enp0s25;22049;238039
45;08:47:50.309;enp0s25;91443;1313719
46;08:47:51.316;enp0s25;0;0
47;08:47:52.342;enp0s25;1920;1024
48;08:47:53.349;enp0s25;851;2779
49;08:47:54.364;enp0s25;136472;2966444
50;08:47:55.371;enp0s25;66426;1709442
51;08:47:56.386;enp0s25;28290;542643
52;08:47:57.399;enp0s25;64216;1283828
53;08:47:58.408;enp0s25;44051;872334
54;08:47:59.415;enp0s25;4416;248073
55;08:48:00.423;enp0s25;87885;1186275
56;08:48:01.430;enp0s25;126720;2665640
57;08:48:02.437;enp0s25;8975;200660
58;08:48:03.444;enp0s25;0;0
59;08:48:04.456;enp0s25;0;64
60;08:48:05.463;enp0s25;1920;960
61;08:48:06.470;enp0s25;0;64
62;08:48:07.477;enp0s25;64;64
63;08:48:08.484;enp0s25;17652;338915
64;08:48:09.493;enp0s25;167491;7086024
65;08:48:10.500;enp0s25;158286;6959092
66;08:48:11.508;enp0s25;162477;7102416
67;08:48:12.523;enp0s25;147325;7157434
68;08:48:13.531;enp0s25;153929;7157257
69;08:48:14.538;enp0s25;150746;7163956
70;08:48:15.546;enp0s25;151854;7164642
71;08:48:16.556;enp0s25;126648;7163506
72;08:48:17.565;enp0s25;150146;7161924
73;08:48:18.573;enp0s25;146448;7166606
74;08:48:19.584;enp0s25;135902;7172550
75;08:48:20.600;enp0s25;150914;7160470
76;08:48:21.610;enp0s25;109432;5197632
77;08:48:22.618;enp0s25;151938;7139218
78;08:48:23.626;enp0s25;140940;7007646
79;08:48:24.635;enp0s25;150570;7067872
80;08:48:25.642;enp0s25;151620;7131564
81;08:48:26.650;enp0s25;151760;7137700
82;08:48:27.658;enp0s25;151410;7145226
83;08:48:28.666;enp0s25;151620;7148326
84;08:48:29.674;enp0s25;151124;7092160
85;08:48:30.682;enp0s25;150710;7089124
86;08:48:31.690;enp0s25;120400;7149780
87;08:48:32.698;enp0s25;148960;7084570
88;08:48:33.708;enp0s25;106260;5013954
89;08:48:34.724;enp0s25;142870;6732394
90;08:48:35.733;enp0s25;150920;7148262
91;08:48:36.740;enp0s25;151340;7152880
92;08:48:37.748;enp0s25;137720;7149780
93;08:48:38.755;enp0s25;151760;7175650
94;08:48:39.768;enp0s25;151614;7140736
95;08:48:40.776;enp0s25;152054;7145290
96;08:48:41.783;enp0s25;150594;7152816
97;08:48:42.791;enp0s25;153978;7154398
98;08:48:43.799;enp0s25;150154;7146744
99;08:48:44.807;enp0s25;95830;4505488
100;08:48:45.820;enp0s25;152040;7133082
101;08:48:46.829;enp0s25;151550;7134664
102;08:48:47.837;enp0s25;151060;7136118
103;08:48:48.845;enp0s25;151690;7117966
104;08:48:49.853;enp0s25;152390;7149780
105;08:48:50.861;enp0s25;148151;7148390
106;08:48:51.868;enp0s25;152320;7143708
107;08:48:52.875;enp0s25;140604;7136182
108;08:48:53.883;enp0s25;149353;7151298
109;08:48:54.891;enp0s25;151480;7151362
110;08:48:55.898;enp0s25;149495;7149780
111;08:48:56.906;enp0s25;95690;4494862
112;08:48:57.914;enp0s25;149310;7029858
113;08:48:58.922;enp0s25;152320;7149844
114;08:48:59.930;enp0s25;151480;7143708
115;08:49:00.938;enp0s25;152320;7145290
116;08:49:01.945;enp0s25;152034;7140736
117;08:49:02.953;enp0s25;151970;7133146
118;08:49:03.961;enp0s25;151200;7133082
119;08:49:04.968;enp0s25;138670;7037512
120;08:49:05.976;enp0s25;153020;7208982
121;08:49:06.992;enp0s25;149940;7149844
122;08:49:07.999;enp0s25;12448;585240
123;08:49:09.007;enp0s25;0;64
124;08:49:10.013;enp0s25;0;0
125;08:49:11.021;enp0s25;0;64
126;08:49:12.028;enp0s25;0;0
127;08:49:13.035;enp0s25;64;128
128;08:49:14.042;enp0s25;0;0
129;08:49:15.049;enp0s25;0;64
130;08:49:16.060;enp0s25;0;0
131;08:49:17.069;enp0s25;0;64
132;08:49:18.076;enp0s25;0;0
133;08:49:19.084;enp0s25;0;64
134;08:49:20.091;enp0s25;0;0
135;08:49:21.098;enp0s25;0;64
136;08:49:22.105;enp0s25;0;0
137;08:49:23.112;enp0s25;0;64
138;08:49:24.119;enp0s25;64;64
139;08:49:25.126;enp0s25;0;64
140;08:49:26.134;enp0s25;0;0
141;08:49:27.142;enp0s25;0;64
142;08:49:28.149;enp0s25;0;0
143;08:49:29.159;enp0s25;0;64
144;08:49:30.167;enp0s25;0;0
145;08:49:31.174;enp0s25;0;64
146;08:49:32.182;enp0s25;0;0
147;08:49:33.189;enp0s25;0;64
148;08:49:34.196;enp0s25;0;0
149;08:49:35.203;enp0s25;64;64
150;08:49:36.209;enp0s25;0;64
151;08:49:37.217;enp0s25;0;0
152;08:49:38.224;enp0s25;0;64
153;08:49:39.231;enp0s25;0;0
154;08:49:40.238;enp0s25;0;64
155;08:49:41.246;enp0s25;0;0
156;08:49:42.259;enp0s25;0;64
157;08:49:43.270;enp0s25;0;0
158;08:49:44.277;enp0s25;0;64
159;08:49:45.284;enp0s25;0;0
160;08:49:46.291;enp0s25;64;128
161;08:49:47.297;enp0s25;0;0
162;08:49:48.305;enp0s25;0;64
163;08:49:49.312;enp0s25;0;0
164;08:49:50.319;enp0s25;0;64
165;08:49:51.326;enp0s25;0;0
166;08:49:52.334;enp0s25;0;64
167;08:49:53.341;enp0s25;0;0
168;08:49:54.352;enp0s25;0;64
169;08:49:55.360;enp0s25;0;0
170;08:49:56.367;enp0s25;0;64
171;08:49:57.374;enp0s25;64;64
172;08:49:58.381;enp0s25;0;64
173;08:49:59.388;enp0s25;0;0
174;08:50:00.395;enp0s25;0;64
175;08:50:01.403;enp0s25;0;0
176;08:50:02.410;enp0s25;0;64
177;08:50:03.417;enp0s25;0;0
178;08:50:04.424;enp0s25;0;64
179;08:50:05.431;enp0s25;0;0
180;08:50:06.438;enp0s25;0;64
181;08:50:07.446;enp0s25;0;0
182;08:50:08.453;enp0s25;64;128
183;08:50:09.459;enp0s25;0;0
184;08:50:10.466;enp0s25;0;64
185;08:50:11.473;enp0s25;0;0
186;08:50:13.291;enp0s25;0;0
187;08:50:14.298;enp0s25;0;64
188;08:50:15.305;enp0s25;0;0
189;08:50:16.312;enp0s25;0;64
190;08:50:17.319;enp0s25;0;0
191;08:50:18.326;enp0s25;0;64
192;08:50:19.333;enp0s25;64;64
193;08:50:20.340;enp0s25;0;64
194;08:50:21.347;enp0s25;0;0
195;08:50:22.354;enp0s25;0;64
196;08:50:23.361;enp0s25;0;0
197;08:50:24.368;enp0s25;0;436
198;08:50:25.375;enp0s25;0;372
199;08:50:26.382;enp0s25;0;64
200;08:50:27.393;enp0s25;0;372
201;08:50:28.402;enp0s25;0;64
202;08:50:29.413;enp0s25;0;0
203;08:50:30.421;enp0s25;64;128
204;08:50:31.428;enp0s25;0;372
205;08:50:32.435;enp0s25;0;64
206;08:50:33.442;enp0s25;0;0
207;08:50:34.449;enp0s25;0;64
208;08:50:35.457;enp0s25;0;0
209;08:50:36.463;enp0s25;0;64
210;08:50:37.470;enp0s25;0;0
211;08:50:38.478;enp0s25;0;64
212;08:50:39.485;enp0s25;0;0
213;08:50:40.492;enp0s25;0;64
214;08:50:41.499;enp0s25;64;64
215;08:50:42.506;enp0s25;0;64
216;08:50:43.514;enp0s25;0;0
217;08:50:44.525;enp0s25;0;64
218;08:50:45.536;enp0s25;0;0
219;08:50:46.546;enp0s25;0;64
220;08:50:47.553;enp0s25;0;0
221;08:50:48.560;enp0s25;0;64
222;08:50:49.567;enp0s25;0;0
223;08:50:50.575;enp0s25;0;64
224;08:50:51.582;enp0s25;0;0
225;08:50:52.589;enp0s25;64;128
226;08:50:53.596;enp0s25;0;0
227;08:50:54.603;enp0s25;0;64
228;08:50:55.610;enp0s25;0;0
229;08:50:56.616;enp0s25;0;64
230;08:50:57.623;enp0s25;0;0
231;08:50:58.630;enp0s25;0;64
232;08:50:59.637;enp0s25;0;0
233;08:51:00.644;enp0s25;0;64
234;08:51:01.654;enp0s25;0;0
235;08:51:02.662;enp0s25;0;64
236;08:51:03.669;enp0s25;64;64
237;08:51:04.676;enp0s25;0;64
238;08:51:05.683;enp0s25;0;0
239;08:51:06.690;enp0s25;0;64
240;08:51:07.697;enp0s25;0;0
241;08:51:08.705;enp0s25;0;64
242;08:51:09.712;enp0s25;0;0
243;08:51:10.719;enp0s25;0;64
244;08:51:11.726;enp0s25;0;0
245;08:51:12.734;enp0s25;0;64
246;08:51:13.741;enp0s25;0;0
247;08:51:14.748;enp0s25;64;1146
248;08:51:15.756;enp0s25;0;3298
249;08:51:16.763;enp0s25;0;962
250;08:51:17.770;enp0s25;0;1214
251;08:51:18.778;enp0s25;0;450
252;08:51:19.785;enp0s25;0;0
253;08:51:20.792;enp0s25;0;64
254;08:51:21.799;enp0s25;0;1214
255;08:51:22.806;enp0s25;0;64
256;08:51:23.813;enp0s25;0;0
257;08:51:24.820;enp0s25;0;502
258;08:51:25.827;enp0s25;64;64
259;08:51:26.834;enp0s25;0;64
260;08:51:27.841;enp0s25;0;0
261;08:51:28.849;enp0s25;0;64
262;08:51:29.856;enp0s25;0;0
263;08:51:31.486;enp0s25;0;0
264;08:51:32.501;enp0s25;0;64
265;08:51:33.509;enp0s25;0;0
266;08:51:34.516;enp0s25;0;64
267;08:51:35.523;enp0s25;0;0
268;08:51:36.530;enp0s25;64;128
269;08:51:37.537;enp0s25;0;0
270;08:51:38.545;enp0s25;0;64
271;08:51:39.552;enp0s25;0;0
272;08:51:40.559;enp0s25;0;64
273;08:51:41.566;enp0s25;0;0
274;08:51:42.573;enp0s25;0;64
275;08:51:43.580;enp0s25;0;0
276;08:51:44.588;enp0s25;0;64
277;08:51:45.595;enp0s25;0;0
278;08:51:46.603;enp0s25;0;64
279;08:51:47.610;enp0s25;64;64
280;08:51:48.617;enp0s25;0;64
281;08:51:49.624;enp0s25;0;0
282;08:51:50.631;enp0s25;0;64
283;08:51:51.638;enp0s25;0;0
284;08:51:52.645;enp0s25;0;64
285;08:51:53.652;enp0s25;0;0
286;08:51:54.659;enp0s25;0;64
287;08:51:55.667;enp0s25;0;0
288;08:51:56.674;enp0s25;0;64
289;08:51:57.681;enp0s25;0;0
290;08:51:58.688;enp0s25;64;128
291;08:51:59.698;enp0s25;0;0
292;08:52:00.705;enp0s25;0;64
293;08:52:01.712;enp0s25;0;0
294;08:52:02.720;enp0s25;0;64
295;08:52:03.732;enp0s25;0;0
296;08:52:04.739;enp0s25;0;64
297;08:52:05.746;enp0s25;0;0
298;08:52:06.753;enp0s25;0;64
299;08:52:07.760;enp0s25;0;0
300;08:52:08.767;enp0s25;0;64
301;08:52:09.773;enp0s25;64;400
302;08:52:10.780;enp0s25;0;64
303;08:52:11.787;enp0s25;0;0
304;08:52:12.794;enp0s25;0;64
305;08:52:13.801;enp0s25;0;0
306;08:52:14.808;enp0s25;0;64
307;08:52:15.816;enp0s25;0;0
308;08:52:16.824;enp0s25;0;1948
309;08:52:17.834;enp0s25;0;2976
310;08:52:18.841;enp0s25;0;824
311;08:52:19.848;enp0s25;0;1150
312;08:52:20.855;enp0s25;228;1152
313;08:52:21.862;enp0s25;787;2778
314;08:52:22.869;enp0s25;0;1214
315;08:52:23.876;enp0s25;0;0
316;08:52:24.883;enp0s25;0;64
317;08:52:25.890;enp0s25;0;0
318;08:52:26.897;enp0s25;0;64
319;08:52:27.904;enp0s25;0;0
320;08:52:28.911;enp0s25;0;64
321;08:52:29.918;enp0s25;0;726
322;08:52:30.928;enp0s25;0;64
323;08:52:31.935;enp0s25;64;64
324;08:52:32.943;enp0s25;0;64
325;08:52:33.950;enp0s25;11585;3171
326;08:52:34.957;enp0s25;0;64
327;08:52:35.964;enp0s25;0;0
328;08:52:36.971;enp0s25;0;64
329;08:52:37.979;enp0s25;0;0
330;08:52:38.986;enp0s25;0;64
331;08:52:39.993;enp0s25;2945;9922
332;08:52:41.000;enp0s25;69204;1120746
333;08:52:42.008;enp0s25;121384;2064593
334;08:52:43.016;enp0s25;96276;1673916
335;08:52:44.031;enp0s25;96729;2659730
336;08:52:45.039;enp0s25;89489;2608585
337;08:52:46.046;enp0s25;38106;404346
338;08:52:47.054;enp0s25;47109;669771
339;08:52:48.061;enp0s25;61842;1656650
340;08:52:49.068;enp0s25;36849;430867
341;08:52:50.075;enp0s25;59143;841658
342;08:52:51.082;enp0s25;38018;402569
343;08:52:52.090;enp0s25;37169;245997
344;08:52:53.097;enp0s25;37402;497334
345;08:52:54.105;enp0s25;47729;1016926
346;08:52:55.112;enp0s25;56139;994377
347;08:52:56.120;enp0s25;65890;1345250
348;08:52:57.127;enp0s25;72330;1313045
349;08:52:58.136;enp0s25;42956;1024694
350;08:52:59.143;enp0s25;33502;533559
351;08:53:00.150;enp0s25;54468;724787
352;08:53:01.158;enp0s25;39968;701795
353;08:53:02.165;enp0s25;26974;468523
354;08:53:03.173;enp0s25;39353;1041295
355;08:53:04.180;enp0s25;35306;1028262
356;08:53:05.188;enp0s25;60555;706193
357;08:53:06.196;enp0s25;54955;1145004
358;08:53:07.203;enp0s25;36386;438273
359;08:53:08.210;enp0s25;50660;1115162
360;08:53:09.217;enp0s25;82442;3098580
361;08:53:10.225;enp0s25;89367;3575540
362;08:53:11.232;enp0s25;76881;3118795
363;08:53:12.240;enp0s25;56810;1195947
364;08:53:13.247;enp0s25;69383;2189651
365;08:53:14.254;enp0s25;25492;260661
366;08:53:15.262;enp0s25;47772;1230739
367;08:53:16.269;enp0s25;38669;449476
368;08:53:17.276;enp0s25;39804;1759936
369;08:53:18.284;enp0s25;22191;1656154
370;08:53:19.291;enp0s25;0;0
371;08:53:20.298;enp0s25;0;64
372;08:53:21.305;enp0s25;1407;26528
373;08:53:22.312;enp0s25;2639;396295
374;08:53:23.319;enp0s25;10429;355537
375;08:53:24.326;enp0s25;8855;240228
376;08:53:25.334;enp0s25;21551;1077041
377;08:53:26.341;enp0s25;16492;798618
378;08:53:27.348;enp0s25;14562;505589
379;08:53:28.355;enp0s25;50342;2110168
380;08:53:29.363;enp0s25;38402;2320049
381;08:53:30.370;enp0s25;19667;1391621
382;08:53:31.377;enp0s25;42962;1704161
383;08:53:32.387;enp0s25;13355;801734
384;08:53:33.393;enp0s25;1920;2110
385;08:53:34.400;enp0s25;0;64
386;08:53:35.407;enp0s25;0;394
387;08:53:36.414;enp0s25;0;64
388;08:53:37.420;enp0s25;64;64
389;08:53:38.427;enp0s25;0;64
390;08:53:39.434;enp0s25;0;0
391;08:53:40.442;enp0s25;0;64
392;08:53:41.448;enp0s25;0;0
393;08:53:42.455;enp0s25;0;64
394;08:53:43.463;enp0s25;0;0
395;08:53:44.470;enp0s25;0;64
396;08:53:45.480;enp0s25;0;0
397;08:53:46.490;enp0s25;0;64
398;08:53:47.500;enp0s25;0;0
399;08:53:48.508;enp0s25;64;128
400;08:53:49.515;enp0s25;0;0
401;08:53:50.521;enp0s25;0;64
402;08:53:51.528;enp0s25;156;257
403;08:53:52.536;enp0s25;1436;3189
