ID; Time; CPU %; MEM %; MEM KiB
1;14:21:21.520;2.8;14.681908;2957864
2;14:21:21.692;4.3;14.680141;2957524
3;14:21:21.861;1.5;14.684867;2957760
4;14:21:22.033;1.5;14.682484;2957720
5;14:21:22.209;3.0;14.689592;2959420
6;14:21:22.378;1.6;14.687666;2958764
7;14:21:22.549;4.5;14.689851;2959204
8;14:21:22.727;3.1;14.691955;2960140
9;14:21:22.900;0.0;14.693802;2960160
10;14:21:23.071;3.1;14.694715;2960184
11;14:21:23.239;5.9;14.692908;2959820
12;14:21:23.409;11.1;14.695033;2960248
13;14:21:23.582;7.9;14.704544;2962164
14;14:21:23.753;13.4;14.703710;2961808
15;14:21:23.922;10.3;14.704683;2962468
16;14:21:24.090;0.0;14.710700;2963404
17;14:21:24.264;2.6;14.718781;2965032
18;14:21:24.440;3.1;14.703790;2962012
19;14:21:24.611;4.5;14.703810;2961796
20;14:21:24.784;6.1;14.710720;2963640
21;14:21:24.958;1.4;14.719020;2965080
22;14:21:25.134;3.0;14.710879;2962528
23;14:21:25.311;1.5;14.703254;2961904
24;14:21:25.482;3.1;14.705438;2962156
25;14:21:25.653;1.6;14.702618;2961776
26;14:21:25.825;1.6;14.704346;2962124
27;14:21:25.996;1.6;14.703552;2962060
28;14:21:26.166;1.6;14.704584;2961764
29;14:21:26.335;1.5;14.702400;2962104
30;14:21:26.504;1.6;14.706173;2962492
31;14:21:26.675;0.0;14.704723;2962200
32;14:21:26.844;3.1;14.703929;2962040
33;14:21:27.013;4.8;14.703135;2962204
34;14:21:27.182;0.0;14.729583;2967428
35;14:21:27.350;1.6;14.760718;2973748
36;14:21:27.520;0.0;14.803112;2981840
37;14:21:27.688;0.0;14.835160;2988476
38;14:21:27.856;0.0;14.875310;2996344
39;14:21:28.024;0.0;14.906743;3002896
40;14:21:28.192;0.0;14.945840;3010772
41;14:21:28.360;0.0;14.998857;3021452
42;14:21:28.528;1.6;15.040576;3029888
43;14:21:28.697;1.5;15.072346;3036256
44;14:21:28.866;0.0;15.102528;3042336
45;14:21:29.035;1.4;15.100979;3042292
46;14:21:29.203;0.0;15.102866;3042404
47;14:21:29.371;0.0;15.105526;3042500
48;14:21:29.539;1.5;15.102806;3042392
49;14:21:29.707;0.0;15.103779;3042784
50;14:21:29.875;0.0;15.104037;3042420
51;14:21:30.043;0.0;15.102945;3042680
52;14:21:30.212;0.0;15.133127;3048760
53;14:21:30.380;0.0;15.195992;3061164
54;14:21:30.548;1.6;15.236460;3069316
55;14:21:30.717;3.1;15.603031;3145720
56;14:21:30.886;3.1;15.689962;3160672
57;14:21:31.056;1.6;15.688553;3160428
58;14:21:31.224;1.5;15.690121;3160704
59;14:21:31.393;0.0;15.728901;3168564
60;14:21:31.561;1.5;15.778641;3178536
61;14:21:31.730;0.0;15.778363;3178748
62;14:21:31.899;0.0;15.781997;3179212
63;14:21:32.067;0.0;15.780985;3179008
64;14:21:32.236;1.5;15.779773;3178764
65;14:21:32.405;0.0;15.779734;3178536
66;14:21:32.574;1.5;15.778602;3178528
67;14:21:32.743;1.5;15.781679;3179416
68;14:21:32.911;0.0;15.782613;3179116
69;14:21:33.079;0.0;15.781282;3178848
70;14:21:33.247;0.0;15.780031;3178816
71;14:21:33.416;1.6;15.780865;3178072
72;14:21:33.586;9.1;15.778363;3178480
73;14:21:33.755;0.0;15.778602;3178796
74;14:21:33.924;3.1;15.780290;3179136
75;14:21:34.094;1.5;15.780746;3178960
76;14:21:34.269;3.0;15.780945;3179000
77;14:21:34.442;3.1;15.782136;3179020
78;14:21:34.614;3.2;15.780985;3179008
79;14:21:34.788;1.5;15.783347;3179484
80;14:21:34.962;1.6;15.786961;3180260
81;14:21:35.135;1.5;15.791786;3181184
82;14:21:35.313;3.3;15.784857;3179568
83;14:21:35.482;0.0;15.784896;3179576
84;14:21:35.655;0.0;15.786425;3180104
85;14:21:35.827;3.0;15.785413;3179900
86;14:21:35.996;1.5;15.782454;3179304
87;14:21:36.167;0.0;15.784440;3179704
88;14:21:36.343;3.0;15.786663;3180168
89;14:21:36.516;1.5;15.791330;3181092
90;14:21:36.693;1.6;15.789702;3180764
91;14:21:36.864;3.1;15.787775;3180376
92;14:21:37.040;3.0;15.785889;3179996
93;14:21:37.213;1.4;15.785413;3179900
94;14:21:37.384;5.5;15.785154;3179848
95;14:21:37.555;2.8;15.784996;3179864
96;14:21:37.726;4.2;15.784598;3179776
97;14:21:37.898;0.0;15.784042;3179624
98;14:21:38.070;1.5;15.781263;3179064
99;14:21:38.241;2.9;15.784023;3179620
100;14:21:38.413;2.9;15.783903;3179376
101;14:21:38.584;4.4;15.782454;3179304
102;14:21:38.756;4.0;15.781818;3179176
103;14:21:38.927;1.5;15.786902;3180200
104;14:21:39.104;3.0;15.784678;3179752
105;14:21:39.275;3.1;15.784122;3179640
106;14:21:39.449;2.9;15.780885;3178988
107;14:21:39.623;4.2;15.781779;3178948
108;14:21:39.793;4.5;15.786326;3180084
109;14:21:39.965;4.2;15.784340;3179684
110;14:21:40.137;6.6;15.783923;3179380
111;14:21:40.308;0.0;15.782255;3179268
112;14:21:40.480;2.9;15.779753;3178664
113;14:21:40.651;1.4;15.781660;3179144
114;14:21:40.824;2.9;15.783844;3179364
115;14:21:40.996;1.5;15.783566;3179496
116;14:21:41.166;0.0;15.782355;3179284
117;14:21:41.338;0.0;15.783566;3179288
118;14:21:41.509;2.9;15.783566;3179528
119;14:21:41.679;1.5;15.783129;3179220
120;14:21:41.849;1.5;15.783427;3179744
121;14:21:42.021;1.5;15.784420;3179732
122;14:21:42.192;4.3;15.786783;3179988
123;14:21:42.363;2.8;15.784400;3179696
124;14:21:42.534;9.2;15.784102;3179196
125;14:21:42.708;2.9;15.786187;3179836
126;14:21:42.885;3.0;15.785313;3179660
127;14:21:43.062;1.5;15.785472;3179912
128;14:21:43.238;3.1;15.785472;3179912
129;14:21:43.415;1.5;15.784221;3179660
130;14:21:43.590;3.2;15.785333;3179884
131;14:21:43.764;9.8;15.783903;3179596
132;14:21:43.940;6.0;15.782990;3179412
133;14:21:44.111;11.1;15.782513;3179396
134;14:21:44.283;3.0;15.781719;3179416
135;14:21:44.459;1.5;15.784380;3179692
136;14:21:44.636;3.1;15.784181;3179432
137;14:21:44.809;4.4;15.782116;3179480
138;14:21:44.985;3.0;15.783288;3179472
139;14:21:45.162;2.9;15.782672;3179404
140;14:21:45.340;4.4;15.780627;3179188
141;14:21:45.512;1.5;15.782513;3179316
142;14:21:45.687;4.5;15.784837;3179824
143;14:21:45.863;3.2;15.787497;3180100
144;14:21:46.036;3.0;15.786485;3180344
145;14:21:46.212;3.0;15.785909;3180000
146;14:21:46.388;4.6;15.785432;3179904
147;14:21:46.560;1.5;15.781183;3179568
148;14:21:46.737;3.0;15.785889;3179996
149;14:21:46.914;1.5;15.785413;3180144
150;14:21:47.088;2.9;15.784082;3179632
151;14:21:47.265;4.3;15.785174;3179632
152;14:21:47.442;1.6;15.787497;3180100
153;14:21:47.616;3.2;15.786882;3179976
154;14:21:47.790;3.1;15.785472;3179912
155;14:21:47.968;4.5;15.787259;3180272
156;14:21:48.145;1.5;15.785869;3180008
157;14:21:48.321;3.6;15.784618;3179300
158;14:21:48.492;0.0;15.786902;3179980
159;14:21:48.665;1.5;15.796334;3181880
160;14:21:48.840;9.4;15.802688;3183108
161;14:21:49.009;4.6;15.783189;3179452
162;14:21:49.184;0.0;15.780528;3179140
163;14:21:49.354;0.0;15.793653;3181560
164;14:21:49.525;0.0;15.791667;3181208
165;14:21:49.696;1.9;15.803144;3183252
166;14:21:49.867;0.0;15.802847;3183712
167;14:21:50.038;1.6;15.804296;3183704
168;14:21:50.213;1.6;15.811722;3185452
169;14:21:50.389;4.5;15.812695;3185624
170;14:21:50.563;3.0;15.814105;3185664
171;14:21:50.738;3.0;15.816309;3185904
172;14:21:50.914;1.6;15.815853;3185812
173;14:21:51.084;3.1;15.813629;3185584
174;14:21:51.256;2.9;15.814641;3185788
175;14:21:51.434;1.5;15.815038;3185868
176;14:21:51.611;1.5;15.814621;3185564
177;14:21:51.789;1.6;15.816031;3186068
178;14:21:51.965;1.5;15.814860;3185832
179;14:21:52.142;2.9;15.817441;3186132
180;14:21:52.320;3.0;15.816667;3186196
181;14:21:52.496;1.6;15.813748;3185608
182;14:21:52.666;0.0;15.825503;3187976
183;14:21:52.838;0.0;15.837119;3190316
184;14:21:53.008;0.0;15.837417;3190376
185;14:21:53.180;1.6;15.835312;3189732
186;14:21:53.353;1.5;15.844664;3192112
187;14:21:53.527;2.9;15.844347;3192016
188;14:21:53.703;3.0;15.847643;3192436
189;14:21:53.878;4.5;15.847007;3192308
190;14:21:54.054;4.5;15.846888;3192568
191;14:21:54.228;2.9;15.845439;3191992
192;14:21:54.406;3.0;15.845280;3192204
193;14:21:54.582;3.0;15.845121;3191928
194;14:21:54.755;4.3;15.849231;3192756
195;14:21:54.934;3.0;15.848219;3192552
196;14:21:55.110;3.0;15.848377;3192584
197;14:21:55.286;3.0;15.847246;3192624
198;14:21:55.462;3.0;15.848377;3192364
199;14:21:55.638;3.1;15.846134;3192180
200;14:21:55.813;4.5;15.847385;3192384
201;14:21:55.991;1.5;15.846094;3192124
202;14:21:56.165;1.5;15.846054;3192116
203;14:21:56.339;3.0;15.846054;3192116
204;14:21:56.516;3.1;15.846015;3192108
205;14:21:56.689;3.1;15.847325;3192372
206;14:21:56.866;2.9;15.845995;3192104
207;14:21:57.043;2.9;15.845955;3192096
208;14:21:57.221;1.5;15.844783;3191860
209;14:21:57.398;4.5;15.844585;3191820
210;14:21:57.575;4.4;15.843691;3191688
211;14:21:57.754;3.0;15.846273;3191940
212;14:21:57.929;2.9;15.844684;3191936
213;14:21:58.103;3.1;15.845915;3192088
214;14:21:58.278;0.0;15.848854;3192460
215;14:21:58.454;3.0;15.846868;3192280
216;14:21:58.625;3.0;15.845260;3192216
217;14:21:58.801;3.0;15.849807;3192872
218;14:21:58.977;3.0;15.849926;3192896
219;14:21:59.150;1.5;15.850045;3192920
220;14:21:59.327;4.5;15.849966;3192904
221;14:21:59.501;3.0;15.849807;3192872
222;14:21:59.677;4.5;15.847583;3192424
223;14:21:59.854;3.1;15.844962;3191896
224;14:22:00.025;1.5;15.844525;3192076
225;14:22:00.211;1.5;15.844287;3191760
226;14:22:00.391;4.8;15.846412;3192456
227;14:22:00.566;3.1;15.848814;3192452
228;14:22:00.743;3.0;15.848834;3192456
229;14:22:00.918;2.9;15.846372;3192180
230;14:22:01.095;1.5;15.846412;3192188
231;14:22:01.271;0.0;15.848874;3192684
232;14:22:01.447;1.5;15.847464;3192400
233;14:22:01.625;4.3;15.846213;3192148
234;14:22:01.802;3.0;15.845379;3192256
235;14:22:01.979;1.5;15.846312;3192396
236;14:22:02.153;1.5;15.845260;3192240
237;14:22:02.331;1.5;15.844843;3191652
238;14:22:02.507;3.1;15.843175;3191928
239;14:22:02.682;1.5;15.847424;3192392
240;14:22:02.859;4.3;15.850125;3192716
241;14:22:03.037;2.9;15.846570;3192220
242;14:22:03.214;3.1;15.846729;3192252
243;14:22:03.386;4.4;15.847861;3192480
244;14:22:03.565;2.9;15.849450;3192808
245;14:22:03.742;2.9;15.848199;3192548
246;14:22:03.919;4.6;15.847107;3192328
247;14:22:04.094;3.0;15.847722;3192452
248;14:22:04.270;4.5;15.847007;3192356
249;14:22:04.443;3.0;15.847325;3192372
250;14:22:04.616;3.0;15.848258;3192560
251;14:22:04.794;0.0;15.848775;3192664
252;14:22:04.969;1.5;15.848576;3192404
253;14:22:05.145;1.5;15.846015;3191888
254;14:22:05.320;1.6;15.846173;3192400
255;14:22:05.493;4.5;15.845677;3192348
256;14:22:05.667;1.5;15.846054;3191896
257;14:22:05.844;3.1;15.846729;3192032
258;14:22:06.018;1.5;15.847424;3192392
259;14:22:06.194;1.5;15.847504;3192188
260;14:22:06.373;0.0;15.846332;3192172
261;14:22:06.545;4.3;15.855407;3194000
262;14:22:06.727;1.5;15.856241;3194208
263;14:22:06.903;2.9;15.856360;3193972
264;14:22:07.079;1.5;15.854990;3193916
265;14:22:07.255;1.5;15.854513;3193820
266;14:22:07.430;4.6;15.855764;3193852
267;14:22:07.605;2.9;15.854017;3193980
268;14:22:07.782;4.6;15.854176;3193752
269;14:22:07.957;4.5;15.855704;3194312
270;14:22:08.134;3.0;15.855665;3194052
271;14:22:08.311;3.0;15.855387;3193776
272;14:22:08.486;1.5;15.855546;3194028
273;14:22:08.662;1.5;15.856499;3194000
274;14:22:08.838;3.0;15.855327;3194228
275;14:22:09.014;1.5;15.854593;3193836
276;14:22:09.190;4.5;15.856002;3194120
277;14:22:09.364;1.6;15.858465;3194664
278;14:22:09.540;4.3;15.856558;3194240
279;14:22:09.718;1.6;15.858266;3194576
280;14:22:09.887;4.5;15.858822;3194468
281;14:22:10.062;4.4;15.857174;3194356
282;14:22:10.237;2.9;15.853620;3193640
283;14:22:10.412;4.3;15.853302;3193828
284;14:22:10.590;4.5;15.856399;3194200
285;14:22:10.767;4.6;15.859299;3194564
286;14:22:10.943;2.9;15.857551;3194432
287;14:22:11.121;1.5;15.856459;3194212
288;14:22:11.296;1.5;15.857710;3194544
289;14:22:11.473;1.5;15.858345;3194844
290;14:22:11.650;3.0;15.855764;3194144
291;14:22:11.828;1.4;15.856380;3194196
292;14:22:12.006;3.0;15.855129;3193944
293;14:22:12.182;3.0;15.854970;3193692
294;14:22:12.357;3.0;15.854950;3193688
295;14:22:12.533;4.5;15.859279;3194780
296;14:22:12.710;1.6;15.858484;3194400
297;14:22:12.885;4.3;15.859894;3194984
298;14:22:13.062;2.9;15.858484;3194400
299;14:22:13.239;3.1;15.856896;3194300
300;14:22:13.414;1.5;15.858147;3194552
301;14:22:13.590;3.1;15.858147;3194332
302;14:22:13.763;2.9;15.859517;3194828
303;14:22:13.942;1.5;15.859954;3194916
304;14:22:14.117;0.0;15.858862;3194696
305;14:22:14.290;2.9;15.858087;3194540
306;14:22:14.466;1.5;15.858762;3194676
307;14:22:14.643;3.1;15.859259;3194556
308;14:22:14.817;3.0;15.859259;3194556
309;14:22:14.993;2.9;15.858048;3194572
310;14:22:15.169;4.5;15.857233;3194368
311;14:22:15.344;1.5;15.856598;3194296
312;14:22:15.518;3.1;15.853699;3193908
313;14:22:15.692;1.6;15.864183;3195768
314;14:22:15.864;0.0;15.863865;3195932
315;14:22:16.037;3.0;15.865772;3196088
316;14:22:16.218;0.0;15.865037;3195940
317;14:22:16.390;1.5;15.876812;3198312
318;14:22:16.569;2.9;15.876256;3198524
319;14:22:16.746;1.6;15.879592;3198652
320;14:22:16.919;4.3;15.878877;3198508
321;14:22:17.096;3.1;15.880505;3199096
322;14:22:17.270;1.5;15.879254;3198804
323;14:22:17.447;1.6;15.878043;3198828
324;14:22:17.620;4.3;15.876415;3198232
325;14:22:17.798;3.0;15.877626;3198256
326;14:22:17.973;5.9;15.876494;3198248
327;14:22:18.149;2.9;15.876137;3197956
328;14:22:18.326;3.0;15.876057;3198160
329;14:22:18.502;2.9;15.877209;3198392
330;14:22:18.678;3.0;15.877010;3198352
331;14:22:18.856;3.0;15.875144;3197976
332;14:22:19.031;3.0;15.877169;3198384
333;14:22:19.206;4.5;15.878738;3198700
334;14:22:19.386;0.0;15.940373;3210896
335;14:22:19.555;0.0;15.947997;3212652
336;14:22:19.724;3.1;15.999247;3223244
337;14:22:19.892;1.6;16.093724;3241460
338;14:22:20.063;1.6;16.102660;3243808
339;14:22:20.232;3.0;16.101230;3243520
340;14:22:20.404;4.5;16.110483;3245384
341;14:22:20.574;4.3;16.201763;3265788
342;14:22:20.743;3.0;16.337542;3291232
343;14:22:20.912;0.0;16.492125;3322264
344;14:22:21.081;1.6;16.678776;3359864
345;14:22:21.250;6.2;16.740311;3372756
346;14:22:21.420;2.9;16.743031;3373068
347;14:22:21.598;4.6;16.863699;3397568
348;14:22:21.770;4.6;16.867273;3397836
349;14:22:21.940;1.6;16.862289;3397336
350;14:22:22.110;0.0;17.029402;3430496
351;14:22:22.279;0.0;17.192006;3463252
352;14:22:22.447;4.2;17.287079;3482076
353;14:22:22.617;4.6;17.386580;3502252
354;14:22:22.790;2.9;17.384873;3502348
355;14:22:22.960;6.1;17.388347;3502804
356;14:22:23.130;1.5;17.384416;3502264
357;14:22:23.300;4.5;17.386699;3502716
358;14:22:23.470;6.2;17.385468;3502224
359;14:22:23.640;1.5;17.389360;3502788
360;14:22:23.811;4.4;17.501291;3525336
361;14:22:23.980;1.5;17.640108;3553036
362;14:22:24.151;4.5;17.640803;3553660
363;14:22:24.320;3.1;17.671422;3559828
364;14:22:24.491;4.5;17.671680;3560132
365;14:22:24.661;3.0;17.672792;3560364
366;14:22:24.832;1.5;17.674996;3560792
367;14:22:25.001;3.0;17.809106;3587808
368;14:22:25.170;3.0;17.841473;3594084
369;14:22:25.340;3.2;17.841830;3594424
370;14:22:25.509;3.0;17.840480;3594136
371;14:22:25.680;4.3;17.839586;3594240
372;14:22:25.851;3.2;17.841492;3593868
373;14:22:26.022;7.2;17.840678;3593768
374;14:22:26.194;1.5;17.839785;3593744
375;14:22:26.366;3.1;17.838951;3593576
376;14:22:26.535;3.0;17.839368;3593660
377;14:22:26.706;3.1;17.849653;3595664
378;14:22:26.876;4.3;17.848879;3595248
379;14:22:27.047;1.5;17.859602;3597980
380;14:22:27.217;2.9;17.859780;3597772
381;14:22:27.388;3.1;17.866750;3599428
382;14:22:27.558;4.5;17.876281;3601032
383;14:22:27.729;4.5;17.877889;3601200
384;14:22:27.902;4.5;17.885316;3602916
385;14:22:28.072;3.1;17.917146;3609000
386;14:22:28.242;1.5;17.985790;3623072
387;14:22:28.412;0.0;18.021432;3630580
388;14:22:28.581;4.6;18.022047;3630176
389;14:22:28.752;3.0;18.024847;3631024
390;14:22:28.922;3.0;18.033207;3632380
391;14:22:29.092;3.1;18.052706;3636888
392;14:22:29.262;3.1;18.055565;3636992
393;14:22:29.432;4.4;18.051137;3636320
394;14:22:29.603;1.6;18.052388;3636352
395;14:22:29.773;5.8;18.052746;3636920
396;14:22:29.943;3.0;18.067003;3640036
397;14:22:30.113;4.7;18.064600;3639284
398;14:22:30.283;4.3;18.069445;3640008
399;14:22:30.453;4.6;18.088805;3643908
400;14:22:30.624;3.1;18.088150;3644020
401;14:22:30.794;3.0;18.096946;3645548
402;14:22:30.964;3.2;18.105842;3647584
403;14:22:31.135;4.5;18.105167;3647448
404;14:22:31.306;4.5;18.113367;3649156
405;14:22:31.475;4.5;18.195831;3665516
406;14:22:31.647;3.0;18.205601;3667436
407;14:22:31.819;1.6;18.215986;3669788
408;14:22:31.989;4.6;18.215926;3669824
409;14:22:32.160;4.7;18.217257;3670036
410;14:22:32.329;3.1;18.217674;3670372
411;14:22:32.500;2.9;18.265647;3679300
412;14:22:32.669;0.0;18.270611;3680776
413;14:22:32.838;5.8;18.270234;3680456
414;14:22:33.007;3.1;18.268049;3680260
415;14:22:33.178;4.4;18.270770;3680564
416;14:22:33.348;3.0;18.267791;3679964
417;14:22:33.518;0.0;18.270095;3680428
418;14:22:33.687;3.1;18.269122;3680232
419;14:22:33.857;6.0;18.272378;3681132
420;14:22:34.027;5.9;18.270869;3680256
421;14:22:34.197;3.2;18.268427;3680092
422;14:22:34.367;1.6;18.268526;3680112
423;14:22:34.536;3.0;18.269757;3680092
424;14:22:34.706;3.0;18.275496;3681540
425;14:22:34.874;0.0;18.282743;3682976
426;14:22:35.043;1.5;18.304685;3687396
427;14:22:35.212;1.6;18.304685;3687396
428;14:22:35.382;2.9;18.326269;3691744
429;14:22:35.550;1.6;18.347555;3696032
430;14:22:35.719;1.5;18.355478;3697848
431;14:22:35.888;1.5;18.372773;3701112
432;14:22:36.057;1.4;18.383753;3703104
433;14:22:36.226;3.1;18.394754;3705800
434;14:22:36.396;1.6;18.516454;3732104
435;14:22:36.566;0.0;18.773794;3781896
436;14:22:36.735;1.6;18.773735;3781664
437;14:22:36.904;0.0;18.781399;3783428
438;14:22:37.074;0.0;18.782531;3783436
439;14:22:37.243;1.6;18.783742;3783900
440;14:22:37.412;0.0;18.783901;3783932
441;14:22:37.581;0.0;18.786403;3784216
442;14:22:37.751;0.0;18.815175;3790232
443;14:22:37.920;1.4;18.816664;3790556
444;14:22:38.088;0.0;18.815652;3790612
445;14:22:38.257;1.6;18.814123;3790020
446;14:22:38.428;0.0;18.815175;3790232
447;14:22:38.597;0.0;18.815453;3790288
448;14:22:38.766;0.0;18.814401;3789856
449;14:22:38.935;1.5;18.817141;3790896
450;14:22:39.103;1.5;18.816208;3790464
451;14:22:39.272;0.0;18.819444;3790872
452;14:22:39.441;3.1;18.815652;3790564
453;14:22:39.610;1.5;18.817995;3790800
454;14:22:39.785;1.5;18.819285;3791060
455;14:22:39.962;0.0;18.819563;3791116
456;14:22:40.139;3.1;18.820695;3791124
457;14:22:40.310;1.6;18.819266;3790836
458;14:22:40.483;0.0;18.817737;3790748
459;14:22:40.653;0.0;18.818293;3790640
460;14:22:40.822;1.5;18.818332;3790868
461;14:22:40.991;0.0;18.819524;3791108
462;14:22:41.159;1.3;18.819444;3791092
463;14:22:41.328;1.3;18.820457;3790856
464;14:22:41.496;0.0;18.817220;3790688
465;14:22:41.666;1.5;18.816188;3790680
466;14:22:41.835;0.0;18.818928;3790988
467;14:22:42.003;0.0;18.816347;3790468
468;14:22:42.172;1.6;18.817419;3790684
469;14:22:42.342;1.6;18.816009;3790400
470;14:22:42.511;1.6;18.818233;3790848
471;14:22:42.680;1.5;18.815493;3790296
472;14:22:42.849;1.5;18.815691;3790336
473;14:22:43.018;0.0;18.815493;3790360
474;14:22:43.187;1.6;18.817220;3790644
475;14:22:43.357;1.6;18.816367;3790472
476;14:22:43.525;1.5;18.815771;3790352
477;14:22:43.694;0.0;18.814004;3789776
478;14:22:43.863;0.0;18.815334;3790524
479;14:22:44.032;1.4;18.858105;3798660
480;14:22:44.201;0.0;18.878478;3802764
481;14:22:44.370;0.0;18.878279;3803212
482;14:22:44.539;1.4;18.888446;3805252
483;14:22:44.707;1.5;18.932547;3813876
484;14:22:44.875;0.0;18.952721;3817940
485;14:22:45.044;0.0;18.981652;3823548
486;14:22:45.212;1.5;19.003077;3828084
487;14:22:45.381;0.0;19.002342;3827936
488;14:22:45.550;0.0;19.082841;3844160
489;14:22:45.718;1.5;19.101605;3848460
490;14:22:45.887;0.0;19.155833;3858636
491;14:22:46.055;0.0;19.197512;3867252
492;14:22:46.224;3.1;19.199239;3867600
493;14:22:46.393;0.0;19.229262;3873648
494;14:22:46.562;1.5;19.228131;3873420
495;14:22:46.730;0.0;19.238138;3875664
496;14:22:46.899;0.0;19.240322;3875876
497;14:22:47.067;1.6;19.250330;3877672
498;14:22:47.237;1.5;19.250926;3878012
499;14:22:47.406;1.5;19.249754;3877556
500;14:22:47.574;0.0;19.249039;3877632
501;14:22:47.742;0.0;19.247511;3877104
502;14:22:47.911;0.0;19.247868;3877396
503;14:22:48.079;1.6;19.247908;3877404
504;14:22:48.248;0.0;19.248225;3877468
505;14:22:48.416;1.6;19.257379;3879312
506;14:22:48.585;0.0;19.257578;3879168
507;14:22:48.754;0.0;19.257876;3879192
508;14:22:48.923;0.0;19.255294;3879152
509;14:22:49.092;1.5;19.276799;3883468
510;14:22:49.260;0.0;19.278248;3883516
511;14:22:49.429;0.0;19.278090;3883264
512;14:22:49.598;1.5;19.278209;3883508
513;14:22:49.767;1.5;19.278050;3883476
514;14:22:49.935;1.6;19.284126;3884480
515;14:22:50.104;0.0;19.281048;3884112
516;14:22:50.274;0.0;19.282299;3884332
517;14:22:50.442;0.0;19.282299;3884112
518;14:22:50.611;1.6;19.289328;3885748
519;14:22:50.780;0.0;19.289646;3885812
520;14:22:50.949;1.5;19.320304;3891768
521;14:22:51.118;0.0;19.317127;3891608
522;14:22:51.287;0.0;19.329716;3894168
523;14:22:51.455;0.0;19.329716;3893884
524;14:22:51.625;0.0;19.328386;3893396
525;14:22:51.794;0.0;19.326043;3893144
526;14:22:51.963;1.5;19.329716;3894136
527;14:22:52.131;1.6;19.330888;3894380
528;14:22:52.300;1.5;19.331087;3893940
529;14:22:52.468;1.5;19.371415;3902284
530;14:22:52.638;1.6;19.373798;3902544
531;14:22:52.807;0.0;19.382912;3904820
532;14:22:52.975;0.0;19.392681;3906568
533;14:22:53.144;0.0;19.403166;3908680
534;14:22:53.312;0.0;19.410790;3910216
535;14:22:53.481;1.5;19.411188;3910296
536;14:22:53.650;0.0;19.410433;3909924
537;14:22:53.818;0.0;19.409103;3909656
538;14:22:53.986;1.6;19.407852;3909664
539;14:22:54.155;0.0;19.410512;3910160
540;14:22:54.324;1.5;19.411684;3910396
541;14:22:54.493;1.6;19.411605;3910380
542;14:22:54.661;1.6;19.411763;3910412
543;14:22:54.830;0.0;19.410512;3910412
544;14:22:54.998;0.0;19.410354;3909908
545;14:22:55.167;0.0;19.410354;3910128
546;14:22:55.335;0.0;19.411644;3910656
547;14:22:55.504;0.0;19.411605;3910160
548;14:22:55.673;1.6;19.411426;3910344
549;14:22:55.842;0.0;19.433208;3914732
550;14:22:56.010;0.0;19.432692;3914408
551;14:22:56.179;1.6;19.430627;3914480
552;14:22:56.347;0.0;19.444824;3917072
553;14:22:56.516;0.0;19.442978;3916700
554;14:22:56.686;1.4;19.445321;3917212
555;14:22:56.854;0.0;19.473160;3922780
556;14:22:57.023;0.0;19.474252;3923260
557;14:22:57.192;0.0;19.475503;3923032
558;14:22:57.360;0.0;19.475086;3923168
559;14:22:57.530;0.0;19.473080;3922764
560;14:22:57.699;0.0;19.483167;3924576
561;14:22:57.867;1.5;19.483406;3924844
562;14:22:58.035;1.6;19.481916;3924324
563;14:22:58.205;1.5;19.483326;3924828
564;14:22:58.374;0.0;19.481380;3924436
565;14:22:58.542;0.0;19.482075;3924364
566;14:22:58.711;0.0;19.503421;3928656
567;14:22:58.879;1.5;19.504593;3929152
568;14:22:59.048;1.5;19.513826;3930972
569;14:22:59.216;0.0;19.543730;3936776
570;14:22:59.386;1.6;19.546430;3937604
571;14:22:59.555;0.0;19.546232;3937280
572;14:22:59.723;0.0;19.547562;3937768
573;14:22:59.892;0.0;19.547840;3937604
574;14:23:00.062;0.0;19.547701;3937796
575;14:23:00.230;1.5;19.546450;3937544
576;14:23:00.399;0.0;19.545616;3937376
577;14:23:00.568;0.0;19.545100;3937272
578;14:23:00.736;0.0;19.543769;3937052
579;14:23:00.905;1.5;19.543968;3937044
580;14:23:01.074;1.6;19.542955;3936620
581;14:23:01.243;0.0;19.543769;3937264
582;14:23:01.412;0.0;19.545259;3937084
583;14:23:01.581;0.0;19.544981;3937028
584;14:23:01.750;1.5;19.546192;3937492
585;14:23:01.918;1.5;19.547483;3937532
586;14:23:02.087;0.0;19.544981;3937532
587;14:23:02.257;1.3;19.546271;3937288
588;14:23:02.425;1.6;19.546907;3937416
589;14:23:02.594;1.6;19.543889;3937028
590;14:23:02.764;1.4;19.543769;3936784
591;14:23:02.933;0.0;19.546311;3937296
592;14:23:03.102;0.0;19.544981;3937296
593;14:23:03.271;0.0;19.543889;3937296
594;14:23:03.439;1.6;19.547681;3937800
595;14:23:03.608;1.6;19.552685;3938800
596;14:23:03.778;3.0;19.551613;3938364
597;14:23:03.947;1.6;19.553499;3938964
598;14:23:04.119;0.0;19.551911;3938644
599;14:23:04.288;1.5;19.552864;3938836
600;14:23:04.458;1.5;19.562415;3940760
601;14:23:04.632;2.9;19.562236;3940724
602;14:23:04.802;2.9;19.564083;3940876
603;14:23:04.972;1.5;19.560667;3940408
604;14:23:05.142;4.5;19.558900;3940052
605;14:23:05.313;1.5;19.560628;3940400
606;14:23:05.486;1.6;19.558781;3940280
607;14:23:05.656;1.6;19.561600;3940376
608;14:23:05.825;1.5;19.559813;3940016
609;14:23:05.993;0.0;19.560350;3940124
610;14:23:06.162;3.0;19.559297;3940132
611;14:23:06.330;4.7;19.560608;3940396
612;14:23:06.501;0.0;19.561064;3940488
613;14:23:06.670;4.5;19.560727;3940688
614;14:23:06.839;1.5;19.560369;3940348
615;14:23:07.008;2.8;19.564500;3941408
616;14:23:07.178;0.0;19.569106;3941888
617;14:23:07.348;4.2;19.561342;3940324
618;14:23:07.518;3.1;19.557987;3939868
619;14:23:07.687;3.0;19.556617;3939640
620;14:23:07.856;0.0;19.557093;3940144
621;14:23:08.027;0.0;19.560687;3940192
622;14:23:08.197;3.1;19.560250;3940324
623;14:23:08.366;4.5;19.559714;3940216
624;14:23:08.535;1.6;19.559158;3940104
625;14:23:08.704;0.0;19.560449;3940364
626;14:23:08.873;1.5;19.560886;3940452
627;14:23:09.042;0.0;19.559635;3940200
628;14:23:09.212;3.2;19.558384;3939948
629;14:23:09.381;1.6;19.558622;3939996
630;14:23:09.550;1.5;19.558304;3939712
631;14:23:09.718;1.5;19.556160;3939500
632;14:23:09.887;0.0;19.559198;3940112
633;14:23:10.056;1.6;19.559317;3940136
634;14:23:10.228;0.0;19.560886;3940452
635;14:23:10.398;1.4;19.560846;3940444
636;14:23:10.568;1.6;19.560687;3940412
637;14:23:10.736;1.5;19.560866;3940228
638;14:23:10.906;0.0;19.556835;3939636
639;14:23:11.075;0.0;19.559655;3940204
640;14:23:11.244;0.0;19.558840;3939820
641;14:23:11.414;0.0;19.561898;3940656
642;14:23:11.599;0.0;19.561005;3940256
643;14:23:11.767;1.6;19.559396;3939932
644;14:23:11.937;0.0;19.561005;3940272
645;14:23:12.108;1.6;19.559317;3939916
646;14:23:12.276;1.5;19.558066;3939664
647;14:23:12.445;1.7;19.558821;3940036
648;14:23:12.614;0.0;19.559317;3939916
649;14:23:12.783;1.6;19.560687;3940192
650;14:23:12.952;1.4;19.558145;3939680
651;14:23:13.121;1.6;19.558384;3939728
652;14:23:13.291;0.0;19.559952;3940264
653;14:23:13.463;1.6;19.561839;3940644
654;14:23:13.633;1.5;19.560886;3940232
655;14:23:13.801;3.1;19.561203;3940516
656;14:23:13.970;2.8;19.558701;3940012
657;14:23:14.140;0.0;19.561998;3940676
658;14:23:14.310;0.0;19.561064;3940488
659;14:23:14.479;1.6;19.562554;3940788
660;14:23:14.648;0.0;19.561223;3940520
661;14:23:14.817;0.0;19.560687;3940412
662;14:23:14.987;1.5;19.558801;3940284
663;14:23:15.156;0.0;19.560052;3940332
664;14:23:15.327;1.5;19.560449;3940632
665;14:23:15.495;1.6;19.562593;3940576
666;14:23:15.665;1.5;19.561322;3940540
667;14:23:15.835;1.6;19.559893;3940512
668;14:23:16.004;1.6;19.560211;3940316
669;14:23:16.173;1.6;19.563527;3940984
670;14:23:16.343;1.6;19.561045;3940484
671;14:23:16.511;0.0;19.563407;3940740
672;14:23:16.680;0.0;19.562097;3940476
673;14:23:16.848;0.0;19.561005;3940476
674;14:23:17.018;1.5;19.561481;3940572
675;14:23:17.189;1.5;19.560687;3940412
676;14:23:17.359;1.6;19.560369;3940608
677;14:23:17.528;0.0;19.563546;3940768
678;14:23:17.697;0.0;19.561978;3940452
679;14:23:17.865;1.6;19.558662;3940004
680;14:23:18.035;1.6;19.556934;3939656
681;14:23:18.206;1.6;19.564361;3940932
682;14:23:18.376;1.5;19.564222;3940904
683;14:23:18.545;0.0;19.563606;3941000
684;14:23:18.715;1.6;19.564420;3941164
685;14:23:18.883;1.5;19.563924;3940844
686;14:23:19.052;0.0;19.562395;3940536
687;14:23:19.222;1.4;19.559774;3940480
688;14:23:19.390;1.4;19.560945;3940464
689;14:23:19.560;3.0;19.562176;3940712
690;14:23:19.730;0.0;19.564281;3941156
691;14:23:19.899;1.6;19.563507;3941280
692;14:23:20.068;1.6;19.563805;3941040
693;14:23:20.237;0.0;19.557172;3939744
694;14:23:20.407;0.0;19.560925;3940720
695;14:23:20.577;0.0;19.563249;3940928
696;14:23:20.747;1.5;19.562017;3940460
697;14:23:20.916;1.4;19.560647;3940404
698;14:23:21.084;1.5;19.582490;3944804
699;14:23:21.255;0.0;19.580742;3944452
700;14:23:21.424;1.6;19.582231;3944752
701;14:23:21.592;0.0;19.581358;3944576
702;14:23:21.762;0.0;19.581973;3944480
703;14:23:21.934;0.0;19.581854;3944456
704;14:23:22.103;0.0;19.582450;3945064
705;14:23:22.271;0.0;19.584773;3945264
706;14:23:22.439;1.6;19.582867;3945148
707;14:23:22.609;1.5;19.585190;3945364
708;14:23:22.779;0.0;19.584455;3945200
709;14:23:22.948;3.0;19.586640;3945640
710;14:23:23.118;1.5;19.585408;3945408
711;14:23:23.287;0.0;19.586520;3945396
712;14:23:23.457;3.1;19.585865;3945264
713;14:23:23.627;3.1;19.587732;3946112
714;14:23:23.797;1.5;19.588983;3946112
715;14:23:23.967;0.0;19.588506;3946064
716;14:23:24.136;1.5;19.587573;3945828
717;14:23:24.305;1.6;19.586600;3945632
718;14:23:24.474;1.5;19.591862;3946692
719;14:23:24.643;0.0;19.589479;3945772
720;14:23:24.812;1.6;19.587255;3945812
721;14:23:24.981;1.5;19.590313;3945940
722;14:23:25.150;0.0;19.589102;3945916
723;14:23:25.319;1.6;19.588367;3945988
724;14:23:25.487;1.6;19.589539;3946004
725;14:23:25.656;3.1;19.588129;3946168
726;14:23:25.825;0.0;19.587196;3945752
727;14:23:25.994;0.0;19.588288;3945752
728;14:23:26.163;1.6;19.590412;3946392
729;14:23:26.332;3.0;19.589817;3946060
730;14:23:26.503;1.6;19.589161;3946148
731;14:23:26.672;3.0;19.586659;3945644
732;14:23:26.840;0.0;19.588228;3946008
733;14:23:27.009;1.6;19.586203;3945332
734;14:23:27.178;7.1;19.588049;3945924
735;14:23:27.347;1.5;19.587334;3945780
736;14:23:27.516;3.1;19.587493;3945812
737;14:23:27.685;5.9;19.585607;3945432
738;14:23:27.854;2.9;19.587176;3945796
739;14:23:28.023;1.5;19.586064;3945524
740;14:23:28.192;0.0;19.585905;3945272
741;14:23:28.362;4.3;19.586997;3945980
742;14:23:28.532;1.6;19.588685;3946052
743;14:23:28.702;0.0;19.588605;3946036
744;14:23:28.871;1.6;19.587632;3945840
745;14:23:29.040;0.0;19.588089;3945792
746;14:23:29.211;2.9;19.586580;3945628
747;14:23:29.380;0.0;19.588764;3945848
748;14:23:29.549;1.6;19.587751;3945864
749;14:23:29.718;0.0;19.586898;3946220
750;14:23:29.887;2.9;19.590353;3946168
751;14:23:30.055;0.0;19.585786;3945248
752;14:23:30.224;1.4;19.585488;3945408
753;14:23:30.393;1.5;19.584555;3945220
754;14:23:30.562;0.0;19.587454;3945900
755;14:23:30.733;0.0;19.587354;3945784
756;14:23:30.903;0.0;19.589916;3946300
757;14:23:31.075;1.6;19.586540;3945620
758;14:23:31.244;0.0;19.589777;3946272
759;14:23:31.413;1.6;19.587672;3945928
760;14:23:31.582;3.1;19.587990;3945912
761;14:23:31.752;0.0;19.588307;3945976
762;14:23:31.922;1.5;19.586401;3945592
763;14:23:32.091;0.0;19.590492;3946416
764;14:23:32.261;0.0;19.592239;3946548
765;14:23:32.432;1.6;19.588407;3945996
766;14:23:32.602;0.0;19.589459;3945988
767;14:23:32.771;1.6;19.588486;3945792
768;14:23:32.941;1.5;19.589459;3945988
769;14:23:33.112;0.0;19.589797;3946276
770;14:23:33.281;1.6;19.588824;3945860
771;14:23:33.451;0.0;19.587374;3945788
772;14:23:33.620;1.5;19.588010;3945916
773;14:23:33.792;1.6;19.589936;3946304
774;14:23:33.963;3.0;19.586759;3945664
775;14:23:34.133;1.6;19.590194;3946356
776;14:23:34.303;3.0;19.589419;3946200
777;14:23:34.472;0.0;19.589102;3945916
778;14:23:34.642;1.5;19.592239;3946548
779;14:23:34.812;1.6;19.593629;3946828
780;14:23:34.982;3.1;19.587672;3946116
781;14:23:35.152;0.0;19.589856;3946288
782;14:23:35.322;1.6;19.589221;3946160
783;14:23:35.491;0.0;19.589221;3946160
784;14:23:35.660;1.6;19.587196;3945752
785;14:23:35.828;1.4;19.593013;3946840
786;14:23:35.997;4.7;19.584594;3945152
787;14:23:36.166;3.1;19.585686;3945480
788;14:23:36.336;1.6;19.584257;3945420
789;14:23:36.505;3.0;19.588526;3945692
790;14:23:36.675;3.0;19.586282;3945836
791;14:23:36.843;0.0;19.586322;3945576
792;14:23:37.013;0.0;19.587573;3945828
793;14:23:37.185;1.4;19.586183;3945548
794;14:23:37.354;1.6;19.586322;3945576
795;14:23:37.524;1.5;19.589459;3945988
796;14:23:37.694;1.5;19.591187;3946912
797;14:23:37.863;0.0;19.589876;3946292
798;14:23:38.033;1.6;19.589797;3946536
799;14:23:38.202;1.6;19.588784;3946072
800;14:23:38.371;0.0;19.589102;3945916
801;14:23:38.540;3.0;19.588486;3946076
802;14:23:38.709;1.5;19.587692;3945852
803;14:23:38.878;1.5;19.586481;3945608
804;14:23:39.049;0.0;19.587771;3945908
805;14:23:39.218;1.6;19.587851;3945664
806;14:23:39.387;0.0;19.586282;3945568
807;14:23:39.555;1.5;19.584257;3945160
808;14:23:39.724;0.0;19.588625;3946040
809;14:23:39.894;1.5;19.588963;3946108
810;14:23:40.064;1.5;19.588168;3945948
811;14:23:40.233;1.6;19.586441;3945860
812;14:23:40.402;1.6;19.588188;3945732
813;14:23:40.572;1.6;19.586918;3945696
814;14:23:40.741;1.5;19.585667;3945736
815;14:23:40.911;0.0;19.587533;3945820
816;14:23:41.080;0.0;19.587533;3945600
817;14:23:41.250;1.5;19.588943;3946104
818;14:23:41.419;1.6;19.587394;3945792
819;14:23:41.588;1.6;19.589519;3946220
820;14:23:41.757;1.6;19.591544;3946408
821;14:23:41.927;0.0;19.591802;3946680
822;14:23:42.096;0.0;19.588129;3945720
823;14:23:42.266;1.6;19.590015;3945880
824;14:23:42.436;3.1;19.588307;3945976
825;14:23:42.604;0.0;19.586024;3945516
826;14:23:42.774;0.0;19.588387;3945772
827;14:23:42.944;1.6;19.587593;3945832
828;14:23:43.112;1.4;19.586501;3945392
829;14:23:43.281;0.0;19.586620;3945636
830;14:23:43.450;0.0;19.586540;3945400
831;14:23:43.618;1.5;19.585488;3945408
832;14:23:43.786;3.1;19.585448;3945400
833;14:23:43.955;0.0;19.586858;3945732
834;14:23:44.124;0.0;19.585607;3945432
835;14:23:44.293;0.0;19.585647;3945440
836;14:23:44.462;0.0;19.586322;3945356
837;14:23:44.632;1.6;19.584237;3945156
838;14:23:44.801;1.6;19.585250;3945360
839;14:23:44.969;1.5;19.585488;3945188
840;14:23:45.139;0.0;19.583959;3945376
841;14:23:45.308;4.5;19.586759;3945444
842;14:23:45.477;0.0;19.586759;3945444
843;14:23:45.646;0.0;19.585547;3945648
844;14:23:45.815;1.5;19.587950;3945904
845;14:23:45.985;0.0;19.586818;3945676
846;14:23:46.153;0.0;19.586659;3945644
847;14:23:46.322;0.0;19.586659;3945424
848;14:23:46.491;1.5;19.586123;3945536
849;14:23:46.659;1.6;19.589102;3945808
850;14:23:46.828;1.5;19.586600;3945632
851;14:23:46.998;0.0;19.586600;3945632
852;14:23:47.166;0.0;19.586600;3945632
853;14:23:47.335;0.0;19.586759;3945664
854;14:23:47.503;1.6;19.588010;3945916
855;14:23:47.672;1.4;19.588327;3945980
856;14:23:47.842;0.0;19.586878;3945688
857;14:23:48.011;0.0;19.586918;3945696
858;14:23:48.181;1.5;19.585766;3945464
859;14:23:48.349;0.0;19.588268;3945968
860;14:23:48.518;0.0;19.586997;3945768
861;14:23:48.687;3.0;19.588705;3946056
862;14:23:48.855;1.5;19.587732;3945640
863;14:23:49.024;0.0;19.586679;3945648
864;14:23:49.193;1.4;19.586520;3945616
865;14:23:49.362;1.6;19.587930;3945900
866;14:23:49.531;0.0;19.587930;3946160
867;14:23:49.699;1.6;19.588288;3945972
868;14:23:49.868;0.0;19.588347;3945984
869;14:23:50.036;1.6;19.587414;3946032
870;14:23:50.204;1.4;19.588347;3945984
871;14:23:50.373;0.0;19.587414;3945576
872;14:23:50.542;0.0;19.586362;3945852
873;14:23:50.710;1.5;19.586838;3945456
874;14:23:50.878;3.0;19.584594;3945228
875;14:23:51.048;1.6;19.585468;3945076
876;14:23:51.219;1.6;19.588029;3945852
877;14:23:51.389;1.5;19.585071;3945372
878;14:23:51.558;1.6;19.585508;3945940
879;14:23:51.727;0.0;19.587156;3946036
880;14:23:51.895;1.6;19.587811;3945876
881;14:23:52.064;0.0;19.589062;3946396
882;14:23:52.233;1.5;19.590313;3946160
883;14:23:52.402;0.0;19.589221;3945940
884;14:23:52.573;0.0;19.588129;3945720
885;14:23:52.741;1.6;19.586918;3945696
886;14:23:52.911;0.0;19.585428;3945728
887;14:23:53.081;0.0;19.589022;3946120
888;14:23:53.250;3.1;19.589022;3946120
889;14:23:53.419;3.1;19.589022;3946120
890;14:23:53.587;0.0;19.589936;3946304
891;14:23:53.757;1.6;19.587553;3945824
892;14:23:53.927;1.6;19.587116;3945516
893;14:23:54.097;1.5;19.588566;3946028
894;14:23:54.266;1.6;19.586183;3945548
895;14:23:54.436;0.0;19.585408;3945392
896;14:23:54.607;0.0;19.588407;3945996
897;14:23:54.775;1.6;19.590174;3946572
898;14:23:54.944;0.0;19.590075;3946332
899;14:23:55.113;3.1;19.588347;3945984
900;14:23:55.282;1.6;19.588188;3945952
901;14:23:55.452;0.0;19.590690;3946236
902;14:23:55.620;0.0;19.589598;3946236
903;14:23:55.789;1.5;19.590154;3946348
904;14:23:55.958;0.0;19.590611;3946440
905;14:23:56.126;0.0;19.588903;3946096
906;14:23:56.295;1.4;19.586739;3945500
907;14:23:56.465;0.0;19.588129;3946200
908;14:23:56.633;3.1;19.588149;3945944
909;14:23:56.802;1.6;19.588029;3945920
910;14:23:56.972;3.2;19.589439;3945984
911;14:23:57.142;1.5;19.590174;3946132
912;14:23:57.310;0.0;19.589419;3946200
913;14:23:57.479;0.0;19.587672;3945848
914;14:23:57.648;1.5;19.588923;3946148
915;14:23:57.820;0.0;19.592259;3946772
916;14:23:57.992;1.5;19.587970;3945688
917;14:23:58.161;0.0;19.587632;3945840
918;14:23:58.330;3.0;19.588903;3946096
919;14:23:58.498;0.0;19.588367;3945988
920;14:23:58.667;1.6;19.586540;3945400
921;14:23:58.835;1.6;19.590293;3946156
922;14:23:59.003;1.5;19.591782;3946676
923;14:23:59.172;0.0;19.589856;3946288
924;14:23:59.340;1.6;19.588605;3946296
925;14:23:59.509;1.5;19.590948;3946508
926;14:23:59.685;1.6;19.591266;3946628
927;14:23:59.858;2.9;19.591127;3946544
928;14:24:00.032;1.5;19.594225;3946948
929;14:24:00.209;3.0;19.594304;3947184
930;14:24:00.385;0.0;19.593530;3947028
931;14:24:00.561;1.5;19.593133;3947216
932;14:24:00.728;0.0;19.595555;3947436
933;14:24:00.898;1.6;19.594384;3947200
934;14:24:01.067;1.6;19.594066;3947136
935;14:24:01.236;1.5;19.591683;3946436
936;14:24:01.405;3.0;19.591524;3946404
937;14:24:01.574;0.0;19.590631;3946444
938;14:24:01.743;3.1;19.595833;3947492
939;14:24:01.911;0.0;19.594979;3947320
940;14:24:02.080;1.6;19.593272;3946976
941;14:24:02.249;2.9;19.594423;3946988
942;14:24:02.418;0.0;19.596151;3947556
943;14:24:02.587;0.0;19.596647;3947656
944;14:24:02.756;0.0;19.596687;3947664
945;14:24:02.926;0.0;19.596806;3947688
946;14:24:03.095;0.0;19.596607;3947428
947;14:24:03.265;0.0;19.595515;3947428
948;14:24:03.435;1.5;19.595436;3947720
949;14:24:03.606;3.0;19.596290;3947584
950;14:24:03.775;3.1;19.595496;3947424
951;14:24:03.944;1.5;19.595396;3947632
952;14:24:04.114;0.0;19.596647;3947436
953;14:24:04.283;0.0;19.596846;3947696
954;14:24:04.451;0.0;19.595396;3947404
955;14:24:04.620;0.0;19.595237;3947372
956;14:24:04.788;1.4;19.595436;3947672
957;14:24:04.957;1.6;19.594225;3946956
958;14:24:05.125;0.0;19.592100;3946788
959;14:24:05.294;0.0;19.592338;3946788
960;14:24:05.462;1.5;19.593351;3946772
961;14:24:05.634;4.5;19.591485;3946616
962;14:24:05.804;0.0;19.594542;3946792
963;14:24:05.978;3.1;19.590154;3946568
964;14:24:06.148;5.7;19.591802;3946680
965;14:24:06.317;1.5;19.593649;3947052
966;14:24:06.491;1.5;19.592318;3946784
967;14:24:06.666;4.6;19.593947;3946892
968;14:24:06.839;3.0;19.592001;3946988
969;14:24:07.017;1.5;19.592477;3947060
970;14:24:07.196;4.3;19.592755;3946872
971;14:24:07.364;4.3;19.591028;3946524
972;14:24:07.534;1.5;19.593847;3946872
973;14:24:07.709;1.6;19.592001;3946720
974;14:24:07.883;0.0;19.594344;3947004
975;14:24:08.058;1.5;19.595476;3947420
976;14:24:08.231;0.0;19.594622;3947248
977;14:24:08.405;0.0;19.594622;3947296
978;14:24:08.581;1.5;19.594423;3946996
979;14:24:08.757;1.5;19.594463;3947216
980;14:24:08.926;0.0;19.594542;3947232
981;14:24:09.100;3.0;19.597402;3948068
982;14:24:09.273;0.0;19.595198;3947364
983;14:24:09.445;1.5;19.593947;3947112
984;14:24:09.621;0.0;19.592934;3946908
985;14:24:09.797;4.4;19.591921;3946768
986;14:24:09.974;0.0;19.594542;3947012
987;14:24:10.150;0.0;19.592001;3946720
988;14:24:10.325;1.5;19.594820;3947288
989;14:24:10.501;0.0;19.592874;3946896
990;14:24:10.677;0.0;19.593947;3947112
991;14:24:10.846;1.5;19.594384;3947224
992;14:24:11.020;1.5;19.593609;3947044
993;14:24:11.192;0.0;19.593808;3947084
994;14:24:11.361;0.0;19.591306;3946580
995;14:24:11.531;1.5;19.593967;3947116
996;14:24:11.708;3.2;19.589896;3946548
997;14:24:11.877;1.6;19.589717;3946216
998;14:24:12.046;3.0;19.591167;3946552
999;14:24:12.214;3.1;19.591802;3946932
1000;14:24:12.383;3.1;19.590869;3946340
1001;14:24:12.553;1.6;19.595079;3947632
1002;14:24:12.723;1.6;19.595436;3947192
1003;14:24:12.892;3.0;19.599328;3948120
1004;14:24:13.061;0.0;19.594304;3947184
1005;14:24:13.235;1.5;19.595396;3947184
1006;14:24:13.408;1.6;19.592259;3946772
1007;14:24:13.585;0.0;19.591306;3946360
1008;14:24:13.753;0.0;19.595079;3947340
1009;14:24:13.922;3.1;19.595198;3947364
1010;14:24:14.094;0.0;19.595237;3947152
1011;14:24:14.265;1.5;19.596488;3947624
1012;14:24:14.436;0.0;19.595317;3947428
1013;14:24:14.608;1.5;19.595396;3947184
1014;14:24:14.785;1.5;19.593013;3946924
1015;14:24:14.961;0.0;19.594384;3947200
1016;14:24:15.132;1.6;19.595754;3947476
1017;14:24:15.300;1.5;19.594046;3946912
1018;14:24:15.470;0.0;19.591862;3946692
1019;14:24:15.638;0.0;19.591306;3946620
1020;14:24:15.807;1.6;19.591068;3946532
1021;14:24:15.976;0.0;19.592716;3946864
1022;14:24:16.145;0.0;19.591068;3946312
1023;14:24:16.314;1.5;19.591068;3946312
1024;14:24:16.484;1.6;19.591068;3946532
1025;14:24:16.653;0.0;19.589817;3946280
1026;14:24:16.823;0.0;19.590551;3946428
1027;14:24:16.991;1.6;19.592040;3946728
1028;14:24:17.161;1.6;19.590551;3946428
1029;14:24:17.330;0.0;19.591941;3946708
1030;14:24:17.500;0.0;19.590512;3946200
1031;14:24:17.668;0.0;19.588466;3946276
1032;14:24:17.837;1.5;19.589241;3946164
1033;14:24:18.008;1.6;19.590512;3946420
1034;14:24:18.177;1.6;19.590809;3946480
1035;14:24:18.347;1.6;19.591445;3946608
1036;14:24:18.517;0.0;19.589717;3946260
1037;14:24:18.687;0.0;19.591921;3946704
1038;14:24:18.857;0.0;19.592080;3946736
1039;14:24:19.026;0.0;19.590015;3946328
1040;14:24:19.195;0.0;19.592040;3946728
1041;14:24:19.363;0.0;19.592040;3946736
1042;14:24:19.533;0.0;19.590790;3946476
1043;14:24:19.702;0.0;19.590631;3946444
1044;14:24:19.870;1.6;19.590631;3946224
1045;14:24:20.039;1.6;19.590849;3946748
1046;14:24:20.208;1.6;19.591246;3946568
1047;14:24:20.377;0.0;19.592696;3946860
1048;14:24:20.546;0.0;19.592497;3946820
1049;14:24:20.715;0.0;19.592656;3946852
1050;14:24:20.884;0.0;19.592497;3946600
1051;14:24:21.053;1.6;19.591246;3946568
1052;14:24:21.222;0.0;19.591524;3946624
1053;14:24:21.391;1.5;19.590035;3946324
1054;14:24:21.559;0.0;19.590114;3946120
1055;14:24:21.728;0.0;19.590273;3946372
1056;14:24:21.898;3.0;19.590194;3946584
1057;14:24:22.070;0.0;19.590313;3946380
1058;14:24:22.238;0.0;19.592934;3946688
1059;14:24:22.406;1.5;19.590472;3946412
1060;14:24:22.576;0.0;19.589221;3946160
1061;14:24:22.744;0.0;19.591604;3946664
1062;14:24:22.914;1.3;19.594185;3947160
1063;14:24:23.082;1.5;19.592974;3946696
1064;14:24:23.251;0.0;19.592815;3946664
1065;14:24:23.419;0.0;19.592894;3946900
1066;14:24:23.587;1.6;19.594463;3946556
1067;14:24:23.756;0.0;19.593569;3946816
1068;14:24:23.925;1.6;19.594284;3946740
1069;14:24:24.093;0.0;19.593013;3946924
1070;14:24:24.262;0.0;19.594026;3947128
1071;14:24:24.430;1.6;19.592934;3947168
1072;14:24:24.598;0.0;19.592775;3946656
1073;14:24:24.767;0.0;19.595277;3947380
1074;14:24:24.935;1.5;19.595913;3947508
1075;14:24:25.104;1.6;19.594264;3946956
1076;14:24:25.273;0.0;19.591524;3946624
1077;14:24:25.441;1.5;19.591564;3946412
1078;14:24:25.610;0.0;19.594026;3946908
1079;14:24:25.778;0.0;19.593212;3946964
1080;14:24:25.946;1.6;19.592855;3946972
1081;14:24:26.115;0.0;19.594979;3946880
1082;14:24:26.283;0.0;19.594820;3947288
1083;14:24:26.451;0.0;19.596230;3947352
1084;14:24:26.620;1.4;19.596151;3947556
1085;14:24:26.789;1.6;19.595913;3947508
1086;14:24:26.958;1.5;19.592259;3946836
1087;14:24:27.126;0.0;19.593391;3947000
1088;14:24:27.294;0.0;19.594483;3947220
1089;14:24:27.462;0.0;19.593192;3946960
1090;14:24:27.631;1.6;19.594284;3947180
1091;14:24:27.800;0.0;19.596786;3947684
1092;14:24:27.969;0.0;19.595674;3947460
1093;14:24:28.137;1.6;19.593609;3947044
1094;14:24:28.306;0.0;19.590313;3946624
1095;14:24:28.474;0.0;19.591762;3946672
1096;14:24:28.643;0.0;19.590472;3946672
1097;14:24:28.811;0.0;19.592815;3946884
1098;14:24:28.981;1.5;19.593093;3947184
1099;14:24:29.229;1.5;19.594245;3947172
1100;14:24:29.398;0.0;19.592755;3946872
1101;14:24:29.566;1.4;19.592795;3946880
1102;14:24:29.734;0.0;19.594006;3947124
1103;14:24:29.903;1.5;19.592914;3946904
1104;14:24:30.071;1.3;19.593133;3946948
1105;14:24:30.240;1.4;19.592735;3946648
1106;14:24:30.409;0.0;19.592438;3946808
1107;14:24:30.578;1.3;19.595019;3947328
1108;14:24:30.746;0.0;19.593490;3947068
1109;14:24:30.915;0.0;19.594662;3947320
1110;14:24:31.084;0.0;19.594086;3947140
1111;14:24:31.253;0.0;19.592477;3947076
1112;14:24:31.421;0.0;19.592358;3947012
1113;14:24:31.590;0.0;19.594801;3947064
1114;14:24:31.758;0.0;19.593708;3947064
1115;14:24:31.928;0.0;19.595317;3947388
1116;14:24:32.096;1.6;19.594582;3947240
1117;14:24:32.264;0.0;19.594801;3947064
1118;14:24:32.433;1.5;19.594284;3946960
1119;14:24:32.601;0.0;19.592954;3946692
1120;14:24:32.770;0.0;19.593113;3946944
1121;14:24:32.938;0.0;19.592954;3946912
1122;14:24:33.106;1.6;19.592994;3946700
1123;14:24:33.274;0.0;19.591862;3946944
1124;14:24:33.443;0.0;19.592954;3946912
1125;14:24:33.611;1.6;19.596766;3947460
1126;14:24:33.779;1.6;19.594185;3947160
1127;14:24:33.947;0.0;19.594185;3947160
1128;14:24:34.116;0.0;19.594384;3947200
1129;14:24:34.284;1.5;19.596647;3947656
1130;14:24:34.453;1.6;19.596806;3947688
1131;14:24:34.622;0.0;19.595396;3947404
1132;14:24:34.790;1.5;19.596647;3947656
1133;14:24:34.958;0.0;19.595555;3947436
1134;14:24:35.127;0.0;19.595555;3947436
1135;14:24:35.295;0.0;19.594145;3947152
1136;14:24:35.463;0.0;19.595476;3947420
1137;14:24:35.632;1.6;19.594304;3947184
1138;14:24:35.800;0.0;19.594145;3947152
1139;14:24:35.968;0.0;19.592894;3947168
1140;14:24:36.137;0.0;19.594304;3947184
1141;14:24:36.305;0.0;19.594344;3947192
1142;14:24:36.474;0.0;19.593053;3946932
1143;14:24:36.642;0.0;19.592894;3946900
1144;14:24:36.810;1.5;19.592934;3946688
1145;14:24:36.979;0.0;19.592894;3946680
1146;14:24:37.147;0.0;19.593093;3946940
1147;14:24:37.315;0.0;19.593053;3946932
1148;14:24:37.484;0.0;19.592894;3946680
1149;14:24:37.652;0.0;19.591802;3946948
1150;14:24:37.821;0.0;19.594145;3947152
1151;14:24:37.990;0.0;19.591802;3946940
1152;14:24:38.159;1.5;19.596885;3947704
1153;14:24:38.327;0.0;19.594046;3947132
1154;14:24:38.496;0.0;19.593113;3947252
1155;14:24:38.664;1.5;19.596290;3947584
1156;14:24:38.834;1.6;19.596290;3947584
1157;14:24:39.003;1.6;19.596409;3947608
1158;14:24:39.171;1.5;19.592696;3946860
Build Completed
