ID; Time; Network interface; TBPS; RBPS
1;12:02:00.868;enp0s25;0;64
2;12:02:01.880;enp0s25;0;0
3;12:02:02.893;enp0s25;0;64
4;12:02:03.906;enp0s25;0;0
5;12:02:04.916;enp0s25;64;128
6;12:02:05.925;enp0s25;0;0
7;12:02:06.945;enp0s25;0;64
8;12:02:07.956;enp0s25;0;0
9;12:02:08.964;enp0s25;0;64
10;12:02:09.977;enp0s25;0;0
11;12:02:11.004;enp0s25;3716;4347
12;12:02:12.012;enp0s25;76450;1814165
13;12:02:13.022;enp0s25;46878;1060697
14;12:02:14.032;enp0s25;50507;978584
15;12:02:15.050;enp0s25;20227;522343
16;12:02:16.071;enp0s25;64;3406
17;12:02:17.095;enp0s25;0;1184
18;12:02:18.106;enp0s25;0;1150
19;12:02:19.114;enp0s25;23276;536613
20;12:02:20.128;enp0s25;186504;6825419
21;12:02:21.138;enp0s25;190451;7177463
22;12:02:22.151;enp0s25;173557;7169510
23;12:02:23.161;enp0s25;161308;7164904
24;12:02:24.169;enp0s25;160930;7162474
25;12:02:25.178;enp0s25;160650;7168060
26;12:02:26.187;enp0s25;161070;7163442
27;12:02:27.196;enp0s25;160434;7168124
28;12:02:28.205;enp0s25;153388;7166478
29;12:02:29.213;enp0s25;166172;7162382
30;12:02:30.222;enp0s25;119140;5385384
31;12:02:31.232;enp0s25;26250;1638207
32;12:02:32.239;enp0s25;98124;5320590
33;12:02:33.248;enp0s25;196157;7167231
34;12:02:34.261;enp0s25;195254;7172470
35;12:02:35.274;enp0s25;160384;7170520
36;12:02:36.283;enp0s25;160510;7168862
37;12:02:37.292;enp0s25;160580;7167940
38;12:02:38.302;enp0s25;170936;7173164
39;12:02:39.316;enp0s25;202378;7169869
40;12:02:40.326;enp0s25;160257;7116448
41;12:02:41.344;enp0s25;178072;7164960
42;12:02:42.353;enp0s25;137012;5973394
43;12:02:43.362;enp0s25;166286;7169514
44;12:02:44.372;enp0s25;181342;7163198
45;12:02:45.379;enp0s25;203140;7172550
46;12:02:46.391;enp0s25;176500;6771688
47;12:02:47.401;enp0s25;182197;6786163
48;12:02:48.410;enp0s25;181611;7131032
49;12:02:49.419;enp0s25;183739;7180869
50;12:02:50.433;enp0s25;210862;7179840
51;12:02:51.445;enp0s25;147861;5795756
52;12:02:52.453;enp0s25;165964;6490667
53;12:02:53.461;enp0s25;174963;6882888
54;12:02:54.470;enp0s25;161632;7016399
55;12:02:55.480;enp0s25;128849;5662729
56;12:02:56.493;enp0s25;148960;7143772
57;12:02:57.501;enp0s25;130245;6058839
58;12:02:58.511;enp0s25;63577;2786827
59;12:02:59.527;enp0s25;28128;584467
60;12:03:00.535;enp0s25;50385;1656226
61;12:03:01.544;enp0s25;30303;668616
62;12:03:02.565;enp0s25;128240;5062220
63;12:03:03.578;enp0s25;5938;275481
64;12:03:04.601;enp0s25;0;64
65;12:03:05.624;enp0s25;0;0
66;12:03:06.653;enp0s25;0;64
67;12:03:07.666;enp0s25;0;0
68;12:03:08.674;enp0s25;0;64
69;12:03:09.688;enp0s25;0;0
70;12:03:10.697;enp0s25;64;128
71;12:03:11.705;enp0s25;0;0
72;12:03:12.712;enp0s25;0;64
73;12:03:13.723;enp0s25;0;0
74;12:03:14.735;enp0s25;0;64
75;12:03:15.744;enp0s25;0;0
76;12:03:16.759;enp0s25;0;64
77;12:03:17.767;enp0s25;0;0
78;12:03:18.775;enp0s25;0;64
79;12:03:19.789;enp0s25;0;0
80;12:03:20.798;enp0s25;0;64
81;12:03:21.808;enp0s25;64;64
82;12:03:22.820;enp0s25;0;64
83;12:03:23.836;enp0s25;0;0
84;12:03:24.852;enp0s25;0;64
85;12:03:25.867;enp0s25;0;0
86;12:03:26.877;enp0s25;0;64
87;12:03:27.888;enp0s25;0;0
88;12:03:28.899;enp0s25;0;64
89;12:03:29.908;enp0s25;0;0
90;12:03:30.921;enp0s25;0;64
91;12:03:31.935;enp0s25;0;0
92;12:03:32.943;enp0s25;64;128
93;12:03:33.955;enp0s25;0;0
94;12:03:34.967;enp0s25;0;64
95;12:03:35.980;enp0s25;0;0
96;12:03:36.990;enp0s25;0;64
97;12:03:38.004;enp0s25;0;0
98;12:03:39.019;enp0s25;0;64
99;12:03:40.030;enp0s25;0;0
100;12:03:41.042;enp0s25;0;64
101;12:03:42.050;enp0s25;0;0
102;12:03:43.061;enp0s25;0;64
103;12:03:44.078;enp0s25;64;64
104;12:03:45.088;enp0s25;0;64
105;12:03:46.102;enp0s25;0;0
106;12:03:47.113;enp0s25;0;64
107;12:03:48.121;enp0s25;0;0
108;12:03:49.128;enp0s25;0;64
109;12:03:50.143;enp0s25;0;0
110;12:03:51.153;enp0s25;0;64
111;12:03:52.163;enp0s25;0;0
112;12:03:53.171;enp0s25;0;64
113;12:03:54.182;enp0s25;0;0
114;12:03:55.190;enp0s25;64;128
115;12:03:56.203;enp0s25;0;0
116;12:03:57.212;enp0s25;0;64
117;12:03:58.224;enp0s25;0;2610
118;12:03:59.231;enp0s25;0;2422
119;12:04:00.241;enp0s25;0;760
120;12:04:01.250;enp0s25;0;1214
121;12:04:02.257;enp0s25;0;386
122;12:04:03.265;enp0s25;0;1700
123;12:04:04.276;enp0s25;0;4738
124;12:04:05.283;enp0s25;0;1462
125;12:04:06.292;enp0s25;64;632
126;12:04:07.303;enp0s25;0;1928
127;12:04:08.313;enp0s25;0;394
128;12:04:09.319;enp0s25;0;64
129;12:04:10.327;enp0s25;0;1778
130;12:04:11.337;enp0s25;0;0
131;12:04:12.355;enp0s25;108525;2269873
132;12:04:13.364;enp0s25;128846;2425863
133;12:04:14.372;enp0s25;105870;1844628
134;12:04:15.378;enp0s25;47034;779123
135;12:04:16.385;enp0s25;19514;183634
136;12:04:17.394;enp0s25;59380;391937
137;12:04:18.430;enp0s25;233252;3723254
138;12:04:19.447;enp0s25;0;0
139;12:04:20.457;enp0s25;5760;4550
140;12:04:21.467;enp0s25;0;3442
141;12:04:22.477;enp0s25;246326;4526143
142;12:04:23.514;enp0s25;71728;2043303
143;12:04:24.547;enp0s25;201950;4003275
144;12:04:25.556;enp0s25;83528;2676827
145;12:04:26.563;enp0s25;58228;1161418
146;12:04:27.573;enp0s25;60494;987032
147;12:04:28.580;enp0s25;176268;3774076
148;12:04:29.595;enp0s25;20974;282115
149;12:04:30.603;enp0s25;113708;2253124
150;12:04:31.642;enp0s25;27147;743576
151;12:04:32.664;enp0s25;125368;1386360
152;12:04:33.710;enp0s25;301554;4929085
153;12:04:34.775;enp0s25;194845;4326298
154;12:04:35.803;enp0s25;26624;1093424
155;12:04:36.811;enp0s25;0;64
156;12:04:37.821;enp0s25;0;0
157;12:04:38.831;enp0s25;5824;3008
158;12:04:39.847;enp0s25;0;0
159;12:04:40.859;enp0s25;0;1746
160;12:04:41.874;enp0s25;0;1530
161;12:04:42.887;enp0s25;438;1318
162;12:04:43.894;enp0s25;194025;5073291
163;12:04:44.907;enp0s25;214110;7165852
164;12:04:45.919;enp0s25;208525;7173714
165;12:04:46.931;enp0s25;214369;7211398
166;12:04:47.950;enp0s25;195131;7184834
167;12:04:48.967;enp0s25;194723;7127284
168;12:04:49.977;enp0s25;180315;7125556
169;12:04:50.984;enp0s25;200941;7099750
170;12:04:51.995;enp0s25;188612;7149780
171;12:04:53.004;enp0s25;189639;6903928
172;12:04:54.013;enp0s25;136800;5749132
173;12:04:55.022;enp0s25;185216;7151362
174;12:04:56.029;enp0s25;194264;7158888
175;12:04:57.043;enp0s25;189548;6630688
176;12:04:58.053;enp0s25;154399;6738402
177;12:04:59.365;enp0s25;161217;7161924
178;12:05:00.376;enp0s25;213536;7172614
179;12:05:01.387;enp0s25;198552;7163506
180;12:05:02.400;enp0s25;203216;7174132
181;12:05:03.410;enp0s25;200800;7169514
182;12:05:04.423;enp0s25;132086;5214394
183;12:05:05.434;enp0s25;188914;7164960
184;12:05:06.446;enp0s25;183480;6899924
185;12:05:07.454;enp0s25;199062;6668574
186;12:05:08.467;enp0s25;183236;6665602
187;12:05:09.477;enp0s25;192344;6108432
188;12:05:10.485;enp0s25;192706;6122158
189;12:05:11.498;enp0s25;188336;5942970
190;12:05:12.512;enp0s25;163894;6902474
191;12:05:13.521;enp0s25;186542;5892876
192;12:05:14.530;enp0s25;141818;4875034
193;12:05:15.541;enp0s25;153196;6082704
194;12:05:16.555;enp0s25;188902;6836048
195;12:05:17.570;enp0s25;177632;6653394
196;12:05:18.580;enp0s25;188470;6695962
197;12:05:19.587;enp0s25;177160;6647386
198;12:05:20.597;enp0s25;176718;6774898
199;12:05:21.612;enp0s25;190966;6908418
200;12:05:22.621;enp0s25;188874;7083116
201;12:05:23.634;enp0s25;185100;6997980
202;12:05:24.648;enp0s25;179504;7178686
203;12:05:25.658;enp0s25;117722;5078446
204;12:05:26.666;enp0s25;199618;7171030
205;12:05:27.677;enp0s25;190570;7167876
206;12:05:28.694;enp0s25;194742;7164056
207;12:05:29.702;enp0s25;193428;7166478
208;12:05:30.710;enp0s25;188982;7161988
209;12:05:31.719;enp0s25;192050;7164960
210;12:05:32.728;enp0s25;181362;7168060
211;12:05:33.738;enp0s25;179810;6465226
212;12:05:34.745;enp0s25;180376;6179842
213;12:05:35.753;enp0s25;98970;3632714
214;12:05:36.767;enp0s25;174236;5895476
215;12:05:37.778;enp0s25;171652;6001944
216;12:05:38.790;enp0s25;191790;5938360
217;12:05:39.805;enp0s25;175160;6086156
218;12:05:40.821;enp0s25;166514;6005272
219;12:05:41.829;enp0s25;174720;6112232
220;12:05:42.838;enp0s25;160294;5944552
221;12:05:43.849;enp0s25;179994;6480342
222;12:05:44.863;enp0s25;167380;6755228
223;12:05:45.875;enp0s25;122934;4963860
224;12:05:46.885;enp0s25;168442;6536572
225;12:05:47.897;enp0s25;191106;7170082
226;12:05:48.910;enp0s25;189656;7164860
227;12:05:49.917;enp0s25;198888;7169780
228;12:05:50.928;enp0s25;194866;7179116
229;12:05:51.941;enp0s25;191166;7213536
230;12:05:52.965;enp0s25;196876;7161988
231;12:05:53.979;enp0s25;192770;7164960
232;12:05:54.988;enp0s25;182950;7095196
233;12:05:56.004;enp0s25;178366;7054210
234;12:05:57.016;enp0s25;114304;4900168
235;12:05:58.026;enp0s25;184578;7048074
236;12:05:59.042;enp0s25;179462;6869014
237;12:06:00.052;enp0s25;182992;7106558
238;12:06:01.059;enp0s25;181020;7164958
239;12:06:02.067;enp0s25;165088;7168426
240;12:06:03.077;enp0s25;194738;6708106
241;12:06:04.087;enp0s25;183774;6905382
242;12:06:05.100;enp0s25;168996;7149844
243;12:06:06.110;enp0s25;195188;6715632
244;12:06:07.121;enp0s25;123002;4929074
245;12:06:08.131;enp0s25;176808;7157370
246;12:06:09.139;enp0s25;180986;7168060
247;12:06:10.149;enp0s25;188692;7160406
248;12:06:11.159;enp0s25;188134;7160588
249;12:06:12.169;enp0s25;193724;7232304
250;12:06:13.188;enp0s25;191530;7154278
251;12:06:14.200;enp0s25;191803;7160956
252;12:06:15.211;enp0s25;192894;7131628
253;12:06:16.222;enp0s25;193672;6906900
254;12:06:17.235;enp0s25;146254;5088400
255;12:06:18.250;enp0s25;159376;6576040
256;12:06:19.260;enp0s25;189078;7175650
257;12:06:20.273;enp0s25;182230;6881094
258;12:06:21.289;enp0s25;181618;6792614
259;12:06:22.297;enp0s25;167531;6523512
260;12:06:23.305;enp0s25;176878;6771742
261;12:06:24.314;enp0s25;186468;6811834
262;12:06:25.321;enp0s25;182605;7145706
263;12:06:26.340;enp0s25;186320;7152880
264;12:06:27.346;enp0s25;178302;7163512
265;12:06:28.355;enp0s25;121416;5061272
266;12:06:29.367;enp0s25;202086;7168060
267;12:06:30.380;enp0s25;187802;7177168
268;12:06:31.395;enp0s25;193786;7175586
269;12:06:32.408;enp0s25;192448;7171096
270;12:06:33.417;enp0s25;185662;7160406
271;12:06:34.429;enp0s25;179918;6760254
272;12:06:35.446;enp0s25;202698;7025304
273;12:06:36.461;enp0s25;179702;7178686
274;12:06:37.476;enp0s25;184948;6791532
275;12:06:38.487;enp0s25;121918;5061076
276;12:06:39.496;enp0s25;193538;6785460
277;12:06:40.516;enp0s25;159358;6501792
278;12:06:41.532;enp0s25;143330;6093574
279;12:06:42.543;enp0s25;183108;6524428
280;12:06:43.558;enp0s25;227374;6838800
281;12:06:44.573;enp0s25;207986;7119484
282;12:06:45.587;enp0s25;201026;7172550
283;12:06:46.598;enp0s25;192312;7155916
284;12:06:47.614;enp0s25;191576;6935742
285;12:06:48.626;enp0s25;165362;6667120
286;12:06:49.636;enp0s25;183546;7043520
287;12:06:50.644;enp0s25;158485;6795151
288;12:06:51.656;enp0s25;203188;6706588
289;12:06:52.666;enp0s25;162782;5968572
290;12:06:53.677;enp0s25;129356;5325216
291;12:06:54.687;enp0s25;116113;4624517
292;12:06:55.696;enp0s25;145366;5680356
293;12:06:56.706;enp0s25;137880;5870240
294;12:06:57.718;enp0s25;141416;6053784
295;12:06:58.730;enp0s25;134248;6006790
296;12:06:59.741;enp0s25;97502;4352106
297;12:07:00.752;enp0s25;145164;6489514
298;12:07:01.772;enp0s25;157866;7165490
299;12:07:02.782;enp0s25;164978;7172614
300;12:07:03.794;enp0s25;158654;7212018
301;12:07:04.808;enp0s25;160444;7163506
302;12:07:05.817;enp0s25;160102;7171032
303;12:07:06.831;enp0s25;159054;7172614
304;12:07:07.842;enp0s25;155770;7167996
305;12:07:08.861;enp0s25;164348;7161988
306;12:07:09.871;enp0s25;134854;6167634
307;12:07:10.882;enp0s25;164128;7111475
308;12:07:11.898;enp0s25;173036;7113418
309;12:07:12.911;enp0s25;163812;7166606
310;12:07:13.925;enp0s25;166536;7166548
311;12:07:14.935;enp0s25;144824;6765304
312;12:07:15.945;enp0s25;154569;6869625
313;12:07:16.953;enp0s25;130999;6063172
314;12:07:17.962;enp0s25;152204;7167996
315;12:07:18.972;enp0s25;146266;6984382
316;12:07:19.986;enp0s25;128070;6020388
317;12:07:20.994;enp0s25;154734;7166103
318;12:07:22.002;enp0s25;149460;7030539
319;12:07:23.071;enp0s25;146264;7000027
320;12:07:24.083;enp0s25;151762;7146808
321;12:07:25.092;enp0s25;153741;7160982
322;12:07:26.102;enp0s25;152776;7167889
323;12:07:27.111;enp0s25;151976;7165474
324;12:07:28.119;enp0s25;151616;7150695
325;12:07:29.134;enp0s25;149794;7135864
326;12:07:30.146;enp0s25;140766;6812318
327;12:07:31.158;enp0s25;137761;6533536
328;12:07:32.168;enp0s25;142706;6680718
329;12:07:33.176;enp0s25;148928;6976792
330;12:07:34.184;enp0s25;152141;7165518
331;12:07:35.198;enp0s25;136562;6593722
332;12:07:36.206;enp0s25;147980;7054146
333;12:07:37.220;enp0s25;150430;7168060
334;12:07:38.230;enp0s25;146756;7003026
335;12:07:39.242;enp0s25;122566;6557824
336;12:07:40.265;enp0s25;150640;7215054
337;12:07:41.297;enp0s25;146090;6940360
338;12:07:42.313;enp0s25;120418;6384708
339;12:07:43.329;enp0s25;130382;6492550
340;12:07:44.338;enp0s25;102430;6358966
341;12:07:45.346;enp0s25;143372;6750546
342;12:07:46.355;enp0s25;82652;3968226
343;12:07:47.382;enp0s25;0;3652
344;12:07:48.404;enp0s25;0;1462
345;12:07:49.471;enp0s25;0;0
346;12:07:50.487;enp0s25;0;64
347;12:07:51.510;enp0s25;0;0
348;12:07:52.534;enp0s25;0;64
349;12:07:53.578;enp0s25;0;0
350;12:07:54.633;enp0s25;0;64
351;12:07:55.647;enp0s25;0;0
352;12:07:56.655;enp0s25;0;64
353;12:07:57.669;enp0s25;64;1636
354;12:07:58.678;enp0s25;0;3716
355;12:07:59.692;enp0s25;0;1398
356;12:08:00.707;enp0s25;0;614
357;12:08:01.722;enp0s25;0;0
358;12:08:02.730;enp0s25;0;64
359;12:08:03.737;enp0s25;0;0
360;12:08:04.751;enp0s25;0;64
361;12:08:05.761;enp0s25;0;0
362;12:08:06.767;enp0s25;0;64
363;12:08:07.784;enp0s25;64;64
364;12:08:08.795;enp0s25;0;1018
365;12:08:09.809;enp0s25;0;4350
366;12:08:10.817;enp0s25;0;1462
367;12:08:11.824;enp0s25;0;550
368;12:08:12.835;enp0s25;0;64
369;12:08:13.844;enp0s25;0;0
370;12:08:14.851;enp0s25;0;64
371;12:08:15.865;enp0s25;0;0
372;12:08:16.881;enp0s25;0;64
373;12:08:17.892;enp0s25;0;0
374;12:08:18.901;enp0s25;64;128
375;12:08:19.908;enp0s25;0;568
376;12:08:20.915;enp0s25;0;2368
377;12:08:21.929;enp0s25;0;1784
378;12:08:22.938;enp0s25;0;2012
379;12:08:23.945;enp0s25;0;0
380;12:08:24.957;enp0s25;0;64
381;12:08:25.967;enp0s25;0;0
382;12:08:26.979;enp0s25;0;64
383;12:08:27.989;enp0s25;0;0
384;12:08:29.012;enp0s25;0;64
385;12:08:30.023;enp0s25;64;64
386;12:08:31.037;enp0s25;0;64
387;12:08:32.045;enp0s25;0;2254
388;12:08:33.053;enp0s25;0;3034
389;12:08:34.347;enp0s25;0;2012
390;12:08:35.362;enp0s25;0;0
391;12:08:36.374;enp0s25;0;64
392;12:08:37.390;enp0s25;0;0
393;12:08:38.399;enp0s25;0;64
394;12:08:39.409;enp0s25;0;336
395;12:08:40.417;enp0s25;0;64
396;12:08:41.427;enp0s25;64;64
397;12:08:42.442;enp0s25;0;64
398;12:08:43.457;enp0s25;0;0
399;12:08:44.473;enp0s25;0;64
400;12:08:45.489;enp0s25;0;0
401;12:08:46.504;enp0s25;0;64
402;12:08:47.515;enp0s25;0;0
403;12:08:48.524;enp0s25;0;64
404;12:08:49.536;enp0s25;0;0
405;12:08:50.545;enp0s25;0;64
406;12:08:51.560;enp0s25;0;0
407;12:08:52.568;enp0s25;64;128
408;12:08:53.576;enp0s25;0;0
409;12:08:54.584;enp0s25;0;64
410;12:08:55.597;enp0s25;0;0
411;12:08:56.605;enp0s25;0;64
412;12:08:57.612;enp0s25;0;0
413;12:08:58.620;enp0s25;0;64
414;12:08:59.628;enp0s25;0;0
415;12:09:00.635;enp0s25;0;64
416;12:09:01.643;enp0s25;0;0
417;12:09:02.649;enp0s25;0;64
418;12:09:03.656;enp0s25;64;64
419;12:09:04.665;enp0s25;0;64
420;12:09:05.673;enp0s25;0;0
421;12:09:06.679;enp0s25;0;64
422;12:09:07.692;enp0s25;0;0
423;12:09:08.701;enp0s25;0;64
424;12:09:09.711;enp0s25;0;0
425;12:09:10.728;enp0s25;0;64
426;12:09:11.737;enp0s25;0;0
427;12:09:12.744;enp0s25;0;64
428;12:09:13.756;enp0s25;0;0
429;12:09:14.773;enp0s25;64;128
430;12:09:15.782;enp0s25;0;0
431;12:09:16.794;enp0s25;0;64
432;12:09:17.809;enp0s25;0;0
433;12:09:18.819;enp0s25;0;64
434;12:09:19.829;enp0s25;0;0
435;12:09:20.841;enp0s25;0;64
436;12:09:21.849;enp0s25;0;0
437;12:09:22.861;enp0s25;0;64
438;12:09:23.871;enp0s25;0;0
439;12:09:24.881;enp0s25;64;128
440;12:09:25.891;enp0s25;0;0
441;12:09:26.905;enp0s25;0;64
442;12:09:27.915;enp0s25;0;3356
443;12:09:28.923;enp0s25;0;2550
444;12:09:29.937;enp0s25;0;1572
445;12:09:30.953;enp0s25;0;4866
446;12:09:31.962;enp0s25;0;1398
447;12:09:32.972;enp0s25;0;1782
448;12:09:33.984;enp0s25;0;1864
449;12:09:34.994;enp0s25;0;64
450;12:09:36.003;enp0s25;64;64
451;12:09:37.012;enp0s25;0;1778
452;12:09:38.020;enp0s25;0;0
453;12:09:39.032;enp0s25;0;64
454;12:09:40.047;enp0s25;0;0
455;12:09:41.056;enp0s25;0;64
456;12:09:42.074;enp0s25;0;0
457;12:09:43.091;enp0s25;0;530
458;12:09:44.099;enp0s25;0;0
459;12:09:45.113;enp0s25;0;64
460;12:09:46.122;enp0s25;0;0
461;12:09:47.129;enp0s25;64;128
462;12:09:48.141;enp0s25;0;0
463;12:09:49.148;enp0s25;0;64
464;12:09:50.284;enp0s25;0;0
465;12:09:51.293;enp0s25;0;64
466;12:09:52.302;enp0s25;0;0
467;12:09:53.309;enp0s25;0;64
468;12:09:54.316;enp0s25;0;0
469;12:09:55.335;enp0s25;0;0
470;12:09:56.345;enp0s25;0;64
471;12:09:57.353;enp0s25;0;0
472;12:09:58.360;enp0s25;64;128
473;12:09:59.370;enp0s25;0;0
474;12:10:00.388;enp0s25;0;64
475;12:10:01.395;enp0s25;0;0
476;12:10:02.402;enp0s25;0;64
477;12:10:03.409;enp0s25;0;0
478;12:10:04.419;enp0s25;0;64
479;12:10:05.435;enp0s25;0;0
480;12:10:06.455;enp0s25;0;64
481;12:10:07.472;enp0s25;0;0
482;12:10:08.488;enp0s25;0;64
483;12:10:09.517;enp0s25;64;64
484;12:10:10.541;enp0s25;0;530
485;12:10:11.554;enp0s25;0;0
486;12:10:12.564;enp0s25;0;64
487;12:10:13.571;enp0s25;0;0
488;12:10:14.581;enp0s25;0;64
489;12:10:15.591;enp0s25;0;0
490;12:10:16.601;enp0s25;0;64
491;12:10:17.609;enp0s25;0;0
492;12:10:18.615;enp0s25;0;64
493;12:10:19.625;enp0s25;0;0
494;12:10:20.632;enp0s25;64;128
495;12:10:21.644;enp0s25;0;0
496;12:10:22.660;enp0s25;0;64
497;12:10:23.669;enp0s25;0;0
498;12:10:24.677;enp0s25;0;64
499;12:10:25.692;enp0s25;0;0
500;12:10:26.701;enp0s25;0;64
501;12:10:27.709;enp0s25;0;0
502;12:10:28.718;enp0s25;0;171
503;12:10:29.726;enp0s25;0;107
504;12:10:30.737;enp0s25;0;64
505;12:10:31.750;enp0s25;64;64
506;12:10:32.757;enp0s25;0;64
507;12:10:33.766;enp0s25;0;0
508;12:10:34.777;enp0s25;0;64
509;12:10:35.786;enp0s25;0;492
510;12:10:36.793;enp0s25;0;64
511;12:10:37.803;enp0s25;0;0
512;12:10:38.813;enp0s25;0;64
513;12:10:39.823;enp0s25;0;0
514;12:10:40.832;enp0s25;0;64
515;12:10:41.848;enp0s25;0;0
516;12:10:42.864;enp0s25;64;128
517;12:10:43.873;enp0s25;0;0
518;12:10:44.880;enp0s25;0;1636
519;12:10:45.892;enp0s25;0;3732
520;12:10:46.904;enp0s25;0;1462
521;12:10:47.915;enp0s25;0;550
522;12:10:48.926;enp0s25;0;64
523;12:10:49.937;enp0s25;0;0
524;12:10:50.957;enp0s25;0;64
525;12:10:51.972;enp0s25;0;0
526;12:10:52.985;enp0s25;64;128
527;12:10:53.998;enp0s25;0;954
528;12:10:55.006;enp0s25;0;2936
529;12:10:56.017;enp0s25;0;1398
530;12:10:57.026;enp0s25;0;2012
531;12:10:58.035;enp0s25;0;0
532;12:10:59.045;enp0s25;0;64
533;12:11:00.060;enp0s25;0;0
534;12:11:01.069;enp0s25;0;64
535;12:11:02.079;enp0s25;0;1572
536;12:11:03.090;enp0s25;0;3716
537;12:11:04.098;enp0s25;64;1798
538;12:11:05.111;enp0s25;0;632
539;12:11:06.123;enp0s25;0;1864
540;12:11:07.133;enp0s25;0;64
541;12:11:08.144;enp0s25;0;0
542;12:11:09.153;enp0s25;0;1778
543;12:11:10.162;enp0s25;0;0
544;12:11:11.171;enp0s25;0;64
545;12:11:12.180;enp0s25;0;0
546;12:11:13.187;enp0s25;0;64
547;12:11:14.195;enp0s25;0;0
548;12:11:15.207;enp0s25;64;594
549;12:11:16.224;enp0s25;0;1606
550;12:11:17.237;enp0s25;0;3302
551;12:11:18.248;enp0s25;0;760
552;12:11:19.261;enp0s25;0;1214
553;12:11:20.273;enp0s25;0;466
554;12:11:21.281;enp0s25;0;64
555;12:11:22.291;enp0s25;0;1150
556;12:11:23.306;enp0s25;0;64
557;12:11:24.314;enp0s25;0;0
558;12:11:25.328;enp0s25;0;64
559;12:11:26.344;enp0s25;64;128
560;12:11:27.354;enp0s25;0;0
561;12:11:28.366;enp0s25;0;64
562;12:11:29.374;enp0s25;0;466
563;12:11:30.382;enp0s25;0;64
564;12:11:31.392;enp0s25;0;0
565;12:11:32.400;enp0s25;0;64
566;12:11:33.417;enp0s25;0;0
567;12:11:34.433;enp0s25;0;64
568;12:11:35.444;enp0s25;0;0
569;12:11:36.456;enp0s25;0;64
570;12:11:37.464;enp0s25;64;64
571;12:11:38.473;enp0s25;0;64
572;12:11:39.482;enp0s25;0;0
573;12:11:40.489;enp0s25;0;64
574;12:11:41.497;enp0s25;0;0
575;12:11:42.504;enp0s25;0;64
576;12:11:43.517;enp0s25;0;394
577;12:11:44.534;enp0s25;0;64
578;12:11:45.549;enp0s25;0;0
579;12:11:46.558;enp0s25;0;64
580;12:11:47.566;enp0s25;0;0
581;12:11:48.575;enp0s25;64;128
582;12:11:49.588;enp0s25;0;0
583;12:11:50.602;enp0s25;0;64
584;12:11:51.614;enp0s25;0;0
585;12:11:52.625;enp0s25;0;64
586;12:11:53.636;enp0s25;0;0
587;12:11:54.650;enp0s25;0;64
588;12:11:55.660;enp0s25;0;0
589;12:11:56.672;enp0s25;0;64
590;12:11:57.679;enp0s25;0;0
591;12:11:58.686;enp0s25;0;64
592;12:11:59.695;enp0s25;64;64
593;12:12:00.704;enp0s25;0;64
594;12:12:01.715;enp0s25;0;0
595;12:12:02.732;enp0s25;0;64
596;12:12:03.747;enp0s25;0;0
597;12:12:04.764;enp0s25;0;64
598;12:12:05.775;enp0s25;0;0
599;12:12:06.785;enp0s25;0;64
600;12:12:07.796;enp0s25;0;0
601;12:12:08.804;enp0s25;0;64
602;12:12:09.811;enp0s25;0;492
603;12:12:10.817;enp0s25;64;128
604;12:12:11.826;enp0s25;0;0
605;12:12:12.836;enp0s25;0;64
606;12:12:13.844;enp0s25;0;0
607;12:12:14.854;enp0s25;0;64
608;12:12:15.864;enp0s25;0;0
609;12:12:16.872;enp0s25;0;64
610;12:12:17.880;enp0s25;0;0
611;12:12:18.889;enp0s25;0;3306
612;12:12:19.908;enp0s25;0;2486
613;12:12:20.934;enp0s25;0;64
614;12:12:21.952;enp0s25;64;1214
615;12:12:22.960;enp0s25;0;450
616;12:12:23.970;enp0s25;0;2104
617;12:12:24.978;enp0s25;0;2550
618;12:12:25.989;enp0s25;0;1398
619;12:12:27.015;enp0s25;0;2406
620;12:12:28.026;enp0s25;0;568
621;12:12:29.034;enp0s25;0;2664
622;12:12:30.044;enp0s25;0;2890
623;12:12:31.055;enp0s25;0;4892
624;12:12:32.080;enp0s25;64;1092
625;12:12:33.089;enp0s25;0;1230
626;12:12:34.125;enp0s25;0;0
627;12:12:35.145;enp0s25;0;1278
628;12:12:36.158;enp0s25;0;268
629;12:12:37.168;enp0s25;0;64
630;12:12:38.176;enp0s25;0;2494
631;12:12:39.187;enp0s25;0;1396
632;12:12:40.195;enp0s25;0;268
633;12:12:41.205;enp0s25;0;1364
634;12:12:42.214;enp0s25;0;0
635;12:12:43.224;enp0s25;64;396
636;12:12:44.244;enp0s25;0;550
637;12:12:45.254;enp0s25;0;64
638;12:12:46.264;enp0s25;0;0
639;12:12:47.274;enp0s25;0;64
640;12:12:48.285;enp0s25;0;0
641;12:12:49.339;enp0s25;0;2046
642;12:12:50.350;enp0s25;0;2550
643;12:12:51.357;enp0s25;0;992
644;12:12:52.364;enp0s25;0;1086
645;12:12:53.382;enp0s25;0;746
646;12:12:54.390;enp0s25;64;128
647;12:12:55.398;enp0s25;0;1022
648;12:12:56.413;enp0s25;0;64
649;12:12:57.441;enp0s25;0;754
650;12:12:58.466;enp0s25;0;64
651;12:12:59.497;enp0s25;0;0
652;12:13:00.515;enp0s25;0;64
653;12:13:01.523;enp0s25;0;0
654;12:13:02.533;enp0s25;0;64
655;12:13:03.549;enp0s25;0;0
656;12:13:04.589;enp0s25;0;64
657;12:13:05.615;enp0s25;64;64
658;12:13:06.643;enp0s25;0;64
659;12:13:07.669;enp0s25;0;0
660;12:13:08.705;enp0s25;0;64
661;12:13:09.736;enp0s25;0;0
662;12:13:10.767;enp0s25;0;64
663;12:13:11.809;enp0s25;0;0
664;12:13:12.852;enp0s25;0;64
665;12:13:13.872;enp0s25;0;0
666;12:13:14.885;enp0s25;0;64
667;12:13:15.908;enp0s25;0;0
668;12:13:16.945;enp0s25;64;128
669;12:13:17.972;enp0s25;0;0
670;12:13:18.999;enp0s25;0;64
671;12:13:20.037;enp0s25;0;0
672;12:13:21.093;enp0s25;0;64
673;12:13:22.144;enp0s25;0;1266
674;12:13:23.151;enp0s25;0;3020
675;12:13:24.182;enp0s25;0;1506
676;12:13:25.189;enp0s25;0;1214
677;12:13:26.199;enp0s25;0;0
678;12:13:27.214;enp0s25;64;514
679;12:13:28.227;enp0s25;0;1150
680;12:13:29.241;enp0s25;0;64
681;12:13:30.249;enp0s25;0;0
682;12:13:31.264;enp0s25;0;64
683;12:13:32.280;enp0s25;0;0
684;12:13:33.290;enp0s25;0;64
685;12:13:34.297;enp0s25;0;394
686;12:13:35.325;enp0s25;0;0
687;12:13:36.345;enp0s25;0;64
688;12:13:37.357;enp0s25;0;0
689;12:13:38.364;enp0s25;64;128
690;12:13:39.372;enp0s25;0;0
691;12:13:40.385;enp0s25;0;64
692;12:13:41.393;enp0s25;0;0
693;12:13:42.427;enp0s25;0;64
694;12:13:43.444;enp0s25;0;0
695;12:13:44.452;enp0s25;0;64
696;12:13:45.536;enp0s25;0;0
697;12:13:46.555;enp0s25;0;64
698;12:13:47.564;enp0s25;0;0
699;12:13:48.576;enp0s25;0;64
700;12:13:49.585;enp0s25;64;64
701;12:13:50.594;enp0s25;0;64
702;12:13:51.604;enp0s25;0;0
703;12:13:52.630;enp0s25;0;64
704;12:13:53.650;enp0s25;0;0
705;12:13:54.665;enp0s25;0;64
706;12:13:55.675;enp0s25;0;0
707;12:13:56.684;enp0s25;0;64
708;12:13:57.691;enp0s25;0;0
709;12:13:58.699;enp0s25;0;64
710;12:13:59.707;enp0s25;0;0
711;12:14:00.718;enp0s25;64;128
712;12:14:01.733;enp0s25;0;0
713;12:14:02.750;enp0s25;0;632
714;12:14:03.766;enp0s25;0;2894
715;12:14:04.779;enp0s25;0;1870
716;12:14:05.789;enp0s25;0;1966
717;12:14:06.804;enp0s25;0;64
718;12:14:07.819;enp0s25;0;1864
719;12:14:08.829;enp0s25;0;64
720;12:14:09.842;enp0s25;0;1714
721;12:14:10.853;enp0s25;0;64
722;12:14:11.860;enp0s25;64;64
723;12:14:12.867;enp0s25;0;64
724;12:14:13.874;enp0s25;0;0
725;12:14:14.881;enp0s25;0;64
726;12:14:15.892;enp0s25;0;466
727;12:14:16.903;enp0s25;0;64
728;12:14:17.910;enp0s25;0;0
729;12:14:18.918;enp0s25;0;64
730;12:14:19.926;enp0s25;0;0
731;12:14:20.942;enp0s25;0;614
732;12:14:21.965;enp0s25;0;1606
733;12:14:22.987;enp0s25;64;3490
734;12:14:24.005;enp0s25;0;760
735;12:14:25.024;enp0s25;0;1214
736;12:14:26.033;enp0s25;0;386
737;12:14:27.039;enp0s25;0;64
738;12:14:28.047;enp0s25;0;1150
739;12:14:29.060;enp0s25;0;64
740;12:14:30.071;enp0s25;0;0
741;12:14:31.085;enp0s25;0;64
742;12:14:32.094;enp0s25;0;0
743;12:14:33.101;enp0s25;0;64
744;12:14:34.108;enp0s25;64;64
745;12:14:35.115;enp0s25;0;450
746;12:14:36.126;enp0s25;0;0
747;12:14:37.133;enp0s25;0;64
748;12:14:38.140;enp0s25;0;0
749;12:14:39.147;enp0s25;0;64
750;12:14:40.154;enp0s25;0;0
751;12:14:41.167;enp0s25;0;64
752;12:14:42.175;enp0s25;0;0
753;12:14:43.184;enp0s25;0;64
754;12:14:44.193;enp0s25;64;64
755;12:14:45.200;enp0s25;0;64
756;12:14:46.219;enp0s25;0;0
757;12:14:47.235;enp0s25;0;64
758;12:14:48.243;enp0s25;0;0
759;12:14:49.254;enp0s25;0;64
760;12:14:50.268;enp0s25;0;0
761;12:14:51.275;enp0s25;0;64
762;12:14:52.283;enp0s25;0;0
763;12:14:53.295;enp0s25;0;64
764;12:14:54.302;enp0s25;0;0
765;12:14:55.314;enp0s25;64;128
766;12:14:56.321;enp0s25;0;0
767;12:14:57.329;enp0s25;0;0
768;12:14:58.339;enp0s25;0;64
769;12:14:59.363;enp0s25;0;0
770;12:15:00.372;enp0s25;0;64
771;12:15:01.380;enp0s25;0;0
772;12:15:02.387;enp0s25;0;450
773;12:15:03.394;enp0s25;0;0
774;12:15:04.414;enp0s25;0;64
775;12:15:05.423;enp0s25;0;0
776;12:15:06.435;enp0s25;64;128
777;12:15:07.445;enp0s25;0;0
778;12:15:08.453;enp0s25;0;64
779;12:15:09.478;enp0s25;0;0
780;12:15:10.506;enp0s25;0;64
781;12:15:11.515;enp0s25;0;0
782;12:15:12.528;enp0s25;0;64
783;12:15:13.535;enp0s25;0;0
784;12:15:14.543;enp0s25;0;64
785;12:15:15.551;enp0s25;0;0
786;12:15:16.587;enp0s25;0;64
787;12:15:17.594;enp0s25;64;64
788;12:15:18.605;enp0s25;0;64
789;12:15:19.628;enp0s25;0;0
790;12:15:20.666;enp0s25;0;64
791;12:15:21.674;enp0s25;0;0
792;12:15:22.681;enp0s25;0;64
793;12:15:23.689;enp0s25;0;954
794;12:15:24.697;enp0s25;0;4334
795;12:15:25.705;enp0s25;0;1398
796;12:15:26.713;enp0s25;0;632
797;12:15:27.721;enp0s25;0;1864
798;12:15:28.738;enp0s25;64;128
799;12:15:29.748;enp0s25;0;0
800;12:15:30.766;enp0s25;0;1778
801;12:15:31.858;enp0s25;0;0
802;12:15:32.867;enp0s25;0;64
803;12:15:33.874;enp0s25;0;0
804;12:15:34.881;enp0s25;0;64
805;12:15:35.889;enp0s25;0;0
806;12:15:36.905;enp0s25;0;530
807;12:15:37.915;enp0s25;0;0
808;12:15:38.925;enp0s25;0;64
809;12:15:39.940;enp0s25;64;64
810;12:15:40.954;enp0s25;0;64
811;12:15:41.966;enp0s25;0;0
812;12:15:42.977;enp0s25;0;64
813;12:15:43.986;enp0s25;0;0
814;12:15:45.000;enp0s25;0;64
815;12:15:46.010;enp0s25;0;0
816;12:15:47.017;enp0s25;0;64
817;12:15:48.031;enp0s25;0;0
818;12:15:49.045;enp0s25;0;64
819;12:15:50.058;enp0s25;0;0
820;12:15:51.075;enp0s25;64;128
821;12:15:52.084;enp0s25;0;0
822;12:15:53.091;enp0s25;0;64
823;12:15:54.098;enp0s25;0;0
824;12:15:55.113;enp0s25;0;64
825;12:15:56.128;enp0s25;0;0
826;12:15:57.491;enp0s25;0;0
827;12:15:58.498;enp0s25;0;64
828;12:15:59.508;enp0s25;0;0
829;12:16:00.518;enp0s25;0;64
830;12:16:01.527;enp0s25;64;64
831;12:16:02.540;enp0s25;0;64
832;12:16:03.550;enp0s25;0;0
833;12:16:04.568;enp0s25;0;530
834;12:16:05.588;enp0s25;0;0
835;12:16:06.602;enp0s25;0;64
836;12:16:07.613;enp0s25;0;0
837;12:16:08.628;enp0s25;0;64
838;12:16:09.647;enp0s25;0;0
839;12:16:10.662;enp0s25;0;64
840;12:16:11.670;enp0s25;0;0
841;12:16:12.686;enp0s25;64;128
842;12:16:13.700;enp0s25;0;0
843;12:16:14.713;enp0s25;0;64
844;12:16:15.730;enp0s25;0;0
845;12:16:16.739;enp0s25;0;64
846;12:16:17.758;enp0s25;0;0
847;12:16:18.774;enp0s25;0;64
848;12:16:19.790;enp0s25;0;0
849;12:16:20.801;enp0s25;0;64
850;12:16:21.817;enp0s25;0;107
851;12:16:22.833;enp0s25;0;171
852;12:16:23.840;enp0s25;64;64
853;12:16:24.846;enp0s25;0;64
854;12:16:25.854;enp0s25;0;0
855;12:16:26.867;enp0s25;0;64
856;12:16:27.875;enp0s25;0;0
857;12:16:28.888;enp0s25;0;64
858;12:16:29.897;enp0s25;0;0
859;12:16:30.904;enp0s25;0;64
860;12:16:31.914;enp0s25;0;0
861;12:16:32.922;enp0s25;0;556
862;12:16:33.933;enp0s25;0;0
863;12:16:34.948;enp0s25;64;128
864;12:16:35.957;enp0s25;0;0
865;12:16:36.970;enp0s25;0;64
866;12:16:37.979;enp0s25;0;0
867;12:16:38.991;enp0s25;0;64
868;12:16:40.001;enp0s25;0;0
869;12:16:41.014;enp0s25;0;64
870;12:16:42.027;enp0s25;0;0
871;12:16:43.034;enp0s25;0;1636
872;12:16:44.042;enp0s25;0;3732
873;12:16:45.050;enp0s25;0;1462
874;12:16:46.057;enp0s25;64;614
875;12:16:47.066;enp0s25;0;64
876;12:16:48.076;enp0s25;0;0
877;12:16:49.091;enp0s25;0;64
878;12:16:50.104;enp0s25;0;0
879;12:16:51.113;enp0s25;0;64
880;12:16:52.120;enp0s25;0;0
881;12:16:53.140;enp0s25;0;171
882;12:16:54.146;enp0s25;0;1061
883;12:16:55.154;enp0s25;0;4414
884;12:16:56.170;enp0s25;0;1398
885;12:16:57.186;enp0s25;64;678
886;12:16:58.335;enp0s25;0;64
887;12:16:59.355;enp0s25;0;0
888;12:17:00.368;enp0s25;0;64
889;12:17:01.375;enp0s25;0;0
890;12:17:02.381;enp0s25;0;64
891;12:17:03.396;enp0s25;0;0
892;12:17:04.409;enp0s25;0;64
893;12:17:05.422;enp0s25;0;568
894;12:17:06.430;enp0s25;0;2936
895;12:17:07.438;enp0s25;64;1928
896;12:17:08.452;enp0s25;0;2030
897;12:17:09.466;enp0s25;0;1398
898;12:17:10.479;enp0s25;0;530
899;12:17:11.493;enp0s25;0;0
900;12:17:12.506;enp0s25;0;1778
901;12:17:13.516;enp0s25;0;0
902;12:17:14.531;enp0s25;0;64
903;12:17:15.547;enp0s25;0;0
904;12:17:16.562;enp0s25;0;64
905;12:17:17.571;enp0s25;0;0
906;12:17:18.587;enp0s25;64;594
907;12:17:19.603;enp0s25;0;0
908;12:17:20.614;enp0s25;0;64
909;12:17:21.623;enp0s25;0;0
910;12:17:22.638;enp0s25;0;64
911;12:17:23.654;enp0s25;0;107
912;12:17:24.667;enp0s25;0;171
913;12:17:25.676;enp0s25;0;0
914;12:17:26.688;enp0s25;0;64
915;12:17:27.697;enp0s25;0;0
916;12:17:28.704;enp0s25;0;64
917;12:17:29.712;enp0s25;64;64
918;12:17:30.720;enp0s25;0;64
919;12:17:31.727;enp0s25;0;0
920;12:17:32.737;enp0s25;0;64
921;12:17:33.754;enp0s25;0;0
922;12:17:34.766;enp0s25;0;64
923;12:17:35.776;enp0s25;0;0
924;12:17:36.791;enp0s25;0;64
925;12:17:37.809;enp0s25;0;0
926;12:17:38.822;enp0s25;0;64
927;12:17:39.831;enp0s25;0;0
928;12:17:40.839;enp0s25;64;128
929;12:17:41.854;enp0s25;0;0
930;12:17:42.867;enp0s25;0;64
931;12:17:43.879;enp0s25;0;0
932;12:17:44.887;enp0s25;0;64
933;12:17:45.896;enp0s25;0;466
934;12:17:46.907;enp0s25;0;64
935;12:17:47.916;enp0s25;0;0
936;12:17:48.925;enp0s25;0;64
937;12:17:49.934;enp0s25;0;0
938;12:17:50.954;enp0s25;164;756
939;12:17:51.962;enp0s25;1199;3363
940;12:17:52.973;enp0s25;1418;6244
941;12:17:54.009;enp0s25;23036;3363
942;12:17:55.024;enp0s25;192;3086
943;12:17:56.032;enp0s25;0;107
944;12:17:57.051;enp0s25;0;64
945;12:17:58.074;enp0s25;11585;3171
946;12:17:59.082;enp0s25;0;64
947;12:18:00.091;enp0s25;0;0
948;12:18:01.101;enp0s25;0;64
949;12:18:02.136;enp0s25;0;0
950;12:18:03.146;enp0s25;64;128
951;12:18:04.155;enp0s25;0;0
952;12:18:05.177;enp0s25;0;64
953;12:18:06.196;enp0s25;0;0
954;12:18:07.204;enp0s25;0;64
955;12:18:08.232;enp0s25;0;0
956;12:18:09.243;enp0s25;0;64
957;12:18:10.251;enp0s25;0;492
958;12:18:11.260;enp0s25;0;64
959;12:18:12.268;enp0s25;13021;48294
960;12:18:13.302;enp0s25;196220;2872467
961;12:18:14.338;enp0s25;358421;6629046
962;12:18:15.378;enp0s25;138755;2936504
963;12:18:16.407;enp0s25;147818;3197962
964;12:18:17.443;enp0s25;226760;4899718
965;12:18:18.453;enp0s25;186523;4692514
966;12:18:19.463;enp0s25;143830;4131718
967;12:18:20.476;enp0s25;113026;2448760
968;12:18:21.484;enp0s25;63167;1737293
969;12:18:22.517;enp0s25;72752;945368
970;12:18:23.534;enp0s25;116798;2028248
971;12:18:24.560;enp0s25;128279;2419667
972;12:18:25.570;enp0s25;104943;1408239
973;12:18:26.579;enp0s25;119389;1848463
974;12:18:27.600;enp0s25;95176;861633
975;12:18:28.610;enp0s25;95482;889139
976;12:18:29.639;enp0s25;114700;1658138
977;12:18:30.648;enp0s25;117217;1583031
978;12:18:31.674;enp0s25;118235;2900183
979;12:18:32.718;enp0s25;143198;2430858
980;12:18:33.753;enp0s25;106792;2497457
981;12:18:34.822;enp0s25;99539;2485001
982;12:18:35.874;enp0s25;150014;3105797
983;12:18:36.892;enp0s25;127971;2147787
984;12:18:37.918;enp0s25;116307;1964972
985;12:18:38.928;enp0s25;133373;2064965
986;12:18:39.935;enp0s25;96240;1467735
987;12:18:40.954;enp0s25;141442;4367724
988;12:18:41.979;enp0s25;108711;1350711
989;12:18:42.991;enp0s25;94926;1390666
990;12:18:44.033;enp0s25;120852;1504174
991;12:18:45.062;enp0s25;136352;2680630
992;12:18:46.075;enp0s25;106790;1201887
993;12:18:47.084;enp0s25;113042;1495965
994;12:18:48.121;enp0s25;135788;3534185
995;12:18:49.152;enp0s25;201993;5900783
996;12:18:50.182;enp0s25;168653;5881865
997;12:18:51.205;enp0s25;235931;6150145
998;12:18:52.234;enp0s25;243865;6306874
999;12:18:53.281;enp0s25;184749;4894685
1000;12:18:54.334;enp0s25;169862;4194025
1001;12:18:55.359;enp0s25;156942;3670860
1002;12:18:56.372;enp0s25;137518;2719835
1003;12:18:57.380;enp0s25;141029;2879911
1004;12:18:58.391;enp0s25;90103;1753740
1005;12:18:59.442;enp0s25;108681;4166826
1006;12:19:00.467;enp0s25;97411;3453406
1007;12:19:01.506;enp0s25;45206;2034959
1008;12:19:02.535;enp0s25;0;64
1009;12:19:03.544;enp0s25;1535;26498
1010;12:19:04.573;enp0s25;1407;26556
1011;12:19:05.595;enp0s25;3599;122172
1012;12:19:06.629;enp0s25;29563;1377481
1013;12:19:07.663;enp0s25;11973;245559
1014;12:19:08.698;enp0s25;46618;1753131
1015;12:19:09.745;enp0s25;39465;1522484
1016;12:19:10.796;enp0s25;47046;1717186
1017;12:19:11.807;enp0s25;43384;1831916
1018;12:19:12.817;enp0s25;64216;2707415
1019;12:19:13.841;enp0s25;98098;3947009
1020;12:19:14.893;enp0s25;61726;2749772
1021;12:19:15.942;enp0s25;69064;2783842
1022;12:19:16.963;enp0s25;101296;4548626
1023;12:19:17.972;enp0s25;97916;4068151
1024;12:19:18.984;enp0s25;59533;2966454
1025;12:19:19.999;enp0s25;41695;1419741
1026;12:19:21.007;enp0s25;17322;1115462
1027;12:19:22.014;enp0s25;1920;960
1028;12:19:23.027;enp0s25;0;64
1029;12:19:24.037;enp0s25;0;0
1030;12:19:25.075;enp0s25;0;64
1031;12:19:26.090;enp0s25;0;0
1032;12:19:27.100;enp0s25;0;64
1033;12:19:28.141;enp0s25;0;107
1034;12:19:29.198;enp0s25;0;171
1035;12:19:30.232;enp0s25;0;0
1036;12:19:31.265;enp0s25;64;128
1037;12:19:32.313;enp0s25;0;64
1038;12:19:33.338;enp0s25;0;0
1039;12:19:34.351;enp0s25;0;64
1040;12:19:35.360;enp0s25;0;0
1041;12:19:36.368;enp0s25;0;64
1042;12:19:37.390;enp0s25;0;0
1043;12:19:38.408;enp0s25;0;64
1044;12:19:39.416;enp0s25;0;550
1045;12:19:40.424;enp0s25;0;64
1046;12:19:41.442;enp0s25;64;64
1047;12:19:42.450;enp0s25;0;64
1048;12:19:43.460;enp0s25;0;0
1049;12:19:44.468;enp0s25;0;64
1050;12:19:45.477;enp0s25;0;0
1051;12:19:46.488;enp0s25;0;632
1052;12:19:47.499;enp0s25;0;2304
1053;12:19:48.509;enp0s25;0;2416
1054;12:19:49.520;enp0s25;0;1948
1055;12:19:50.534;enp0s25;0;64
1056;12:19:51.545;enp0s25;4472;9725
1057;12:19:52.561;enp0s25;64;128
1058;12:19:53.573;enp0s25;0;0
1059;12:19:54.584;enp0s25;0;64
1060;12:19:55.596;enp0s25;0;0
